I200322 03:41:40.954342 1 util/log/clog.go:1196  [config] file created at: 2020/03/22 03:41:40
I200322 03:41:40.954342 1 util/log/clog.go:1196  [config] running on machine: ea7befa0d820
I200322 03:41:40.954342 1 util/log/clog.go:1196  [config] binary: CockroachDB CCL v19.2.4 (x86_64-unknown-linux-gnu, built 2020/02/06 21:55:19, go1.12.12)
I200322 03:41:40.954342 1 util/log/clog.go:1196  [config] arguments: [/cockroach/cockroach start --insecure --join=node_1]
I200322 03:41:40.954342 1 util/log/clog.go:1196  line format: [IWEF]yymmdd hh:mm:ss.uuuuuu goid file:line msg utf8=✓
I200322 03:41:40.954329 1 cli/start.go:1144  logging to directory /cockroach/cockroach-data/logs
W200322 03:41:40.960968 1 cli/start.go:1182  RUNNING IN INSECURE MODE!

- Your cluster is open for any client that can access <all your IP addresses>.
- Any user, even root, can log in without providing a password.
- Any user, connecting as root, can read or write any data in your cluster.
- There is no network encryption nor authentication, and thus no confidentiality.

Check out how to secure your cluster: https://www.cockroachlabs.com/docs/v19.2/secure-a-cluster.html
I200322 03:41:40.962170 1 server/status/recorder.go:597  available memory from cgroups is unsupported, using system memory 1.9 GiB instead: failed to find cgroup memory limit
W200322 03:41:40.962318 1 cli/start.go:1052  Using the default setting for --cache (128 MiB).
  A significantly larger value is usually needed for good performance.
  If you have a dedicated server a reasonable setting is --cache=.25 (497 MiB).
I200322 03:41:40.963089 1 server/status/recorder.go:597  available memory from cgroups is unsupported, using system memory 1.9 GiB instead: failed to find cgroup memory limit
W200322 03:41:40.963226 1 cli/start.go:1065  Using the default setting for --max-sql-memory (128 MiB).
  A significantly larger value is usually needed in production.
  If you have a dedicated server a reasonable setting is --max-sql-memory=.25 (497 MiB).
I200322 03:41:40.964582 1 server/status/recorder.go:597  available memory from cgroups is unsupported, using system memory 1.9 GiB instead: failed to find cgroup memory limit
I200322 03:41:40.964706 1 cli/start.go:1196  CockroachDB CCL v19.2.4 (x86_64-unknown-linux-gnu, built 2020/02/06 21:55:19, go1.12.12)
I200322 03:41:41.356413 1 server/status/recorder.go:597  available memory from cgroups is unsupported, using system memory 1.9 GiB instead: failed to find cgroup memory limit
I200322 03:41:41.356471 1 server/config.go:394  system total memory: 1.9 GiB
I200322 03:41:41.356579 1 server/config.go:396  server configuration:
max offset             500000000
cache size             128 MiB
SQL memory pool size   128 MiB
scan interval          10m0s
scan min idle time     10ms
scan max idle time     1s
event log enabled      true
I200322 03:41:41.356824 1 cli/start.go:1030  using local environment variables: COCKROACH_CHANNEL=official-docker, COCKROACH_USER=root
I200322 03:41:41.356875 1 cli/start.go:1037  process identity: uid 0 euid 0 gid 0 egid 0
I200322 03:41:41.358162 1 cli/start.go:644  starting cockroach node
I200322 03:41:41.365862 41 storage/engine/rocksdb.go:622  opening rocksdb instance at "/cockroach/cockroach-data/cockroach-temp006740794"
I200322 03:41:41.636410 41 server/server.go:928  [n?] monitoring forward clock jumps based on server.clock.forward_jump_check_enabled
I200322 03:41:41.640028 41 storage/engine/rocksdb.go:622  opening rocksdb instance at "/cockroach/cockroach-data"
I200322 03:41:42.502541 41 server/config.go:502  [n?] 1 storage engine initialized
I200322 03:41:42.502843 41 server/config.go:505  [n?] RocksDB cache size: 128 MiB
I200322 03:41:42.502890 41 server/config.go:505  [n?] store 0: RocksDB, max size 0 B, max open file limit 1043576
W200322 03:41:42.519168 41 gossip/gossip.go:1517  [n?] no incoming or outgoing connections
W200322 03:41:42.519343 41 cli/start.go:996  neither --listen-addr nor --advertise-addr was specified.
The server will advertise "ea7befa0d820" to other nodes, is this routable?

Consider using:
- for local-only servers:  --listen-addr=localhost
- for multi-node clusters: --advertise-addr=<host/IP addr>
I200322 03:41:42.525921 41 gossip/gossip.go:394  [n1] NodeDescriptor set to node_id:1 address:<network_field:"tcp" address_field:"ea7befa0d820:26257" > attrs:<> locality:<> ServerVersion:<major_val:19 minor_val:2 patch:0 unstable:0 > build_tag:"v19.2.4" started_at:1584848502524342300 cluster_name:"" sql_address:<network_field:"tcp" address_field:"ea7befa0d820:26257" > 
I200322 03:41:42.554348 20 gossip/client.go:124  [n1] started gossip client to node_1:26257
I200322 03:41:42.559100 20 gossip/client.go:129  [n1] closing client to n1 (node_1:26257): stopping outgoing client to n1 (node_1:26257); loopback connection
W200322 03:41:42.589048 156 storage/replica_range_lease.go:554  can't determine lease status due to node liveness error: node not in the liveness table
github.com/cockroachdb/cockroach/pkg/storage.init.ializers
	/go/src/github.com/cockroachdb/cockroach/pkg/storage/node_liveness.go:44
runtime.main
	/usr/local/go/src/runtime/proc.go:188
runtime.goexit
	/usr/local/go/src/runtime/asm_amd64.s:1337
W200322 03:41:42.591300 156 storage/store.go:1530  [n1,s1,r6/1:/Table/{SystemCon…-11}] could not gossip system config: [NotLeaseHolderError] r6: replica (n1,s1):1 not lease holder; lease holder unknown
I200322 03:41:42.694689 41 server/node.go:431  [n1] initialized store [n1,s1]: disk (capacity=116 TiB, available=79 TiB, used=3.9 MiB, logicalBytes=5.7 MiB), ranges=27, leases=2, queries=0.00, writes=0.00, bytesPerReplica={p10=0.00 p25=0.00 p50=146.00 p75=2271.00 p90=18375.00 pMax=5937194.00}, writesPerReplica={p10=0.00 p25=0.00 p50=0.00 p75=0.00 p90=0.00 pMax=0.00}
I200322 03:41:42.695014 41 storage/stores.go:240  [n1] read 0 node addresses from persistent storage
I200322 03:41:42.695253 41 server/node.go:645  [n1] connecting to gossip network to verify cluster ID...
I200322 03:41:42.695327 41 server/node.go:665  [n1] node connected via gossip and verified as part of cluster "72efe42b-26c1-40d2-9416-d246996c4d4d"
I200322 03:41:42.695518 41 server/node.go:512  [n1] node=1: started with [<no-attributes>=/cockroach/cockroach-data] engine(s) and attributes []
I200322 03:41:42.697543 41 server/server.go:1514  [n1] starting http server at [::]:8080 (use: ea7befa0d820:8080)
I200322 03:41:42.697598 41 server/server.go:1521  [n1] starting grpc/postgres server at [::]:26257
I200322 03:41:42.697708 41 server/server.go:1522  [n1] advertising CockroachDB node at ea7befa0d820:26257
I200322 03:41:42.713943 193 storage/node_liveness.go:474  [n1,liveness-hb] heartbeat failed on epoch increment; retrying
I200322 03:41:42.892025 41 server/server.go:1590  [n1] done ensuring all necessary migrations have run
I200322 03:41:42.892197 41 server/server.go:1841  [n1] serving sql connections
I200322 03:41:42.892410 41 cli/start.go:803  [config] clusterID: 72efe42b-26c1-40d2-9416-d246996c4d4d
I200322 03:41:42.892472 41 cli/start.go:812  node startup completed:
CockroachDB node starting at 2020-03-22 03:41:42.8922974 +0000 UTC (took 1.9s)
build:               CCL v19.2.4 @ 2020/02/06 21:55:19 (go1.12.12)
webui:               http://ea7befa0d820:8080
sql:                 postgresql://root@ea7befa0d820:26257?sslmode=disable
RPC client flags:    /cockroach/cockroach <client cmd> --host=ea7befa0d820:26257 --insecure
logs:                /cockroach/cockroach-data/logs
temp dir:            /cockroach/cockroach-data/cockroach-temp006740794
external I/O path:   /cockroach/cockroach-data/extern
store[0]:            path=/cockroach/cockroach-data
status:              restarted pre-existing node
clusterID:           72efe42b-26c1-40d2-9416-d246996c4d4d
nodeID:              1
I200322 03:41:42.923177 235 server/server_update.go:53  [n1] no need to upgrade, cluster already at the newest version
I200322 03:41:42.950019 237 sql/event_log.go:130  [n1] Event: "node_restart", target: 1, info: {Descriptor:{NodeID:1 Address:ea7befa0d820:26257 Attrs: Locality: ServerVersion:19.2 BuildTag:v19.2.4 StartedAt:1584848502524342300 LocalityAddress:[] ClusterName: SQLAddress:ea7befa0d820:26257} ClusterID:72efe42b-26c1-40d2-9416-d246996c4d4d StartedAt:1584848502524342300 LastUp:1584848470947512500}
I200322 03:41:43.525838 174 gossip/client.go:124  [n1] started gossip client to node_1:26257
I200322 03:41:43.527961 174 gossip/client.go:129  [n1] closing client to n1 (node_1:26257): stopping outgoing client to n1 (node_1:26257); loopback connection
I200322 03:41:43.528228 58 gossip/gossip.go:1531  [n1] node has connected to cluster via gossip
I200322 03:41:43.528536 58 storage/stores.go:259  [n1] wrote 0 node addresses to persistent storage
I200322 03:41:52.664938 187 server/status/runtime.go:498  [n1] runtime stats: 150 MiB RSS, 142 goroutines, 101 MiB/22 MiB/135 MiB GO alloc/idle/total, 15 MiB/20 MiB CGO alloc/total, 0.0 CGO/sec, 0.0/0.0 %(u/s)time, 0.0 %gc (8x), 24 KiB/19 KiB (r/w)net
I200322 03:42:02.665029 187 server/status/runtime.go:498  [n1] runtime stats: 160 MiB RSS, 142 goroutines, 109 MiB/14 MiB/135 MiB GO alloc/idle/total, 15 MiB/20 MiB CGO alloc/total, 59.8 CGO/sec, 1.6/2.0 %(u/s)time, 0.0 %gc (0x), 1.2 KiB/1.1 KiB (r/w)net
I200322 03:42:02.806801 182 storage/store.go:2364  [n1,s1] sstables (read amplification = 1):
6 [ 267K 1 ]: 267K
I200322 03:42:02.806927 182 storage/store.go:2365  [n1,s1] 
** Compaction Stats [default] **
Level    Files   Size     Score Read(GB)  Rn(GB) Rnp1(GB) Write(GB) Wnew(GB) Moved(GB) W-Amp Rd(MB/s) Wr(MB/s) Comp(sec) CompMergeCPU(sec) Comp(cnt) Avg(sec) KeyIn KeyDrop
----------------------------------------------------------------------------------------------------------------------------------------------------------------------------
  L0      0/0    0.00 KB   0.0      0.0     0.0      0.0       0.0      0.0       0.0   1.0      0.0      0.8      0.26              0.00         1    0.256       0      0
  L6      1/0   266.77 KB   0.0      0.0     0.0      0.0       0.0      0.0       0.0   1.0      6.7      4.4      0.06              0.04         1    0.059    7207   3310
 Sum      1/0   266.77 KB   0.0      0.0     0.0      0.0       0.0      0.0       0.0   2.3      1.2      1.5      0.31              0.04         2    0.157    7207   3310
 Int      0/0    0.00 KB   0.0      0.0     0.0      0.0       0.0      0.0       0.0   2.3      1.2      1.5      0.31              0.04         2    0.157    7207   3310

** Compaction Stats [default] **
Priority    Files   Size     Score Read(GB)  Rn(GB) Rnp1(GB) Write(GB) Wnew(GB) Moved(GB) W-Amp Rd(MB/s) Wr(MB/s) Comp(sec) CompMergeCPU(sec) Comp(cnt) Avg(sec) KeyIn KeyDrop
-------------------------------------------------------------------------------------------------------------------------------------------------------------------------------
 Low      0/0    0.00 KB   0.0      0.0     0.0      0.0       0.0      0.0       0.0   0.0      6.7      4.4      0.06              0.04         1    0.059    7207   3310
User      0/0    0.00 KB   0.0      0.0     0.0      0.0       0.0      0.0       0.0   0.0      0.0      0.8      0.26              0.00         1    0.256       0      0
Uptime(secs): 21.1 total, 21.1 interval
Flush(GB): cumulative 0.000, interval 0.000
AddFile(GB): cumulative 0.000, interval 0.000
AddFile(Total Files): cumulative 0, interval 0
AddFile(L0 Files): cumulative 0, interval 0
AddFile(Keys): cumulative 0, interval 0
Cumulative compaction: 0.00 GB write, 0.02 MB/s write, 0.00 GB read, 0.02 MB/s read, 0.3 seconds
Interval compaction: 0.00 GB write, 0.02 MB/s write, 0.00 GB read, 0.02 MB/s read, 0.3 seconds
Stalls(count): 0 level0_slowdown, 0 level0_slowdown_with_compaction, 0 level0_numfiles, 0 level0_numfiles_with_compaction, 0 stop for pending_compaction_bytes, 0 slowdown for pending_compaction_bytes, 0 memtable_compaction, 0 memtable_slowdown, interval 0 total count
estimated_pending_compaction_bytes: 0 B
I200322 03:42:12.666903 187 server/status/runtime.go:498  [n1] runtime stats: 166 MiB RSS, 142 goroutines, 85 MiB/35 MiB/135 MiB GO alloc/idle/total, 15 MiB/20 MiB CGO alloc/total, 48.7 CGO/sec, 1.4/1.7 %(u/s)time, 0.0 %gc (1x), 1.4 KiB/1.4 KiB (r/w)net
I200322 03:42:22.663640 187 server/status/runtime.go:498  [n1] runtime stats: 166 MiB RSS, 143 goroutines, 92 MiB/30 MiB/135 MiB GO alloc/idle/total, 15 MiB/20 MiB CGO alloc/total, 24.8 CGO/sec, 2.6/4.2 %(u/s)time, 0.0 %gc (0x), 1.1 KiB/1.1 KiB (r/w)net
W200322 03:42:30.399595 60 storage/closedts/provider/provider.go:150  [ct-closer] unable to move closed timestamp forward: not live
github.com/cockroachdb/cockroach/pkg/storage.init.ializers
	/go/src/github.com/cockroachdb/cockroach/pkg/storage/node_liveness.go:57
runtime.main
	/usr/local/go/src/runtime/proc.go:188
runtime.goexit
	/usr/local/go/src/runtime/asm_amd64.s:1337
I200322 03:42:32.399212 58 gossip/gossip.go:1531  [n1] node has connected to cluster via gossip
W200322 03:42:32.610688 193 storage/node_liveness.go:559  [n1,liveness-hb] slow heartbeat took 1.4s
W200322 03:42:32.705895 147 storage/store_raft.go:514  [n1,s1,r2/1:/System/NodeLiveness{-Max}] handle raft ready: 0.5s [applied=1, batches=1, state_assertions=0]
I200322 03:42:32.938071 187 server/status/runtime.go:498  [n1] runtime stats: 167 MiB RSS, 143 goroutines, 98 MiB/24 MiB/135 MiB GO alloc/idle/total, 16 MiB/21 MiB CGO alloc/total, 16.7 CGO/sec, 108.3/118.4 %(u/s)time, 0.0 %gc (0x), 470 B/470 B (r/w)net
I200322 03:42:42.640115 183 gossip/gossip.go:566  [n1] gossip status (ok, 1 node)
gossip client (0/3 cur/max conns)
gossip server (0/3 cur/max conns, infos 2/2 sent/received, bytes 506B/462B sent/received)
gossip connectivity
  n1 [sentinel];
I200322 03:42:42.693658 187 server/status/runtime.go:498  [n1] runtime stats: 169 MiB RSS, 146 goroutines, 109 MiB/13 MiB/135 MiB GO alloc/idle/total, 16 MiB/22 MiB CGO alloc/total, 56.7 CGO/sec, 4.5/16.1 %(u/s)time, 0.0 %gc (0x), 2.1 KiB/2.2 KiB (r/w)net
I200322 03:42:52.657389 187 server/status/runtime.go:498  [n1] runtime stats: 172 MiB RSS, 142 goroutines, 116 MiB/6.8 MiB/135 MiB GO alloc/idle/total, 16 MiB/22 MiB CGO alloc/total, 37.8 CGO/sec, 0.0/2.5 %(u/s)time, 0.0 %gc (0x), 1.3 KiB/1.3 KiB (r/w)net
I200322 03:43:02.657606 187 server/status/runtime.go:498  [n1] runtime stats: 179 MiB RSS, 142 goroutines, 124 MiB/63 MiB/201 MiB GO alloc/idle/total, 16 MiB/22 MiB CGO alloc/total, 22.3 CGO/sec, 0.1/2.0 %(u/s)time, 0.0 %gc (0x), 1.2 KiB/1.1 KiB (r/w)net
I200322 03:43:12.658548 187 server/status/runtime.go:498  [n1] runtime stats: 187 MiB RSS, 142 goroutines, 132 MiB/55 MiB/201 MiB GO alloc/idle/total, 16 MiB/22 MiB CGO alloc/total, 43.1 CGO/sec, 0.2/2.4 %(u/s)time, 0.0 %gc (0x), 2.3 KiB/2.2 KiB (r/w)net
I200322 03:43:22.624722 187 server/status/runtime.go:498  [n1] runtime stats: 194 MiB RSS, 143 goroutines, 80 MiB/103 MiB/201 MiB GO alloc/idle/total, 16 MiB/22 MiB CGO alloc/total, 24.6 CGO/sec, 0.9/1.9 %(u/s)time, 0.0 %gc (1x), 1.0 KiB/1.0 KiB (r/w)net
I200322 03:43:32.624993 187 server/status/runtime.go:498  [n1] runtime stats: 194 MiB RSS, 141 goroutines, 87 MiB/97 MiB/201 MiB GO alloc/idle/total, 16 MiB/22 MiB CGO alloc/total, 25.2 CGO/sec, 0.6/1.5 %(u/s)time, 0.0 %gc (0x), 1.2 KiB/1.2 KiB (r/w)net
