I200320 19:05:23.438647 40 util/log/clog.go:1196  [config] file created at: 2020/03/20 19:05:23
I200320 19:05:23.438647 40 util/log/clog.go:1196  [config] running on machine: 348ae289e17b
I200320 19:05:23.438647 40 util/log/clog.go:1196  [config] binary: CockroachDB CCL v19.2.4 (x86_64-unknown-linux-gnu, built 2020/02/06 21:55:19, go1.12.12)
I200320 19:05:23.438647 40 util/log/clog.go:1196  [config] arguments: [/cockroach/cockroach start --insecure --join=awordaday_node_1]
I200320 19:05:23.438647 40 util/log/clog.go:1196  line format: [IWEF]yymmdd hh:mm:ss.uuuuuu goid file:line msg utf8=✓
I200320 19:05:23.438620 40 storage/engine/rocksdb.go:120  RocksDB version: 6.2.1
I200320 19:05:23.446970 40 storage/engine/rocksdb.go:120  Git sha rocksdb_build_git_sha:@b7009236531fa784872f4823eabf393501e41bf2@
I200320 19:05:23.446993 40 storage/engine/rocksdb.go:120  Compile date Feb  6 2020
I200320 19:05:23.447012 40 storage/engine/rocksdb.go:120  DB SUMMARY
I200320 19:05:23.449320 40 storage/engine/rocksdb.go:120  SST files in /cockroach/cockroach-data/cockroach-temp301739274 dir, Total Num: 0, files: 
I200320 19:05:23.461805 40 storage/engine/rocksdb.go:120  Write Ahead Log file in /cockroach/cockroach-data/cockroach-temp301739274: 
I200320 19:05:23.461826 40 storage/engine/rocksdb.go:120                          Options.error_if_exists: 0
I200320 19:05:23.461839 40 storage/engine/rocksdb.go:120                        Options.create_if_missing: 1
I200320 19:05:23.461854 40 storage/engine/rocksdb.go:120                          Options.paranoid_checks: 1
I200320 19:05:23.461872 40 storage/engine/rocksdb.go:120                                      Options.env: 0x756aca0
I200320 19:05:23.461889 40 storage/engine/rocksdb.go:120                                 Options.info_log: 0x7f6a89887fe0
I200320 19:05:23.461906 40 storage/engine/rocksdb.go:120                 Options.max_file_opening_threads: 16
I200320 19:05:23.461925 40 storage/engine/rocksdb.go:120                               Options.statistics: 0x7f6a8981d8d0
I200320 19:05:23.461943 40 storage/engine/rocksdb.go:120                                Options.use_fsync: 0
I200320 19:05:23.461959 40 storage/engine/rocksdb.go:120                        Options.max_log_file_size: 0
I200320 19:05:23.461976 40 storage/engine/rocksdb.go:120                   Options.max_manifest_file_size: 134217728
I200320 19:05:23.461994 40 storage/engine/rocksdb.go:120                    Options.log_file_time_to_roll: 0
I200320 19:05:23.462012 40 storage/engine/rocksdb.go:120                        Options.keep_log_file_num: 1000
I200320 19:05:23.462029 40 storage/engine/rocksdb.go:120                     Options.recycle_log_file_num: 1
I200320 19:05:23.462047 40 storage/engine/rocksdb.go:120                          Options.allow_fallocate: 1
I200320 19:05:23.462064 40 storage/engine/rocksdb.go:120                         Options.allow_mmap_reads: 0
I200320 19:05:23.462082 40 storage/engine/rocksdb.go:120                        Options.allow_mmap_writes: 0
I200320 19:05:23.462098 40 storage/engine/rocksdb.go:120                         Options.use_direct_reads: 0
I200320 19:05:23.462115 40 storage/engine/rocksdb.go:120                         Options.use_direct_io_for_flush_and_compaction: 0
I200320 19:05:23.462133 40 storage/engine/rocksdb.go:120           Options.create_missing_column_families: 0
I200320 19:05:23.462151 40 storage/engine/rocksdb.go:120                               Options.db_log_dir: 
I200320 19:05:23.462169 40 storage/engine/rocksdb.go:120                                  Options.wal_dir: /cockroach/cockroach-data/cockroach-temp301739274
I200320 19:05:23.462187 40 storage/engine/rocksdb.go:120                 Options.table_cache_numshardbits: 6
I200320 19:05:23.462204 40 storage/engine/rocksdb.go:120                       Options.max_subcompactions: 1
I200320 19:05:23.462222 40 storage/engine/rocksdb.go:120                   Options.max_background_flushes: -1
I200320 19:05:23.462288 40 storage/engine/rocksdb.go:120                          Options.WAL_ttl_seconds: 0
I200320 19:05:23.462305 40 storage/engine/rocksdb.go:120                        Options.WAL_size_limit_MB: 0
I200320 19:05:23.462323 40 storage/engine/rocksdb.go:120              Options.manifest_preallocation_size: 4194304
I200320 19:05:23.462358 40 storage/engine/rocksdb.go:120                      Options.is_fd_close_on_exec: 1
I200320 19:05:23.462375 40 storage/engine/rocksdb.go:120                    Options.advise_random_on_open: 1
I200320 19:05:23.462393 40 storage/engine/rocksdb.go:120                     Options.db_write_buffer_size: 0
I200320 19:05:23.462411 40 storage/engine/rocksdb.go:120                     Options.write_buffer_manager: 0x7f6a89860ce0
I200320 19:05:23.462429 40 storage/engine/rocksdb.go:120          Options.access_hint_on_compaction_start: 1
I200320 19:05:23.462441 40 storage/engine/rocksdb.go:120   Options.new_table_reader_for_compaction_inputs: 0
I200320 19:05:23.462456 40 storage/engine/rocksdb.go:120            Options.random_access_max_buffer_size: 1048576
I200320 19:05:23.462473 40 storage/engine/rocksdb.go:120                       Options.use_adaptive_mutex: 0
I200320 19:05:23.462491 40 storage/engine/rocksdb.go:120                             Options.rate_limiter: (nil)
I200320 19:05:23.462509 40 storage/engine/rocksdb.go:120      Options.sst_file_manager.rate_bytes_per_sec: 0
I200320 19:05:23.462526 40 storage/engine/rocksdb.go:120                        Options.wal_recovery_mode: 0
I200320 19:05:23.462544 40 storage/engine/rocksdb.go:120                   Options.enable_thread_tracking: 0
I200320 19:05:23.462560 40 storage/engine/rocksdb.go:120                   Options.enable_pipelined_write: 0
I200320 19:05:23.462577 40 storage/engine/rocksdb.go:120          Options.allow_concurrent_memtable_write: 1
I200320 19:05:23.462595 40 storage/engine/rocksdb.go:120       Options.enable_write_thread_adaptive_yield: 1
I200320 19:05:23.462612 40 storage/engine/rocksdb.go:120              Options.write_thread_max_yield_usec: 100
I200320 19:05:23.462629 40 storage/engine/rocksdb.go:120             Options.write_thread_slow_yield_usec: 3
I200320 19:05:23.462646 40 storage/engine/rocksdb.go:120                                Options.row_cache: None
I200320 19:05:23.462664 40 storage/engine/rocksdb.go:120                               Options.wal_filter: None
I200320 19:05:23.462682 40 storage/engine/rocksdb.go:120              Options.avoid_flush_during_recovery: 0
I200320 19:05:23.462699 40 storage/engine/rocksdb.go:120              Options.allow_ingest_behind: 0
I200320 19:05:23.462712 40 storage/engine/rocksdb.go:120              Options.preserve_deletes: 0
I200320 19:05:23.462729 40 storage/engine/rocksdb.go:120              Options.two_write_queues: 0
I200320 19:05:23.462747 40 storage/engine/rocksdb.go:120              Options.manual_wal_flush: 1
I200320 19:05:23.462764 40 storage/engine/rocksdb.go:120              Options.atomic_flush: 0
I200320 19:05:23.462781 40 storage/engine/rocksdb.go:120              Options.avoid_unnecessary_blocking_io: 0
I200320 19:05:23.462799 40 storage/engine/rocksdb.go:120              Options.max_background_jobs: 4
I200320 19:05:23.462817 40 storage/engine/rocksdb.go:120              Options.max_background_compactions: -1
I200320 19:05:23.462835 40 storage/engine/rocksdb.go:120              Options.avoid_flush_during_shutdown: 0
I200320 19:05:23.462851 40 storage/engine/rocksdb.go:120            Options.writable_file_max_buffer_size: 1048576
I200320 19:05:23.462868 40 storage/engine/rocksdb.go:120              Options.delayed_write_rate : 16777216
I200320 19:05:23.462880 40 storage/engine/rocksdb.go:120              Options.max_total_wal_size: 0
I200320 19:05:23.462898 40 storage/engine/rocksdb.go:120              Options.delete_obsolete_files_period_micros: 21600000000
I200320 19:05:23.462916 40 storage/engine/rocksdb.go:120                    Options.stats_dump_period_sec: 0
I200320 19:05:23.462933 40 storage/engine/rocksdb.go:120                  Options.stats_persist_period_sec: 600
I200320 19:05:23.462951 40 storage/engine/rocksdb.go:120                  Options.stats_history_buffer_size: 1048576
I200320 19:05:23.462968 40 storage/engine/rocksdb.go:120                           Options.max_open_files: 128
I200320 19:05:23.462984 40 storage/engine/rocksdb.go:120                           Options.bytes_per_sync: 524288
I200320 19:05:23.462998 40 storage/engine/rocksdb.go:120                       Options.wal_bytes_per_sync: 0
I200320 19:05:23.463016 40 storage/engine/rocksdb.go:120                    Options.strict_bytes_per_sync: 1
I200320 19:05:23.463033 40 storage/engine/rocksdb.go:120        Options.compaction_readahead_size: 0
I200320 19:05:23.463051 40 storage/engine/rocksdb.go:120  Compression algorithms supported:
I200320 19:05:23.463069 40 storage/engine/rocksdb.go:120  	kZSTDNotFinalCompression supported: 0
I200320 19:05:23.463087 40 storage/engine/rocksdb.go:120  	kZSTD supported: 0
I200320 19:05:23.463105 40 storage/engine/rocksdb.go:120  	kXpressCompression supported: 0
I200320 19:05:23.463122 40 storage/engine/rocksdb.go:120  	kLZ4HCCompression supported: 0
I200320 19:05:23.463138 40 storage/engine/rocksdb.go:120  	kLZ4Compression supported: 0
I200320 19:05:23.463156 40 storage/engine/rocksdb.go:120  	kBZip2Compression supported: 0
I200320 19:05:23.463170 40 storage/engine/rocksdb.go:120  	kZlibCompression supported: 0
I200320 19:05:23.463188 40 storage/engine/rocksdb.go:120  	kSnappyCompression supported: 1
I200320 19:05:23.463215 40 storage/engine/rocksdb.go:120  Fast CRC32 supported: Supported on x86
I200320 19:05:23.467972 40 storage/engine/rocksdb.go:120  [db/db_impl_open.cc:242] Creating manifest 1 
I200320 19:05:23.496526 40 storage/engine/rocksdb.go:120  [db/version_set.cc:4072] Recovering from manifest file: /cockroach/cockroach-data/cockroach-temp301739274/MANIFEST-000001
I200320 19:05:23.498864 40 storage/engine/rocksdb.go:120  [db/column_family.cc:488] --------------- Options for column family [default]:
I200320 19:05:23.498887 40 storage/engine/rocksdb.go:120                Options.comparator: cockroach_comparator
I200320 19:05:23.498906 40 storage/engine/rocksdb.go:120            Options.merge_operator: cockroach_merge_operator
I200320 19:05:23.498920 40 storage/engine/rocksdb.go:120         Options.compaction_filter: None
I200320 19:05:23.498939 40 storage/engine/rocksdb.go:120         Options.compaction_filter_factory: None
I200320 19:05:23.498958 40 storage/engine/rocksdb.go:120          Options.memtable_factory: SkipListFactory
I200320 19:05:23.498977 40 storage/engine/rocksdb.go:120             Options.table_factory: BlockBasedTable
I200320 19:05:23.499024 40 storage/engine/rocksdb.go:120             table_factory options:   flush_block_policy_factory: FlushBlockBySizePolicyFactory (0x7f6a89824040)
  cache_index_and_filter_blocks: 0
  cache_index_and_filter_blocks_with_high_priority: 0
  pin_l0_filter_and_index_blocks_in_cache: 0
  pin_top_level_index_and_filter: 1
  index_type: 0
  data_block_index_type: 0
  index_shortening: 1
  data_block_hash_table_util_ratio: 0.750000
  hash_index_allow_collision: 1
  checksum: 1
  no_block_cache: 0
  block_cache: 0x7f6a8984b210
  block_cache_name: LRUCache
  block_cache_options:
    capacity : 1048576
    num_shard_bits : 4
    strict_capacity_limit : 0
    memory_allocator : None
    high_pri_pool_ratio: 0.000
  block_cache_compressed: (nil)
  persistent_cache: (nil)
  block_size: 32768
  block_size_deviation: 10
  block_restart_interval: 16
  index_block_restart_interval: 1
  metadata_block_size: 4096
  partition_filters: 0
  use_delta_encoding: 1
  filter_policy: rocksdb.BuiltinBloomFilter
  whole_key_filtering: 0
  verify_compression: 0
  read_amp_bytes_per_bit: 0
  format_version: 2
  enable_index_compression: 1
  block_align: 0
I200320 19:05:23.499046 40 storage/engine/rocksdb.go:120         Options.write_buffer_size: 67108864
I200320 19:05:23.499063 40 storage/engine/rocksdb.go:120   Options.max_write_buffer_number: 4
I200320 19:05:23.499082 40 storage/engine/rocksdb.go:120           Options.compression: Snappy
I200320 19:05:23.499095 40 storage/engine/rocksdb.go:120                   Options.bottommost_compression: Disabled
I200320 19:05:23.499111 40 storage/engine/rocksdb.go:120        Options.prefix_extractor: cockroach_prefix_extractor
I200320 19:05:23.499130 40 storage/engine/rocksdb.go:120    Options.memtable_insert_with_hint_prefix_extractor: nullptr
I200320 19:05:23.499148 40 storage/engine/rocksdb.go:120              Options.num_levels: 7
I200320 19:05:23.499167 40 storage/engine/rocksdb.go:120         Options.min_write_buffer_number_to_merge: 1
I200320 19:05:23.499185 40 storage/engine/rocksdb.go:120      Options.max_write_buffer_number_to_maintain: 0
I200320 19:05:23.499200 40 storage/engine/rocksdb.go:120             Options.bottommost_compression_opts.window_bits: -14
I200320 19:05:23.499215 40 storage/engine/rocksdb.go:120                   Options.bottommost_compression_opts.level: 32767
I200320 19:05:23.499333 40 storage/engine/rocksdb.go:120                Options.bottommost_compression_opts.strategy: 0
I200320 19:05:23.499368 40 storage/engine/rocksdb.go:120          Options.bottommost_compression_opts.max_dict_bytes: 0
I200320 19:05:23.499414 40 storage/engine/rocksdb.go:120          Options.bottommost_compression_opts.zstd_max_train_bytes: 0
I200320 19:05:23.499441 40 storage/engine/rocksdb.go:120                   Options.bottommost_compression_opts.enabled: false
I200320 19:05:23.499465 40 storage/engine/rocksdb.go:120             Options.compression_opts.window_bits: -14
I200320 19:05:23.499485 40 storage/engine/rocksdb.go:120                   Options.compression_opts.level: 32767
I200320 19:05:23.499509 40 storage/engine/rocksdb.go:120                Options.compression_opts.strategy: 0
I200320 19:05:23.499527 40 storage/engine/rocksdb.go:120          Options.compression_opts.max_dict_bytes: 0
I200320 19:05:23.499546 40 storage/engine/rocksdb.go:120          Options.compression_opts.zstd_max_train_bytes: 0
I200320 19:05:23.499564 40 storage/engine/rocksdb.go:120                   Options.compression_opts.enabled: false
I200320 19:05:23.499579 40 storage/engine/rocksdb.go:120       Options.level0_file_num_compaction_trigger: 2
I200320 19:05:23.499597 40 storage/engine/rocksdb.go:120           Options.level0_slowdown_writes_trigger: 950
I200320 19:05:23.499616 40 storage/engine/rocksdb.go:120               Options.level0_stop_writes_trigger: 1000
I200320 19:05:23.499634 40 storage/engine/rocksdb.go:120                    Options.target_file_size_base: 4194304
I200320 19:05:23.499653 40 storage/engine/rocksdb.go:120              Options.target_file_size_multiplier: 2
I200320 19:05:23.499671 40 storage/engine/rocksdb.go:120                 Options.max_bytes_for_level_base: 67108864
I200320 19:05:23.499690 40 storage/engine/rocksdb.go:120  Options.level_compaction_dynamic_level_bytes: 1
I200320 19:05:23.499713 40 storage/engine/rocksdb.go:120           Options.max_bytes_for_level_multiplier: 10.000000
I200320 19:05:23.499733 40 storage/engine/rocksdb.go:120  Options.max_bytes_for_level_multiplier_addtl[0]: 1
I200320 19:05:23.499752 40 storage/engine/rocksdb.go:120  Options.max_bytes_for_level_multiplier_addtl[1]: 1
I200320 19:05:23.499766 40 storage/engine/rocksdb.go:120  Options.max_bytes_for_level_multiplier_addtl[2]: 1
I200320 19:05:23.499781 40 storage/engine/rocksdb.go:120  Options.max_bytes_for_level_multiplier_addtl[3]: 1
I200320 19:05:23.499799 40 storage/engine/rocksdb.go:120  Options.max_bytes_for_level_multiplier_addtl[4]: 1
I200320 19:05:23.499819 40 storage/engine/rocksdb.go:120  Options.max_bytes_for_level_multiplier_addtl[5]: 1
I200320 19:05:23.499837 40 storage/engine/rocksdb.go:120  Options.max_bytes_for_level_multiplier_addtl[6]: 1
I200320 19:05:23.499857 40 storage/engine/rocksdb.go:120        Options.max_sequential_skip_in_iterations: 8
I200320 19:05:23.499873 40 storage/engine/rocksdb.go:120                     Options.max_compaction_bytes: 104857600
I200320 19:05:23.499888 40 storage/engine/rocksdb.go:120                         Options.arena_block_size: 8388608
I200320 19:05:23.499907 40 storage/engine/rocksdb.go:120    Options.soft_pending_compaction_bytes_limit: 2199023255552
I200320 19:05:23.499920 40 storage/engine/rocksdb.go:120    Options.hard_pending_compaction_bytes_limit: 4400193994752
I200320 19:05:23.499935 40 storage/engine/rocksdb.go:120        Options.rate_limit_delay_max_milliseconds: 100
I200320 19:05:23.499954 40 storage/engine/rocksdb.go:120                 Options.disable_auto_compactions: 0
I200320 19:05:23.499975 40 storage/engine/rocksdb.go:120                         Options.compaction_style: kCompactionStyleLevel
I200320 19:05:23.499994 40 storage/engine/rocksdb.go:120                           Options.compaction_pri: kMinOverlappingRatio
I200320 19:05:23.500013 40 storage/engine/rocksdb.go:120  Options.compaction_options_universal.size_ratio: 1
I200320 19:05:23.500027 40 storage/engine/rocksdb.go:120  Options.compaction_options_universal.min_merge_width: 2
I200320 19:05:23.500042 40 storage/engine/rocksdb.go:120  Options.compaction_options_universal.max_merge_width: 4294967295
I200320 19:05:23.500060 40 storage/engine/rocksdb.go:120  Options.compaction_options_universal.max_size_amplification_percent: 200
I200320 19:05:23.500074 40 storage/engine/rocksdb.go:120  Options.compaction_options_universal.compression_size_percent: -1
I200320 19:05:23.500090 40 storage/engine/rocksdb.go:120  Options.compaction_options_universal.stop_style: kCompactionStopStyleTotalSize
I200320 19:05:23.500108 40 storage/engine/rocksdb.go:120  Options.compaction_options_fifo.max_table_files_size: 1073741824
I200320 19:05:23.500127 40 storage/engine/rocksdb.go:120  Options.compaction_options_fifo.allow_compaction: 0
I200320 19:05:23.500149 40 storage/engine/rocksdb.go:120                    Options.table_properties_collectors: TimeBoundTblPropCollectorFactory; DeleteRangeTblPropCollectorFactory; 
I200320 19:05:23.500170 40 storage/engine/rocksdb.go:120                    Options.inplace_update_support: 0
I200320 19:05:23.500189 40 storage/engine/rocksdb.go:120                  Options.inplace_update_num_locks: 10000
I200320 19:05:23.500208 40 storage/engine/rocksdb.go:120                Options.memtable_prefix_bloom_size_ratio: 0.000000
I200320 19:05:23.500223 40 storage/engine/rocksdb.go:120                Options.memtable_whole_key_filtering: 0
I200320 19:05:23.500309 40 storage/engine/rocksdb.go:120    Options.memtable_huge_page_size: 0
I200320 19:05:23.500326 40 storage/engine/rocksdb.go:120                            Options.bloom_locality: 0
I200320 19:05:23.500345 40 storage/engine/rocksdb.go:120                     Options.max_successive_merges: 0
I200320 19:05:23.500363 40 storage/engine/rocksdb.go:120                 Options.optimize_filters_for_hits: 1
I200320 19:05:23.500382 40 storage/engine/rocksdb.go:120                 Options.paranoid_file_checks: 0
I200320 19:05:23.500402 40 storage/engine/rocksdb.go:120                 Options.force_consistency_checks: 0
I200320 19:05:23.500421 40 storage/engine/rocksdb.go:120                 Options.report_bg_io_stats: 0
I200320 19:05:23.500439 40 storage/engine/rocksdb.go:120                                Options.ttl: 0
I200320 19:05:23.500454 40 storage/engine/rocksdb.go:120           Options.periodic_compaction_seconds: 0
I200320 19:05:23.504759 40 storage/engine/rocksdb.go:120  [db/version_set.cc:4286] Recovered from manifest file:/cockroach/cockroach-data/cockroach-temp301739274/MANIFEST-000001 succeeded,manifest_file_number is 1, next_file_number is 3, last_sequence is 0, log_number is 0,prev_log_number is 0,max_column_family is 0,min_log_number_to_keep is 0
I200320 19:05:23.504778 40 storage/engine/rocksdb.go:120  [db/version_set.cc:4295] Column family [default] (ID 0), log number is 0
I200320 19:05:23.537882 40 storage/engine/rocksdb.go:120  DB pointer 0x7f6a89964000
I200320 19:05:23.572935 40 storage/engine/rocksdb.go:120  RocksDB version: 6.2.1
I200320 19:05:23.572961 40 storage/engine/rocksdb.go:120  Git sha rocksdb_build_git_sha:@b7009236531fa784872f4823eabf393501e41bf2@
I200320 19:05:23.572993 40 storage/engine/rocksdb.go:120  Compile date Feb  6 2020
I200320 19:05:23.573013 40 storage/engine/rocksdb.go:120  DB SUMMARY
I200320 19:05:23.580386 40 storage/engine/rocksdb.go:120  CURRENT file:  CURRENT
I200320 19:05:23.580584 40 storage/engine/rocksdb.go:120  IDENTITY file:  IDENTITY
I200320 19:05:23.583368 40 storage/engine/rocksdb.go:120  MANIFEST file:  MANIFEST-000011 size: 53 Bytes
I200320 19:05:23.583507 40 storage/engine/rocksdb.go:120  SST files in /cockroach/cockroach-data dir, Total Num: 0, files: 
I200320 19:05:23.583534 40 storage/engine/rocksdb.go:120  Write Ahead Log file in /cockroach/cockroach-data: 000012.log size: 550 ; 
I200320 19:05:23.583554 40 storage/engine/rocksdb.go:120                          Options.error_if_exists: 0
I200320 19:05:23.583581 40 storage/engine/rocksdb.go:120                        Options.create_if_missing: 1
I200320 19:05:23.583595 40 storage/engine/rocksdb.go:120                          Options.paranoid_checks: 1
I200320 19:05:23.583610 40 storage/engine/rocksdb.go:120                                      Options.env: 0x756aca0
I200320 19:05:23.583629 40 storage/engine/rocksdb.go:120                                 Options.info_log: 0x7f6a7be0d080
I200320 19:05:23.583647 40 storage/engine/rocksdb.go:120                 Options.max_file_opening_threads: 16
I200320 19:05:23.583888 40 storage/engine/rocksdb.go:120                               Options.statistics: 0x7f6a7be1d010
I200320 19:05:23.583917 40 storage/engine/rocksdb.go:120                                Options.use_fsync: 0
I200320 19:05:23.584004 40 storage/engine/rocksdb.go:120                        Options.max_log_file_size: 0
I200320 19:05:23.584070 40 storage/engine/rocksdb.go:120                   Options.max_manifest_file_size: 134217728
I200320 19:05:23.584792 40 storage/engine/rocksdb.go:120                    Options.log_file_time_to_roll: 0
I200320 19:05:23.585093 40 storage/engine/rocksdb.go:120                        Options.keep_log_file_num: 1000
I200320 19:05:23.585105 40 storage/engine/rocksdb.go:120                     Options.recycle_log_file_num: 1
I200320 19:05:23.585119 40 storage/engine/rocksdb.go:120                          Options.allow_fallocate: 1
I200320 19:05:23.585176 40 storage/engine/rocksdb.go:120                         Options.allow_mmap_reads: 0
I200320 19:05:23.585204 40 storage/engine/rocksdb.go:120                        Options.allow_mmap_writes: 0
I200320 19:05:23.585222 40 storage/engine/rocksdb.go:120                         Options.use_direct_reads: 0
I200320 19:05:23.585241 40 storage/engine/rocksdb.go:120                         Options.use_direct_io_for_flush_and_compaction: 0
I200320 19:05:23.585258 40 storage/engine/rocksdb.go:120           Options.create_missing_column_families: 0
I200320 19:05:23.585326 40 storage/engine/rocksdb.go:120                               Options.db_log_dir: 
I200320 19:05:23.585342 40 storage/engine/rocksdb.go:120                                  Options.wal_dir: /cockroach/cockroach-data
I200320 19:05:23.585353 40 storage/engine/rocksdb.go:120                 Options.table_cache_numshardbits: 6
I200320 19:05:23.585592 40 storage/engine/rocksdb.go:120                       Options.max_subcompactions: 1
I200320 19:05:23.585609 40 storage/engine/rocksdb.go:120                   Options.max_background_flushes: -1
I200320 19:05:23.585637 40 storage/engine/rocksdb.go:120                          Options.WAL_ttl_seconds: 0
I200320 19:05:23.585651 40 storage/engine/rocksdb.go:120                        Options.WAL_size_limit_MB: 0
I200320 19:05:23.585669 40 storage/engine/rocksdb.go:120              Options.manifest_preallocation_size: 4194304
I200320 19:05:23.585702 40 storage/engine/rocksdb.go:120                      Options.is_fd_close_on_exec: 1
I200320 19:05:23.585720 40 storage/engine/rocksdb.go:120                    Options.advise_random_on_open: 1
I200320 19:05:23.585737 40 storage/engine/rocksdb.go:120                     Options.db_write_buffer_size: 0
I200320 19:05:23.585754 40 storage/engine/rocksdb.go:120                     Options.write_buffer_manager: 0x7f6a7be85030
I200320 19:05:23.585791 40 storage/engine/rocksdb.go:120          Options.access_hint_on_compaction_start: 1
I200320 19:05:23.586021 40 storage/engine/rocksdb.go:120   Options.new_table_reader_for_compaction_inputs: 0
I200320 19:05:23.586039 40 storage/engine/rocksdb.go:120            Options.random_access_max_buffer_size: 1048576
I200320 19:05:23.592211 40 storage/engine/rocksdb.go:120                       Options.use_adaptive_mutex: 0
I200320 19:05:23.592241 40 storage/engine/rocksdb.go:120                             Options.rate_limiter: (nil)
I200320 19:05:23.592318 40 storage/engine/rocksdb.go:120      Options.sst_file_manager.rate_bytes_per_sec: 0
I200320 19:05:23.592339 40 storage/engine/rocksdb.go:120                        Options.wal_recovery_mode: 0
I200320 19:05:23.592362 40 storage/engine/rocksdb.go:120                   Options.enable_thread_tracking: 0
I200320 19:05:23.592389 40 storage/engine/rocksdb.go:120                   Options.enable_pipelined_write: 0
I200320 19:05:23.592409 40 storage/engine/rocksdb.go:120          Options.allow_concurrent_memtable_write: 1
I200320 19:05:23.592430 40 storage/engine/rocksdb.go:120       Options.enable_write_thread_adaptive_yield: 1
I200320 19:05:23.592453 40 storage/engine/rocksdb.go:120              Options.write_thread_max_yield_usec: 100
I200320 19:05:23.592473 40 storage/engine/rocksdb.go:120             Options.write_thread_slow_yield_usec: 3
I200320 19:05:23.592494 40 storage/engine/rocksdb.go:120                                Options.row_cache: None
I200320 19:05:23.592517 40 storage/engine/rocksdb.go:120                               Options.wal_filter: None
I200320 19:05:23.592555 40 storage/engine/rocksdb.go:120              Options.avoid_flush_during_recovery: 0
I200320 19:05:23.592597 40 storage/engine/rocksdb.go:120              Options.allow_ingest_behind: 0
I200320 19:05:23.592615 40 storage/engine/rocksdb.go:120              Options.preserve_deletes: 0
I200320 19:05:23.592693 40 storage/engine/rocksdb.go:120              Options.two_write_queues: 0
I200320 19:05:23.592754 40 storage/engine/rocksdb.go:120              Options.manual_wal_flush: 1
I200320 19:05:23.592774 40 storage/engine/rocksdb.go:120              Options.atomic_flush: 0
I200320 19:05:23.592795 40 storage/engine/rocksdb.go:120              Options.avoid_unnecessary_blocking_io: 0
I200320 19:05:23.592829 40 storage/engine/rocksdb.go:120              Options.max_background_jobs: 4
I200320 19:05:23.592854 40 storage/engine/rocksdb.go:120              Options.max_background_compactions: -1
I200320 19:05:23.592896 40 storage/engine/rocksdb.go:120              Options.avoid_flush_during_shutdown: 0
I200320 19:05:23.592918 40 storage/engine/rocksdb.go:120            Options.writable_file_max_buffer_size: 1048576
I200320 19:05:23.592935 40 storage/engine/rocksdb.go:120              Options.delayed_write_rate : 16777216
I200320 19:05:23.592953 40 storage/engine/rocksdb.go:120              Options.max_total_wal_size: 0
I200320 19:05:23.592976 40 storage/engine/rocksdb.go:120              Options.delete_obsolete_files_period_micros: 21600000000
I200320 19:05:23.592993 40 storage/engine/rocksdb.go:120                    Options.stats_dump_period_sec: 0
I200320 19:05:23.593015 40 storage/engine/rocksdb.go:120                  Options.stats_persist_period_sec: 600
I200320 19:05:23.593036 40 storage/engine/rocksdb.go:120                  Options.stats_history_buffer_size: 1048576
I200320 19:05:23.593053 40 storage/engine/rocksdb.go:120                           Options.max_open_files: 1043576
I200320 19:05:23.593079 40 storage/engine/rocksdb.go:120                           Options.bytes_per_sync: 524288
I200320 19:05:23.593095 40 storage/engine/rocksdb.go:120                       Options.wal_bytes_per_sync: 0
I200320 19:05:23.593108 40 storage/engine/rocksdb.go:120                    Options.strict_bytes_per_sync: 1
I200320 19:05:23.593120 40 storage/engine/rocksdb.go:120        Options.compaction_readahead_size: 0
I200320 19:05:23.593133 40 storage/engine/rocksdb.go:120  Compression algorithms supported:
I200320 19:05:23.593152 40 storage/engine/rocksdb.go:120  	kZSTDNotFinalCompression supported: 0
I200320 19:05:23.593171 40 storage/engine/rocksdb.go:120  	kZSTD supported: 0
I200320 19:05:23.593188 40 storage/engine/rocksdb.go:120  	kXpressCompression supported: 0
I200320 19:05:23.593204 40 storage/engine/rocksdb.go:120  	kLZ4HCCompression supported: 0
I200320 19:05:23.593225 40 storage/engine/rocksdb.go:120  	kLZ4Compression supported: 0
I200320 19:05:23.593297 40 storage/engine/rocksdb.go:120  	kBZip2Compression supported: 0
I200320 19:05:23.593317 40 storage/engine/rocksdb.go:120  	kZlibCompression supported: 0
I200320 19:05:23.593331 40 storage/engine/rocksdb.go:120  	kSnappyCompression supported: 1
I200320 19:05:23.593369 40 storage/engine/rocksdb.go:120  Fast CRC32 supported: Supported on x86
I200320 19:05:23.609951 40 storage/engine/rocksdb.go:120  [db/version_set.cc:4072] Recovering from manifest file: /cockroach/cockroach-data/MANIFEST-000011
I200320 19:05:23.611958 40 storage/engine/rocksdb.go:120  [db/column_family.cc:488] --------------- Options for column family [default]:
I200320 19:05:23.611995 40 storage/engine/rocksdb.go:120                Options.comparator: cockroach_comparator
I200320 19:05:23.612013 40 storage/engine/rocksdb.go:120            Options.merge_operator: cockroach_merge_operator
I200320 19:05:23.612051 40 storage/engine/rocksdb.go:120         Options.compaction_filter: None
I200320 19:05:23.612086 40 storage/engine/rocksdb.go:120         Options.compaction_filter_factory: None
I200320 19:05:23.612138 40 storage/engine/rocksdb.go:120          Options.memtable_factory: SkipListFactory
I200320 19:05:23.612153 40 storage/engine/rocksdb.go:120             Options.table_factory: BlockBasedTable
I200320 19:05:23.612212 40 storage/engine/rocksdb.go:120             table_factory options:   flush_block_policy_factory: FlushBlockBySizePolicyFactory (0x7f6a7be11028)
  cache_index_and_filter_blocks: 0
  cache_index_and_filter_blocks_with_high_priority: 0
  pin_l0_filter_and_index_blocks_in_cache: 0
  pin_top_level_index_and_filter: 1
  index_type: 0
  data_block_index_type: 0
  index_shortening: 1
  data_block_hash_table_util_ratio: 0.750000
  hash_index_allow_collision: 1
  checksum: 1
  no_block_cache: 0
  block_cache: 0x7f6a8998cc10
  block_cache_name: LRUCache
  block_cache_options:
    capacity : 67108864
    num_shard_bits : 4
    strict_capacity_limit : 0
    memory_allocator : None
    high_pri_pool_ratio: 0.000
  block_cache_compressed: (nil)
  persistent_cache: (nil)
  block_size: 32768
  block_size_deviation: 10
  block_restart_interval: 16
  index_block_restart_interval: 1
  metadata_block_size: 4096
  partition_filters: 0
  use_delta_encoding: 1
  filter_policy: rocksdb.BuiltinBloomFilter
  whole_key_filtering: 0
  verify_compression: 0
  read_amp_bytes_per_bit: 0
  format_version: 2
  enable_index_compression: 1
  block_align: 0
I200320 19:05:23.612279 40 storage/engine/rocksdb.go:120         Options.write_buffer_size: 67108864
I200320 19:05:23.612302 40 storage/engine/rocksdb.go:120   Options.max_write_buffer_number: 4
I200320 19:05:23.612338 40 storage/engine/rocksdb.go:120           Options.compression: Snappy
I200320 19:05:23.612380 40 storage/engine/rocksdb.go:120                   Options.bottommost_compression: Disabled
I200320 19:05:23.612398 40 storage/engine/rocksdb.go:120        Options.prefix_extractor: cockroach_prefix_extractor
I200320 19:05:23.612451 40 storage/engine/rocksdb.go:120    Options.memtable_insert_with_hint_prefix_extractor: nullptr
I200320 19:05:23.612484 40 storage/engine/rocksdb.go:120              Options.num_levels: 7
I200320 19:05:23.612501 40 storage/engine/rocksdb.go:120         Options.min_write_buffer_number_to_merge: 1
I200320 19:05:23.612518 40 storage/engine/rocksdb.go:120      Options.max_write_buffer_number_to_maintain: 0
I200320 19:05:23.612535 40 storage/engine/rocksdb.go:120             Options.bottommost_compression_opts.window_bits: -14
I200320 19:05:23.612571 40 storage/engine/rocksdb.go:120                   Options.bottommost_compression_opts.level: 32767
I200320 19:05:23.612605 40 storage/engine/rocksdb.go:120                Options.bottommost_compression_opts.strategy: 0
I200320 19:05:23.612642 40 storage/engine/rocksdb.go:120          Options.bottommost_compression_opts.max_dict_bytes: 0
I200320 19:05:23.612675 40 storage/engine/rocksdb.go:120          Options.bottommost_compression_opts.zstd_max_train_bytes: 0
I200320 19:05:23.612692 40 storage/engine/rocksdb.go:120                   Options.bottommost_compression_opts.enabled: false
I200320 19:05:23.612709 40 storage/engine/rocksdb.go:120             Options.compression_opts.window_bits: -14
I200320 19:05:23.612726 40 storage/engine/rocksdb.go:120                   Options.compression_opts.level: 32767
I200320 19:05:23.612763 40 storage/engine/rocksdb.go:120                Options.compression_opts.strategy: 0
I200320 19:05:23.612796 40 storage/engine/rocksdb.go:120          Options.compression_opts.max_dict_bytes: 0
I200320 19:05:23.612833 40 storage/engine/rocksdb.go:120          Options.compression_opts.zstd_max_train_bytes: 0
I200320 19:05:23.612864 40 storage/engine/rocksdb.go:120                   Options.compression_opts.enabled: false
I200320 19:05:23.612881 40 storage/engine/rocksdb.go:120       Options.level0_file_num_compaction_trigger: 2
I200320 19:05:23.612898 40 storage/engine/rocksdb.go:120           Options.level0_slowdown_writes_trigger: 950
I200320 19:05:23.612915 40 storage/engine/rocksdb.go:120               Options.level0_stop_writes_trigger: 1000
I200320 19:05:23.612947 40 storage/engine/rocksdb.go:120                    Options.target_file_size_base: 4194304
I200320 19:05:23.612979 40 storage/engine/rocksdb.go:120              Options.target_file_size_multiplier: 2
I200320 19:05:23.613012 40 storage/engine/rocksdb.go:120                 Options.max_bytes_for_level_base: 67108864
I200320 19:05:23.613063 40 storage/engine/rocksdb.go:120  Options.level_compaction_dynamic_level_bytes: 1
I200320 19:05:23.613116 40 storage/engine/rocksdb.go:120           Options.max_bytes_for_level_multiplier: 10.000000
I200320 19:05:23.613131 40 storage/engine/rocksdb.go:120  Options.max_bytes_for_level_multiplier_addtl[0]: 1
I200320 19:05:23.613145 40 storage/engine/rocksdb.go:120  Options.max_bytes_for_level_multiplier_addtl[1]: 1
I200320 19:05:23.613158 40 storage/engine/rocksdb.go:120  Options.max_bytes_for_level_multiplier_addtl[2]: 1
I200320 19:05:23.613171 40 storage/engine/rocksdb.go:120  Options.max_bytes_for_level_multiplier_addtl[3]: 1
I200320 19:05:23.613200 40 storage/engine/rocksdb.go:120  Options.max_bytes_for_level_multiplier_addtl[4]: 1
I200320 19:05:23.613231 40 storage/engine/rocksdb.go:120  Options.max_bytes_for_level_multiplier_addtl[5]: 1
I200320 19:05:23.613263 40 storage/engine/rocksdb.go:120  Options.max_bytes_for_level_multiplier_addtl[6]: 1
I200320 19:05:23.613352 40 storage/engine/rocksdb.go:120        Options.max_sequential_skip_in_iterations: 8
I200320 19:05:23.613370 40 storage/engine/rocksdb.go:120                     Options.max_compaction_bytes: 104857600
I200320 19:05:23.613383 40 storage/engine/rocksdb.go:120                         Options.arena_block_size: 8388608
I200320 19:05:23.613401 40 storage/engine/rocksdb.go:120    Options.soft_pending_compaction_bytes_limit: 2199023255552
I200320 19:05:23.613433 40 storage/engine/rocksdb.go:120    Options.hard_pending_compaction_bytes_limit: 4400193994752
I200320 19:05:23.613481 40 storage/engine/rocksdb.go:120        Options.rate_limit_delay_max_milliseconds: 100
I200320 19:05:23.613517 40 storage/engine/rocksdb.go:120                 Options.disable_auto_compactions: 0
I200320 19:05:23.613547 40 storage/engine/rocksdb.go:120                         Options.compaction_style: kCompactionStyleLevel
I200320 19:05:23.613565 40 storage/engine/rocksdb.go:120                           Options.compaction_pri: kMinOverlappingRatio
I200320 19:05:23.613601 40 storage/engine/rocksdb.go:120  Options.compaction_options_universal.size_ratio: 1
I200320 19:05:23.613634 40 storage/engine/rocksdb.go:120  Options.compaction_options_universal.min_merge_width: 2
I200320 19:05:23.613652 40 storage/engine/rocksdb.go:120  Options.compaction_options_universal.max_merge_width: 4294967295
I200320 19:05:23.613689 40 storage/engine/rocksdb.go:120  Options.compaction_options_universal.max_size_amplification_percent: 200
I200320 19:05:23.613721 40 storage/engine/rocksdb.go:120  Options.compaction_options_universal.compression_size_percent: -1
I200320 19:05:23.613753 40 storage/engine/rocksdb.go:120  Options.compaction_options_universal.stop_style: kCompactionStopStyleTotalSize
I200320 19:05:23.613770 40 storage/engine/rocksdb.go:120  Options.compaction_options_fifo.max_table_files_size: 1073741824
I200320 19:05:23.613787 40 storage/engine/rocksdb.go:120  Options.compaction_options_fifo.allow_compaction: 0
I200320 19:05:23.613808 40 storage/engine/rocksdb.go:120                    Options.table_properties_collectors: TimeBoundTblPropCollectorFactory; DeleteRangeTblPropCollectorFactory; 
I200320 19:05:23.613826 40 storage/engine/rocksdb.go:120                    Options.inplace_update_support: 0
I200320 19:05:23.613844 40 storage/engine/rocksdb.go:120                  Options.inplace_update_num_locks: 10000
I200320 19:05:23.613877 40 storage/engine/rocksdb.go:120                Options.memtable_prefix_bloom_size_ratio: 0.000000
I200320 19:05:23.613923 40 storage/engine/rocksdb.go:120                Options.memtable_whole_key_filtering: 0
I200320 19:05:23.613969 40 storage/engine/rocksdb.go:120    Options.memtable_huge_page_size: 0
I200320 19:05:23.613985 40 storage/engine/rocksdb.go:120                            Options.bloom_locality: 0
I200320 19:05:23.613999 40 storage/engine/rocksdb.go:120                     Options.max_successive_merges: 0
I200320 19:05:23.614026 40 storage/engine/rocksdb.go:120                 Options.optimize_filters_for_hits: 1
I200320 19:05:23.614055 40 storage/engine/rocksdb.go:120                 Options.paranoid_file_checks: 0
I200320 19:05:23.614087 40 storage/engine/rocksdb.go:120                 Options.force_consistency_checks: 0
I200320 19:05:23.614105 40 storage/engine/rocksdb.go:120                 Options.report_bg_io_stats: 0
I200320 19:05:23.614122 40 storage/engine/rocksdb.go:120                                Options.ttl: 0
I200320 19:05:23.614139 40 storage/engine/rocksdb.go:120           Options.periodic_compaction_seconds: 0
I200320 19:05:23.618635 40 storage/engine/rocksdb.go:120  [db/version_set.cc:4286] Recovered from manifest file:/cockroach/cockroach-data/MANIFEST-000011 succeeded,manifest_file_number is 11, next_file_number is 13, last_sequence is 0, log_number is 10,prev_log_number is 0,max_column_family is 0,min_log_number_to_keep is 0
I200320 19:05:23.618665 40 storage/engine/rocksdb.go:120  [db/version_set.cc:4295] Column family [default] (ID 0), log number is 10
I200320 19:05:23.624472 40 storage/engine/rocksdb.go:120  EVENT_LOG_v1 {"time_micros": 1584731123624414, "job": 1, "event": "recovery_started", "log_files": [12]}
I200320 19:05:23.624507 40 storage/engine/rocksdb.go:120  [db/db_impl_open.cc:598] Recovering log #12 mode 0
I200320 19:05:23.628580 40 storage/engine/rocksdb.go:120  [db/version_set.cc:3560] Creating manifest 14
I200320 19:05:23.636641 40 storage/engine/rocksdb.go:120  EVENT_LOG_v1 {"time_micros": 1584731123636544, "job": 1, "event": "recovery_finished"}
I200320 19:05:23.663408 40 storage/engine/rocksdb.go:120  DB pointer 0x7f6a7be93000
