I200320 19:27:15.010425 1 util/log/clog.go:1196  [config] file created at: 2020/03/20 19:27:15
I200320 19:27:15.010425 1 util/log/clog.go:1196  [config] running on machine: db9313ae3e97
I200320 19:27:15.010425 1 util/log/clog.go:1196  [config] binary: CockroachDB CCL v19.2.4 (x86_64-unknown-linux-gnu, built 2020/02/06 21:55:19, go1.12.12)
I200320 19:27:15.010425 1 util/log/clog.go:1196  [config] arguments: [/cockroach/cockroach start --insecure --join=node_1]
I200320 19:27:15.010425 1 util/log/clog.go:1196  line format: [IWEF]yymmdd hh:mm:ss.uuuuuu goid file:line msg utf8=✓
I200320 19:27:15.010413 1 cli/start.go:1144  logging to directory /cockroach/cockroach-data/logs
W200320 19:27:15.017288 1 cli/start.go:1182  RUNNING IN INSECURE MODE!

- Your cluster is open for any client that can access <all your IP addresses>.
- Any user, even root, can log in without providing a password.
- Any user, connecting as root, can read or write any data in your cluster.
- There is no network encryption nor authentication, and thus no confidentiality.

Check out how to secure your cluster: https://www.cockroachlabs.com/docs/v19.2/secure-a-cluster.html
I200320 19:27:15.019028 1 server/status/recorder.go:597  available memory from cgroups is unsupported, using system memory 1.9 GiB instead: failed to find cgroup memory limit
W200320 19:27:15.019151 1 cli/start.go:1052  Using the default setting for --cache (128 MiB).
  A significantly larger value is usually needed for good performance.
  If you have a dedicated server a reasonable setting is --cache=.25 (497 MiB).
I200320 19:27:15.019567 1 server/status/recorder.go:597  available memory from cgroups is unsupported, using system memory 1.9 GiB instead: failed to find cgroup memory limit
W200320 19:27:15.019646 1 cli/start.go:1065  Using the default setting for --max-sql-memory (128 MiB).
  A significantly larger value is usually needed in production.
  If you have a dedicated server a reasonable setting is --max-sql-memory=.25 (497 MiB).
I200320 19:27:15.020184 1 server/status/recorder.go:597  available memory from cgroups is unsupported, using system memory 1.9 GiB instead: failed to find cgroup memory limit
I200320 19:27:15.020234 1 cli/start.go:1196  CockroachDB CCL v19.2.4 (x86_64-unknown-linux-gnu, built 2020/02/06 21:55:19, go1.12.12)
I200320 19:27:15.210853 1 server/status/recorder.go:597  available memory from cgroups is unsupported, using system memory 1.9 GiB instead: failed to find cgroup memory limit
I200320 19:27:15.210898 1 server/config.go:394  system total memory: 1.9 GiB
I200320 19:27:15.210955 1 server/config.go:396  server configuration:
max offset             500000000
cache size             128 MiB
SQL memory pool size   128 MiB
scan interval          10m0s
scan min idle time     10ms
scan max idle time     1s
event log enabled      true
I200320 19:27:15.210995 1 cli/start.go:1030  using local environment variables: COCKROACH_CHANNEL=official-docker, COCKROACH_USER=root
I200320 19:27:15.211029 1 cli/start.go:1037  process identity: uid 0 euid 0 gid 0 egid 0
I200320 19:27:15.211127 1 cli/start.go:644  starting cockroach node
I200320 19:27:15.216156 27 storage/engine/rocksdb.go:622  opening rocksdb instance at "/cockroach/cockroach-data/cockroach-temp550703948"
I200320 19:27:15.355096 27 server/server.go:928  [n?] monitoring forward clock jumps based on server.clock.forward_jump_check_enabled
I200320 19:27:15.358580 27 storage/engine/rocksdb.go:622  opening rocksdb instance at "/cockroach/cockroach-data"
I200320 19:27:15.418221 27 server/config.go:502  [n?] 1 storage engine initialized
I200320 19:27:15.418258 27 server/config.go:505  [n?] RocksDB cache size: 128 MiB
I200320 19:27:15.418358 27 server/config.go:505  [n?] store 0: RocksDB, max size 0 B, max open file limit 1043576
W200320 19:27:15.430895 27 gossip/gossip.go:1517  [n?] no incoming or outgoing connections
I200320 19:27:15.431048 27 server/server.go:1386  [n?] no stores bootstrapped and --join flag specified, awaiting init command or join with an already initialized node.
I200320 19:27:15.440635 71 gossip/client.go:124  [n?] started gossip client to node_1:26257
I200320 19:27:15.441143 117 gossip/server.go:227  [n?] received initial cluster-verification connection from db9313ae3e97:26257
I200320 19:27:15.441720 71 gossip/client.go:131  [n?] closing client to node_1:26257: stopping outgoing client to n0 (node_1:26257); loopback connection
I200320 19:27:16.438797 81 gossip/client.go:124  [n?] started gossip client to node_1:26257
I200320 19:27:16.439400 149 gossip/server.go:227  [n?] received initial cluster-verification connection from db9313ae3e97:26257
I200320 19:27:16.439935 81 gossip/client.go:131  [n?] closing client to node_1:26257: stopping outgoing client to n0 (node_1:26257); loopback connection
W200320 19:27:17.435286 89 cli/start.go:996  neither --listen-addr nor --advertise-addr was specified.
The server will advertise "db9313ae3e97" to other nodes, is this routable?

Consider using:
- for local-only servers:  --listen-addr=localhost
- for multi-node clusters: --advertise-addr=<host/IP addr>
I200320 19:27:17.435418 89 cli/start.go:603  initial startup completed.
Node will now attempt to join a running cluster, or wait for `cockroach init`.
Client connections will be accepted after this completes successfully.
Check the log file(s) for progress. 
I200320 19:27:17.442939 150 gossip/client.go:124  [n?] started gossip client to node_1:26257
I200320 19:27:17.443784 104 gossip/server.go:227  [n?] received initial cluster-verification connection from db9313ae3e97:26257
I200320 19:27:17.443937 150 gossip/client.go:131  [n?] closing client to node_1:26257: stopping outgoing client to n0 (node_1:26257); loopback connection
I200320 19:27:18.445855 154 gossip/client.go:124  [n?] started gossip client to node_1:26257
I200320 19:27:18.447143 132 gossip/server.go:227  [n?] received initial cluster-verification connection from db9313ae3e97:26257
I200320 19:27:18.447655 154 gossip/client.go:131  [n?] closing client to node_1:26257: stopping outgoing client to n0 (node_1:26257); loopback connection
I200320 19:27:19.449109 133 gossip/client.go:124  [n?] started gossip client to node_1:26257
I200320 19:27:19.449915 122 gossip/server.go:227  [n?] received initial cluster-verification connection from db9313ae3e97:26257
I200320 19:27:19.450458 133 gossip/client.go:131  [n?] closing client to node_1:26257: stopping outgoing client to n0 (node_1:26257); loopback connection
I200320 19:27:20.453356 136 gossip/client.go:124  [n?] started gossip client to node_1:26257
I200320 19:27:20.453774 127 gossip/server.go:227  [n?] received initial cluster-verification connection from db9313ae3e97:26257
I200320 19:27:20.454386 136 gossip/client.go:131  [n?] closing client to node_1:26257: stopping outgoing client to n0 (node_1:26257); loopback connection
I200320 19:27:21.456351 164 gossip/client.go:124  [n?] started gossip client to node_1:26257
I200320 19:27:21.456964 168 gossip/server.go:227  [n?] received initial cluster-verification connection from db9313ae3e97:26257
I200320 19:27:21.457501 164 gossip/client.go:131  [n?] closing client to node_1:26257: stopping outgoing client to n0 (node_1:26257); loopback connection
I200320 19:27:22.466094 172 gossip/client.go:124  [n?] started gossip client to node_1:26257
I200320 19:27:22.467437 161 gossip/server.go:227  [n?] received initial cluster-verification connection from db9313ae3e97:26257
I200320 19:27:22.467966 172 gossip/client.go:131  [n?] closing client to node_1:26257: stopping outgoing client to n0 (node_1:26257); loopback connection
I200320 19:27:23.472192 105 gossip/client.go:124  [n?] started gossip client to node_1:26257
I200320 19:27:23.472859 176 gossip/server.go:227  [n?] received initial cluster-verification connection from db9313ae3e97:26257
I200320 19:27:23.473414 105 gossip/client.go:131  [n?] closing client to node_1:26257: stopping outgoing client to n0 (node_1:26257); loopback connection
I200320 19:27:24.474727 109 gossip/client.go:124  [n?] started gossip client to node_1:26257
I200320 19:27:24.475342 179 gossip/server.go:227  [n?] received initial cluster-verification connection from db9313ae3e97:26257
I200320 19:27:24.475652 109 gossip/client.go:131  [n?] closing client to node_1:26257: stopping outgoing client to n0 (node_1:26257); loopback connection
I200320 19:27:25.481103 210 gossip/client.go:124  [n?] started gossip client to node_1:26257
I200320 19:27:25.481864 196 gossip/server.go:227  [n?] received initial cluster-verification connection from db9313ae3e97:26257
I200320 19:27:25.483164 210 gossip/client.go:131  [n?] closing client to node_1:26257: stopping outgoing client to n0 (node_1:26257); loopback connection
I200320 19:27:26.489322 183 gossip/client.go:124  [n?] started gossip client to node_1:26257
I200320 19:27:26.490219 145 gossip/server.go:227  [n?] received initial cluster-verification connection from db9313ae3e97:26257
I200320 19:27:26.490891 183 gossip/client.go:131  [n?] closing client to node_1:26257: stopping outgoing client to n0 (node_1:26257); loopback connection
I200320 19:27:27.494239 213 gossip/client.go:124  [n?] started gossip client to node_1:26257
I200320 19:27:27.494822 217 gossip/server.go:227  [n?] received initial cluster-verification connection from db9313ae3e97:26257
I200320 19:27:27.495482 213 gossip/client.go:131  [n?] closing client to node_1:26257: stopping outgoing client to n0 (node_1:26257); loopback connection
I200320 19:27:28.501284 221 gossip/client.go:124  [n?] started gossip client to node_1:26257
I200320 19:27:28.502191 230 gossip/server.go:227  [n?] received initial cluster-verification connection from db9313ae3e97:26257
I200320 19:27:28.502803 221 gossip/client.go:131  [n?] closing client to node_1:26257: stopping outgoing client to n0 (node_1:26257); loopback connection
I200320 19:27:29.507483 190 gossip/client.go:124  [n?] started gossip client to node_1:26257
I200320 19:27:29.508134 225 gossip/server.go:227  [n?] received initial cluster-verification connection from db9313ae3e97:26257
I200320 19:27:29.508381 190 gossip/client.go:131  [n?] closing client to node_1:26257: stopping outgoing client to n0 (node_1:26257); loopback connection
I200320 19:27:30.514881 235 gossip/client.go:124  [n?] started gossip client to node_1:26257
I200320 19:27:30.515467 239 gossip/server.go:227  [n?] received initial cluster-verification connection from db9313ae3e97:26257
I200320 19:27:30.515867 235 gossip/client.go:131  [n?] closing client to node_1:26257: stopping outgoing client to n0 (node_1:26257); loopback connection
I200320 19:27:31.518148 193 gossip/client.go:124  [n?] started gossip client to node_1:26257
I200320 19:27:31.518915 246 gossip/server.go:227  [n?] received initial cluster-verification connection from db9313ae3e97:26257
I200320 19:27:31.519469 193 gossip/client.go:131  [n?] closing client to node_1:26257: stopping outgoing client to n0 (node_1:26257); loopback connection
I200320 19:27:32.522245 275 gossip/client.go:124  [n?] started gossip client to node_1:26257
I200320 19:27:32.522961 198 gossip/server.go:227  [n?] received initial cluster-verification connection from db9313ae3e97:26257
I200320 19:27:32.523187 275 gossip/client.go:131  [n?] closing client to node_1:26257: stopping outgoing client to n0 (node_1:26257); loopback connection
I200320 19:27:33.527256 247 gossip/client.go:124  [n?] started gossip client to node_1:26257
I200320 19:27:33.528303 203 gossip/server.go:227  [n?] received initial cluster-verification connection from db9313ae3e97:26257
I200320 19:27:33.529148 247 gossip/client.go:131  [n?] closing client to node_1:26257: stopping outgoing client to n0 (node_1:26257); loopback connection
I200320 19:27:34.531088 207 gossip/client.go:124  [n?] started gossip client to node_1:26257
I200320 19:27:34.531725 291 gossip/server.go:227  [n?] received initial cluster-verification connection from db9313ae3e97:26257
I200320 19:27:34.532406 207 gossip/client.go:131  [n?] closing client to node_1:26257: stopping outgoing client to n0 (node_1:26257); loopback connection
I200320 19:27:35.536897 278 gossip/client.go:124  [n?] started gossip client to node_1:26257
I200320 19:27:35.537305 293 gossip/server.go:227  [n?] received initial cluster-verification connection from db9313ae3e97:26257
I200320 19:27:35.537875 278 gossip/client.go:131  [n?] closing client to node_1:26257: stopping outgoing client to n0 (node_1:26257); loopback connection
I200320 19:27:36.539833 253 gossip/client.go:124  [n?] started gossip client to node_1:26257
I200320 19:27:36.540161 282 gossip/server.go:227  [n?] received initial cluster-verification connection from db9313ae3e97:26257
I200320 19:27:36.540776 253 gossip/client.go:131  [n?] closing client to node_1:26257: stopping outgoing client to n0 (node_1:26257); loopback connection
I200320 19:27:37.513619 297 gossip/client.go:124  [n?] started gossip client to node_1:26257
I200320 19:27:37.514064 256 gossip/server.go:227  [n?] received initial cluster-verification connection from db9313ae3e97:26257
I200320 19:27:37.514626 297 gossip/client.go:131  [n?] closing client to node_1:26257: stopping outgoing client to n0 (node_1:26257); loopback connection
I200320 19:27:38.518070 300 gossip/client.go:124  [n?] started gossip client to node_1:26257
I200320 19:27:38.518988 306 gossip/server.go:227  [n?] received initial cluster-verification connection from db9313ae3e97:26257
I200320 19:27:38.519287 300 gossip/client.go:131  [n?] closing client to node_1:26257: stopping outgoing client to n0 (node_1:26257); loopback connection
I200320 19:27:39.522344 285 gossip/client.go:124  [n?] started gossip client to node_1:26257
I200320 19:27:39.523493 308 gossip/server.go:227  [n?] received initial cluster-verification connection from db9313ae3e97:26257
I200320 19:27:39.524047 285 gossip/client.go:131  [n?] closing client to node_1:26257: stopping outgoing client to n0 (node_1:26257); loopback connection
I200320 19:27:40.527279 286 gossip/client.go:124  [n?] started gossip client to node_1:26257
I200320 19:27:40.528352 272 gossip/server.go:227  [n?] received initial cluster-verification connection from db9313ae3e97:26257
I200320 19:27:40.528872 286 gossip/client.go:131  [n?] closing client to node_1:26257: stopping outgoing client to n0 (node_1:26257); loopback connection
I200320 19:27:41.530430 289 gossip/client.go:124  [n?] started gossip client to node_1:26257
I200320 19:27:41.531055 354 gossip/server.go:227  [n?] received initial cluster-verification connection from db9313ae3e97:26257
I200320 19:27:41.531581 289 gossip/client.go:131  [n?] closing client to node_1:26257: stopping outgoing client to n0 (node_1:26257); loopback connection
I200320 19:27:42.535059 355 gossip/client.go:124  [n?] started gossip client to node_1:26257
I200320 19:27:42.535871 331 gossip/server.go:227  [n?] received initial cluster-verification connection from db9313ae3e97:26257
I200320 19:27:42.536314 355 gossip/client.go:131  [n?] closing client to node_1:26257: stopping outgoing client to n0 (node_1:26257); loopback connection
I200320 19:27:43.540356 335 gossip/client.go:124  [n?] started gossip client to node_1:26257
I200320 19:27:43.541380 341 gossip/server.go:227  [n?] received initial cluster-verification connection from db9313ae3e97:26257
I200320 19:27:43.542014 335 gossip/client.go:131  [n?] closing client to node_1:26257: stopping outgoing client to n0 (node_1:26257); loopback connection
I200320 19:27:44.544396 358 gossip/client.go:124  [n?] started gossip client to node_1:26257
I200320 19:27:44.545463 343 gossip/server.go:227  [n?] received initial cluster-verification connection from db9313ae3e97:26257
I200320 19:27:44.546174 358 gossip/client.go:131  [n?] closing client to node_1:26257: stopping outgoing client to n0 (node_1:26257); loopback connection
W200320 19:27:45.398239 344 cli/start.go:634  The server appears to be unable to contact the other nodes in the cluster. Please try:

- starting the other nodes, if you haven't already;
- double-checking that the '--join' and '--listen'/'--advertise' flags are set up correctly;
- running the 'cockroach init' command if you are trying to initialize a new cluster.

If problems persist, please see https://www.cockroachlabs.com/docs/v19.2/cluster-setup-troubleshooting.html.
I200320 19:27:45.550075 345 gossip/client.go:124  [n?] started gossip client to node_1:26257
I200320 19:27:45.550966 362 gossip/server.go:227  [n?] received initial cluster-verification connection from db9313ae3e97:26257
I200320 19:27:45.551886 345 gossip/client.go:131  [n?] closing client to node_1:26257: stopping outgoing client to n0 (node_1:26257); loopback connection
I200320 19:27:46.556304 363 gossip/client.go:124  [n?] started gossip client to node_1:26257
I200320 19:27:46.556451 371 gossip/server.go:227  [n?] received initial cluster-verification connection from db9313ae3e97:26257
I200320 19:27:46.556714 363 gossip/client.go:131  [n?] closing client to node_1:26257: stopping outgoing client to n0 (node_1:26257); loopback connection
I200320 19:27:47.564536 375 gossip/client.go:124  [n?] started gossip client to node_1:26257
I200320 19:27:47.564655 349 gossip/server.go:227  [n?] received initial cluster-verification connection from db9313ae3e97:26257
I200320 19:27:47.565027 375 gossip/client.go:131  [n?] closing client to node_1:26257: stopping outgoing client to n0 (node_1:26257); loopback connection
I200320 19:27:48.569562 378 gossip/client.go:124  [n?] started gossip client to node_1:26257
I200320 19:27:48.570607 351 gossip/server.go:227  [n?] received initial cluster-verification connection from db9313ae3e97:26257
I200320 19:27:48.571151 378 gossip/client.go:131  [n?] closing client to node_1:26257: stopping outgoing client to n0 (node_1:26257); loopback connection
I200320 19:27:49.576928 402 gossip/client.go:124  [n?] started gossip client to node_1:26257
I200320 19:27:49.578376 321 gossip/server.go:227  [n?] received initial cluster-verification connection from db9313ae3e97:26257
I200320 19:27:49.579886 402 gossip/client.go:131  [n?] closing client to node_1:26257: stopping outgoing client to n0 (node_1:26257); loopback connection
I200320 19:27:50.580032 418 gossip/client.go:124  [n?] started gossip client to node_1:26257
I200320 19:27:50.580553 385 gossip/server.go:227  [n?] received initial cluster-verification connection from db9313ae3e97:26257
I200320 19:27:50.580630 418 gossip/client.go:131  [n?] closing client to node_1:26257: stopping outgoing client to n0 (node_1:26257); loopback connection
I200320 19:27:51.587030 421 gossip/client.go:124  [n?] started gossip client to node_1:26257
I200320 19:27:51.587438 423 gossip/server.go:227  [n?] received initial cluster-verification connection from db9313ae3e97:26257
I200320 19:27:51.587983 421 gossip/client.go:131  [n?] closing client to node_1:26257: stopping outgoing client to n0 (node_1:26257); loopback connection
I200320 19:27:52.593145 427 gossip/client.go:124  [n?] started gossip client to node_1:26257
I200320 19:27:52.593832 431 gossip/server.go:227  [n?] received initial cluster-verification connection from db9313ae3e97:26257
I200320 19:27:52.594237 427 gossip/client.go:131  [n?] closing client to node_1:26257: stopping outgoing client to n0 (node_1:26257); loopback connection
I200320 19:27:53.595307 393 gossip/client.go:124  [n?] started gossip client to node_1:26257
I200320 19:27:53.595888 396 gossip/server.go:227  [n?] received initial cluster-verification connection from db9313ae3e97:26257
I200320 19:27:53.596463 393 gossip/client.go:131  [n?] closing client to node_1:26257: stopping outgoing client to n0 (node_1:26257); loopback connection
I200320 19:27:54.600972 435 gossip/client.go:124  [n?] started gossip client to node_1:26257
I200320 19:27:54.601959 401 gossip/server.go:227  [n?] received initial cluster-verification connection from db9313ae3e97:26257
I200320 19:27:54.602233 435 gossip/client.go:131  [n?] closing client to node_1:26257: stopping outgoing client to n0 (node_1:26257); loopback connection
I200320 19:27:55.606554 441 gossip/client.go:124  [n?] started gossip client to node_1:26257
I200320 19:27:55.607898 451 gossip/server.go:227  [n?] received initial cluster-verification connection from db9313ae3e97:26257
I200320 19:27:55.609236 441 gossip/client.go:131  [n?] closing client to node_1:26257: stopping outgoing client to n0 (node_1:26257); loopback connection
I200320 19:27:56.613098 444 gossip/client.go:124  [n?] started gossip client to node_1:26257
I200320 19:27:56.618671 433 gossip/server.go:227  [n?] received initial cluster-verification connection from db9313ae3e97:26257
I200320 19:27:56.620190 444 gossip/client.go:131  [n?] closing client to node_1:26257: stopping outgoing client to n0 (node_1:26257); loopback connection
I200320 19:27:57.622093 452 gossip/client.go:124  [n?] started gossip client to node_1:26257
I200320 19:27:57.622477 455 gossip/server.go:227  [n?] received initial cluster-verification connection from db9313ae3e97:26257
I200320 19:27:57.623521 452 gossip/client.go:131  [n?] closing client to node_1:26257: stopping outgoing client to n0 (node_1:26257); loopback connection
I200320 19:27:58.623873 456 gossip/client.go:124  [n?] started gossip client to node_1:26257
I200320 19:27:58.627317 468 gossip/server.go:227  [n?] received initial cluster-verification connection from db9313ae3e97:26257
I200320 19:27:58.627779 456 gossip/client.go:131  [n?] closing client to node_1:26257: stopping outgoing client to n0 (node_1:26257); loopback connection
I200320 19:27:59.626797 485 gossip/client.go:124  [n?] started gossip client to node_1:26257
I200320 19:27:59.627171 473 gossip/server.go:227  [n?] received initial cluster-verification connection from db9313ae3e97:26257
I200320 19:27:59.627450 485 gossip/client.go:131  [n?] closing client to node_1:26257: stopping outgoing client to n0 (node_1:26257); loopback connection
I200320 19:28:00.631115 477 gossip/client.go:124  [n?] started gossip client to node_1:26257
I200320 19:28:00.631629 492 gossip/server.go:227  [n?] received initial cluster-verification connection from db9313ae3e97:26257
I200320 19:28:00.631970 477 gossip/client.go:131  [n?] closing client to node_1:26257: stopping outgoing client to n0 (node_1:26257); loopback connection
I200320 19:28:01.638129 414 gossip/server.go:227  [n?] received initial cluster-verification connection from db9313ae3e97:26257
I200320 19:28:01.638300 478 gossip/client.go:124  [n?] started gossip client to node_1:26257
I200320 19:28:01.638762 478 gossip/client.go:131  [n?] closing client to node_1:26257: stopping outgoing client to n0 (node_1:26257); loopback connection
I200320 19:28:02.644525 415 gossip/client.go:124  [n?] started gossip client to node_1:26257
I200320 19:28:02.645121 497 gossip/server.go:227  [n?] received initial cluster-verification connection from db9313ae3e97:26257
I200320 19:28:02.645533 415 gossip/client.go:131  [n?] closing client to node_1:26257: stopping outgoing client to n0 (node_1:26257); loopback connection
I200320 19:28:03.649148 515 gossip/client.go:124  [n?] started gossip client to node_1:26257
I200320 19:28:03.649698 518 gossip/server.go:227  [n?] received initial cluster-verification connection from db9313ae3e97:26257
I200320 19:28:03.650472 515 gossip/client.go:131  [n?] closing client to node_1:26257: stopping outgoing client to n0 (node_1:26257); loopback connection
I200320 19:28:04.652171 464 gossip/client.go:124  [n?] started gossip client to node_1:26257
I200320 19:28:04.652892 503 gossip/server.go:227  [n?] received initial cluster-verification connection from db9313ae3e97:26257
I200320 19:28:04.653247 464 gossip/client.go:131  [n?] closing client to node_1:26257: stopping outgoing client to n0 (node_1:26257); loopback connection
I200320 19:28:05.658583 522 gossip/client.go:124  [n?] started gossip client to node_1:26257
I200320 19:28:05.659237 504 gossip/server.go:227  [n?] received initial cluster-verification connection from db9313ae3e97:26257
I200320 19:28:05.659556 522 gossip/client.go:131  [n?] closing client to node_1:26257: stopping outgoing client to n0 (node_1:26257); loopback connection
I200320 19:28:06.629748 529 gossip/client.go:124  [n?] started gossip client to node_1:26257
I200320 19:28:06.630545 532 gossip/server.go:227  [n?] received initial cluster-verification connection from db9313ae3e97:26257
I200320 19:28:06.630906 529 gossip/client.go:131  [n?] closing client to node_1:26257: stopping outgoing client to n0 (node_1:26257); loopback connection
I200320 19:28:07.634201 533 gossip/client.go:124  [n?] started gossip client to node_1:26257
I200320 19:28:07.634903 548 gossip/server.go:227  [n?] received initial cluster-verification connection from db9313ae3e97:26257
I200320 19:28:07.635309 533 gossip/client.go:131  [n?] closing client to node_1:26257: stopping outgoing client to n0 (node_1:26257); loopback connection
I200320 19:28:08.640647 552 gossip/client.go:124  [n?] started gossip client to node_1:26257
I200320 19:28:08.641470 556 gossip/server.go:227  [n?] received initial cluster-verification connection from db9313ae3e97:26257
I200320 19:28:08.641798 552 gossip/client.go:131  [n?] closing client to node_1:26257: stopping outgoing client to n0 (node_1:26257); loopback connection
I200320 19:28:09.645746 560 gossip/client.go:124  [n?] started gossip client to node_1:26257
I200320 19:28:09.646554 537 gossip/server.go:227  [n?] received initial cluster-verification connection from db9313ae3e97:26257
I200320 19:28:09.646768 560 gossip/client.go:131  [n?] closing client to node_1:26257: stopping outgoing client to n0 (node_1:26257); loopback connection
I200320 19:28:10.651353 538 gossip/client.go:124  [n?] started gossip client to node_1:26257
I200320 19:28:10.651800 509 gossip/server.go:227  [n?] received initial cluster-verification connection from db9313ae3e97:26257
I200320 19:28:10.652435 538 gossip/client.go:131  [n?] closing client to node_1:26257: stopping outgoing client to n0 (node_1:26257); loopback connection
I200320 19:28:11.655470 510 gossip/client.go:124  [n?] started gossip client to node_1:26257
I200320 19:28:11.656086 569 gossip/server.go:227  [n?] received initial cluster-verification connection from db9313ae3e97:26257
I200320 19:28:11.656457 510 gossip/client.go:131  [n?] closing client to node_1:26257: stopping outgoing client to n0 (node_1:26257); loopback connection
I200320 19:28:12.661122 571 gossip/client.go:124  [n?] started gossip client to node_1:26257
I200320 19:28:12.662238 575 gossip/server.go:227  [n?] received initial cluster-verification connection from db9313ae3e97:26257
I200320 19:28:12.662445 571 gossip/client.go:131  [n?] closing client to node_1:26257: stopping outgoing client to n0 (node_1:26257); loopback connection
I200320 19:28:13.667444 576 gossip/client.go:124  [n?] started gossip client to node_1:26257
I200320 19:28:13.668373 542 gossip/server.go:227  [n?] received initial cluster-verification connection from db9313ae3e97:26257
I200320 19:28:13.668649 576 gossip/client.go:131  [n?] closing client to node_1:26257: stopping outgoing client to n0 (node_1:26257); loopback connection
I200320 19:28:14.672450 545 gossip/client.go:124  [n?] started gossip client to node_1:26257
I200320 19:28:14.673227 598 gossip/server.go:227  [n?] received initial cluster-verification connection from db9313ae3e97:26257
I200320 19:28:14.673519 545 gossip/client.go:131  [n?] closing client to node_1:26257: stopping outgoing client to n0 (node_1:26257); loopback connection
I200320 19:28:15.676680 585 gossip/client.go:124  [n?] started gossip client to node_1:26257
I200320 19:28:15.677114 629 gossip/server.go:227  [n?] received initial cluster-verification connection from db9313ae3e97:26257
I200320 19:28:15.677494 585 gossip/client.go:131  [n?] closing client to node_1:26257: stopping outgoing client to n0 (node_1:26257); loopback connection
I200320 19:28:16.681317 633 gossip/client.go:124  [n?] started gossip client to node_1:26257
I200320 19:28:16.682230 637 gossip/server.go:227  [n?] received initial cluster-verification connection from db9313ae3e97:26257
I200320 19:28:16.682635 633 gossip/client.go:131  [n?] closing client to node_1:26257: stopping outgoing client to n0 (node_1:26257); loopback connection
I200320 19:28:17.688199 614 gossip/client.go:124  [n?] started gossip client to node_1:26257
I200320 19:28:17.688876 601 gossip/server.go:227  [n?] received initial cluster-verification connection from db9313ae3e97:26257
I200320 19:28:17.690023 614 gossip/client.go:131  [n?] closing client to node_1:26257: stopping outgoing client to n0 (node_1:26257); loopback connection
I200320 19:28:18.692433 638 gossip/client.go:124  [n?] started gossip client to node_1:26257
I200320 19:28:18.692533 618 gossip/server.go:227  [n?] received initial cluster-verification connection from db9313ae3e97:26257
I200320 19:28:18.692951 638 gossip/client.go:131  [n?] closing client to node_1:26257: stopping outgoing client to n0 (node_1:26257); loopback connection
I200320 19:28:19.696351 592 gossip/client.go:124  [n?] started gossip client to node_1:26257
I200320 19:28:19.697334 623 gossip/server.go:227  [n?] received initial cluster-verification connection from db9313ae3e97:26257
I200320 19:28:19.697768 592 gossip/client.go:131  [n?] closing client to node_1:26257: stopping outgoing client to n0 (node_1:26257); loopback connection
I200320 19:28:20.698633 660 gossip/client.go:124  [n?] started gossip client to node_1:26257
I200320 19:28:20.699650 644 gossip/server.go:227  [n?] received initial cluster-verification connection from db9313ae3e97:26257
I200320 19:28:20.699946 660 gossip/client.go:131  [n?] closing client to node_1:26257: stopping outgoing client to n0 (node_1:26257); loopback connection
I200320 19:28:21.703136 663 gossip/client.go:124  [n?] started gossip client to node_1:26257
I200320 19:28:21.704071 606 gossip/server.go:227  [n?] received initial cluster-verification connection from db9313ae3e97:26257
I200320 19:28:21.705333 663 gossip/client.go:131  [n?] closing client to node_1:26257: stopping outgoing client to n0 (node_1:26257); loopback connection
I200320 19:28:22.709721 607 gossip/client.go:124  [n?] started gossip client to node_1:26257
I200320 19:28:22.711195 667 gossip/server.go:227  [n?] received initial cluster-verification connection from db9313ae3e97:26257
I200320 19:28:22.711681 607 gossip/client.go:131  [n?] closing client to node_1:26257: stopping outgoing client to n0 (node_1:26257); loopback connection
I200320 19:28:23.717316 674 gossip/client.go:124  [n?] started gossip client to node_1:26257
I200320 19:28:23.718442 690 gossip/server.go:227  [n?] received initial cluster-verification connection from db9313ae3e97:26257
I200320 19:28:23.718890 674 gossip/client.go:131  [n?] closing client to node_1:26257: stopping outgoing client to n0 (node_1:26257); loopback connection
I200320 19:28:24.721260 669 gossip/client.go:124  [n?] started gossip client to node_1:26257
I200320 19:28:24.721674 678 gossip/server.go:227  [n?] received initial cluster-verification connection from db9313ae3e97:26257
I200320 19:28:24.721824 669 gossip/client.go:131  [n?] closing client to node_1:26257: stopping outgoing client to n0 (node_1:26257); loopback connection
I200320 19:28:25.724353 696 gossip/client.go:124  [n?] started gossip client to node_1:26257
I200320 19:28:25.725275 671 gossip/server.go:227  [n?] received initial cluster-verification connection from db9313ae3e97:26257
I200320 19:28:25.725614 696 gossip/client.go:131  [n?] closing client to node_1:26257: stopping outgoing client to n0 (node_1:26257); loopback connection
I200320 19:28:26.726698 707 gossip/client.go:124  [n?] started gossip client to node_1:26257
I200320 19:28:26.727146 711 gossip/server.go:227  [n?] received initial cluster-verification connection from db9313ae3e97:26257
I200320 19:28:26.727413 707 gossip/client.go:131  [n?] closing client to node_1:26257: stopping outgoing client to n0 (node_1:26257); loopback connection
I200320 19:28:27.734271 682 gossip/client.go:124  [n?] started gossip client to node_1:26257
I200320 19:28:27.734615 655 gossip/server.go:227  [n?] received initial cluster-verification connection from db9313ae3e97:26257
I200320 19:28:27.735207 682 gossip/client.go:131  [n?] closing client to node_1:26257: stopping outgoing client to n0 (node_1:26257); loopback connection
I200320 19:28:28.740672 700 gossip/client.go:124  [n?] started gossip client to node_1:26257
I200320 19:28:28.741805 704 gossip/server.go:227  [n?] received initial cluster-verification connection from db9313ae3e97:26257
I200320 19:28:28.742801 700 gossip/client.go:131  [n?] closing client to node_1:26257: stopping outgoing client to n0 (node_1:26257); loopback connection
I200320 19:28:29.743569 705 gossip/client.go:124  [n?] started gossip client to node_1:26257
I200320 19:28:29.744247 724 gossip/server.go:227  [n?] received initial cluster-verification connection from db9313ae3e97:26257
I200320 19:28:29.744618 705 gossip/client.go:131  [n?] closing client to node_1:26257: stopping outgoing client to n0 (node_1:26257); loopback connection
I200320 19:28:30.747420 741 gossip/client.go:124  [n?] started gossip client to node_1:26257
I200320 19:28:30.747715 756 gossip/server.go:227  [n?] received initial cluster-verification connection from db9313ae3e97:26257
I200320 19:28:30.748174 741 gossip/client.go:131  [n?] closing client to node_1:26257: stopping outgoing client to n0 (node_1:26257); loopback connection
I200320 19:28:31.752174 744 gossip/client.go:124  [n?] started gossip client to node_1:26257
I200320 19:28:31.752490 716 gossip/server.go:227  [n?] received initial cluster-verification connection from db9313ae3e97:26257
I200320 19:28:31.752862 744 gossip/client.go:131  [n?] closing client to node_1:26257: stopping outgoing client to n0 (node_1:26257); loopback connection
I200320 19:28:32.351825 1 cli/start.go:865  received signal 'terminated'
I200320 19:28:32.352601 1 cli/start.go:930  initiating graceful shutdown of server
I200320 19:28:32.353084 1 cli/start.go:981  too early to drain; used hard shutdown instead
