I200321 08:21:26.595909 1 util/log/clog.go:1196  [config] file created at: 2020/03/21 08:21:26
I200321 08:21:26.595909 1 util/log/clog.go:1196  [config] running on machine: db9313ae3e97
I200321 08:21:26.595909 1 util/log/clog.go:1196  [config] binary: CockroachDB CCL v19.2.4 (x86_64-unknown-linux-gnu, built 2020/02/06 21:55:19, go1.12.12)
I200321 08:21:26.595909 1 util/log/clog.go:1196  [config] arguments: [/cockroach/cockroach start --insecure --join=node_1]
I200321 08:21:26.595909 1 util/log/clog.go:1196  line format: [IWEF]yymmdd hh:mm:ss.uuuuuu goid file:line msg utf8=✓
I200321 08:21:26.595895 1 cli/start.go:1144  logging to directory /cockroach/cockroach-data/logs
W200321 08:21:26.606813 1 cli/start.go:1182  RUNNING IN INSECURE MODE!

- Your cluster is open for any client that can access <all your IP addresses>.
- Any user, even root, can log in without providing a password.
- Any user, connecting as root, can read or write any data in your cluster.
- There is no network encryption nor authentication, and thus no confidentiality.

Check out how to secure your cluster: https://www.cockroachlabs.com/docs/v19.2/secure-a-cluster.html
I200321 08:21:26.607765 1 server/status/recorder.go:597  available memory from cgroups is unsupported, using system memory 1.9 GiB instead: failed to find cgroup memory limit
W200321 08:21:26.611211 1 cli/start.go:1052  Using the default setting for --cache (128 MiB).
  A significantly larger value is usually needed for good performance.
  If you have a dedicated server a reasonable setting is --cache=.25 (497 MiB).
I200321 08:21:26.611789 1 server/status/recorder.go:597  available memory from cgroups is unsupported, using system memory 1.9 GiB instead: failed to find cgroup memory limit
W200321 08:21:26.611891 1 cli/start.go:1065  Using the default setting for --max-sql-memory (128 MiB).
  A significantly larger value is usually needed in production.
  If you have a dedicated server a reasonable setting is --max-sql-memory=.25 (497 MiB).
I200321 08:21:26.612376 1 server/status/recorder.go:597  available memory from cgroups is unsupported, using system memory 1.9 GiB instead: failed to find cgroup memory limit
I200321 08:21:26.612463 1 cli/start.go:1196  CockroachDB CCL v19.2.4 (x86_64-unknown-linux-gnu, built 2020/02/06 21:55:19, go1.12.12)
I200321 08:21:26.906775 1 server/status/recorder.go:597  available memory from cgroups is unsupported, using system memory 1.9 GiB instead: failed to find cgroup memory limit
I200321 08:21:26.906831 1 server/config.go:394  system total memory: 1.9 GiB
I200321 08:21:26.907102 1 server/config.go:396  server configuration:
max offset             500000000
cache size             128 MiB
SQL memory pool size   128 MiB
scan interval          10m0s
scan min idle time     10ms
scan max idle time     1s
event log enabled      true
I200321 08:21:26.907190 1 cli/start.go:1030  using local environment variables: COCKROACH_CHANNEL=official-docker, COCKROACH_USER=root
I200321 08:21:26.907244 1 cli/start.go:1037  process identity: uid 0 euid 0 gid 0 egid 0
I200321 08:21:26.910418 1 cli/start.go:644  starting cockroach node
I200321 08:21:26.923025 41 storage/engine/rocksdb.go:622  opening rocksdb instance at "/cockroach/cockroach-data/cockroach-temp306093148"
I200321 08:21:27.119172 41 server/server.go:928  [n?] monitoring forward clock jumps based on server.clock.forward_jump_check_enabled
I200321 08:21:27.128463 41 storage/engine/rocksdb.go:622  opening rocksdb instance at "/cockroach/cockroach-data"
I200321 08:21:27.252022 41 server/config.go:502  [n?] 1 storage engine initialized
I200321 08:21:27.252062 41 server/config.go:505  [n?] RocksDB cache size: 128 MiB
I200321 08:21:27.252095 41 server/config.go:505  [n?] store 0: RocksDB, max size 0 B, max open file limit 1043576
W200321 08:21:27.277691 41 gossip/gossip.go:1517  [n?] no incoming or outgoing connections
I200321 08:21:27.277853 41 server/server.go:1386  [n?] no stores bootstrapped and --join flag specified, awaiting init command or join with an already initialized node.
I200321 08:21:27.293807 52 gossip/client.go:124  [n?] started gossip client to node_1:26257
I200321 08:21:27.294168 25 gossip/server.go:227  [n?] received initial cluster-verification connection from db9313ae3e97:26257
I200321 08:21:27.294890 52 gossip/client.go:131  [n?] closing client to node_1:26257: stopping outgoing client to n0 (node_1:26257); loopback connection
I200321 08:21:28.285768 29 gossip/client.go:124  [n?] started gossip client to node_1:26257
I200321 08:21:28.287875 59 gossip/server.go:227  [n?] received initial cluster-verification connection from db9313ae3e97:26257
I200321 08:21:28.290068 29 gossip/client.go:131  [n?] closing client to node_1:26257: stopping outgoing client to n0 (node_1:26257); loopback connection
W200321 08:21:29.279203 92 cli/start.go:996  neither --listen-addr nor --advertise-addr was specified.
The server will advertise "db9313ae3e97" to other nodes, is this routable?

Consider using:
- for local-only servers:  --listen-addr=localhost
- for multi-node clusters: --advertise-addr=<host/IP addr>
I200321 08:21:29.279290 92 cli/start.go:603  initial startup completed.
Node will now attempt to join a running cluster, or wait for `cockroach init`.
Client connections will be accepted after this completes successfully.
Check the log file(s) for progress. 
I200321 08:21:29.288104 63 gossip/client.go:124  [n?] started gossip client to node_1:26257
I200321 08:21:29.288966 126 gossip/server.go:227  [n?] received initial cluster-verification connection from db9313ae3e97:26257
I200321 08:21:29.289156 63 gossip/client.go:131  [n?] closing client to node_1:26257: stopping outgoing client to n0 (node_1:26257); loopback connection
I200321 08:21:30.289242 106 gossip/client.go:124  [n?] started gossip client to node_1:26257
I200321 08:21:30.289565 134 gossip/server.go:227  [n?] received initial cluster-verification connection from db9313ae3e97:26257
I200321 08:21:30.290119 106 gossip/client.go:131  [n?] closing client to node_1:26257: stopping outgoing client to n0 (node_1:26257); loopback connection
I200321 08:21:31.294533 110 gossip/client.go:124  [n?] started gossip client to node_1:26257
I200321 08:21:31.295245 162 gossip/server.go:227  [n?] received initial cluster-verification connection from db9313ae3e97:26257
I200321 08:21:31.295852 110 gossip/client.go:131  [n?] closing client to node_1:26257: stopping outgoing client to n0 (node_1:26257); loopback connection
I200321 08:21:32.297370 150 gossip/client.go:124  [n?] started gossip client to node_1:26257
I200321 08:21:32.298300 164 gossip/server.go:227  [n?] received initial cluster-verification connection from db9313ae3e97:26257
I200321 08:21:32.298726 150 gossip/client.go:131  [n?] closing client to node_1:26257: stopping outgoing client to n0 (node_1:26257); loopback connection
I200321 08:21:33.299790 165 gossip/client.go:124  [n?] started gossip client to node_1:26257
I200321 08:21:33.300170 169 gossip/server.go:227  [n?] received initial cluster-verification connection from db9313ae3e97:26257
I200321 08:21:33.300464 165 gossip/client.go:131  [n?] closing client to node_1:26257: stopping outgoing client to n0 (node_1:26257); loopback connection
I200321 08:21:34.302457 178 gossip/client.go:124  [n?] started gossip client to node_1:26257
I200321 08:21:34.302949 182 gossip/server.go:227  [n?] received initial cluster-verification connection from db9313ae3e97:26257
I200321 08:21:34.303026 178 gossip/client.go:131  [n?] closing client to node_1:26257: stopping outgoing client to n0 (node_1:26257); loopback connection
I200321 08:21:35.305911 173 gossip/client.go:124  [n?] started gossip client to node_1:26257
I200321 08:21:35.306415 184 gossip/server.go:227  [n?] received initial cluster-verification connection from db9313ae3e97:26257
I200321 08:21:35.306874 173 gossip/client.go:131  [n?] closing client to node_1:26257: stopping outgoing client to n0 (node_1:26257); loopback connection
I200321 08:21:36.312199 188 gossip/client.go:124  [n?] started gossip client to node_1:26257
I200321 08:21:36.313346 159 gossip/server.go:227  [n?] received initial cluster-verification connection from db9313ae3e97:26257
I200321 08:21:36.313584 188 gossip/client.go:131  [n?] closing client to node_1:26257: stopping outgoing client to n0 (node_1:26257); loopback connection
I200321 08:21:37.317588 138 gossip/client.go:124  [n?] started gossip client to node_1:26257
I200321 08:21:37.319180 142 gossip/server.go:227  [n?] received initial cluster-verification connection from db9313ae3e97:26257
I200321 08:21:37.320205 138 gossip/client.go:131  [n?] closing client to node_1:26257: stopping outgoing client to n0 (node_1:26257); loopback connection
I200321 08:21:38.320062 143 gossip/client.go:124  [n?] started gossip client to node_1:26257
I200321 08:21:38.320572 177 gossip/server.go:227  [n?] received initial cluster-verification connection from db9313ae3e97:26257
I200321 08:21:38.321092 143 gossip/client.go:131  [n?] closing client to node_1:26257: stopping outgoing client to n0 (node_1:26257); loopback connection
I200321 08:21:39.323790 213 gossip/client.go:124  [n?] started gossip client to node_1:26257
I200321 08:21:39.323943 227 gossip/server.go:227  [n?] received initial cluster-verification connection from db9313ae3e97:26257
I200321 08:21:39.324190 213 gossip/client.go:131  [n?] closing client to node_1:26257: stopping outgoing client to n0 (node_1:26257); loopback connection
I200321 08:21:40.328727 231 gossip/client.go:124  [n?] started gossip client to node_1:26257
I200321 08:21:40.328919 197 gossip/server.go:227  [n?] received initial cluster-verification connection from db9313ae3e97:26257
I200321 08:21:40.329165 231 gossip/client.go:131  [n?] closing client to node_1:26257: stopping outgoing client to n0 (node_1:26257); loopback connection
I200321 08:21:41.336958 234 gossip/client.go:124  [n?] started gossip client to node_1:26257
I200321 08:21:41.337805 220 gossip/server.go:227  [n?] received initial cluster-verification connection from db9313ae3e97:26257
I200321 08:21:41.338285 234 gossip/client.go:131  [n?] closing client to node_1:26257: stopping outgoing client to n0 (node_1:26257); loopback connection
I200321 08:21:42.340698 238 gossip/client.go:124  [n?] started gossip client to node_1:26257
I200321 08:21:42.342368 222 gossip/server.go:227  [n?] received initial cluster-verification connection from db9313ae3e97:26257
I200321 08:21:42.342589 238 gossip/client.go:131  [n?] closing client to node_1:26257: stopping outgoing client to n0 (node_1:26257); loopback connection
I200321 08:21:43.342922 204 gossip/client.go:124  [n?] started gossip client to node_1:26257
I200321 08:21:43.343383 208 gossip/server.go:227  [n?] received initial cluster-verification connection from db9313ae3e97:26257
I200321 08:21:43.343910 204 gossip/client.go:131  [n?] closing client to node_1:26257: stopping outgoing client to n0 (node_1:26257); loopback connection
I200321 08:21:44.345871 244 gossip/client.go:124  [n?] started gossip client to node_1:26257
I200321 08:21:44.346272 192 gossip/server.go:227  [n?] received initial cluster-verification connection from db9313ae3e97:26257
I200321 08:21:44.346443 244 gossip/client.go:131  [n?] closing client to node_1:26257: stopping outgoing client to n0 (node_1:26257); loopback connection
I200321 08:21:45.314592 224 gossip/client.go:124  [n?] started gossip client to node_1:26257
I200321 08:21:45.315237 258 gossip/server.go:227  [n?] received initial cluster-verification connection from db9313ae3e97:26257
I200321 08:21:45.315676 224 gossip/client.go:131  [n?] closing client to node_1:26257: stopping outgoing client to n0 (node_1:26257); loopback connection
I200321 08:21:46.319619 252 gossip/client.go:124  [n?] started gossip client to node_1:26257
I200321 08:21:46.320879 277 gossip/server.go:227  [n?] received initial cluster-verification connection from db9313ae3e97:26257
I200321 08:21:46.321329 252 gossip/client.go:131  [n?] closing client to node_1:26257: stopping outgoing client to n0 (node_1:26257); loopback connection
I200321 08:21:47.322486 255 gossip/client.go:124  [n?] started gossip client to node_1:26257
I200321 08:21:47.323043 279 gossip/server.go:227  [n?] received initial cluster-verification connection from db9313ae3e97:26257
I200321 08:21:47.323356 255 gossip/client.go:131  [n?] closing client to node_1:26257: stopping outgoing client to n0 (node_1:26257); loopback connection
I200321 08:21:48.324535 291 gossip/client.go:124  [n?] started gossip client to node_1:26257
I200321 08:21:48.325026 284 gossip/server.go:227  [n?] received initial cluster-verification connection from db9313ae3e97:26257
I200321 08:21:48.325327 291 gossip/client.go:131  [n?] closing client to node_1:26257: stopping outgoing client to n0 (node_1:26257); loopback connection
I200321 08:21:49.326501 285 gossip/client.go:124  [n?] started gossip client to node_1:26257
I200321 08:21:49.326932 266 gossip/server.go:227  [n?] received initial cluster-verification connection from db9313ae3e97:26257
I200321 08:21:49.327142 285 gossip/client.go:131  [n?] closing client to node_1:26257: stopping outgoing client to n0 (node_1:26257); loopback connection
I200321 08:21:50.328564 294 gossip/client.go:124  [n?] started gossip client to node_1:26257
I200321 08:21:50.329053 271 gossip/server.go:227  [n?] received initial cluster-verification connection from db9313ae3e97:26257
I200321 08:21:50.329190 294 gossip/client.go:131  [n?] closing client to node_1:26257: stopping outgoing client to n0 (node_1:26257); loopback connection
I200321 08:21:51.330379 300 gossip/client.go:124  [n?] started gossip client to node_1:26257
I200321 08:21:51.331188 307 gossip/server.go:227  [n?] received initial cluster-verification connection from db9313ae3e97:26257
I200321 08:21:51.331499 300 gossip/client.go:131  [n?] closing client to node_1:26257: stopping outgoing client to n0 (node_1:26257); loopback connection
I200321 08:21:52.333299 303 gossip/client.go:124  [n?] started gossip client to node_1:26257
I200321 08:21:52.333596 273 gossip/server.go:227  [n?] received initial cluster-verification connection from db9313ae3e97:26257
I200321 08:21:52.334065 303 gossip/client.go:131  [n?] closing client to node_1:26257: stopping outgoing client to n0 (node_1:26257); loopback connection
I200321 08:21:53.335673 288 gossip/client.go:124  [n?] started gossip client to node_1:26257
I200321 08:21:53.336040 355 gossip/server.go:227  [n?] received initial cluster-verification connection from db9313ae3e97:26257
I200321 08:21:53.336520 288 gossip/client.go:131  [n?] closing client to node_1:26257: stopping outgoing client to n0 (node_1:26257); loopback connection
I200321 08:21:54.338084 339 gossip/client.go:124  [n?] started gossip client to node_1:26257
I200321 08:21:54.338534 358 gossip/server.go:227  [n?] received initial cluster-verification connection from db9313ae3e97:26257
I200321 08:21:54.338861 339 gossip/client.go:131  [n?] closing client to node_1:26257: stopping outgoing client to n0 (node_1:26257); loopback connection
I200321 08:21:55.345143 328 gossip/client.go:124  [n?] started gossip client to node_1:26257
I200321 08:21:55.345560 312 gossip/server.go:227  [n?] received initial cluster-verification connection from db9313ae3e97:26257
I200321 08:21:55.345938 328 gossip/client.go:131  [n?] closing client to node_1:26257: stopping outgoing client to n0 (node_1:26257); loopback connection
I200321 08:21:56.348819 345 gossip/client.go:124  [n?] started gossip client to node_1:26257
I200321 08:21:56.349273 317 gossip/server.go:227  [n?] received initial cluster-verification connection from db9313ae3e97:26257
I200321 08:21:56.349680 345 gossip/client.go:131  [n?] closing client to node_1:26257: stopping outgoing client to n0 (node_1:26257); loopback connection
W200321 08:21:57.253038 348 cli/start.go:634  The server appears to be unable to contact the other nodes in the cluster. Please try:

- starting the other nodes, if you haven't already;
- double-checking that the '--join' and '--listen'/'--advertise' flags are set up correctly;
- running the 'cockroach init' command if you are trying to initialize a new cluster.

If problems persist, please see https://www.cockroachlabs.com/docs/v19.2/cluster-setup-troubleshooting.html.
I200321 08:21:57.354909 331 gossip/client.go:124  [n?] started gossip client to node_1:26257
I200321 08:21:57.355306 370 gossip/server.go:227  [n?] received initial cluster-verification connection from db9313ae3e97:26257
I200321 08:21:57.355486 331 gossip/client.go:131  [n?] closing client to node_1:26257: stopping outgoing client to n0 (node_1:26257); loopback connection
I200321 08:21:58.358297 334 gossip/client.go:124  [n?] started gossip client to node_1:26257
I200321 08:21:58.358934 386 gossip/server.go:227  [n?] received initial cluster-verification connection from db9313ae3e97:26257
I200321 08:21:58.359231 334 gossip/client.go:131  [n?] closing client to node_1:26257: stopping outgoing client to n0 (node_1:26257); loopback connection
I200321 08:21:59.363112 362 gossip/client.go:124  [n?] started gossip client to node_1:26257
I200321 08:21:59.363927 375 gossip/server.go:227  [n?] received initial cluster-verification connection from db9313ae3e97:26257
I200321 08:21:59.364826 362 gossip/client.go:131  [n?] closing client to node_1:26257: stopping outgoing client to n0 (node_1:26257); loopback connection
I200321 08:22:00.368522 365 gossip/client.go:124  [n?] started gossip client to node_1:26257
I200321 08:22:00.369028 392 gossip/server.go:227  [n?] received initial cluster-verification connection from db9313ae3e97:26257
I200321 08:22:00.369472 365 gossip/client.go:131  [n?] closing client to node_1:26257: stopping outgoing client to n0 (node_1:26257); loopback connection
I200321 08:22:01.371436 393 gossip/client.go:124  [n?] started gossip client to node_1:26257
I200321 08:22:01.372326 319 gossip/server.go:227  [n?] received initial cluster-verification connection from db9313ae3e97:26257
I200321 08:22:01.372683 393 gossip/client.go:131  [n?] closing client to node_1:26257: stopping outgoing client to n0 (node_1:26257); loopback connection
I200321 08:22:02.376454 403 gossip/client.go:124  [n?] started gossip client to node_1:26257
I200321 08:22:02.377131 407 gossip/server.go:227  [n?] received initial cluster-verification connection from db9313ae3e97:26257
I200321 08:22:02.377336 403 gossip/client.go:131  [n?] closing client to node_1:26257: stopping outgoing client to n0 (node_1:26257); loopback connection
I200321 08:22:03.381154 408 gossip/client.go:124  [n?] started gossip client to node_1:26257
I200321 08:22:03.381994 397 gossip/server.go:227  [n?] received initial cluster-verification connection from db9313ae3e97:26257
I200321 08:22:03.382394 408 gossip/client.go:131  [n?] closing client to node_1:26257: stopping outgoing client to n0 (node_1:26257); loopback connection
I200321 08:22:04.383097 422 gossip/client.go:124  [n?] started gossip client to node_1:26257
I200321 08:22:04.383658 412 gossip/server.go:227  [n?] received initial cluster-verification connection from db9313ae3e97:26257
I200321 08:22:04.383778 422 gossip/client.go:131  [n?] closing client to node_1:26257: stopping outgoing client to n0 (node_1:26257); loopback connection
I200321 08:22:05.386846 413 gossip/client.go:124  [n?] started gossip client to node_1:26257
I200321 08:22:05.387499 401 gossip/server.go:227  [n?] received initial cluster-verification connection from db9313ae3e97:26257
I200321 08:22:05.388435 413 gossip/client.go:131  [n?] closing client to node_1:26257: stopping outgoing client to n0 (node_1:26257); loopback connection
I200321 08:22:06.390401 384 gossip/client.go:124  [n?] started gossip client to node_1:26257
I200321 08:22:06.391238 435 gossip/server.go:227  [n?] received initial cluster-verification connection from db9313ae3e97:26257
I200321 08:22:06.392016 384 gossip/client.go:131  [n?] closing client to node_1:26257: stopping outgoing client to n0 (node_1:26257); loopback connection
I200321 08:22:07.393933 425 gossip/client.go:124  [n?] started gossip client to node_1:26257
I200321 08:22:07.394285 452 gossip/server.go:227  [n?] received initial cluster-verification connection from db9313ae3e97:26257
I200321 08:22:07.394809 425 gossip/client.go:131  [n?] closing client to node_1:26257: stopping outgoing client to n0 (node_1:26257); loopback connection
I200321 08:22:08.397879 442 gossip/client.go:124  [n?] started gossip client to node_1:26257
I200321 08:22:08.398170 429 gossip/server.go:227  [n?] received initial cluster-verification connection from db9313ae3e97:26257
I200321 08:22:08.398497 442 gossip/client.go:131  [n?] closing client to node_1:26257: stopping outgoing client to n0 (node_1:26257); loopback connection
I200321 08:22:09.400162 417 gossip/client.go:124  [n?] started gossip client to node_1:26257
I200321 08:22:09.400435 468 gossip/server.go:227  [n?] received initial cluster-verification connection from db9313ae3e97:26257
I200321 08:22:09.400722 417 gossip/client.go:131  [n?] closing client to node_1:26257: stopping outgoing client to n0 (node_1:26257); loopback connection
I200321 08:22:10.403137 469 gossip/client.go:124  [n?] started gossip client to node_1:26257
I200321 08:22:10.403455 483 gossip/server.go:227  [n?] received initial cluster-verification connection from db9313ae3e97:26257
I200321 08:22:10.403876 469 gossip/client.go:131  [n?] closing client to node_1:26257: stopping outgoing client to n0 (node_1:26257); loopback connection
I200321 08:22:11.408071 484 gossip/client.go:124  [n?] started gossip client to node_1:26257
I200321 08:22:11.408500 498 gossip/server.go:227  [n?] received initial cluster-verification connection from db9313ae3e97:26257
I200321 08:22:11.409047 484 gossip/client.go:131  [n?] closing client to node_1:26257: stopping outgoing client to n0 (node_1:26257); loopback connection
I200321 08:22:12.410699 500 gossip/client.go:124  [n?] started gossip client to node_1:26257
I200321 08:22:12.411123 504 gossip/server.go:227  [n?] received initial cluster-verification connection from db9313ae3e97:26257
I200321 08:22:12.411417 500 gossip/client.go:131  [n?] closing client to node_1:26257: stopping outgoing client to n0 (node_1:26257); loopback connection
I200321 08:22:13.414067 490 gossip/client.go:124  [n?] started gossip client to node_1:26257
I200321 08:22:13.415174 506 gossip/server.go:227  [n?] received initial cluster-verification connection from db9313ae3e97:26257
I200321 08:22:13.415579 490 gossip/client.go:131  [n?] closing client to node_1:26257: stopping outgoing client to n0 (node_1:26257); loopback connection
I200321 08:22:14.416550 493 gossip/client.go:124  [n?] started gossip client to node_1:26257
I200321 08:22:14.416976 457 gossip/server.go:227  [n?] received initial cluster-verification connection from db9313ae3e97:26257
I200321 08:22:14.417511 493 gossip/client.go:131  [n?] closing client to node_1:26257: stopping outgoing client to n0 (node_1:26257); loopback connection
I200321 08:22:15.386372 481 gossip/client.go:124  [n?] started gossip client to node_1:26257
I200321 08:22:15.387111 459 gossip/server.go:227  [n?] received initial cluster-verification connection from db9313ae3e97:26257
I200321 08:22:15.387647 481 gossip/client.go:131  [n?] closing client to node_1:26257: stopping outgoing client to n0 (node_1:26257); loopback connection
I200321 08:22:16.389269 519 gossip/client.go:124  [n?] started gossip client to node_1:26257
I200321 08:22:16.389816 509 gossip/server.go:227  [n?] received initial cluster-verification connection from db9313ae3e97:26257
I200321 08:22:16.390215 519 gossip/client.go:131  [n?] closing client to node_1:26257: stopping outgoing client to n0 (node_1:26257); loopback connection
I200321 08:22:17.394198 510 gossip/client.go:124  [n?] started gossip client to node_1:26257
I200321 08:22:17.394665 523 gossip/server.go:227  [n?] received initial cluster-verification connection from db9313ae3e97:26257
I200321 08:22:17.395365 510 gossip/client.go:131  [n?] closing client to node_1:26257: stopping outgoing client to n0 (node_1:26257); loopback connection
I200321 08:22:18.400271 463 gossip/client.go:124  [n?] started gossip client to node_1:26257
I200321 08:22:18.401580 531 gossip/server.go:227  [n?] received initial cluster-verification connection from db9313ae3e97:26257
I200321 08:22:18.402043 463 gossip/client.go:131  [n?] closing client to node_1:26257: stopping outgoing client to n0 (node_1:26257); loopback connection
I200321 08:22:19.403451 547 gossip/client.go:124  [n?] started gossip client to node_1:26257
I200321 08:22:19.404142 562 gossip/server.go:227  [n?] received initial cluster-verification connection from db9313ae3e97:26257
I200321 08:22:19.405058 547 gossip/client.go:131  [n?] closing client to node_1:26257: stopping outgoing client to n0 (node_1:26257); loopback connection
I200321 08:22:20.409042 563 gossip/client.go:124  [n?] started gossip client to node_1:26257
I200321 08:22:20.411667 551 gossip/server.go:227  [n?] received initial cluster-verification connection from db9313ae3e97:26257
I200321 08:22:20.411884 563 gossip/client.go:131  [n?] closing client to node_1:26257: stopping outgoing client to n0 (node_1:26257); loopback connection
I200321 08:22:21.411915 556 gossip/client.go:124  [n?] started gossip client to node_1:26257
I200321 08:22:21.413089 567 gossip/server.go:227  [n?] received initial cluster-verification connection from db9313ae3e97:26257
I200321 08:22:21.413348 556 gossip/client.go:131  [n?] closing client to node_1:26257: stopping outgoing client to n0 (node_1:26257); loopback connection
I200321 08:22:22.416163 571 gossip/client.go:124  [n?] started gossip client to node_1:26257
I200321 08:22:22.417385 560 gossip/server.go:227  [n?] received initial cluster-verification connection from db9313ae3e97:26257
I200321 08:22:22.417925 571 gossip/client.go:131  [n?] closing client to node_1:26257: stopping outgoing client to n0 (node_1:26257); loopback connection
I200321 08:22:23.418116 574 gossip/client.go:124  [n?] started gossip client to node_1:26257
I200321 08:22:23.418781 576 gossip/server.go:227  [n?] received initial cluster-verification connection from db9313ae3e97:26257
I200321 08:22:23.418980 574 gossip/client.go:131  [n?] closing client to node_1:26257: stopping outgoing client to n0 (node_1:26257); loopback connection
I200321 08:22:24.420559 538 gossip/client.go:124  [n?] started gossip client to node_1:26257
I200321 08:22:24.421047 542 gossip/server.go:227  [n?] received initial cluster-verification connection from db9313ae3e97:26257
I200321 08:22:24.421223 538 gossip/client.go:131  [n?] closing client to node_1:26257: stopping outgoing client to n0 (node_1:26257); loopback connection
I200321 08:22:25.423004 610 gossip/client.go:124  [n?] started gossip client to node_1:26257
I200321 08:22:25.423397 614 gossip/server.go:227  [n?] received initial cluster-verification connection from db9313ae3e97:26257
I200321 08:22:25.423586 610 gossip/client.go:131  [n?] closing client to node_1:26257: stopping outgoing client to n0 (node_1:26257); loopback connection
I200321 08:22:26.425382 615 gossip/client.go:124  [n?] started gossip client to node_1:26257
I200321 08:22:26.425788 619 gossip/server.go:227  [n?] received initial cluster-verification connection from db9313ae3e97:26257
I200321 08:22:26.426042 615 gossip/client.go:131  [n?] closing client to node_1:26257: stopping outgoing client to n0 (node_1:26257); loopback connection
I200321 08:22:27.429653 626 gossip/client.go:124  [n?] started gossip client to node_1:26257
I200321 08:22:27.430676 599 gossip/server.go:227  [n?] received initial cluster-verification connection from db9313ae3e97:26257
I200321 08:22:27.431835 626 gossip/client.go:131  [n?] closing client to node_1:26257: stopping outgoing client to n0 (node_1:26257); loopback connection
I200321 08:22:28.436872 600 gossip/client.go:124  [n?] started gossip client to node_1:26257
I200321 08:22:28.437118 580 gossip/server.go:227  [n?] received initial cluster-verification connection from db9313ae3e97:26257
I200321 08:22:28.437672 600 gossip/client.go:131  [n?] closing client to node_1:26257: stopping outgoing client to n0 (node_1:26257); loopback connection
I200321 08:22:29.439908 581 gossip/client.go:124  [n?] started gossip client to node_1:26257
I200321 08:22:29.440600 633 gossip/server.go:227  [n?] received initial cluster-verification connection from db9313ae3e97:26257
I200321 08:22:29.440773 581 gossip/client.go:131  [n?] closing client to node_1:26257: stopping outgoing client to n0 (node_1:26257); loopback connection
I200321 08:22:30.441867 587 gossip/client.go:124  [n?] started gossip client to node_1:26257
I200321 08:22:30.442308 636 gossip/server.go:227  [n?] received initial cluster-verification connection from db9313ae3e97:26257
I200321 08:22:30.443045 587 gossip/client.go:131  [n?] closing client to node_1:26257: stopping outgoing client to n0 (node_1:26257); loopback connection
I200321 08:22:31.445575 637 gossip/client.go:124  [n?] started gossip client to node_1:26257
I200321 08:22:31.446000 625 gossip/server.go:227  [n?] received initial cluster-verification connection from db9313ae3e97:26257
I200321 08:22:31.446323 637 gossip/client.go:131  [n?] closing client to node_1:26257: stopping outgoing client to n0 (node_1:26257); loopback connection
I200321 08:22:32.447560 609 gossip/client.go:124  [n?] started gossip client to node_1:26257
I200321 08:22:32.448076 659 gossip/server.go:227  [n?] received initial cluster-verification connection from db9313ae3e97:26257
I200321 08:22:32.448362 609 gossip/client.go:131  [n?] closing client to node_1:26257: stopping outgoing client to n0 (node_1:26257); loopback connection
I200321 08:22:33.452476 644 gossip/client.go:124  [n?] started gossip client to node_1:26257
I200321 08:22:33.453494 677 gossip/server.go:227  [n?] received initial cluster-verification connection from db9313ae3e97:26257
I200321 08:22:33.453965 644 gossip/client.go:131  [n?] closing client to node_1:26257: stopping outgoing client to n0 (node_1:26257); loopback connection
I200321 08:22:34.455420 664 gossip/client.go:124  [n?] started gossip client to node_1:26257
I200321 08:22:34.456090 679 gossip/server.go:227  [n?] received initial cluster-verification connection from db9313ae3e97:26257
I200321 08:22:34.456514 664 gossip/client.go:131  [n?] closing client to node_1:26257: stopping outgoing client to n0 (node_1:26257); loopback connection
I200321 08:22:35.458201 650 gossip/client.go:124  [n?] started gossip client to node_1:26257
I200321 08:22:35.458849 681 gossip/server.go:227  [n?] received initial cluster-verification connection from db9313ae3e97:26257
I200321 08:22:35.459065 650 gossip/client.go:131  [n?] closing client to node_1:26257: stopping outgoing client to n0 (node_1:26257); loopback connection
I200321 08:22:36.463142 667 gossip/client.go:124  [n?] started gossip client to node_1:26257
I200321 08:22:36.463593 654 gossip/server.go:227  [n?] received initial cluster-verification connection from db9313ae3e97:26257
I200321 08:22:36.464092 667 gossip/client.go:131  [n?] closing client to node_1:26257: stopping outgoing client to n0 (node_1:26257); loopback connection
I200321 08:22:37.467301 690 gossip/client.go:124  [n?] started gossip client to node_1:26257
I200321 08:22:37.468268 694 gossip/server.go:227  [n?] received initial cluster-verification connection from db9313ae3e97:26257
I200321 08:22:37.468643 690 gossip/client.go:131  [n?] closing client to node_1:26257: stopping outgoing client to n0 (node_1:26257); loopback connection
I200321 08:22:38.473033 695 gossip/client.go:124  [n?] started gossip client to node_1:26257
I200321 08:22:38.473310 706 gossip/server.go:227  [n?] received initial cluster-verification connection from db9313ae3e97:26257
I200321 08:22:38.473815 695 gossip/client.go:131  [n?] closing client to node_1:26257: stopping outgoing client to n0 (node_1:26257); loopback connection
I200321 08:22:39.475958 707 gossip/client.go:124  [n?] started gossip client to node_1:26257
I200321 08:22:39.476491 723 gossip/server.go:227  [n?] received initial cluster-verification connection from db9313ae3e97:26257
I200321 08:22:39.476621 707 gossip/client.go:131  [n?] closing client to node_1:26257: stopping outgoing client to n0 (node_1:26257); loopback connection
I200321 08:22:40.483910 698 gossip/client.go:124  [n?] started gossip client to node_1:26257
I200321 08:22:40.485023 702 gossip/server.go:227  [n?] received initial cluster-verification connection from db9313ae3e97:26257
I200321 08:22:40.485846 698 gossip/client.go:131  [n?] closing client to node_1:26257: stopping outgoing client to n0 (node_1:26257); loopback connection
I200321 08:22:41.491506 640 gossip/client.go:124  [n?] started gossip client to node_1:26257
I200321 08:22:41.491881 740 gossip/server.go:227  [n?] received initial cluster-verification connection from db9313ae3e97:26257
I200321 08:22:41.492101 640 gossip/client.go:131  [n?] closing client to node_1:26257: stopping outgoing client to n0 (node_1:26257); loopback connection
I200321 08:22:42.494834 716 gossip/client.go:124  [n?] started gossip client to node_1:26257
I200321 08:22:42.495487 725 gossip/server.go:227  [n?] received initial cluster-verification connection from db9313ae3e97:26257
I200321 08:22:42.495887 716 gossip/client.go:131  [n?] closing client to node_1:26257: stopping outgoing client to n0 (node_1:26257); loopback connection
I200321 08:22:43.497025 741 gossip/client.go:124  [n?] started gossip client to node_1:26257
I200321 08:22:43.497636 759 gossip/server.go:227  [n?] received initial cluster-verification connection from db9313ae3e97:26257
I200321 08:22:43.498072 741 gossip/client.go:131  [n?] closing client to node_1:26257: stopping outgoing client to n0 (node_1:26257); loopback connection
I200321 08:22:44.498974 744 gossip/client.go:124  [n?] started gossip client to node_1:26257
I200321 08:22:44.499300 761 gossip/server.go:227  [n?] received initial cluster-verification connection from db9313ae3e97:26257
I200321 08:22:44.499920 744 gossip/client.go:131  [n?] closing client to node_1:26257: stopping outgoing client to n0 (node_1:26257); loopback connection
I200321 08:22:45.470390 748 gossip/client.go:124  [n?] started gossip client to node_1:26257
I200321 08:22:45.471128 720 gossip/server.go:227  [n?] received initial cluster-verification connection from db9313ae3e97:26257
I200321 08:22:45.471561 748 gossip/client.go:131  [n?] closing client to node_1:26257: stopping outgoing client to n0 (node_1:26257); loopback connection
I200321 08:22:46.472509 751 gossip/client.go:124  [n?] started gossip client to node_1:26257
I200321 08:22:46.472980 730 gossip/server.go:227  [n?] received initial cluster-verification connection from db9313ae3e97:26257
I200321 08:22:46.473795 751 gossip/client.go:131  [n?] closing client to node_1:26257: stopping outgoing client to n0 (node_1:26257); loopback connection
I200321 08:22:47.477005 772 gossip/client.go:124  [n?] started gossip client to node_1:26257
I200321 08:22:47.477555 732 gossip/server.go:227  [n?] received initial cluster-verification connection from db9313ae3e97:26257
I200321 08:22:47.477722 772 gossip/client.go:131  [n?] closing client to node_1:26257: stopping outgoing client to n0 (node_1:26257); loopback connection
I200321 08:22:48.481333 737 gossip/client.go:124  [n?] started gossip client to node_1:26257
I200321 08:22:48.481645 803 gossip/server.go:227  [n?] received initial cluster-verification connection from db9313ae3e97:26257
I200321 08:22:48.481879 737 gossip/client.go:131  [n?] closing client to node_1:26257: stopping outgoing client to n0 (node_1:26257); loopback connection
I200321 08:22:49.483905 819 gossip/client.go:124  [n?] started gossip client to node_1:26257
I200321 08:22:49.484311 789 gossip/server.go:227  [n?] received initial cluster-verification connection from db9313ae3e97:26257
I200321 08:22:49.484402 819 gossip/client.go:131  [n?] closing client to node_1:26257: stopping outgoing client to n0 (node_1:26257); loopback connection
I200321 08:22:50.489475 778 gossip/client.go:124  [n?] started gossip client to node_1:26257
I200321 08:22:50.490481 805 gossip/server.go:227  [n?] received initial cluster-verification connection from db9313ae3e97:26257
I200321 08:22:50.491405 778 gossip/client.go:131  [n?] closing client to node_1:26257: stopping outgoing client to n0 (node_1:26257); loopback connection
I200321 08:22:51.494069 807 gossip/client.go:124  [n?] started gossip client to node_1:26257
I200321 08:22:51.494451 794 gossip/server.go:227  [n?] received initial cluster-verification connection from db9313ae3e97:26257
I200321 08:22:51.495269 807 gossip/client.go:131  [n?] closing client to node_1:26257: stopping outgoing client to n0 (node_1:26257); loopback connection
I200321 08:22:52.498828 781 gossip/client.go:124  [n?] started gossip client to node_1:26257
I200321 08:22:52.499367 823 gossip/server.go:227  [n?] received initial cluster-verification connection from db9313ae3e97:26257
I200321 08:22:52.499866 781 gossip/client.go:131  [n?] closing client to node_1:26257: stopping outgoing client to n0 (node_1:26257); loopback connection
I200321 08:22:53.506173 801 gossip/client.go:124  [n?] started gossip client to node_1:26257
I200321 08:22:53.506242 825 gossip/server.go:227  [n?] received initial cluster-verification connection from db9313ae3e97:26257
I200321 08:22:53.506808 801 gossip/client.go:131  [n?] closing client to node_1:26257: stopping outgoing client to n0 (node_1:26257); loopback connection
I200321 08:22:54.510528 811 gossip/client.go:124  [n?] started gossip client to node_1:26257
I200321 08:22:54.511091 785 gossip/server.go:227  [n?] received initial cluster-verification connection from db9313ae3e97:26257
I200321 08:22:54.511253 811 gossip/client.go:131  [n?] closing client to node_1:26257: stopping outgoing client to n0 (node_1:26257); loopback connection
I200321 08:22:55.516842 839 gossip/client.go:124  [n?] started gossip client to node_1:26257
I200321 08:22:55.517205 827 gossip/server.go:227  [n?] received initial cluster-verification connection from db9313ae3e97:26257
I200321 08:22:55.517530 839 gossip/client.go:131  [n?] closing client to node_1:26257: stopping outgoing client to n0 (node_1:26257); loopback connection
I200321 08:22:56.520229 828 gossip/client.go:124  [n?] started gossip client to node_1:26257
I200321 08:22:56.521323 854 gossip/server.go:227  [n?] received initial cluster-verification connection from db9313ae3e97:26257
I200321 08:22:56.521569 828 gossip/client.go:131  [n?] closing client to node_1:26257: stopping outgoing client to n0 (node_1:26257); loopback connection
I200321 08:22:57.530573 842 gossip/client.go:124  [n?] started gossip client to node_1:26257
I200321 08:22:57.530791 817 gossip/server.go:227  [n?] received initial cluster-verification connection from db9313ae3e97:26257
I200321 08:22:57.531321 842 gossip/client.go:131  [n?] closing client to node_1:26257: stopping outgoing client to n0 (node_1:26257); loopback connection
I200321 08:22:58.535880 866 gossip/client.go:124  [n?] started gossip client to node_1:26257
I200321 08:22:58.536938 833 gossip/server.go:227  [n?] received initial cluster-verification connection from db9313ae3e97:26257
I200321 08:22:58.537509 866 gossip/client.go:131  [n?] closing client to node_1:26257: stopping outgoing client to n0 (node_1:26257); loopback connection
I200321 08:22:59.536977 883 gossip/client.go:124  [n?] started gossip client to node_1:26257
I200321 08:22:59.537861 844 gossip/server.go:227  [n?] received initial cluster-verification connection from db9313ae3e97:26257
I200321 08:22:59.538156 883 gossip/client.go:131  [n?] closing client to node_1:26257: stopping outgoing client to n0 (node_1:26257); loopback connection
I200321 08:23:00.541310 901 gossip/client.go:124  [n?] started gossip client to node_1:26257
I200321 08:23:00.541899 871 gossip/server.go:227  [n?] received initial cluster-verification connection from db9313ae3e97:26257
I200321 08:23:00.542219 901 gossip/client.go:131  [n?] closing client to node_1:26257: stopping outgoing client to n0 (node_1:26257); loopback connection
I200321 08:23:01.544341 872 gossip/client.go:124  [n?] started gossip client to node_1:26257
I200321 08:23:01.544984 887 gossip/server.go:227  [n?] received initial cluster-verification connection from db9313ae3e97:26257
I200321 08:23:01.545160 872 gossip/client.go:131  [n?] closing client to node_1:26257: stopping outgoing client to n0 (node_1:26257); loopback connection
I200321 08:23:02.545181 907 gossip/client.go:124  [n?] started gossip client to node_1:26257
I200321 08:23:02.545514 876 gossip/server.go:227  [n?] received initial cluster-verification connection from db9313ae3e97:26257
I200321 08:23:02.545909 907 gossip/client.go:131  [n?] closing client to node_1:26257: stopping outgoing client to n0 (node_1:26257); loopback connection
I200321 08:23:03.548279 877 gossip/client.go:124  [n?] started gossip client to node_1:26257
I200321 08:23:03.548510 914 gossip/server.go:227  [n?] received initial cluster-verification connection from db9313ae3e97:26257
I200321 08:23:03.548943 877 gossip/client.go:131  [n?] closing client to node_1:26257: stopping outgoing client to n0 (node_1:26257); loopback connection
I200321 08:23:04.550252 915 gossip/client.go:124  [n?] started gossip client to node_1:26257
I200321 08:23:04.550472 918 gossip/server.go:227  [n?] received initial cluster-verification connection from db9313ae3e97:26257
I200321 08:23:04.550837 915 gossip/client.go:131  [n?] closing client to node_1:26257: stopping outgoing client to n0 (node_1:26257); loopback connection
I200321 08:23:05.552140 919 gossip/client.go:124  [n?] started gossip client to node_1:26257
I200321 08:23:05.552607 923 gossip/server.go:227  [n?] received initial cluster-verification connection from db9313ae3e97:26257
I200321 08:23:05.553054 919 gossip/client.go:131  [n?] closing client to node_1:26257: stopping outgoing client to n0 (node_1:26257); loopback connection
I200321 08:23:06.557977 895 gossip/client.go:124  [n?] started gossip client to node_1:26257
I200321 08:23:06.558486 926 gossip/server.go:227  [n?] received initial cluster-verification connection from db9313ae3e97:26257
I200321 08:23:06.558976 895 gossip/client.go:131  [n?] closing client to node_1:26257: stopping outgoing client to n0 (node_1:26257); loopback connection
I200321 08:23:07.561486 934 gossip/client.go:124  [n?] started gossip client to node_1:26257
I200321 08:23:07.561960 938 gossip/server.go:227  [n?] received initial cluster-verification connection from db9313ae3e97:26257
I200321 08:23:07.562357 934 gossip/client.go:131  [n?] closing client to node_1:26257: stopping outgoing client to n0 (node_1:26257); loopback connection
I200321 08:23:08.571216 948 gossip/client.go:124  [n?] started gossip client to node_1:26257
I200321 08:23:08.572362 963 gossip/server.go:227  [n?] received initial cluster-verification connection from db9313ae3e97:26257
I200321 08:23:08.572795 948 gossip/client.go:131  [n?] closing client to node_1:26257: stopping outgoing client to n0 (node_1:26257); loopback connection
I200321 08:23:09.575876 964 gossip/client.go:124  [n?] started gossip client to node_1:26257
I200321 08:23:09.576236 942 gossip/server.go:227  [n?] received initial cluster-verification connection from db9313ae3e97:26257
I200321 08:23:09.577322 964 gossip/client.go:131  [n?] closing client to node_1:26257: stopping outgoing client to n0 (node_1:26257); loopback connection
I200321 08:23:10.578205 950 gossip/client.go:124  [n?] started gossip client to node_1:26257
I200321 08:23:10.578516 968 gossip/server.go:227  [n?] received initial cluster-verification connection from db9313ae3e97:26257
I200321 08:23:10.578926 950 gossip/client.go:131  [n?] closing client to node_1:26257: stopping outgoing client to n0 (node_1:26257); loopback connection
I200321 08:23:11.582560 943 gossip/client.go:124  [n?] started gossip client to node_1:26257
I200321 08:23:11.583626 973 gossip/server.go:227  [n?] received initial cluster-verification connection from db9313ae3e97:26257
I200321 08:23:11.584544 943 gossip/client.go:131  [n?] closing client to node_1:26257: stopping outgoing client to n0 (node_1:26257); loopback connection
I200321 08:23:12.584493 974 gossip/client.go:124  [n?] started gossip client to node_1:26257
I200321 08:23:12.584981 986 gossip/server.go:227  [n?] received initial cluster-verification connection from db9313ae3e97:26257
I200321 08:23:12.585222 974 gossip/client.go:131  [n?] closing client to node_1:26257: stopping outgoing client to n0 (node_1:26257); loopback connection
I200321 08:23:13.586367 990 gossip/client.go:124  [n?] started gossip client to node_1:26257
I200321 08:23:13.586766 954 gossip/server.go:227  [n?] received initial cluster-verification connection from db9313ae3e97:26257
I200321 08:23:13.586889 990 gossip/client.go:131  [n?] closing client to node_1:26257: stopping outgoing client to n0 (node_1:26257); loopback connection
I200321 08:23:14.597517 996 gossip/client.go:124  [n?] started gossip client to node_1:26257
I200321 08:23:14.598057 1010 gossip/server.go:227  [n?] received initial cluster-verification connection from db9313ae3e97:26257
I200321 08:23:14.598575 996 gossip/client.go:131  [n?] closing client to node_1:26257: stopping outgoing client to n0 (node_1:26257); loopback connection
I200321 08:23:15.569155 1003 gossip/client.go:124  [n?] started gossip client to node_1:26257
I200321 08:23:15.570048 1007 gossip/server.go:227  [n?] received initial cluster-verification connection from db9313ae3e97:26257
I200321 08:23:15.570587 1003 gossip/client.go:131  [n?] closing client to node_1:26257: stopping outgoing client to n0 (node_1:26257); loopback connection
I200321 08:23:16.572691 1011 gossip/client.go:124  [n?] started gossip client to node_1:26257
I200321 08:23:16.573445 956 gossip/server.go:227  [n?] received initial cluster-verification connection from db9313ae3e97:26257
I200321 08:23:16.574151 1011 gossip/client.go:131  [n?] closing client to node_1:26257: stopping outgoing client to n0 (node_1:26257); loopback connection
I200321 08:23:17.578698 957 gossip/client.go:124  [n?] started gossip client to node_1:26257
I200321 08:23:17.579332 1030 gossip/server.go:227  [n?] received initial cluster-verification connection from db9313ae3e97:26257
I200321 08:23:17.579976 957 gossip/client.go:131  [n?] closing client to node_1:26257: stopping outgoing client to n0 (node_1:26257); loopback connection
I200321 08:23:18.582673 1043 gossip/client.go:124  [n?] started gossip client to node_1:26257
I200321 08:23:18.583181 1015 gossip/server.go:227  [n?] received initial cluster-verification connection from db9313ae3e97:26257
I200321 08:23:18.583558 1043 gossip/client.go:131  [n?] closing client to node_1:26257: stopping outgoing client to n0 (node_1:26257); loopback connection
I200321 08:23:19.589644 1049 gossip/client.go:124  [n?] started gossip client to node_1:26257
I200321 08:23:19.590272 1036 gossip/server.go:227  [n?] received initial cluster-verification connection from db9313ae3e97:26257
I200321 08:23:19.590575 1049 gossip/client.go:131  [n?] closing client to node_1:26257: stopping outgoing client to n0 (node_1:26257); loopback connection
I200321 08:23:20.596904 1040 gossip/client.go:124  [n?] started gossip client to node_1:26257
I200321 08:23:20.598204 1060 gossip/server.go:227  [n?] received initial cluster-verification connection from db9313ae3e97:26257
I200321 08:23:20.598683 1040 gossip/client.go:131  [n?] closing client to node_1:26257: stopping outgoing client to n0 (node_1:26257); loopback connection
I200321 08:23:21.601436 961 gossip/client.go:124  [n?] started gossip client to node_1:26257
I200321 08:23:21.603131 1052 gossip/server.go:227  [n?] received initial cluster-verification connection from db9313ae3e97:26257
I200321 08:23:21.603999 961 gossip/client.go:131  [n?] closing client to node_1:26257: stopping outgoing client to n0 (node_1:26257); loopback connection
I200321 08:23:22.607496 1076 gossip/client.go:124  [n?] started gossip client to node_1:26257
I200321 08:23:22.608130 1068 gossip/server.go:227  [n?] received initial cluster-verification connection from db9313ae3e97:26257
I200321 08:23:22.608680 1076 gossip/client.go:131  [n?] closing client to node_1:26257: stopping outgoing client to n0 (node_1:26257); loopback connection
I200321 08:23:23.611784 1056 gossip/client.go:124  [n?] started gossip client to node_1:26257
I200321 08:23:23.612661 1070 gossip/server.go:227  [n?] received initial cluster-verification connection from db9313ae3e97:26257
I200321 08:23:23.613431 1056 gossip/client.go:131  [n?] closing client to node_1:26257: stopping outgoing client to n0 (node_1:26257); loopback connection
I200321 08:23:24.617805 1072 gossip/client.go:124  [n?] started gossip client to node_1:26257
I200321 08:23:24.618710 1082 gossip/server.go:227  [n?] received initial cluster-verification connection from db9313ae3e97:26257
I200321 08:23:24.619234 1072 gossip/client.go:131  [n?] closing client to node_1:26257: stopping outgoing client to n0 (node_1:26257); loopback connection
I200321 08:23:25.623707 1095 gossip/server.go:227  [n?] received initial cluster-verification connection from db9313ae3e97:26257
I200321 08:23:25.623939 1073 gossip/client.go:124  [n?] started gossip client to node_1:26257
I200321 08:23:25.624456 1073 gossip/client.go:131  [n?] closing client to node_1:26257: stopping outgoing client to n0 (node_1:26257); loopback connection
I200321 08:23:26.627177 1108 gossip/client.go:124  [n?] started gossip client to node_1:26257
I200321 08:23:26.628077 1112 gossip/server.go:227  [n?] received initial cluster-verification connection from db9313ae3e97:26257
I200321 08:23:26.629088 1108 gossip/client.go:131  [n?] closing client to node_1:26257: stopping outgoing client to n0 (node_1:26257); loopback connection
I200321 08:23:27.631983 1024 gossip/client.go:124  [n?] started gossip client to node_1:26257
I200321 08:23:27.632640 1114 gossip/server.go:227  [n?] received initial cluster-verification connection from db9313ae3e97:26257
I200321 08:23:27.633096 1024 gossip/client.go:131  [n?] closing client to node_1:26257: stopping outgoing client to n0 (node_1:26257); loopback connection
I200321 08:23:28.635682 1086 gossip/client.go:124  [n?] started gossip client to node_1:26257
I200321 08:23:28.636015 1124 gossip/server.go:227  [n?] received initial cluster-verification connection from db9313ae3e97:26257
I200321 08:23:28.636182 1086 gossip/client.go:131  [n?] closing client to node_1:26257: stopping outgoing client to n0 (node_1:26257); loopback connection
I200321 08:23:29.639439 1099 gossip/client.go:124  [n?] started gossip client to node_1:26257
I200321 08:23:29.640534 1103 gossip/server.go:227  [n?] received initial cluster-verification connection from db9313ae3e97:26257
I200321 08:23:29.640935 1099 gossip/client.go:131  [n?] closing client to node_1:26257: stopping outgoing client to n0 (node_1:26257); loopback connection
I200321 08:23:30.645583 1117 gossip/server.go:227  [n?] received initial cluster-verification connection from db9313ae3e97:26257
I200321 08:23:30.645995 1139 gossip/client.go:124  [n?] started gossip client to node_1:26257
I200321 08:23:30.646467 1139 gossip/client.go:131  [n?] closing client to node_1:26257: stopping outgoing client to n0 (node_1:26257); loopback connection
I200321 08:23:31.648651 1089 gossip/client.go:124  [n?] started gossip client to node_1:26257
I200321 08:23:31.649438 1170 gossip/server.go:227  [n?] received initial cluster-verification connection from db9313ae3e97:26257
I200321 08:23:31.649893 1089 gossip/client.go:131  [n?] closing client to node_1:26257: stopping outgoing client to n0 (node_1:26257); loopback connection
I200321 08:23:32.652003 1159 gossip/client.go:124  [n?] started gossip client to node_1:26257
I200321 08:23:32.652423 1172 gossip/server.go:227  [n?] received initial cluster-verification connection from db9313ae3e97:26257
I200321 08:23:32.652972 1159 gossip/client.go:131  [n?] closing client to node_1:26257: stopping outgoing client to n0 (node_1:26257); loopback connection
I200321 08:23:33.655085 1128 gossip/client.go:124  [n?] started gossip client to node_1:26257
I200321 08:23:33.655522 1132 gossip/server.go:227  [n?] received initial cluster-verification connection from db9313ae3e97:26257
I200321 08:23:33.655987 1128 gossip/client.go:131  [n?] closing client to node_1:26257: stopping outgoing client to n0 (node_1:26257); loopback connection
I200321 08:23:34.659464 1173 gossip/client.go:124  [n?] started gossip client to node_1:26257
I200321 08:23:34.660497 1177 gossip/server.go:227  [n?] received initial cluster-verification connection from db9313ae3e97:26257
I200321 08:23:34.661014 1173 gossip/client.go:131  [n?] closing client to node_1:26257: stopping outgoing client to n0 (node_1:26257); loopback connection
I200321 08:23:35.660969 1152 gossip/client.go:124  [n?] started gossip client to node_1:26257
I200321 08:23:35.661300 1134 gossip/server.go:227  [n?] received initial cluster-verification connection from db9313ae3e97:26257
I200321 08:23:35.661649 1152 gossip/client.go:131  [n?] closing client to node_1:26257: stopping outgoing client to n0 (node_1:26257); loopback connection
I200321 08:23:36.665447 1181 gossip/client.go:124  [n?] started gossip client to node_1:26257
I200321 08:23:36.666295 1189 gossip/server.go:227  [n?] received initial cluster-verification connection from db9313ae3e97:26257
I200321 08:23:36.666672 1181 gossip/client.go:131  [n?] closing client to node_1:26257: stopping outgoing client to n0 (node_1:26257); loopback connection
I200321 08:23:37.669563 1190 gossip/client.go:124  [n?] started gossip client to node_1:26257
I200321 08:23:37.670272 1192 gossip/server.go:227  [n?] received initial cluster-verification connection from db9313ae3e97:26257
I200321 08:23:37.670970 1190 gossip/client.go:131  [n?] closing client to node_1:26257: stopping outgoing client to n0 (node_1:26257); loopback connection
I200321 08:23:38.384765 1 cli/start.go:865  received signal 'terminated'
I200321 08:23:38.385448 1 cli/start.go:930  initiating graceful shutdown of server
I200321 08:23:38.385993 1 cli/start.go:981  too early to drain; used hard shutdown instead
