I200320 19:01:23.247578 1 util/log/clog.go:1196  [config] file created at: 2020/03/20 19:01:23
I200320 19:01:23.247578 1 util/log/clog.go:1196  [config] running on machine: 348ae289e17b
I200320 19:01:23.247578 1 util/log/clog.go:1196  [config] binary: CockroachDB CCL v19.2.4 (x86_64-unknown-linux-gnu, built 2020/02/06 21:55:19, go1.12.12)
I200320 19:01:23.247578 1 util/log/clog.go:1196  [config] arguments: [/cockroach/cockroach start --insecure --join=awordaday_node_1]
I200320 19:01:23.247578 1 util/log/clog.go:1196  line format: [IWEF]yymmdd hh:mm:ss.uuuuuu goid file:line msg utf8=✓
I200320 19:01:23.247565 1 cli/start.go:1144  logging to directory /cockroach/cockroach-data/logs
W200320 19:01:23.254192 1 cli/start.go:1182  RUNNING IN INSECURE MODE!

- Your cluster is open for any client that can access <all your IP addresses>.
- Any user, even root, can log in without providing a password.
- Any user, connecting as root, can read or write any data in your cluster.
- There is no network encryption nor authentication, and thus no confidentiality.

Check out how to secure your cluster: https://www.cockroachlabs.com/docs/v19.2/secure-a-cluster.html
I200320 19:01:23.254648 1 server/status/recorder.go:597  available memory from cgroups is unsupported, using system memory 1.9 GiB instead: failed to find cgroup memory limit
W200320 19:01:23.254800 1 cli/start.go:1052  Using the default setting for --cache (128 MiB).
  A significantly larger value is usually needed for good performance.
  If you have a dedicated server a reasonable setting is --cache=.25 (497 MiB).
I200320 19:01:23.255337 1 server/status/recorder.go:597  available memory from cgroups is unsupported, using system memory 1.9 GiB instead: failed to find cgroup memory limit
W200320 19:01:23.255389 1 cli/start.go:1065  Using the default setting for --max-sql-memory (128 MiB).
  A significantly larger value is usually needed in production.
  If you have a dedicated server a reasonable setting is --max-sql-memory=.25 (497 MiB).
I200320 19:01:23.255869 1 server/status/recorder.go:597  available memory from cgroups is unsupported, using system memory 1.9 GiB instead: failed to find cgroup memory limit
I200320 19:01:23.256019 1 cli/start.go:1196  CockroachDB CCL v19.2.4 (x86_64-unknown-linux-gnu, built 2020/02/06 21:55:19, go1.12.12)
I200320 19:01:23.417179 1 server/status/recorder.go:597  available memory from cgroups is unsupported, using system memory 1.9 GiB instead: failed to find cgroup memory limit
I200320 19:01:23.417237 1 server/config.go:394  system total memory: 1.9 GiB
I200320 19:01:23.417313 1 server/config.go:396  server configuration:
max offset             500000000
cache size             128 MiB
SQL memory pool size   128 MiB
scan interval          10m0s
scan min idle time     10ms
scan max idle time     1s
event log enabled      true
I200320 19:01:23.417355 1 cli/start.go:1030  using local environment variables: COCKROACH_USER=root, COCKROACH_CHANNEL=official-docker
I200320 19:01:23.417399 1 cli/start.go:1037  process identity: uid 0 euid 0 gid 0 egid 0
I200320 19:01:23.417488 1 cli/start.go:644  starting cockroach node
I200320 19:01:23.422279 55 storage/engine/rocksdb.go:622  opening rocksdb instance at "/cockroach/cockroach-data/cockroach-temp653847917"
I200320 19:01:23.568436 55 server/server.go:928  [n?] monitoring forward clock jumps based on server.clock.forward_jump_check_enabled
I200320 19:01:23.571537 55 storage/engine/rocksdb.go:622  opening rocksdb instance at "/cockroach/cockroach-data"
I200320 19:01:23.642896 55 server/config.go:502  [n?] 1 storage engine initialized
I200320 19:01:23.642933 55 server/config.go:505  [n?] RocksDB cache size: 128 MiB
I200320 19:01:23.643025 55 server/config.go:505  [n?] store 0: RocksDB, max size 0 B, max open file limit 1043576
W200320 19:01:23.656214 55 gossip/gossip.go:1517  [n?] no incoming or outgoing connections
I200320 19:01:23.656354 55 server/server.go:1386  [n?] no stores bootstrapped and --join flag specified, awaiting init command or join with an already initialized node.
I200320 19:01:23.665152 37 gossip/client.go:124  [n?] started gossip client to awordaday_node_1:26257
I200320 19:01:23.665481 27 gossip/server.go:227  [n?] received initial cluster-verification connection from 348ae289e17b:26257
I200320 19:01:23.665915 37 gossip/client.go:131  [n?] closing client to awordaday_node_1:26257: stopping outgoing client to n0 (awordaday_node_1:26257); loopback connection
I200320 19:01:24.665503 31 gossip/client.go:124  [n?] started gossip client to awordaday_node_1:26257
I200320 19:01:24.669326 42 gossip/server.go:227  [n?] received initial cluster-verification connection from 348ae289e17b:26257
I200320 19:01:24.672389 31 gossip/client.go:131  [n?] closing client to awordaday_node_1:26257: stopping outgoing client to n0 (awordaday_node_1:26257); loopback connection
W200320 19:01:25.659254 95 cli/start.go:996  neither --listen-addr nor --advertise-addr was specified.
The server will advertise "348ae289e17b" to other nodes, is this routable?

Consider using:
- for local-only servers:  --listen-addr=localhost
- for multi-node clusters: --advertise-addr=<host/IP addr>
I200320 19:01:25.659594 95 cli/start.go:603  initial startup completed.
Node will now attempt to join a running cluster, or wait for `cockroach init`.
Client connections will be accepted after this completes successfully.
Check the log file(s) for progress. 
I200320 19:01:25.669851 148 gossip/client.go:124  [n?] started gossip client to awordaday_node_1:26257
I200320 19:01:25.670123 44 gossip/server.go:227  [n?] received initial cluster-verification connection from 348ae289e17b:26257
I200320 19:01:25.670501 148 gossip/client.go:131  [n?] closing client to awordaday_node_1:26257: stopping outgoing client to n0 (awordaday_node_1:26257); loopback connection
I200320 19:01:26.674037 117 gossip/client.go:124  [n?] started gossip client to awordaday_node_1:26257
I200320 19:01:26.674451 152 gossip/server.go:227  [n?] received initial cluster-verification connection from 348ae289e17b:26257
I200320 19:01:26.675177 117 gossip/client.go:131  [n?] closing client to awordaday_node_1:26257: stopping outgoing client to n0 (awordaday_node_1:26257); loopback connection
I200320 19:01:27.678577 135 gossip/client.go:124  [n?] started gossip client to awordaday_node_1:26257
I200320 19:01:27.678980 121 gossip/server.go:227  [n?] received initial cluster-verification connection from 348ae289e17b:26257
I200320 19:01:27.679393 135 gossip/client.go:131  [n?] closing client to awordaday_node_1:26257: stopping outgoing client to n0 (awordaday_node_1:26257); loopback connection
I200320 19:01:28.684840 138 gossip/client.go:124  [n?] started gossip client to awordaday_node_1:26257
I200320 19:01:28.685938 154 gossip/server.go:227  [n?] received initial cluster-verification connection from 348ae289e17b:26257
I200320 19:01:28.686684 138 gossip/client.go:131  [n?] closing client to awordaday_node_1:26257: stopping outgoing client to n0 (awordaday_node_1:26257); loopback connection
I200320 19:01:29.691548 163 gossip/client.go:124  [n?] started gossip client to awordaday_node_1:26257
I200320 19:01:29.692250 127 gossip/server.go:227  [n?] received initial cluster-verification connection from 348ae289e17b:26257
I200320 19:01:29.692872 163 gossip/client.go:131  [n?] closing client to awordaday_node_1:26257: stopping outgoing client to n0 (awordaday_node_1:26257); loopback connection
I200320 19:01:30.694460 144 gossip/client.go:124  [n?] started gossip client to awordaday_node_1:26257
I200320 19:01:30.695358 166 gossip/server.go:227  [n?] received initial cluster-verification connection from 348ae289e17b:26257
I200320 19:01:30.695628 144 gossip/client.go:131  [n?] closing client to awordaday_node_1:26257: stopping outgoing client to n0 (awordaday_node_1:26257); loopback connection
I200320 19:01:31.699349 170 gossip/client.go:124  [n?] started gossip client to awordaday_node_1:26257
I200320 19:01:31.699998 179 gossip/server.go:227  [n?] received initial cluster-verification connection from 348ae289e17b:26257
I200320 19:01:31.700315 170 gossip/client.go:131  [n?] closing client to awordaday_node_1:26257: stopping outgoing client to n0 (awordaday_node_1:26257); loopback connection
I200320 19:01:32.704888 176 gossip/client.go:124  [n?] started gossip client to awordaday_node_1:26257
I200320 19:01:32.705319 158 gossip/server.go:227  [n?] received initial cluster-verification connection from 348ae289e17b:26257
I200320 19:01:32.705837 176 gossip/client.go:131  [n?] closing client to awordaday_node_1:26257: stopping outgoing client to n0 (awordaday_node_1:26257); loopback connection
I200320 19:01:33.708551 195 gossip/client.go:124  [n?] started gossip client to awordaday_node_1:26257
I200320 19:01:33.711343 211 gossip/server.go:227  [n?] received initial cluster-verification connection from 348ae289e17b:26257
I200320 19:01:33.711971 195 gossip/client.go:131  [n?] closing client to awordaday_node_1:26257: stopping outgoing client to n0 (awordaday_node_1:26257); loopback connection
I200320 19:01:34.714329 201 gossip/client.go:124  [n?] started gossip client to awordaday_node_1:26257
I200320 19:01:34.715258 226 gossip/server.go:227  [n?] received initial cluster-verification connection from 348ae289e17b:26257
I200320 19:01:34.715592 201 gossip/client.go:131  [n?] closing client to awordaday_node_1:26257: stopping outgoing client to n0 (awordaday_node_1:26257); loopback connection
I200320 19:01:35.721336 181 gossip/client.go:124  [n?] started gossip client to awordaday_node_1:26257
I200320 19:01:35.722423 185 gossip/server.go:227  [n?] received initial cluster-verification connection from 348ae289e17b:26257
I200320 19:01:35.722911 181 gossip/client.go:131  [n?] closing client to awordaday_node_1:26257: stopping outgoing client to n0 (awordaday_node_1:26257); loopback connection
I200320 19:01:36.728126 212 gossip/client.go:124  [n?] started gossip client to awordaday_node_1:26257
I200320 19:01:36.728889 216 gossip/server.go:227  [n?] received initial cluster-verification connection from 348ae289e17b:26257
I200320 19:01:36.729418 212 gossip/client.go:131  [n?] closing client to awordaday_node_1:26257: stopping outgoing client to n0 (awordaday_node_1:26257); loopback connection
I200320 19:01:37.733235 217 gossip/client.go:124  [n?] started gossip client to awordaday_node_1:26257
I200320 19:01:37.733480 228 gossip/server.go:227  [n?] received initial cluster-verification connection from 348ae289e17b:26257
I200320 19:01:37.733953 217 gossip/client.go:131  [n?] closing client to awordaday_node_1:26257: stopping outgoing client to n0 (awordaday_node_1:26257); loopback connection
I200320 19:01:38.705469 230 gossip/client.go:124  [n?] started gossip client to awordaday_node_1:26257
I200320 19:01:38.706307 221 gossip/server.go:227  [n?] received initial cluster-verification connection from 348ae289e17b:26257
I200320 19:01:38.706663 230 gossip/client.go:131  [n?] closing client to awordaday_node_1:26257: stopping outgoing client to n0 (awordaday_node_1:26257); loopback connection
I200320 19:01:39.709348 209 gossip/client.go:124  [n?] started gossip client to awordaday_node_1:26257
I200320 19:01:39.710070 235 gossip/server.go:227  [n?] received initial cluster-verification connection from 348ae289e17b:26257
I200320 19:01:39.710224 209 gossip/client.go:131  [n?] closing client to awordaday_node_1:26257: stopping outgoing client to n0 (awordaday_node_1:26257); loopback connection
I200320 19:01:40.714807 246 gossip/client.go:124  [n?] started gossip client to awordaday_node_1:26257
I200320 19:01:40.715388 261 gossip/server.go:227  [n?] received initial cluster-verification connection from 348ae289e17b:26257
I200320 19:01:40.715813 246 gossip/client.go:131  [n?] closing client to awordaday_node_1:26257: stopping outgoing client to n0 (awordaday_node_1:26257); loopback connection
I200320 19:01:41.721583 262 gossip/client.go:124  [n?] started gossip client to awordaday_node_1:26257
I200320 19:01:41.722526 251 gossip/server.go:227  [n?] received initial cluster-verification connection from 348ae289e17b:26257
I200320 19:01:41.722883 262 gossip/client.go:131  [n?] closing client to awordaday_node_1:26257: stopping outgoing client to n0 (awordaday_node_1:26257); loopback connection
I200320 19:01:42.729888 265 gossip/client.go:124  [n?] started gossip client to awordaday_node_1:26257
I200320 19:01:42.730725 277 gossip/server.go:227  [n?] received initial cluster-verification connection from 348ae289e17b:26257
I200320 19:01:42.731469 265 gossip/client.go:131  [n?] closing client to awordaday_node_1:26257: stopping outgoing client to n0 (awordaday_node_1:26257); loopback connection
I200320 19:01:43.735836 252 gossip/client.go:124  [n?] started gossip client to awordaday_node_1:26257
I200320 19:01:43.736847 256 gossip/server.go:227  [n?] received initial cluster-verification connection from 348ae289e17b:26257
I200320 19:01:43.737328 252 gossip/client.go:131  [n?] closing client to awordaday_node_1:26257: stopping outgoing client to n0 (awordaday_node_1:26257); loopback connection
I200320 19:01:44.738987 290 gossip/client.go:124  [n?] started gossip client to awordaday_node_1:26257
I200320 19:01:44.739259 306 gossip/server.go:227  [n?] received initial cluster-verification connection from 348ae289e17b:26257
I200320 19:01:44.739664 290 gossip/client.go:131  [n?] closing client to awordaday_node_1:26257: stopping outgoing client to n0 (awordaday_node_1:26257); loopback connection
I200320 19:01:45.748230 310 gossip/client.go:124  [n?] started gossip client to awordaday_node_1:26257
I200320 19:01:45.748830 280 gossip/server.go:227  [n?] received initial cluster-verification connection from 348ae289e17b:26257
I200320 19:01:45.749289 310 gossip/client.go:131  [n?] closing client to awordaday_node_1:26257: stopping outgoing client to n0 (awordaday_node_1:26257); loopback connection
I200320 19:01:46.759305 316 gossip/client.go:124  [n?] started gossip client to awordaday_node_1:26257
I200320 19:01:46.760446 281 gossip/server.go:227  [n?] received initial cluster-verification connection from 348ae289e17b:26257
I200320 19:01:46.760838 316 gossip/client.go:131  [n?] closing client to awordaday_node_1:26257: stopping outgoing client to n0 (awordaday_node_1:26257); loopback connection
I200320 19:01:47.762763 294 gossip/client.go:124  [n?] started gossip client to awordaday_node_1:26257
I200320 19:01:47.764051 323 gossip/server.go:227  [n?] received initial cluster-verification connection from 348ae289e17b:26257
I200320 19:01:47.764519 294 gossip/client.go:131  [n?] closing client to awordaday_node_1:26257: stopping outgoing client to n0 (awordaday_node_1:26257); loopback connection
I200320 19:01:48.766642 272 gossip/client.go:124  [n?] started gossip client to awordaday_node_1:26257
I200320 19:01:48.767492 283 gossip/server.go:227  [n?] received initial cluster-verification connection from 348ae289e17b:26257
I200320 19:01:48.768262 272 gossip/client.go:131  [n?] closing client to awordaday_node_1:26257: stopping outgoing client to n0 (awordaday_node_1:26257); loopback connection
I200320 19:01:49.773003 273 gossip/client.go:124  [n?] started gossip client to awordaday_node_1:26257
I200320 19:01:49.773414 285 gossip/server.go:227  [n?] received initial cluster-verification connection from 348ae289e17b:26257
I200320 19:01:49.774501 273 gossip/client.go:131  [n?] closing client to awordaday_node_1:26257: stopping outgoing client to n0 (awordaday_node_1:26257); loopback connection
I200320 19:01:50.779322 341 gossip/client.go:124  [n?] started gossip client to awordaday_node_1:26257
I200320 19:01:50.780198 327 gossip/server.go:227  [n?] received initial cluster-verification connection from 348ae289e17b:26257
I200320 19:01:50.780700 341 gossip/client.go:131  [n?] closing client to awordaday_node_1:26257: stopping outgoing client to n0 (awordaday_node_1:26257); loopback connection
I200320 19:01:51.785666 289 gossip/client.go:124  [n?] started gossip client to awordaday_node_1:26257
I200320 19:01:51.788693 304 gossip/server.go:227  [n?] received initial cluster-verification connection from 348ae289e17b:26257
I200320 19:01:51.789467 289 gossip/client.go:131  [n?] closing client to awordaday_node_1:26257: stopping outgoing client to n0 (awordaday_node_1:26257); loopback connection
I200320 19:01:52.792516 347 gossip/client.go:124  [n?] started gossip client to awordaday_node_1:26257
I200320 19:01:52.793475 329 gossip/server.go:227  [n?] received initial cluster-verification connection from 348ae289e17b:26257
I200320 19:01:52.794216 347 gossip/client.go:131  [n?] closing client to awordaday_node_1:26257: stopping outgoing client to n0 (awordaday_node_1:26257); loopback connection
W200320 19:01:53.623518 305 cli/start.go:634  The server appears to be unable to contact the other nodes in the cluster. Please try:

- starting the other nodes, if you haven't already;
- double-checking that the '--join' and '--listen'/'--advertise' flags are set up correctly;
- running the 'cockroach init' command if you are trying to initialize a new cluster.

If problems persist, please see https://www.cockroachlabs.com/docs/v19.2/cluster-setup-troubleshooting.html.
I200320 19:01:53.797336 351 gossip/client.go:124  [n?] started gossip client to awordaday_node_1:26257
I200320 19:01:53.798281 334 gossip/server.go:227  [n?] received initial cluster-verification connection from 348ae289e17b:26257
I200320 19:01:53.798762 351 gossip/client.go:131  [n?] closing client to awordaday_node_1:26257: stopping outgoing client to n0 (awordaday_node_1:26257); loopback connection
I200320 19:01:54.802373 386 gossip/client.go:124  [n?] started gossip client to awordaday_node_1:26257
I200320 19:01:54.803324 390 gossip/server.go:227  [n?] received initial cluster-verification connection from 348ae289e17b:26257
I200320 19:01:54.804635 386 gossip/client.go:131  [n?] closing client to awordaday_node_1:26257: stopping outgoing client to n0 (awordaday_node_1:26257); loopback connection
I200320 19:01:55.804738 391 gossip/client.go:124  [n?] started gossip client to awordaday_node_1:26257
I200320 19:01:55.805222 377 gossip/server.go:227  [n?] received initial cluster-verification connection from 348ae289e17b:26257
I200320 19:01:55.805545 391 gossip/client.go:131  [n?] closing client to awordaday_node_1:26257: stopping outgoing client to n0 (awordaday_node_1:26257); loopback connection
I200320 19:01:56.810109 394 gossip/client.go:124  [n?] started gossip client to awordaday_node_1:26257
I200320 19:01:56.811979 337 gossip/server.go:227  [n?] received initial cluster-verification connection from 348ae289e17b:26257
I200320 19:01:56.812676 394 gossip/client.go:131  [n?] closing client to awordaday_node_1:26257: stopping outgoing client to n0 (awordaday_node_1:26257); loopback connection
I200320 19:01:57.812606 405 gossip/client.go:124  [n?] started gossip client to awordaday_node_1:26257
I200320 19:01:57.813301 382 gossip/server.go:227  [n?] received initial cluster-verification connection from 348ae289e17b:26257
I200320 19:01:57.814310 405 gossip/client.go:131  [n?] closing client to awordaday_node_1:26257: stopping outgoing client to n0 (awordaday_node_1:26257); loopback connection
I200320 19:01:58.814732 411 gossip/client.go:124  [n?] started gossip client to awordaday_node_1:26257
I200320 19:01:58.815090 398 gossip/server.go:227  [n?] received initial cluster-verification connection from 348ae289e17b:26257
I200320 19:01:58.815400 411 gossip/client.go:131  [n?] closing client to awordaday_node_1:26257: stopping outgoing client to n0 (awordaday_node_1:26257); loopback connection
I200320 19:01:59.821217 357 gossip/client.go:124  [n?] started gossip client to awordaday_node_1:26257
I200320 19:01:59.822165 415 gossip/server.go:227  [n?] received initial cluster-verification connection from 348ae289e17b:26257
I200320 19:01:59.823207 357 gossip/client.go:131  [n?] closing client to awordaday_node_1:26257: stopping outgoing client to n0 (awordaday_node_1:26257); loopback connection
I200320 19:02:00.827204 399 gossip/client.go:124  [n?] started gossip client to awordaday_node_1:26257
I200320 19:02:00.827750 359 gossip/server.go:227  [n?] received initial cluster-verification connection from 348ae289e17b:26257
I200320 19:02:00.828272 399 gossip/client.go:131  [n?] closing client to awordaday_node_1:26257: stopping outgoing client to n0 (awordaday_node_1:26257); loopback connection
I200320 19:02:01.832776 438 gossip/client.go:124  [n?] started gossip client to awordaday_node_1:26257
I200320 19:02:01.834169 361 gossip/server.go:227  [n?] received initial cluster-verification connection from 348ae289e17b:26257
I200320 19:02:01.834447 438 gossip/client.go:131  [n?] closing client to awordaday_node_1:26257: stopping outgoing client to n0 (awordaday_node_1:26257); loopback connection
I200320 19:02:02.840129 441 gossip/client.go:124  [n?] started gossip client to awordaday_node_1:26257
I200320 19:02:02.840725 445 gossip/server.go:227  [n?] received initial cluster-verification connection from 348ae289e17b:26257
I200320 19:02:02.841258 441 gossip/client.go:131  [n?] closing client to awordaday_node_1:26257: stopping outgoing client to n0 (awordaday_node_1:26257); loopback connection
I200320 19:02:03.845723 427 gossip/client.go:124  [n?] started gossip client to awordaday_node_1:26257
I200320 19:02:03.848095 447 gossip/server.go:227  [n?] received initial cluster-verification connection from 348ae289e17b:26257
I200320 19:02:03.849025 427 gossip/client.go:131  [n?] closing client to awordaday_node_1:26257: stopping outgoing client to n0 (awordaday_node_1:26257); loopback connection
I200320 19:02:04.851175 365 gossip/client.go:124  [n?] started gossip client to awordaday_node_1:26257
I200320 19:02:04.851862 369 gossip/server.go:227  [n?] received initial cluster-verification connection from 348ae289e17b:26257
I200320 19:02:04.852771 365 gossip/client.go:131  [n?] closing client to awordaday_node_1:26257: stopping outgoing client to n0 (awordaday_node_1:26257); loopback connection
I200320 19:02:05.862274 430 gossip/client.go:124  [n?] started gossip client to awordaday_node_1:26257
I200320 19:02:05.862705 467 gossip/server.go:227  [n?] received initial cluster-verification connection from 348ae289e17b:26257
I200320 19:02:05.863017 430 gossip/client.go:131  [n?] closing client to awordaday_node_1:26257: stopping outgoing client to n0 (awordaday_node_1:26257); loopback connection
I200320 19:02:06.867389 468 gossip/client.go:124  [n?] started gossip client to awordaday_node_1:26257
I200320 19:02:06.868118 482 gossip/server.go:227  [n?] received initial cluster-verification connection from 348ae289e17b:26257
I200320 19:02:06.868699 468 gossip/client.go:131  [n?] closing client to awordaday_node_1:26257: stopping outgoing client to n0 (awordaday_node_1:26257); loopback connection
I200320 19:02:07.874520 456 gossip/client.go:124  [n?] started gossip client to awordaday_node_1:26257
I200320 19:02:07.875345 460 gossip/server.go:227  [n?] received initial cluster-verification connection from 348ae289e17b:26257
I200320 19:02:07.875635 456 gossip/client.go:131  [n?] closing client to awordaday_node_1:26257: stopping outgoing client to n0 (awordaday_node_1:26257); loopback connection
I200320 19:02:08.847635 500 gossip/client.go:124  [n?] started gossip client to awordaday_node_1:26257
I200320 19:02:08.849298 487 gossip/server.go:227  [n?] received initial cluster-verification connection from 348ae289e17b:26257
I200320 19:02:08.850276 500 gossip/client.go:131  [n?] closing client to awordaday_node_1:26257: stopping outgoing client to n0 (awordaday_node_1:26257); loopback connection
I200320 19:02:09.852768 462 gossip/client.go:124  [n?] started gossip client to awordaday_node_1:26257
I200320 19:02:09.855593 492 gossip/server.go:227  [n?] received initial cluster-verification connection from 348ae289e17b:26257
I200320 19:02:09.856161 462 gossip/client.go:131  [n?] closing client to awordaday_node_1:26257: stopping outgoing client to n0 (awordaday_node_1:26257); loopback connection
I200320 19:02:10.856996 503 gossip/client.go:124  [n?] started gossip client to awordaday_node_1:26257
I200320 19:02:10.858027 497 gossip/server.go:227  [n?] received initial cluster-verification connection from 348ae289e17b:26257
I200320 19:02:10.858474 503 gossip/client.go:131  [n?] closing client to awordaday_node_1:26257: stopping outgoing client to n0 (awordaday_node_1:26257); loopback connection
I200320 19:02:11.864023 509 gossip/client.go:124  [n?] started gossip client to awordaday_node_1:26257
I200320 19:02:11.864704 515 gossip/server.go:227  [n?] received initial cluster-verification connection from 348ae289e17b:26257
I200320 19:02:11.865995 509 gossip/client.go:131  [n?] closing client to awordaday_node_1:26257: stopping outgoing client to n0 (awordaday_node_1:26257); loopback connection
I200320 19:02:12.868209 465 gossip/client.go:124  [n?] started gossip client to awordaday_node_1:26257
I200320 19:02:12.869204 476 gossip/server.go:227  [n?] received initial cluster-verification connection from 348ae289e17b:26257
I200320 19:02:12.869669 465 gossip/client.go:131  [n?] closing client to awordaday_node_1:26257: stopping outgoing client to n0 (awordaday_node_1:26257); loopback connection
I200320 19:02:13.872812 532 gossip/client.go:124  [n?] started gossip client to awordaday_node_1:26257
I200320 19:02:13.873612 536 gossip/server.go:227  [n?] received initial cluster-verification connection from 348ae289e17b:26257
I200320 19:02:13.873961 532 gossip/client.go:131  [n?] closing client to awordaday_node_1:26257: stopping outgoing client to n0 (awordaday_node_1:26257); loopback connection
I200320 19:02:14.877415 477 gossip/client.go:124  [n?] started gossip client to awordaday_node_1:26257
I200320 19:02:14.878310 541 gossip/server.go:227  [n?] received initial cluster-verification connection from 348ae289e17b:26257
I200320 19:02:14.878443 477 gossip/client.go:131  [n?] closing client to awordaday_node_1:26257: stopping outgoing client to n0 (awordaday_node_1:26257); loopback connection
I200320 19:02:15.882501 513 gossip/client.go:124  [n?] started gossip client to awordaday_node_1:26257
I200320 19:02:15.883173 481 gossip/server.go:227  [n?] received initial cluster-verification connection from 348ae289e17b:26257
I200320 19:02:15.883796 513 gossip/client.go:131  [n?] closing client to awordaday_node_1:26257: stopping outgoing client to n0 (awordaday_node_1:26257); loopback connection
I200320 19:02:16.886934 519 gossip/client.go:124  [n?] started gossip client to awordaday_node_1:26257
I200320 19:02:16.888388 552 gossip/server.go:227  [n?] received initial cluster-verification connection from 348ae289e17b:26257
I200320 19:02:16.888648 519 gossip/client.go:131  [n?] closing client to awordaday_node_1:26257: stopping outgoing client to n0 (awordaday_node_1:26257); loopback connection
I200320 19:02:17.892184 553 gossip/client.go:124  [n?] started gossip client to awordaday_node_1:26257
I200320 19:02:17.892842 557 gossip/server.go:227  [n?] received initial cluster-verification connection from 348ae289e17b:26257
I200320 19:02:17.893423 553 gossip/client.go:131  [n?] closing client to awordaday_node_1:26257: stopping outgoing client to n0 (awordaday_node_1:26257); loopback connection
I200320 19:02:18.897594 568 gossip/client.go:124  [n?] started gossip client to awordaday_node_1:26257
I200320 19:02:18.898298 559 gossip/server.go:227  [n?] received initial cluster-verification connection from 348ae289e17b:26257
I200320 19:02:18.898434 568 gossip/client.go:131  [n?] closing client to awordaday_node_1:26257: stopping outgoing client to n0 (awordaday_node_1:26257); loopback connection
I200320 19:02:19.902953 580 gossip/client.go:124  [n?] started gossip client to awordaday_node_1:26257
I200320 19:02:19.903742 572 gossip/server.go:227  [n?] received initial cluster-verification connection from 348ae289e17b:26257
I200320 19:02:19.904544 580 gossip/client.go:131  [n?] closing client to awordaday_node_1:26257: stopping outgoing client to n0 (awordaday_node_1:26257); loopback connection
I200320 19:02:20.910874 523 gossip/client.go:124  [n?] started gossip client to awordaday_node_1:26257
I200320 19:02:20.911620 597 gossip/server.go:227  [n?] received initial cluster-verification connection from 348ae289e17b:26257
I200320 19:02:20.912176 523 gossip/client.go:131  [n?] closing client to awordaday_node_1:26257: stopping outgoing client to n0 (awordaday_node_1:26257); loopback connection
I200320 19:02:21.916608 583 gossip/client.go:124  [n?] started gossip client to awordaday_node_1:26257
I200320 19:02:21.917300 610 gossip/server.go:227  [n?] received initial cluster-verification connection from 348ae289e17b:26257
I200320 19:02:21.917610 583 gossip/client.go:131  [n?] closing client to awordaday_node_1:26257: stopping outgoing client to n0 (awordaday_node_1:26257); loopback connection
I200320 19:02:22.922562 598 gossip/client.go:124  [n?] started gossip client to awordaday_node_1:26257
I200320 19:02:22.923103 602 gossip/server.go:227  [n?] received initial cluster-verification connection from 348ae289e17b:26257
I200320 19:02:22.923400 598 gossip/client.go:131  [n?] closing client to awordaday_node_1:26257: stopping outgoing client to n0 (awordaday_node_1:26257); loopback connection
I200320 19:02:23.927748 604 gossip/client.go:124  [n?] started gossip client to awordaday_node_1:26257
I200320 19:02:23.929284 628 gossip/server.go:227  [n?] received initial cluster-verification connection from 348ae289e17b:26257
I200320 19:02:23.929640 604 gossip/client.go:131  [n?] closing client to awordaday_node_1:26257: stopping outgoing client to n0 (awordaday_node_1:26257); loopback connection
I200320 19:02:24.932867 629 gossip/client.go:124  [n?] started gossip client to awordaday_node_1:26257
I200320 19:02:24.933440 612 gossip/server.go:227  [n?] received initial cluster-verification connection from 348ae289e17b:26257
I200320 19:02:24.934550 629 gossip/client.go:131  [n?] closing client to awordaday_node_1:26257: stopping outgoing client to n0 (awordaday_node_1:26257); loopback connection
I200320 19:02:25.935272 635 gossip/client.go:124  [n?] started gossip client to awordaday_node_1:26257
I200320 19:02:25.935539 587 gossip/server.go:227  [n?] received initial cluster-verification connection from 348ae289e17b:26257
I200320 19:02:25.935804 635 gossip/client.go:131  [n?] closing client to awordaday_node_1:26257: stopping outgoing client to n0 (awordaday_node_1:26257); loopback connection
I200320 19:02:26.942215 588 gossip/client.go:124  [n?] started gossip client to awordaday_node_1:26257
I200320 19:02:26.942709 639 gossip/server.go:227  [n?] received initial cluster-verification connection from 348ae289e17b:26257
I200320 19:02:26.943394 588 gossip/client.go:131  [n?] closing client to awordaday_node_1:26257: stopping outgoing client to n0 (awordaday_node_1:26257); loopback connection
I200320 19:02:27.943750 640 gossip/client.go:124  [n?] started gossip client to awordaday_node_1:26257
I200320 19:02:27.944118 592 gossip/server.go:227  [n?] received initial cluster-verification connection from 348ae289e17b:26257
I200320 19:02:27.945307 640 gossip/client.go:131  [n?] closing client to awordaday_node_1:26257: stopping outgoing client to n0 (awordaday_node_1:26257); loopback connection
I200320 19:02:28.947595 645 gossip/client.go:124  [n?] started gossip client to awordaday_node_1:26257
I200320 19:02:28.948820 618 gossip/server.go:227  [n?] received initial cluster-verification connection from 348ae289e17b:26257
I200320 19:02:28.949192 645 gossip/client.go:131  [n?] closing client to awordaday_node_1:26257: stopping outgoing client to n0 (awordaday_node_1:26257); loopback connection
I200320 19:02:29.952939 676 gossip/client.go:124  [n?] started gossip client to awordaday_node_1:26257
I200320 19:02:29.953403 660 gossip/server.go:227  [n?] received initial cluster-verification connection from 348ae289e17b:26257
I200320 19:02:29.953847 676 gossip/client.go:131  [n?] closing client to awordaday_node_1:26257: stopping outgoing client to n0 (awordaday_node_1:26257); loopback connection
I200320 19:02:30.959896 680 gossip/server.go:227  [n?] received initial cluster-verification connection from 348ae289e17b:26257
I200320 19:02:30.959818 648 gossip/client.go:124  [n?] started gossip client to awordaday_node_1:26257
I200320 19:02:30.960231 648 gossip/client.go:131  [n?] closing client to awordaday_node_1:26257: stopping outgoing client to n0 (awordaday_node_1:26257); loopback connection
I200320 19:02:31.961566 651 gossip/client.go:124  [n?] started gossip client to awordaday_node_1:26257
I200320 19:02:31.961960 624 gossip/server.go:227  [n?] received initial cluster-verification connection from 348ae289e17b:26257
I200320 19:02:31.962411 651 gossip/client.go:131  [n?] closing client to awordaday_node_1:26257: stopping outgoing client to n0 (awordaday_node_1:26257); loopback connection
I200320 19:02:32.966779 692 gossip/client.go:124  [n?] started gossip client to awordaday_node_1:26257
I200320 19:02:32.967334 685 gossip/server.go:227  [n?] received initial cluster-verification connection from 348ae289e17b:26257
I200320 19:02:32.967748 692 gossip/client.go:131  [n?] closing client to awordaday_node_1:26257: stopping outgoing client to n0 (awordaday_node_1:26257); loopback connection
I200320 19:02:33.971345 686 gossip/client.go:124  [n?] started gossip client to awordaday_node_1:26257
I200320 19:02:33.972225 694 gossip/server.go:227  [n?] received initial cluster-verification connection from 348ae289e17b:26257
I200320 19:02:33.972466 686 gossip/client.go:131  [n?] closing client to awordaday_node_1:26257: stopping outgoing client to n0 (awordaday_node_1:26257); loopback connection
I200320 19:02:34.979802 695 gossip/client.go:124  [n?] started gossip client to awordaday_node_1:26257
I200320 19:02:34.980527 709 gossip/server.go:227  [n?] received initial cluster-verification connection from 348ae289e17b:26257
I200320 19:02:34.981041 695 gossip/client.go:131  [n?] closing client to awordaday_node_1:26257: stopping outgoing client to n0 (awordaday_node_1:26257); loopback connection
I200320 19:02:35.985532 724 gossip/client.go:124  [n?] started gossip client to awordaday_node_1:26257
I200320 19:02:35.985847 711 gossip/server.go:227  [n?] received initial cluster-verification connection from 348ae289e17b:26257
I200320 19:02:35.986257 724 gossip/client.go:131  [n?] closing client to awordaday_node_1:26257: stopping outgoing client to n0 (awordaday_node_1:26257); loopback connection
I200320 19:02:36.991366 712 gossip/client.go:124  [n?] started gossip client to awordaday_node_1:26257
I200320 19:02:36.992296 668 gossip/server.go:227  [n?] received initial cluster-verification connection from 348ae289e17b:26257
I200320 19:02:36.992732 712 gossip/client.go:131  [n?] closing client to awordaday_node_1:26257: stopping outgoing client to n0 (awordaday_node_1:26257); loopback connection
I200320 19:02:37.999728 669 gossip/client.go:124  [n?] started gossip client to awordaday_node_1:26257
I200320 19:02:38.000678 703 gossip/server.go:227  [n?] received initial cluster-verification connection from 348ae289e17b:26257
I200320 19:02:38.001201 669 gossip/client.go:131  [n?] closing client to awordaday_node_1:26257: stopping outgoing client to n0 (awordaday_node_1:26257); loopback connection
I200320 19:02:38.970861 718 gossip/client.go:124  [n?] started gossip client to awordaday_node_1:26257
I200320 19:02:38.971630 738 gossip/server.go:227  [n?] received initial cluster-verification connection from 348ae289e17b:26257
I200320 19:02:38.972205 718 gossip/client.go:131  [n?] closing client to awordaday_node_1:26257: stopping outgoing client to n0 (awordaday_node_1:26257); loopback connection
I200320 19:02:39.976723 673 gossip/client.go:124  [n?] started gossip client to awordaday_node_1:26257
I200320 19:02:39.977215 731 gossip/server.go:227  [n?] received initial cluster-verification connection from 348ae289e17b:26257
I200320 19:02:39.977784 673 gossip/client.go:131  [n?] closing client to awordaday_node_1:26257: stopping outgoing client to n0 (awordaday_node_1:26257); loopback connection
I200320 19:02:40.983154 732 gossip/client.go:124  [n?] started gossip client to awordaday_node_1:26257
I200320 19:02:40.984154 736 gossip/server.go:227  [n?] received initial cluster-verification connection from 348ae289e17b:26257
I200320 19:02:40.984361 732 gossip/client.go:131  [n?] closing client to awordaday_node_1:26257: stopping outgoing client to n0 (awordaday_node_1:26257); loopback connection
I200320 19:02:41.987068 759 gossip/client.go:124  [n?] started gossip client to awordaday_node_1:26257
I200320 19:02:41.987920 747 gossip/server.go:227  [n?] received initial cluster-verification connection from 348ae289e17b:26257
I200320 19:02:41.988365 759 gossip/client.go:131  [n?] closing client to awordaday_node_1:26257: stopping outgoing client to n0 (awordaday_node_1:26257); loopback connection
I200320 19:02:42.990633 772 gossip/client.go:124  [n?] started gossip client to awordaday_node_1:26257
I200320 19:02:42.991111 776 gossip/server.go:227  [n?] received initial cluster-verification connection from 348ae289e17b:26257
I200320 19:02:42.991497 772 gossip/client.go:131  [n?] closing client to awordaday_node_1:26257: stopping outgoing client to n0 (awordaday_node_1:26257); loopback connection
I200320 19:02:44.000172 765 gossip/client.go:124  [n?] started gossip client to awordaday_node_1:26257
I200320 19:02:44.001607 705 gossip/server.go:227  [n?] received initial cluster-verification connection from 348ae289e17b:26257
I200320 19:02:44.001891 765 gossip/client.go:131  [n?] closing client to awordaday_node_1:26257: stopping outgoing client to n0 (awordaday_node_1:26257); loopback connection
I200320 19:02:45.005533 777 gossip/client.go:124  [n?] started gossip client to awordaday_node_1:26257
I200320 19:02:45.006320 753 gossip/server.go:227  [n?] received initial cluster-verification connection from 348ae289e17b:26257
I200320 19:02:45.006612 777 gossip/client.go:131  [n?] closing client to awordaday_node_1:26257: stopping outgoing client to n0 (awordaday_node_1:26257); loopback connection
I200320 19:02:46.011181 802 gossip/client.go:124  [n?] started gossip client to awordaday_node_1:26257
I200320 19:02:46.011576 788 gossip/server.go:227  [n?] received initial cluster-verification connection from 348ae289e17b:26257
I200320 19:02:46.011963 802 gossip/client.go:131  [n?] closing client to awordaday_node_1:26257: stopping outgoing client to n0 (awordaday_node_1:26257); loopback connection
I200320 19:02:47.015379 818 gossip/client.go:124  [n?] started gossip client to awordaday_node_1:26257
I200320 19:02:47.016148 781 gossip/server.go:227  [n?] received initial cluster-verification connection from 348ae289e17b:26257
I200320 19:02:47.016444 818 gossip/client.go:131  [n?] closing client to awordaday_node_1:26257: stopping outgoing client to n0 (awordaday_node_1:26257); loopback connection
I200320 19:02:48.021196 793 gossip/client.go:124  [n?] started gossip client to awordaday_node_1:26257
I200320 19:02:48.022094 806 gossip/server.go:227  [n?] received initial cluster-verification connection from 348ae289e17b:26257
I200320 19:02:48.023189 793 gossip/client.go:131  [n?] closing client to awordaday_node_1:26257: stopping outgoing client to n0 (awordaday_node_1:26257); loopback connection
I200320 19:02:49.027789 807 gossip/client.go:124  [n?] started gossip client to awordaday_node_1:26257
I200320 19:02:49.028504 811 gossip/server.go:227  [n?] received initial cluster-verification connection from 348ae289e17b:26257
I200320 19:02:49.029004 807 gossip/client.go:131  [n?] closing client to awordaday_node_1:26257: stopping outgoing client to n0 (awordaday_node_1:26257); loopback connection
I200320 19:02:50.035824 785 gossip/client.go:124  [n?] started gossip client to awordaday_node_1:26257
I200320 19:02:50.036301 837 gossip/server.go:227  [n?] received initial cluster-verification connection from 348ae289e17b:26257
I200320 19:02:50.036635 785 gossip/client.go:131  [n?] closing client to awordaday_node_1:26257: stopping outgoing client to n0 (awordaday_node_1:26257); loopback connection
I200320 19:02:51.045095 838 gossip/client.go:124  [n?] started gossip client to awordaday_node_1:26257
I200320 19:02:51.046065 800 gossip/server.go:227  [n?] received initial cluster-verification connection from 348ae289e17b:26257
I200320 19:02:51.046718 838 gossip/client.go:131  [n?] closing client to awordaday_node_1:26257: stopping outgoing client to n0 (awordaday_node_1:26257); loopback connection
I200320 19:02:52.047960 852 gossip/client.go:124  [n?] started gossip client to awordaday_node_1:26257
I200320 19:02:52.048277 842 gossip/server.go:227  [n?] received initial cluster-verification connection from 348ae289e17b:26257
I200320 19:02:52.048621 852 gossip/client.go:131  [n?] closing client to awordaday_node_1:26257: stopping outgoing client to n0 (awordaday_node_1:26257); loopback connection
I200320 19:02:53.053062 855 gossip/client.go:124  [n?] started gossip client to awordaday_node_1:26257
I200320 19:02:53.053541 858 gossip/server.go:227  [n?] received initial cluster-verification connection from 348ae289e17b:26257
I200320 19:02:53.053916 855 gossip/client.go:131  [n?] closing client to awordaday_node_1:26257: stopping outgoing client to n0 (awordaday_node_1:26257); loopback connection
I200320 19:02:54.061912 869 gossip/client.go:124  [n?] started gossip client to awordaday_node_1:26257
I200320 19:02:54.062342 860 gossip/server.go:227  [n?] received initial cluster-verification connection from 348ae289e17b:26257
I200320 19:02:54.062742 869 gossip/client.go:131  [n?] closing client to awordaday_node_1:26257: stopping outgoing client to n0 (awordaday_node_1:26257); loopback connection
I200320 19:02:55.066342 829 gossip/client.go:124  [n?] started gossip client to awordaday_node_1:26257
I200320 19:02:55.067042 845 gossip/server.go:227  [n?] received initial cluster-verification connection from 348ae289e17b:26257
I200320 19:02:55.067622 829 gossip/client.go:131  [n?] closing client to awordaday_node_1:26257: stopping outgoing client to n0 (awordaday_node_1:26257); loopback connection
I200320 19:02:56.073820 875 gossip/client.go:124  [n?] started gossip client to awordaday_node_1:26257
I200320 19:02:56.074322 833 gossip/server.go:227  [n?] received initial cluster-verification connection from 348ae289e17b:26257
I200320 19:02:56.075629 875 gossip/client.go:131  [n?] closing client to awordaday_node_1:26257: stopping outgoing client to n0 (awordaday_node_1:26257); loopback connection
I200320 19:02:57.083697 861 gossip/client.go:124  [n?] started gossip client to awordaday_node_1:26257
I200320 19:02:57.085027 884 gossip/server.go:227  [n?] received initial cluster-verification connection from 348ae289e17b:26257
I200320 19:02:57.085645 861 gossip/client.go:131  [n?] closing client to awordaday_node_1:26257: stopping outgoing client to n0 (awordaday_node_1:26257); loopback connection
I200320 19:02:58.088089 899 gossip/client.go:124  [n?] started gossip client to awordaday_node_1:26257
I200320 19:02:58.091070 901 gossip/server.go:227  [n?] received initial cluster-verification connection from 348ae289e17b:26257
I200320 19:02:58.091790 899 gossip/client.go:131  [n?] closing client to awordaday_node_1:26257: stopping outgoing client to n0 (awordaday_node_1:26257); loopback connection
I200320 19:02:59.091488 902 gossip/client.go:124  [n?] started gossip client to awordaday_node_1:26257
I200320 19:02:59.092646 886 gossip/server.go:227  [n?] received initial cluster-verification connection from 348ae289e17b:26257
I200320 19:02:59.094175 902 gossip/client.go:131  [n?] closing client to awordaday_node_1:26257: stopping outgoing client to n0 (awordaday_node_1:26257); loopback connection
I200320 19:03:00.098366 887 gossip/client.go:124  [n?] started gossip client to awordaday_node_1:26257
I200320 19:03:00.099075 907 gossip/server.go:227  [n?] received initial cluster-verification connection from 348ae289e17b:26257
I200320 19:03:00.099620 887 gossip/client.go:131  [n?] closing client to awordaday_node_1:26257: stopping outgoing client to n0 (awordaday_node_1:26257); loopback connection
I200320 19:03:01.103048 893 gossip/client.go:124  [n?] started gossip client to awordaday_node_1:26257
I200320 19:03:01.104047 916 gossip/server.go:227  [n?] received initial cluster-verification connection from 348ae289e17b:26257
I200320 19:03:01.104241 893 gossip/client.go:131  [n?] closing client to awordaday_node_1:26257: stopping outgoing client to n0 (awordaday_node_1:26257); loopback connection
I200320 19:03:02.107566 935 gossip/client.go:124  [n?] started gossip client to awordaday_node_1:26257
I200320 19:03:02.108642 939 gossip/server.go:227  [n?] received initial cluster-verification connection from 348ae289e17b:26257
I200320 19:03:02.109223 935 gossip/client.go:131  [n?] closing client to awordaday_node_1:26257: stopping outgoing client to n0 (awordaday_node_1:26257); loopback connection
I200320 19:03:03.112731 917 gossip/client.go:124  [n?] started gossip client to awordaday_node_1:26257
I200320 19:03:03.112999 945 gossip/server.go:227  [n?] received initial cluster-verification connection from 348ae289e17b:26257
I200320 19:03:03.113286 917 gossip/client.go:131  [n?] closing client to awordaday_node_1:26257: stopping outgoing client to n0 (awordaday_node_1:26257); loopback connection
I200320 19:03:04.118630 963 gossip/server.go:227  [n?] received initial cluster-verification connection from 348ae289e17b:26257
I200320 19:03:04.118832 920 gossip/client.go:124  [n?] started gossip client to awordaday_node_1:26257
I200320 19:03:04.119077 920 gossip/client.go:131  [n?] closing client to awordaday_node_1:26257: stopping outgoing client to n0 (awordaday_node_1:26257); loopback connection
I200320 19:03:05.122010 949 gossip/client.go:124  [n?] started gossip client to awordaday_node_1:26257
I200320 19:03:05.123274 925 gossip/server.go:227  [n?] received initial cluster-verification connection from 348ae289e17b:26257
I200320 19:03:05.123743 949 gossip/client.go:131  [n?] closing client to awordaday_node_1:26257: stopping outgoing client to n0 (awordaday_node_1:26257); loopback connection
I200320 19:03:06.129312 912 gossip/client.go:124  [n?] started gossip client to awordaday_node_1:26257
I200320 19:03:06.129737 953 gossip/server.go:227  [n?] received initial cluster-verification connection from 348ae289e17b:26257
I200320 19:03:06.130221 912 gossip/client.go:131  [n?] closing client to awordaday_node_1:26257: stopping outgoing client to n0 (awordaday_node_1:26257); loopback connection
I200320 19:03:07.133182 954 gossip/client.go:124  [n?] started gossip client to awordaday_node_1:26257
I200320 19:03:07.133551 965 gossip/server.go:227  [n?] received initial cluster-verification connection from 348ae289e17b:26257
I200320 19:03:07.133751 954 gossip/client.go:131  [n?] closing client to awordaday_node_1:26257: stopping outgoing client to n0 (awordaday_node_1:26257); loopback connection
I200320 19:03:08.107120 996 gossip/client.go:124  [n?] started gossip client to awordaday_node_1:26257
I200320 19:03:08.108057 1000 gossip/server.go:227  [n?] received initial cluster-verification connection from 348ae289e17b:26257
I200320 19:03:08.108345 996 gossip/client.go:131  [n?] closing client to awordaday_node_1:26257: stopping outgoing client to n0 (awordaday_node_1:26257); loopback connection
I200320 19:03:09.111413 983 gossip/client.go:124  [n?] started gossip client to awordaday_node_1:26257
I200320 19:03:09.112203 958 gossip/server.go:227  [n?] received initial cluster-verification connection from 348ae289e17b:26257
I200320 19:03:09.112801 983 gossip/client.go:131  [n?] closing client to awordaday_node_1:26257: stopping outgoing client to n0 (awordaday_node_1:26257); loopback connection
I200320 19:03:10.119200 1004 gossip/client.go:124  [n?] started gossip client to awordaday_node_1:26257
I200320 19:03:10.120308 969 gossip/server.go:227  [n?] received initial cluster-verification connection from 348ae289e17b:26257
I200320 19:03:10.120915 1004 gossip/client.go:131  [n?] closing client to awordaday_node_1:26257: stopping outgoing client to n0 (awordaday_node_1:26257); loopback connection
I200320 19:03:11.123386 959 gossip/client.go:124  [n?] started gossip client to awordaday_node_1:26257
I200320 19:03:11.123651 985 gossip/server.go:227  [n?] received initial cluster-verification connection from 348ae289e17b:26257
I200320 19:03:11.123838 959 gossip/client.go:131  [n?] closing client to awordaday_node_1:26257: stopping outgoing client to n0 (awordaday_node_1:26257); loopback connection
I200320 19:03:12.128432 976 gossip/client.go:124  [n?] started gossip client to awordaday_node_1:26257
I200320 19:03:12.129171 1027 gossip/server.go:227  [n?] received initial cluster-verification connection from 348ae289e17b:26257
I200320 19:03:12.130177 976 gossip/client.go:131  [n?] closing client to awordaday_node_1:26257: stopping outgoing client to n0 (awordaday_node_1:26257); loopback connection
I200320 19:03:13.133936 1014 gossip/client.go:124  [n?] started gossip client to awordaday_node_1:26257
I200320 19:03:13.134587 1008 gossip/server.go:227  [n?] received initial cluster-verification connection from 348ae289e17b:26257
I200320 19:03:13.135463 1014 gossip/client.go:131  [n?] closing client to awordaday_node_1:26257: stopping outgoing client to n0 (awordaday_node_1:26257); loopback connection
I200320 19:03:14.140357 1031 gossip/client.go:124  [n?] started gossip client to awordaday_node_1:26257
I200320 19:03:14.140916 1035 gossip/server.go:227  [n?] received initial cluster-verification connection from 348ae289e17b:26257
I200320 19:03:14.141560 1031 gossip/client.go:131  [n?] closing client to awordaday_node_1:26257: stopping outgoing client to n0 (awordaday_node_1:26257); loopback connection
I200320 19:03:15.146265 1037 gossip/client.go:124  [n?] started gossip client to awordaday_node_1:26257
I200320 19:03:15.147978 1018 gossip/server.go:227  [n?] received initial cluster-verification connection from 348ae289e17b:26257
I200320 19:03:15.148233 1037 gossip/client.go:131  [n?] closing client to awordaday_node_1:26257: stopping outgoing client to n0 (awordaday_node_1:26257); loopback connection
I200320 19:03:16.151642 1022 gossip/client.go:124  [n?] started gossip client to awordaday_node_1:26257
I200320 19:03:16.152893 991 gossip/server.go:227  [n?] received initial cluster-verification connection from 348ae289e17b:26257
I200320 19:03:16.153281 1022 gossip/client.go:131  [n?] closing client to awordaday_node_1:26257: stopping outgoing client to n0 (awordaday_node_1:26257); loopback connection
I200320 19:03:17.156861 992 gossip/client.go:124  [n?] started gossip client to awordaday_node_1:26257
I200320 19:03:17.157466 1041 gossip/server.go:227  [n?] received initial cluster-verification connection from 348ae289e17b:26257
I200320 19:03:17.158193 992 gossip/client.go:131  [n?] closing client to awordaday_node_1:26257: stopping outgoing client to n0 (awordaday_node_1:26257); loopback connection
I200320 19:03:18.160909 1076 gossip/client.go:124  [n?] started gossip client to awordaday_node_1:26257
I200320 19:03:18.162005 1060 gossip/server.go:227  [n?] received initial cluster-verification connection from 348ae289e17b:26257
I200320 19:03:18.162452 1076 gossip/client.go:131  [n?] closing client to awordaday_node_1:26257: stopping outgoing client to n0 (awordaday_node_1:26257); loopback connection
I200320 19:03:19.167577 1082 gossip/client.go:124  [n?] started gossip client to awordaday_node_1:26257
I200320 19:03:19.168456 1062 gossip/server.go:227  [n?] received initial cluster-verification connection from 348ae289e17b:26257
I200320 19:03:19.168987 1082 gossip/client.go:131  [n?] closing client to awordaday_node_1:26257: stopping outgoing client to n0 (awordaday_node_1:26257); loopback connection
I200320 19:03:20.171464 1066 gossip/client.go:124  [n?] started gossip client to awordaday_node_1:26257
I200320 19:03:20.173006 1090 gossip/server.go:227  [n?] received initial cluster-verification connection from 348ae289e17b:26257
I200320 19:03:20.173866 1066 gossip/client.go:131  [n?] closing client to awordaday_node_1:26257: stopping outgoing client to n0 (awordaday_node_1:26257); loopback connection
I200320 19:03:21.173424 1072 gossip/client.go:124  [n?] started gossip client to awordaday_node_1:26257
I200320 19:03:21.173835 1086 gossip/server.go:227  [n?] received initial cluster-verification connection from 348ae289e17b:26257
I200320 19:03:21.174108 1072 gossip/client.go:131  [n?] closing client to awordaday_node_1:26257: stopping outgoing client to n0 (awordaday_node_1:26257); loopback connection
I200320 19:03:22.175627 1095 gossip/client.go:124  [n?] started gossip client to awordaday_node_1:26257
I200320 19:03:22.176266 1099 gossip/server.go:227  [n?] received initial cluster-verification connection from 348ae289e17b:26257
I200320 19:03:22.176634 1095 gossip/client.go:131  [n?] closing client to awordaday_node_1:26257: stopping outgoing client to n0 (awordaday_node_1:26257); loopback connection
I200320 19:03:23.180437 1107 gossip/client.go:124  [n?] started gossip client to awordaday_node_1:26257
I200320 19:03:23.181226 1088 gossip/server.go:227  [n?] received initial cluster-verification connection from 348ae289e17b:26257
I200320 19:03:23.183344 1107 gossip/client.go:131  [n?] closing client to awordaday_node_1:26257: stopping outgoing client to n0 (awordaday_node_1:26257); loopback connection
I200320 19:03:24.183738 1123 gossip/client.go:124  [n?] started gossip client to awordaday_node_1:26257
I200320 19:03:24.184794 1111 gossip/server.go:227  [n?] received initial cluster-verification connection from 348ae289e17b:26257
I200320 19:03:24.185289 1123 gossip/client.go:131  [n?] closing client to awordaday_node_1:26257: stopping outgoing client to n0 (awordaday_node_1:26257); loopback connection
I200320 19:03:25.191330 1127 gossip/client.go:124  [n?] started gossip client to awordaday_node_1:26257
I200320 19:03:25.194748 1113 gossip/server.go:227  [n?] received initial cluster-verification connection from 348ae289e17b:26257
I200320 19:03:25.195281 1127 gossip/client.go:131  [n?] closing client to awordaday_node_1:26257: stopping outgoing client to n0 (awordaday_node_1:26257); loopback connection
I200320 19:03:26.196246 1133 gossip/client.go:124  [n?] started gossip client to awordaday_node_1:26257
I200320 19:03:26.197229 1137 gossip/server.go:227  [n?] received initial cluster-verification connection from 348ae289e17b:26257
I200320 19:03:26.197770 1133 gossip/client.go:131  [n?] closing client to awordaday_node_1:26257: stopping outgoing client to n0 (awordaday_node_1:26257); loopback connection
I200320 19:03:27.200554 1089 gossip/client.go:124  [n?] started gossip client to awordaday_node_1:26257
I200320 19:03:27.201653 1115 gossip/server.go:227  [n?] received initial cluster-verification connection from 348ae289e17b:26257
I200320 19:03:27.202428 1089 gossip/client.go:131  [n?] closing client to awordaday_node_1:26257: stopping outgoing client to n0 (awordaday_node_1:26257); loopback connection
I200320 19:03:28.205149 1119 gossip/client.go:124  [n?] started gossip client to awordaday_node_1:26257
I200320 19:03:28.206357 1155 gossip/server.go:227  [n?] received initial cluster-verification connection from 348ae289e17b:26257
I200320 19:03:28.206819 1119 gossip/client.go:131  [n?] closing client to awordaday_node_1:26257: stopping outgoing client to n0 (awordaday_node_1:26257); loopback connection
I200320 19:03:29.211155 1143 gossip/client.go:124  [n?] started gossip client to awordaday_node_1:26257
I200320 19:03:29.212119 1157 gossip/server.go:227  [n?] received initial cluster-verification connection from 348ae289e17b:26257
I200320 19:03:29.212815 1143 gossip/client.go:131  [n?] closing client to awordaday_node_1:26257: stopping outgoing client to n0 (awordaday_node_1:26257); loopback connection
I200320 19:03:30.216406 1162 gossip/client.go:124  [n?] started gossip client to awordaday_node_1:26257
I200320 19:03:30.217193 1166 gossip/server.go:227  [n?] received initial cluster-verification connection from 348ae289e17b:26257
I200320 19:03:30.217938 1162 gossip/client.go:131  [n?] closing client to awordaday_node_1:26257: stopping outgoing client to n0 (awordaday_node_1:26257); loopback connection
I200320 19:03:31.222629 1055 gossip/client.go:124  [n?] started gossip client to awordaday_node_1:26257
I200320 19:03:31.223677 1171 gossip/server.go:227  [n?] received initial cluster-verification connection from 348ae289e17b:26257
I200320 19:03:31.223960 1055 gossip/client.go:131  [n?] closing client to awordaday_node_1:26257: stopping outgoing client to n0 (awordaday_node_1:26257); loopback connection
I200320 19:03:32.226362 1167 gossip/client.go:124  [n?] started gossip client to awordaday_node_1:26257
I200320 19:03:32.226986 1147 gossip/server.go:227  [n?] received initial cluster-verification connection from 348ae289e17b:26257
I200320 19:03:32.227735 1167 gossip/client.go:131  [n?] closing client to awordaday_node_1:26257: stopping outgoing client to n0 (awordaday_node_1:26257); loopback connection
I200320 19:03:33.230325 1175 gossip/client.go:124  [n?] started gossip client to awordaday_node_1:26257
I200320 19:03:33.231398 1179 gossip/server.go:227  [n?] received initial cluster-verification connection from 348ae289e17b:26257
I200320 19:03:33.232079 1175 gossip/client.go:131  [n?] closing client to awordaday_node_1:26257: stopping outgoing client to n0 (awordaday_node_1:26257); loopback connection
I200320 19:03:34.234505 1183 gossip/client.go:124  [n?] started gossip client to awordaday_node_1:26257
I200320 19:03:34.235451 1191 gossip/server.go:227  [n?] received initial cluster-verification connection from 348ae289e17b:26257
I200320 19:03:34.236364 1183 gossip/client.go:131  [n?] closing client to awordaday_node_1:26257: stopping outgoing client to n0 (awordaday_node_1:26257); loopback connection
I200320 19:03:35.242915 1195 gossip/client.go:124  [n?] started gossip client to awordaday_node_1:26257
I200320 19:03:35.243663 1199 gossip/server.go:227  [n?] received initial cluster-verification connection from 348ae289e17b:26257
I200320 19:03:35.243869 1195 gossip/client.go:131  [n?] closing client to awordaday_node_1:26257: stopping outgoing client to n0 (awordaday_node_1:26257); loopback connection
I200320 19:03:36.250037 1148 gossip/client.go:124  [n?] started gossip client to awordaday_node_1:26257
I200320 19:03:36.250745 1206 gossip/server.go:227  [n?] received initial cluster-verification connection from 348ae289e17b:26257
I200320 19:03:36.251235 1148 gossip/client.go:131  [n?] closing client to awordaday_node_1:26257: stopping outgoing client to n0 (awordaday_node_1:26257); loopback connection
I200320 19:03:37.256786 1151 gossip/client.go:124  [n?] started gossip client to awordaday_node_1:26257
I200320 19:03:37.258710 1208 gossip/server.go:227  [n?] received initial cluster-verification connection from 348ae289e17b:26257
I200320 19:03:37.258970 1151 gossip/client.go:131  [n?] closing client to awordaday_node_1:26257: stopping outgoing client to n0 (awordaday_node_1:26257); loopback connection
I200320 19:03:38.228094 1209 gossip/client.go:124  [n?] started gossip client to awordaday_node_1:26257
I200320 19:03:38.229209 1221 gossip/server.go:227  [n?] received initial cluster-verification connection from 348ae289e17b:26257
I200320 19:03:38.229369 1209 gossip/client.go:131  [n?] closing client to awordaday_node_1:26257: stopping outgoing client to n0 (awordaday_node_1:26257); loopback connection
I200320 19:03:39.234238 1251 gossip/client.go:124  [n?] started gossip client to awordaday_node_1:26257
I200320 19:03:39.234972 1238 gossip/server.go:227  [n?] received initial cluster-verification connection from 348ae289e17b:26257
I200320 19:03:39.235466 1251 gossip/client.go:131  [n?] closing client to awordaday_node_1:26257: stopping outgoing client to n0 (awordaday_node_1:26257); loopback connection
I200320 19:03:40.241954 1257 gossip/client.go:124  [n?] started gossip client to awordaday_node_1:26257
I200320 19:03:40.242520 1213 gossip/server.go:227  [n?] received initial cluster-verification connection from 348ae289e17b:26257
I200320 19:03:40.243077 1257 gossip/client.go:131  [n?] closing client to awordaday_node_1:26257: stopping outgoing client to n0 (awordaday_node_1:26257); loopback connection
I200320 19:03:41.247378 1260 gossip/client.go:124  [n?] started gossip client to awordaday_node_1:26257
I200320 19:03:41.247917 1226 gossip/server.go:227  [n?] received initial cluster-verification connection from 348ae289e17b:26257
I200320 19:03:41.248192 1260 gossip/client.go:131  [n?] closing client to awordaday_node_1:26257: stopping outgoing client to n0 (awordaday_node_1:26257); loopback connection
I200320 19:03:42.251934 1264 gossip/client.go:124  [n?] started gossip client to awordaday_node_1:26257
I200320 19:03:42.252500 1284 gossip/server.go:227  [n?] received initial cluster-verification connection from 348ae289e17b:26257
I200320 19:03:42.252982 1264 gossip/client.go:131  [n?] closing client to awordaday_node_1:26257: stopping outgoing client to n0 (awordaday_node_1:26257); loopback connection
I200320 19:03:43.257366 1268 gossip/client.go:124  [n?] started gossip client to awordaday_node_1:26257
I200320 19:03:43.258023 1240 gossip/server.go:227  [n?] received initial cluster-verification connection from 348ae289e17b:26257
I200320 19:03:43.259033 1268 gossip/client.go:131  [n?] closing client to awordaday_node_1:26257: stopping outgoing client to n0 (awordaday_node_1:26257); loopback connection
I200320 19:03:44.263676 1244 gossip/client.go:124  [n?] started gossip client to awordaday_node_1:26257
I200320 19:03:44.265010 1228 gossip/server.go:227  [n?] received initial cluster-verification connection from 348ae289e17b:26257
I200320 19:03:44.265809 1244 gossip/client.go:131  [n?] closing client to awordaday_node_1:26257: stopping outgoing client to n0 (awordaday_node_1:26257); loopback connection
I200320 19:03:45.271317 1274 gossip/client.go:124  [n?] started gossip client to awordaday_node_1:26257
I200320 19:03:45.271447 1248 gossip/server.go:227  [n?] received initial cluster-verification connection from 348ae289e17b:26257
I200320 19:03:45.271850 1274 gossip/client.go:131  [n?] closing client to awordaday_node_1:26257: stopping outgoing client to n0 (awordaday_node_1:26257); loopback connection
I200320 19:03:46.277553 1229 gossip/client.go:124  [n?] started gossip client to awordaday_node_1:26257
I200320 19:03:46.279898 1301 gossip/server.go:227  [n?] received initial cluster-verification connection from 348ae289e17b:26257
I200320 19:03:46.280609 1229 gossip/client.go:131  [n?] closing client to awordaday_node_1:26257: stopping outgoing client to n0 (awordaday_node_1:26257); loopback connection
I200320 19:03:47.284877 1305 gossip/client.go:124  [n?] started gossip client to awordaday_node_1:26257
I200320 19:03:47.285428 1233 gossip/server.go:227  [n?] received initial cluster-verification connection from 348ae289e17b:26257
I200320 19:03:47.285825 1305 gossip/client.go:131  [n?] closing client to awordaday_node_1:26257: stopping outgoing client to n0 (awordaday_node_1:26257); loopback connection
I200320 19:03:48.290583 1311 gossip/client.go:124  [n?] started gossip client to awordaday_node_1:26257
I200320 19:03:48.291106 1331 gossip/server.go:227  [n?] received initial cluster-verification connection from 348ae289e17b:26257
I200320 19:03:48.291523 1311 gossip/client.go:131  [n?] closing client to awordaday_node_1:26257: stopping outgoing client to n0 (awordaday_node_1:26257); loopback connection
I200320 19:03:49.296376 1277 gossip/client.go:124  [n?] started gossip client to awordaday_node_1:26257
I200320 19:03:49.297369 1281 gossip/server.go:227  [n?] received initial cluster-verification connection from 348ae289e17b:26257
I200320 19:03:49.297724 1277 gossip/client.go:131  [n?] closing client to awordaday_node_1:26257: stopping outgoing client to n0 (awordaday_node_1:26257); loopback connection
I200320 19:03:50.301612 1318 gossip/client.go:124  [n?] started gossip client to awordaday_node_1:26257
I200320 19:03:50.302590 1336 gossip/server.go:227  [n?] received initial cluster-verification connection from 348ae289e17b:26257
I200320 19:03:50.303252 1318 gossip/client.go:131  [n?] closing client to awordaday_node_1:26257: stopping outgoing client to n0 (awordaday_node_1:26257); loopback connection
I200320 19:03:51.307042 1324 gossip/client.go:124  [n?] started gossip client to awordaday_node_1:26257
I200320 19:03:51.309850 1338 gossip/server.go:227  [n?] received initial cluster-verification connection from 348ae289e17b:26257
I200320 19:03:51.310167 1324 gossip/client.go:131  [n?] closing client to awordaday_node_1:26257: stopping outgoing client to n0 (awordaday_node_1:26257); loopback connection
I200320 19:03:52.309633 1346 gossip/client.go:124  [n?] started gossip client to awordaday_node_1:26257
I200320 19:03:52.310129 1291 gossip/server.go:227  [n?] received initial cluster-verification connection from 348ae289e17b:26257
I200320 19:03:52.310314 1346 gossip/client.go:131  [n?] closing client to awordaday_node_1:26257: stopping outgoing client to n0 (awordaday_node_1:26257); loopback connection
I200320 19:03:53.315615 1339 gossip/client.go:124  [n?] started gossip client to awordaday_node_1:26257
I200320 19:03:53.316649 1343 gossip/server.go:227  [n?] received initial cluster-verification connection from 348ae289e17b:26257
I200320 19:03:53.317286 1339 gossip/client.go:131  [n?] closing client to awordaday_node_1:26257: stopping outgoing client to n0 (awordaday_node_1:26257); loopback connection
I200320 19:03:54.319715 1344 gossip/client.go:124  [n?] started gossip client to awordaday_node_1:26257
I200320 19:03:54.321055 1366 gossip/server.go:227  [n?] received initial cluster-verification connection from 348ae289e17b:26257
I200320 19:03:54.321612 1344 gossip/client.go:131  [n?] closing client to awordaday_node_1:26257: stopping outgoing client to n0 (awordaday_node_1:26257); loopback connection
I200320 19:03:55.324272 1350 gossip/client.go:124  [n?] started gossip client to awordaday_node_1:26257
I200320 19:03:55.325335 1354 gossip/server.go:227  [n?] received initial cluster-verification connection from 348ae289e17b:26257
I200320 19:03:55.326023 1350 gossip/client.go:131  [n?] closing client to awordaday_node_1:26257: stopping outgoing client to n0 (awordaday_node_1:26257); loopback connection
I200320 19:03:56.333321 1370 gossip/client.go:124  [n?] started gossip client to awordaday_node_1:26257
I200320 19:03:56.334059 1383 gossip/server.go:227  [n?] received initial cluster-verification connection from 348ae289e17b:26257
I200320 19:03:56.334844 1370 gossip/client.go:131  [n?] closing client to awordaday_node_1:26257: stopping outgoing client to n0 (awordaday_node_1:26257); loopback connection
I200320 19:03:57.336866 1359 gossip/client.go:124  [n?] started gossip client to awordaday_node_1:26257
I200320 19:03:57.337904 1296 gossip/server.go:227  [n?] received initial cluster-verification connection from 348ae289e17b:26257
I200320 19:03:57.338130 1359 gossip/client.go:131  [n?] closing client to awordaday_node_1:26257: stopping outgoing client to n0 (awordaday_node_1:26257); loopback connection
I200320 19:03:58.342529 1376 gossip/client.go:124  [n?] started gossip client to awordaday_node_1:26257
I200320 19:03:58.342923 1395 gossip/server.go:227  [n?] received initial cluster-verification connection from 348ae289e17b:26257
I200320 19:03:58.343512 1376 gossip/client.go:131  [n?] closing client to awordaday_node_1:26257: stopping outgoing client to n0 (awordaday_node_1:26257); loopback connection
I200320 19:03:59.347980 1396 gossip/client.go:124  [n?] started gossip client to awordaday_node_1:26257
I200320 19:03:59.348661 1426 gossip/server.go:227  [n?] received initial cluster-verification connection from 348ae289e17b:26257
I200320 19:03:59.349266 1396 gossip/client.go:131  [n?] closing client to awordaday_node_1:26257: stopping outgoing client to n0 (awordaday_node_1:26257); loopback connection
I200320 19:04:00.352695 1400 gossip/client.go:124  [n?] started gossip client to awordaday_node_1:26257
I200320 19:04:00.353221 1415 gossip/server.go:227  [n?] received initial cluster-verification connection from 348ae289e17b:26257
I200320 19:04:00.353744 1400 gossip/client.go:131  [n?] closing client to awordaday_node_1:26257: stopping outgoing client to n0 (awordaday_node_1:26257); loopback connection
I200320 19:04:01.357362 1403 gossip/client.go:124  [n?] started gossip client to awordaday_node_1:26257
I200320 19:04:01.358077 1434 gossip/server.go:227  [n?] received initial cluster-verification connection from 348ae289e17b:26257
I200320 19:04:01.358873 1403 gossip/client.go:131  [n?] closing client to awordaday_node_1:26257: stopping outgoing client to n0 (awordaday_node_1:26257); loopback connection
I200320 19:04:02.362490 1435 gossip/client.go:124  [n?] started gossip client to awordaday_node_1:26257
I200320 19:04:02.363135 1417 gossip/server.go:227  [n?] received initial cluster-verification connection from 348ae289e17b:26257
I200320 19:04:02.363516 1435 gossip/client.go:131  [n?] closing client to awordaday_node_1:26257: stopping outgoing client to n0 (awordaday_node_1:26257); loopback connection
I200320 19:04:03.366338 1388 gossip/client.go:124  [n?] started gossip client to awordaday_node_1:26257
I200320 19:04:03.366977 1439 gossip/server.go:227  [n?] received initial cluster-verification connection from 348ae289e17b:26257
I200320 19:04:03.367255 1388 gossip/client.go:131  [n?] closing client to awordaday_node_1:26257: stopping outgoing client to n0 (awordaday_node_1:26257); loopback connection
I200320 19:04:04.372994 1443 gossip/client.go:124  [n?] started gossip client to awordaday_node_1:26257
I200320 19:04:04.374261 1409 gossip/server.go:227  [n?] received initial cluster-verification connection from 348ae289e17b:26257
I200320 19:04:04.375079 1443 gossip/client.go:131  [n?] closing client to awordaday_node_1:26257: stopping outgoing client to n0 (awordaday_node_1:26257); loopback connection
I200320 19:04:05.376604 1391 gossip/client.go:124  [n?] started gossip client to awordaday_node_1:26257
I200320 19:04:05.377274 1446 gossip/server.go:227  [n?] received initial cluster-verification connection from 348ae289e17b:26257
I200320 19:04:05.377628 1391 gossip/client.go:131  [n?] closing client to awordaday_node_1:26257: stopping outgoing client to n0 (awordaday_node_1:26257); loopback connection
I200320 19:04:06.381106 1462 gossip/client.go:124  [n?] started gossip client to awordaday_node_1:26257
I200320 19:04:06.382266 1424 gossip/server.go:227  [n?] received initial cluster-verification connection from 348ae289e17b:26257
I200320 19:04:06.383056 1462 gossip/client.go:131  [n?] closing client to awordaday_node_1:26257: stopping outgoing client to n0 (awordaday_node_1:26257); loopback connection
I200320 19:04:07.386560 1468 gossip/client.go:124  [n?] started gossip client to awordaday_node_1:26257
I200320 19:04:07.387233 1448 gossip/server.go:227  [n?] received initial cluster-verification connection from 348ae289e17b:26257
I200320 19:04:07.387714 1468 gossip/client.go:131  [n?] closing client to awordaday_node_1:26257: stopping outgoing client to n0 (awordaday_node_1:26257); loopback connection
I200320 19:04:08.359501 1449 gossip/client.go:124  [n?] started gossip client to awordaday_node_1:26257
I200320 19:04:08.360577 1452 gossip/server.go:227  [n?] received initial cluster-verification connection from 348ae289e17b:26257
I200320 19:04:08.361452 1449 gossip/client.go:131  [n?] closing client to awordaday_node_1:26257: stopping outgoing client to n0 (awordaday_node_1:26257); loopback connection
I200320 19:04:09.365897 1494 gossip/client.go:124  [n?] started gossip client to awordaday_node_1:26257
I200320 19:04:09.366230 1477 gossip/server.go:227  [n?] received initial cluster-verification connection from 348ae289e17b:26257
I200320 19:04:09.366656 1494 gossip/client.go:131  [n?] closing client to awordaday_node_1:26257: stopping outgoing client to n0 (awordaday_node_1:26257); loopback connection
I200320 19:04:10.371259 1506 gossip/client.go:124  [n?] started gossip client to awordaday_node_1:26257
I200320 19:04:10.371727 1479 gossip/server.go:227  [n?] received initial cluster-verification connection from 348ae289e17b:26257
I200320 19:04:10.372432 1506 gossip/client.go:131  [n?] closing client to awordaday_node_1:26257: stopping outgoing client to n0 (awordaday_node_1:26257); loopback connection
I200320 19:04:11.376576 1497 gossip/client.go:124  [n?] started gossip client to awordaday_node_1:26257
I200320 19:04:11.377296 1481 gossip/server.go:227  [n?] received initial cluster-verification connection from 348ae289e17b:26257
I200320 19:04:11.377598 1497 gossip/client.go:131  [n?] closing client to awordaday_node_1:26257: stopping outgoing client to n0 (awordaday_node_1:26257); loopback connection
I200320 19:04:12.380741 1482 gossip/client.go:124  [n?] started gossip client to awordaday_node_1:26257
I200320 19:04:12.381534 1486 gossip/server.go:227  [n?] received initial cluster-verification connection from 348ae289e17b:26257
I200320 19:04:12.382272 1482 gossip/client.go:131  [n?] closing client to awordaday_node_1:26257: stopping outgoing client to n0 (awordaday_node_1:26257); loopback connection
I200320 19:04:13.386627 1525 gossip/client.go:124  [n?] started gossip client to awordaday_node_1:26257
I200320 19:04:13.387988 1511 gossip/server.go:227  [n?] received initial cluster-verification connection from 348ae289e17b:26257
I200320 19:04:13.389072 1525 gossip/client.go:131  [n?] closing client to awordaday_node_1:26257: stopping outgoing client to n0 (awordaday_node_1:26257); loopback connection
I200320 19:04:14.390766 1504 gossip/client.go:124  [n?] started gossip client to awordaday_node_1:26257
I200320 19:04:14.392269 1516 gossip/server.go:227  [n?] received initial cluster-verification connection from 348ae289e17b:26257
I200320 19:04:14.392699 1504 gossip/client.go:131  [n?] closing client to awordaday_node_1:26257: stopping outgoing client to n0 (awordaday_node_1:26257); loopback connection
I200320 19:04:15.393616 1542 gossip/client.go:124  [n?] started gossip client to awordaday_node_1:26257
I200320 19:04:15.394121 1546 gossip/server.go:227  [n?] received initial cluster-verification connection from 348ae289e17b:26257
I200320 19:04:15.394556 1542 gossip/client.go:131  [n?] closing client to awordaday_node_1:26257: stopping outgoing client to n0 (awordaday_node_1:26257); loopback connection
I200320 19:04:16.396162 1550 gossip/client.go:124  [n?] started gossip client to awordaday_node_1:26257
I200320 19:04:16.396890 1488 gossip/server.go:227  [n?] received initial cluster-verification connection from 348ae289e17b:26257
I200320 19:04:16.397125 1550 gossip/client.go:131  [n?] closing client to awordaday_node_1:26257: stopping outgoing client to n0 (awordaday_node_1:26257); loopback connection
I200320 19:04:17.398605 1518 gossip/server.go:227  [n?] received initial cluster-verification connection from 348ae289e17b:26257
I200320 19:04:17.398778 1556 gossip/client.go:124  [n?] started gossip client to awordaday_node_1:26257
I200320 19:04:17.399021 1556 gossip/client.go:131  [n?] closing client to awordaday_node_1:26257: stopping outgoing client to n0 (awordaday_node_1:26257); loopback connection
I200320 19:04:18.402500 1559 gossip/client.go:124  [n?] started gossip client to awordaday_node_1:26257
I200320 19:04:18.403422 1520 gossip/server.go:227  [n?] received initial cluster-verification connection from 348ae289e17b:26257
I200320 19:04:18.403830 1559 gossip/client.go:131  [n?] closing client to awordaday_node_1:26257: stopping outgoing client to n0 (awordaday_node_1:26257); loopback connection
I200320 19:04:19.407570 1562 gossip/client.go:124  [n?] started gossip client to awordaday_node_1:26257
I200320 19:04:19.409802 1531 gossip/server.go:227  [n?] received initial cluster-verification connection from 348ae289e17b:26257
I200320 19:04:19.410452 1562 gossip/client.go:131  [n?] closing client to awordaday_node_1:26257: stopping outgoing client to n0 (awordaday_node_1:26257); loopback connection
I200320 19:04:20.412844 1574 gossip/server.go:227  [n?] received initial cluster-verification connection from 348ae289e17b:26257
I200320 19:04:20.413048 1521 gossip/client.go:124  [n?] started gossip client to awordaday_node_1:26257
I200320 19:04:20.413600 1521 gossip/client.go:131  [n?] closing client to awordaday_node_1:26257: stopping outgoing client to n0 (awordaday_node_1:26257); loopback connection
I200320 19:04:21.418794 1532 gossip/client.go:124  [n?] started gossip client to awordaday_node_1:26257
I200320 19:04:21.419149 1576 gossip/server.go:227  [n?] received initial cluster-verification connection from 348ae289e17b:26257
I200320 19:04:21.419493 1532 gossip/client.go:131  [n?] closing client to awordaday_node_1:26257: stopping outgoing client to n0 (awordaday_node_1:26257); loopback connection
I200320 19:04:22.422364 1537 gossip/client.go:124  [n?] started gossip client to awordaday_node_1:26257
I200320 19:04:22.423439 1589 gossip/server.go:227  [n?] received initial cluster-verification connection from 348ae289e17b:26257
I200320 19:04:22.424100 1537 gossip/client.go:131  [n?] closing client to awordaday_node_1:26257: stopping outgoing client to n0 (awordaday_node_1:26257); loopback connection
I200320 19:04:23.427751 1605 gossip/client.go:124  [n?] started gossip client to awordaday_node_1:26257
I200320 19:04:23.428369 1578 gossip/server.go:227  [n?] received initial cluster-verification connection from 348ae289e17b:26257
I200320 19:04:23.428857 1605 gossip/client.go:131  [n?] closing client to awordaday_node_1:26257: stopping outgoing client to n0 (awordaday_node_1:26257); loopback connection
I200320 19:04:24.437333 1582 gossip/client.go:124  [n?] started gossip client to awordaday_node_1:26257
I200320 19:04:24.439155 1609 gossip/server.go:227  [n?] received initial cluster-verification connection from 348ae289e17b:26257
I200320 19:04:24.439573 1582 gossip/client.go:131  [n?] closing client to awordaday_node_1:26257: stopping outgoing client to n0 (awordaday_node_1:26257); loopback connection
I200320 19:04:25.442622 1623 gossip/client.go:124  [n?] started gossip client to awordaday_node_1:26257
I200320 19:04:25.443644 1636 gossip/server.go:227  [n?] received initial cluster-verification connection from 348ae289e17b:26257
I200320 19:04:25.444316 1623 gossip/client.go:131  [n?] closing client to awordaday_node_1:26257: stopping outgoing client to n0 (awordaday_node_1:26257); loopback connection
I200320 19:04:26.447725 1637 gossip/client.go:124  [n?] started gossip client to awordaday_node_1:26257
I200320 19:04:26.448559 1625 gossip/server.go:227  [n?] received initial cluster-verification connection from 348ae289e17b:26257
I200320 19:04:26.449131 1637 gossip/client.go:131  [n?] closing client to awordaday_node_1:26257: stopping outgoing client to n0 (awordaday_node_1:26257); loopback connection
I200320 19:04:27.453266 1613 gossip/client.go:124  [n?] started gossip client to awordaday_node_1:26257
I200320 19:04:27.454120 1628 gossip/server.go:227  [n?] received initial cluster-verification connection from 348ae289e17b:26257
I200320 19:04:27.454362 1613 gossip/client.go:131  [n?] closing client to awordaday_node_1:26257: stopping outgoing client to n0 (awordaday_node_1:26257); loopback connection
I200320 19:04:28.458120 1616 gossip/client.go:124  [n?] started gossip client to awordaday_node_1:26257
I200320 19:04:28.458607 1630 gossip/server.go:227  [n?] received initial cluster-verification connection from 348ae289e17b:26257
I200320 19:04:28.459402 1616 gossip/client.go:131  [n?] closing client to awordaday_node_1:26257: stopping outgoing client to n0 (awordaday_node_1:26257); loopback connection
I200320 19:04:29.462262 1640 gossip/client.go:124  [n?] started gossip client to awordaday_node_1:26257
I200320 19:04:29.462784 1651 gossip/server.go:227  [n?] received initial cluster-verification connection from 348ae289e17b:26257
I200320 19:04:29.463525 1640 gossip/client.go:131  [n?] closing client to awordaday_node_1:26257: stopping outgoing client to n0 (awordaday_node_1:26257); loopback connection
I200320 19:04:30.466483 1668 gossip/client.go:124  [n?] started gossip client to awordaday_node_1:26257
I200320 19:04:30.467165 1672 gossip/server.go:227  [n?] received initial cluster-verification connection from 348ae289e17b:26257
I200320 19:04:30.467684 1668 gossip/client.go:131  [n?] closing client to awordaday_node_1:26257: stopping outgoing client to n0 (awordaday_node_1:26257); loopback connection
I200320 19:04:31.472407 1653 gossip/client.go:124  [n?] started gossip client to awordaday_node_1:26257
I200320 19:04:31.473246 1685 gossip/server.go:227  [n?] received initial cluster-verification connection from 348ae289e17b:26257
I200320 19:04:31.473413 1653 gossip/client.go:131  [n?] closing client to awordaday_node_1:26257: stopping outgoing client to n0 (awordaday_node_1:26257); loopback connection
I200320 19:04:32.477081 1686 gossip/client.go:124  [n?] started gossip client to awordaday_node_1:26257
I200320 19:04:32.477885 1645 gossip/server.go:227  [n?] received initial cluster-verification connection from 348ae289e17b:26257
I200320 19:04:32.478345 1686 gossip/client.go:131  [n?] closing client to awordaday_node_1:26257: stopping outgoing client to n0 (awordaday_node_1:26257); loopback connection
I200320 19:04:33.478987 1677 gossip/client.go:124  [n?] started gossip client to awordaday_node_1:26257
I200320 19:04:33.479429 1681 gossip/server.go:227  [n?] received initial cluster-verification connection from 348ae289e17b:26257
I200320 19:04:33.479764 1677 gossip/client.go:131  [n?] closing client to awordaday_node_1:26257: stopping outgoing client to n0 (awordaday_node_1:26257); loopback connection
I200320 19:04:34.483731 1701 gossip/client.go:124  [n?] started gossip client to awordaday_node_1:26257
I200320 19:04:34.484692 1660 gossip/server.go:227  [n?] received initial cluster-verification connection from 348ae289e17b:26257
I200320 19:04:34.485001 1701 gossip/client.go:131  [n?] closing client to awordaday_node_1:26257: stopping outgoing client to n0 (awordaday_node_1:26257); loopback connection
I200320 19:04:35.489424 1692 gossip/client.go:124  [n?] started gossip client to awordaday_node_1:26257
I200320 19:04:35.490374 1647 gossip/server.go:227  [n?] received initial cluster-verification connection from 348ae289e17b:26257
I200320 19:04:35.490677 1692 gossip/client.go:131  [n?] closing client to awordaday_node_1:26257: stopping outgoing client to n0 (awordaday_node_1:26257); loopback connection
I200320 19:04:36.495373 1714 gossip/client.go:124  [n?] started gossip client to awordaday_node_1:26257
I200320 19:04:36.495856 1662 gossip/server.go:227  [n?] received initial cluster-verification connection from 348ae289e17b:26257
I200320 19:04:36.496671 1714 gossip/client.go:131  [n?] closing client to awordaday_node_1:26257: stopping outgoing client to n0 (awordaday_node_1:26257); loopback connection
I200320 19:04:37.500748 1708 gossip/client.go:124  [n?] started gossip client to awordaday_node_1:26257
I200320 19:04:37.501579 1712 gossip/server.go:227  [n?] received initial cluster-verification connection from 348ae289e17b:26257
I200320 19:04:37.502140 1708 gossip/client.go:131  [n?] closing client to awordaday_node_1:26257: stopping outgoing client to n0 (awordaday_node_1:26257); loopback connection
I200320 19:04:38.471775 1720 gossip/client.go:124  [n?] started gossip client to awordaday_node_1:26257
I200320 19:04:38.472549 1664 gossip/server.go:227  [n?] received initial cluster-verification connection from 348ae289e17b:26257
I200320 19:04:38.473389 1720 gossip/client.go:131  [n?] closing client to awordaday_node_1:26257: stopping outgoing client to n0 (awordaday_node_1:26257); loopback connection
I200320 19:04:39.475648 1730 gossip/client.go:124  [n?] started gossip client to awordaday_node_1:26257
I200320 19:04:39.478747 1649 gossip/server.go:227  [n?] received initial cluster-verification connection from 348ae289e17b:26257
I200320 19:04:39.478977 1730 gossip/client.go:131  [n?] closing client to awordaday_node_1:26257: stopping outgoing client to n0 (awordaday_node_1:26257); loopback connection
I200320 19:04:40.480346 1748 gossip/client.go:124  [n?] started gossip client to awordaday_node_1:26257
I200320 19:04:40.481009 1763 gossip/server.go:227  [n?] received initial cluster-verification connection from 348ae289e17b:26257
I200320 19:04:40.481585 1748 gossip/client.go:131  [n?] closing client to awordaday_node_1:26257: stopping outgoing client to n0 (awordaday_node_1:26257); loopback connection
I200320 19:04:41.484132 1733 gossip/client.go:124  [n?] started gossip client to awordaday_node_1:26257
I200320 19:04:41.485597 1778 gossip/server.go:227  [n?] received initial cluster-verification connection from 348ae289e17b:26257
I200320 19:04:41.486294 1733 gossip/client.go:131  [n?] closing client to awordaday_node_1:26257: stopping outgoing client to n0 (awordaday_node_1:26257); loopback connection
I200320 19:04:42.486890 1780 gossip/client.go:124  [n?] started gossip client to awordaday_node_1:26257
I200320 19:04:42.487829 1784 gossip/server.go:227  [n?] received initial cluster-verification connection from 348ae289e17b:26257
I200320 19:04:42.488072 1780 gossip/client.go:131  [n?] closing client to awordaday_node_1:26257: stopping outgoing client to n0 (awordaday_node_1:26257); loopback connection
I200320 19:04:43.490509 1767 gossip/client.go:124  [n?] started gossip client to awordaday_node_1:26257
I200320 19:04:43.491077 1786 gossip/server.go:227  [n?] received initial cluster-verification connection from 348ae289e17b:26257
I200320 19:04:43.491543 1767 gossip/client.go:131  [n?] closing client to awordaday_node_1:26257: stopping outgoing client to n0 (awordaday_node_1:26257); loopback connection
I200320 19:04:44.493752 1757 gossip/client.go:124  [n?] started gossip client to awordaday_node_1:26257
I200320 19:04:44.494613 1737 gossip/server.go:227  [n?] received initial cluster-verification connection from 348ae289e17b:26257
I200320 19:04:44.494972 1757 gossip/client.go:131  [n?] closing client to awordaday_node_1:26257: stopping outgoing client to n0 (awordaday_node_1:26257); loopback connection
I200320 19:04:45.499617 1788 gossip/client.go:124  [n?] started gossip client to awordaday_node_1:26257
I200320 19:04:45.500795 1739 gossip/server.go:227  [n?] received initial cluster-verification connection from 348ae289e17b:26257
I200320 19:04:45.501520 1788 gossip/client.go:131  [n?] closing client to awordaday_node_1:26257: stopping outgoing client to n0 (awordaday_node_1:26257); loopback connection
I200320 19:04:46.507820 1798 gossip/client.go:124  [n?] started gossip client to awordaday_node_1:26257
I200320 19:04:46.508820 1792 gossip/server.go:227  [n?] received initial cluster-verification connection from 348ae289e17b:26257
I200320 19:04:46.509091 1798 gossip/client.go:131  [n?] closing client to awordaday_node_1:26257: stopping outgoing client to n0 (awordaday_node_1:26257); loopback connection
I200320 19:04:47.511955 1740 gossip/client.go:124  [n?] started gossip client to awordaday_node_1:26257
I200320 19:04:47.512684 1774 gossip/server.go:227  [n?] received initial cluster-verification connection from 348ae289e17b:26257
I200320 19:04:47.512810 1740 gossip/client.go:131  [n?] closing client to awordaday_node_1:26257: stopping outgoing client to n0 (awordaday_node_1:26257); loopback connection
I200320 19:04:48.518027 1775 gossip/client.go:124  [n?] started gossip client to awordaday_node_1:26257
I200320 19:04:48.518773 1803 gossip/server.go:227  [n?] received initial cluster-verification connection from 348ae289e17b:26257
I200320 19:04:48.519826 1775 gossip/client.go:131  [n?] closing client to awordaday_node_1:26257: stopping outgoing client to n0 (awordaday_node_1:26257); loopback connection
I200320 19:04:49.523985 1810 gossip/client.go:124  [n?] started gossip client to awordaday_node_1:26257
I200320 19:04:49.525290 1827 gossip/server.go:227  [n?] received initial cluster-verification connection from 348ae289e17b:26257
I200320 19:04:49.525521 1810 gossip/client.go:131  [n?] closing client to awordaday_node_1:26257: stopping outgoing client to n0 (awordaday_node_1:26257); loopback connection
I200320 19:04:50.528810 1793 gossip/client.go:124  [n?] started gossip client to awordaday_node_1:26257
I200320 19:04:50.529549 1814 gossip/server.go:227  [n?] received initial cluster-verification connection from 348ae289e17b:26257
I200320 19:04:50.530263 1793 gossip/client.go:131  [n?] closing client to awordaday_node_1:26257: stopping outgoing client to n0 (awordaday_node_1:26257); loopback connection
I200320 19:04:51.530277 1858 gossip/client.go:124  [n?] started gossip client to awordaday_node_1:26257
I200320 19:04:51.530748 1832 gossip/server.go:227  [n?] received initial cluster-verification connection from 348ae289e17b:26257
I200320 19:04:51.530915 1858 gossip/client.go:131  [n?] closing client to awordaday_node_1:26257: stopping outgoing client to n0 (awordaday_node_1:26257); loopback connection
I200320 19:04:52.536426 1833 gossip/client.go:124  [n?] started gossip client to awordaday_node_1:26257
I200320 19:04:52.537511 1862 gossip/server.go:227  [n?] received initial cluster-verification connection from 348ae289e17b:26257
I200320 19:04:52.538296 1833 gossip/client.go:131  [n?] closing client to awordaday_node_1:26257: stopping outgoing client to n0 (awordaday_node_1:26257); loopback connection
I200320 19:04:53.543633 1839 gossip/client.go:124  [n?] started gossip client to awordaday_node_1:26257
I200320 19:04:53.544305 1864 gossip/server.go:227  [n?] received initial cluster-verification connection from 348ae289e17b:26257
I200320 19:04:53.544912 1839 gossip/client.go:131  [n?] closing client to awordaday_node_1:26257: stopping outgoing client to n0 (awordaday_node_1:26257); loopback connection
I200320 19:04:54.551518 1878 gossip/client.go:124  [n?] started gossip client to awordaday_node_1:26257
I200320 19:04:54.552378 1866 gossip/server.go:227  [n?] received initial cluster-verification connection from 348ae289e17b:26257
I200320 19:04:54.552604 1878 gossip/client.go:131  [n?] closing client to awordaday_node_1:26257: stopping outgoing client to n0 (awordaday_node_1:26257); loopback connection
I200320 19:04:55.559060 1847 gossip/client.go:124  [n?] started gossip client to awordaday_node_1:26257
I200320 19:04:55.559799 1851 gossip/server.go:227  [n?] received initial cluster-verification connection from 348ae289e17b:26257
I200320 19:04:55.560651 1847 gossip/client.go:131  [n?] closing client to awordaday_node_1:26257: stopping outgoing client to n0 (awordaday_node_1:26257); loopback connection
I200320 19:04:56.564951 1819 gossip/client.go:124  [n?] started gossip client to awordaday_node_1:26257
I200320 19:04:56.565471 1882 gossip/server.go:227  [n?] received initial cluster-verification connection from 348ae289e17b:26257
I200320 19:04:56.565884 1819 gossip/client.go:131  [n?] closing client to awordaday_node_1:26257: stopping outgoing client to n0 (awordaday_node_1:26257); loopback connection
I200320 19:04:57.570476 1891 gossip/client.go:124  [n?] started gossip client to awordaday_node_1:26257
I200320 19:04:57.571033 1823 gossip/server.go:227  [n?] received initial cluster-verification connection from 348ae289e17b:26257
I200320 19:04:57.571442 1891 gossip/client.go:131  [n?] closing client to awordaday_node_1:26257: stopping outgoing client to n0 (awordaday_node_1:26257); loopback connection
I200320 19:04:58.575727 1824 gossip/client.go:124  [n?] started gossip client to awordaday_node_1:26257
I200320 19:04:58.576749 1908 gossip/server.go:227  [n?] received initial cluster-verification connection from 348ae289e17b:26257
I200320 19:04:58.577481 1824 gossip/client.go:131  [n?] closing client to awordaday_node_1:26257: stopping outgoing client to n0 (awordaday_node_1:26257); loopback connection
I200320 19:04:59.583689 1912 gossip/client.go:124  [n?] started gossip client to awordaday_node_1:26257
I200320 19:04:59.584200 1916 gossip/server.go:227  [n?] received initial cluster-verification connection from 348ae289e17b:26257
I200320 19:04:59.584725 1912 gossip/client.go:131  [n?] closing client to awordaday_node_1:26257: stopping outgoing client to n0 (awordaday_node_1:26257); loopback connection
I200320 19:05:00.590481 1886 gossip/client.go:124  [n?] started gossip client to awordaday_node_1:26257
I200320 19:05:00.590799 1918 gossip/server.go:227  [n?] received initial cluster-verification connection from 348ae289e17b:26257
I200320 19:05:00.591238 1886 gossip/client.go:131  [n?] closing client to awordaday_node_1:26257: stopping outgoing client to n0 (awordaday_node_1:26257); loopback connection
