I200322 03:13:02.197667 1 util/log/clog.go:1196  [config] file created at: 2020/03/22 03:13:02
I200322 03:13:02.197667 1 util/log/clog.go:1196  [config] running on machine: d6c793d0ce08
I200322 03:13:02.197667 1 util/log/clog.go:1196  [config] binary: CockroachDB CCL v19.2.4 (x86_64-unknown-linux-gnu, built 2020/02/06 21:55:19, go1.12.12)
I200322 03:13:02.197667 1 util/log/clog.go:1196  [config] arguments: [/cockroach/cockroach start --insecure --host=127.0.0.1 --join=node_1]
I200322 03:13:02.197667 1 util/log/clog.go:1196  line format: [IWEF]yymmdd hh:mm:ss.uuuuuu goid file:line msg utf8=✓
I200322 03:13:02.197634 1 cli/start.go:1144  logging to directory /cockroach/cockroach-data/logs
W200322 03:13:02.203979 1 cli/start.go:1182  RUNNING IN INSECURE MODE!

- Your cluster is open for any client that can access 127.0.0.1.
- Any user, even root, can log in without providing a password.
- Any user, connecting as root, can read or write any data in your cluster.
- There is no network encryption nor authentication, and thus no confidentiality.

Check out how to secure your cluster: https://www.cockroachlabs.com/docs/v19.2/secure-a-cluster.html
I200322 03:13:02.205861 1 server/status/recorder.go:597  available memory from cgroups is unsupported, using system memory 1.9 GiB instead: failed to find cgroup memory limit
W200322 03:13:02.206056 1 cli/start.go:1052  Using the default setting for --cache (128 MiB).
  A significantly larger value is usually needed for good performance.
  If you have a dedicated server a reasonable setting is --cache=.25 (497 MiB).
I200322 03:13:02.206593 1 server/status/recorder.go:597  available memory from cgroups is unsupported, using system memory 1.9 GiB instead: failed to find cgroup memory limit
W200322 03:13:02.206634 1 cli/start.go:1065  Using the default setting for --max-sql-memory (128 MiB).
  A significantly larger value is usually needed in production.
  If you have a dedicated server a reasonable setting is --max-sql-memory=.25 (497 MiB).
I200322 03:13:02.207094 1 server/status/recorder.go:597  available memory from cgroups is unsupported, using system memory 1.9 GiB instead: failed to find cgroup memory limit
I200322 03:13:02.207160 1 cli/start.go:1196  CockroachDB CCL v19.2.4 (x86_64-unknown-linux-gnu, built 2020/02/06 21:55:19, go1.12.12)
I200322 03:13:02.517369 1 server/status/recorder.go:597  available memory from cgroups is unsupported, using system memory 1.9 GiB instead: failed to find cgroup memory limit
I200322 03:13:02.517432 1 server/config.go:394  system total memory: 1.9 GiB
I200322 03:13:02.517491 1 server/config.go:396  server configuration:
max offset             500000000
cache size             128 MiB
SQL memory pool size   128 MiB
scan interval          10m0s
scan min idle time     10ms
scan max idle time     1s
event log enabled      true
I200322 03:13:02.517534 1 cli/start.go:1030  using local environment variables: COCKROACH_USER=root, COCKROACH_CHANNEL=official-docker
I200322 03:13:02.517572 1 cli/start.go:1037  process identity: uid 0 euid 0 gid 0 egid 0
I200322 03:13:02.518225 1 cli/start.go:644  starting cockroach node
I200322 03:13:02.524515 15 storage/engine/rocksdb.go:622  opening rocksdb instance at "/cockroach/cockroach-data/cockroach-temp832058520"
I200322 03:13:02.767226 15 server/server.go:928  [n?] monitoring forward clock jumps based on server.clock.forward_jump_check_enabled
I200322 03:13:02.770689 15 storage/engine/rocksdb.go:622  opening rocksdb instance at "/cockroach/cockroach-data"
I200322 03:13:03.026710 15 server/config.go:502  [n?] 1 storage engine initialized
I200322 03:13:03.026754 15 server/config.go:505  [n?] RocksDB cache size: 128 MiB
I200322 03:13:03.026791 15 server/config.go:505  [n?] store 0: RocksDB, max size 0 B, max open file limit 1043576
W200322 03:13:03.042556 15 gossip/gossip.go:1517  [n?] no incoming or outgoing connections
I200322 03:13:03.045841 15 server/server.go:978  [n?] Sleeping till wall time 1584846783045782500 to catches up to 1584846783267094401 to ensure monotonicity. Delta: 221.311901ms
W200322 03:13:03.048078 65 vendor/google.golang.org/grpc/clientconn.go:1206  grpc: addrConn.createTransport failed to connect to {node_1:26257 0  <nil>}. Err :connection error: desc = "transport: Error while dialing dial tcp 172.21.0.3:26257: connect: connection refused". Reconnecting...
I200322 03:13:03.048269 62 vendor/github.com/cockroachdb/circuitbreaker/circuitbreaker.go:322  [n?] circuitbreaker: gossip 127.0.0.1:26257->node_1:26257 tripped: initial connection heartbeat failed: rpc error: code = Unavailable desc = all SubConns are in TransientFailure, latest connection error: connection error: desc = "transport: Error while dialing dial tcp 172.21.0.3:26257: connect: connection refused"
I200322 03:13:03.048369 62 vendor/github.com/cockroachdb/circuitbreaker/circuitbreaker.go:447  [n?] circuitbreaker: gossip 127.0.0.1:26257->node_1:26257 event: BreakerTripped
W200322 03:13:03.048413 62 gossip/client.go:118  [n?] failed to start gossip client to node_1:26257: initial connection heartbeat failed: rpc error: code = Unavailable desc = all SubConns are in TransientFailure, latest connection error: connection error: desc = "transport: Error while dialing dial tcp 172.21.0.3:26257: connect: connection refused"
I200322 03:13:03.271982 15 gossip/gossip.go:394  [n1] NodeDescriptor set to node_id:1 address:<network_field:"tcp" address_field:"127.0.0.1:26257" > attrs:<> locality:<> ServerVersion:<major_val:19 minor_val:2 patch:0 unstable:0 > build_tag:"v19.2.4" started_at:1584846783268016900 cluster_name:"" sql_address:<network_field:"tcp" address_field:"127.0.0.1:26257" > 
W200322 03:13:03.312897 142 storage/replica_range_lease.go:554  can't determine lease status due to node liveness error: node not in the liveness table
github.com/cockroachdb/cockroach/pkg/storage.init.ializers
	/go/src/github.com/cockroachdb/cockroach/pkg/storage/node_liveness.go:44
runtime.main
	/usr/local/go/src/runtime/proc.go:188
runtime.goexit
	/usr/local/go/src/runtime/asm_amd64.s:1337
W200322 03:13:03.313593 142 storage/store.go:1530  [n1,s1,r6/1:/Table/{SystemCon…-11}] could not gossip system config: [NotLeaseHolderError] r6: replica (n1,s1):1 not lease holder; lease holder unknown
I200322 03:13:03.458425 15 server/node.go:431  [n1] initialized store [n1,s1]: disk (capacity=116 TiB, available=79 TiB, used=3.6 MiB, logicalBytes=1.4 MiB), ranges=24, leases=2, queries=0.00, writes=0.00, bytesPerReplica={p10=0.00 p25=0.00 p50=0.00 p75=1089.00 p90=12124.00 pMax=1438093.00}, writesPerReplica={p10=0.00 p25=0.00 p50=0.00 p75=0.00 p90=0.00 pMax=0.00}
I200322 03:13:03.458798 15 storage/stores.go:240  [n1] read 0 node addresses from persistent storage
I200322 03:13:03.459066 15 server/node.go:645  [n1] connecting to gossip network to verify cluster ID...
I200322 03:13:03.459139 15 server/node.go:665  [n1] node connected via gossip and verified as part of cluster "72efe42b-26c1-40d2-9416-d246996c4d4d"
I200322 03:13:03.459408 15 server/node.go:512  [n1] node=1: started with [<no-attributes>=/cockroach/cockroach-data] engine(s) and attributes []
I200322 03:13:03.467747 15 server/server.go:1514  [n1] starting http server at 127.0.0.1:8080 (use: 127.0.0.1:8080)
I200322 03:13:03.467839 15 server/server.go:1521  [n1] starting grpc/postgres server at 127.0.0.1:26257
I200322 03:13:03.467935 15 server/server.go:1522  [n1] advertising CockroachDB node at 127.0.0.1:26257
I200322 03:13:03.529698 161 storage/node_liveness.go:474  [n1,liveness-hb] heartbeat failed on epoch increment; retrying
I200322 03:13:03.663485 15 server/server.go:1590  [n1] done ensuring all necessary migrations have run
I200322 03:13:03.663668 15 server/server.go:1841  [n1] serving sql connections
I200322 03:13:03.663947 15 cli/start.go:803  [config] clusterID: 72efe42b-26c1-40d2-9416-d246996c4d4d
I200322 03:13:03.664078 15 cli/start.go:812  node startup completed:
CockroachDB node starting at 2020-03-22 03:13:03.663794 +0000 UTC (took 1.5s)
build:               CCL v19.2.4 @ 2020/02/06 21:55:19 (go1.12.12)
webui:               http://127.0.0.1:8080
sql:                 postgresql://root@127.0.0.1:26257?sslmode=disable
RPC client flags:    /cockroach/cockroach <client cmd> --host=127.0.0.1:26257 --insecure
logs:                /cockroach/cockroach-data/logs
temp dir:            /cockroach/cockroach-data/cockroach-temp832058520
external I/O path:   /cockroach/cockroach-data/extern
store[0]:            path=/cockroach/cockroach-data
status:              restarted pre-existing node
clusterID:           72efe42b-26c1-40d2-9416-d246996c4d4d
nodeID:              1
I200322 03:13:03.689083 214 server/server_update.go:53  [n1] no need to upgrade, cluster already at the newest version
I200322 03:13:03.700143 216 sql/event_log.go:130  [n1] Event: "node_restart", target: 1, info: {Descriptor:{NodeID:1 Address:127.0.0.1:26257 Attrs: Locality: ServerVersion:19.2 BuildTag:v19.2.4 StartedAt:1584846783268016900 LocalityAddress:[] ClusterName: SQLAddress:127.0.0.1:26257} ClusterID:72efe42b-26c1-40d2-9416-d246996c4d4d StartedAt:1584846783268016900 LastUp:1584846762748164100}
I200322 03:13:04.046996 43 gossip/gossip.go:1531  [n1] node has connected to cluster via gossip
I200322 03:13:04.047182 43 storage/stores.go:259  [n1] wrote 0 node addresses to persistent storage
W200322 03:13:04.048936 65 vendor/google.golang.org/grpc/clientconn.go:1206  grpc: addrConn.createTransport failed to connect to {node_1:26257 0  <nil>}. Err :connection error: desc = "transport: Error while dialing cannot reuse client connection". Reconnecting...
I200322 03:13:13.464596 155 server/status/runtime.go:498  [n1] runtime stats: 108 MiB RSS, 131 goroutines, 94 MiB/30 MiB/135 MiB GO alloc/idle/total, 14 MiB/17 MiB CGO alloc/total, 0.0 CGO/sec, 0.0/0.0 %(u/s)time, 0.0 %gc (9x), 21 KiB/14 KiB (r/w)net
I200322 03:13:23.432386 155 server/status/runtime.go:498  [n1] runtime stats: 117 MiB RSS, 131 goroutines, 102 MiB/21 MiB/135 MiB GO alloc/idle/total, 14 MiB/17 MiB CGO alloc/total, 59.0 CGO/sec, 1.2/1.9 %(u/s)time, 0.0 %gc (0x), 482 B/438 B (r/w)net
I200322 03:13:23.539022 150 storage/store.go:2364  [n1,s1] sstables (read amplification = 2):
0 [ 92K 1 ]: 92K
6 [ 76K 1 ]: 76K
I200322 03:13:23.539129 150 storage/store.go:2365  [n1,s1] 
** Compaction Stats [default] **
Level    Files   Size     Score Read(GB)  Rn(GB) Rnp1(GB) Write(GB) Wnew(GB) Moved(GB) W-Amp Rd(MB/s) Wr(MB/s) Comp(sec) CompMergeCPU(sec) Comp(cnt) Avg(sec) KeyIn KeyDrop
----------------------------------------------------------------------------------------------------------------------------------------------------------------------------
  L0      1/0   91.86 KB   0.5      0.0     0.0      0.0       0.0      0.0       0.0   1.0      0.0      1.5      0.06              0.00         1    0.059       0      0
  L6      1/0   76.43 KB   0.0      0.0     0.0      0.0       0.0      0.0       0.0   0.0      0.0      0.0      0.00              0.00         0    0.000       0      0
 Sum      2/0   168.29 KB   0.0      0.0     0.0      0.0       0.0      0.0       0.0   1.0      0.0      1.5      0.06              0.00         1    0.059       0      0
 Int      0/0    0.00 KB   0.0      0.0     0.0      0.0       0.0      0.0       0.0   1.0      0.0      1.5      0.06              0.00         1    0.059       0      0

** Compaction Stats [default] **
Priority    Files   Size     Score Read(GB)  Rn(GB) Rnp1(GB) Write(GB) Wnew(GB) Moved(GB) W-Amp Rd(MB/s) Wr(MB/s) Comp(sec) CompMergeCPU(sec) Comp(cnt) Avg(sec) KeyIn KeyDrop
-------------------------------------------------------------------------------------------------------------------------------------------------------------------------------
User      0/0    0.00 KB   0.0      0.0     0.0      0.0       0.0      0.0       0.0   0.0      0.0      1.5      0.06              0.00         1    0.059       0      0
Uptime(secs): 20.7 total, 20.7 interval
Flush(GB): cumulative 0.000, interval 0.000
AddFile(GB): cumulative 0.000, interval 0.000
AddFile(Total Files): cumulative 0, interval 0
AddFile(L0 Files): cumulative 0, interval 0
AddFile(Keys): cumulative 0, interval 0
Cumulative compaction: 0.00 GB write, 0.00 MB/s write, 0.00 GB read, 0.00 MB/s read, 0.1 seconds
Interval compaction: 0.00 GB write, 0.00 MB/s write, 0.00 GB read, 0.00 MB/s read, 0.1 seconds
Stalls(count): 0 level0_slowdown, 0 level0_slowdown_with_compaction, 0 level0_numfiles, 0 level0_numfiles_with_compaction, 0 stop for pending_compaction_bytes, 0 slowdown for pending_compaction_bytes, 0 memtable_compaction, 0 memtable_slowdown, interval 0 total count
estimated_pending_compaction_bytes: 0 B
I200322 03:13:33.434034 155 server/status/runtime.go:498  [n1] runtime stats: 127 MiB RSS, 131 goroutines, 110 MiB/13 MiB/135 MiB GO alloc/idle/total, 14 MiB/17 MiB CGO alloc/total, 39.8 CGO/sec, 1.1/2.1 %(u/s)time, 0.0 %gc (0x), 482 B/312 B (r/w)net
I200322 03:13:43.433342 155 server/status/runtime.go:498  [n1] runtime stats: 136 MiB RSS, 132 goroutines, 78 MiB/42 MiB/135 MiB GO alloc/idle/total, 14 MiB/18 MiB CGO alloc/total, 28.5 CGO/sec, 1.3/2.1 %(u/s)time, 0.0 %gc (1x), 0 B/126 B (r/w)net
I200322 03:13:53.399583 155 server/status/runtime.go:498  [n1] runtime stats: 136 MiB RSS, 132 goroutines, 84 MiB/37 MiB/135 MiB GO alloc/idle/total, 14 MiB/18 MiB CGO alloc/total, 26.7 CGO/sec, 1.0/1.6 %(u/s)time, 0.0 %gc (0x), 0 B/0 B (r/w)net
I200322 03:13:53.447697 1 cli/start.go:865  received signal 'terminated'
I200322 03:13:53.448294 1 cli/start.go:930  initiating graceful shutdown of server
I200322 03:13:53.455905 979 util/stop/stopper.go:542  [server drain process] quiescing; tasks left:
1      [async] stats.Refresher: maybeRefreshStats
1      [async] intent_resolver_ir_batcher
1      [async] intent_resolver_gc_batcher
1      [async] closedts-rangefeed-subscriber
I200322 03:13:53.530396 979 storage/engine/rocksdb.go:762  closing rocksdb instance at "/cockroach/cockroach-data/cockroach-temp832058520"
I200322 03:13:53.564143 979 storage/engine/rocksdb.go:762  closing rocksdb instance at "/cockroach/cockroach-data"
I200322 03:13:53.575346 1 cli/start.go:976  server drained and shutdown completed
