I200320 19:28:50.389363 1 util/log/clog.go:1196  [config] file created at: 2020/03/20 19:28:50
I200320 19:28:50.389363 1 util/log/clog.go:1196  [config] running on machine: db9313ae3e97
I200320 19:28:50.389363 1 util/log/clog.go:1196  [config] binary: CockroachDB CCL v19.2.4 (x86_64-unknown-linux-gnu, built 2020/02/06 21:55:19, go1.12.12)
I200320 19:28:50.389363 1 util/log/clog.go:1196  [config] arguments: [/cockroach/cockroach start --insecure --join=node_1]
I200320 19:28:50.389363 1 util/log/clog.go:1196  line format: [IWEF]yymmdd hh:mm:ss.uuuuuu goid file:line msg utf8=✓
I200320 19:28:50.389351 1 cli/start.go:1144  logging to directory /cockroach/cockroach-data/logs
W200320 19:28:50.395586 1 cli/start.go:1182  RUNNING IN INSECURE MODE!

- Your cluster is open for any client that can access <all your IP addresses>.
- Any user, even root, can log in without providing a password.
- Any user, connecting as root, can read or write any data in your cluster.
- There is no network encryption nor authentication, and thus no confidentiality.

Check out how to secure your cluster: https://www.cockroachlabs.com/docs/v19.2/secure-a-cluster.html
I200320 19:28:50.397870 1 server/status/recorder.go:597  available memory from cgroups is unsupported, using system memory 1.9 GiB instead: failed to find cgroup memory limit
W200320 19:28:50.399344 1 cli/start.go:1052  Using the default setting for --cache (128 MiB).
  A significantly larger value is usually needed for good performance.
  If you have a dedicated server a reasonable setting is --cache=.25 (497 MiB).
I200320 19:28:50.399758 1 server/status/recorder.go:597  available memory from cgroups is unsupported, using system memory 1.9 GiB instead: failed to find cgroup memory limit
W200320 19:28:50.399831 1 cli/start.go:1065  Using the default setting for --max-sql-memory (128 MiB).
  A significantly larger value is usually needed in production.
  If you have a dedicated server a reasonable setting is --max-sql-memory=.25 (497 MiB).
I200320 19:28:50.400329 1 server/status/recorder.go:597  available memory from cgroups is unsupported, using system memory 1.9 GiB instead: failed to find cgroup memory limit
I200320 19:28:50.400414 1 cli/start.go:1196  CockroachDB CCL v19.2.4 (x86_64-unknown-linux-gnu, built 2020/02/06 21:55:19, go1.12.12)
I200320 19:28:50.629462 1 server/status/recorder.go:597  available memory from cgroups is unsupported, using system memory 1.9 GiB instead: failed to find cgroup memory limit
I200320 19:28:50.629503 1 server/config.go:394  system total memory: 1.9 GiB
I200320 19:28:50.629560 1 server/config.go:396  server configuration:
max offset             500000000
cache size             128 MiB
SQL memory pool size   128 MiB
scan interval          10m0s
scan min idle time     10ms
scan max idle time     1s
event log enabled      true
I200320 19:28:50.629601 1 cli/start.go:1030  using local environment variables: COCKROACH_USER=root, COCKROACH_CHANNEL=official-docker
I200320 19:28:50.629638 1 cli/start.go:1037  process identity: uid 0 euid 0 gid 0 egid 0
I200320 19:28:50.630418 1 cli/start.go:644  starting cockroach node
I200320 19:28:50.636752 10 storage/engine/rocksdb.go:622  opening rocksdb instance at "/cockroach/cockroach-data/cockroach-temp542737560"
I200320 19:28:50.816167 10 server/server.go:928  [n?] monitoring forward clock jumps based on server.clock.forward_jump_check_enabled
I200320 19:28:50.820156 10 storage/engine/rocksdb.go:622  opening rocksdb instance at "/cockroach/cockroach-data"
I200320 19:28:50.924505 10 server/config.go:502  [n?] 1 storage engine initialized
I200320 19:28:50.924538 10 server/config.go:505  [n?] RocksDB cache size: 128 MiB
I200320 19:28:50.924571 10 server/config.go:505  [n?] store 0: RocksDB, max size 0 B, max open file limit 1043576
W200320 19:28:50.941178 10 gossip/gossip.go:1517  [n?] no incoming or outgoing connections
I200320 19:28:50.941328 10 server/server.go:1386  [n?] no stores bootstrapped and --join flag specified, awaiting init command or join with an already initialized node.
I200320 19:28:50.958972 103 gossip/client.go:124  [n?] started gossip client to node_1:26257
I200320 19:28:50.959908 115 gossip/server.go:227  [n?] received initial cluster-verification connection from db9313ae3e97:26257
I200320 19:28:50.960216 103 gossip/client.go:131  [n?] closing client to node_1:26257: stopping outgoing client to n0 (node_1:26257); loopback connection
I200320 19:28:51.950785 116 gossip/client.go:124  [n?] started gossip client to node_1:26257
I200320 19:28:51.951370 133 gossip/server.go:227  [n?] received initial cluster-verification connection from db9313ae3e97:26257
I200320 19:28:51.952224 116 gossip/client.go:131  [n?] closing client to node_1:26257: stopping outgoing client to n0 (node_1:26257); loopback connection
W200320 19:28:52.942262 99 cli/start.go:996  neither --listen-addr nor --advertise-addr was specified.
The server will advertise "db9313ae3e97" to other nodes, is this routable?

Consider using:
- for local-only servers:  --listen-addr=localhost
- for multi-node clusters: --advertise-addr=<host/IP addr>
I200320 19:28:52.942346 99 cli/start.go:603  initial startup completed.
Node will now attempt to join a running cluster, or wait for `cockroach init`.
Client connections will be accepted after this completes successfully.
Check the log file(s) for progress. 
I200320 19:28:52.951776 134 gossip/client.go:124  [n?] started gossip client to node_1:26257
I200320 19:28:52.952537 41 gossip/server.go:227  [n?] received initial cluster-verification connection from db9313ae3e97:26257
I200320 19:28:52.952938 134 gossip/client.go:131  [n?] closing client to node_1:26257: stopping outgoing client to n0 (node_1:26257); loopback connection
I200320 19:28:53.954192 137 gossip/client.go:124  [n?] started gossip client to node_1:26257
I200320 19:28:53.954845 43 gossip/server.go:227  [n?] received initial cluster-verification connection from db9313ae3e97:26257
I200320 19:28:53.955198 137 gossip/client.go:131  [n?] closing client to node_1:26257: stopping outgoing client to n0 (node_1:26257); loopback connection
I200320 19:28:54.961441 141 gossip/client.go:124  [n?] started gossip client to node_1:26257
I200320 19:28:54.962158 129 gossip/server.go:227  [n?] received initial cluster-verification connection from db9313ae3e97:26257
I200320 19:28:54.962579 141 gossip/client.go:131  [n?] closing client to node_1:26257: stopping outgoing client to n0 (node_1:26257); loopback connection
I200320 19:28:55.965982 147 gossip/client.go:124  [n?] started gossip client to node_1:26257
I200320 19:28:55.966728 163 gossip/server.go:227  [n?] received initial cluster-verification connection from db9313ae3e97:26257
I200320 19:28:55.967327 147 gossip/client.go:131  [n?] closing client to node_1:26257: stopping outgoing client to n0 (node_1:26257); loopback connection
I200320 19:28:56.969765 167 gossip/client.go:124  [n?] started gossip client to node_1:26257
I200320 19:28:56.970498 46 gossip/server.go:227  [n?] received initial cluster-verification connection from db9313ae3e97:26257
I200320 19:28:56.970776 167 gossip/client.go:131  [n?] closing client to node_1:26257: stopping outgoing client to n0 (node_1:26257); loopback connection
I200320 19:28:57.974714 47 gossip/client.go:124  [n?] started gossip client to node_1:26257
I200320 19:28:57.975656 150 gossip/server.go:227  [n?] received initial cluster-verification connection from db9313ae3e97:26257
I200320 19:28:57.975951 47 gossip/client.go:131  [n?] closing client to node_1:26257: stopping outgoing client to n0 (node_1:26257); loopback connection
I200320 19:28:58.980234 173 gossip/client.go:124  [n?] started gossip client to node_1:26257
I200320 19:28:58.980822 177 gossip/server.go:227  [n?] received initial cluster-verification connection from db9313ae3e97:26257
I200320 19:28:58.980946 173 gossip/client.go:131  [n?] closing client to node_1:26257: stopping outgoing client to n0 (node_1:26257); loopback connection
I200320 19:28:59.986906 195 gossip/client.go:124  [n?] started gossip client to node_1:26257
I200320 19:28:59.988302 182 gossip/server.go:227  [n?] received initial cluster-verification connection from db9313ae3e97:26257
I200320 19:28:59.988878 195 gossip/client.go:131  [n?] closing client to node_1:26257: stopping outgoing client to n0 (node_1:26257); loopback connection
I200320 19:29:00.992979 201 gossip/client.go:124  [n?] started gossip client to node_1:26257
I200320 19:29:00.993616 64 gossip/server.go:227  [n?] received initial cluster-verification connection from db9313ae3e97:26257
I200320 19:29:00.994224 201 gossip/client.go:131  [n?] closing client to node_1:26257: stopping outgoing client to n0 (node_1:26257); loopback connection
I200320 19:29:01.997870 184 gossip/server.go:227  [n?] received initial cluster-verification connection from db9313ae3e97:26257
I200320 19:29:01.997260 204 gossip/client.go:124  [n?] started gossip client to node_1:26257
I200320 19:29:01.998506 204 gossip/client.go:131  [n?] closing client to node_1:26257: stopping outgoing client to n0 (node_1:26257); loopback connection
I200320 19:29:03.002599 185 gossip/client.go:124  [n?] started gossip client to node_1:26257
I200320 19:29:03.003312 213 gossip/server.go:227  [n?] received initial cluster-verification connection from db9313ae3e97:26257
I200320 19:29:03.003917 185 gossip/client.go:131  [n?] closing client to node_1:26257: stopping outgoing client to n0 (node_1:26257); loopback connection
I200320 19:29:04.007312 232 gossip/client.go:124  [n?] started gossip client to node_1:26257
I200320 19:29:04.008308 234 gossip/server.go:227  [n?] received initial cluster-verification connection from db9313ae3e97:26257
I200320 19:29:04.008695 232 gossip/client.go:131  [n?] closing client to node_1:26257: stopping outgoing client to n0 (node_1:26257); loopback connection
I200320 19:29:05.010481 186 gossip/client.go:124  [n?] started gossip client to node_1:26257
I200320 19:29:05.011597 188 gossip/server.go:227  [n?] received initial cluster-verification connection from db9313ae3e97:26257
I200320 19:29:05.012192 186 gossip/client.go:131  [n?] closing client to node_1:26257: stopping outgoing client to n0 (node_1:26257); loopback connection
I200320 19:29:06.016293 190 gossip/client.go:124  [n?] started gossip client to node_1:26257
I200320 19:29:06.017320 161 gossip/server.go:227  [n?] received initial cluster-verification connection from db9313ae3e97:26257
I200320 19:29:06.017948 190 gossip/client.go:131  [n?] closing client to node_1:26257: stopping outgoing client to n0 (node_1:26257); loopback connection
I200320 19:29:06.984735 244 gossip/client.go:124  [n?] started gossip client to node_1:26257
I200320 19:29:06.985003 222 gossip/server.go:227  [n?] received initial cluster-verification connection from db9313ae3e97:26257
I200320 19:29:06.985271 244 gossip/client.go:131  [n?] closing client to node_1:26257: stopping outgoing client to n0 (node_1:26257); loopback connection
I200320 19:29:07.988831 248 gossip/client.go:124  [n?] started gossip client to node_1:26257
I200320 19:29:07.990117 259 gossip/server.go:227  [n?] received initial cluster-verification connection from db9313ae3e97:26257
I200320 19:29:07.990464 248 gossip/client.go:131  [n?] closing client to node_1:26257: stopping outgoing client to n0 (node_1:26257); loopback connection
I200320 19:29:08.992018 238 gossip/client.go:124  [n?] started gossip client to node_1:26257
I200320 19:29:08.992383 261 gossip/server.go:227  [n?] received initial cluster-verification connection from db9313ae3e97:26257
I200320 19:29:08.992896 238 gossip/client.go:131  [n?] closing client to node_1:26257: stopping outgoing client to n0 (node_1:26257); loopback connection
I200320 19:29:09.994789 223 gossip/client.go:124  [n?] started gossip client to node_1:26257
I200320 19:29:09.995466 265 gossip/server.go:227  [n?] received initial cluster-verification connection from db9313ae3e97:26257
I200320 19:29:09.996294 223 gossip/client.go:131  [n?] closing client to node_1:26257: stopping outgoing client to n0 (node_1:26257); loopback connection
I200320 19:29:11.000702 269 gossip/client.go:124  [n?] started gossip client to node_1:26257
I200320 19:29:11.001919 225 gossip/server.go:227  [n?] received initial cluster-verification connection from db9313ae3e97:26257
I200320 19:29:11.002597 269 gossip/client.go:131  [n?] closing client to node_1:26257: stopping outgoing client to n0 (node_1:26257); loopback connection
I200320 19:29:12.004649 277 gossip/client.go:124  [n?] started gossip client to node_1:26257
I200320 19:29:12.005551 281 gossip/server.go:227  [n?] received initial cluster-verification connection from db9313ae3e97:26257
I200320 19:29:12.005834 277 gossip/client.go:131  [n?] closing client to node_1:26257: stopping outgoing client to n0 (node_1:26257); loopback connection
I200320 19:29:13.009395 292 gossip/client.go:124  [n?] started gossip client to node_1:26257
I200320 19:29:13.010104 257 gossip/server.go:227  [n?] received initial cluster-verification connection from db9313ae3e97:26257
I200320 19:29:13.010836 292 gossip/client.go:131  [n?] closing client to node_1:26257: stopping outgoing client to n0 (node_1:26257); loopback connection
I200320 19:29:14.016720 307 gossip/client.go:124  [n?] started gossip client to node_1:26257
I200320 19:29:14.017528 283 gossip/server.go:227  [n?] received initial cluster-verification connection from db9313ae3e97:26257
I200320 19:29:14.017832 307 gossip/client.go:131  [n?] closing client to node_1:26257: stopping outgoing client to n0 (node_1:26257); loopback connection
I200320 19:29:15.020966 284 gossip/client.go:124  [n?] started gossip client to node_1:26257
I200320 19:29:15.021711 323 gossip/server.go:227  [n?] received initial cluster-verification connection from db9313ae3e97:26257
I200320 19:29:15.022280 284 gossip/client.go:131  [n?] closing client to node_1:26257: stopping outgoing client to n0 (node_1:26257); loopback connection
I200320 19:29:16.026447 338 gossip/client.go:124  [n?] started gossip client to node_1:26257
I200320 19:29:16.027738 325 gossip/server.go:227  [n?] received initial cluster-verification connection from db9313ae3e97:26257
I200320 19:29:16.028202 338 gossip/client.go:131  [n?] closing client to node_1:26257: stopping outgoing client to n0 (node_1:26257); loopback connection
I200320 19:29:17.031690 317 gossip/client.go:124  [n?] started gossip client to node_1:26257
I200320 19:29:17.032373 321 gossip/server.go:227  [n?] received initial cluster-verification connection from db9313ae3e97:26257
I200320 19:29:17.032477 317 gossip/client.go:131  [n?] closing client to node_1:26257: stopping outgoing client to n0 (node_1:26257); loopback connection
I200320 19:29:18.037802 354 gossip/client.go:124  [n?] started gossip client to node_1:26257
I200320 19:29:18.038539 296 gossip/server.go:227  [n?] received initial cluster-verification connection from db9313ae3e97:26257
I200320 19:29:18.039109 354 gossip/client.go:131  [n?] closing client to node_1:26257: stopping outgoing client to n0 (node_1:26257); loopback connection
I200320 19:29:19.042254 330 gossip/client.go:124  [n?] started gossip client to node_1:26257
I200320 19:29:19.043433 345 gossip/server.go:227  [n?] received initial cluster-verification connection from db9313ae3e97:26257
I200320 19:29:19.044110 330 gossip/client.go:131  [n?] closing client to node_1:26257: stopping outgoing client to n0 (node_1:26257); loopback connection
I200320 19:29:20.046844 346 gossip/client.go:124  [n?] started gossip client to node_1:26257
I200320 19:29:20.047721 350 gossip/server.go:227  [n?] received initial cluster-verification connection from db9313ae3e97:26257
I200320 19:29:20.048073 346 gossip/client.go:131  [n?] closing client to node_1:26257: stopping outgoing client to n0 (node_1:26257); loopback connection
W200320 19:29:20.910810 333 cli/start.go:634  The server appears to be unable to contact the other nodes in the cluster. Please try:

- starting the other nodes, if you haven't already;
- double-checking that the '--join' and '--listen'/'--advertise' flags are set up correctly;
- running the 'cockroach init' command if you are trying to initialize a new cluster.

If problems persist, please see https://www.cockroachlabs.com/docs/v19.2/cluster-setup-troubleshooting.html.
I200320 19:29:21.052155 370 gossip/client.go:124  [n?] started gossip client to node_1:26257
I200320 19:29:21.053093 374 gossip/server.go:227  [n?] received initial cluster-verification connection from db9313ae3e97:26257
I200320 19:29:21.053578 370 gossip/client.go:131  [n?] closing client to node_1:26257: stopping outgoing client to n0 (node_1:26257); loopback connection
I200320 19:29:22.057604 378 gossip/client.go:124  [n?] started gossip client to node_1:26257
I200320 19:29:22.058542 361 gossip/server.go:227  [n?] received initial cluster-verification connection from db9313ae3e97:26257
I200320 19:29:22.058955 378 gossip/client.go:131  [n?] closing client to node_1:26257: stopping outgoing client to n0 (node_1:26257); loopback connection
I200320 19:29:23.061903 381 gossip/client.go:124  [n?] started gossip client to node_1:26257
I200320 19:29:23.062662 298 gossip/server.go:227  [n?] received initial cluster-verification connection from db9313ae3e97:26257
I200320 19:29:23.063351 381 gossip/client.go:131  [n?] closing client to node_1:26257: stopping outgoing client to n0 (node_1:26257); loopback connection
I200320 19:29:24.068600 386 gossip/client.go:124  [n?] started gossip client to node_1:26257
I200320 19:29:24.069739 303 gossip/server.go:227  [n?] received initial cluster-verification connection from db9313ae3e97:26257
I200320 19:29:24.070032 386 gossip/client.go:131  [n?] closing client to node_1:26257: stopping outgoing client to n0 (node_1:26257); loopback connection
I200320 19:29:25.073858 363 gossip/client.go:124  [n?] started gossip client to node_1:26257
I200320 19:29:25.074892 390 gossip/server.go:227  [n?] received initial cluster-verification connection from db9313ae3e97:26257
I200320 19:29:25.075157 363 gossip/client.go:131  [n?] closing client to node_1:26257: stopping outgoing client to n0 (node_1:26257); loopback connection
I200320 19:29:26.079964 367 gossip/server.go:227  [n?] received initial cluster-verification connection from db9313ae3e97:26257
I200320 19:29:26.079838 394 gossip/client.go:124  [n?] started gossip client to node_1:26257
I200320 19:29:26.080978 394 gossip/client.go:131  [n?] closing client to node_1:26257: stopping outgoing client to n0 (node_1:26257); loopback connection
I200320 19:29:27.089055 419 gossip/client.go:124  [n?] started gossip client to node_1:26257
I200320 19:29:27.089468 385 gossip/server.go:227  [n?] received initial cluster-verification connection from db9313ae3e97:26257
I200320 19:29:27.089934 419 gossip/client.go:131  [n?] closing client to node_1:26257: stopping outgoing client to n0 (node_1:26257); loopback connection
I200320 19:29:28.093841 434 gossip/client.go:124  [n?] started gossip client to node_1:26257
I200320 19:29:28.094807 451 gossip/server.go:227  [n?] received initial cluster-verification connection from db9313ae3e97:26257
I200320 19:29:28.095426 434 gossip/client.go:131  [n?] closing client to node_1:26257: stopping outgoing client to n0 (node_1:26257); loopback connection
I200320 19:29:29.097570 436 gossip/client.go:124  [n?] started gossip client to node_1:26257
I200320 19:29:29.098453 453 gossip/server.go:227  [n?] received initial cluster-verification connection from db9313ae3e97:26257
I200320 19:29:29.098700 436 gossip/client.go:131  [n?] closing client to node_1:26257: stopping outgoing client to n0 (node_1:26257); loopback connection
I200320 19:29:30.106478 454 gossip/client.go:124  [n?] started gossip client to node_1:26257
I200320 19:29:30.107026 404 gossip/server.go:227  [n?] received initial cluster-verification connection from db9313ae3e97:26257
I200320 19:29:30.107953 454 gossip/client.go:131  [n?] closing client to node_1:26257: stopping outgoing client to n0 (node_1:26257); loopback connection
I200320 19:29:31.114609 405 gossip/client.go:124  [n?] started gossip client to node_1:26257
I200320 19:29:31.115345 458 gossip/server.go:227  [n?] received initial cluster-verification connection from db9313ae3e97:26257
I200320 19:29:31.116025 405 gossip/client.go:131  [n?] closing client to node_1:26257: stopping outgoing client to n0 (node_1:26257); loopback connection
I200320 19:29:32.119472 459 gossip/client.go:124  [n?] started gossip client to node_1:26257
I200320 19:29:32.120128 444 gossip/server.go:227  [n?] received initial cluster-verification connection from db9313ae3e97:26257
I200320 19:29:32.121110 459 gossip/client.go:131  [n?] closing client to node_1:26257: stopping outgoing client to n0 (node_1:26257); loopback connection
I200320 19:29:33.126407 409 gossip/client.go:124  [n?] started gossip client to node_1:26257
I200320 19:29:33.127561 413 gossip/server.go:227  [n?] received initial cluster-verification connection from db9313ae3e97:26257
I200320 19:29:33.128338 409 gossip/client.go:131  [n?] closing client to node_1:26257: stopping outgoing client to n0 (node_1:26257); loopback connection
I200320 19:29:34.133723 462 gossip/client.go:124  [n?] started gossip client to node_1:26257
I200320 19:29:34.134297 432 gossip/server.go:227  [n?] received initial cluster-verification connection from db9313ae3e97:26257
I200320 19:29:34.134765 462 gossip/client.go:131  [n?] closing client to node_1:26257: stopping outgoing client to n0 (node_1:26257); loopback connection
I200320 19:29:35.137549 467 gossip/client.go:124  [n?] started gossip client to node_1:26257
I200320 19:29:35.138058 498 gossip/server.go:227  [n?] received initial cluster-verification connection from db9313ae3e97:26257
I200320 19:29:35.138748 467 gossip/client.go:131  [n?] closing client to node_1:26257: stopping outgoing client to n0 (node_1:26257); loopback connection
I200320 19:29:36.143878 417 gossip/client.go:124  [n?] started gossip client to node_1:26257
I200320 19:29:36.144803 500 gossip/server.go:227  [n?] received initial cluster-verification connection from db9313ae3e97:26257
I200320 19:29:36.145527 417 gossip/client.go:131  [n?] closing client to node_1:26257: stopping outgoing client to n0 (node_1:26257); loopback connection
I200320 19:29:37.115368 504 gossip/client.go:124  [n?] started gossip client to node_1:26257
I200320 19:29:37.116485 471 gossip/server.go:227  [n?] received initial cluster-verification connection from db9313ae3e97:26257
I200320 19:29:37.117050 504 gossip/client.go:131  [n?] closing client to node_1:26257: stopping outgoing client to n0 (node_1:26257); loopback connection
I200320 19:29:38.120884 517 gossip/client.go:124  [n?] started gossip client to node_1:26257
I200320 19:29:38.121968 473 gossip/server.go:227  [n?] received initial cluster-verification connection from db9313ae3e97:26257
I200320 19:29:38.122365 517 gossip/client.go:131  [n?] closing client to node_1:26257: stopping outgoing client to n0 (node_1:26257); loopback connection
I200320 19:29:39.126359 478 gossip/client.go:124  [n?] started gossip client to node_1:26257
I200320 19:29:39.127176 521 gossip/server.go:227  [n?] received initial cluster-verification connection from db9313ae3e97:26257
I200320 19:29:39.127984 478 gossip/client.go:131  [n?] closing client to node_1:26257: stopping outgoing client to n0 (node_1:26257); loopback connection
I200320 19:29:40.134661 525 gossip/client.go:124  [n?] started gossip client to node_1:26257
I200320 19:29:40.135552 508 gossip/server.go:227  [n?] received initial cluster-verification connection from db9313ae3e97:26257
I200320 19:29:40.135872 525 gossip/client.go:131  [n?] closing client to node_1:26257: stopping outgoing client to n0 (node_1:26257); loopback connection
I200320 19:29:41.140132 532 gossip/client.go:124  [n?] started gossip client to node_1:26257
I200320 19:29:41.140856 510 gossip/server.go:227  [n?] received initial cluster-verification connection from db9313ae3e97:26257
I200320 19:29:41.141592 532 gossip/client.go:131  [n?] closing client to node_1:26257: stopping outgoing client to n0 (node_1:26257); loopback connection
I200320 19:29:42.148312 547 gossip/client.go:124  [n?] started gossip client to node_1:26257
I200320 19:29:42.148837 512 gossip/server.go:227  [n?] received initial cluster-verification connection from db9313ae3e97:26257
I200320 19:29:42.149280 547 gossip/client.go:131  [n?] closing client to node_1:26257: stopping outgoing client to n0 (node_1:26257); loopback connection
I200320 19:29:43.155383 491 gossip/client.go:124  [n?] started gossip client to node_1:26257
I200320 19:29:43.156388 536 gossip/server.go:227  [n?] received initial cluster-verification connection from db9313ae3e97:26257
I200320 19:29:43.157032 491 gossip/client.go:131  [n?] closing client to node_1:26257: stopping outgoing client to n0 (node_1:26257); loopback connection
I200320 19:29:44.158605 537 gossip/client.go:124  [n?] started gossip client to node_1:26257
I200320 19:29:44.159385 554 gossip/server.go:227  [n?] received initial cluster-verification connection from db9313ae3e97:26257
I200320 19:29:44.159852 537 gossip/client.go:131  [n?] closing client to node_1:26257: stopping outgoing client to n0 (node_1:26257); loopback connection
I200320 19:29:45.165726 495 gossip/client.go:124  [n?] started gossip client to node_1:26257
I200320 19:29:45.166730 565 gossip/server.go:227  [n?] received initial cluster-verification connection from db9313ae3e97:26257
I200320 19:29:45.167504 495 gossip/client.go:131  [n?] closing client to node_1:26257: stopping outgoing client to n0 (node_1:26257); loopback connection
I200320 19:29:46.174830 560 gossip/client.go:124  [n?] started gossip client to node_1:26257
I200320 19:29:46.175803 541 gossip/server.go:227  [n?] received initial cluster-verification connection from db9313ae3e97:26257
I200320 19:29:46.176461 560 gossip/client.go:131  [n?] closing client to node_1:26257: stopping outgoing client to n0 (node_1:26257); loopback connection
I200320 19:29:47.178513 542 gossip/client.go:124  [n?] started gossip client to node_1:26257
I200320 19:29:47.179426 497 gossip/server.go:227  [n?] received initial cluster-verification connection from db9313ae3e97:26257
I200320 19:29:47.179877 542 gossip/client.go:131  [n?] closing client to node_1:26257: stopping outgoing client to n0 (node_1:26257); loopback connection
I200320 19:29:48.180508 597 gossip/client.go:124  [n?] started gossip client to node_1:26257
I200320 19:29:48.180871 570 gossip/server.go:227  [n?] received initial cluster-verification connection from db9313ae3e97:26257
I200320 19:29:48.181132 597 gossip/client.go:131  [n?] closing client to node_1:26257: stopping outgoing client to n0 (node_1:26257); loopback connection
I200320 19:29:49.187368 600 gossip/client.go:124  [n?] started gossip client to node_1:26257
I200320 19:29:49.187813 610 gossip/server.go:227  [n?] received initial cluster-verification connection from db9313ae3e97:26257
I200320 19:29:49.188048 600 gossip/client.go:131  [n?] closing client to node_1:26257: stopping outgoing client to n0 (node_1:26257); loopback connection
I200320 19:29:50.190659 585 gossip/client.go:124  [n?] started gossip client to node_1:26257
I200320 19:29:50.191138 589 gossip/server.go:227  [n?] received initial cluster-verification connection from db9313ae3e97:26257
I200320 19:29:50.191673 585 gossip/client.go:131  [n?] closing client to node_1:26257: stopping outgoing client to n0 (node_1:26257); loopback connection
I200320 19:29:51.197932 607 gossip/client.go:124  [n?] started gossip client to node_1:26257
I200320 19:29:51.198784 572 gossip/server.go:227  [n?] received initial cluster-verification connection from db9313ae3e97:26257
I200320 19:29:51.199545 607 gossip/client.go:131  [n?] closing client to node_1:26257: stopping outgoing client to n0 (node_1:26257); loopback connection
I200320 19:29:52.199858 576 gossip/client.go:124  [n?] started gossip client to node_1:26257
I200320 19:29:52.200463 612 gossip/server.go:227  [n?] received initial cluster-verification connection from db9313ae3e97:26257
I200320 19:29:52.200799 576 gossip/client.go:131  [n?] closing client to node_1:26257: stopping outgoing client to n0 (node_1:26257); loopback connection
I200320 19:29:53.203639 642 gossip/client.go:124  [n?] started gossip client to node_1:26257
I200320 19:29:53.204569 646 gossip/server.go:227  [n?] received initial cluster-verification connection from db9313ae3e97:26257
I200320 19:29:53.205012 642 gossip/client.go:131  [n?] closing client to node_1:26257: stopping outgoing client to n0 (node_1:26257); loopback connection
I200320 19:29:54.210446 648 gossip/client.go:124  [n?] started gossip client to node_1:26257
I200320 19:29:54.211391 614 gossip/server.go:227  [n?] received initial cluster-verification connection from db9313ae3e97:26257
I200320 19:29:54.211866 648 gossip/client.go:131  [n?] closing client to node_1:26257: stopping outgoing client to n0 (node_1:26257); loopback connection
I200320 19:29:55.215307 664 gossip/client.go:124  [n?] started gossip client to node_1:26257
I200320 19:29:55.215916 652 gossip/server.go:227  [n?] received initial cluster-verification connection from db9313ae3e97:26257
I200320 19:29:55.216731 664 gossip/client.go:131  [n?] closing client to node_1:26257: stopping outgoing client to n0 (node_1:26257); loopback connection
I200320 19:29:56.218063 670 gossip/client.go:124  [n?] started gossip client to node_1:26257
I200320 19:29:56.219248 616 gossip/server.go:227  [n?] received initial cluster-verification connection from db9313ae3e97:26257
I200320 19:29:56.219457 670 gossip/client.go:131  [n?] closing client to node_1:26257: stopping outgoing client to n0 (node_1:26257); loopback connection
I200320 19:29:57.222448 674 gossip/client.go:124  [n?] started gossip client to node_1:26257
I200320 19:29:57.224419 628 gossip/server.go:227  [n?] received initial cluster-verification connection from db9313ae3e97:26257
I200320 19:29:57.224779 674 gossip/client.go:131  [n?] closing client to node_1:26257: stopping outgoing client to n0 (node_1:26257); loopback connection
I200320 19:29:58.226101 656 gossip/client.go:124  [n?] started gossip client to node_1:26257
I200320 19:29:58.226901 623 gossip/server.go:227  [n?] received initial cluster-verification connection from db9313ae3e97:26257
I200320 19:29:58.227643 656 gossip/client.go:131  [n?] closing client to node_1:26257: stopping outgoing client to n0 (node_1:26257); loopback connection
I200320 19:29:59.230792 680 gossip/client.go:124  [n?] started gossip client to node_1:26257
I200320 19:29:59.232131 625 gossip/server.go:227  [n?] received initial cluster-verification connection from db9313ae3e97:26257
I200320 19:29:59.232577 680 gossip/client.go:131  [n?] closing client to node_1:26257: stopping outgoing client to n0 (node_1:26257); loopback connection
I200320 19:30:00.235018 693 gossip/client.go:124  [n?] started gossip client to node_1:26257
I200320 19:30:00.235955 707 gossip/server.go:227  [n?] received initial cluster-verification connection from db9313ae3e97:26257
I200320 19:30:00.236499 693 gossip/client.go:131  [n?] closing client to node_1:26257: stopping outgoing client to n0 (node_1:26257); loopback connection
I200320 19:30:01.238656 696 gossip/client.go:124  [n?] started gossip client to node_1:26257
I200320 19:30:01.239431 684 gossip/server.go:227  [n?] received initial cluster-verification connection from db9313ae3e97:26257
I200320 19:30:01.239982 696 gossip/client.go:131  [n?] closing client to node_1:26257: stopping outgoing client to n0 (node_1:26257); loopback connection
I200320 19:30:02.241103 632 gossip/client.go:124  [n?] started gossip client to node_1:26257
I200320 19:30:02.242224 712 gossip/server.go:227  [n?] received initial cluster-verification connection from db9313ae3e97:26257
I200320 19:30:02.242731 632 gossip/client.go:131  [n?] closing client to node_1:26257: stopping outgoing client to n0 (node_1:26257); loopback connection
I200320 19:30:03.244755 716 gossip/client.go:124  [n?] started gossip client to node_1:26257
I200320 19:30:03.245111 686 gossip/server.go:227  [n?] received initial cluster-verification connection from db9313ae3e97:26257
I200320 19:30:03.245523 716 gossip/client.go:131  [n?] closing client to node_1:26257: stopping outgoing client to n0 (node_1:26257); loopback connection
I200320 19:30:04.247602 722 gossip/client.go:124  [n?] started gossip client to node_1:26257
I200320 19:30:04.248016 701 gossip/server.go:227  [n?] received initial cluster-verification connection from db9313ae3e97:26257
I200320 19:30:04.248463 722 gossip/client.go:131  [n?] closing client to node_1:26257: stopping outgoing client to n0 (node_1:26257); loopback connection
I200320 19:30:05.250704 719 gossip/client.go:124  [n?] started gossip client to node_1:26257
I200320 19:30:05.251562 703 gossip/server.go:227  [n?] received initial cluster-verification connection from db9313ae3e97:26257
I200320 19:30:05.251800 719 gossip/client.go:131  [n?] closing client to node_1:26257: stopping outgoing client to n0 (node_1:26257); loopback connection
I200320 19:30:06.258707 728 gossip/client.go:124  [n?] started gossip client to node_1:26257
I200320 19:30:06.259584 731 gossip/server.go:227  [n?] received initial cluster-verification connection from db9313ae3e97:26257
I200320 19:30:06.260510 728 gossip/client.go:131  [n?] closing client to node_1:26257: stopping outgoing client to n0 (node_1:26257); loopback connection
I200320 19:30:07.228842 732 gossip/client.go:124  [n?] started gossip client to node_1:26257
I200320 19:30:07.229513 736 gossip/server.go:227  [n?] received initial cluster-verification connection from db9313ae3e97:26257
I200320 19:30:07.229728 732 gossip/client.go:131  [n?] closing client to node_1:26257: stopping outgoing client to n0 (node_1:26257); loopback connection
I200320 19:30:08.234235 739 gossip/client.go:124  [n?] started gossip client to node_1:26257
I200320 19:30:08.234798 759 gossip/server.go:227  [n?] received initial cluster-verification connection from db9313ae3e97:26257
I200320 19:30:08.235279 739 gossip/client.go:131  [n?] closing client to node_1:26257: stopping outgoing client to n0 (node_1:26257); loopback connection
I200320 19:30:09.239813 761 gossip/client.go:124  [n?] started gossip client to node_1:26257
I200320 19:30:09.240370 764 gossip/server.go:227  [n?] received initial cluster-verification connection from db9313ae3e97:26257
I200320 19:30:09.240994 761 gossip/client.go:131  [n?] closing client to node_1:26257: stopping outgoing client to n0 (node_1:26257); loopback connection
I200320 19:30:10.245784 768 gossip/client.go:124  [n?] started gossip client to node_1:26257
I200320 19:30:10.246414 640 gossip/server.go:227  [n?] received initial cluster-verification connection from db9313ae3e97:26257
I200320 19:30:10.246820 768 gossip/client.go:131  [n?] closing client to node_1:26257: stopping outgoing client to n0 (node_1:26257); loopback connection
I200320 19:30:11.254326 743 gossip/client.go:124  [n?] started gossip client to node_1:26257
I200320 19:30:11.255272 805 gossip/server.go:227  [n?] received initial cluster-verification connection from db9313ae3e97:26257
I200320 19:30:11.256070 743 gossip/client.go:131  [n?] closing client to node_1:26257: stopping outgoing client to n0 (node_1:26257); loopback connection
I200320 19:30:12.260460 748 gossip/client.go:124  [n?] started gossip client to node_1:26257
I200320 19:30:12.261403 809 gossip/server.go:227  [n?] received initial cluster-verification connection from db9313ae3e97:26257
I200320 19:30:12.261854 748 gossip/client.go:131  [n?] closing client to node_1:26257: stopping outgoing client to n0 (node_1:26257); loopback connection
I200320 19:30:13.265386 810 gossip/client.go:124  [n?] started gossip client to node_1:26257
I200320 19:30:13.266020 791 gossip/server.go:227  [n?] received initial cluster-verification connection from db9313ae3e97:26257
I200320 19:30:13.266249 810 gossip/client.go:131  [n?] closing client to node_1:26257: stopping outgoing client to n0 (node_1:26257); loopback connection
I200320 19:30:14.268001 816 gossip/client.go:124  [n?] started gossip client to node_1:26257
I200320 19:30:14.268731 820 gossip/server.go:227  [n?] received initial cluster-verification connection from db9313ae3e97:26257
I200320 19:30:14.269160 816 gossip/client.go:131  [n?] closing client to node_1:26257: stopping outgoing client to n0 (node_1:26257); loopback connection
I200320 19:30:15.272665 822 gossip/client.go:124  [n?] started gossip client to node_1:26257
I200320 19:30:15.273376 776 gossip/server.go:227  [n?] received initial cluster-verification connection from db9313ae3e97:26257
I200320 19:30:15.274065 822 gossip/client.go:131  [n?] closing client to node_1:26257: stopping outgoing client to n0 (node_1:26257); loopback connection
I200320 19:30:16.276836 825 gossip/client.go:124  [n?] started gossip client to node_1:26257
I200320 19:30:16.277398 778 gossip/server.go:227  [n?] received initial cluster-verification connection from db9313ae3e97:26257
I200320 19:30:16.278057 825 gossip/client.go:131  [n?] closing client to node_1:26257: stopping outgoing client to n0 (node_1:26257); loopback connection
I200320 19:30:17.280473 795 gossip/client.go:124  [n?] started gossip client to node_1:26257
I200320 19:30:17.281160 752 gossip/server.go:227  [n?] received initial cluster-verification connection from db9313ae3e97:26257
I200320 19:30:17.281995 795 gossip/client.go:131  [n?] closing client to node_1:26257: stopping outgoing client to n0 (node_1:26257); loopback connection
I200320 19:30:18.282135 753 gossip/client.go:124  [n?] started gossip client to node_1:26257
I200320 19:30:18.282744 832 gossip/server.go:227  [n?] received initial cluster-verification connection from db9313ae3e97:26257
I200320 19:30:18.283179 753 gossip/client.go:131  [n?] closing client to node_1:26257: stopping outgoing client to n0 (node_1:26257); loopback connection
I200320 19:30:19.286148 836 gossip/client.go:124  [n?] started gossip client to node_1:26257
I200320 19:30:19.286989 851 gossip/server.go:227  [n?] received initial cluster-verification connection from db9313ae3e97:26257
I200320 19:30:19.287504 836 gossip/client.go:131  [n?] closing client to node_1:26257: stopping outgoing client to n0 (node_1:26257); loopback connection
I200320 19:30:20.289032 842 gossip/client.go:124  [n?] started gossip client to node_1:26257
I200320 19:30:20.290224 866 gossip/server.go:227  [n?] received initial cluster-verification connection from db9313ae3e97:26257
I200320 19:30:20.290499 842 gossip/client.go:131  [n?] closing client to node_1:26257: stopping outgoing client to n0 (node_1:26257); loopback connection
I200320 19:30:21.295112 868 gossip/client.go:124  [n?] started gossip client to node_1:26257
I200320 19:30:21.296454 846 gossip/server.go:227  [n?] received initial cluster-verification connection from db9313ae3e97:26257
I200320 19:30:21.297086 868 gossip/client.go:131  [n?] closing client to node_1:26257: stopping outgoing client to n0 (node_1:26257); loopback connection
I200320 19:30:22.301292 882 gossip/client.go:124  [n?] started gossip client to node_1:26257
I200320 19:30:22.302082 856 gossip/server.go:227  [n?] received initial cluster-verification connection from db9313ae3e97:26257
I200320 19:30:22.302548 882 gossip/client.go:131  [n?] closing client to node_1:26257: stopping outgoing client to n0 (node_1:26257); loopback connection
I200320 19:30:23.307144 871 gossip/client.go:124  [n?] started gossip client to node_1:26257
I200320 19:30:23.308234 875 gossip/server.go:227  [n?] received initial cluster-verification connection from db9313ae3e97:26257
I200320 19:30:23.308736 871 gossip/client.go:131  [n?] closing client to node_1:26257: stopping outgoing client to n0 (node_1:26257); loopback connection
I200320 19:30:24.311806 879 gossip/client.go:124  [n?] started gossip client to node_1:26257
I200320 19:30:24.311978 889 gossip/server.go:227  [n?] received initial cluster-verification connection from db9313ae3e97:26257
I200320 19:30:24.312060 879 gossip/client.go:131  [n?] closing client to node_1:26257: stopping outgoing client to n0 (node_1:26257); loopback connection
I200320 19:30:25.316451 901 gossip/client.go:124  [n?] started gossip client to node_1:26257
I200320 19:30:25.318098 799 gossip/server.go:227  [n?] received initial cluster-verification connection from db9313ae3e97:26257
I200320 19:30:25.318436 901 gossip/client.go:131  [n?] closing client to node_1:26257: stopping outgoing client to n0 (node_1:26257); loopback connection
I200320 19:30:26.321003 858 gossip/client.go:124  [n?] started gossip client to node_1:26257
I200320 19:30:26.321781 894 gossip/server.go:227  [n?] received initial cluster-verification connection from db9313ae3e97:26257
I200320 19:30:26.322500 858 gossip/client.go:131  [n?] closing client to node_1:26257: stopping outgoing client to n0 (node_1:26257); loopback connection
I200320 19:30:27.325941 896 gossip/client.go:124  [n?] started gossip client to node_1:26257
I200320 19:30:27.326491 801 gossip/server.go:227  [n?] received initial cluster-verification connection from db9313ae3e97:26257
I200320 19:30:27.327129 896 gossip/client.go:131  [n?] closing client to node_1:26257: stopping outgoing client to n0 (node_1:26257); loopback connection
I200320 19:30:28.331009 904 gossip/client.go:124  [n?] started gossip client to node_1:26257
I200320 19:30:28.331356 908 gossip/server.go:227  [n?] received initial cluster-verification connection from db9313ae3e97:26257
I200320 19:30:28.331715 904 gossip/client.go:131  [n?] closing client to node_1:26257: stopping outgoing client to n0 (node_1:26257); loopback connection
I200320 19:30:29.335727 933 gossip/client.go:124  [n?] started gossip client to node_1:26257
I200320 19:30:29.336417 919 gossip/server.go:227  [n?] received initial cluster-verification connection from db9313ae3e97:26257
I200320 19:30:29.336796 933 gossip/client.go:131  [n?] closing client to node_1:26257: stopping outgoing client to n0 (node_1:26257); loopback connection
I200320 19:30:30.338246 909 gossip/client.go:124  [n?] started gossip client to node_1:26257
I200320 19:30:30.339138 940 gossip/server.go:227  [n?] received initial cluster-verification connection from db9313ae3e97:26257
I200320 19:30:30.339734 909 gossip/client.go:131  [n?] closing client to node_1:26257: stopping outgoing client to n0 (node_1:26257); loopback connection
I200320 19:30:31.344114 947 gossip/client.go:124  [n?] started gossip client to node_1:26257
I200320 19:30:31.344707 921 gossip/server.go:227  [n?] received initial cluster-verification connection from db9313ae3e97:26257
I200320 19:30:31.345400 947 gossip/client.go:131  [n?] closing client to node_1:26257: stopping outgoing client to n0 (node_1:26257); loopback connection
I200320 19:30:32.347349 953 gossip/client.go:124  [n?] started gossip client to node_1:26257
I200320 19:30:32.348001 962 gossip/server.go:227  [n?] received initial cluster-verification connection from db9313ae3e97:26257
I200320 19:30:32.348801 953 gossip/client.go:131  [n?] closing client to node_1:26257: stopping outgoing client to n0 (node_1:26257); loopback connection
I200320 19:30:33.354409 956 gossip/client.go:124  [n?] started gossip client to node_1:26257
I200320 19:30:33.355823 943 gossip/server.go:227  [n?] received initial cluster-verification connection from db9313ae3e97:26257
I200320 19:30:33.356226 956 gossip/client.go:131  [n?] closing client to node_1:26257: stopping outgoing client to n0 (node_1:26257); loopback connection
I200320 19:30:34.361395 979 gossip/client.go:124  [n?] started gossip client to node_1:26257
I200320 19:30:34.363745 967 gossip/server.go:227  [n?] received initial cluster-verification connection from db9313ae3e97:26257
I200320 19:30:34.364348 979 gossip/client.go:131  [n?] closing client to node_1:26257: stopping outgoing client to n0 (node_1:26257); loopback connection
I200320 19:30:35.369960 971 gossip/client.go:124  [n?] started gossip client to node_1:26257
I200320 19:30:35.371005 923 gossip/server.go:227  [n?] received initial cluster-verification connection from db9313ae3e97:26257
I200320 19:30:35.371347 971 gossip/client.go:131  [n?] closing client to node_1:26257: stopping outgoing client to n0 (node_1:26257); loopback connection
I200320 19:30:36.374326 977 gossip/client.go:124  [n?] started gossip client to node_1:26257
I200320 19:30:36.375272 983 gossip/server.go:227  [n?] received initial cluster-verification connection from db9313ae3e97:26257
I200320 19:30:36.375887 977 gossip/client.go:131  [n?] closing client to node_1:26257: stopping outgoing client to n0 (node_1:26257); loopback connection
I200320 19:30:37.343663 999 gossip/client.go:124  [n?] started gossip client to node_1:26257
I200320 19:30:37.344379 928 gossip/server.go:227  [n?] received initial cluster-verification connection from db9313ae3e97:26257
I200320 19:30:37.344892 999 gossip/client.go:131  [n?] closing client to node_1:26257: stopping outgoing client to n0 (node_1:26257); loopback connection
I200320 19:30:38.349672 1012 gossip/client.go:124  [n?] started gossip client to node_1:26257
I200320 19:30:38.350391 1016 gossip/server.go:227  [n?] received initial cluster-verification connection from db9313ae3e97:26257
I200320 19:30:38.351170 1012 gossip/client.go:131  [n?] closing client to node_1:26257: stopping outgoing client to n0 (node_1:26257); loopback connection
I200320 19:30:39.354881 1020 gossip/client.go:124  [n?] started gossip client to node_1:26257
I200320 19:30:39.356034 961 gossip/server.go:227  [n?] received initial cluster-verification connection from db9313ae3e97:26257
I200320 19:30:39.356438 1020 gossip/client.go:131  [n?] closing client to node_1:26257: stopping outgoing client to n0 (node_1:26257); loopback connection
I200320 19:30:40.357526 984 gossip/client.go:124  [n?] started gossip client to node_1:26257
I200320 19:30:40.358060 1006 gossip/server.go:227  [n?] received initial cluster-verification connection from db9313ae3e97:26257
I200320 19:30:40.358366 984 gossip/client.go:131  [n?] closing client to node_1:26257: stopping outgoing client to n0 (node_1:26257); loopback connection
I200320 19:30:41.362510 988 gossip/client.go:124  [n?] started gossip client to node_1:26257
I200320 19:30:41.363514 1009 gossip/server.go:227  [n?] received initial cluster-verification connection from db9313ae3e97:26257
I200320 19:30:41.364135 988 gossip/client.go:131  [n?] closing client to node_1:26257: stopping outgoing client to n0 (node_1:26257); loopback connection
I200320 19:30:42.366985 1023 gossip/client.go:124  [n?] started gossip client to node_1:26257
I200320 19:30:42.367611 1031 gossip/server.go:227  [n?] received initial cluster-verification connection from db9313ae3e97:26257
I200320 19:30:42.368287 1023 gossip/client.go:131  [n?] closing client to node_1:26257: stopping outgoing client to n0 (node_1:26257); loopback connection
I200320 19:30:43.372325 1032 gossip/client.go:124  [n?] started gossip client to node_1:26257
I200320 19:30:43.372435 1043 gossip/server.go:227  [n?] received initial cluster-verification connection from db9313ae3e97:26257
I200320 19:30:43.372853 1032 gossip/client.go:131  [n?] closing client to node_1:26257: stopping outgoing client to n0 (node_1:26257); loopback connection
I200320 19:30:44.380776 1058 gossip/client.go:124  [n?] started gossip client to node_1:26257
I200320 19:30:44.381443 1048 gossip/server.go:227  [n?] received initial cluster-verification connection from db9313ae3e97:26257
I200320 19:30:44.381971 1058 gossip/client.go:131  [n?] closing client to node_1:26257: stopping outgoing client to n0 (node_1:26257); loopback connection
I200320 19:30:45.390912 993 gossip/client.go:124  [n?] started gossip client to node_1:26257
I200320 19:30:45.391511 1054 gossip/server.go:227  [n?] received initial cluster-verification connection from db9313ae3e97:26257
I200320 19:30:45.392228 993 gossip/client.go:131  [n?] closing client to node_1:26257: stopping outgoing client to n0 (node_1:26257); loopback connection
I200320 19:30:46.395922 1038 gossip/client.go:124  [n?] started gossip client to node_1:26257
I200320 19:30:46.396402 1056 gossip/server.go:227  [n?] received initial cluster-verification connection from db9313ae3e97:26257
I200320 19:30:46.397071 1038 gossip/client.go:131  [n?] closing client to node_1:26257: stopping outgoing client to n0 (node_1:26257); loopback connection
I200320 19:30:47.398025 1076 gossip/client.go:124  [n?] started gossip client to node_1:26257
I200320 19:30:47.398581 1090 gossip/server.go:227  [n?] received initial cluster-verification connection from db9313ae3e97:26257
I200320 19:30:47.398985 1076 gossip/client.go:131  [n?] closing client to node_1:26257: stopping outgoing client to n0 (node_1:26257); loopback connection
I200320 19:30:48.403176 1064 gossip/client.go:124  [n?] started gossip client to node_1:26257
I200320 19:30:48.403957 1080 gossip/server.go:227  [n?] received initial cluster-verification connection from db9313ae3e97:26257
I200320 19:30:48.404936 1064 gossip/client.go:131  [n?] closing client to node_1:26257: stopping outgoing client to n0 (node_1:26257); loopback connection
I200320 19:30:49.408321 1109 gossip/client.go:124  [n?] started gossip client to node_1:26257
I200320 19:30:49.409112 1068 gossip/server.go:227  [n?] received initial cluster-verification connection from db9313ae3e97:26257
I200320 19:30:49.409603 1109 gossip/client.go:131  [n?] closing client to node_1:26257: stopping outgoing client to n0 (node_1:26257); loopback connection
I200320 19:30:50.412671 1085 gossip/server.go:227  [n?] received initial cluster-verification connection from db9313ae3e97:26257
I200320 19:30:50.412523 1072 gossip/client.go:124  [n?] started gossip client to node_1:26257
I200320 19:30:50.413443 1072 gossip/client.go:131  [n?] closing client to node_1:26257: stopping outgoing client to n0 (node_1:26257); loopback connection
I200320 19:30:51.418839 1093 gossip/client.go:124  [n?] started gossip client to node_1:26257
I200320 19:30:51.420069 1123 gossip/server.go:227  [n?] received initial cluster-verification connection from db9313ae3e97:26257
I200320 19:30:51.420939 1093 gossip/client.go:131  [n?] closing client to node_1:26257: stopping outgoing client to n0 (node_1:26257); loopback connection
I200320 19:30:52.421719 1089 gossip/server.go:227  [n?] received initial cluster-verification connection from db9313ae3e97:26257
I200320 19:30:52.421959 1099 gossip/client.go:124  [n?] started gossip client to node_1:26257
I200320 19:30:52.422138 1099 gossip/client.go:131  [n?] closing client to node_1:26257: stopping outgoing client to n0 (node_1:26257); loopback connection
I200320 19:30:53.427014 1102 gossip/client.go:124  [n?] started gossip client to node_1:26257
I200320 19:30:53.427720 1128 gossip/server.go:227  [n?] received initial cluster-verification connection from db9313ae3e97:26257
I200320 19:30:53.428496 1102 gossip/client.go:131  [n?] closing client to node_1:26257: stopping outgoing client to n0 (node_1:26257); loopback connection
I200320 19:30:54.429365 1132 gossip/client.go:124  [n?] started gossip client to node_1:26257
I200320 19:30:54.430308 1138 gossip/server.go:227  [n?] received initial cluster-verification connection from db9313ae3e97:26257
I200320 19:30:54.430689 1132 gossip/client.go:131  [n?] closing client to node_1:26257: stopping outgoing client to n0 (node_1:26257); loopback connection
I200320 19:30:55.436648 1142 gossip/client.go:124  [n?] started gossip client to node_1:26257
I200320 19:30:55.437181 1146 gossip/server.go:227  [n?] received initial cluster-verification connection from db9313ae3e97:26257
I200320 19:30:55.437459 1142 gossip/client.go:131  [n?] closing client to node_1:26257: stopping outgoing client to n0 (node_1:26257); loopback connection
I200320 19:30:56.440966 1114 gossip/client.go:124  [n?] started gossip client to node_1:26257
I200320 19:30:56.441686 1136 gossip/server.go:227  [n?] received initial cluster-verification connection from db9313ae3e97:26257
I200320 19:30:56.442508 1114 gossip/client.go:131  [n?] closing client to node_1:26257: stopping outgoing client to n0 (node_1:26257); loopback connection
I200320 19:30:57.444240 1157 gossip/client.go:124  [n?] started gossip client to node_1:26257
I200320 19:30:57.444698 1159 gossip/server.go:227  [n?] received initial cluster-verification connection from db9313ae3e97:26257
I200320 19:30:57.445040 1157 gossip/client.go:131  [n?] closing client to node_1:26257: stopping outgoing client to n0 (node_1:26257); loopback connection
I200320 19:30:58.454124 1150 gossip/client.go:124  [n?] started gossip client to node_1:26257
I200320 19:30:58.454640 1153 gossip/server.go:227  [n?] received initial cluster-verification connection from db9313ae3e97:26257
I200320 19:30:58.455100 1150 gossip/client.go:131  [n?] closing client to node_1:26257: stopping outgoing client to n0 (node_1:26257); loopback connection
I200320 19:30:59.462862 1189 gossip/client.go:124  [n?] started gossip client to node_1:26257
I200320 19:30:59.463555 1161 gossip/server.go:227  [n?] received initial cluster-verification connection from db9313ae3e97:26257
I200320 19:30:59.464132 1189 gossip/client.go:131  [n?] closing client to node_1:26257: stopping outgoing client to n0 (node_1:26257); loopback connection
I200320 19:31:00.467317 1162 gossip/client.go:124  [n?] started gossip client to node_1:26257
I200320 19:31:00.468978 1176 gossip/server.go:227  [n?] received initial cluster-verification connection from db9313ae3e97:26257
I200320 19:31:00.469694 1162 gossip/client.go:131  [n?] closing client to node_1:26257: stopping outgoing client to n0 (node_1:26257); loopback connection
I200320 19:31:01.472654 1168 gossip/client.go:124  [n?] started gossip client to node_1:26257
I200320 19:31:01.473295 1120 gossip/server.go:227  [n?] received initial cluster-verification connection from db9313ae3e97:26257
I200320 19:31:01.474279 1168 gossip/client.go:131  [n?] closing client to node_1:26257: stopping outgoing client to n0 (node_1:26257); loopback connection
I200320 19:31:02.478119 1220 gossip/client.go:124  [n?] started gossip client to node_1:26257
I200320 19:31:02.478983 1196 gossip/server.go:227  [n?] received initial cluster-verification connection from db9313ae3e97:26257
I200320 19:31:02.479537 1220 gossip/client.go:131  [n?] closing client to node_1:26257: stopping outgoing client to n0 (node_1:26257); loopback connection
I200320 19:31:03.488014 1197 gossip/client.go:124  [n?] started gossip client to node_1:26257
I200320 19:31:03.488346 1204 gossip/server.go:227  [n?] received initial cluster-verification connection from db9313ae3e97:26257
I200320 19:31:03.489313 1197 gossip/client.go:131  [n?] closing client to node_1:26257: stopping outgoing client to n0 (node_1:26257); loopback connection
I200320 19:31:04.492658 1208 gossip/client.go:124  [n?] started gossip client to node_1:26257
I200320 19:31:04.493330 1224 gossip/server.go:227  [n?] received initial cluster-verification connection from db9313ae3e97:26257
I200320 19:31:04.493651 1208 gossip/client.go:131  [n?] closing client to node_1:26257: stopping outgoing client to n0 (node_1:26257); loopback connection
I200320 19:31:05.501121 1181 gossip/client.go:124  [n?] started gossip client to node_1:26257
I200320 19:31:05.501567 1236 gossip/server.go:227  [n?] received initial cluster-verification connection from db9313ae3e97:26257
I200320 19:31:05.502943 1181 gossip/client.go:131  [n?] closing client to node_1:26257: stopping outgoing client to n0 (node_1:26257); loopback connection
I200320 19:31:06.469827 1184 gossip/client.go:124  [n?] started gossip client to node_1:26257
I200320 19:31:06.470311 1212 gossip/server.go:227  [n?] received initial cluster-verification connection from db9313ae3e97:26257
I200320 19:31:06.470844 1184 gossip/client.go:131  [n?] closing client to node_1:26257: stopping outgoing client to n0 (node_1:26257); loopback connection
I200320 19:31:07.504930 1232 gossip/client.go:124  [n?] started gossip client to node_1:26257
I200320 19:31:07.505774 1238 gossip/server.go:227  [n?] received initial cluster-verification connection from db9313ae3e97:26257
I200320 19:31:07.505997 1232 gossip/client.go:131  [n?] closing client to node_1:26257: stopping outgoing client to n0 (node_1:26257); loopback connection
I200320 19:31:08.513843 1242 gossip/client.go:124  [n?] started gossip client to node_1:26257
I200320 19:31:08.514443 1252 gossip/server.go:227  [n?] received initial cluster-verification connection from db9313ae3e97:26257
I200320 19:31:08.514562 1242 gossip/client.go:131  [n?] closing client to node_1:26257: stopping outgoing client to n0 (node_1:26257); loopback connection
I200320 19:31:09.517911 1245 gossip/client.go:124  [n?] started gossip client to node_1:26257
I200320 19:31:09.518867 1215 gossip/server.go:227  [n?] received initial cluster-verification connection from db9313ae3e97:26257
I200320 19:31:09.519768 1245 gossip/client.go:131  [n?] closing client to node_1:26257: stopping outgoing client to n0 (node_1:26257); loopback connection
I200320 19:31:10.527458 1248 gossip/client.go:124  [n?] started gossip client to node_1:26257
I200320 19:31:10.528327 1299 gossip/server.go:227  [n?] received initial cluster-verification connection from db9313ae3e97:26257
I200320 19:31:10.528707 1248 gossip/client.go:131  [n?] closing client to node_1:26257: stopping outgoing client to n0 (node_1:26257); loopback connection
I200320 19:31:11.533633 1256 gossip/client.go:124  [n?] started gossip client to node_1:26257
I200320 19:31:11.535399 1304 gossip/server.go:227  [n?] received initial cluster-verification connection from db9313ae3e97:26257
I200320 19:31:11.535907 1256 gossip/client.go:131  [n?] closing client to node_1:26257: stopping outgoing client to n0 (node_1:26257); loopback connection
I200320 19:31:12.535398 1305 gossip/client.go:124  [n?] started gossip client to node_1:26257
I200320 19:31:12.535969 1269 gossip/server.go:227  [n?] received initial cluster-verification connection from db9313ae3e97:26257
I200320 19:31:12.536402 1305 gossip/client.go:131  [n?] closing client to node_1:26257: stopping outgoing client to n0 (node_1:26257); loopback connection
I200320 19:31:13.542429 1270 gossip/client.go:124  [n?] started gossip client to node_1:26257
I200320 19:31:13.543243 1274 gossip/server.go:227  [n?] received initial cluster-verification connection from db9313ae3e97:26257
I200320 19:31:13.543690 1270 gossip/client.go:131  [n?] closing client to node_1:26257: stopping outgoing client to n0 (node_1:26257); loopback connection
I200320 19:31:14.548934 1278 gossip/client.go:124  [n?] started gossip client to node_1:26257
I200320 19:31:14.549419 1312 gossip/server.go:227  [n?] received initial cluster-verification connection from db9313ae3e97:26257
I200320 19:31:14.549911 1278 gossip/client.go:131  [n?] closing client to node_1:26257: stopping outgoing client to n0 (node_1:26257); loopback connection
I200320 19:31:15.552682 1262 gossip/client.go:124  [n?] started gossip client to node_1:26257
I200320 19:31:15.553281 1289 gossip/server.go:227  [n?] received initial cluster-verification connection from db9313ae3e97:26257
I200320 19:31:15.554093 1262 gossip/client.go:131  [n?] closing client to node_1:26257: stopping outgoing client to n0 (node_1:26257); loopback connection
I200320 19:31:16.556865 1316 gossip/client.go:124  [n?] started gossip client to node_1:26257
I200320 19:31:16.558181 1330 gossip/server.go:227  [n?] received initial cluster-verification connection from db9313ae3e97:26257
I200320 19:31:16.558543 1316 gossip/client.go:131  [n?] closing client to node_1:26257: stopping outgoing client to n0 (node_1:26257); loopback connection
I200320 19:31:17.564214 1290 gossip/client.go:124  [n?] started gossip client to node_1:26257
I200320 19:31:17.565081 1294 gossip/server.go:227  [n?] received initial cluster-verification connection from db9313ae3e97:26257
I200320 19:31:17.565554 1290 gossip/client.go:131  [n?] closing client to node_1:26257: stopping outgoing client to n0 (node_1:26257); loopback connection
I200320 19:31:18.569743 1322 gossip/client.go:124  [n?] started gossip client to node_1:26257
I200320 19:31:18.570005 1346 gossip/server.go:227  [n?] received initial cluster-verification connection from db9313ae3e97:26257
I200320 19:31:18.570613 1322 gossip/client.go:131  [n?] closing client to node_1:26257: stopping outgoing client to n0 (node_1:26257); loopback connection
I200320 19:31:19.573892 1328 gossip/client.go:124  [n?] started gossip client to node_1:26257
I200320 19:31:19.575258 1348 gossip/server.go:227  [n?] received initial cluster-verification connection from db9313ae3e97:26257
I200320 19:31:19.575612 1328 gossip/client.go:131  [n?] closing client to node_1:26257: stopping outgoing client to n0 (node_1:26257); loopback connection
I200320 19:31:20.577940 1379 gossip/client.go:124  [n?] started gossip client to node_1:26257
I200320 19:31:20.578810 1350 gossip/server.go:227  [n?] received initial cluster-verification connection from db9313ae3e97:26257
I200320 19:31:20.579483 1379 gossip/client.go:131  [n?] closing client to node_1:26257: stopping outgoing client to n0 (node_1:26257); loopback connection
I200320 19:31:21.580372 1363 gossip/client.go:124  [n?] started gossip client to node_1:26257
I200320 19:31:21.580748 1355 gossip/server.go:227  [n?] received initial cluster-verification connection from db9313ae3e97:26257
I200320 19:31:21.581378 1363 gossip/client.go:131  [n?] closing client to node_1:26257: stopping outgoing client to n0 (node_1:26257); loopback connection
I200320 19:31:22.583282 1369 gossip/client.go:124  [n?] started gossip client to node_1:26257
I200320 19:31:22.584529 1383 gossip/server.go:227  [n?] received initial cluster-verification connection from db9313ae3e97:26257
I200320 19:31:22.584975 1369 gossip/client.go:131  [n?] closing client to node_1:26257: stopping outgoing client to n0 (node_1:26257); loopback connection
I200320 19:31:23.588654 1359 gossip/client.go:124  [n?] started gossip client to node_1:26257
I200320 19:31:23.589327 1395 gossip/server.go:227  [n?] received initial cluster-verification connection from db9313ae3e97:26257
I200320 19:31:23.589881 1359 gossip/client.go:131  [n?] closing client to node_1:26257: stopping outgoing client to n0 (node_1:26257); loopback connection
I200320 19:31:24.596647 1387 gossip/client.go:124  [n?] started gossip client to node_1:26257
I200320 19:31:24.597371 1336 gossip/server.go:227  [n?] received initial cluster-verification connection from db9313ae3e97:26257
I200320 19:31:24.597689 1387 gossip/client.go:131  [n?] closing client to node_1:26257: stopping outgoing client to n0 (node_1:26257); loopback connection
I200320 19:31:25.599354 1340 gossip/client.go:124  [n?] started gossip client to node_1:26257
I200320 19:31:25.599873 1373 gossip/server.go:227  [n?] received initial cluster-verification connection from db9313ae3e97:26257
I200320 19:31:25.600303 1340 gossip/client.go:131  [n?] closing client to node_1:26257: stopping outgoing client to n0 (node_1:26257); loopback connection
I200320 19:31:26.604667 1397 gossip/client.go:124  [n?] started gossip client to node_1:26257
I200320 19:31:26.605980 1391 gossip/server.go:227  [n?] received initial cluster-verification connection from db9313ae3e97:26257
I200320 19:31:26.606468 1397 gossip/client.go:131  [n?] closing client to node_1:26257: stopping outgoing client to n0 (node_1:26257); loopback connection
I200320 19:31:27.608223 1393 gossip/client.go:124  [n?] started gossip client to node_1:26257
I200320 19:31:27.608620 1414 gossip/server.go:227  [n?] received initial cluster-verification connection from db9313ae3e97:26257
I200320 19:31:27.608962 1393 gossip/client.go:131  [n?] closing client to node_1:26257: stopping outgoing client to n0 (node_1:26257); loopback connection
I200320 19:31:28.614978 1418 gossip/client.go:124  [n?] started gossip client to node_1:26257
I200320 19:31:28.615838 1422 gossip/server.go:227  [n?] received initial cluster-verification connection from db9313ae3e97:26257
I200320 19:31:28.616309 1418 gossip/client.go:131  [n?] closing client to node_1:26257: stopping outgoing client to n0 (node_1:26257); loopback connection
I200320 19:31:29.622611 1374 gossip/client.go:124  [n?] started gossip client to node_1:26257
I200320 19:31:29.623411 1429 gossip/server.go:227  [n?] received initial cluster-verification connection from db9313ae3e97:26257
I200320 19:31:29.623762 1374 gossip/client.go:131  [n?] closing client to node_1:26257: stopping outgoing client to n0 (node_1:26257); loopback connection
I200320 19:31:30.629252 1444 gossip/client.go:124  [n?] started gossip client to node_1:26257
I200320 19:31:30.629682 1448 gossip/server.go:227  [n?] received initial cluster-verification connection from db9313ae3e97:26257
I200320 19:31:30.630316 1444 gossip/client.go:131  [n?] closing client to node_1:26257: stopping outgoing client to n0 (node_1:26257); loopback connection
I200320 19:31:31.632297 1461 gossip/client.go:124  [n?] started gossip client to node_1:26257
I200320 19:31:31.633346 1450 gossip/server.go:227  [n?] received initial cluster-verification connection from db9313ae3e97:26257
I200320 19:31:31.633633 1461 gossip/client.go:131  [n?] closing client to node_1:26257: stopping outgoing client to n0 (node_1:26257); loopback connection
I200320 19:31:32.640413 1434 gossip/client.go:124  [n?] started gossip client to node_1:26257
I200320 19:31:32.641182 1438 gossip/server.go:227  [n?] received initial cluster-verification connection from db9313ae3e97:26257
I200320 19:31:32.641540 1434 gossip/client.go:131  [n?] closing client to node_1:26257: stopping outgoing client to n0 (node_1:26257); loopback connection
I200320 19:31:33.644392 1439 gossip/client.go:124  [n?] started gossip client to node_1:26257
I200320 19:31:33.645265 1456 gossip/server.go:227  [n?] received initial cluster-verification connection from db9313ae3e97:26257
I200320 19:31:33.645881 1439 gossip/client.go:131  [n?] closing client to node_1:26257: stopping outgoing client to n0 (node_1:26257); loopback connection
I200320 19:31:34.648863 1457 gossip/client.go:124  [n?] started gossip client to node_1:26257
I200320 19:31:34.649873 1491 gossip/server.go:227  [n?] received initial cluster-verification connection from db9313ae3e97:26257
I200320 19:31:34.650523 1457 gossip/client.go:131  [n?] closing client to node_1:26257: stopping outgoing client to n0 (node_1:26257); loopback connection
I200320 19:31:35.658348 1467 gossip/client.go:124  [n?] started gossip client to node_1:26257
I200320 19:31:35.658865 1469 gossip/server.go:227  [n?] received initial cluster-verification connection from db9313ae3e97:26257
I200320 19:31:35.659593 1467 gossip/client.go:131  [n?] closing client to node_1:26257: stopping outgoing client to n0 (node_1:26257); loopback connection
I200320 19:31:36.628702 1471 gossip/client.go:124  [n?] started gossip client to node_1:26257
I200320 19:31:36.629772 1497 gossip/server.go:227  [n?] received initial cluster-verification connection from db9313ae3e97:26257
I200320 19:31:36.630434 1471 gossip/client.go:131  [n?] closing client to node_1:26257: stopping outgoing client to n0 (node_1:26257); loopback connection
I200320 19:31:37.633558 1403 gossip/client.go:124  [n?] started gossip client to node_1:26257
I200320 19:31:37.634224 1507 gossip/server.go:227  [n?] received initial cluster-verification connection from db9313ae3e97:26257
I200320 19:31:37.634404 1403 gossip/client.go:131  [n?] closing client to node_1:26257: stopping outgoing client to n0 (node_1:26257); loopback connection
I200320 19:31:38.639691 1498 gossip/client.go:124  [n?] started gossip client to node_1:26257
I200320 19:31:38.640116 1481 gossip/server.go:227  [n?] received initial cluster-verification connection from db9313ae3e97:26257
I200320 19:31:38.640598 1498 gossip/client.go:131  [n?] closing client to node_1:26257: stopping outgoing client to n0 (node_1:26257); loopback connection
I200320 19:31:39.643045 1483 gossip/client.go:124  [n?] started gossip client to node_1:26257
I200320 19:31:39.644056 1502 gossip/server.go:227  [n?] received initial cluster-verification connection from db9313ae3e97:26257
I200320 19:31:39.644746 1483 gossip/client.go:131  [n?] closing client to node_1:26257: stopping outgoing client to n0 (node_1:26257); loopback connection
I200320 19:31:40.649555 1503 gossip/client.go:124  [n?] started gossip client to node_1:26257
I200320 19:31:40.650314 1487 gossip/server.go:227  [n?] received initial cluster-verification connection from db9313ae3e97:26257
I200320 19:31:40.650727 1503 gossip/client.go:131  [n?] closing client to node_1:26257: stopping outgoing client to n0 (node_1:26257); loopback connection
I200320 19:31:41.659043 1525 gossip/client.go:124  [n?] started gossip client to node_1:26257
I200320 19:31:41.659925 1407 gossip/server.go:227  [n?] received initial cluster-verification connection from db9313ae3e97:26257
I200320 19:31:41.660306 1525 gossip/client.go:131  [n?] closing client to node_1:26257: stopping outgoing client to n0 (node_1:26257); loopback connection
I200320 19:31:42.663348 1528 gossip/client.go:124  [n?] started gossip client to node_1:26257
I200320 19:31:42.664891 1532 gossip/server.go:227  [n?] received initial cluster-verification connection from db9313ae3e97:26257
I200320 19:31:42.665632 1528 gossip/client.go:131  [n?] closing client to node_1:26257: stopping outgoing client to n0 (node_1:26257); loopback connection
I200320 19:31:43.670945 1539 gossip/client.go:124  [n?] started gossip client to node_1:26257
I200320 19:31:43.672018 1543 gossip/server.go:227  [n?] received initial cluster-verification connection from db9313ae3e97:26257
I200320 19:31:43.672594 1539 gossip/client.go:131  [n?] closing client to node_1:26257: stopping outgoing client to n0 (node_1:26257); loopback connection
I200320 19:31:44.677868 1536 gossip/client.go:124  [n?] started gossip client to node_1:26257
I200320 19:31:44.678339 1545 gossip/server.go:227  [n?] received initial cluster-verification connection from db9313ae3e97:26257
I200320 19:31:44.678936 1536 gossip/client.go:131  [n?] closing client to node_1:26257: stopping outgoing client to n0 (node_1:26257); loopback connection
I200320 19:31:45.682955 1546 gossip/client.go:124  [n?] started gossip client to node_1:26257
I200320 19:31:45.685242 1557 gossip/server.go:227  [n?] received initial cluster-verification connection from db9313ae3e97:26257
I200320 19:31:45.685922 1546 gossip/client.go:131  [n?] closing client to node_1:26257: stopping outgoing client to n0 (node_1:26257); loopback connection
I200320 19:31:46.689909 1572 gossip/client.go:124  [n?] started gossip client to node_1:26257
I200320 19:31:46.690554 1561 gossip/server.go:227  [n?] received initial cluster-verification connection from db9313ae3e97:26257
I200320 19:31:46.691021 1572 gossip/client.go:131  [n?] closing client to node_1:26257: stopping outgoing client to n0 (node_1:26257); loopback connection
I200320 19:31:47.694528 1573 gossip/client.go:124  [n?] started gossip client to node_1:26257
I200320 19:31:47.695609 1566 gossip/server.go:227  [n?] received initial cluster-verification connection from db9313ae3e97:26257
I200320 19:31:47.696663 1573 gossip/client.go:131  [n?] closing client to node_1:26257: stopping outgoing client to n0 (node_1:26257); loopback connection
I200320 19:31:48.699240 1552 gossip/client.go:124  [n?] started gossip client to node_1:26257
I200320 19:31:48.699834 1577 gossip/server.go:227  [n?] received initial cluster-verification connection from db9313ae3e97:26257
I200320 19:31:48.700323 1552 gossip/client.go:131  [n?] closing client to node_1:26257: stopping outgoing client to n0 (node_1:26257); loopback connection
I200320 19:31:49.705328 1603 gossip/client.go:124  [n?] started gossip client to node_1:26257
I200320 19:31:49.706238 1579 gossip/server.go:227  [n?] received initial cluster-verification connection from db9313ae3e97:26257
I200320 19:31:49.706354 1603 gossip/client.go:131  [n?] closing client to node_1:26257: stopping outgoing client to n0 (node_1:26257); loopback connection
I200320 19:31:50.710642 1587 gossip/client.go:124  [n?] started gossip client to node_1:26257
I200320 19:31:50.711984 1584 gossip/server.go:227  [n?] received initial cluster-verification connection from db9313ae3e97:26257
I200320 19:31:50.712857 1587 gossip/client.go:131  [n?] closing client to node_1:26257: stopping outgoing client to n0 (node_1:26257); loopback connection
I200320 19:31:51.713518 1637 gossip/client.go:124  [n?] started gossip client to node_1:26257
I200320 19:31:51.714205 1607 gossip/server.go:227  [n?] received initial cluster-verification connection from db9313ae3e97:26257
I200320 19:31:51.714402 1637 gossip/client.go:131  [n?] closing client to node_1:26257: stopping outgoing client to n0 (node_1:26257); loopback connection
I200320 19:31:52.720831 1593 gossip/client.go:124  [n?] started gossip client to node_1:26257
I200320 19:31:52.721368 1641 gossip/server.go:227  [n?] received initial cluster-verification connection from db9313ae3e97:26257
I200320 19:31:52.721827 1593 gossip/client.go:131  [n?] closing client to node_1:26257: stopping outgoing client to n0 (node_1:26257); loopback connection
I200320 19:31:53.730385 1611 gossip/client.go:124  [n?] started gossip client to node_1:26257
I200320 19:31:53.731244 1643 gossip/server.go:227  [n?] received initial cluster-verification connection from db9313ae3e97:26257
I200320 19:31:53.731759 1611 gossip/client.go:131  [n?] closing client to node_1:26257: stopping outgoing client to n0 (node_1:26257); loopback connection
I200320 19:31:54.735810 1614 gossip/client.go:124  [n?] started gossip client to node_1:26257
I200320 19:31:54.736683 1597 gossip/server.go:227  [n?] received initial cluster-verification connection from db9313ae3e97:26257
I200320 19:31:54.737243 1614 gossip/client.go:131  [n?] closing client to node_1:26257: stopping outgoing client to n0 (node_1:26257); loopback connection
I200320 19:31:55.746444 1652 gossip/client.go:124  [n?] started gossip client to node_1:26257
I200320 19:31:55.747010 1646 gossip/server.go:227  [n?] received initial cluster-verification connection from db9313ae3e97:26257
I200320 19:31:55.747395 1652 gossip/client.go:131  [n?] closing client to node_1:26257: stopping outgoing client to n0 (node_1:26257); loopback connection
I200320 19:31:56.751736 1666 gossip/client.go:124  [n?] started gossip client to node_1:26257
I200320 19:31:56.752254 1599 gossip/server.go:227  [n?] received initial cluster-verification connection from db9313ae3e97:26257
I200320 19:31:56.752465 1666 gossip/client.go:131  [n?] closing client to node_1:26257: stopping outgoing client to n0 (node_1:26257); loopback connection
I200320 19:31:57.754757 1683 gossip/client.go:124  [n?] started gossip client to node_1:26257
I200320 19:31:57.756464 1656 gossip/server.go:227  [n?] received initial cluster-verification connection from db9313ae3e97:26257
I200320 19:31:57.756880 1683 gossip/client.go:131  [n?] closing client to node_1:26257: stopping outgoing client to n0 (node_1:26257); loopback connection
I200320 19:31:58.761006 1660 gossip/client.go:124  [n?] started gossip client to node_1:26257
I200320 19:31:58.761459 1670 gossip/server.go:227  [n?] received initial cluster-verification connection from db9313ae3e97:26257
I200320 19:31:58.761778 1660 gossip/client.go:131  [n?] closing client to node_1:26257: stopping outgoing client to n0 (node_1:26257); loopback connection
I200320 19:31:59.766284 1671 gossip/client.go:124  [n?] started gossip client to node_1:26257
I200320 19:31:59.767283 1664 gossip/server.go:227  [n?] received initial cluster-verification connection from db9313ae3e97:26257
I200320 19:31:59.767669 1671 gossip/client.go:131  [n?] closing client to node_1:26257: stopping outgoing client to n0 (node_1:26257); loopback connection
I200320 19:32:00.769661 1665 gossip/client.go:124  [n?] started gossip client to node_1:26257
I200320 19:32:00.769967 1690 gossip/server.go:227  [n?] received initial cluster-verification connection from db9313ae3e97:26257
I200320 19:32:00.770271 1665 gossip/client.go:131  [n?] closing client to node_1:26257: stopping outgoing client to n0 (node_1:26257); loopback connection
I200320 19:32:01.776584 1694 gossip/client.go:124  [n?] started gossip client to node_1:26257
I200320 19:32:01.776916 1701 gossip/server.go:227  [n?] received initial cluster-verification connection from db9313ae3e97:26257
I200320 19:32:01.777373 1694 gossip/client.go:131  [n?] closing client to node_1:26257: stopping outgoing client to n0 (node_1:26257); loopback connection
I200320 19:32:02.780682 1681 gossip/client.go:124  [n?] started gossip client to node_1:26257
I200320 19:32:02.781212 1730 gossip/server.go:227  [n?] received initial cluster-verification connection from db9313ae3e97:26257
I200320 19:32:02.781456 1681 gossip/client.go:131  [n?] closing client to node_1:26257: stopping outgoing client to n0 (node_1:26257); loopback connection
I200320 19:32:03.783724 1623 gossip/server.go:227  [n?] received initial cluster-verification connection from db9313ae3e97:26257
I200320 19:32:03.783539 1706 gossip/client.go:124  [n?] started gossip client to node_1:26257
I200320 19:32:03.783931 1706 gossip/client.go:131  [n?] closing client to node_1:26257: stopping outgoing client to n0 (node_1:26257); loopback connection
I200320 19:32:04.788823 1731 gossip/client.go:124  [n?] started gossip client to node_1:26257
I200320 19:32:04.789717 1735 gossip/server.go:227  [n?] received initial cluster-verification connection from db9313ae3e97:26257
I200320 19:32:04.790658 1731 gossip/client.go:131  [n?] closing client to node_1:26257: stopping outgoing client to n0 (node_1:26257); loopback connection
I200320 19:32:05.799972 1709 gossip/client.go:124  [n?] started gossip client to node_1:26257
I200320 19:32:05.800690 1713 gossip/server.go:227  [n?] received initial cluster-verification connection from db9313ae3e97:26257
I200320 19:32:05.801392 1709 gossip/client.go:131  [n?] closing client to node_1:26257: stopping outgoing client to n0 (node_1:26257); loopback connection
I200320 19:32:06.771996 1724 gossip/server.go:227  [n?] received initial cluster-verification connection from db9313ae3e97:26257
I200320 19:32:06.772160 1739 gossip/client.go:124  [n?] started gossip client to node_1:26257
I200320 19:32:06.772512 1739 gossip/client.go:131  [n?] closing client to node_1:26257: stopping outgoing client to n0 (node_1:26257); loopback connection
I200320 19:32:07.776835 1742 gossip/client.go:124  [n?] started gossip client to node_1:26257
I200320 19:32:07.777603 1726 gossip/server.go:227  [n?] received initial cluster-verification connection from db9313ae3e97:26257
I200320 19:32:07.778726 1742 gossip/client.go:131  [n?] closing client to node_1:26257: stopping outgoing client to n0 (node_1:26257); loopback connection
I200320 19:32:08.783747 1750 gossip/client.go:124  [n?] started gossip client to node_1:26257
I200320 19:32:08.784483 1625 gossip/server.go:227  [n?] received initial cluster-verification connection from db9313ae3e97:26257
I200320 19:32:08.784936 1750 gossip/client.go:131  [n?] closing client to node_1:26257: stopping outgoing client to n0 (node_1:26257); loopback connection
I200320 19:32:09.787383 1727 gossip/client.go:124  [n?] started gossip client to node_1:26257
I200320 19:32:09.787623 1754 gossip/server.go:227  [n?] received initial cluster-verification connection from db9313ae3e97:26257
I200320 19:32:09.788198 1727 gossip/client.go:131  [n?] closing client to node_1:26257: stopping outgoing client to n0 (node_1:26257); loopback connection
I200320 19:32:10.796071 1767 gossip/client.go:124  [n?] started gossip client to node_1:26257
I200320 19:32:10.797079 1782 gossip/server.go:227  [n?] received initial cluster-verification connection from db9313ae3e97:26257
I200320 19:32:10.797749 1767 gossip/client.go:131  [n?] closing client to node_1:26257: stopping outgoing client to n0 (node_1:26257); loopback connection
I200320 19:32:11.802262 1784 gossip/server.go:227  [n?] received initial cluster-verification connection from db9313ae3e97:26257
I200320 19:32:11.802635 1755 gossip/client.go:124  [n?] started gossip client to node_1:26257
I200320 19:32:11.802837 1755 gossip/client.go:131  [n?] closing client to node_1:26257: stopping outgoing client to n0 (node_1:26257); loopback connection
I200320 19:32:12.806934 1759 gossip/client.go:124  [n?] started gossip client to node_1:26257
I200320 19:32:12.807725 1794 gossip/server.go:227  [n?] received initial cluster-verification connection from db9313ae3e97:26257
I200320 19:32:12.808632 1759 gossip/client.go:131  [n?] closing client to node_1:26257: stopping outgoing client to n0 (node_1:26257); loopback connection
I200320 19:32:13.808924 1810 gossip/client.go:124  [n?] started gossip client to node_1:26257
I200320 19:32:13.809468 1774 gossip/server.go:227  [n?] received initial cluster-verification connection from db9313ae3e97:26257
I200320 19:32:13.809820 1810 gossip/client.go:131  [n?] closing client to node_1:26257: stopping outgoing client to n0 (node_1:26257); loopback connection
I200320 19:32:14.813692 1775 gossip/client.go:124  [n?] started gossip client to node_1:26257
I200320 19:32:14.814120 1827 gossip/server.go:227  [n?] received initial cluster-verification connection from db9313ae3e97:26257
I200320 19:32:14.814529 1775 gossip/client.go:131  [n?] closing client to node_1:26257: stopping outgoing client to n0 (node_1:26257); loopback connection
I200320 19:32:15.818945 1798 gossip/client.go:124  [n?] started gossip client to node_1:26257
I200320 19:32:15.820038 1834 gossip/server.go:227  [n?] received initial cluster-verification connection from db9313ae3e97:26257
I200320 19:32:15.820402 1798 gossip/client.go:131  [n?] closing client to node_1:26257: stopping outgoing client to n0 (node_1:26257); loopback connection
I200320 19:32:16.823509 1835 gossip/client.go:124  [n?] started gossip client to node_1:26257
I200320 19:32:16.824625 1786 gossip/server.go:227  [n?] received initial cluster-verification connection from db9313ae3e97:26257
I200320 19:32:16.824848 1835 gossip/client.go:131  [n?] closing client to node_1:26257: stopping outgoing client to n0 (node_1:26257); loopback connection
I200320 19:32:17.828182 1841 gossip/client.go:124  [n?] started gossip client to node_1:26257
I200320 19:32:17.830291 1815 gossip/server.go:227  [n?] received initial cluster-verification connection from db9313ae3e97:26257
I200320 19:32:17.831567 1841 gossip/client.go:131  [n?] closing client to node_1:26257: stopping outgoing client to n0 (node_1:26257); loopback connection
I200320 19:32:18.835059 1817 gossip/client.go:124  [n?] started gossip client to node_1:26257
I200320 19:32:18.835895 1821 gossip/server.go:227  [n?] received initial cluster-verification connection from db9313ae3e97:26257
I200320 19:32:18.836736 1817 gossip/client.go:131  [n?] closing client to node_1:26257: stopping outgoing client to n0 (node_1:26257); loopback connection
I200320 19:32:19.840065 1793 gossip/client.go:124  [n?] started gossip client to node_1:26257
I200320 19:32:19.840482 1823 gossip/server.go:227  [n?] received initial cluster-verification connection from db9313ae3e97:26257
I200320 19:32:19.840769 1793 gossip/client.go:131  [n?] closing client to node_1:26257: stopping outgoing client to n0 (node_1:26257); loopback connection
I200320 19:32:20.842400 1860 gossip/client.go:124  [n?] started gossip client to node_1:26257
I200320 19:32:20.842926 1848 gossip/server.go:227  [n?] received initial cluster-verification connection from db9313ae3e97:26257
I200320 19:32:20.843082 1860 gossip/client.go:131  [n?] closing client to node_1:26257: stopping outgoing client to n0 (node_1:26257); loopback connection
I200320 19:32:21.844669 1850 gossip/client.go:124  [n?] started gossip client to node_1:26257
I200320 19:32:21.845012 1825 gossip/server.go:227  [n?] received initial cluster-verification connection from db9313ae3e97:26257
I200320 19:32:21.845248 1850 gossip/client.go:131  [n?] closing client to node_1:26257: stopping outgoing client to n0 (node_1:26257); loopback connection
I200320 19:32:22.846991 1853 gossip/client.go:124  [n?] started gossip client to node_1:26257
I200320 19:32:22.847769 1867 gossip/server.go:227  [n?] received initial cluster-verification connection from db9313ae3e97:26257
I200320 19:32:22.847958 1853 gossip/client.go:131  [n?] closing client to node_1:26257: stopping outgoing client to n0 (node_1:26257); loopback connection
I200320 19:32:23.853112 1805 gossip/client.go:124  [n?] started gossip client to node_1:26257
I200320 19:32:23.854433 1869 gossip/server.go:227  [n?] received initial cluster-verification connection from db9313ae3e97:26257
I200320 19:32:23.854763 1805 gossip/client.go:131  [n?] closing client to node_1:26257: stopping outgoing client to n0 (node_1:26257); loopback connection
I200320 19:32:24.858057 1890 gossip/client.go:124  [n?] started gossip client to node_1:26257
I200320 19:32:24.858337 1878 gossip/server.go:227  [n?] received initial cluster-verification connection from db9313ae3e97:26257
I200320 19:32:24.858558 1890 gossip/client.go:131  [n?] closing client to node_1:26257: stopping outgoing client to n0 (node_1:26257); loopback connection
I200320 19:32:25.866154 1879 gossip/client.go:124  [n?] started gossip client to node_1:26257
I200320 19:32:25.867937 1883 gossip/server.go:227  [n?] received initial cluster-verification connection from db9313ae3e97:26257
I200320 19:32:25.868523 1879 gossip/client.go:131  [n?] closing client to node_1:26257: stopping outgoing client to n0 (node_1:26257); loopback connection
I200320 19:32:26.870177 1923 gossip/client.go:124  [n?] started gossip client to node_1:26257
I200320 19:32:26.871388 1885 gossip/server.go:227  [n?] received initial cluster-verification connection from db9313ae3e97:26257
I200320 19:32:26.871509 1923 gossip/client.go:131  [n?] closing client to node_1:26257: stopping outgoing client to n0 (node_1:26257); loopback connection
I200320 19:32:27.875171 1908 gossip/client.go:124  [n?] started gossip client to node_1:26257
I200320 19:32:27.876102 1930 gossip/server.go:227  [n?] received initial cluster-verification connection from db9313ae3e97:26257
I200320 19:32:27.876628 1908 gossip/client.go:131  [n?] closing client to node_1:26257: stopping outgoing client to n0 (node_1:26257); loopback connection
I200320 19:32:28.882719 1896 gossip/client.go:124  [n?] started gossip client to node_1:26257
I200320 19:32:28.883274 1900 gossip/server.go:227  [n?] received initial cluster-verification connection from db9313ae3e97:26257
I200320 19:32:28.883917 1896 gossip/client.go:131  [n?] closing client to node_1:26257: stopping outgoing client to n0 (node_1:26257); loopback connection
I200320 19:32:29.887740 1901 gossip/client.go:124  [n?] started gossip client to node_1:26257
I200320 19:32:29.888537 1904 gossip/server.go:227  [n?] received initial cluster-verification connection from db9313ae3e97:26257
I200320 19:32:29.888789 1901 gossip/client.go:131  [n?] closing client to node_1:26257: stopping outgoing client to n0 (node_1:26257); loopback connection
I200320 19:32:30.889924 1937 gossip/client.go:124  [n?] started gossip client to node_1:26257
I200320 19:32:30.890529 1955 gossip/server.go:227  [n?] received initial cluster-verification connection from db9313ae3e97:26257
I200320 19:32:30.890787 1937 gossip/client.go:131  [n?] closing client to node_1:26257: stopping outgoing client to n0 (node_1:26257); loopback connection
I200320 19:32:31.892970 1943 gossip/client.go:124  [n?] started gossip client to node_1:26257
I200320 19:32:31.893699 1913 gossip/server.go:227  [n?] received initial cluster-verification connection from db9313ae3e97:26257
I200320 19:32:31.893999 1943 gossip/client.go:131  [n?] closing client to node_1:26257: stopping outgoing client to n0 (node_1:26257); loopback connection
I200320 19:32:32.895387 1956 gossip/client.go:124  [n?] started gossip client to node_1:26257
I200320 19:32:32.895772 1947 gossip/server.go:227  [n?] received initial cluster-verification connection from db9313ae3e97:26257
I200320 19:32:32.896085 1956 gossip/client.go:131  [n?] closing client to node_1:26257: stopping outgoing client to n0 (node_1:26257); loopback connection
I200320 19:32:33.898172 1949 gossip/client.go:124  [n?] started gossip client to node_1:26257
I200320 19:32:33.898794 1951 gossip/server.go:227  [n?] received initial cluster-verification connection from db9313ae3e97:26257
I200320 19:32:33.899155 1949 gossip/client.go:131  [n?] closing client to node_1:26257: stopping outgoing client to n0 (node_1:26257); loopback connection
I200320 19:32:34.442638 1 cli/start.go:865  received signal 'terminated'
I200320 19:32:34.443519 1 cli/start.go:930  initiating graceful shutdown of server
I200320 19:32:34.444988 1 cli/start.go:981  too early to drain; used hard shutdown instead
