I200320 18:41:49.301613 56 util/log/clog.go:1196  [config] file created at: 2020/03/20 18:41:49
I200320 18:41:49.301613 56 util/log/clog.go:1196  [config] running on machine: dee42ebf2627
I200320 18:41:49.301613 56 util/log/clog.go:1196  [config] binary: CockroachDB CCL v19.2.4 (x86_64-unknown-linux-gnu, built 2020/02/06 21:55:19, go1.12.12)
I200320 18:41:49.301613 56 util/log/clog.go:1196  [config] arguments: [/cockroach/cockroach start --insecure --join=node_1]
I200320 18:41:49.301613 56 util/log/clog.go:1196  line format: [IWEF]yymmdd hh:mm:ss.uuuuuu goid file:line msg utf8=✓
I200320 18:41:49.301594 56 storage/engine/rocksdb.go:120  RocksDB version: 6.2.1
I200320 18:41:49.307158 56 storage/engine/rocksdb.go:120  Git sha rocksdb_build_git_sha:@b7009236531fa784872f4823eabf393501e41bf2@
I200320 18:41:49.307184 56 storage/engine/rocksdb.go:120  Compile date Feb  6 2020
I200320 18:41:49.307208 56 storage/engine/rocksdb.go:120  DB SUMMARY
I200320 18:41:49.309821 56 storage/engine/rocksdb.go:120  SST files in /cockroach/cockroach-data/cockroach-temp487112537 dir, Total Num: 0, files: 
I200320 18:41:49.312465 56 storage/engine/rocksdb.go:120  Write Ahead Log file in /cockroach/cockroach-data/cockroach-temp487112537: 
I200320 18:41:49.312493 56 storage/engine/rocksdb.go:120                          Options.error_if_exists: 0
I200320 18:41:49.312512 56 storage/engine/rocksdb.go:120                        Options.create_if_missing: 1
I200320 18:41:49.312583 56 storage/engine/rocksdb.go:120                          Options.paranoid_checks: 1
I200320 18:41:49.312608 56 storage/engine/rocksdb.go:120                                      Options.env: 0x756aca0
I200320 18:41:49.312631 56 storage/engine/rocksdb.go:120                                 Options.info_log: 0x7f9af400d180
I200320 18:41:49.312709 56 storage/engine/rocksdb.go:120                 Options.max_file_opening_threads: 16
I200320 18:41:49.312731 56 storage/engine/rocksdb.go:120                               Options.statistics: 0x7f9af4034010
I200320 18:41:49.312754 56 storage/engine/rocksdb.go:120                                Options.use_fsync: 0
I200320 18:41:49.312771 56 storage/engine/rocksdb.go:120                        Options.max_log_file_size: 0
I200320 18:41:49.312794 56 storage/engine/rocksdb.go:120                   Options.max_manifest_file_size: 134217728
I200320 18:41:49.312809 56 storage/engine/rocksdb.go:120                    Options.log_file_time_to_roll: 0
I200320 18:41:49.312858 56 storage/engine/rocksdb.go:120                        Options.keep_log_file_num: 1000
I200320 18:41:49.312882 56 storage/engine/rocksdb.go:120                     Options.recycle_log_file_num: 1
I200320 18:41:49.312905 56 storage/engine/rocksdb.go:120                          Options.allow_fallocate: 1
I200320 18:41:49.312927 56 storage/engine/rocksdb.go:120                         Options.allow_mmap_reads: 0
I200320 18:41:49.312943 56 storage/engine/rocksdb.go:120                        Options.allow_mmap_writes: 0
I200320 18:41:49.312960 56 storage/engine/rocksdb.go:120                         Options.use_direct_reads: 0
I200320 18:41:49.312982 56 storage/engine/rocksdb.go:120                         Options.use_direct_io_for_flush_and_compaction: 0
I200320 18:41:49.313005 56 storage/engine/rocksdb.go:120           Options.create_missing_column_families: 0
I200320 18:41:49.313027 56 storage/engine/rocksdb.go:120                               Options.db_log_dir: 
I200320 18:41:49.313049 56 storage/engine/rocksdb.go:120                                  Options.wal_dir: /cockroach/cockroach-data/cockroach-temp487112537
I200320 18:41:49.313071 56 storage/engine/rocksdb.go:120                 Options.table_cache_numshardbits: 6
I200320 18:41:49.313099 56 storage/engine/rocksdb.go:120                       Options.max_subcompactions: 1
I200320 18:41:49.313121 56 storage/engine/rocksdb.go:120                   Options.max_background_flushes: -1
I200320 18:41:49.313137 56 storage/engine/rocksdb.go:120                          Options.WAL_ttl_seconds: 0
I200320 18:41:49.313160 56 storage/engine/rocksdb.go:120                        Options.WAL_size_limit_MB: 0
I200320 18:41:49.313182 56 storage/engine/rocksdb.go:120              Options.manifest_preallocation_size: 4194304
I200320 18:41:49.313205 56 storage/engine/rocksdb.go:120                      Options.is_fd_close_on_exec: 1
I200320 18:41:49.313228 56 storage/engine/rocksdb.go:120                    Options.advise_random_on_open: 1
I200320 18:41:49.313250 56 storage/engine/rocksdb.go:120                     Options.db_write_buffer_size: 0
I200320 18:41:49.313269 56 storage/engine/rocksdb.go:120                     Options.write_buffer_manager: 0x7f9af401f060
I200320 18:41:49.313298 56 storage/engine/rocksdb.go:120          Options.access_hint_on_compaction_start: 1
I200320 18:41:49.313320 56 storage/engine/rocksdb.go:120   Options.new_table_reader_for_compaction_inputs: 0
I200320 18:41:49.313342 56 storage/engine/rocksdb.go:120            Options.random_access_max_buffer_size: 1048576
I200320 18:41:49.313366 56 storage/engine/rocksdb.go:120                       Options.use_adaptive_mutex: 0
I200320 18:41:49.313393 56 storage/engine/rocksdb.go:120                             Options.rate_limiter: (nil)
I200320 18:41:49.313417 56 storage/engine/rocksdb.go:120      Options.sst_file_manager.rate_bytes_per_sec: 0
I200320 18:41:49.313436 56 storage/engine/rocksdb.go:120                        Options.wal_recovery_mode: 0
I200320 18:41:49.313459 56 storage/engine/rocksdb.go:120                   Options.enable_thread_tracking: 0
I200320 18:41:49.313476 56 storage/engine/rocksdb.go:120                   Options.enable_pipelined_write: 0
I200320 18:41:49.313499 56 storage/engine/rocksdb.go:120          Options.allow_concurrent_memtable_write: 1
I200320 18:41:49.313522 56 storage/engine/rocksdb.go:120       Options.enable_write_thread_adaptive_yield: 1
I200320 18:41:49.313545 56 storage/engine/rocksdb.go:120              Options.write_thread_max_yield_usec: 100
I200320 18:41:49.313567 56 storage/engine/rocksdb.go:120             Options.write_thread_slow_yield_usec: 3
I200320 18:41:49.313591 56 storage/engine/rocksdb.go:120                                Options.row_cache: None
I200320 18:41:49.313616 56 storage/engine/rocksdb.go:120                               Options.wal_filter: None
I200320 18:41:49.313638 56 storage/engine/rocksdb.go:120              Options.avoid_flush_during_recovery: 0
I200320 18:41:49.313706 56 storage/engine/rocksdb.go:120              Options.allow_ingest_behind: 0
I200320 18:41:49.313726 56 storage/engine/rocksdb.go:120              Options.preserve_deletes: 0
I200320 18:41:49.313746 56 storage/engine/rocksdb.go:120              Options.two_write_queues: 0
I200320 18:41:49.313770 56 storage/engine/rocksdb.go:120              Options.manual_wal_flush: 1
I200320 18:41:49.313789 56 storage/engine/rocksdb.go:120              Options.atomic_flush: 0
I200320 18:41:49.313808 56 storage/engine/rocksdb.go:120              Options.avoid_unnecessary_blocking_io: 0
I200320 18:41:49.313831 56 storage/engine/rocksdb.go:120              Options.max_background_jobs: 4
I200320 18:41:49.313854 56 storage/engine/rocksdb.go:120              Options.max_background_compactions: -1
I200320 18:41:49.313877 56 storage/engine/rocksdb.go:120              Options.avoid_flush_during_shutdown: 0
I200320 18:41:49.313900 56 storage/engine/rocksdb.go:120            Options.writable_file_max_buffer_size: 1048576
I200320 18:41:49.313922 56 storage/engine/rocksdb.go:120              Options.delayed_write_rate : 16777216
I200320 18:41:49.313944 56 storage/engine/rocksdb.go:120              Options.max_total_wal_size: 0
I200320 18:41:49.313972 56 storage/engine/rocksdb.go:120              Options.delete_obsolete_files_period_micros: 21600000000
I200320 18:41:49.313995 56 storage/engine/rocksdb.go:120                    Options.stats_dump_period_sec: 0
I200320 18:41:49.314018 56 storage/engine/rocksdb.go:120                  Options.stats_persist_period_sec: 600
I200320 18:41:49.314040 56 storage/engine/rocksdb.go:120                  Options.stats_history_buffer_size: 1048576
I200320 18:41:49.314063 56 storage/engine/rocksdb.go:120                           Options.max_open_files: 128
I200320 18:41:49.314086 56 storage/engine/rocksdb.go:120                           Options.bytes_per_sync: 524288
I200320 18:41:49.314108 56 storage/engine/rocksdb.go:120                       Options.wal_bytes_per_sync: 0
I200320 18:41:49.314137 56 storage/engine/rocksdb.go:120                    Options.strict_bytes_per_sync: 1
I200320 18:41:49.314160 56 storage/engine/rocksdb.go:120        Options.compaction_readahead_size: 0
I200320 18:41:49.314181 56 storage/engine/rocksdb.go:120  Compression algorithms supported:
I200320 18:41:49.314211 56 storage/engine/rocksdb.go:120  	kZSTDNotFinalCompression supported: 0
I200320 18:41:49.314235 56 storage/engine/rocksdb.go:120  	kZSTD supported: 0
I200320 18:41:49.314258 56 storage/engine/rocksdb.go:120  	kXpressCompression supported: 0
I200320 18:41:49.314281 56 storage/engine/rocksdb.go:120  	kLZ4HCCompression supported: 0
I200320 18:41:49.314309 56 storage/engine/rocksdb.go:120  	kLZ4Compression supported: 0
I200320 18:41:49.314326 56 storage/engine/rocksdb.go:120  	kBZip2Compression supported: 0
I200320 18:41:49.314345 56 storage/engine/rocksdb.go:120  	kZlibCompression supported: 0
I200320 18:41:49.314368 56 storage/engine/rocksdb.go:120  	kSnappyCompression supported: 1
I200320 18:41:49.314403 56 storage/engine/rocksdb.go:120  Fast CRC32 supported: Supported on x86
I200320 18:41:49.318489 56 storage/engine/rocksdb.go:120  [db/db_impl_open.cc:242] Creating manifest 1 
I200320 18:41:49.345891 56 storage/engine/rocksdb.go:120  [db/version_set.cc:4072] Recovering from manifest file: /cockroach/cockroach-data/cockroach-temp487112537/MANIFEST-000001
I200320 18:41:49.348120 56 storage/engine/rocksdb.go:120  [db/column_family.cc:488] --------------- Options for column family [default]:
I200320 18:41:49.348148 56 storage/engine/rocksdb.go:120                Options.comparator: cockroach_comparator
I200320 18:41:49.348177 56 storage/engine/rocksdb.go:120            Options.merge_operator: cockroach_merge_operator
I200320 18:41:49.348195 56 storage/engine/rocksdb.go:120         Options.compaction_filter: None
I200320 18:41:49.348218 56 storage/engine/rocksdb.go:120         Options.compaction_filter_factory: None
I200320 18:41:49.348241 56 storage/engine/rocksdb.go:120          Options.memtable_factory: SkipListFactory
I200320 18:41:49.348271 56 storage/engine/rocksdb.go:120             Options.table_factory: BlockBasedTable
I200320 18:41:49.348336 56 storage/engine/rocksdb.go:120             table_factory options:   flush_block_policy_factory: FlushBlockBySizePolicyFactory (0x7f9af402d030)
  cache_index_and_filter_blocks: 0
  cache_index_and_filter_blocks_with_high_priority: 0
  pin_l0_filter_and_index_blocks_in_cache: 0
  pin_top_level_index_and_filter: 1
  index_type: 0
  data_block_index_type: 0
  index_shortening: 1
  data_block_hash_table_util_ratio: 0.750000
  hash_index_allow_collision: 1
  checksum: 1
  no_block_cache: 0
  block_cache: 0x7f9af4022010
  block_cache_name: LRUCache
  block_cache_options:
    capacity : 1048576
    num_shard_bits : 4
    strict_capacity_limit : 0
    memory_allocator : None
    high_pri_pool_ratio: 0.000
  block_cache_compressed: (nil)
  persistent_cache: (nil)
  block_size: 32768
  block_size_deviation: 10
  block_restart_interval: 16
  index_block_restart_interval: 1
  metadata_block_size: 4096
  partition_filters: 0
  use_delta_encoding: 1
  filter_policy: rocksdb.BuiltinBloomFilter
  whole_key_filtering: 0
  verify_compression: 0
  read_amp_bytes_per_bit: 0
  format_version: 2
  enable_index_compression: 1
  block_align: 0
I200320 18:41:49.348362 56 storage/engine/rocksdb.go:120         Options.write_buffer_size: 67108864
I200320 18:41:49.348396 56 storage/engine/rocksdb.go:120   Options.max_write_buffer_number: 4
I200320 18:41:49.348424 56 storage/engine/rocksdb.go:120           Options.compression: Snappy
I200320 18:41:49.348448 56 storage/engine/rocksdb.go:120                   Options.bottommost_compression: Disabled
I200320 18:41:49.348477 56 storage/engine/rocksdb.go:120        Options.prefix_extractor: cockroach_prefix_extractor
I200320 18:41:49.348500 56 storage/engine/rocksdb.go:120    Options.memtable_insert_with_hint_prefix_extractor: nullptr
I200320 18:41:49.348522 56 storage/engine/rocksdb.go:120              Options.num_levels: 7
I200320 18:41:49.348544 56 storage/engine/rocksdb.go:120         Options.min_write_buffer_number_to_merge: 1
I200320 18:41:49.348567 56 storage/engine/rocksdb.go:120      Options.max_write_buffer_number_to_maintain: 0
I200320 18:41:49.348589 56 storage/engine/rocksdb.go:120             Options.bottommost_compression_opts.window_bits: -14
I200320 18:41:49.348615 56 storage/engine/rocksdb.go:120                   Options.bottommost_compression_opts.level: 32767
I200320 18:41:49.348714 56 storage/engine/rocksdb.go:120                Options.bottommost_compression_opts.strategy: 0
I200320 18:41:49.348737 56 storage/engine/rocksdb.go:120          Options.bottommost_compression_opts.max_dict_bytes: 0
I200320 18:41:49.348760 56 storage/engine/rocksdb.go:120          Options.bottommost_compression_opts.zstd_max_train_bytes: 0
I200320 18:41:49.348783 56 storage/engine/rocksdb.go:120                   Options.bottommost_compression_opts.enabled: false
I200320 18:41:49.348805 56 storage/engine/rocksdb.go:120             Options.compression_opts.window_bits: -14
I200320 18:41:49.348824 56 storage/engine/rocksdb.go:120                   Options.compression_opts.level: 32767
I200320 18:41:49.348846 56 storage/engine/rocksdb.go:120                Options.compression_opts.strategy: 0
I200320 18:41:49.348869 56 storage/engine/rocksdb.go:120          Options.compression_opts.max_dict_bytes: 0
I200320 18:41:49.348896 56 storage/engine/rocksdb.go:120          Options.compression_opts.zstd_max_train_bytes: 0
I200320 18:41:49.348918 56 storage/engine/rocksdb.go:120                   Options.compression_opts.enabled: false
I200320 18:41:49.348941 56 storage/engine/rocksdb.go:120       Options.level0_file_num_compaction_trigger: 2
I200320 18:41:49.348964 56 storage/engine/rocksdb.go:120           Options.level0_slowdown_writes_trigger: 950
I200320 18:41:49.348982 56 storage/engine/rocksdb.go:120               Options.level0_stop_writes_trigger: 1000
I200320 18:41:49.349004 56 storage/engine/rocksdb.go:120                    Options.target_file_size_base: 4194304
I200320 18:41:49.349030 56 storage/engine/rocksdb.go:120              Options.target_file_size_multiplier: 2
I200320 18:41:49.349052 56 storage/engine/rocksdb.go:120                 Options.max_bytes_for_level_base: 67108864
I200320 18:41:49.349080 56 storage/engine/rocksdb.go:120  Options.level_compaction_dynamic_level_bytes: 1
I200320 18:41:49.349105 56 storage/engine/rocksdb.go:120           Options.max_bytes_for_level_multiplier: 10.000000
I200320 18:41:49.349127 56 storage/engine/rocksdb.go:120  Options.max_bytes_for_level_multiplier_addtl[0]: 1
I200320 18:41:49.349206 56 storage/engine/rocksdb.go:120  Options.max_bytes_for_level_multiplier_addtl[1]: 1
I200320 18:41:49.349229 56 storage/engine/rocksdb.go:120  Options.max_bytes_for_level_multiplier_addtl[2]: 1
I200320 18:41:49.349251 56 storage/engine/rocksdb.go:120  Options.max_bytes_for_level_multiplier_addtl[3]: 1
I200320 18:41:49.349284 56 storage/engine/rocksdb.go:120  Options.max_bytes_for_level_multiplier_addtl[4]: 1
I200320 18:41:49.349312 56 storage/engine/rocksdb.go:120  Options.max_bytes_for_level_multiplier_addtl[5]: 1
I200320 18:41:49.349335 56 storage/engine/rocksdb.go:120  Options.max_bytes_for_level_multiplier_addtl[6]: 1
I200320 18:41:49.349357 56 storage/engine/rocksdb.go:120        Options.max_sequential_skip_in_iterations: 8
I200320 18:41:49.349380 56 storage/engine/rocksdb.go:120                     Options.max_compaction_bytes: 104857600
I200320 18:41:49.349403 56 storage/engine/rocksdb.go:120                         Options.arena_block_size: 8388608
I200320 18:41:49.349426 56 storage/engine/rocksdb.go:120    Options.soft_pending_compaction_bytes_limit: 2199023255552
I200320 18:41:49.349459 56 storage/engine/rocksdb.go:120    Options.hard_pending_compaction_bytes_limit: 4400193994752
I200320 18:41:49.349482 56 storage/engine/rocksdb.go:120        Options.rate_limit_delay_max_milliseconds: 100
I200320 18:41:49.349504 56 storage/engine/rocksdb.go:120                 Options.disable_auto_compactions: 0
I200320 18:41:49.349528 56 storage/engine/rocksdb.go:120                         Options.compaction_style: kCompactionStyleLevel
I200320 18:41:49.349552 56 storage/engine/rocksdb.go:120                           Options.compaction_pri: kMinOverlappingRatio
I200320 18:41:49.349578 56 storage/engine/rocksdb.go:120  Options.compaction_options_universal.size_ratio: 1
I200320 18:41:49.349601 56 storage/engine/rocksdb.go:120  Options.compaction_options_universal.min_merge_width: 2
I200320 18:41:49.349623 56 storage/engine/rocksdb.go:120  Options.compaction_options_universal.max_merge_width: 4294967295
I200320 18:41:49.349706 56 storage/engine/rocksdb.go:120  Options.compaction_options_universal.max_size_amplification_percent: 200
I200320 18:41:49.349732 56 storage/engine/rocksdb.go:120  Options.compaction_options_universal.compression_size_percent: -1
I200320 18:41:49.349780 56 storage/engine/rocksdb.go:120  Options.compaction_options_universal.stop_style: kCompactionStopStyleTotalSize
I200320 18:41:49.349804 56 storage/engine/rocksdb.go:120  Options.compaction_options_fifo.max_table_files_size: 1073741824
I200320 18:41:49.349827 56 storage/engine/rocksdb.go:120  Options.compaction_options_fifo.allow_compaction: 0
I200320 18:41:49.349848 56 storage/engine/rocksdb.go:120                    Options.table_properties_collectors: TimeBoundTblPropCollectorFactory; DeleteRangeTblPropCollectorFactory; 
I200320 18:41:49.349877 56 storage/engine/rocksdb.go:120                    Options.inplace_update_support: 0
I200320 18:41:49.349903 56 storage/engine/rocksdb.go:120                  Options.inplace_update_num_locks: 10000
I200320 18:41:49.349934 56 storage/engine/rocksdb.go:120                Options.memtable_prefix_bloom_size_ratio: 0.000000
I200320 18:41:49.349956 56 storage/engine/rocksdb.go:120                Options.memtable_whole_key_filtering: 0
I200320 18:41:49.349978 56 storage/engine/rocksdb.go:120    Options.memtable_huge_page_size: 0
I200320 18:41:49.350007 56 storage/engine/rocksdb.go:120                            Options.bloom_locality: 0
I200320 18:41:49.350029 56 storage/engine/rocksdb.go:120                     Options.max_successive_merges: 0
I200320 18:41:49.350051 56 storage/engine/rocksdb.go:120                 Options.optimize_filters_for_hits: 1
I200320 18:41:49.350075 56 storage/engine/rocksdb.go:120                 Options.paranoid_file_checks: 0
I200320 18:41:49.350098 56 storage/engine/rocksdb.go:120                 Options.force_consistency_checks: 0
I200320 18:41:49.350119 56 storage/engine/rocksdb.go:120                 Options.report_bg_io_stats: 0
I200320 18:41:49.350142 56 storage/engine/rocksdb.go:120                                Options.ttl: 0
I200320 18:41:49.350168 56 storage/engine/rocksdb.go:120           Options.periodic_compaction_seconds: 0
I200320 18:41:49.357587 56 storage/engine/rocksdb.go:120  [db/version_set.cc:4286] Recovered from manifest file:/cockroach/cockroach-data/cockroach-temp487112537/MANIFEST-000001 succeeded,manifest_file_number is 1, next_file_number is 3, last_sequence is 0, log_number is 0,prev_log_number is 0,max_column_family is 0,min_log_number_to_keep is 0
I200320 18:41:49.357627 56 storage/engine/rocksdb.go:120  [db/version_set.cc:4295] Column family [default] (ID 0), log number is 0
I200320 18:41:49.392848 56 storage/engine/rocksdb.go:120  DB pointer 0x7f9af40a1000
I200320 18:41:49.422125 56 storage/engine/rocksdb.go:120  RocksDB version: 6.2.1
I200320 18:41:49.422166 56 storage/engine/rocksdb.go:120  Git sha rocksdb_build_git_sha:@b7009236531fa784872f4823eabf393501e41bf2@
I200320 18:41:49.422250 56 storage/engine/rocksdb.go:120  Compile date Feb  6 2020
I200320 18:41:49.422268 56 storage/engine/rocksdb.go:120  DB SUMMARY
I200320 18:41:49.424868 56 storage/engine/rocksdb.go:120  SST files in /cockroach/cockroach-data dir, Total Num: 0, files: 
I200320 18:41:49.424998 56 storage/engine/rocksdb.go:120  Write Ahead Log file in /cockroach/cockroach-data: 
I200320 18:41:49.425019 56 storage/engine/rocksdb.go:120                          Options.error_if_exists: 0
I200320 18:41:49.425161 56 storage/engine/rocksdb.go:120                        Options.create_if_missing: 1
I200320 18:41:49.425205 56 storage/engine/rocksdb.go:120                          Options.paranoid_checks: 1
I200320 18:41:49.425239 56 storage/engine/rocksdb.go:120                                      Options.env: 0x756aca0
I200320 18:41:49.425437 56 storage/engine/rocksdb.go:120                                 Options.info_log: 0x7f9aece19080
I200320 18:41:49.425455 56 storage/engine/rocksdb.go:120                 Options.max_file_opening_threads: 16
I200320 18:41:49.425536 56 storage/engine/rocksdb.go:120                               Options.statistics: 0x7f9aece1f010
I200320 18:41:49.425570 56 storage/engine/rocksdb.go:120                                Options.use_fsync: 0
I200320 18:41:49.425588 56 storage/engine/rocksdb.go:120                        Options.max_log_file_size: 0
I200320 18:41:49.425714 56 storage/engine/rocksdb.go:120                   Options.max_manifest_file_size: 134217728
I200320 18:41:49.425762 56 storage/engine/rocksdb.go:120                    Options.log_file_time_to_roll: 0
I200320 18:41:49.425779 56 storage/engine/rocksdb.go:120                        Options.keep_log_file_num: 1000
I200320 18:41:49.425813 56 storage/engine/rocksdb.go:120                     Options.recycle_log_file_num: 1
I200320 18:41:49.426250 56 storage/engine/rocksdb.go:120                          Options.allow_fallocate: 1
I200320 18:41:49.426270 56 storage/engine/rocksdb.go:120                         Options.allow_mmap_reads: 0
I200320 18:41:49.426365 56 storage/engine/rocksdb.go:120                        Options.allow_mmap_writes: 0
I200320 18:41:49.426404 56 storage/engine/rocksdb.go:120                         Options.use_direct_reads: 0
I200320 18:41:49.426422 56 storage/engine/rocksdb.go:120                         Options.use_direct_io_for_flush_and_compaction: 0
I200320 18:41:49.426439 56 storage/engine/rocksdb.go:120           Options.create_missing_column_families: 0
I200320 18:41:49.426472 56 storage/engine/rocksdb.go:120                               Options.db_log_dir: 
I200320 18:41:49.426489 56 storage/engine/rocksdb.go:120                                  Options.wal_dir: /cockroach/cockroach-data
I200320 18:41:49.426525 56 storage/engine/rocksdb.go:120                 Options.table_cache_numshardbits: 6
I200320 18:41:49.426543 56 storage/engine/rocksdb.go:120                       Options.max_subcompactions: 1
I200320 18:41:49.426561 56 storage/engine/rocksdb.go:120                   Options.max_background_flushes: -1
I200320 18:41:49.426578 56 storage/engine/rocksdb.go:120                          Options.WAL_ttl_seconds: 0
I200320 18:41:49.426596 56 storage/engine/rocksdb.go:120                        Options.WAL_size_limit_MB: 0
I200320 18:41:49.426629 56 storage/engine/rocksdb.go:120              Options.manifest_preallocation_size: 4194304
I200320 18:41:49.426723 56 storage/engine/rocksdb.go:120                      Options.is_fd_close_on_exec: 1
I200320 18:41:49.426769 56 storage/engine/rocksdb.go:120                    Options.advise_random_on_open: 1
I200320 18:41:49.426823 56 storage/engine/rocksdb.go:120                     Options.db_write_buffer_size: 0
I200320 18:41:49.426842 56 storage/engine/rocksdb.go:120                     Options.write_buffer_manager: 0x7f9aece87030
I200320 18:41:49.426876 56 storage/engine/rocksdb.go:120          Options.access_hint_on_compaction_start: 1
I200320 18:41:49.426913 56 storage/engine/rocksdb.go:120   Options.new_table_reader_for_compaction_inputs: 0
I200320 18:41:49.426930 56 storage/engine/rocksdb.go:120            Options.random_access_max_buffer_size: 1048576
I200320 18:41:49.426964 56 storage/engine/rocksdb.go:120                       Options.use_adaptive_mutex: 0
I200320 18:41:49.427001 56 storage/engine/rocksdb.go:120                             Options.rate_limiter: (nil)
I200320 18:41:49.427020 56 storage/engine/rocksdb.go:120      Options.sst_file_manager.rate_bytes_per_sec: 0
I200320 18:41:49.427037 56 storage/engine/rocksdb.go:120                        Options.wal_recovery_mode: 0
I200320 18:41:49.427067 56 storage/engine/rocksdb.go:120                   Options.enable_thread_tracking: 0
I200320 18:41:49.427084 56 storage/engine/rocksdb.go:120                   Options.enable_pipelined_write: 0
I200320 18:41:49.427120 56 storage/engine/rocksdb.go:120          Options.allow_concurrent_memtable_write: 1
I200320 18:41:49.427139 56 storage/engine/rocksdb.go:120       Options.enable_write_thread_adaptive_yield: 1
I200320 18:41:49.427156 56 storage/engine/rocksdb.go:120              Options.write_thread_max_yield_usec: 100
I200320 18:41:49.427174 56 storage/engine/rocksdb.go:120             Options.write_thread_slow_yield_usec: 3
I200320 18:41:49.427187 56 storage/engine/rocksdb.go:120                                Options.row_cache: None
I200320 18:41:49.427200 56 storage/engine/rocksdb.go:120                               Options.wal_filter: None
I200320 18:41:49.427215 56 storage/engine/rocksdb.go:120              Options.avoid_flush_during_recovery: 0
I200320 18:41:49.427247 56 storage/engine/rocksdb.go:120              Options.allow_ingest_behind: 0
I200320 18:41:49.427278 56 storage/engine/rocksdb.go:120              Options.preserve_deletes: 0
I200320 18:41:49.427293 56 storage/engine/rocksdb.go:120              Options.two_write_queues: 0
I200320 18:41:49.427308 56 storage/engine/rocksdb.go:120              Options.manual_wal_flush: 1
I200320 18:41:49.427327 56 storage/engine/rocksdb.go:120              Options.atomic_flush: 0
I200320 18:41:49.427345 56 storage/engine/rocksdb.go:120              Options.avoid_unnecessary_blocking_io: 0
I200320 18:41:49.427363 56 storage/engine/rocksdb.go:120              Options.max_background_jobs: 4
I200320 18:41:49.427376 56 storage/engine/rocksdb.go:120              Options.max_background_compactions: -1
I200320 18:41:49.427390 56 storage/engine/rocksdb.go:120              Options.avoid_flush_during_shutdown: 0
I200320 18:41:49.427424 56 storage/engine/rocksdb.go:120            Options.writable_file_max_buffer_size: 1048576
I200320 18:41:49.427460 56 storage/engine/rocksdb.go:120              Options.delayed_write_rate : 16777216
I200320 18:41:49.427473 56 storage/engine/rocksdb.go:120              Options.max_total_wal_size: 0
I200320 18:41:49.427491 56 storage/engine/rocksdb.go:120              Options.delete_obsolete_files_period_micros: 21600000000
I200320 18:41:49.427509 56 storage/engine/rocksdb.go:120                    Options.stats_dump_period_sec: 0
I200320 18:41:49.427526 56 storage/engine/rocksdb.go:120                  Options.stats_persist_period_sec: 600
I200320 18:41:49.427542 56 storage/engine/rocksdb.go:120                  Options.stats_history_buffer_size: 1048576
I200320 18:41:49.427555 56 storage/engine/rocksdb.go:120                           Options.max_open_files: 1043576
I200320 18:41:49.427569 56 storage/engine/rocksdb.go:120                           Options.bytes_per_sync: 524288
I200320 18:41:49.427603 56 storage/engine/rocksdb.go:120                       Options.wal_bytes_per_sync: 0
I200320 18:41:49.427620 56 storage/engine/rocksdb.go:120                    Options.strict_bytes_per_sync: 1
I200320 18:41:49.427813 56 storage/engine/rocksdb.go:120        Options.compaction_readahead_size: 0
I200320 18:41:49.427846 56 storage/engine/rocksdb.go:120  Compression algorithms supported:
I200320 18:41:49.427864 56 storage/engine/rocksdb.go:120  	kZSTDNotFinalCompression supported: 0
I200320 18:41:49.427881 56 storage/engine/rocksdb.go:120  	kZSTD supported: 0
I200320 18:41:49.427899 56 storage/engine/rocksdb.go:120  	kXpressCompression supported: 0
I200320 18:41:49.427930 56 storage/engine/rocksdb.go:120  	kLZ4HCCompression supported: 0
I200320 18:41:49.427957 56 storage/engine/rocksdb.go:120  	kLZ4Compression supported: 0
I200320 18:41:49.427975 56 storage/engine/rocksdb.go:120  	kBZip2Compression supported: 0
I200320 18:41:49.428006 56 storage/engine/rocksdb.go:120  	kZlibCompression supported: 0
I200320 18:41:49.428024 56 storage/engine/rocksdb.go:120  	kSnappyCompression supported: 1
I200320 18:41:49.428061 56 storage/engine/rocksdb.go:120  Fast CRC32 supported: Supported on x86
I200320 18:41:49.432499 56 storage/engine/rocksdb.go:120  [db/db_impl_open.cc:242] Creating manifest 1 
I200320 18:41:49.451900 56 storage/engine/rocksdb.go:120  [db/version_set.cc:4072] Recovering from manifest file: /cockroach/cockroach-data/MANIFEST-000001
I200320 18:41:49.453894 56 storage/engine/rocksdb.go:120  [db/column_family.cc:488] --------------- Options for column family [default]:
I200320 18:41:49.453918 56 storage/engine/rocksdb.go:120                Options.comparator: cockroach_comparator
I200320 18:41:49.453937 56 storage/engine/rocksdb.go:120            Options.merge_operator: cockroach_merge_operator
I200320 18:41:49.454032 56 storage/engine/rocksdb.go:120         Options.compaction_filter: None
I200320 18:41:49.454046 56 storage/engine/rocksdb.go:120         Options.compaction_filter_factory: None
I200320 18:41:49.454064 56 storage/engine/rocksdb.go:120          Options.memtable_factory: SkipListFactory
I200320 18:41:49.454080 56 storage/engine/rocksdb.go:120             Options.table_factory: BlockBasedTable
I200320 18:41:49.454201 56 storage/engine/rocksdb.go:120             table_factory options:   flush_block_policy_factory: FlushBlockBySizePolicyFactory (0x7f9aece1d028)
  cache_index_and_filter_blocks: 0
  cache_index_and_filter_blocks_with_high_priority: 0
  pin_l0_filter_and_index_blocks_in_cache: 0
  pin_top_level_index_and_filter: 1
  index_type: 0
  data_block_index_type: 0
  index_shortening: 1
  data_block_hash_table_util_ratio: 0.750000
  hash_index_allow_collision: 1
  checksum: 1
  no_block_cache: 0
  block_cache: 0x7f9aece0e010
  block_cache_name: LRUCache
  block_cache_options:
    capacity : 67108864
    num_shard_bits : 4
    strict_capacity_limit : 0
    memory_allocator : None
    high_pri_pool_ratio: 0.000
  block_cache_compressed: (nil)
  persistent_cache: (nil)
  block_size: 32768
  block_size_deviation: 10
  block_restart_interval: 16
  index_block_restart_interval: 1
  metadata_block_size: 4096
  partition_filters: 0
  use_delta_encoding: 1
  filter_policy: rocksdb.BuiltinBloomFilter
  whole_key_filtering: 0
  verify_compression: 0
  read_amp_bytes_per_bit: 0
  format_version: 2
  enable_index_compression: 1
  block_align: 0
I200320 18:41:49.454222 56 storage/engine/rocksdb.go:120         Options.write_buffer_size: 67108864
I200320 18:41:49.454329 56 storage/engine/rocksdb.go:120   Options.max_write_buffer_number: 4
I200320 18:41:49.454347 56 storage/engine/rocksdb.go:120           Options.compression: Snappy
I200320 18:41:49.454365 56 storage/engine/rocksdb.go:120                   Options.bottommost_compression: Disabled
I200320 18:41:49.454383 56 storage/engine/rocksdb.go:120        Options.prefix_extractor: cockroach_prefix_extractor
I200320 18:41:49.454448 56 storage/engine/rocksdb.go:120    Options.memtable_insert_with_hint_prefix_extractor: nullptr
I200320 18:41:49.454509 56 storage/engine/rocksdb.go:120              Options.num_levels: 7
I200320 18:41:49.454535 56 storage/engine/rocksdb.go:120         Options.min_write_buffer_number_to_merge: 1
I200320 18:41:49.454553 56 storage/engine/rocksdb.go:120      Options.max_write_buffer_number_to_maintain: 0
I200320 18:41:49.454571 56 storage/engine/rocksdb.go:120             Options.bottommost_compression_opts.window_bits: -14
I200320 18:41:49.454686 56 storage/engine/rocksdb.go:120                   Options.bottommost_compression_opts.level: 32767
I200320 18:41:49.454702 56 storage/engine/rocksdb.go:120                Options.bottommost_compression_opts.strategy: 0
I200320 18:41:49.454717 56 storage/engine/rocksdb.go:120          Options.bottommost_compression_opts.max_dict_bytes: 0
I200320 18:41:49.454789 56 storage/engine/rocksdb.go:120          Options.bottommost_compression_opts.zstd_max_train_bytes: 0
I200320 18:41:49.454808 56 storage/engine/rocksdb.go:120                   Options.bottommost_compression_opts.enabled: false
I200320 18:41:49.454824 56 storage/engine/rocksdb.go:120             Options.compression_opts.window_bits: -14
I200320 18:41:49.454838 56 storage/engine/rocksdb.go:120                   Options.compression_opts.level: 32767
I200320 18:41:49.454856 56 storage/engine/rocksdb.go:120                Options.compression_opts.strategy: 0
I200320 18:41:49.454874 56 storage/engine/rocksdb.go:120          Options.compression_opts.max_dict_bytes: 0
I200320 18:41:49.454963 56 storage/engine/rocksdb.go:120          Options.compression_opts.zstd_max_train_bytes: 0
I200320 18:41:49.454979 56 storage/engine/rocksdb.go:120                   Options.compression_opts.enabled: false
I200320 18:41:49.454994 56 storage/engine/rocksdb.go:120       Options.level0_file_num_compaction_trigger: 2
I200320 18:41:49.455011 56 storage/engine/rocksdb.go:120           Options.level0_slowdown_writes_trigger: 950
I200320 18:41:49.455118 56 storage/engine/rocksdb.go:120               Options.level0_stop_writes_trigger: 1000
I200320 18:41:49.455136 56 storage/engine/rocksdb.go:120                    Options.target_file_size_base: 4194304
I200320 18:41:49.455153 56 storage/engine/rocksdb.go:120              Options.target_file_size_multiplier: 2
I200320 18:41:49.455257 56 storage/engine/rocksdb.go:120                 Options.max_bytes_for_level_base: 67108864
I200320 18:41:49.455275 56 storage/engine/rocksdb.go:120  Options.level_compaction_dynamic_level_bytes: 1
I200320 18:41:49.455293 56 storage/engine/rocksdb.go:120           Options.max_bytes_for_level_multiplier: 10.000000
I200320 18:41:49.455311 56 storage/engine/rocksdb.go:120  Options.max_bytes_for_level_multiplier_addtl[0]: 1
I200320 18:41:49.455419 56 storage/engine/rocksdb.go:120  Options.max_bytes_for_level_multiplier_addtl[1]: 1
I200320 18:41:49.455438 56 storage/engine/rocksdb.go:120  Options.max_bytes_for_level_multiplier_addtl[2]: 1
I200320 18:41:49.455453 56 storage/engine/rocksdb.go:120  Options.max_bytes_for_level_multiplier_addtl[3]: 1
I200320 18:41:49.455474 56 storage/engine/rocksdb.go:120  Options.max_bytes_for_level_multiplier_addtl[4]: 1
I200320 18:41:49.455556 56 storage/engine/rocksdb.go:120  Options.max_bytes_for_level_multiplier_addtl[5]: 1
I200320 18:41:49.455574 56 storage/engine/rocksdb.go:120  Options.max_bytes_for_level_multiplier_addtl[6]: 1
I200320 18:41:49.455591 56 storage/engine/rocksdb.go:120        Options.max_sequential_skip_in_iterations: 8
I200320 18:41:49.455608 56 storage/engine/rocksdb.go:120                     Options.max_compaction_bytes: 104857600
I200320 18:41:49.455711 56 storage/engine/rocksdb.go:120                         Options.arena_block_size: 8388608
I200320 18:41:49.455800 56 storage/engine/rocksdb.go:120    Options.soft_pending_compaction_bytes_limit: 2199023255552
I200320 18:41:49.455819 56 storage/engine/rocksdb.go:120    Options.hard_pending_compaction_bytes_limit: 4400193994752
I200320 18:41:49.455920 56 storage/engine/rocksdb.go:120        Options.rate_limit_delay_max_milliseconds: 100
I200320 18:41:49.455955 56 storage/engine/rocksdb.go:120                 Options.disable_auto_compactions: 0
I200320 18:41:49.455976 56 storage/engine/rocksdb.go:120                         Options.compaction_style: kCompactionStyleLevel
I200320 18:41:49.455994 56 storage/engine/rocksdb.go:120                           Options.compaction_pri: kMinOverlappingRatio
I200320 18:41:49.456107 56 storage/engine/rocksdb.go:120  Options.compaction_options_universal.size_ratio: 1
I200320 18:41:49.456152 56 storage/engine/rocksdb.go:120  Options.compaction_options_universal.min_merge_width: 2
I200320 18:41:49.456163 56 storage/engine/rocksdb.go:120  Options.compaction_options_universal.max_merge_width: 4294967295
I200320 18:41:49.456285 56 storage/engine/rocksdb.go:120  Options.compaction_options_universal.max_size_amplification_percent: 200
I200320 18:41:49.456303 56 storage/engine/rocksdb.go:120  Options.compaction_options_universal.compression_size_percent: -1
I200320 18:41:49.456323 56 storage/engine/rocksdb.go:120  Options.compaction_options_universal.stop_style: kCompactionStopStyleTotalSize
I200320 18:41:49.456341 56 storage/engine/rocksdb.go:120  Options.compaction_options_fifo.max_table_files_size: 1073741824
I200320 18:41:49.456445 56 storage/engine/rocksdb.go:120  Options.compaction_options_fifo.allow_compaction: 0
I200320 18:41:49.456478 56 storage/engine/rocksdb.go:120                    Options.table_properties_collectors: TimeBoundTblPropCollectorFactory; DeleteRangeTblPropCollectorFactory; 
I200320 18:41:49.456524 56 storage/engine/rocksdb.go:120                    Options.inplace_update_support: 0
I200320 18:41:49.456582 56 storage/engine/rocksdb.go:120                  Options.inplace_update_num_locks: 10000
I200320 18:41:49.456601 56 storage/engine/rocksdb.go:120                Options.memtable_prefix_bloom_size_ratio: 0.000000
I200320 18:41:49.456619 56 storage/engine/rocksdb.go:120                Options.memtable_whole_key_filtering: 0
I200320 18:41:49.456636 56 storage/engine/rocksdb.go:120    Options.memtable_huge_page_size: 0
I200320 18:41:49.456787 56 storage/engine/rocksdb.go:120                            Options.bloom_locality: 0
I200320 18:41:49.456808 56 storage/engine/rocksdb.go:120                     Options.max_successive_merges: 0
I200320 18:41:49.456826 56 storage/engine/rocksdb.go:120                 Options.optimize_filters_for_hits: 1
I200320 18:41:49.456844 56 storage/engine/rocksdb.go:120                 Options.paranoid_file_checks: 0
I200320 18:41:49.456951 56 storage/engine/rocksdb.go:120                 Options.force_consistency_checks: 0
I200320 18:41:49.456969 56 storage/engine/rocksdb.go:120                 Options.report_bg_io_stats: 0
I200320 18:41:49.456986 56 storage/engine/rocksdb.go:120                                Options.ttl: 0
I200320 18:41:49.457003 56 storage/engine/rocksdb.go:120           Options.periodic_compaction_seconds: 0
I200320 18:41:49.462067 56 storage/engine/rocksdb.go:120  [db/version_set.cc:4286] Recovered from manifest file:/cockroach/cockroach-data/MANIFEST-000001 succeeded,manifest_file_number is 1, next_file_number is 3, last_sequence is 0, log_number is 0,prev_log_number is 0,max_column_family is 0,min_log_number_to_keep is 0
I200320 18:41:49.462252 56 storage/engine/rocksdb.go:120  [db/version_set.cc:4295] Column family [default] (ID 0), log number is 0
I200320 18:41:49.491039 56 storage/engine/rocksdb.go:120  DB pointer 0x7f9aece94000
