I200320 18:58:07.715742 42 util/log/clog.go:1196  [config] file created at: 2020/03/20 18:58:07
I200320 18:58:07.715742 42 util/log/clog.go:1196  [config] running on machine: 348ae289e17b
I200320 18:58:07.715742 42 util/log/clog.go:1196  [config] binary: CockroachDB CCL v19.2.4 (x86_64-unknown-linux-gnu, built 2020/02/06 21:55:19, go1.12.12)
I200320 18:58:07.715742 42 util/log/clog.go:1196  [config] arguments: [/cockroach/cockroach start --insecure --join=node_1]
I200320 18:58:07.715742 42 util/log/clog.go:1196  line format: [IWEF]yymmdd hh:mm:ss.uuuuuu goid file:line msg utf8=✓
I200320 18:58:07.715682 42 storage/engine/rocksdb.go:120  RocksDB version: 6.2.1
I200320 18:58:07.721103 42 storage/engine/rocksdb.go:120  Git sha rocksdb_build_git_sha:@b7009236531fa784872f4823eabf393501e41bf2@
I200320 18:58:07.721124 42 storage/engine/rocksdb.go:120  Compile date Feb  6 2020
I200320 18:58:07.721143 42 storage/engine/rocksdb.go:120  DB SUMMARY
I200320 18:58:07.723403 42 storage/engine/rocksdb.go:120  SST files in /cockroach/cockroach-data/cockroach-temp719778285 dir, Total Num: 0, files: 
I200320 18:58:07.728370 42 storage/engine/rocksdb.go:120  Write Ahead Log file in /cockroach/cockroach-data/cockroach-temp719778285: 
I200320 18:58:07.728393 42 storage/engine/rocksdb.go:120                          Options.error_if_exists: 0
I200320 18:58:07.728413 42 storage/engine/rocksdb.go:120                        Options.create_if_missing: 1
I200320 18:58:07.728428 42 storage/engine/rocksdb.go:120                          Options.paranoid_checks: 1
I200320 18:58:07.728450 42 storage/engine/rocksdb.go:120                                      Options.env: 0x756aca0
I200320 18:58:07.728472 42 storage/engine/rocksdb.go:120                                 Options.info_log: 0x7f4145e0d180
I200320 18:58:07.728490 42 storage/engine/rocksdb.go:120                 Options.max_file_opening_threads: 16
I200320 18:58:07.728508 42 storage/engine/rocksdb.go:120                               Options.statistics: 0x7f4145e34010
I200320 18:58:07.728525 42 storage/engine/rocksdb.go:120                                Options.use_fsync: 0
I200320 18:58:07.728588 42 storage/engine/rocksdb.go:120                        Options.max_log_file_size: 0
I200320 18:58:07.728607 42 storage/engine/rocksdb.go:120                   Options.max_manifest_file_size: 134217728
I200320 18:58:07.728626 42 storage/engine/rocksdb.go:120                    Options.log_file_time_to_roll: 0
I200320 18:58:07.728645 42 storage/engine/rocksdb.go:120                        Options.keep_log_file_num: 1000
I200320 18:58:07.728662 42 storage/engine/rocksdb.go:120                     Options.recycle_log_file_num: 1
I200320 18:58:07.728679 42 storage/engine/rocksdb.go:120                          Options.allow_fallocate: 1
I200320 18:58:07.728698 42 storage/engine/rocksdb.go:120                         Options.allow_mmap_reads: 0
I200320 18:58:07.728767 42 storage/engine/rocksdb.go:120                        Options.allow_mmap_writes: 0
I200320 18:58:07.728784 42 storage/engine/rocksdb.go:120                         Options.use_direct_reads: 0
I200320 18:58:07.728804 42 storage/engine/rocksdb.go:120                         Options.use_direct_io_for_flush_and_compaction: 0
I200320 18:58:07.728869 42 storage/engine/rocksdb.go:120           Options.create_missing_column_families: 0
I200320 18:58:07.728930 42 storage/engine/rocksdb.go:120                               Options.db_log_dir: 
I200320 18:58:07.728952 42 storage/engine/rocksdb.go:120                                  Options.wal_dir: /cockroach/cockroach-data/cockroach-temp719778285
I200320 18:58:07.728970 42 storage/engine/rocksdb.go:120                 Options.table_cache_numshardbits: 6
I200320 18:58:07.728988 42 storage/engine/rocksdb.go:120                       Options.max_subcompactions: 1
I200320 18:58:07.729051 42 storage/engine/rocksdb.go:120                   Options.max_background_flushes: -1
I200320 18:58:07.729069 42 storage/engine/rocksdb.go:120                          Options.WAL_ttl_seconds: 0
I200320 18:58:07.729088 42 storage/engine/rocksdb.go:120                        Options.WAL_size_limit_MB: 0
I200320 18:58:07.729152 42 storage/engine/rocksdb.go:120              Options.manifest_preallocation_size: 4194304
I200320 18:58:07.729170 42 storage/engine/rocksdb.go:120                      Options.is_fd_close_on_exec: 1
I200320 18:58:07.729187 42 storage/engine/rocksdb.go:120                    Options.advise_random_on_open: 1
I200320 18:58:07.729205 42 storage/engine/rocksdb.go:120                     Options.db_write_buffer_size: 0
I200320 18:58:07.729222 42 storage/engine/rocksdb.go:120                     Options.write_buffer_manager: 0x7f4145e1f060
I200320 18:58:07.729245 42 storage/engine/rocksdb.go:120          Options.access_hint_on_compaction_start: 1
I200320 18:58:07.729263 42 storage/engine/rocksdb.go:120   Options.new_table_reader_for_compaction_inputs: 0
I200320 18:58:07.729282 42 storage/engine/rocksdb.go:120            Options.random_access_max_buffer_size: 1048576
I200320 18:58:07.729351 42 storage/engine/rocksdb.go:120                       Options.use_adaptive_mutex: 0
I200320 18:58:07.729423 42 storage/engine/rocksdb.go:120                             Options.rate_limiter: (nil)
I200320 18:58:07.729440 42 storage/engine/rocksdb.go:120      Options.sst_file_manager.rate_bytes_per_sec: 0
I200320 18:58:07.729458 42 storage/engine/rocksdb.go:120                        Options.wal_recovery_mode: 0
I200320 18:58:07.729476 42 storage/engine/rocksdb.go:120                   Options.enable_thread_tracking: 0
I200320 18:58:07.729547 42 storage/engine/rocksdb.go:120                   Options.enable_pipelined_write: 0
I200320 18:58:07.729569 42 storage/engine/rocksdb.go:120          Options.allow_concurrent_memtable_write: 1
I200320 18:58:07.729587 42 storage/engine/rocksdb.go:120       Options.enable_write_thread_adaptive_yield: 1
I200320 18:58:07.729605 42 storage/engine/rocksdb.go:120              Options.write_thread_max_yield_usec: 100
I200320 18:58:07.729622 42 storage/engine/rocksdb.go:120             Options.write_thread_slow_yield_usec: 3
I200320 18:58:07.729645 42 storage/engine/rocksdb.go:120                                Options.row_cache: None
I200320 18:58:07.729663 42 storage/engine/rocksdb.go:120                               Options.wal_filter: None
I200320 18:58:07.729680 42 storage/engine/rocksdb.go:120              Options.avoid_flush_during_recovery: 0
I200320 18:58:07.729698 42 storage/engine/rocksdb.go:120              Options.allow_ingest_behind: 0
I200320 18:58:07.729715 42 storage/engine/rocksdb.go:120              Options.preserve_deletes: 0
I200320 18:58:07.729733 42 storage/engine/rocksdb.go:120              Options.two_write_queues: 0
I200320 18:58:07.729750 42 storage/engine/rocksdb.go:120              Options.manual_wal_flush: 1
I200320 18:58:07.729771 42 storage/engine/rocksdb.go:120              Options.atomic_flush: 0
I200320 18:58:07.729789 42 storage/engine/rocksdb.go:120              Options.avoid_unnecessary_blocking_io: 0
I200320 18:58:07.729807 42 storage/engine/rocksdb.go:120              Options.max_background_jobs: 4
I200320 18:58:07.729824 42 storage/engine/rocksdb.go:120              Options.max_background_compactions: -1
I200320 18:58:07.729841 42 storage/engine/rocksdb.go:120              Options.avoid_flush_during_shutdown: 0
I200320 18:58:07.729859 42 storage/engine/rocksdb.go:120            Options.writable_file_max_buffer_size: 1048576
I200320 18:58:07.729877 42 storage/engine/rocksdb.go:120              Options.delayed_write_rate : 16777216
I200320 18:58:07.729894 42 storage/engine/rocksdb.go:120              Options.max_total_wal_size: 0
I200320 18:58:07.729912 42 storage/engine/rocksdb.go:120              Options.delete_obsolete_files_period_micros: 21600000000
I200320 18:58:07.729929 42 storage/engine/rocksdb.go:120                    Options.stats_dump_period_sec: 0
I200320 18:58:07.729946 42 storage/engine/rocksdb.go:120                  Options.stats_persist_period_sec: 600
I200320 18:58:07.729964 42 storage/engine/rocksdb.go:120                  Options.stats_history_buffer_size: 1048576
I200320 18:58:07.729982 42 storage/engine/rocksdb.go:120                           Options.max_open_files: 128
I200320 18:58:07.730047 42 storage/engine/rocksdb.go:120                           Options.bytes_per_sync: 524288
I200320 18:58:07.730065 42 storage/engine/rocksdb.go:120                       Options.wal_bytes_per_sync: 0
I200320 18:58:07.730083 42 storage/engine/rocksdb.go:120                    Options.strict_bytes_per_sync: 1
I200320 18:58:07.730100 42 storage/engine/rocksdb.go:120        Options.compaction_readahead_size: 0
I200320 18:58:07.730118 42 storage/engine/rocksdb.go:120  Compression algorithms supported:
I200320 18:58:07.730192 42 storage/engine/rocksdb.go:120  	kZSTDNotFinalCompression supported: 0
I200320 18:58:07.730211 42 storage/engine/rocksdb.go:120  	kZSTD supported: 0
I200320 18:58:07.730275 42 storage/engine/rocksdb.go:120  	kXpressCompression supported: 0
I200320 18:58:07.730293 42 storage/engine/rocksdb.go:120  	kLZ4HCCompression supported: 0
I200320 18:58:07.730419 42 storage/engine/rocksdb.go:120  	kLZ4Compression supported: 0
I200320 18:58:07.730438 42 storage/engine/rocksdb.go:120  	kBZip2Compression supported: 0
I200320 18:58:07.730498 42 storage/engine/rocksdb.go:120  	kZlibCompression supported: 0
I200320 18:58:07.730517 42 storage/engine/rocksdb.go:120  	kSnappyCompression supported: 1
I200320 18:58:07.730581 42 storage/engine/rocksdb.go:120  Fast CRC32 supported: Supported on x86
I200320 18:58:07.734079 42 storage/engine/rocksdb.go:120  [db/db_impl_open.cc:242] Creating manifest 1 
I200320 18:58:07.754477 42 storage/engine/rocksdb.go:120  [db/version_set.cc:4072] Recovering from manifest file: /cockroach/cockroach-data/cockroach-temp719778285/MANIFEST-000001
I200320 18:58:07.756026 42 storage/engine/rocksdb.go:120  [db/column_family.cc:488] --------------- Options for column family [default]:
I200320 18:58:07.756048 42 storage/engine/rocksdb.go:120                Options.comparator: cockroach_comparator
I200320 18:58:07.756071 42 storage/engine/rocksdb.go:120            Options.merge_operator: cockroach_merge_operator
I200320 18:58:07.756149 42 storage/engine/rocksdb.go:120         Options.compaction_filter: None
I200320 18:58:07.756167 42 storage/engine/rocksdb.go:120         Options.compaction_filter_factory: None
I200320 18:58:07.756186 42 storage/engine/rocksdb.go:120          Options.memtable_factory: SkipListFactory
I200320 18:58:07.756203 42 storage/engine/rocksdb.go:120             Options.table_factory: BlockBasedTable
I200320 18:58:07.756360 42 storage/engine/rocksdb.go:120             table_factory options:   flush_block_policy_factory: FlushBlockBySizePolicyFactory (0x7f4145e2d030)
  cache_index_and_filter_blocks: 0
  cache_index_and_filter_blocks_with_high_priority: 0
  pin_l0_filter_and_index_blocks_in_cache: 0
  pin_top_level_index_and_filter: 1
  index_type: 0
  data_block_index_type: 0
  index_shortening: 1
  data_block_hash_table_util_ratio: 0.750000
  hash_index_allow_collision: 1
  checksum: 1
  no_block_cache: 0
  block_cache: 0x7f4145e22010
  block_cache_name: LRUCache
  block_cache_options:
    capacity : 1048576
    num_shard_bits : 4
    strict_capacity_limit : 0
    memory_allocator : None
    high_pri_pool_ratio: 0.000
  block_cache_compressed: (nil)
  persistent_cache: (nil)
  block_size: 32768
  block_size_deviation: 10
  block_restart_interval: 16
  index_block_restart_interval: 1
  metadata_block_size: 4096
  partition_filters: 0
  use_delta_encoding: 1
  filter_policy: rocksdb.BuiltinBloomFilter
  whole_key_filtering: 0
  verify_compression: 0
  read_amp_bytes_per_bit: 0
  format_version: 2
  enable_index_compression: 1
  block_align: 0
I200320 18:58:07.756441 42 storage/engine/rocksdb.go:120         Options.write_buffer_size: 67108864
I200320 18:58:07.756462 42 storage/engine/rocksdb.go:120   Options.max_write_buffer_number: 4
I200320 18:58:07.756481 42 storage/engine/rocksdb.go:120           Options.compression: Snappy
I200320 18:58:07.756498 42 storage/engine/rocksdb.go:120                   Options.bottommost_compression: Disabled
I200320 18:58:07.756576 42 storage/engine/rocksdb.go:120        Options.prefix_extractor: cockroach_prefix_extractor
I200320 18:58:07.756593 42 storage/engine/rocksdb.go:120    Options.memtable_insert_with_hint_prefix_extractor: nullptr
I200320 18:58:07.756611 42 storage/engine/rocksdb.go:120              Options.num_levels: 7
I200320 18:58:07.756626 42 storage/engine/rocksdb.go:120         Options.min_write_buffer_number_to_merge: 1
I200320 18:58:07.756640 42 storage/engine/rocksdb.go:120      Options.max_write_buffer_number_to_maintain: 0
I200320 18:58:07.756726 42 storage/engine/rocksdb.go:120             Options.bottommost_compression_opts.window_bits: -14
I200320 18:58:07.756747 42 storage/engine/rocksdb.go:120                   Options.bottommost_compression_opts.level: 32767
I200320 18:58:07.756765 42 storage/engine/rocksdb.go:120                Options.bottommost_compression_opts.strategy: 0
I200320 18:58:07.756779 42 storage/engine/rocksdb.go:120          Options.bottommost_compression_opts.max_dict_bytes: 0
I200320 18:58:07.756852 42 storage/engine/rocksdb.go:120          Options.bottommost_compression_opts.zstd_max_train_bytes: 0
I200320 18:58:07.756871 42 storage/engine/rocksdb.go:120                   Options.bottommost_compression_opts.enabled: false
I200320 18:58:07.756889 42 storage/engine/rocksdb.go:120             Options.compression_opts.window_bits: -14
I200320 18:58:07.756906 42 storage/engine/rocksdb.go:120                   Options.compression_opts.level: 32767
I200320 18:58:07.756923 42 storage/engine/rocksdb.go:120                Options.compression_opts.strategy: 0
I200320 18:58:07.757005 42 storage/engine/rocksdb.go:120          Options.compression_opts.max_dict_bytes: 0
I200320 18:58:07.757029 42 storage/engine/rocksdb.go:120          Options.compression_opts.zstd_max_train_bytes: 0
I200320 18:58:07.757047 42 storage/engine/rocksdb.go:120                   Options.compression_opts.enabled: false
I200320 18:58:07.757065 42 storage/engine/rocksdb.go:120       Options.level0_file_num_compaction_trigger: 2
I200320 18:58:07.757146 42 storage/engine/rocksdb.go:120           Options.level0_slowdown_writes_trigger: 950
I200320 18:58:07.757163 42 storage/engine/rocksdb.go:120               Options.level0_stop_writes_trigger: 1000
I200320 18:58:07.757181 42 storage/engine/rocksdb.go:120                    Options.target_file_size_base: 4194304
I200320 18:58:07.757198 42 storage/engine/rocksdb.go:120              Options.target_file_size_multiplier: 2
I200320 18:58:07.757264 42 storage/engine/rocksdb.go:120                 Options.max_bytes_for_level_base: 67108864
I200320 18:58:07.757350 42 storage/engine/rocksdb.go:120  Options.level_compaction_dynamic_level_bytes: 1
I200320 18:58:07.757369 42 storage/engine/rocksdb.go:120           Options.max_bytes_for_level_multiplier: 10.000000
I200320 18:58:07.757663 42 storage/engine/rocksdb.go:120  Options.max_bytes_for_level_multiplier_addtl[0]: 1
I200320 18:58:07.757681 42 storage/engine/rocksdb.go:120  Options.max_bytes_for_level_multiplier_addtl[1]: 1
I200320 18:58:07.757693 42 storage/engine/rocksdb.go:120  Options.max_bytes_for_level_multiplier_addtl[2]: 1
I200320 18:58:07.757708 42 storage/engine/rocksdb.go:120  Options.max_bytes_for_level_multiplier_addtl[3]: 1
I200320 18:58:07.757739 42 storage/engine/rocksdb.go:120  Options.max_bytes_for_level_multiplier_addtl[4]: 1
I200320 18:58:07.757878 42 storage/engine/rocksdb.go:120  Options.max_bytes_for_level_multiplier_addtl[5]: 1
I200320 18:58:07.757939 42 storage/engine/rocksdb.go:120  Options.max_bytes_for_level_multiplier_addtl[6]: 1
I200320 18:58:07.757953 42 storage/engine/rocksdb.go:120        Options.max_sequential_skip_in_iterations: 8
I200320 18:58:07.757971 42 storage/engine/rocksdb.go:120                     Options.max_compaction_bytes: 104857600
I200320 18:58:07.757988 42 storage/engine/rocksdb.go:120                         Options.arena_block_size: 8388608
I200320 18:58:07.758057 42 storage/engine/rocksdb.go:120    Options.soft_pending_compaction_bytes_limit: 2199023255552
I200320 18:58:07.758073 42 storage/engine/rocksdb.go:120    Options.hard_pending_compaction_bytes_limit: 4400193994752
I200320 18:58:07.758091 42 storage/engine/rocksdb.go:120        Options.rate_limit_delay_max_milliseconds: 100
I200320 18:58:07.758108 42 storage/engine/rocksdb.go:120                 Options.disable_auto_compactions: 0
I200320 18:58:07.758183 42 storage/engine/rocksdb.go:120                         Options.compaction_style: kCompactionStyleLevel
I200320 18:58:07.758203 42 storage/engine/rocksdb.go:120                           Options.compaction_pri: kMinOverlappingRatio
I200320 18:58:07.758226 42 storage/engine/rocksdb.go:120  Options.compaction_options_universal.size_ratio: 1
I200320 18:58:07.758244 42 storage/engine/rocksdb.go:120  Options.compaction_options_universal.min_merge_width: 2
I200320 18:58:07.758337 42 storage/engine/rocksdb.go:120  Options.compaction_options_universal.max_merge_width: 4294967295
I200320 18:58:07.758356 42 storage/engine/rocksdb.go:120  Options.compaction_options_universal.max_size_amplification_percent: 200
I200320 18:58:07.758368 42 storage/engine/rocksdb.go:120  Options.compaction_options_universal.compression_size_percent: -1
I200320 18:58:07.758387 42 storage/engine/rocksdb.go:120  Options.compaction_options_universal.stop_style: kCompactionStopStyleTotalSize
I200320 18:58:07.758404 42 storage/engine/rocksdb.go:120  Options.compaction_options_fifo.max_table_files_size: 1073741824
I200320 18:58:07.758481 42 storage/engine/rocksdb.go:120  Options.compaction_options_fifo.allow_compaction: 0
I200320 18:58:07.758522 42 storage/engine/rocksdb.go:120                    Options.table_properties_collectors: TimeBoundTblPropCollectorFactory; DeleteRangeTblPropCollectorFactory; 
I200320 18:58:07.758542 42 storage/engine/rocksdb.go:120                    Options.inplace_update_support: 0
I200320 18:58:07.758951 42 storage/engine/rocksdb.go:120                  Options.inplace_update_num_locks: 10000
I200320 18:58:07.758971 42 storage/engine/rocksdb.go:120                Options.memtable_prefix_bloom_size_ratio: 0.000000
I200320 18:58:07.758989 42 storage/engine/rocksdb.go:120                Options.memtable_whole_key_filtering: 0
I200320 18:58:07.759006 42 storage/engine/rocksdb.go:120    Options.memtable_huge_page_size: 0
I200320 18:58:07.759080 42 storage/engine/rocksdb.go:120                            Options.bloom_locality: 0
I200320 18:58:07.759098 42 storage/engine/rocksdb.go:120                     Options.max_successive_merges: 0
I200320 18:58:07.759115 42 storage/engine/rocksdb.go:120                 Options.optimize_filters_for_hits: 1
I200320 18:58:07.759134 42 storage/engine/rocksdb.go:120                 Options.paranoid_file_checks: 0
I200320 18:58:07.759204 42 storage/engine/rocksdb.go:120                 Options.force_consistency_checks: 0
I200320 18:58:07.759222 42 storage/engine/rocksdb.go:120                 Options.report_bg_io_stats: 0
I200320 18:58:07.759239 42 storage/engine/rocksdb.go:120                                Options.ttl: 0
I200320 18:58:07.759257 42 storage/engine/rocksdb.go:120           Options.periodic_compaction_seconds: 0
I200320 18:58:07.765034 42 storage/engine/rocksdb.go:120  [db/version_set.cc:4286] Recovered from manifest file:/cockroach/cockroach-data/cockroach-temp719778285/MANIFEST-000001 succeeded,manifest_file_number is 1, next_file_number is 3, last_sequence is 0, log_number is 0,prev_log_number is 0,max_column_family is 0,min_log_number_to_keep is 0
I200320 18:58:07.765063 42 storage/engine/rocksdb.go:120  [db/version_set.cc:4295] Column family [default] (ID 0), log number is 0
I200320 18:58:07.799076 42 storage/engine/rocksdb.go:120  DB pointer 0x7f4145ea1000
I200320 18:58:07.844671 42 storage/engine/rocksdb.go:120  RocksDB version: 6.2.1
I200320 18:58:07.844834 42 storage/engine/rocksdb.go:120  Git sha rocksdb_build_git_sha:@b7009236531fa784872f4823eabf393501e41bf2@
I200320 18:58:07.844848 42 storage/engine/rocksdb.go:120  Compile date Feb  6 2020
I200320 18:58:07.844985 42 storage/engine/rocksdb.go:120  DB SUMMARY
I200320 18:58:07.850457 42 storage/engine/rocksdb.go:120  CURRENT file:  CURRENT
I200320 18:58:07.850480 42 storage/engine/rocksdb.go:120  IDENTITY file:  IDENTITY
I200320 18:58:07.851932 42 storage/engine/rocksdb.go:120  MANIFEST file:  MANIFEST-000005 size: 53 Bytes
I200320 18:58:07.852067 42 storage/engine/rocksdb.go:120  SST files in /cockroach/cockroach-data dir, Total Num: 0, files: 
I200320 18:58:07.852090 42 storage/engine/rocksdb.go:120  Write Ahead Log file in /cockroach/cockroach-data: 000006.log size: 1125 ; 
I200320 18:58:07.852114 42 storage/engine/rocksdb.go:120                          Options.error_if_exists: 0
I200320 18:58:07.852141 42 storage/engine/rocksdb.go:120                        Options.create_if_missing: 1
I200320 18:58:07.852177 42 storage/engine/rocksdb.go:120                          Options.paranoid_checks: 1
I200320 18:58:07.852195 42 storage/engine/rocksdb.go:120                                      Options.env: 0x756aca0
I200320 18:58:07.852212 42 storage/engine/rocksdb.go:120                                 Options.info_log: 0x7f4145e0d300
I200320 18:58:07.852230 42 storage/engine/rocksdb.go:120                 Options.max_file_opening_threads: 16
I200320 18:58:07.852247 42 storage/engine/rocksdb.go:120                               Options.statistics: 0x7f4145e34080
I200320 18:58:07.852279 42 storage/engine/rocksdb.go:120                                Options.use_fsync: 0
I200320 18:58:07.852297 42 storage/engine/rocksdb.go:120                        Options.max_log_file_size: 0
I200320 18:58:07.852406 42 storage/engine/rocksdb.go:120                   Options.max_manifest_file_size: 134217728
I200320 18:58:07.852431 42 storage/engine/rocksdb.go:120                    Options.log_file_time_to_roll: 0
I200320 18:58:07.852454 42 storage/engine/rocksdb.go:120                        Options.keep_log_file_num: 1000
I200320 18:58:07.852481 42 storage/engine/rocksdb.go:120                     Options.recycle_log_file_num: 1
I200320 18:58:07.852508 42 storage/engine/rocksdb.go:120                          Options.allow_fallocate: 1
I200320 18:58:07.852536 42 storage/engine/rocksdb.go:120                         Options.allow_mmap_reads: 0
I200320 18:58:07.852561 42 storage/engine/rocksdb.go:120                        Options.allow_mmap_writes: 0
I200320 18:58:07.852587 42 storage/engine/rocksdb.go:120                         Options.use_direct_reads: 0
I200320 18:58:07.852611 42 storage/engine/rocksdb.go:120                         Options.use_direct_io_for_flush_and_compaction: 0
I200320 18:58:07.852701 42 storage/engine/rocksdb.go:120           Options.create_missing_column_families: 0
I200320 18:58:07.852722 42 storage/engine/rocksdb.go:120                               Options.db_log_dir: 
I200320 18:58:07.852782 42 storage/engine/rocksdb.go:120                                  Options.wal_dir: /cockroach/cockroach-data
I200320 18:58:07.852802 42 storage/engine/rocksdb.go:120                 Options.table_cache_numshardbits: 6
I200320 18:58:07.852816 42 storage/engine/rocksdb.go:120                       Options.max_subcompactions: 1
I200320 18:58:07.852839 42 storage/engine/rocksdb.go:120                   Options.max_background_flushes: -1
I200320 18:58:07.852858 42 storage/engine/rocksdb.go:120                          Options.WAL_ttl_seconds: 0
I200320 18:58:07.852997 42 storage/engine/rocksdb.go:120                        Options.WAL_size_limit_MB: 0
I200320 18:58:07.853038 42 storage/engine/rocksdb.go:120              Options.manifest_preallocation_size: 4194304
I200320 18:58:07.853064 42 storage/engine/rocksdb.go:120                      Options.is_fd_close_on_exec: 1
I200320 18:58:07.853086 42 storage/engine/rocksdb.go:120                    Options.advise_random_on_open: 1
I200320 18:58:07.853108 42 storage/engine/rocksdb.go:120                     Options.db_write_buffer_size: 0
I200320 18:58:07.853130 42 storage/engine/rocksdb.go:120                     Options.write_buffer_manager: 0x7f4145e1f570
I200320 18:58:07.853170 42 storage/engine/rocksdb.go:120          Options.access_hint_on_compaction_start: 1
I200320 18:58:07.853188 42 storage/engine/rocksdb.go:120   Options.new_table_reader_for_compaction_inputs: 0
I200320 18:58:07.853206 42 storage/engine/rocksdb.go:120            Options.random_access_max_buffer_size: 1048576
I200320 18:58:07.853230 42 storage/engine/rocksdb.go:120                       Options.use_adaptive_mutex: 0
I200320 18:58:07.853252 42 storage/engine/rocksdb.go:120                             Options.rate_limiter: (nil)
I200320 18:58:07.853279 42 storage/engine/rocksdb.go:120      Options.sst_file_manager.rate_bytes_per_sec: 0
I200320 18:58:07.853364 42 storage/engine/rocksdb.go:120                        Options.wal_recovery_mode: 0
I200320 18:58:07.853388 42 storage/engine/rocksdb.go:120                   Options.enable_thread_tracking: 0
I200320 18:58:07.853405 42 storage/engine/rocksdb.go:120                   Options.enable_pipelined_write: 0
I200320 18:58:07.853423 42 storage/engine/rocksdb.go:120          Options.allow_concurrent_memtable_write: 1
I200320 18:58:07.853441 42 storage/engine/rocksdb.go:120       Options.enable_write_thread_adaptive_yield: 1
I200320 18:58:07.853458 42 storage/engine/rocksdb.go:120              Options.write_thread_max_yield_usec: 100
I200320 18:58:07.853476 42 storage/engine/rocksdb.go:120             Options.write_thread_slow_yield_usec: 3
I200320 18:58:07.853495 42 storage/engine/rocksdb.go:120                                Options.row_cache: None
I200320 18:58:07.853516 42 storage/engine/rocksdb.go:120                               Options.wal_filter: None
I200320 18:58:07.853533 42 storage/engine/rocksdb.go:120              Options.avoid_flush_during_recovery: 0
I200320 18:58:07.853551 42 storage/engine/rocksdb.go:120              Options.allow_ingest_behind: 0
I200320 18:58:07.853576 42 storage/engine/rocksdb.go:120              Options.preserve_deletes: 0
I200320 18:58:07.853597 42 storage/engine/rocksdb.go:120              Options.two_write_queues: 0
I200320 18:58:07.853620 42 storage/engine/rocksdb.go:120              Options.manual_wal_flush: 1
I200320 18:58:07.853643 42 storage/engine/rocksdb.go:120              Options.atomic_flush: 0
I200320 18:58:07.853670 42 storage/engine/rocksdb.go:120              Options.avoid_unnecessary_blocking_io: 0
I200320 18:58:07.853694 42 storage/engine/rocksdb.go:120              Options.max_background_jobs: 4
I200320 18:58:07.853718 42 storage/engine/rocksdb.go:120              Options.max_background_compactions: -1
I200320 18:58:07.853736 42 storage/engine/rocksdb.go:120              Options.avoid_flush_during_shutdown: 0
I200320 18:58:07.853757 42 storage/engine/rocksdb.go:120            Options.writable_file_max_buffer_size: 1048576
I200320 18:58:07.853776 42 storage/engine/rocksdb.go:120              Options.delayed_write_rate : 16777216
I200320 18:58:07.853799 42 storage/engine/rocksdb.go:120              Options.max_total_wal_size: 0
I200320 18:58:07.854561 42 storage/engine/rocksdb.go:120              Options.delete_obsolete_files_period_micros: 21600000000
I200320 18:58:07.854597 42 storage/engine/rocksdb.go:120                    Options.stats_dump_period_sec: 0
I200320 18:58:07.854710 42 storage/engine/rocksdb.go:120                  Options.stats_persist_period_sec: 600
I200320 18:58:07.854958 42 storage/engine/rocksdb.go:120                  Options.stats_history_buffer_size: 1048576
I200320 18:58:07.855002 42 storage/engine/rocksdb.go:120                           Options.max_open_files: 1043576
I200320 18:58:07.855089 42 storage/engine/rocksdb.go:120                           Options.bytes_per_sync: 524288
I200320 18:58:07.855230 42 storage/engine/rocksdb.go:120                       Options.wal_bytes_per_sync: 0
I200320 18:58:07.855257 42 storage/engine/rocksdb.go:120                    Options.strict_bytes_per_sync: 1
I200320 18:58:07.855277 42 storage/engine/rocksdb.go:120        Options.compaction_readahead_size: 0
I200320 18:58:07.855439 42 storage/engine/rocksdb.go:120  Compression algorithms supported:
I200320 18:58:07.855460 42 storage/engine/rocksdb.go:120  	kZSTDNotFinalCompression supported: 0
I200320 18:58:07.855496 42 storage/engine/rocksdb.go:120  	kZSTD supported: 0
I200320 18:58:07.855661 42 storage/engine/rocksdb.go:120  	kXpressCompression supported: 0
I200320 18:58:07.855817 42 storage/engine/rocksdb.go:120  	kLZ4HCCompression supported: 0
I200320 18:58:07.856056 42 storage/engine/rocksdb.go:120  	kLZ4Compression supported: 0
I200320 18:58:07.856085 42 storage/engine/rocksdb.go:120  	kBZip2Compression supported: 0
I200320 18:58:07.856246 42 storage/engine/rocksdb.go:120  	kZlibCompression supported: 0
I200320 18:58:07.856531 42 storage/engine/rocksdb.go:120  	kSnappyCompression supported: 1
I200320 18:58:07.856580 42 storage/engine/rocksdb.go:120  Fast CRC32 supported: Supported on x86
I200320 18:58:07.871058 42 storage/engine/rocksdb.go:120  [db/version_set.cc:4072] Recovering from manifest file: /cockroach/cockroach-data/MANIFEST-000005
I200320 18:58:07.873205 42 storage/engine/rocksdb.go:120  [db/column_family.cc:488] --------------- Options for column family [default]:
I200320 18:58:07.873228 42 storage/engine/rocksdb.go:120                Options.comparator: cockroach_comparator
I200320 18:58:07.873247 42 storage/engine/rocksdb.go:120            Options.merge_operator: cockroach_merge_operator
I200320 18:58:07.873266 42 storage/engine/rocksdb.go:120         Options.compaction_filter: None
I200320 18:58:07.873283 42 storage/engine/rocksdb.go:120         Options.compaction_filter_factory: None
I200320 18:58:07.873301 42 storage/engine/rocksdb.go:120          Options.memtable_factory: SkipListFactory
I200320 18:58:07.873319 42 storage/engine/rocksdb.go:120             Options.table_factory: BlockBasedTable
I200320 18:58:07.873413 42 storage/engine/rocksdb.go:120             table_factory options:   flush_block_policy_factory: FlushBlockBySizePolicyFactory (0x7f4145e2d090)
  cache_index_and_filter_blocks: 0
  cache_index_and_filter_blocks_with_high_priority: 0
  pin_l0_filter_and_index_blocks_in_cache: 0
  pin_top_level_index_and_filter: 1
  index_type: 0
  data_block_index_type: 0
  index_shortening: 1
  data_block_hash_table_util_ratio: 0.750000
  hash_index_allow_collision: 1
  checksum: 1
  no_block_cache: 0
  block_cache: 0x7f4145eb9210
  block_cache_name: LRUCache
  block_cache_options:
    capacity : 67108864
    num_shard_bits : 4
    strict_capacity_limit : 0
    memory_allocator : None
    high_pri_pool_ratio: 0.000
  block_cache_compressed: (nil)
  persistent_cache: (nil)
  block_size: 32768
  block_size_deviation: 10
  block_restart_interval: 16
  index_block_restart_interval: 1
  metadata_block_size: 4096
  partition_filters: 0
  use_delta_encoding: 1
  filter_policy: rocksdb.BuiltinBloomFilter
  whole_key_filtering: 0
  verify_compression: 0
  read_amp_bytes_per_bit: 0
  format_version: 2
  enable_index_compression: 1
  block_align: 0
I200320 18:58:07.873434 42 storage/engine/rocksdb.go:120         Options.write_buffer_size: 67108864
I200320 18:58:07.873453 42 storage/engine/rocksdb.go:120   Options.max_write_buffer_number: 4
I200320 18:58:07.873472 42 storage/engine/rocksdb.go:120           Options.compression: Snappy
I200320 18:58:07.873490 42 storage/engine/rocksdb.go:120                   Options.bottommost_compression: Disabled
I200320 18:58:07.873508 42 storage/engine/rocksdb.go:120        Options.prefix_extractor: cockroach_prefix_extractor
I200320 18:58:07.873525 42 storage/engine/rocksdb.go:120    Options.memtable_insert_with_hint_prefix_extractor: nullptr
I200320 18:58:07.873542 42 storage/engine/rocksdb.go:120              Options.num_levels: 7
I200320 18:58:07.873560 42 storage/engine/rocksdb.go:120         Options.min_write_buffer_number_to_merge: 1
I200320 18:58:07.873577 42 storage/engine/rocksdb.go:120      Options.max_write_buffer_number_to_maintain: 0
I200320 18:58:07.873595 42 storage/engine/rocksdb.go:120             Options.bottommost_compression_opts.window_bits: -14
I200320 18:58:07.873612 42 storage/engine/rocksdb.go:120                   Options.bottommost_compression_opts.level: 32767
I200320 18:58:07.873629 42 storage/engine/rocksdb.go:120                Options.bottommost_compression_opts.strategy: 0
I200320 18:58:07.873647 42 storage/engine/rocksdb.go:120          Options.bottommost_compression_opts.max_dict_bytes: 0
I200320 18:58:07.873664 42 storage/engine/rocksdb.go:120          Options.bottommost_compression_opts.zstd_max_train_bytes: 0
I200320 18:58:07.873681 42 storage/engine/rocksdb.go:120                   Options.bottommost_compression_opts.enabled: false
I200320 18:58:07.873699 42 storage/engine/rocksdb.go:120             Options.compression_opts.window_bits: -14
I200320 18:58:07.873716 42 storage/engine/rocksdb.go:120                   Options.compression_opts.level: 32767
I200320 18:58:07.873739 42 storage/engine/rocksdb.go:120                Options.compression_opts.strategy: 0
I200320 18:58:07.873756 42 storage/engine/rocksdb.go:120          Options.compression_opts.max_dict_bytes: 0
I200320 18:58:07.873774 42 storage/engine/rocksdb.go:120          Options.compression_opts.zstd_max_train_bytes: 0
I200320 18:58:07.873791 42 storage/engine/rocksdb.go:120                   Options.compression_opts.enabled: false
I200320 18:58:07.873809 42 storage/engine/rocksdb.go:120       Options.level0_file_num_compaction_trigger: 2
I200320 18:58:07.873826 42 storage/engine/rocksdb.go:120           Options.level0_slowdown_writes_trigger: 950
I200320 18:58:07.873843 42 storage/engine/rocksdb.go:120               Options.level0_stop_writes_trigger: 1000
I200320 18:58:07.873861 42 storage/engine/rocksdb.go:120                    Options.target_file_size_base: 4194304
I200320 18:58:07.873878 42 storage/engine/rocksdb.go:120              Options.target_file_size_multiplier: 2
I200320 18:58:07.873895 42 storage/engine/rocksdb.go:120                 Options.max_bytes_for_level_base: 67108864
I200320 18:58:07.873913 42 storage/engine/rocksdb.go:120  Options.level_compaction_dynamic_level_bytes: 1
I200320 18:58:07.873931 42 storage/engine/rocksdb.go:120           Options.max_bytes_for_level_multiplier: 10.000000
I200320 18:58:07.873949 42 storage/engine/rocksdb.go:120  Options.max_bytes_for_level_multiplier_addtl[0]: 1
I200320 18:58:07.873966 42 storage/engine/rocksdb.go:120  Options.max_bytes_for_level_multiplier_addtl[1]: 1
I200320 18:58:07.873984 42 storage/engine/rocksdb.go:120  Options.max_bytes_for_level_multiplier_addtl[2]: 1
I200320 18:58:07.874001 42 storage/engine/rocksdb.go:120  Options.max_bytes_for_level_multiplier_addtl[3]: 1
I200320 18:58:07.874019 42 storage/engine/rocksdb.go:120  Options.max_bytes_for_level_multiplier_addtl[4]: 1
I200320 18:58:07.874036 42 storage/engine/rocksdb.go:120  Options.max_bytes_for_level_multiplier_addtl[5]: 1
I200320 18:58:07.874054 42 storage/engine/rocksdb.go:120  Options.max_bytes_for_level_multiplier_addtl[6]: 1
I200320 18:58:07.874071 42 storage/engine/rocksdb.go:120        Options.max_sequential_skip_in_iterations: 8
I200320 18:58:07.874089 42 storage/engine/rocksdb.go:120                     Options.max_compaction_bytes: 104857600
I200320 18:58:07.874106 42 storage/engine/rocksdb.go:120                         Options.arena_block_size: 8388608
I200320 18:58:07.874124 42 storage/engine/rocksdb.go:120    Options.soft_pending_compaction_bytes_limit: 2199023255552
I200320 18:58:07.874141 42 storage/engine/rocksdb.go:120    Options.hard_pending_compaction_bytes_limit: 4400193994752
I200320 18:58:07.874158 42 storage/engine/rocksdb.go:120        Options.rate_limit_delay_max_milliseconds: 100
I200320 18:58:07.874176 42 storage/engine/rocksdb.go:120                 Options.disable_auto_compactions: 0
I200320 18:58:07.874194 42 storage/engine/rocksdb.go:120                         Options.compaction_style: kCompactionStyleLevel
I200320 18:58:07.874212 42 storage/engine/rocksdb.go:120                           Options.compaction_pri: kMinOverlappingRatio
I200320 18:58:07.874230 42 storage/engine/rocksdb.go:120  Options.compaction_options_universal.size_ratio: 1
I200320 18:58:07.874248 42 storage/engine/rocksdb.go:120  Options.compaction_options_universal.min_merge_width: 2
I200320 18:58:07.874265 42 storage/engine/rocksdb.go:120  Options.compaction_options_universal.max_merge_width: 4294967295
I200320 18:58:07.874283 42 storage/engine/rocksdb.go:120  Options.compaction_options_universal.max_size_amplification_percent: 200
I200320 18:58:07.874300 42 storage/engine/rocksdb.go:120  Options.compaction_options_universal.compression_size_percent: -1
I200320 18:58:07.874318 42 storage/engine/rocksdb.go:120  Options.compaction_options_universal.stop_style: kCompactionStopStyleTotalSize
I200320 18:58:07.874336 42 storage/engine/rocksdb.go:120  Options.compaction_options_fifo.max_table_files_size: 1073741824
I200320 18:58:07.874353 42 storage/engine/rocksdb.go:120  Options.compaction_options_fifo.allow_compaction: 0
I200320 18:58:07.874376 42 storage/engine/rocksdb.go:120                    Options.table_properties_collectors: TimeBoundTblPropCollectorFactory; DeleteRangeTblPropCollectorFactory; 
I200320 18:58:07.874394 42 storage/engine/rocksdb.go:120                    Options.inplace_update_support: 0
I200320 18:58:07.874412 42 storage/engine/rocksdb.go:120                  Options.inplace_update_num_locks: 10000
I200320 18:58:07.874430 42 storage/engine/rocksdb.go:120                Options.memtable_prefix_bloom_size_ratio: 0.000000
I200320 18:58:07.874447 42 storage/engine/rocksdb.go:120                Options.memtable_whole_key_filtering: 0
I200320 18:58:07.874465 42 storage/engine/rocksdb.go:120    Options.memtable_huge_page_size: 0
I200320 18:58:07.874483 42 storage/engine/rocksdb.go:120                            Options.bloom_locality: 0
I200320 18:58:07.874556 42 storage/engine/rocksdb.go:120                     Options.max_successive_merges: 0
I200320 18:58:07.874573 42 storage/engine/rocksdb.go:120                 Options.optimize_filters_for_hits: 1
I200320 18:58:07.874590 42 storage/engine/rocksdb.go:120                 Options.paranoid_file_checks: 0
I200320 18:58:07.874608 42 storage/engine/rocksdb.go:120                 Options.force_consistency_checks: 0
I200320 18:58:07.874625 42 storage/engine/rocksdb.go:120                 Options.report_bg_io_stats: 0
I200320 18:58:07.874642 42 storage/engine/rocksdb.go:120                                Options.ttl: 0
I200320 18:58:07.874660 42 storage/engine/rocksdb.go:120           Options.periodic_compaction_seconds: 0
I200320 18:58:07.877940 42 storage/engine/rocksdb.go:120  [db/version_set.cc:4286] Recovered from manifest file:/cockroach/cockroach-data/MANIFEST-000005 succeeded,manifest_file_number is 5, next_file_number is 7, last_sequence is 0, log_number is 4,prev_log_number is 0,max_column_family is 0,min_log_number_to_keep is 0
I200320 18:58:07.877963 42 storage/engine/rocksdb.go:120  [db/version_set.cc:4295] Column family [default] (ID 0), log number is 4
I200320 18:58:07.882654 42 storage/engine/rocksdb.go:120  EVENT_LOG_v1 {"time_micros": 1584730687882606, "job": 1, "event": "recovery_started", "log_files": [6]}
I200320 18:58:07.882680 42 storage/engine/rocksdb.go:120  [db/db_impl_open.cc:598] Recovering log #6 mode 0
I200320 18:58:07.886118 42 storage/engine/rocksdb.go:120  [db/version_set.cc:3560] Creating manifest 8
I200320 18:58:07.892761 42 storage/engine/rocksdb.go:120  EVENT_LOG_v1 {"time_micros": 1584730687892726, "job": 1, "event": "recovery_finished"}
I200320 18:58:07.920149 42 storage/engine/rocksdb.go:120  DB pointer 0x7f4145f35000
