I200320 19:28:50.642357 10 util/log/clog.go:1196  [config] file created at: 2020/03/20 19:28:50
I200320 19:28:50.642357 10 util/log/clog.go:1196  [config] running on machine: db9313ae3e97
I200320 19:28:50.642357 10 util/log/clog.go:1196  [config] binary: CockroachDB CCL v19.2.4 (x86_64-unknown-linux-gnu, built 2020/02/06 21:55:19, go1.12.12)
I200320 19:28:50.642357 10 util/log/clog.go:1196  [config] arguments: [/cockroach/cockroach start --insecure --join=node_1]
I200320 19:28:50.642357 10 util/log/clog.go:1196  line format: [IWEF]yymmdd hh:mm:ss.uuuuuu goid file:line msg utf8=✓
I200320 19:28:50.642343 10 storage/engine/rocksdb.go:120  RocksDB version: 6.2.1
I200320 19:28:50.647205 10 storage/engine/rocksdb.go:120  Git sha rocksdb_build_git_sha:@b7009236531fa784872f4823eabf393501e41bf2@
I200320 19:28:50.682443 10 storage/engine/rocksdb.go:120  Compile date Feb  6 2020
I200320 19:28:50.682481 10 storage/engine/rocksdb.go:120  DB SUMMARY
I200320 19:28:50.685244 10 storage/engine/rocksdb.go:120  SST files in /cockroach/cockroach-data/cockroach-temp542737560 dir, Total Num: 0, files: 
I200320 19:28:50.685334 10 storage/engine/rocksdb.go:120  Write Ahead Log file in /cockroach/cockroach-data/cockroach-temp542737560: 
I200320 19:28:50.685354 10 storage/engine/rocksdb.go:120                          Options.error_if_exists: 0
I200320 19:28:50.685372 10 storage/engine/rocksdb.go:120                        Options.create_if_missing: 1
I200320 19:28:50.685472 10 storage/engine/rocksdb.go:120                          Options.paranoid_checks: 1
I200320 19:28:50.685495 10 storage/engine/rocksdb.go:120                                      Options.env: 0x756aca0
I200320 19:28:50.685519 10 storage/engine/rocksdb.go:120                                 Options.info_log: 0x7f0c2f40d160
I200320 19:28:50.685537 10 storage/engine/rocksdb.go:120                 Options.max_file_opening_threads: 16
I200320 19:28:50.685559 10 storage/engine/rocksdb.go:120                               Options.statistics: 0x7f0c2f434010
I200320 19:28:50.685576 10 storage/engine/rocksdb.go:120                                Options.use_fsync: 0
I200320 19:28:50.685593 10 storage/engine/rocksdb.go:120                        Options.max_log_file_size: 0
I200320 19:28:50.685607 10 storage/engine/rocksdb.go:120                   Options.max_manifest_file_size: 134217728
I200320 19:28:50.685625 10 storage/engine/rocksdb.go:120                    Options.log_file_time_to_roll: 0
I200320 19:28:50.685704 10 storage/engine/rocksdb.go:120                        Options.keep_log_file_num: 1000
I200320 19:28:50.685723 10 storage/engine/rocksdb.go:120                     Options.recycle_log_file_num: 1
I200320 19:28:50.685736 10 storage/engine/rocksdb.go:120                          Options.allow_fallocate: 1
I200320 19:28:50.685753 10 storage/engine/rocksdb.go:120                         Options.allow_mmap_reads: 0
I200320 19:28:50.685832 10 storage/engine/rocksdb.go:120                        Options.allow_mmap_writes: 0
I200320 19:28:50.685851 10 storage/engine/rocksdb.go:120                         Options.use_direct_reads: 0
I200320 19:28:50.685869 10 storage/engine/rocksdb.go:120                         Options.use_direct_io_for_flush_and_compaction: 0
I200320 19:28:50.685887 10 storage/engine/rocksdb.go:120           Options.create_missing_column_families: 0
I200320 19:28:50.685912 10 storage/engine/rocksdb.go:120                               Options.db_log_dir: 
I200320 19:28:50.685938 10 storage/engine/rocksdb.go:120                                  Options.wal_dir: /cockroach/cockroach-data/cockroach-temp542737560
I200320 19:28:50.685956 10 storage/engine/rocksdb.go:120                 Options.table_cache_numshardbits: 6
I200320 19:28:50.685973 10 storage/engine/rocksdb.go:120                       Options.max_subcompactions: 1
I200320 19:28:50.686040 10 storage/engine/rocksdb.go:120                   Options.max_background_flushes: -1
I200320 19:28:50.686061 10 storage/engine/rocksdb.go:120                          Options.WAL_ttl_seconds: 0
I200320 19:28:50.686083 10 storage/engine/rocksdb.go:120                        Options.WAL_size_limit_MB: 0
I200320 19:28:50.686103 10 storage/engine/rocksdb.go:120              Options.manifest_preallocation_size: 4194304
I200320 19:28:50.686121 10 storage/engine/rocksdb.go:120                      Options.is_fd_close_on_exec: 1
I200320 19:28:50.686138 10 storage/engine/rocksdb.go:120                    Options.advise_random_on_open: 1
I200320 19:28:50.686155 10 storage/engine/rocksdb.go:120                     Options.db_write_buffer_size: 0
I200320 19:28:50.686172 10 storage/engine/rocksdb.go:120                     Options.write_buffer_manager: 0x7f0c2f41f060
I200320 19:28:50.686189 10 storage/engine/rocksdb.go:120          Options.access_hint_on_compaction_start: 1
I200320 19:28:50.686222 10 storage/engine/rocksdb.go:120   Options.new_table_reader_for_compaction_inputs: 0
I200320 19:28:50.686271 10 storage/engine/rocksdb.go:120            Options.random_access_max_buffer_size: 1048576
I200320 19:28:50.686289 10 storage/engine/rocksdb.go:120                       Options.use_adaptive_mutex: 0
I200320 19:28:50.686307 10 storage/engine/rocksdb.go:120                             Options.rate_limiter: (nil)
I200320 19:28:50.686324 10 storage/engine/rocksdb.go:120      Options.sst_file_manager.rate_bytes_per_sec: 0
I200320 19:28:50.686340 10 storage/engine/rocksdb.go:120                        Options.wal_recovery_mode: 0
I200320 19:28:50.686370 10 storage/engine/rocksdb.go:120                   Options.enable_thread_tracking: 0
I200320 19:28:50.686388 10 storage/engine/rocksdb.go:120                   Options.enable_pipelined_write: 0
I200320 19:28:50.686428 10 storage/engine/rocksdb.go:120          Options.allow_concurrent_memtable_write: 1
I200320 19:28:50.686445 10 storage/engine/rocksdb.go:120       Options.enable_write_thread_adaptive_yield: 1
I200320 19:28:50.686462 10 storage/engine/rocksdb.go:120              Options.write_thread_max_yield_usec: 100
I200320 19:28:50.686486 10 storage/engine/rocksdb.go:120             Options.write_thread_slow_yield_usec: 3
I200320 19:28:50.686502 10 storage/engine/rocksdb.go:120                                Options.row_cache: None
I200320 19:28:50.686539 10 storage/engine/rocksdb.go:120                               Options.wal_filter: None
I200320 19:28:50.686586 10 storage/engine/rocksdb.go:120              Options.avoid_flush_during_recovery: 0
I200320 19:28:50.686605 10 storage/engine/rocksdb.go:120              Options.allow_ingest_behind: 0
I200320 19:28:50.686622 10 storage/engine/rocksdb.go:120              Options.preserve_deletes: 0
I200320 19:28:50.686642 10 storage/engine/rocksdb.go:120              Options.two_write_queues: 0
I200320 19:28:50.686658 10 storage/engine/rocksdb.go:120              Options.manual_wal_flush: 1
I200320 19:28:50.686682 10 storage/engine/rocksdb.go:120              Options.atomic_flush: 0
I200320 19:28:50.686721 10 storage/engine/rocksdb.go:120              Options.avoid_unnecessary_blocking_io: 0
I200320 19:28:50.686754 10 storage/engine/rocksdb.go:120              Options.max_background_jobs: 4
I200320 19:28:50.686771 10 storage/engine/rocksdb.go:120              Options.max_background_compactions: -1
I200320 19:28:50.686789 10 storage/engine/rocksdb.go:120              Options.avoid_flush_during_shutdown: 0
I200320 19:28:50.686808 10 storage/engine/rocksdb.go:120            Options.writable_file_max_buffer_size: 1048576
I200320 19:28:50.686822 10 storage/engine/rocksdb.go:120              Options.delayed_write_rate : 16777216
I200320 19:28:50.686834 10 storage/engine/rocksdb.go:120              Options.max_total_wal_size: 0
I200320 19:28:50.686882 10 storage/engine/rocksdb.go:120              Options.delete_obsolete_files_period_micros: 21600000000
I200320 19:28:50.686909 10 storage/engine/rocksdb.go:120                    Options.stats_dump_period_sec: 0
I200320 19:28:50.686927 10 storage/engine/rocksdb.go:120                  Options.stats_persist_period_sec: 600
I200320 19:28:50.686945 10 storage/engine/rocksdb.go:120                  Options.stats_history_buffer_size: 1048576
I200320 19:28:50.686990 10 storage/engine/rocksdb.go:120                           Options.max_open_files: 128
I200320 19:28:50.687183 10 storage/engine/rocksdb.go:120                           Options.bytes_per_sync: 524288
I200320 19:28:50.687205 10 storage/engine/rocksdb.go:120                       Options.wal_bytes_per_sync: 0
I200320 19:28:50.687223 10 storage/engine/rocksdb.go:120                    Options.strict_bytes_per_sync: 1
I200320 19:28:50.687240 10 storage/engine/rocksdb.go:120        Options.compaction_readahead_size: 0
I200320 19:28:50.687258 10 storage/engine/rocksdb.go:120  Compression algorithms supported:
I200320 19:28:50.687281 10 storage/engine/rocksdb.go:120  	kZSTDNotFinalCompression supported: 0
I200320 19:28:50.687299 10 storage/engine/rocksdb.go:120  	kZSTD supported: 0
I200320 19:28:50.687316 10 storage/engine/rocksdb.go:120  	kXpressCompression supported: 0
I200320 19:28:50.687334 10 storage/engine/rocksdb.go:120  	kLZ4HCCompression supported: 0
I200320 19:28:50.687352 10 storage/engine/rocksdb.go:120  	kLZ4Compression supported: 0
I200320 19:28:50.687369 10 storage/engine/rocksdb.go:120  	kBZip2Compression supported: 0
I200320 19:28:50.687387 10 storage/engine/rocksdb.go:120  	kZlibCompression supported: 0
I200320 19:28:50.687404 10 storage/engine/rocksdb.go:120  	kSnappyCompression supported: 1
I200320 19:28:50.687430 10 storage/engine/rocksdb.go:120  Fast CRC32 supported: Supported on x86
I200320 19:28:50.692539 10 storage/engine/rocksdb.go:120  [db/db_impl_open.cc:242] Creating manifest 1 
I200320 19:28:50.722559 10 storage/engine/rocksdb.go:120  [db/version_set.cc:4072] Recovering from manifest file: /cockroach/cockroach-data/cockroach-temp542737560/MANIFEST-000001
I200320 19:28:50.730410 10 storage/engine/rocksdb.go:120  [db/column_family.cc:488] --------------- Options for column family [default]:
I200320 19:28:50.730503 10 storage/engine/rocksdb.go:120                Options.comparator: cockroach_comparator
I200320 19:28:50.730523 10 storage/engine/rocksdb.go:120            Options.merge_operator: cockroach_merge_operator
I200320 19:28:50.730853 10 storage/engine/rocksdb.go:120         Options.compaction_filter: None
I200320 19:28:50.731299 10 storage/engine/rocksdb.go:120         Options.compaction_filter_factory: None
I200320 19:28:50.731341 10 storage/engine/rocksdb.go:120          Options.memtable_factory: SkipListFactory
I200320 19:28:50.731496 10 storage/engine/rocksdb.go:120             Options.table_factory: BlockBasedTable
I200320 19:28:50.731834 10 storage/engine/rocksdb.go:120             table_factory options:   flush_block_policy_factory: FlushBlockBySizePolicyFactory (0x7f0c2f42d030)
  cache_index_and_filter_blocks: 0
  cache_index_and_filter_blocks_with_high_priority: 0
  pin_l0_filter_and_index_blocks_in_cache: 0
  pin_top_level_index_and_filter: 1
  index_type: 0
  data_block_index_type: 0
  index_shortening: 1
  data_block_hash_table_util_ratio: 0.750000
  hash_index_allow_collision: 1
  checksum: 1
  no_block_cache: 0
  block_cache: 0x7f0c2f422010
  block_cache_name: LRUCache
  block_cache_options:
    capacity : 1048576
    num_shard_bits : 4
    strict_capacity_limit : 0
    memory_allocator : None
    high_pri_pool_ratio: 0.000
  block_cache_compressed: (nil)
  persistent_cache: (nil)
  block_size: 32768
  block_size_deviation: 10
  block_restart_interval: 16
  index_block_restart_interval: 1
  metadata_block_size: 4096
  partition_filters: 0
  use_delta_encoding: 1
  filter_policy: rocksdb.BuiltinBloomFilter
  whole_key_filtering: 0
  verify_compression: 0
  read_amp_bytes_per_bit: 0
  format_version: 2
  enable_index_compression: 1
  block_align: 0
I200320 19:28:50.732345 10 storage/engine/rocksdb.go:120         Options.write_buffer_size: 67108864
I200320 19:28:50.732394 10 storage/engine/rocksdb.go:120   Options.max_write_buffer_number: 4
I200320 19:28:50.732455 10 storage/engine/rocksdb.go:120           Options.compression: Snappy
I200320 19:28:50.732503 10 storage/engine/rocksdb.go:120                   Options.bottommost_compression: Disabled
I200320 19:28:50.732598 10 storage/engine/rocksdb.go:120        Options.prefix_extractor: cockroach_prefix_extractor
I200320 19:28:50.732729 10 storage/engine/rocksdb.go:120    Options.memtable_insert_with_hint_prefix_extractor: nullptr
I200320 19:28:50.732751 10 storage/engine/rocksdb.go:120              Options.num_levels: 7
I200320 19:28:50.732766 10 storage/engine/rocksdb.go:120         Options.min_write_buffer_number_to_merge: 1
I200320 19:28:50.733320 10 storage/engine/rocksdb.go:120      Options.max_write_buffer_number_to_maintain: 0
I200320 19:28:50.733357 10 storage/engine/rocksdb.go:120             Options.bottommost_compression_opts.window_bits: -14
I200320 19:28:50.734562 10 storage/engine/rocksdb.go:120                   Options.bottommost_compression_opts.level: 32767
I200320 19:28:50.734796 10 storage/engine/rocksdb.go:120                Options.bottommost_compression_opts.strategy: 0
I200320 19:28:50.734816 10 storage/engine/rocksdb.go:120          Options.bottommost_compression_opts.max_dict_bytes: 0
I200320 19:28:50.734945 10 storage/engine/rocksdb.go:120          Options.bottommost_compression_opts.zstd_max_train_bytes: 0
I200320 19:28:50.734968 10 storage/engine/rocksdb.go:120                   Options.bottommost_compression_opts.enabled: false
I200320 19:28:50.735095 10 storage/engine/rocksdb.go:120             Options.compression_opts.window_bits: -14
I200320 19:28:50.735132 10 storage/engine/rocksdb.go:120                   Options.compression_opts.level: 32767
I200320 19:28:50.735155 10 storage/engine/rocksdb.go:120                Options.compression_opts.strategy: 0
I200320 19:28:50.735183 10 storage/engine/rocksdb.go:120          Options.compression_opts.max_dict_bytes: 0
I200320 19:28:50.735203 10 storage/engine/rocksdb.go:120          Options.compression_opts.zstd_max_train_bytes: 0
I200320 19:28:50.735224 10 storage/engine/rocksdb.go:120                   Options.compression_opts.enabled: false
I200320 19:28:50.735335 10 storage/engine/rocksdb.go:120       Options.level0_file_num_compaction_trigger: 2
I200320 19:28:50.735357 10 storage/engine/rocksdb.go:120           Options.level0_slowdown_writes_trigger: 950
I200320 19:28:50.735377 10 storage/engine/rocksdb.go:120               Options.level0_stop_writes_trigger: 1000
I200320 19:28:50.735400 10 storage/engine/rocksdb.go:120                    Options.target_file_size_base: 4194304
I200320 19:28:50.735505 10 storage/engine/rocksdb.go:120              Options.target_file_size_multiplier: 2
I200320 19:28:50.735528 10 storage/engine/rocksdb.go:120                 Options.max_bytes_for_level_base: 67108864
I200320 19:28:50.735600 10 storage/engine/rocksdb.go:120  Options.level_compaction_dynamic_level_bytes: 1
I200320 19:28:50.735633 10 storage/engine/rocksdb.go:120           Options.max_bytes_for_level_multiplier: 10.000000
I200320 19:28:50.735722 10 storage/engine/rocksdb.go:120  Options.max_bytes_for_level_multiplier_addtl[0]: 1
I200320 19:28:50.735851 10 storage/engine/rocksdb.go:120  Options.max_bytes_for_level_multiplier_addtl[1]: 1
I200320 19:28:50.735878 10 storage/engine/rocksdb.go:120  Options.max_bytes_for_level_multiplier_addtl[2]: 1
I200320 19:28:50.735915 10 storage/engine/rocksdb.go:120  Options.max_bytes_for_level_multiplier_addtl[3]: 1
I200320 19:28:50.735943 10 storage/engine/rocksdb.go:120  Options.max_bytes_for_level_multiplier_addtl[4]: 1
I200320 19:28:50.735961 10 storage/engine/rocksdb.go:120  Options.max_bytes_for_level_multiplier_addtl[5]: 1
I200320 19:28:50.736305 10 storage/engine/rocksdb.go:120  Options.max_bytes_for_level_multiplier_addtl[6]: 1
I200320 19:28:50.736358 10 storage/engine/rocksdb.go:120        Options.max_sequential_skip_in_iterations: 8
I200320 19:28:50.736431 10 storage/engine/rocksdb.go:120                     Options.max_compaction_bytes: 104857600
I200320 19:28:50.736450 10 storage/engine/rocksdb.go:120                         Options.arena_block_size: 8388608
I200320 19:28:50.736467 10 storage/engine/rocksdb.go:120    Options.soft_pending_compaction_bytes_limit: 2199023255552
I200320 19:28:50.736514 10 storage/engine/rocksdb.go:120    Options.hard_pending_compaction_bytes_limit: 4400193994752
I200320 19:28:50.736604 10 storage/engine/rocksdb.go:120        Options.rate_limit_delay_max_milliseconds: 100
I200320 19:28:50.736622 10 storage/engine/rocksdb.go:120                 Options.disable_auto_compactions: 0
I200320 19:28:50.736643 10 storage/engine/rocksdb.go:120                         Options.compaction_style: kCompactionStyleLevel
I200320 19:28:50.736721 10 storage/engine/rocksdb.go:120                           Options.compaction_pri: kMinOverlappingRatio
I200320 19:28:50.736743 10 storage/engine/rocksdb.go:120  Options.compaction_options_universal.size_ratio: 1
I200320 19:28:50.736765 10 storage/engine/rocksdb.go:120  Options.compaction_options_universal.min_merge_width: 2
I200320 19:28:50.736783 10 storage/engine/rocksdb.go:120  Options.compaction_options_universal.max_merge_width: 4294967295
I200320 19:28:50.736913 10 storage/engine/rocksdb.go:120  Options.compaction_options_universal.max_size_amplification_percent: 200
I200320 19:28:50.736932 10 storage/engine/rocksdb.go:120  Options.compaction_options_universal.compression_size_percent: -1
I200320 19:28:50.737345 10 storage/engine/rocksdb.go:120  Options.compaction_options_universal.stop_style: kCompactionStopStyleTotalSize
I200320 19:28:50.737398 10 storage/engine/rocksdb.go:120  Options.compaction_options_fifo.max_table_files_size: 1073741824
I200320 19:28:50.737501 10 storage/engine/rocksdb.go:120  Options.compaction_options_fifo.allow_compaction: 0
I200320 19:28:50.737525 10 storage/engine/rocksdb.go:120                    Options.table_properties_collectors: TimeBoundTblPropCollectorFactory; DeleteRangeTblPropCollectorFactory; 
I200320 19:28:50.737547 10 storage/engine/rocksdb.go:120                    Options.inplace_update_support: 0
I200320 19:28:50.737859 10 storage/engine/rocksdb.go:120                  Options.inplace_update_num_locks: 10000
I200320 19:28:50.737880 10 storage/engine/rocksdb.go:120                Options.memtable_prefix_bloom_size_ratio: 0.000000
I200320 19:28:50.737895 10 storage/engine/rocksdb.go:120                Options.memtable_whole_key_filtering: 0
I200320 19:28:50.737914 10 storage/engine/rocksdb.go:120    Options.memtable_huge_page_size: 0
I200320 19:28:50.738080 10 storage/engine/rocksdb.go:120                            Options.bloom_locality: 0
I200320 19:28:50.738194 10 storage/engine/rocksdb.go:120                     Options.max_successive_merges: 0
I200320 19:28:50.738215 10 storage/engine/rocksdb.go:120                 Options.optimize_filters_for_hits: 1
I200320 19:28:50.738303 10 storage/engine/rocksdb.go:120                 Options.paranoid_file_checks: 0
I200320 19:28:50.738321 10 storage/engine/rocksdb.go:120                 Options.force_consistency_checks: 0
I200320 19:28:50.738334 10 storage/engine/rocksdb.go:120                 Options.report_bg_io_stats: 0
I200320 19:28:50.738856 10 storage/engine/rocksdb.go:120                                Options.ttl: 0
I200320 19:28:50.739098 10 storage/engine/rocksdb.go:120           Options.periodic_compaction_seconds: 0
I200320 19:28:50.749913 10 storage/engine/rocksdb.go:120  [db/version_set.cc:4286] Recovered from manifest file:/cockroach/cockroach-data/cockroach-temp542737560/MANIFEST-000001 succeeded,manifest_file_number is 1, next_file_number is 3, last_sequence is 0, log_number is 0,prev_log_number is 0,max_column_family is 0,min_log_number_to_keep is 0
I200320 19:28:50.749937 10 storage/engine/rocksdb.go:120  [db/version_set.cc:4295] Column family [default] (ID 0), log number is 0
I200320 19:28:50.782774 10 storage/engine/rocksdb.go:120  DB pointer 0x7f0c2f4a1000
I200320 19:28:50.831601 10 storage/engine/rocksdb.go:120  RocksDB version: 6.2.1
I200320 19:28:50.831627 10 storage/engine/rocksdb.go:120  Git sha rocksdb_build_git_sha:@b7009236531fa784872f4823eabf393501e41bf2@
I200320 19:28:50.831653 10 storage/engine/rocksdb.go:120  Compile date Feb  6 2020
I200320 19:28:50.831677 10 storage/engine/rocksdb.go:120  DB SUMMARY
I200320 19:28:50.837562 10 storage/engine/rocksdb.go:120  CURRENT file:  CURRENT
I200320 19:28:50.837615 10 storage/engine/rocksdb.go:120  IDENTITY file:  IDENTITY
I200320 19:28:50.839093 10 storage/engine/rocksdb.go:120  MANIFEST file:  MANIFEST-000032 size: 53 Bytes
I200320 19:28:50.839153 10 storage/engine/rocksdb.go:120  SST files in /cockroach/cockroach-data dir, Total Num: 0, files: 
I200320 19:28:50.839177 10 storage/engine/rocksdb.go:120  Write Ahead Log file in /cockroach/cockroach-data: 000033.log size: 200 ; 
I200320 19:28:50.839196 10 storage/engine/rocksdb.go:120                          Options.error_if_exists: 0
I200320 19:28:50.839249 10 storage/engine/rocksdb.go:120                        Options.create_if_missing: 1
I200320 19:28:50.839320 10 storage/engine/rocksdb.go:120                          Options.paranoid_checks: 1
I200320 19:28:50.839347 10 storage/engine/rocksdb.go:120                                      Options.env: 0x756aca0
I200320 19:28:50.839397 10 storage/engine/rocksdb.go:120                                 Options.info_log: 0x7f0c28819080
I200320 19:28:50.839464 10 storage/engine/rocksdb.go:120                 Options.max_file_opening_threads: 16
I200320 19:28:50.839482 10 storage/engine/rocksdb.go:120                               Options.statistics: 0x7f0c2881f010
I200320 19:28:50.839497 10 storage/engine/rocksdb.go:120                                Options.use_fsync: 0
I200320 19:28:50.839529 10 storage/engine/rocksdb.go:120                        Options.max_log_file_size: 0
I200320 19:28:50.839546 10 storage/engine/rocksdb.go:120                   Options.max_manifest_file_size: 134217728
I200320 19:28:50.839560 10 storage/engine/rocksdb.go:120                    Options.log_file_time_to_roll: 0
I200320 19:28:50.839589 10 storage/engine/rocksdb.go:120                        Options.keep_log_file_num: 1000
I200320 19:28:50.839606 10 storage/engine/rocksdb.go:120                     Options.recycle_log_file_num: 1
I200320 19:28:50.839620 10 storage/engine/rocksdb.go:120                          Options.allow_fallocate: 1
I200320 19:28:50.839650 10 storage/engine/rocksdb.go:120                         Options.allow_mmap_reads: 0
I200320 19:28:50.839668 10 storage/engine/rocksdb.go:120                        Options.allow_mmap_writes: 0
I200320 19:28:50.839685 10 storage/engine/rocksdb.go:120                         Options.use_direct_reads: 0
I200320 19:28:50.839715 10 storage/engine/rocksdb.go:120                         Options.use_direct_io_for_flush_and_compaction: 0
I200320 19:28:50.839729 10 storage/engine/rocksdb.go:120           Options.create_missing_column_families: 0
I200320 19:28:50.839743 10 storage/engine/rocksdb.go:120                               Options.db_log_dir: 
I200320 19:28:50.839773 10 storage/engine/rocksdb.go:120                                  Options.wal_dir: /cockroach/cockroach-data
I200320 19:28:50.839790 10 storage/engine/rocksdb.go:120                 Options.table_cache_numshardbits: 6
I200320 19:28:50.839804 10 storage/engine/rocksdb.go:120                       Options.max_subcompactions: 1
I200320 19:28:50.839834 10 storage/engine/rocksdb.go:120                   Options.max_background_flushes: -1
I200320 19:28:50.839852 10 storage/engine/rocksdb.go:120                          Options.WAL_ttl_seconds: 0
I200320 19:28:50.839869 10 storage/engine/rocksdb.go:120                        Options.WAL_size_limit_MB: 0
I200320 19:28:50.839898 10 storage/engine/rocksdb.go:120              Options.manifest_preallocation_size: 4194304
I200320 19:28:50.839914 10 storage/engine/rocksdb.go:120                      Options.is_fd_close_on_exec: 1
I200320 19:28:50.839928 10 storage/engine/rocksdb.go:120                    Options.advise_random_on_open: 1
I200320 19:28:50.839959 10 storage/engine/rocksdb.go:120                     Options.db_write_buffer_size: 0
I200320 19:28:50.839975 10 storage/engine/rocksdb.go:120                     Options.write_buffer_manager: 0x7f0c28887030
I200320 19:28:50.839990 10 storage/engine/rocksdb.go:120          Options.access_hint_on_compaction_start: 1
I200320 19:28:50.840067 10 storage/engine/rocksdb.go:120   Options.new_table_reader_for_compaction_inputs: 0
I200320 19:28:50.840093 10 storage/engine/rocksdb.go:120            Options.random_access_max_buffer_size: 1048576
I200320 19:28:50.840124 10 storage/engine/rocksdb.go:120                       Options.use_adaptive_mutex: 0
I200320 19:28:50.840142 10 storage/engine/rocksdb.go:120                             Options.rate_limiter: (nil)
I200320 19:28:50.840160 10 storage/engine/rocksdb.go:120      Options.sst_file_manager.rate_bytes_per_sec: 0
I200320 19:28:50.840194 10 storage/engine/rocksdb.go:120                        Options.wal_recovery_mode: 0
I200320 19:28:50.840216 10 storage/engine/rocksdb.go:120                   Options.enable_thread_tracking: 0
I200320 19:28:50.840230 10 storage/engine/rocksdb.go:120                   Options.enable_pipelined_write: 0
I200320 19:28:50.840261 10 storage/engine/rocksdb.go:120          Options.allow_concurrent_memtable_write: 1
I200320 19:28:50.840277 10 storage/engine/rocksdb.go:120       Options.enable_write_thread_adaptive_yield: 1
I200320 19:28:50.840291 10 storage/engine/rocksdb.go:120              Options.write_thread_max_yield_usec: 100
I200320 19:28:50.840321 10 storage/engine/rocksdb.go:120             Options.write_thread_slow_yield_usec: 3
I200320 19:28:50.840339 10 storage/engine/rocksdb.go:120                                Options.row_cache: None
I200320 19:28:50.840356 10 storage/engine/rocksdb.go:120                               Options.wal_filter: None
I200320 19:28:50.840371 10 storage/engine/rocksdb.go:120              Options.avoid_flush_during_recovery: 0
I200320 19:28:50.840401 10 storage/engine/rocksdb.go:120              Options.allow_ingest_behind: 0
I200320 19:28:50.840418 10 storage/engine/rocksdb.go:120              Options.preserve_deletes: 0
I200320 19:28:50.840437 10 storage/engine/rocksdb.go:120              Options.two_write_queues: 0
I200320 19:28:50.840466 10 storage/engine/rocksdb.go:120              Options.manual_wal_flush: 1
I200320 19:28:50.840484 10 storage/engine/rocksdb.go:120              Options.atomic_flush: 0
I200320 19:28:50.840501 10 storage/engine/rocksdb.go:120              Options.avoid_unnecessary_blocking_io: 0
I200320 19:28:50.840530 10 storage/engine/rocksdb.go:120              Options.max_background_jobs: 4
I200320 19:28:50.840548 10 storage/engine/rocksdb.go:120              Options.max_background_compactions: -1
I200320 19:28:50.840565 10 storage/engine/rocksdb.go:120              Options.avoid_flush_during_shutdown: 0
I200320 19:28:50.840595 10 storage/engine/rocksdb.go:120            Options.writable_file_max_buffer_size: 1048576
I200320 19:28:50.840613 10 storage/engine/rocksdb.go:120              Options.delayed_write_rate : 16777216
I200320 19:28:50.840641 10 storage/engine/rocksdb.go:120              Options.max_total_wal_size: 0
I200320 19:28:50.840659 10 storage/engine/rocksdb.go:120              Options.delete_obsolete_files_period_micros: 21600000000
I200320 19:28:50.840676 10 storage/engine/rocksdb.go:120                    Options.stats_dump_period_sec: 0
I200320 19:28:50.840691 10 storage/engine/rocksdb.go:120                  Options.stats_persist_period_sec: 600
I200320 19:28:50.840720 10 storage/engine/rocksdb.go:120                  Options.stats_history_buffer_size: 1048576
I200320 19:28:50.840737 10 storage/engine/rocksdb.go:120                           Options.max_open_files: 1043576
I200320 19:28:50.840755 10 storage/engine/rocksdb.go:120                           Options.bytes_per_sync: 524288
I200320 19:28:50.840772 10 storage/engine/rocksdb.go:120                       Options.wal_bytes_per_sync: 0
I200320 19:28:50.840790 10 storage/engine/rocksdb.go:120                    Options.strict_bytes_per_sync: 1
I200320 19:28:50.840807 10 storage/engine/rocksdb.go:120        Options.compaction_readahead_size: 0
I200320 19:28:50.840843 10 storage/engine/rocksdb.go:120  Compression algorithms supported:
I200320 19:28:50.840861 10 storage/engine/rocksdb.go:120  	kZSTDNotFinalCompression supported: 0
I200320 19:28:50.840879 10 storage/engine/rocksdb.go:120  	kZSTD supported: 0
I200320 19:28:50.840897 10 storage/engine/rocksdb.go:120  	kXpressCompression supported: 0
I200320 19:28:50.840913 10 storage/engine/rocksdb.go:120  	kLZ4HCCompression supported: 0
I200320 19:28:50.840928 10 storage/engine/rocksdb.go:120  	kLZ4Compression supported: 0
I200320 19:28:50.840974 10 storage/engine/rocksdb.go:120  	kBZip2Compression supported: 0
I200320 19:28:50.841130 10 storage/engine/rocksdb.go:120  	kZlibCompression supported: 0
I200320 19:28:50.841148 10 storage/engine/rocksdb.go:120  	kSnappyCompression supported: 1
I200320 19:28:50.841177 10 storage/engine/rocksdb.go:120  Fast CRC32 supported: Supported on x86
I200320 19:28:50.862883 10 storage/engine/rocksdb.go:120  [db/version_set.cc:4072] Recovering from manifest file: /cockroach/cockroach-data/MANIFEST-000032
I200320 19:28:50.866097 10 storage/engine/rocksdb.go:120  [db/column_family.cc:488] --------------- Options for column family [default]:
I200320 19:28:50.866120 10 storage/engine/rocksdb.go:120                Options.comparator: cockroach_comparator
I200320 19:28:50.866138 10 storage/engine/rocksdb.go:120            Options.merge_operator: cockroach_merge_operator
I200320 19:28:50.866157 10 storage/engine/rocksdb.go:120         Options.compaction_filter: None
I200320 19:28:50.866174 10 storage/engine/rocksdb.go:120         Options.compaction_filter_factory: None
I200320 19:28:50.866190 10 storage/engine/rocksdb.go:120          Options.memtable_factory: SkipListFactory
I200320 19:28:50.866208 10 storage/engine/rocksdb.go:120             Options.table_factory: BlockBasedTable
I200320 19:28:50.866269 10 storage/engine/rocksdb.go:120             table_factory options:   flush_block_policy_factory: FlushBlockBySizePolicyFactory (0x7f0c2881d028)
  cache_index_and_filter_blocks: 0
  cache_index_and_filter_blocks_with_high_priority: 0
  pin_l0_filter_and_index_blocks_in_cache: 0
  pin_top_level_index_and_filter: 1
  index_type: 0
  data_block_index_type: 0
  index_shortening: 1
  data_block_hash_table_util_ratio: 0.750000
  hash_index_allow_collision: 1
  checksum: 1
  no_block_cache: 0
  block_cache: 0x7f0c2880e010
  block_cache_name: LRUCache
  block_cache_options:
    capacity : 67108864
    num_shard_bits : 4
    strict_capacity_limit : 0
    memory_allocator : None
    high_pri_pool_ratio: 0.000
  block_cache_compressed: (nil)
  persistent_cache: (nil)
  block_size: 32768
  block_size_deviation: 10
  block_restart_interval: 16
  index_block_restart_interval: 1
  metadata_block_size: 4096
  partition_filters: 0
  use_delta_encoding: 1
  filter_policy: rocksdb.BuiltinBloomFilter
  whole_key_filtering: 0
  verify_compression: 0
  read_amp_bytes_per_bit: 0
  format_version: 2
  enable_index_compression: 1
  block_align: 0
I200320 19:28:50.866290 10 storage/engine/rocksdb.go:120         Options.write_buffer_size: 67108864
I200320 19:28:50.866309 10 storage/engine/rocksdb.go:120   Options.max_write_buffer_number: 4
I200320 19:28:50.866326 10 storage/engine/rocksdb.go:120           Options.compression: Snappy
I200320 19:28:50.866340 10 storage/engine/rocksdb.go:120                   Options.bottommost_compression: Disabled
I200320 19:28:50.866354 10 storage/engine/rocksdb.go:120        Options.prefix_extractor: cockroach_prefix_extractor
I200320 19:28:50.866371 10 storage/engine/rocksdb.go:120    Options.memtable_insert_with_hint_prefix_extractor: nullptr
I200320 19:28:50.866395 10 storage/engine/rocksdb.go:120              Options.num_levels: 7
I200320 19:28:50.866413 10 storage/engine/rocksdb.go:120         Options.min_write_buffer_number_to_merge: 1
I200320 19:28:50.866430 10 storage/engine/rocksdb.go:120      Options.max_write_buffer_number_to_maintain: 0
I200320 19:28:50.866447 10 storage/engine/rocksdb.go:120             Options.bottommost_compression_opts.window_bits: -14
I200320 19:28:50.866462 10 storage/engine/rocksdb.go:120                   Options.bottommost_compression_opts.level: 32767
I200320 19:28:50.866480 10 storage/engine/rocksdb.go:120                Options.bottommost_compression_opts.strategy: 0
I200320 19:28:50.866497 10 storage/engine/rocksdb.go:120          Options.bottommost_compression_opts.max_dict_bytes: 0
I200320 19:28:50.866515 10 storage/engine/rocksdb.go:120          Options.bottommost_compression_opts.zstd_max_train_bytes: 0
I200320 19:28:50.866532 10 storage/engine/rocksdb.go:120                   Options.bottommost_compression_opts.enabled: false
I200320 19:28:50.866553 10 storage/engine/rocksdb.go:120             Options.compression_opts.window_bits: -14
I200320 19:28:50.866569 10 storage/engine/rocksdb.go:120                   Options.compression_opts.level: 32767
I200320 19:28:50.866596 10 storage/engine/rocksdb.go:120                Options.compression_opts.strategy: 0
I200320 19:28:50.866614 10 storage/engine/rocksdb.go:120          Options.compression_opts.max_dict_bytes: 0
I200320 19:28:50.866628 10 storage/engine/rocksdb.go:120          Options.compression_opts.zstd_max_train_bytes: 0
I200320 19:28:50.866646 10 storage/engine/rocksdb.go:120                   Options.compression_opts.enabled: false
I200320 19:28:50.866659 10 storage/engine/rocksdb.go:120       Options.level0_file_num_compaction_trigger: 2
I200320 19:28:50.866673 10 storage/engine/rocksdb.go:120           Options.level0_slowdown_writes_trigger: 950
I200320 19:28:50.866691 10 storage/engine/rocksdb.go:120               Options.level0_stop_writes_trigger: 1000
I200320 19:28:50.866709 10 storage/engine/rocksdb.go:120                    Options.target_file_size_base: 4194304
I200320 19:28:50.866724 10 storage/engine/rocksdb.go:120              Options.target_file_size_multiplier: 2
I200320 19:28:50.866738 10 storage/engine/rocksdb.go:120                 Options.max_bytes_for_level_base: 67108864
I200320 19:28:50.866756 10 storage/engine/rocksdb.go:120  Options.level_compaction_dynamic_level_bytes: 1
I200320 19:28:50.866779 10 storage/engine/rocksdb.go:120           Options.max_bytes_for_level_multiplier: 10.000000
I200320 19:28:50.866797 10 storage/engine/rocksdb.go:120  Options.max_bytes_for_level_multiplier_addtl[0]: 1
I200320 19:28:50.866815 10 storage/engine/rocksdb.go:120  Options.max_bytes_for_level_multiplier_addtl[1]: 1
I200320 19:28:50.866833 10 storage/engine/rocksdb.go:120  Options.max_bytes_for_level_multiplier_addtl[2]: 1
I200320 19:28:50.866849 10 storage/engine/rocksdb.go:120  Options.max_bytes_for_level_multiplier_addtl[3]: 1
I200320 19:28:50.866869 10 storage/engine/rocksdb.go:120  Options.max_bytes_for_level_multiplier_addtl[4]: 1
I200320 19:28:50.866888 10 storage/engine/rocksdb.go:120  Options.max_bytes_for_level_multiplier_addtl[5]: 1
I200320 19:28:50.866905 10 storage/engine/rocksdb.go:120  Options.max_bytes_for_level_multiplier_addtl[6]: 1
I200320 19:28:50.866924 10 storage/engine/rocksdb.go:120        Options.max_sequential_skip_in_iterations: 8
I200320 19:28:50.866941 10 storage/engine/rocksdb.go:120                     Options.max_compaction_bytes: 104857600
I200320 19:28:50.866956 10 storage/engine/rocksdb.go:120                         Options.arena_block_size: 8388608
I200320 19:28:50.866970 10 storage/engine/rocksdb.go:120    Options.soft_pending_compaction_bytes_limit: 2199023255552
I200320 19:28:50.866983 10 storage/engine/rocksdb.go:120    Options.hard_pending_compaction_bytes_limit: 4400193994752
I200320 19:28:50.867043 10 storage/engine/rocksdb.go:120        Options.rate_limit_delay_max_milliseconds: 100
I200320 19:28:50.867058 10 storage/engine/rocksdb.go:120                 Options.disable_auto_compactions: 0
I200320 19:28:50.867078 10 storage/engine/rocksdb.go:120                         Options.compaction_style: kCompactionStyleLevel
I200320 19:28:50.867096 10 storage/engine/rocksdb.go:120                           Options.compaction_pri: kMinOverlappingRatio
I200320 19:28:50.867113 10 storage/engine/rocksdb.go:120  Options.compaction_options_universal.size_ratio: 1
I200320 19:28:50.867130 10 storage/engine/rocksdb.go:120  Options.compaction_options_universal.min_merge_width: 2
I200320 19:28:50.867148 10 storage/engine/rocksdb.go:120  Options.compaction_options_universal.max_merge_width: 4294967295
I200320 19:28:50.867159 10 storage/engine/rocksdb.go:120  Options.compaction_options_universal.max_size_amplification_percent: 200
I200320 19:28:50.867177 10 storage/engine/rocksdb.go:120  Options.compaction_options_universal.compression_size_percent: -1
I200320 19:28:50.867195 10 storage/engine/rocksdb.go:120  Options.compaction_options_universal.stop_style: kCompactionStopStyleTotalSize
I200320 19:28:50.867213 10 storage/engine/rocksdb.go:120  Options.compaction_options_fifo.max_table_files_size: 1073741824
I200320 19:28:50.867230 10 storage/engine/rocksdb.go:120  Options.compaction_options_fifo.allow_compaction: 0
I200320 19:28:50.867254 10 storage/engine/rocksdb.go:120                    Options.table_properties_collectors: TimeBoundTblPropCollectorFactory; DeleteRangeTblPropCollectorFactory; 
I200320 19:28:50.867273 10 storage/engine/rocksdb.go:120                    Options.inplace_update_support: 0
I200320 19:28:50.867291 10 storage/engine/rocksdb.go:120                  Options.inplace_update_num_locks: 10000
I200320 19:28:50.867304 10 storage/engine/rocksdb.go:120                Options.memtable_prefix_bloom_size_ratio: 0.000000
I200320 19:28:50.867318 10 storage/engine/rocksdb.go:120                Options.memtable_whole_key_filtering: 0
I200320 19:28:50.867336 10 storage/engine/rocksdb.go:120    Options.memtable_huge_page_size: 0
I200320 19:28:50.867354 10 storage/engine/rocksdb.go:120                            Options.bloom_locality: 0
I200320 19:28:50.867371 10 storage/engine/rocksdb.go:120                     Options.max_successive_merges: 0
I200320 19:28:50.867388 10 storage/engine/rocksdb.go:120                 Options.optimize_filters_for_hits: 1
I200320 19:28:50.867411 10 storage/engine/rocksdb.go:120                 Options.paranoid_file_checks: 0
I200320 19:28:50.867424 10 storage/engine/rocksdb.go:120                 Options.force_consistency_checks: 0
I200320 19:28:50.867438 10 storage/engine/rocksdb.go:120                 Options.report_bg_io_stats: 0
I200320 19:28:50.867456 10 storage/engine/rocksdb.go:120                                Options.ttl: 0
I200320 19:28:50.867474 10 storage/engine/rocksdb.go:120           Options.periodic_compaction_seconds: 0
I200320 19:28:50.871706 10 storage/engine/rocksdb.go:120  [db/version_set.cc:4286] Recovered from manifest file:/cockroach/cockroach-data/MANIFEST-000032 succeeded,manifest_file_number is 32, next_file_number is 34, last_sequence is 0, log_number is 31,prev_log_number is 0,max_column_family is 0,min_log_number_to_keep is 0
I200320 19:28:50.871729 10 storage/engine/rocksdb.go:120  [db/version_set.cc:4295] Column family [default] (ID 0), log number is 31
I200320 19:28:50.876281 10 storage/engine/rocksdb.go:120  EVENT_LOG_v1 {"time_micros": 1584732530876198, "job": 1, "event": "recovery_started", "log_files": [33]}
I200320 19:28:50.876310 10 storage/engine/rocksdb.go:120  [db/db_impl_open.cc:598] Recovering log #33 mode 0
I200320 19:28:50.881169 10 storage/engine/rocksdb.go:120  [db/version_set.cc:3560] Creating manifest 35
I200320 19:28:50.889087 10 storage/engine/rocksdb.go:120  EVENT_LOG_v1 {"time_micros": 1584732530888958, "job": 1, "event": "recovery_finished"}
I200320 19:28:50.924392 10 storage/engine/rocksdb.go:120  DB pointer 0x7f0c28894000
