I200322 03:00:28.763984 55 util/log/clog.go:1196  [config] file created at: 2020/03/22 03:00:28
I200322 03:00:28.763984 55 util/log/clog.go:1196  [config] running on machine: 0cc6afed37b6
I200322 03:00:28.763984 55 util/log/clog.go:1196  [config] binary: CockroachDB CCL v19.2.4 (x86_64-unknown-linux-gnu, built 2020/02/06 21:55:19, go1.12.12)
I200322 03:00:28.763984 55 util/log/clog.go:1196  [config] arguments: [/cockroach/cockroach start --insecure --join=node_1]
I200322 03:00:28.763984 55 util/log/clog.go:1196  line format: [IWEF]yymmdd hh:mm:ss.uuuuuu goid file:line msg utf8=✓
I200322 03:00:28.763970 55 storage/engine/rocksdb.go:120  RocksDB version: 6.2.1
I200322 03:00:28.769019 55 storage/engine/rocksdb.go:120  Git sha rocksdb_build_git_sha:@b7009236531fa784872f4823eabf393501e41bf2@
I200322 03:00:28.828989 55 storage/engine/rocksdb.go:120  Compile date Feb  6 2020
I200322 03:00:28.829040 55 storage/engine/rocksdb.go:120  DB SUMMARY
I200322 03:00:28.830792 55 storage/engine/rocksdb.go:120  SST files in /cockroach/cockroach-data/cockroach-temp130058960 dir, Total Num: 0, files: 
I200322 03:00:28.830814 55 storage/engine/rocksdb.go:120  Write Ahead Log file in /cockroach/cockroach-data/cockroach-temp130058960: 
I200322 03:00:28.830876 55 storage/engine/rocksdb.go:120                          Options.error_if_exists: 0
I200322 03:00:28.830894 55 storage/engine/rocksdb.go:120                        Options.create_if_missing: 1
I200322 03:00:28.830911 55 storage/engine/rocksdb.go:120                          Options.paranoid_checks: 1
I200322 03:00:28.830928 55 storage/engine/rocksdb.go:120                                      Options.env: 0x756aca0
I200322 03:00:28.830946 55 storage/engine/rocksdb.go:120                                 Options.info_log: 0x7fd678219140
I200322 03:00:28.830963 55 storage/engine/rocksdb.go:120                 Options.max_file_opening_threads: 16
I200322 03:00:28.830981 55 storage/engine/rocksdb.go:120                               Options.statistics: 0x7fd678229010
I200322 03:00:28.830998 55 storage/engine/rocksdb.go:120                                Options.use_fsync: 0
I200322 03:00:28.831015 55 storage/engine/rocksdb.go:120                        Options.max_log_file_size: 0
I200322 03:00:28.831033 55 storage/engine/rocksdb.go:120                   Options.max_manifest_file_size: 134217728
I200322 03:00:28.831050 55 storage/engine/rocksdb.go:120                    Options.log_file_time_to_roll: 0
I200322 03:00:28.831114 55 storage/engine/rocksdb.go:120                        Options.keep_log_file_num: 1000
I200322 03:00:28.831132 55 storage/engine/rocksdb.go:120                     Options.recycle_log_file_num: 1
I200322 03:00:28.831150 55 storage/engine/rocksdb.go:120                          Options.allow_fallocate: 1
I200322 03:00:28.831167 55 storage/engine/rocksdb.go:120                         Options.allow_mmap_reads: 0
I200322 03:00:28.831184 55 storage/engine/rocksdb.go:120                        Options.allow_mmap_writes: 0
I200322 03:00:28.831201 55 storage/engine/rocksdb.go:120                         Options.use_direct_reads: 0
I200322 03:00:28.831219 55 storage/engine/rocksdb.go:120                         Options.use_direct_io_for_flush_and_compaction: 0
I200322 03:00:28.831236 55 storage/engine/rocksdb.go:120           Options.create_missing_column_families: 0
I200322 03:00:28.831253 55 storage/engine/rocksdb.go:120                               Options.db_log_dir: 
I200322 03:00:28.831272 55 storage/engine/rocksdb.go:120                                  Options.wal_dir: /cockroach/cockroach-data/cockroach-temp130058960
I200322 03:00:28.831289 55 storage/engine/rocksdb.go:120                 Options.table_cache_numshardbits: 6
I200322 03:00:28.831307 55 storage/engine/rocksdb.go:120                       Options.max_subcompactions: 1
I200322 03:00:28.831325 55 storage/engine/rocksdb.go:120                   Options.max_background_flushes: -1
I200322 03:00:28.831342 55 storage/engine/rocksdb.go:120                          Options.WAL_ttl_seconds: 0
I200322 03:00:28.831359 55 storage/engine/rocksdb.go:120                        Options.WAL_size_limit_MB: 0
I200322 03:00:28.831377 55 storage/engine/rocksdb.go:120              Options.manifest_preallocation_size: 4194304
I200322 03:00:28.831394 55 storage/engine/rocksdb.go:120                      Options.is_fd_close_on_exec: 1
I200322 03:00:28.831411 55 storage/engine/rocksdb.go:120                    Options.advise_random_on_open: 1
I200322 03:00:28.831429 55 storage/engine/rocksdb.go:120                     Options.db_write_buffer_size: 0
I200322 03:00:28.831447 55 storage/engine/rocksdb.go:120                     Options.write_buffer_manager: 0x7fd678291030
I200322 03:00:28.831464 55 storage/engine/rocksdb.go:120          Options.access_hint_on_compaction_start: 1
I200322 03:00:28.831482 55 storage/engine/rocksdb.go:120   Options.new_table_reader_for_compaction_inputs: 0
I200322 03:00:28.831499 55 storage/engine/rocksdb.go:120            Options.random_access_max_buffer_size: 1048576
I200322 03:00:28.831577 55 storage/engine/rocksdb.go:120                       Options.use_adaptive_mutex: 0
I200322 03:00:28.831595 55 storage/engine/rocksdb.go:120                             Options.rate_limiter: (nil)
I200322 03:00:28.831614 55 storage/engine/rocksdb.go:120      Options.sst_file_manager.rate_bytes_per_sec: 0
I200322 03:00:28.831631 55 storage/engine/rocksdb.go:120                        Options.wal_recovery_mode: 0
I200322 03:00:28.831650 55 storage/engine/rocksdb.go:120                   Options.enable_thread_tracking: 0
I200322 03:00:28.831668 55 storage/engine/rocksdb.go:120                   Options.enable_pipelined_write: 0
I200322 03:00:28.831686 55 storage/engine/rocksdb.go:120          Options.allow_concurrent_memtable_write: 1
I200322 03:00:28.831703 55 storage/engine/rocksdb.go:120       Options.enable_write_thread_adaptive_yield: 1
I200322 03:00:28.831722 55 storage/engine/rocksdb.go:120              Options.write_thread_max_yield_usec: 100
I200322 03:00:28.831740 55 storage/engine/rocksdb.go:120             Options.write_thread_slow_yield_usec: 3
I200322 03:00:28.831757 55 storage/engine/rocksdb.go:120                                Options.row_cache: None
I200322 03:00:28.831775 55 storage/engine/rocksdb.go:120                               Options.wal_filter: None
I200322 03:00:28.831792 55 storage/engine/rocksdb.go:120              Options.avoid_flush_during_recovery: 0
I200322 03:00:28.831810 55 storage/engine/rocksdb.go:120              Options.allow_ingest_behind: 0
I200322 03:00:28.831828 55 storage/engine/rocksdb.go:120              Options.preserve_deletes: 0
I200322 03:00:28.831845 55 storage/engine/rocksdb.go:120              Options.two_write_queues: 0
I200322 03:00:28.831862 55 storage/engine/rocksdb.go:120              Options.manual_wal_flush: 1
I200322 03:00:28.831879 55 storage/engine/rocksdb.go:120              Options.atomic_flush: 0
I200322 03:00:28.831897 55 storage/engine/rocksdb.go:120              Options.avoid_unnecessary_blocking_io: 0
I200322 03:00:28.831914 55 storage/engine/rocksdb.go:120              Options.max_background_jobs: 4
I200322 03:00:28.831932 55 storage/engine/rocksdb.go:120              Options.max_background_compactions: -1
I200322 03:00:28.831949 55 storage/engine/rocksdb.go:120              Options.avoid_flush_during_shutdown: 0
I200322 03:00:28.831966 55 storage/engine/rocksdb.go:120            Options.writable_file_max_buffer_size: 1048576
I200322 03:00:28.831984 55 storage/engine/rocksdb.go:120              Options.delayed_write_rate : 16777216
I200322 03:00:28.832001 55 storage/engine/rocksdb.go:120              Options.max_total_wal_size: 0
I200322 03:00:28.832018 55 storage/engine/rocksdb.go:120              Options.delete_obsolete_files_period_micros: 21600000000
I200322 03:00:28.832040 55 storage/engine/rocksdb.go:120                    Options.stats_dump_period_sec: 0
I200322 03:00:28.832058 55 storage/engine/rocksdb.go:120                  Options.stats_persist_period_sec: 600
I200322 03:00:28.832076 55 storage/engine/rocksdb.go:120                  Options.stats_history_buffer_size: 1048576
I200322 03:00:28.832093 55 storage/engine/rocksdb.go:120                           Options.max_open_files: 128
I200322 03:00:28.832110 55 storage/engine/rocksdb.go:120                           Options.bytes_per_sync: 524288
I200322 03:00:28.832128 55 storage/engine/rocksdb.go:120                       Options.wal_bytes_per_sync: 0
I200322 03:00:28.832210 55 storage/engine/rocksdb.go:120                    Options.strict_bytes_per_sync: 1
I200322 03:00:28.832234 55 storage/engine/rocksdb.go:120        Options.compaction_readahead_size: 0
I200322 03:00:28.832258 55 storage/engine/rocksdb.go:120  Compression algorithms supported:
I200322 03:00:28.832276 55 storage/engine/rocksdb.go:120  	kZSTDNotFinalCompression supported: 0
I200322 03:00:28.832298 55 storage/engine/rocksdb.go:120  	kZSTD supported: 0
I200322 03:00:28.832315 55 storage/engine/rocksdb.go:120  	kXpressCompression supported: 0
I200322 03:00:28.832337 55 storage/engine/rocksdb.go:120  	kLZ4HCCompression supported: 0
I200322 03:00:28.832360 55 storage/engine/rocksdb.go:120  	kLZ4Compression supported: 0
I200322 03:00:28.832382 55 storage/engine/rocksdb.go:120  	kBZip2Compression supported: 0
I200322 03:00:28.832405 55 storage/engine/rocksdb.go:120  	kZlibCompression supported: 0
I200322 03:00:28.832427 55 storage/engine/rocksdb.go:120  	kSnappyCompression supported: 1
I200322 03:00:28.832478 55 storage/engine/rocksdb.go:120  Fast CRC32 supported: Supported on x86
I200322 03:00:28.836760 55 storage/engine/rocksdb.go:120  [db/db_impl_open.cc:242] Creating manifest 1 
I200322 03:00:28.868498 55 storage/engine/rocksdb.go:120  [db/version_set.cc:4072] Recovering from manifest file: /cockroach/cockroach-data/cockroach-temp130058960/MANIFEST-000001
I200322 03:00:28.871605 55 storage/engine/rocksdb.go:120  [db/column_family.cc:488] --------------- Options for column family [default]:
I200322 03:00:28.871626 55 storage/engine/rocksdb.go:120                Options.comparator: cockroach_comparator
I200322 03:00:28.871645 55 storage/engine/rocksdb.go:120            Options.merge_operator: cockroach_merge_operator
I200322 03:00:28.871729 55 storage/engine/rocksdb.go:120         Options.compaction_filter: None
I200322 03:00:28.871747 55 storage/engine/rocksdb.go:120         Options.compaction_filter_factory: None
I200322 03:00:28.871767 55 storage/engine/rocksdb.go:120          Options.memtable_factory: SkipListFactory
I200322 03:00:28.871786 55 storage/engine/rocksdb.go:120             Options.table_factory: BlockBasedTable
I200322 03:00:28.871909 55 storage/engine/rocksdb.go:120             table_factory options:   flush_block_policy_factory: FlushBlockBySizePolicyFactory (0x7fd67821d030)
  cache_index_and_filter_blocks: 0
  cache_index_and_filter_blocks_with_high_priority: 0
  pin_l0_filter_and_index_blocks_in_cache: 0
  pin_top_level_index_and_filter: 1
  index_type: 0
  data_block_index_type: 0
  index_shortening: 1
  data_block_hash_table_util_ratio: 0.750000
  hash_index_allow_collision: 1
  checksum: 1
  no_block_cache: 0
  block_cache: 0x7fd67820e010
  block_cache_name: LRUCache
  block_cache_options:
    capacity : 1048576
    num_shard_bits : 4
    strict_capacity_limit : 0
    memory_allocator : None
    high_pri_pool_ratio: 0.000
  block_cache_compressed: (nil)
  persistent_cache: (nil)
  block_size: 32768
  block_size_deviation: 10
  block_restart_interval: 16
  index_block_restart_interval: 1
  metadata_block_size: 4096
  partition_filters: 0
  use_delta_encoding: 1
  filter_policy: rocksdb.BuiltinBloomFilter
  whole_key_filtering: 0
  verify_compression: 0
  read_amp_bytes_per_bit: 0
  format_version: 2
  enable_index_compression: 1
  block_align: 0
I200322 03:00:28.871929 55 storage/engine/rocksdb.go:120         Options.write_buffer_size: 67108864
I200322 03:00:28.871950 55 storage/engine/rocksdb.go:120   Options.max_write_buffer_number: 4
I200322 03:00:28.872112 55 storage/engine/rocksdb.go:120           Options.compression: Snappy
I200322 03:00:28.872205 55 storage/engine/rocksdb.go:120                   Options.bottommost_compression: Disabled
I200322 03:00:28.872225 55 storage/engine/rocksdb.go:120        Options.prefix_extractor: cockroach_prefix_extractor
I200322 03:00:28.872244 55 storage/engine/rocksdb.go:120    Options.memtable_insert_with_hint_prefix_extractor: nullptr
I200322 03:00:28.872262 55 storage/engine/rocksdb.go:120              Options.num_levels: 7
I200322 03:00:28.872277 55 storage/engine/rocksdb.go:120         Options.min_write_buffer_number_to_merge: 1
I200322 03:00:28.872372 55 storage/engine/rocksdb.go:120      Options.max_write_buffer_number_to_maintain: 0
I200322 03:00:28.872391 55 storage/engine/rocksdb.go:120             Options.bottommost_compression_opts.window_bits: -14
I200322 03:00:28.872409 55 storage/engine/rocksdb.go:120                   Options.bottommost_compression_opts.level: 32767
I200322 03:00:28.872424 55 storage/engine/rocksdb.go:120                Options.bottommost_compression_opts.strategy: 0
I200322 03:00:28.872514 55 storage/engine/rocksdb.go:120          Options.bottommost_compression_opts.max_dict_bytes: 0
I200322 03:00:28.872529 55 storage/engine/rocksdb.go:120          Options.bottommost_compression_opts.zstd_max_train_bytes: 0
I200322 03:00:28.872547 55 storage/engine/rocksdb.go:120                   Options.bottommost_compression_opts.enabled: false
I200322 03:00:28.872564 55 storage/engine/rocksdb.go:120             Options.compression_opts.window_bits: -14
I200322 03:00:28.872579 55 storage/engine/rocksdb.go:120                   Options.compression_opts.level: 32767
I200322 03:00:28.872681 55 storage/engine/rocksdb.go:120                Options.compression_opts.strategy: 0
I200322 03:00:28.872701 55 storage/engine/rocksdb.go:120          Options.compression_opts.max_dict_bytes: 0
I200322 03:00:28.872720 55 storage/engine/rocksdb.go:120          Options.compression_opts.zstd_max_train_bytes: 0
I200322 03:00:28.872736 55 storage/engine/rocksdb.go:120                   Options.compression_opts.enabled: false
I200322 03:00:28.872821 55 storage/engine/rocksdb.go:120       Options.level0_file_num_compaction_trigger: 2
I200322 03:00:28.872839 55 storage/engine/rocksdb.go:120           Options.level0_slowdown_writes_trigger: 950
I200322 03:00:28.872858 55 storage/engine/rocksdb.go:120               Options.level0_stop_writes_trigger: 1000
I200322 03:00:28.872876 55 storage/engine/rocksdb.go:120                    Options.target_file_size_base: 4194304
I200322 03:00:28.872968 55 storage/engine/rocksdb.go:120              Options.target_file_size_multiplier: 2
I200322 03:00:28.872982 55 storage/engine/rocksdb.go:120                 Options.max_bytes_for_level_base: 67108864
I200322 03:00:28.873001 55 storage/engine/rocksdb.go:120  Options.level_compaction_dynamic_level_bytes: 1
I200322 03:00:28.873012 55 storage/engine/rocksdb.go:120           Options.max_bytes_for_level_multiplier: 10.000000
I200322 03:00:28.873023 55 storage/engine/rocksdb.go:120  Options.max_bytes_for_level_multiplier_addtl[0]: 1
I200322 03:00:28.873038 55 storage/engine/rocksdb.go:120  Options.max_bytes_for_level_multiplier_addtl[1]: 1
I200322 03:00:28.873164 55 storage/engine/rocksdb.go:120  Options.max_bytes_for_level_multiplier_addtl[2]: 1
I200322 03:00:28.873183 55 storage/engine/rocksdb.go:120  Options.max_bytes_for_level_multiplier_addtl[3]: 1
I200322 03:00:28.873200 55 storage/engine/rocksdb.go:120  Options.max_bytes_for_level_multiplier_addtl[4]: 1
I200322 03:00:28.873213 55 storage/engine/rocksdb.go:120  Options.max_bytes_for_level_multiplier_addtl[5]: 1
I200322 03:00:28.873289 55 storage/engine/rocksdb.go:120  Options.max_bytes_for_level_multiplier_addtl[6]: 1
I200322 03:00:28.873307 55 storage/engine/rocksdb.go:120        Options.max_sequential_skip_in_iterations: 8
I200322 03:00:28.873326 55 storage/engine/rocksdb.go:120                     Options.max_compaction_bytes: 104857600
I200322 03:00:28.873341 55 storage/engine/rocksdb.go:120                         Options.arena_block_size: 8388608
I200322 03:00:28.873355 55 storage/engine/rocksdb.go:120    Options.soft_pending_compaction_bytes_limit: 2199023255552
I200322 03:00:28.873441 55 storage/engine/rocksdb.go:120    Options.hard_pending_compaction_bytes_limit: 4400193994752
I200322 03:00:28.873461 55 storage/engine/rocksdb.go:120        Options.rate_limit_delay_max_milliseconds: 100
I200322 03:00:28.873474 55 storage/engine/rocksdb.go:120                 Options.disable_auto_compactions: 0
I200322 03:00:28.873495 55 storage/engine/rocksdb.go:120                         Options.compaction_style: kCompactionStyleLevel
I200322 03:00:28.873514 55 storage/engine/rocksdb.go:120                           Options.compaction_pri: kMinOverlappingRatio
I200322 03:00:28.873594 55 storage/engine/rocksdb.go:120  Options.compaction_options_universal.size_ratio: 1
I200322 03:00:28.873619 55 storage/engine/rocksdb.go:120  Options.compaction_options_universal.min_merge_width: 2
I200322 03:00:28.873807 55 storage/engine/rocksdb.go:120  Options.compaction_options_universal.max_merge_width: 4294967295
I200322 03:00:28.873826 55 storage/engine/rocksdb.go:120  Options.compaction_options_universal.max_size_amplification_percent: 200
I200322 03:00:28.873845 55 storage/engine/rocksdb.go:120  Options.compaction_options_universal.compression_size_percent: -1
I200322 03:00:28.873868 55 storage/engine/rocksdb.go:120  Options.compaction_options_universal.stop_style: kCompactionStopStyleTotalSize
I200322 03:00:28.873966 55 storage/engine/rocksdb.go:120  Options.compaction_options_fifo.max_table_files_size: 1073741824
I200322 03:00:28.873985 55 storage/engine/rocksdb.go:120  Options.compaction_options_fifo.allow_compaction: 0
I200322 03:00:28.874003 55 storage/engine/rocksdb.go:120                    Options.table_properties_collectors: TimeBoundTblPropCollectorFactory; DeleteRangeTblPropCollectorFactory; 
I200322 03:00:28.874020 55 storage/engine/rocksdb.go:120                    Options.inplace_update_support: 0
I200322 03:00:28.874124 55 storage/engine/rocksdb.go:120                  Options.inplace_update_num_locks: 10000
I200322 03:00:28.874135 55 storage/engine/rocksdb.go:120                Options.memtable_prefix_bloom_size_ratio: 0.000000
I200322 03:00:28.874153 55 storage/engine/rocksdb.go:120                Options.memtable_whole_key_filtering: 0
I200322 03:00:28.874166 55 storage/engine/rocksdb.go:120    Options.memtable_huge_page_size: 0
I200322 03:00:28.874183 55 storage/engine/rocksdb.go:120                            Options.bloom_locality: 0
I200322 03:00:28.874195 55 storage/engine/rocksdb.go:120                     Options.max_successive_merges: 0
I200322 03:00:28.874245 55 storage/engine/rocksdb.go:120                 Options.optimize_filters_for_hits: 1
I200322 03:00:28.874311 55 storage/engine/rocksdb.go:120                 Options.paranoid_file_checks: 0
I200322 03:00:28.874329 55 storage/engine/rocksdb.go:120                 Options.force_consistency_checks: 0
I200322 03:00:28.874346 55 storage/engine/rocksdb.go:120                 Options.report_bg_io_stats: 0
I200322 03:00:28.874361 55 storage/engine/rocksdb.go:120                                Options.ttl: 0
I200322 03:00:28.874459 55 storage/engine/rocksdb.go:120           Options.periodic_compaction_seconds: 0
I200322 03:00:28.879268 55 storage/engine/rocksdb.go:120  [db/version_set.cc:4286] Recovered from manifest file:/cockroach/cockroach-data/cockroach-temp130058960/MANIFEST-000001 succeeded,manifest_file_number is 1, next_file_number is 3, last_sequence is 0, log_number is 0,prev_log_number is 0,max_column_family is 0,min_log_number_to_keep is 0
I200322 03:00:28.879293 55 storage/engine/rocksdb.go:120  [db/version_set.cc:4295] Column family [default] (ID 0), log number is 0
I200322 03:00:28.917795 55 storage/engine/rocksdb.go:120  DB pointer 0x7fd678299000
I200322 03:00:28.971545 55 storage/engine/rocksdb.go:120  RocksDB version: 6.2.1
I200322 03:00:28.971576 55 storage/engine/rocksdb.go:120  Git sha rocksdb_build_git_sha:@b7009236531fa784872f4823eabf393501e41bf2@
I200322 03:00:28.971595 55 storage/engine/rocksdb.go:120  Compile date Feb  6 2020
I200322 03:00:28.971623 55 storage/engine/rocksdb.go:120  DB SUMMARY
I200322 03:00:28.975872 55 storage/engine/rocksdb.go:120  CURRENT file:  CURRENT
I200322 03:00:28.975899 55 storage/engine/rocksdb.go:120  IDENTITY file:  IDENTITY
I200322 03:00:28.976744 55 storage/engine/rocksdb.go:120  MANIFEST file:  MANIFEST-000056 size: 53 Bytes
I200322 03:00:28.976767 55 storage/engine/rocksdb.go:120  SST files in /cockroach/cockroach-data dir, Total Num: 0, files: 
I200322 03:00:28.976845 55 storage/engine/rocksdb.go:120  Write Ahead Log file in /cockroach/cockroach-data: 000057.log size: 475 ; 
I200322 03:00:28.976871 55 storage/engine/rocksdb.go:120                          Options.error_if_exists: 0
I200322 03:00:28.976893 55 storage/engine/rocksdb.go:120                        Options.create_if_missing: 1
I200322 03:00:28.976924 55 storage/engine/rocksdb.go:120                          Options.paranoid_checks: 1
I200322 03:00:28.976969 55 storage/engine/rocksdb.go:120                                      Options.env: 0x756aca0
I200322 03:00:28.976993 55 storage/engine/rocksdb.go:120                                 Options.info_log: 0x7fd67340d080
I200322 03:00:28.977015 55 storage/engine/rocksdb.go:120                 Options.max_file_opening_threads: 16
I200322 03:00:28.977238 55 storage/engine/rocksdb.go:120                               Options.statistics: 0x7fd67341d010
I200322 03:00:28.977257 55 storage/engine/rocksdb.go:120                                Options.use_fsync: 0
I200322 03:00:28.977276 55 storage/engine/rocksdb.go:120                        Options.max_log_file_size: 0
I200322 03:00:28.977299 55 storage/engine/rocksdb.go:120                   Options.max_manifest_file_size: 134217728
I200322 03:00:28.977332 55 storage/engine/rocksdb.go:120                    Options.log_file_time_to_roll: 0
I200322 03:00:28.977367 55 storage/engine/rocksdb.go:120                        Options.keep_log_file_num: 1000
I200322 03:00:28.977388 55 storage/engine/rocksdb.go:120                     Options.recycle_log_file_num: 1
I200322 03:00:28.977433 55 storage/engine/rocksdb.go:120                          Options.allow_fallocate: 1
I200322 03:00:28.977513 55 storage/engine/rocksdb.go:120                         Options.allow_mmap_reads: 0
I200322 03:00:28.977591 55 storage/engine/rocksdb.go:120                        Options.allow_mmap_writes: 0
I200322 03:00:28.977612 55 storage/engine/rocksdb.go:120                         Options.use_direct_reads: 0
I200322 03:00:28.977635 55 storage/engine/rocksdb.go:120                         Options.use_direct_io_for_flush_and_compaction: 0
I200322 03:00:28.977653 55 storage/engine/rocksdb.go:120           Options.create_missing_column_families: 0
I200322 03:00:28.977674 55 storage/engine/rocksdb.go:120                               Options.db_log_dir: 
I200322 03:00:28.977691 55 storage/engine/rocksdb.go:120                                  Options.wal_dir: /cockroach/cockroach-data
I200322 03:00:28.977733 55 storage/engine/rocksdb.go:120                 Options.table_cache_numshardbits: 6
I200322 03:00:28.977752 55 storage/engine/rocksdb.go:120                       Options.max_subcompactions: 1
I200322 03:00:28.977772 55 storage/engine/rocksdb.go:120                   Options.max_background_flushes: -1
I200322 03:00:28.977795 55 storage/engine/rocksdb.go:120                          Options.WAL_ttl_seconds: 0
I200322 03:00:28.977929 55 storage/engine/rocksdb.go:120                        Options.WAL_size_limit_MB: 0
I200322 03:00:28.977953 55 storage/engine/rocksdb.go:120              Options.manifest_preallocation_size: 4194304
I200322 03:00:28.977975 55 storage/engine/rocksdb.go:120                      Options.is_fd_close_on_exec: 1
I200322 03:00:28.977998 55 storage/engine/rocksdb.go:120                    Options.advise_random_on_open: 1
I200322 03:00:28.978149 55 storage/engine/rocksdb.go:120                     Options.db_write_buffer_size: 0
I200322 03:00:28.978237 55 storage/engine/rocksdb.go:120                     Options.write_buffer_manager: 0x7fd673485030
I200322 03:00:28.978338 55 storage/engine/rocksdb.go:120          Options.access_hint_on_compaction_start: 1
I200322 03:00:28.978364 55 storage/engine/rocksdb.go:120   Options.new_table_reader_for_compaction_inputs: 0
I200322 03:00:28.978416 55 storage/engine/rocksdb.go:120            Options.random_access_max_buffer_size: 1048576
I200322 03:00:28.978435 55 storage/engine/rocksdb.go:120                       Options.use_adaptive_mutex: 0
I200322 03:00:28.978455 55 storage/engine/rocksdb.go:120                             Options.rate_limiter: (nil)
I200322 03:00:28.978465 55 storage/engine/rocksdb.go:120      Options.sst_file_manager.rate_bytes_per_sec: 0
I200322 03:00:28.978487 55 storage/engine/rocksdb.go:120                        Options.wal_recovery_mode: 0
I200322 03:00:28.978510 55 storage/engine/rocksdb.go:120                   Options.enable_thread_tracking: 0
I200322 03:00:28.978570 55 storage/engine/rocksdb.go:120                   Options.enable_pipelined_write: 0
I200322 03:00:28.978667 55 storage/engine/rocksdb.go:120          Options.allow_concurrent_memtable_write: 1
I200322 03:00:28.978689 55 storage/engine/rocksdb.go:120       Options.enable_write_thread_adaptive_yield: 1
I200322 03:00:28.978719 55 storage/engine/rocksdb.go:120              Options.write_thread_max_yield_usec: 100
I200322 03:00:28.978767 55 storage/engine/rocksdb.go:120             Options.write_thread_slow_yield_usec: 3
I200322 03:00:28.978795 55 storage/engine/rocksdb.go:120                                Options.row_cache: None
I200322 03:00:28.978818 55 storage/engine/rocksdb.go:120                               Options.wal_filter: None
I200322 03:00:28.978840 55 storage/engine/rocksdb.go:120              Options.avoid_flush_during_recovery: 0
I200322 03:00:28.978863 55 storage/engine/rocksdb.go:120              Options.allow_ingest_behind: 0
I200322 03:00:28.978967 55 storage/engine/rocksdb.go:120              Options.preserve_deletes: 0
I200322 03:00:28.978985 55 storage/engine/rocksdb.go:120              Options.two_write_queues: 0
I200322 03:00:28.979008 55 storage/engine/rocksdb.go:120              Options.manual_wal_flush: 1
I200322 03:00:28.979098 55 storage/engine/rocksdb.go:120              Options.atomic_flush: 0
I200322 03:00:28.979133 55 storage/engine/rocksdb.go:120              Options.avoid_unnecessary_blocking_io: 0
I200322 03:00:28.979188 55 storage/engine/rocksdb.go:120              Options.max_background_jobs: 4
I200322 03:00:28.979217 55 storage/engine/rocksdb.go:120              Options.max_background_compactions: -1
I200322 03:00:28.979239 55 storage/engine/rocksdb.go:120              Options.avoid_flush_during_shutdown: 0
I200322 03:00:28.979310 55 storage/engine/rocksdb.go:120            Options.writable_file_max_buffer_size: 1048576
I200322 03:00:28.979334 55 storage/engine/rocksdb.go:120              Options.delayed_write_rate : 16777216
I200322 03:00:28.979356 55 storage/engine/rocksdb.go:120              Options.max_total_wal_size: 0
I200322 03:00:28.979384 55 storage/engine/rocksdb.go:120              Options.delete_obsolete_files_period_micros: 21600000000
I200322 03:00:28.979468 55 storage/engine/rocksdb.go:120                    Options.stats_dump_period_sec: 0
I200322 03:00:28.979496 55 storage/engine/rocksdb.go:120                  Options.stats_persist_period_sec: 600
I200322 03:00:28.979519 55 storage/engine/rocksdb.go:120                  Options.stats_history_buffer_size: 1048576
I200322 03:00:28.979577 55 storage/engine/rocksdb.go:120                           Options.max_open_files: 1043576
I200322 03:00:28.979676 55 storage/engine/rocksdb.go:120                           Options.bytes_per_sync: 524288
I200322 03:00:28.979700 55 storage/engine/rocksdb.go:120                       Options.wal_bytes_per_sync: 0
I200322 03:00:28.979776 55 storage/engine/rocksdb.go:120                    Options.strict_bytes_per_sync: 1
I200322 03:00:28.979794 55 storage/engine/rocksdb.go:120        Options.compaction_readahead_size: 0
I200322 03:00:28.979813 55 storage/engine/rocksdb.go:120  Compression algorithms supported:
I200322 03:00:28.979831 55 storage/engine/rocksdb.go:120  	kZSTDNotFinalCompression supported: 0
I200322 03:00:28.979883 55 storage/engine/rocksdb.go:120  	kZSTD supported: 0
I200322 03:00:28.979901 55 storage/engine/rocksdb.go:120  	kXpressCompression supported: 0
I200322 03:00:28.979920 55 storage/engine/rocksdb.go:120  	kLZ4HCCompression supported: 0
I200322 03:00:28.979982 55 storage/engine/rocksdb.go:120  	kLZ4Compression supported: 0
I200322 03:00:28.980006 55 storage/engine/rocksdb.go:120  	kBZip2Compression supported: 0
I200322 03:00:28.980131 55 storage/engine/rocksdb.go:120  	kZlibCompression supported: 0
I200322 03:00:28.980245 55 storage/engine/rocksdb.go:120  	kSnappyCompression supported: 1
I200322 03:00:28.980276 55 storage/engine/rocksdb.go:120  Fast CRC32 supported: Supported on x86
I200322 03:00:28.989569 55 storage/engine/rocksdb.go:120  [db/version_set.cc:4072] Recovering from manifest file: /cockroach/cockroach-data/MANIFEST-000056
I200322 03:00:28.991612 55 storage/engine/rocksdb.go:120  [db/column_family.cc:488] --------------- Options for column family [default]:
I200322 03:00:28.991638 55 storage/engine/rocksdb.go:120                Options.comparator: cockroach_comparator
I200322 03:00:28.991656 55 storage/engine/rocksdb.go:120            Options.merge_operator: cockroach_merge_operator
I200322 03:00:28.991675 55 storage/engine/rocksdb.go:120         Options.compaction_filter: None
I200322 03:00:28.991694 55 storage/engine/rocksdb.go:120         Options.compaction_filter_factory: None
I200322 03:00:28.991717 55 storage/engine/rocksdb.go:120          Options.memtable_factory: SkipListFactory
I200322 03:00:28.991735 55 storage/engine/rocksdb.go:120             Options.table_factory: BlockBasedTable
I200322 03:00:28.991871 55 storage/engine/rocksdb.go:120             table_factory options:   flush_block_policy_factory: FlushBlockBySizePolicyFactory (0x7fd673411028)
  cache_index_and_filter_blocks: 0
  cache_index_and_filter_blocks_with_high_priority: 0
  pin_l0_filter_and_index_blocks_in_cache: 0
  pin_top_level_index_and_filter: 1
  index_type: 0
  data_block_index_type: 0
  index_shortening: 1
  data_block_hash_table_util_ratio: 0.750000
  hash_index_allow_collision: 1
  checksum: 1
  no_block_cache: 0
  block_cache: 0x7fd6782b2210
  block_cache_name: LRUCache
  block_cache_options:
    capacity : 67108864
    num_shard_bits : 4
    strict_capacity_limit : 0
    memory_allocator : None
    high_pri_pool_ratio: 0.000
  block_cache_compressed: (nil)
  persistent_cache: (nil)
  block_size: 32768
  block_size_deviation: 10
  block_restart_interval: 16
  index_block_restart_interval: 1
  metadata_block_size: 4096
  partition_filters: 0
  use_delta_encoding: 1
  filter_policy: rocksdb.BuiltinBloomFilter
  whole_key_filtering: 0
  verify_compression: 0
  read_amp_bytes_per_bit: 0
  format_version: 2
  enable_index_compression: 1
  block_align: 0
I200322 03:00:28.991897 55 storage/engine/rocksdb.go:120         Options.write_buffer_size: 67108864
I200322 03:00:28.992002 55 storage/engine/rocksdb.go:120   Options.max_write_buffer_number: 4
I200322 03:00:28.992151 55 storage/engine/rocksdb.go:120           Options.compression: Snappy
I200322 03:00:28.992169 55 storage/engine/rocksdb.go:120                   Options.bottommost_compression: Disabled
I200322 03:00:28.992186 55 storage/engine/rocksdb.go:120        Options.prefix_extractor: cockroach_prefix_extractor
I200322 03:00:28.992208 55 storage/engine/rocksdb.go:120    Options.memtable_insert_with_hint_prefix_extractor: nullptr
I200322 03:00:28.992231 55 storage/engine/rocksdb.go:120              Options.num_levels: 7
I200322 03:00:28.992257 55 storage/engine/rocksdb.go:120         Options.min_write_buffer_number_to_merge: 1
I200322 03:00:28.992281 55 storage/engine/rocksdb.go:120      Options.max_write_buffer_number_to_maintain: 0
I200322 03:00:28.992304 55 storage/engine/rocksdb.go:120             Options.bottommost_compression_opts.window_bits: -14
I200322 03:00:28.992323 55 storage/engine/rocksdb.go:120                   Options.bottommost_compression_opts.level: 32767
I200322 03:00:28.992364 55 storage/engine/rocksdb.go:120                Options.bottommost_compression_opts.strategy: 0
I200322 03:00:28.992385 55 storage/engine/rocksdb.go:120          Options.bottommost_compression_opts.max_dict_bytes: 0
I200322 03:00:28.992401 55 storage/engine/rocksdb.go:120          Options.bottommost_compression_opts.zstd_max_train_bytes: 0
I200322 03:00:28.992415 55 storage/engine/rocksdb.go:120                   Options.bottommost_compression_opts.enabled: false
I200322 03:00:28.992432 55 storage/engine/rocksdb.go:120             Options.compression_opts.window_bits: -14
I200322 03:00:28.992449 55 storage/engine/rocksdb.go:120                   Options.compression_opts.level: 32767
I200322 03:00:28.992467 55 storage/engine/rocksdb.go:120                Options.compression_opts.strategy: 0
I200322 03:00:28.992557 55 storage/engine/rocksdb.go:120          Options.compression_opts.max_dict_bytes: 0
I200322 03:00:28.992580 55 storage/engine/rocksdb.go:120          Options.compression_opts.zstd_max_train_bytes: 0
I200322 03:00:28.992597 55 storage/engine/rocksdb.go:120                   Options.compression_opts.enabled: false
I200322 03:00:28.992615 55 storage/engine/rocksdb.go:120       Options.level0_file_num_compaction_trigger: 2
I200322 03:00:28.992639 55 storage/engine/rocksdb.go:120           Options.level0_slowdown_writes_trigger: 950
I200322 03:00:28.992666 55 storage/engine/rocksdb.go:120               Options.level0_stop_writes_trigger: 1000
I200322 03:00:28.992685 55 storage/engine/rocksdb.go:120                    Options.target_file_size_base: 4194304
I200322 03:00:28.992703 55 storage/engine/rocksdb.go:120              Options.target_file_size_multiplier: 2
I200322 03:00:28.992731 55 storage/engine/rocksdb.go:120                 Options.max_bytes_for_level_base: 67108864
I200322 03:00:28.992754 55 storage/engine/rocksdb.go:120  Options.level_compaction_dynamic_level_bytes: 1
I200322 03:00:28.992774 55 storage/engine/rocksdb.go:120           Options.max_bytes_for_level_multiplier: 10.000000
I200322 03:00:28.992865 55 storage/engine/rocksdb.go:120  Options.max_bytes_for_level_multiplier_addtl[0]: 1
I200322 03:00:28.992884 55 storage/engine/rocksdb.go:120  Options.max_bytes_for_level_multiplier_addtl[1]: 1
I200322 03:00:28.992902 55 storage/engine/rocksdb.go:120  Options.max_bytes_for_level_multiplier_addtl[2]: 1
I200322 03:00:28.992920 55 storage/engine/rocksdb.go:120  Options.max_bytes_for_level_multiplier_addtl[3]: 1
I200322 03:00:28.992938 55 storage/engine/rocksdb.go:120  Options.max_bytes_for_level_multiplier_addtl[4]: 1
I200322 03:00:28.992963 55 storage/engine/rocksdb.go:120  Options.max_bytes_for_level_multiplier_addtl[5]: 1
I200322 03:00:28.992985 55 storage/engine/rocksdb.go:120  Options.max_bytes_for_level_multiplier_addtl[6]: 1
I200322 03:00:28.993016 55 storage/engine/rocksdb.go:120        Options.max_sequential_skip_in_iterations: 8
I200322 03:00:28.993037 55 storage/engine/rocksdb.go:120                     Options.max_compaction_bytes: 104857600
I200322 03:00:28.993147 55 storage/engine/rocksdb.go:120                         Options.arena_block_size: 8388608
I200322 03:00:28.993254 55 storage/engine/rocksdb.go:120    Options.soft_pending_compaction_bytes_limit: 2199023255552
I200322 03:00:28.993273 55 storage/engine/rocksdb.go:120    Options.hard_pending_compaction_bytes_limit: 4400193994752
I200322 03:00:28.993304 55 storage/engine/rocksdb.go:120        Options.rate_limit_delay_max_milliseconds: 100
I200322 03:00:28.993323 55 storage/engine/rocksdb.go:120                 Options.disable_auto_compactions: 0
I200322 03:00:28.993348 55 storage/engine/rocksdb.go:120                         Options.compaction_style: kCompactionStyleLevel
I200322 03:00:28.993376 55 storage/engine/rocksdb.go:120                           Options.compaction_pri: kMinOverlappingRatio
I200322 03:00:28.993401 55 storage/engine/rocksdb.go:120  Options.compaction_options_universal.size_ratio: 1
I200322 03:00:28.993421 55 storage/engine/rocksdb.go:120  Options.compaction_options_universal.min_merge_width: 2
I200322 03:00:28.993465 55 storage/engine/rocksdb.go:120  Options.compaction_options_universal.max_merge_width: 4294967295
I200322 03:00:28.993492 55 storage/engine/rocksdb.go:120  Options.compaction_options_universal.max_size_amplification_percent: 200
I200322 03:00:28.993518 55 storage/engine/rocksdb.go:120  Options.compaction_options_universal.compression_size_percent: -1
I200322 03:00:28.993536 55 storage/engine/rocksdb.go:120  Options.compaction_options_universal.stop_style: kCompactionStopStyleTotalSize
I200322 03:00:28.993556 55 storage/engine/rocksdb.go:120  Options.compaction_options_fifo.max_table_files_size: 1073741824
I200322 03:00:28.993578 55 storage/engine/rocksdb.go:120  Options.compaction_options_fifo.allow_compaction: 0
I200322 03:00:28.993715 55 storage/engine/rocksdb.go:120                    Options.table_properties_collectors: TimeBoundTblPropCollectorFactory; DeleteRangeTblPropCollectorFactory; 
I200322 03:00:28.993742 55 storage/engine/rocksdb.go:120                    Options.inplace_update_support: 0
I200322 03:00:28.993770 55 storage/engine/rocksdb.go:120                  Options.inplace_update_num_locks: 10000
I200322 03:00:28.993828 55 storage/engine/rocksdb.go:120                Options.memtable_prefix_bloom_size_ratio: 0.000000
I200322 03:00:28.993862 55 storage/engine/rocksdb.go:120                Options.memtable_whole_key_filtering: 0
I200322 03:00:28.993887 55 storage/engine/rocksdb.go:120    Options.memtable_huge_page_size: 0
I200322 03:00:28.993983 55 storage/engine/rocksdb.go:120                            Options.bloom_locality: 0
I200322 03:00:28.994014 55 storage/engine/rocksdb.go:120                     Options.max_successive_merges: 0
I200322 03:00:28.994104 55 storage/engine/rocksdb.go:120                 Options.optimize_filters_for_hits: 1
I200322 03:00:28.994132 55 storage/engine/rocksdb.go:120                 Options.paranoid_file_checks: 0
I200322 03:00:28.994248 55 storage/engine/rocksdb.go:120                 Options.force_consistency_checks: 0
I200322 03:00:28.994273 55 storage/engine/rocksdb.go:120                 Options.report_bg_io_stats: 0
I200322 03:00:28.994300 55 storage/engine/rocksdb.go:120                                Options.ttl: 0
I200322 03:00:28.994328 55 storage/engine/rocksdb.go:120           Options.periodic_compaction_seconds: 0
I200322 03:00:29.001669 55 storage/engine/rocksdb.go:120  [db/version_set.cc:4286] Recovered from manifest file:/cockroach/cockroach-data/MANIFEST-000056 succeeded,manifest_file_number is 56, next_file_number is 58, last_sequence is 0, log_number is 55,prev_log_number is 0,max_column_family is 0,min_log_number_to_keep is 0
I200322 03:00:29.001693 55 storage/engine/rocksdb.go:120  [db/version_set.cc:4295] Column family [default] (ID 0), log number is 55
I200322 03:00:29.009007 55 storage/engine/rocksdb.go:120  EVENT_LOG_v1 {"time_micros": 1584846029008957, "job": 1, "event": "recovery_started", "log_files": [57]}
I200322 03:00:29.009044 55 storage/engine/rocksdb.go:120  [db/db_impl_open.cc:598] Recovering log #57 mode 0
I200322 03:00:29.015121 55 storage/engine/rocksdb.go:120  [db/version_set.cc:3560] Creating manifest 59
I200322 03:00:29.028675 55 storage/engine/rocksdb.go:120  EVENT_LOG_v1 {"time_micros": 1584846029028611, "job": 1, "event": "recovery_finished"}
I200322 03:00:29.066082 55 storage/engine/rocksdb.go:120  DB pointer 0x7fd673493000
