I200322 03:14:12.148410 1 util/log/clog.go:1196  [config] file created at: 2020/03/22 03:14:12
I200322 03:14:12.148410 1 util/log/clog.go:1196  [config] running on machine: ef691b832276
I200322 03:14:12.148410 1 util/log/clog.go:1196  [config] binary: CockroachDB CCL v19.2.4 (x86_64-unknown-linux-gnu, built 2020/02/06 21:55:19, go1.12.12)
I200322 03:14:12.148410 1 util/log/clog.go:1196  [config] arguments: [/cockroach/cockroach start --insecure --join=node_1]
I200322 03:14:12.148410 1 util/log/clog.go:1196  line format: [IWEF]yymmdd hh:mm:ss.uuuuuu goid file:line msg utf8=✓
I200322 03:14:12.148397 1 cli/start.go:1144  logging to directory /cockroach/cockroach-data/logs
W200322 03:14:12.153766 1 cli/start.go:1182  RUNNING IN INSECURE MODE!

- Your cluster is open for any client that can access <all your IP addresses>.
- Any user, even root, can log in without providing a password.
- Any user, connecting as root, can read or write any data in your cluster.
- There is no network encryption nor authentication, and thus no confidentiality.

Check out how to secure your cluster: https://www.cockroachlabs.com/docs/v19.2/secure-a-cluster.html
I200322 03:14:12.155354 1 server/status/recorder.go:597  available memory from cgroups is unsupported, using system memory 1.9 GiB instead: failed to find cgroup memory limit
W200322 03:14:12.156605 1 cli/start.go:1052  Using the default setting for --cache (128 MiB).
  A significantly larger value is usually needed for good performance.
  If you have a dedicated server a reasonable setting is --cache=.25 (497 MiB).
I200322 03:14:12.157065 1 server/status/recorder.go:597  available memory from cgroups is unsupported, using system memory 1.9 GiB instead: failed to find cgroup memory limit
W200322 03:14:12.157114 1 cli/start.go:1065  Using the default setting for --max-sql-memory (128 MiB).
  A significantly larger value is usually needed in production.
  If you have a dedicated server a reasonable setting is --max-sql-memory=.25 (497 MiB).
I200322 03:14:12.160533 1 server/status/recorder.go:597  available memory from cgroups is unsupported, using system memory 1.9 GiB instead: failed to find cgroup memory limit
I200322 03:14:12.160584 1 cli/start.go:1196  CockroachDB CCL v19.2.4 (x86_64-unknown-linux-gnu, built 2020/02/06 21:55:19, go1.12.12)
I200322 03:14:12.482324 1 server/status/recorder.go:597  available memory from cgroups is unsupported, using system memory 1.9 GiB instead: failed to find cgroup memory limit
I200322 03:14:12.482364 1 server/config.go:394  system total memory: 1.9 GiB
I200322 03:14:12.482416 1 server/config.go:396  server configuration:
max offset             500000000
cache size             128 MiB
SQL memory pool size   128 MiB
scan interval          10m0s
scan min idle time     10ms
scan max idle time     1s
event log enabled      true
I200322 03:14:12.482512 1 cli/start.go:1030  using local environment variables: COCKROACH_CHANNEL=official-docker, COCKROACH_USER=root
I200322 03:14:12.482608 1 cli/start.go:1037  process identity: uid 0 euid 0 gid 0 egid 0
I200322 03:14:12.482754 1 cli/start.go:644  starting cockroach node
I200322 03:14:12.485568 12 storage/engine/rocksdb.go:622  opening rocksdb instance at "/cockroach/cockroach-data/cockroach-temp588910140"
I200322 03:14:12.681035 12 server/server.go:928  [n?] monitoring forward clock jumps based on server.clock.forward_jump_check_enabled
I200322 03:14:12.690546 12 storage/engine/rocksdb.go:622  opening rocksdb instance at "/cockroach/cockroach-data"
I200322 03:14:12.875884 12 server/config.go:502  [n?] 1 storage engine initialized
I200322 03:14:12.875929 12 server/config.go:505  [n?] RocksDB cache size: 128 MiB
I200322 03:14:12.875969 12 server/config.go:505  [n?] store 0: RocksDB, max size 0 B, max open file limit 1043576
W200322 03:14:12.893864 12 gossip/gossip.go:1517  [n?] no incoming or outgoing connections
W200322 03:14:12.894093 12 cli/start.go:996  neither --listen-addr nor --advertise-addr was specified.
The server will advertise "ef691b832276" to other nodes, is this routable?

Consider using:
- for local-only servers:  --listen-addr=localhost
- for multi-node clusters: --advertise-addr=<host/IP addr>
I200322 03:14:12.897660 12 server/server.go:978  [n?] Sleeping till wall time 1584846852897556500 to catches up to 1584846853180708601 to ensure monotonicity. Delta: 283.152101ms
I200322 03:14:13.190110 12 gossip/gossip.go:394  [n1] NodeDescriptor set to node_id:1 address:<network_field:"tcp" address_field:"ef691b832276:26257" > attrs:<> locality:<> ServerVersion:<major_val:19 minor_val:2 patch:0 unstable:0 > build_tag:"v19.2.4" started_at:1584846853189893400 cluster_name:"" sql_address:<network_field:"tcp" address_field:"ef691b832276:26257" > 
I200322 03:14:13.212085 67 gossip/client.go:124  [n1] started gossip client to node_1:26257
I200322 03:14:13.214457 67 gossip/client.go:129  [n1] closing client to n1 (node_1:26257): stopping outgoing client to n1 (node_1:26257); loopback connection
W200322 03:14:13.231986 159 storage/replica_range_lease.go:554  can't determine lease status due to node liveness error: node not in the liveness table
github.com/cockroachdb/cockroach/pkg/storage.init.ializers
	/go/src/github.com/cockroachdb/cockroach/pkg/storage/node_liveness.go:44
runtime.main
	/usr/local/go/src/runtime/proc.go:188
runtime.goexit
	/usr/local/go/src/runtime/asm_amd64.s:1337
W200322 03:14:13.232072 159 storage/store.go:1530  [n1,s1,r6/1:/Table/{SystemCon…-11}] could not gossip system config: [NotLeaseHolderError] r6: replica (n1,s1):1 not lease holder; lease holder unknown
I200322 03:14:13.367269 12 server/node.go:431  [n1] initialized store [n1,s1]: disk (capacity=116 TiB, available=79 TiB, used=3.6 MiB, logicalBytes=1.6 MiB), ranges=24, leases=2, queries=0.00, writes=0.00, bytesPerReplica={p10=0.00 p25=0.00 p50=0.00 p75=1089.00 p90=12124.00 pMax=1597023.00}, writesPerReplica={p10=0.00 p25=0.00 p50=0.00 p75=0.00 p90=0.00 pMax=0.00}
I200322 03:14:13.367751 12 storage/stores.go:240  [n1] read 0 node addresses from persistent storage
I200322 03:14:13.367951 12 server/node.go:645  [n1] connecting to gossip network to verify cluster ID...
I200322 03:14:13.368010 12 server/node.go:665  [n1] node connected via gossip and verified as part of cluster "72efe42b-26c1-40d2-9416-d246996c4d4d"
I200322 03:14:13.368235 12 server/node.go:512  [n1] node=1: started with [<no-attributes>=/cockroach/cockroach-data] engine(s) and attributes []
I200322 03:14:13.382509 12 server/server.go:1514  [n1] starting http server at [::]:8080 (use: ef691b832276:8080)
I200322 03:14:13.383057 12 server/server.go:1521  [n1] starting grpc/postgres server at [::]:26257
I200322 03:14:13.383139 12 server/server.go:1522  [n1] advertising CockroachDB node at ef691b832276:26257
I200322 03:14:13.430930 195 storage/node_liveness.go:474  [n1,liveness-hb] heartbeat failed on epoch increment; retrying
I200322 03:14:13.515231 12 server/server.go:1590  [n1] done ensuring all necessary migrations have run
I200322 03:14:13.515399 12 server/server.go:1841  [n1] serving sql connections
I200322 03:14:13.516338 12 cli/start.go:803  [config] clusterID: 72efe42b-26c1-40d2-9416-d246996c4d4d
I200322 03:14:13.516388 12 cli/start.go:812  node startup completed:
CockroachDB node starting at 2020-03-22 03:14:13.5161371 +0000 UTC (took 1.4s)
build:               CCL v19.2.4 @ 2020/02/06 21:55:19 (go1.12.12)
webui:               http://ef691b832276:8080
sql:                 postgresql://root@ef691b832276:26257?sslmode=disable
RPC client flags:    /cockroach/cockroach <client cmd> --host=ef691b832276:26257 --insecure
logs:                /cockroach/cockroach-data/logs
temp dir:            /cockroach/cockroach-data/cockroach-temp588910140
external I/O path:   /cockroach/cockroach-data/extern
store[0]:            path=/cockroach/cockroach-data
status:              restarted pre-existing node
clusterID:           72efe42b-26c1-40d2-9416-d246996c4d4d
nodeID:              1
I200322 03:14:13.551635 205 server/server_update.go:53  [n1] no need to upgrade, cluster already at the newest version
I200322 03:14:13.558684 207 sql/event_log.go:130  [n1] Event: "node_restart", target: 1, info: {Descriptor:{NodeID:1 Address:ef691b832276:26257 Attrs: Locality: ServerVersion:19.2 BuildTag:v19.2.4 StartedAt:1584846853189893400 LocalityAddress:[] ClusterName: SQLAddress:ef691b832276:26257} ClusterID:72efe42b-26c1-40d2-9416-d246996c4d4d StartedAt:1584846853189893400 LastUp:1584846833452715700}
I200322 03:14:13.902695 322 gossip/client.go:124  [n1] started gossip client to node_1:26257
I200322 03:14:13.903446 322 gossip/client.go:129  [n1] closing client to n1 (node_1:26257): stopping outgoing client to n1 (node_1:26257); loopback connection
I200322 03:14:13.903831 93 gossip/gossip.go:1531  [n1] node has connected to cluster via gossip
I200322 03:14:13.904289 93 storage/stores.go:259  [n1] wrote 0 node addresses to persistent storage
I200322 03:14:23.339596 173 server/status/runtime.go:498  [n1] runtime stats: 147 MiB RSS, 142 goroutines, 101 MiB/23 MiB/135 MiB GO alloc/idle/total, 14 MiB/19 MiB CGO alloc/total, 0.0 CGO/sec, 0.0/0.0 %(u/s)time, 0.0 %gc (9x), 24 KiB/18 KiB (r/w)net
I200322 03:14:33.340690 173 server/status/runtime.go:498  [n1] runtime stats: 158 MiB RSS, 142 goroutines, 109 MiB/14 MiB/135 MiB GO alloc/idle/total, 15 MiB/19 MiB CGO alloc/total, 70.3 CGO/sec, 1.4/2.0 %(u/s)time, 0.0 %gc (0x), 1.2 KiB/1.1 KiB (r/w)net
I200322 03:14:33.493913 168 storage/store.go:2364  [n1,s1] sstables (read amplification = 1):
6 [ 130K 1 ]: 130K
I200322 03:14:33.494078 168 storage/store.go:2365  [n1,s1] 
** Compaction Stats [default] **
Level    Files   Size     Score Read(GB)  Rn(GB) Rnp1(GB) Write(GB) Wnew(GB) Moved(GB) W-Amp Rd(MB/s) Wr(MB/s) Comp(sec) CompMergeCPU(sec) Comp(cnt) Avg(sec) KeyIn KeyDrop
----------------------------------------------------------------------------------------------------------------------------------------------------------------------------
  L0      0/0    0.00 KB   0.0      0.0     0.0      0.0       0.0      0.0       0.0   1.0      0.0      1.5      0.04              0.00         1    0.037       0      0
  L6      1/0   129.73 KB   0.0      0.0     0.0      0.0       0.0      0.0       0.0   0.9      3.8      2.2      0.06              0.04         1    0.058    4077    858
 Sum      1/0   129.73 KB   0.0      0.0     0.0      0.0       0.0      0.0       0.0   3.3      2.3      1.9      0.09              0.04         2    0.047    4077    858
 Int      0/0    0.00 KB   0.0      0.0     0.0      0.0       0.0      0.0       0.0   3.3      2.3      1.9      0.09              0.04         2    0.047    4077    858

** Compaction Stats [default] **
Priority    Files   Size     Score Read(GB)  Rn(GB) Rnp1(GB) Write(GB) Wnew(GB) Moved(GB) W-Amp Rd(MB/s) Wr(MB/s) Comp(sec) CompMergeCPU(sec) Comp(cnt) Avg(sec) KeyIn KeyDrop
-------------------------------------------------------------------------------------------------------------------------------------------------------------------------------
 Low      0/0    0.00 KB   0.0      0.0     0.0      0.0       0.0      0.0       0.0   0.0      3.8      2.2      0.06              0.04         1    0.058    4077    858
User      0/0    0.00 KB   0.0      0.0     0.0      0.0       0.0      0.0       0.0   0.0      0.0      1.5      0.04              0.00         1    0.037       0      0
Uptime(secs): 20.8 total, 20.8 interval
Flush(GB): cumulative 0.000, interval 0.000
AddFile(GB): cumulative 0.000, interval 0.000
AddFile(Total Files): cumulative 0, interval 0
AddFile(L0 Files): cumulative 0, interval 0
AddFile(Keys): cumulative 0, interval 0
Cumulative compaction: 0.00 GB write, 0.01 MB/s write, 0.00 GB read, 0.01 MB/s read, 0.1 seconds
Interval compaction: 0.00 GB write, 0.01 MB/s write, 0.00 GB read, 0.01 MB/s read, 0.1 seconds
Stalls(count): 0 level0_slowdown, 0 level0_slowdown_with_compaction, 0 level0_numfiles, 0 level0_numfiles_with_compaction, 0 stop for pending_compaction_bytes, 0 slowdown for pending_compaction_bytes, 0 memtable_compaction, 0 memtable_slowdown, interval 0 total count
estimated_pending_compaction_bytes: 0 B
I200322 03:14:43.340883 173 server/status/runtime.go:498  [n1] runtime stats: 164 MiB RSS, 142 goroutines, 84 MiB/36 MiB/135 MiB GO alloc/idle/total, 15 MiB/19 MiB CGO alloc/total, 34.9 CGO/sec, 1.3/2.0 %(u/s)time, 0.0 %gc (1x), 1.4 KiB/1.4 KiB (r/w)net
I200322 03:14:53.307509 173 server/status/runtime.go:498  [n1] runtime stats: 165 MiB RSS, 143 goroutines, 91 MiB/31 MiB/135 MiB GO alloc/idle/total, 15 MiB/19 MiB CGO alloc/total, 25.2 CGO/sec, 1.0/1.7 %(u/s)time, 0.0 %gc (0x), 1.2 KiB/1.1 KiB (r/w)net
I200322 03:15:03.307256 173 server/status/runtime.go:498  [n1] runtime stats: 166 MiB RSS, 143 goroutines, 97 MiB/25 MiB/135 MiB GO alloc/idle/total, 15 MiB/19 MiB CGO alloc/total, 25.3 CGO/sec, 1.1/1.8 %(u/s)time, 0.0 %gc (0x), 1.1 KiB/1.1 KiB (r/w)net
I200322 03:15:13.301912 169 gossip/gossip.go:566  [n1] gossip status (ok, 1 node)
gossip client (0/3 cur/max conns)
gossip server (0/3 cur/max conns, infos 4/2 sent/received, bytes 680B/462B sent/received)
gossip connectivity
  n1 [sentinel];
I200322 03:15:13.311275 173 server/status/runtime.go:498  [n1] runtime stats: 166 MiB RSS, 144 goroutines, 103 MiB/19 MiB/135 MiB GO alloc/idle/total, 15 MiB/20 MiB CGO alloc/total, 29.0 CGO/sec, 0.8/1.9 %(u/s)time, 0.0 %gc (0x), 1.5 KiB/1.5 KiB (r/w)net
I200322 03:15:23.275726 173 server/status/runtime.go:498  [n1] runtime stats: 167 MiB RSS, 142 goroutines, 110 MiB/13 MiB/135 MiB GO alloc/idle/total, 15 MiB/20 MiB CGO alloc/total, 43.8 CGO/sec, 1.1/1.8 %(u/s)time, 0.0 %gc (0x), 1.3 KiB/1.2 KiB (r/w)net
I200322 03:15:33.275023 173 server/status/runtime.go:498  [n1] runtime stats: 171 MiB RSS, 142 goroutines, 118 MiB/4.9 MiB/135 MiB GO alloc/idle/total, 15 MiB/20 MiB CGO alloc/total, 25.0 CGO/sec, 0.9/1.8 %(u/s)time, 0.0 %gc (0x), 1.2 KiB/1.1 KiB (r/w)net
I200322 03:15:43.275700 173 server/status/runtime.go:498  [n1] runtime stats: 179 MiB RSS, 142 goroutines, 126 MiB/61 MiB/201 MiB GO alloc/idle/total, 15 MiB/20 MiB CGO alloc/total, 23.1 CGO/sec, 0.9/1.6 %(u/s)time, 0.0 %gc (0x), 1.4 KiB/1.4 KiB (r/w)net
I200322 03:15:53.242882 173 server/status/runtime.go:498  [n1] runtime stats: 187 MiB RSS, 143 goroutines, 134 MiB/53 MiB/201 MiB GO alloc/idle/total, 15 MiB/20 MiB CGO alloc/total, 28.3 CGO/sec, 1.0/1.9 %(u/s)time, 0.0 %gc (0x), 1.4 KiB/1.3 KiB (r/w)net
I200322 03:16:03.241708 173 server/status/runtime.go:498  [n1] runtime stats: 192 MiB RSS, 143 goroutines, 83 MiB/101 MiB/201 MiB GO alloc/idle/total, 15 MiB/20 MiB CGO alloc/total, 24.7 CGO/sec, 0.9/2.2 %(u/s)time, 0.0 %gc (1x), 1.1 KiB/1.1 KiB (r/w)net
I200322 03:16:13.233387 169 gossip/gossip.go:566  [n1] gossip status (ok, 1 node)
gossip client (0/3 cur/max conns)
gossip server (0/3 cur/max conns, infos 4/2 sent/received, bytes 680B/462B sent/received)
I200322 03:16:13.243492 173 server/status/runtime.go:498  [n1] runtime stats: 192 MiB RSS, 143 goroutines, 90 MiB/95 MiB/201 MiB GO alloc/idle/total, 15 MiB/20 MiB CGO alloc/total, 29.0 CGO/sec, 1.0/1.8 %(u/s)time, 0.0 %gc (0x), 1.5 KiB/1.5 KiB (r/w)net
I200322 03:16:23.242014 173 server/status/runtime.go:498  [n1] runtime stats: 193 MiB RSS, 142 goroutines, 97 MiB/89 MiB/201 MiB GO alloc/idle/total, 15 MiB/20 MiB CGO alloc/total, 50.7 CGO/sec, 1.2/1.8 %(u/s)time, 0.0 %gc (0x), 1.1 KiB/1.1 KiB (r/w)net
I200322 03:16:33.242250 173 server/status/runtime.go:498  [n1] runtime stats: 193 MiB RSS, 142 goroutines, 104 MiB/83 MiB/201 MiB GO alloc/idle/total, 15 MiB/20 MiB CGO alloc/total, 28.5 CGO/sec, 1.0/1.7 %(u/s)time, 0.0 %gc (0x), 1.1 KiB/1.0 KiB (r/w)net
I200322 03:16:43.242794 173 server/status/runtime.go:498  [n1] runtime stats: 194 MiB RSS, 142 goroutines, 110 MiB/77 MiB/202 MiB GO alloc/idle/total, 15 MiB/20 MiB CGO alloc/total, 28.8 CGO/sec, 1.0/1.8 %(u/s)time, 0.0 %gc (0x), 1.2 KiB/1.2 KiB (r/w)net
I200322 03:16:53.220552 173 server/status/runtime.go:498  [n1] runtime stats: 194 MiB RSS, 143 goroutines, 116 MiB/71 MiB/202 MiB GO alloc/idle/total, 15 MiB/20 MiB CGO alloc/total, 22.5 CGO/sec, 0.8/1.7 %(u/s)time, 0.0 %gc (0x), 1.5 KiB/1.5 KiB (r/w)net
I200322 03:16:55.939922 1 cli/start.go:865  received signal 'terminated'
I200322 03:16:55.940561 1 cli/start.go:930  initiating graceful shutdown of server
I200322 03:16:55.945647 2243 util/stop/stopper.go:542  [server drain process] quiescing; tasks left:
1      [async] stats.Refresher: maybeRefreshStats
1      [async] intent_resolver_ir_batcher
1      [async] intent_resolver_gc_batcher
1      [async] closedts-rangefeed-subscriber
W200322 03:16:55.945754 14 vendor/google.golang.org/grpc/clientconn.go:1206  grpc: addrConn.createTransport failed to connect to {ef691b832276:26257 0  <nil>}. Err :connection error: desc = "transport: failed to write client preface: io: read/write on closed pipe". Reconnecting...
I200322 03:16:55.947409 2243 storage/engine/rocksdb.go:762  closing rocksdb instance at "/cockroach/cockroach-data/cockroach-temp588910140"
I200322 03:16:55.969435 2243 storage/engine/rocksdb.go:762  closing rocksdb instance at "/cockroach/cockroach-data"
I200322 03:16:55.976985 1 cli/start.go:976  server drained and shutdown completed
