I200320 19:01:23.429541 55 util/log/clog.go:1196  [config] file created at: 2020/03/20 19:01:23
I200320 19:01:23.429541 55 util/log/clog.go:1196  [config] running on machine: 348ae289e17b
I200320 19:01:23.429541 55 util/log/clog.go:1196  [config] binary: CockroachDB CCL v19.2.4 (x86_64-unknown-linux-gnu, built 2020/02/06 21:55:19, go1.12.12)
I200320 19:01:23.429541 55 util/log/clog.go:1196  [config] arguments: [/cockroach/cockroach start --insecure --join=awordaday_node_1]
I200320 19:01:23.429541 55 util/log/clog.go:1196  line format: [IWEF]yymmdd hh:mm:ss.uuuuuu goid file:line msg utf8=✓
I200320 19:01:23.429512 55 storage/engine/rocksdb.go:120  RocksDB version: 6.2.1
I200320 19:01:23.438548 55 storage/engine/rocksdb.go:120  Git sha rocksdb_build_git_sha:@b7009236531fa784872f4823eabf393501e41bf2@
I200320 19:01:23.438567 55 storage/engine/rocksdb.go:120  Compile date Feb  6 2020
I200320 19:01:23.438586 55 storage/engine/rocksdb.go:120  DB SUMMARY
I200320 19:01:23.441764 55 storage/engine/rocksdb.go:120  SST files in /cockroach/cockroach-data/cockroach-temp653847917 dir, Total Num: 0, files: 
I200320 19:01:23.450901 55 storage/engine/rocksdb.go:120  Write Ahead Log file in /cockroach/cockroach-data/cockroach-temp653847917: 
I200320 19:01:23.450923 55 storage/engine/rocksdb.go:120                          Options.error_if_exists: 0
I200320 19:01:23.450941 55 storage/engine/rocksdb.go:120                        Options.create_if_missing: 1
I200320 19:01:23.450958 55 storage/engine/rocksdb.go:120                          Options.paranoid_checks: 1
I200320 19:01:23.450976 55 storage/engine/rocksdb.go:120                                      Options.env: 0x756aca0
I200320 19:01:23.450994 55 storage/engine/rocksdb.go:120                                 Options.info_log: 0x7fca0e087fe0
I200320 19:01:23.451011 55 storage/engine/rocksdb.go:120                 Options.max_file_opening_threads: 16
I200320 19:01:23.451029 55 storage/engine/rocksdb.go:120                               Options.statistics: 0x7fca0e01d8d0
I200320 19:01:23.451046 55 storage/engine/rocksdb.go:120                                Options.use_fsync: 0
I200320 19:01:23.451064 55 storage/engine/rocksdb.go:120                        Options.max_log_file_size: 0
I200320 19:01:23.451081 55 storage/engine/rocksdb.go:120                   Options.max_manifest_file_size: 134217728
I200320 19:01:23.451099 55 storage/engine/rocksdb.go:120                    Options.log_file_time_to_roll: 0
I200320 19:01:23.451116 55 storage/engine/rocksdb.go:120                        Options.keep_log_file_num: 1000
I200320 19:01:23.451129 55 storage/engine/rocksdb.go:120                     Options.recycle_log_file_num: 1
I200320 19:01:23.451144 55 storage/engine/rocksdb.go:120                          Options.allow_fallocate: 1
I200320 19:01:23.451161 55 storage/engine/rocksdb.go:120                         Options.allow_mmap_reads: 0
I200320 19:01:23.451175 55 storage/engine/rocksdb.go:120                        Options.allow_mmap_writes: 0
I200320 19:01:23.451189 55 storage/engine/rocksdb.go:120                         Options.use_direct_reads: 0
I200320 19:01:23.451207 55 storage/engine/rocksdb.go:120                         Options.use_direct_io_for_flush_and_compaction: 0
I200320 19:01:23.451225 55 storage/engine/rocksdb.go:120           Options.create_missing_column_families: 0
I200320 19:01:23.451242 55 storage/engine/rocksdb.go:120                               Options.db_log_dir: 
I200320 19:01:23.451260 55 storage/engine/rocksdb.go:120                                  Options.wal_dir: /cockroach/cockroach-data/cockroach-temp653847917
I200320 19:01:23.451278 55 storage/engine/rocksdb.go:120                 Options.table_cache_numshardbits: 6
I200320 19:01:23.451295 55 storage/engine/rocksdb.go:120                       Options.max_subcompactions: 1
I200320 19:01:23.451311 55 storage/engine/rocksdb.go:120                   Options.max_background_flushes: -1
I200320 19:01:23.451326 55 storage/engine/rocksdb.go:120                          Options.WAL_ttl_seconds: 0
I200320 19:01:23.451344 55 storage/engine/rocksdb.go:120                        Options.WAL_size_limit_MB: 0
I200320 19:01:23.451362 55 storage/engine/rocksdb.go:120              Options.manifest_preallocation_size: 4194304
I200320 19:01:23.451379 55 storage/engine/rocksdb.go:120                      Options.is_fd_close_on_exec: 1
I200320 19:01:23.451397 55 storage/engine/rocksdb.go:120                    Options.advise_random_on_open: 1
I200320 19:01:23.451415 55 storage/engine/rocksdb.go:120                     Options.db_write_buffer_size: 0
I200320 19:01:23.451432 55 storage/engine/rocksdb.go:120                     Options.write_buffer_manager: 0x7fca0e060ce0
I200320 19:01:23.451447 55 storage/engine/rocksdb.go:120          Options.access_hint_on_compaction_start: 1
I200320 19:01:23.451461 55 storage/engine/rocksdb.go:120   Options.new_table_reader_for_compaction_inputs: 0
I200320 19:01:23.451478 55 storage/engine/rocksdb.go:120            Options.random_access_max_buffer_size: 1048576
I200320 19:01:23.451496 55 storage/engine/rocksdb.go:120                       Options.use_adaptive_mutex: 0
I200320 19:01:23.451513 55 storage/engine/rocksdb.go:120                             Options.rate_limiter: (nil)
I200320 19:01:23.451532 55 storage/engine/rocksdb.go:120      Options.sst_file_manager.rate_bytes_per_sec: 0
I200320 19:01:23.451545 55 storage/engine/rocksdb.go:120                        Options.wal_recovery_mode: 0
I200320 19:01:23.451559 55 storage/engine/rocksdb.go:120                   Options.enable_thread_tracking: 0
I200320 19:01:23.451577 55 storage/engine/rocksdb.go:120                   Options.enable_pipelined_write: 0
I200320 19:01:23.451594 55 storage/engine/rocksdb.go:120          Options.allow_concurrent_memtable_write: 1
I200320 19:01:23.451607 55 storage/engine/rocksdb.go:120       Options.enable_write_thread_adaptive_yield: 1
I200320 19:01:23.451622 55 storage/engine/rocksdb.go:120              Options.write_thread_max_yield_usec: 100
I200320 19:01:23.451639 55 storage/engine/rocksdb.go:120             Options.write_thread_slow_yield_usec: 3
I200320 19:01:23.451656 55 storage/engine/rocksdb.go:120                                Options.row_cache: None
I200320 19:01:23.451674 55 storage/engine/rocksdb.go:120                               Options.wal_filter: None
I200320 19:01:23.451691 55 storage/engine/rocksdb.go:120              Options.avoid_flush_during_recovery: 0
I200320 19:01:23.451709 55 storage/engine/rocksdb.go:120              Options.allow_ingest_behind: 0
I200320 19:01:23.451726 55 storage/engine/rocksdb.go:120              Options.preserve_deletes: 0
I200320 19:01:23.451740 55 storage/engine/rocksdb.go:120              Options.two_write_queues: 0
I200320 19:01:23.451754 55 storage/engine/rocksdb.go:120              Options.manual_wal_flush: 1
I200320 19:01:23.451772 55 storage/engine/rocksdb.go:120              Options.atomic_flush: 0
I200320 19:01:23.451789 55 storage/engine/rocksdb.go:120              Options.avoid_unnecessary_blocking_io: 0
I200320 19:01:23.451807 55 storage/engine/rocksdb.go:120              Options.max_background_jobs: 4
I200320 19:01:23.451824 55 storage/engine/rocksdb.go:120              Options.max_background_compactions: -1
I200320 19:01:23.451842 55 storage/engine/rocksdb.go:120              Options.avoid_flush_during_shutdown: 0
I200320 19:01:23.451857 55 storage/engine/rocksdb.go:120            Options.writable_file_max_buffer_size: 1048576
I200320 19:01:23.451871 55 storage/engine/rocksdb.go:120              Options.delayed_write_rate : 16777216
I200320 19:01:23.451942 55 storage/engine/rocksdb.go:120              Options.max_total_wal_size: 0
I200320 19:01:23.451960 55 storage/engine/rocksdb.go:120              Options.delete_obsolete_files_period_micros: 21600000000
I200320 19:01:23.451978 55 storage/engine/rocksdb.go:120                    Options.stats_dump_period_sec: 0
I200320 19:01:23.451996 55 storage/engine/rocksdb.go:120                  Options.stats_persist_period_sec: 600
I200320 19:01:23.452009 55 storage/engine/rocksdb.go:120                  Options.stats_history_buffer_size: 1048576
I200320 19:01:23.452024 55 storage/engine/rocksdb.go:120                           Options.max_open_files: 128
I200320 19:01:23.452041 55 storage/engine/rocksdb.go:120                           Options.bytes_per_sync: 524288
I200320 19:01:23.452067 55 storage/engine/rocksdb.go:120                       Options.wal_bytes_per_sync: 0
I200320 19:01:23.452085 55 storage/engine/rocksdb.go:120                    Options.strict_bytes_per_sync: 1
I200320 19:01:23.452103 55 storage/engine/rocksdb.go:120        Options.compaction_readahead_size: 0
I200320 19:01:23.452120 55 storage/engine/rocksdb.go:120  Compression algorithms supported:
I200320 19:01:23.452138 55 storage/engine/rocksdb.go:120  	kZSTDNotFinalCompression supported: 0
I200320 19:01:23.452156 55 storage/engine/rocksdb.go:120  	kZSTD supported: 0
I200320 19:01:23.452170 55 storage/engine/rocksdb.go:120  	kXpressCompression supported: 0
I200320 19:01:23.452185 55 storage/engine/rocksdb.go:120  	kLZ4HCCompression supported: 0
I200320 19:01:23.452202 55 storage/engine/rocksdb.go:120  	kLZ4Compression supported: 0
I200320 19:01:23.452220 55 storage/engine/rocksdb.go:120  	kBZip2Compression supported: 0
I200320 19:01:23.452237 55 storage/engine/rocksdb.go:120  	kZlibCompression supported: 0
I200320 19:01:23.452251 55 storage/engine/rocksdb.go:120  	kSnappyCompression supported: 1
I200320 19:01:23.452276 55 storage/engine/rocksdb.go:120  Fast CRC32 supported: Supported on x86
I200320 19:01:23.456744 55 storage/engine/rocksdb.go:120  [db/db_impl_open.cc:242] Creating manifest 1 
I200320 19:01:23.488458 55 storage/engine/rocksdb.go:120  [db/version_set.cc:4072] Recovering from manifest file: /cockroach/cockroach-data/cockroach-temp653847917/MANIFEST-000001
I200320 19:01:23.490218 55 storage/engine/rocksdb.go:120  [db/column_family.cc:488] --------------- Options for column family [default]:
I200320 19:01:23.490241 55 storage/engine/rocksdb.go:120                Options.comparator: cockroach_comparator
I200320 19:01:23.490259 55 storage/engine/rocksdb.go:120            Options.merge_operator: cockroach_merge_operator
I200320 19:01:23.490277 55 storage/engine/rocksdb.go:120         Options.compaction_filter: None
I200320 19:01:23.490354 55 storage/engine/rocksdb.go:120         Options.compaction_filter_factory: None
I200320 19:01:23.490373 55 storage/engine/rocksdb.go:120          Options.memtable_factory: SkipListFactory
I200320 19:01:23.490391 55 storage/engine/rocksdb.go:120             Options.table_factory: BlockBasedTable
I200320 19:01:23.490487 55 storage/engine/rocksdb.go:120             table_factory options:   flush_block_policy_factory: FlushBlockBySizePolicyFactory (0x7fca0e024040)
  cache_index_and_filter_blocks: 0
  cache_index_and_filter_blocks_with_high_priority: 0
  pin_l0_filter_and_index_blocks_in_cache: 0
  pin_top_level_index_and_filter: 1
  index_type: 0
  data_block_index_type: 0
  index_shortening: 1
  data_block_hash_table_util_ratio: 0.750000
  hash_index_allow_collision: 1
  checksum: 1
  no_block_cache: 0
  block_cache: 0x7fca0e04b210
  block_cache_name: LRUCache
  block_cache_options:
    capacity : 1048576
    num_shard_bits : 4
    strict_capacity_limit : 0
    memory_allocator : None
    high_pri_pool_ratio: 0.000
  block_cache_compressed: (nil)
  persistent_cache: (nil)
  block_size: 32768
  block_size_deviation: 10
  block_restart_interval: 16
  index_block_restart_interval: 1
  metadata_block_size: 4096
  partition_filters: 0
  use_delta_encoding: 1
  filter_policy: rocksdb.BuiltinBloomFilter
  whole_key_filtering: 0
  verify_compression: 0
  read_amp_bytes_per_bit: 0
  format_version: 2
  enable_index_compression: 1
  block_align: 0
I200320 19:01:23.490508 55 storage/engine/rocksdb.go:120         Options.write_buffer_size: 67108864
I200320 19:01:23.490542 55 storage/engine/rocksdb.go:120   Options.max_write_buffer_number: 4
I200320 19:01:23.490611 55 storage/engine/rocksdb.go:120           Options.compression: Snappy
I200320 19:01:23.490630 55 storage/engine/rocksdb.go:120                   Options.bottommost_compression: Disabled
I200320 19:01:23.490648 55 storage/engine/rocksdb.go:120        Options.prefix_extractor: cockroach_prefix_extractor
I200320 19:01:23.490665 55 storage/engine/rocksdb.go:120    Options.memtable_insert_with_hint_prefix_extractor: nullptr
I200320 19:01:23.490764 55 storage/engine/rocksdb.go:120              Options.num_levels: 7
I200320 19:01:23.490781 55 storage/engine/rocksdb.go:120         Options.min_write_buffer_number_to_merge: 1
I200320 19:01:23.490799 55 storage/engine/rocksdb.go:120      Options.max_write_buffer_number_to_maintain: 0
I200320 19:01:23.490816 55 storage/engine/rocksdb.go:120             Options.bottommost_compression_opts.window_bits: -14
I200320 19:01:23.490892 55 storage/engine/rocksdb.go:120                   Options.bottommost_compression_opts.level: 32767
I200320 19:01:23.490907 55 storage/engine/rocksdb.go:120                Options.bottommost_compression_opts.strategy: 0
I200320 19:01:23.490925 55 storage/engine/rocksdb.go:120          Options.bottommost_compression_opts.max_dict_bytes: 0
I200320 19:01:23.490942 55 storage/engine/rocksdb.go:120          Options.bottommost_compression_opts.zstd_max_train_bytes: 0
I200320 19:01:23.490960 55 storage/engine/rocksdb.go:120                   Options.bottommost_compression_opts.enabled: false
I200320 19:01:23.491037 55 storage/engine/rocksdb.go:120             Options.compression_opts.window_bits: -14
I200320 19:01:23.491055 55 storage/engine/rocksdb.go:120                   Options.compression_opts.level: 32767
I200320 19:01:23.491073 55 storage/engine/rocksdb.go:120                Options.compression_opts.strategy: 0
I200320 19:01:23.491090 55 storage/engine/rocksdb.go:120          Options.compression_opts.max_dict_bytes: 0
I200320 19:01:23.491165 55 storage/engine/rocksdb.go:120          Options.compression_opts.zstd_max_train_bytes: 0
I200320 19:01:23.491182 55 storage/engine/rocksdb.go:120                   Options.compression_opts.enabled: false
I200320 19:01:23.491200 55 storage/engine/rocksdb.go:120       Options.level0_file_num_compaction_trigger: 2
I200320 19:01:23.491217 55 storage/engine/rocksdb.go:120           Options.level0_slowdown_writes_trigger: 950
I200320 19:01:23.491234 55 storage/engine/rocksdb.go:120               Options.level0_stop_writes_trigger: 1000
I200320 19:01:23.491309 55 storage/engine/rocksdb.go:120                    Options.target_file_size_base: 4194304
I200320 19:01:23.491325 55 storage/engine/rocksdb.go:120              Options.target_file_size_multiplier: 2
I200320 19:01:23.491338 55 storage/engine/rocksdb.go:120                 Options.max_bytes_for_level_base: 67108864
I200320 19:01:23.491352 55 storage/engine/rocksdb.go:120  Options.level_compaction_dynamic_level_bytes: 1
I200320 19:01:23.491375 55 storage/engine/rocksdb.go:120           Options.max_bytes_for_level_multiplier: 10.000000
I200320 19:01:23.491451 55 storage/engine/rocksdb.go:120  Options.max_bytes_for_level_multiplier_addtl[0]: 1
I200320 19:01:23.491474 55 storage/engine/rocksdb.go:120  Options.max_bytes_for_level_multiplier_addtl[1]: 1
I200320 19:01:23.491503 55 storage/engine/rocksdb.go:120  Options.max_bytes_for_level_multiplier_addtl[2]: 1
I200320 19:01:23.491588 55 storage/engine/rocksdb.go:120  Options.max_bytes_for_level_multiplier_addtl[3]: 1
I200320 19:01:23.491606 55 storage/engine/rocksdb.go:120  Options.max_bytes_for_level_multiplier_addtl[4]: 1
I200320 19:01:23.491624 55 storage/engine/rocksdb.go:120  Options.max_bytes_for_level_multiplier_addtl[5]: 1
I200320 19:01:23.491712 55 storage/engine/rocksdb.go:120  Options.max_bytes_for_level_multiplier_addtl[6]: 1
I200320 19:01:23.491763 55 storage/engine/rocksdb.go:120        Options.max_sequential_skip_in_iterations: 8
I200320 19:01:23.491781 55 storage/engine/rocksdb.go:120                     Options.max_compaction_bytes: 104857600
I200320 19:01:23.491799 55 storage/engine/rocksdb.go:120                         Options.arena_block_size: 8388608
I200320 19:01:23.491869 55 storage/engine/rocksdb.go:120    Options.soft_pending_compaction_bytes_limit: 2199023255552
I200320 19:01:23.491883 55 storage/engine/rocksdb.go:120    Options.hard_pending_compaction_bytes_limit: 4400193994752
I200320 19:01:23.491901 55 storage/engine/rocksdb.go:120        Options.rate_limit_delay_max_milliseconds: 100
I200320 19:01:23.491918 55 storage/engine/rocksdb.go:120                 Options.disable_auto_compactions: 0
I200320 19:01:23.491938 55 storage/engine/rocksdb.go:120                         Options.compaction_style: kCompactionStyleLevel
I200320 19:01:23.492016 55 storage/engine/rocksdb.go:120                           Options.compaction_pri: kMinOverlappingRatio
I200320 19:01:23.492033 55 storage/engine/rocksdb.go:120  Options.compaction_options_universal.size_ratio: 1
I200320 19:01:23.492047 55 storage/engine/rocksdb.go:120  Options.compaction_options_universal.min_merge_width: 2
I200320 19:01:23.492061 55 storage/engine/rocksdb.go:120  Options.compaction_options_universal.max_merge_width: 4294967295
I200320 19:01:23.492138 55 storage/engine/rocksdb.go:120  Options.compaction_options_universal.max_size_amplification_percent: 200
I200320 19:01:23.492157 55 storage/engine/rocksdb.go:120  Options.compaction_options_universal.compression_size_percent: -1
I200320 19:01:23.492171 55 storage/engine/rocksdb.go:120  Options.compaction_options_universal.stop_style: kCompactionStopStyleTotalSize
I200320 19:01:23.492186 55 storage/engine/rocksdb.go:120  Options.compaction_options_fifo.max_table_files_size: 1073741824
I200320 19:01:23.492226 55 storage/engine/rocksdb.go:120  Options.compaction_options_fifo.allow_compaction: 0
I200320 19:01:23.492277 55 storage/engine/rocksdb.go:120                    Options.table_properties_collectors: TimeBoundTblPropCollectorFactory; DeleteRangeTblPropCollectorFactory; 
I200320 19:01:23.492306 55 storage/engine/rocksdb.go:120                    Options.inplace_update_support: 0
I200320 19:01:23.492324 55 storage/engine/rocksdb.go:120                  Options.inplace_update_num_locks: 10000
I200320 19:01:23.492398 55 storage/engine/rocksdb.go:120                Options.memtable_prefix_bloom_size_ratio: 0.000000
I200320 19:01:23.492412 55 storage/engine/rocksdb.go:120                Options.memtable_whole_key_filtering: 0
I200320 19:01:23.492430 55 storage/engine/rocksdb.go:120    Options.memtable_huge_page_size: 0
I200320 19:01:23.492447 55 storage/engine/rocksdb.go:120                            Options.bloom_locality: 0
I200320 19:01:23.492465 55 storage/engine/rocksdb.go:120                     Options.max_successive_merges: 0
I200320 19:01:23.492541 55 storage/engine/rocksdb.go:120                 Options.optimize_filters_for_hits: 1
I200320 19:01:23.492559 55 storage/engine/rocksdb.go:120                 Options.paranoid_file_checks: 0
I200320 19:01:23.492576 55 storage/engine/rocksdb.go:120                 Options.force_consistency_checks: 0
I200320 19:01:23.492612 55 storage/engine/rocksdb.go:120                 Options.report_bg_io_stats: 0
I200320 19:01:23.492709 55 storage/engine/rocksdb.go:120                                Options.ttl: 0
I200320 19:01:23.492755 55 storage/engine/rocksdb.go:120           Options.periodic_compaction_seconds: 0
I200320 19:01:23.496757 55 storage/engine/rocksdb.go:120  [db/version_set.cc:4286] Recovered from manifest file:/cockroach/cockroach-data/cockroach-temp653847917/MANIFEST-000001 succeeded,manifest_file_number is 1, next_file_number is 3, last_sequence is 0, log_number is 0,prev_log_number is 0,max_column_family is 0,min_log_number_to_keep is 0
I200320 19:01:23.496772 55 storage/engine/rocksdb.go:120  [db/version_set.cc:4295] Column family [default] (ID 0), log number is 0
I200320 19:01:23.531322 55 storage/engine/rocksdb.go:120  DB pointer 0x7fca0e17c000
I200320 19:01:23.583203 55 storage/engine/rocksdb.go:120  RocksDB version: 6.2.1
I200320 19:01:23.583234 55 storage/engine/rocksdb.go:120  Git sha rocksdb_build_git_sha:@b7009236531fa784872f4823eabf393501e41bf2@
I200320 19:01:23.583254 55 storage/engine/rocksdb.go:120  Compile date Feb  6 2020
I200320 19:01:23.583279 55 storage/engine/rocksdb.go:120  DB SUMMARY
I200320 19:01:23.590112 55 storage/engine/rocksdb.go:120  CURRENT file:  CURRENT
I200320 19:01:23.590135 55 storage/engine/rocksdb.go:120  IDENTITY file:  IDENTITY
I200320 19:01:23.591830 55 storage/engine/rocksdb.go:120  MANIFEST file:  MANIFEST-000008 size: 53 Bytes
I200320 19:01:23.591872 55 storage/engine/rocksdb.go:120  SST files in /cockroach/cockroach-data dir, Total Num: 0, files: 
I200320 19:01:23.591890 55 storage/engine/rocksdb.go:120  Write Ahead Log file in /cockroach/cockroach-data: 000009.log size: 450 ; 
I200320 19:01:23.591909 55 storage/engine/rocksdb.go:120                          Options.error_if_exists: 0
I200320 19:01:23.591926 55 storage/engine/rocksdb.go:120                        Options.create_if_missing: 1
I200320 19:01:23.591943 55 storage/engine/rocksdb.go:120                          Options.paranoid_checks: 1
I200320 19:01:23.591961 55 storage/engine/rocksdb.go:120                                      Options.env: 0x756aca0
I200320 19:01:23.591978 55 storage/engine/rocksdb.go:120                                 Options.info_log: 0x7fc9ffc19080
I200320 19:01:23.591995 55 storage/engine/rocksdb.go:120                 Options.max_file_opening_threads: 16
I200320 19:01:23.592012 55 storage/engine/rocksdb.go:120                               Options.statistics: 0x7fc9ffc1f010
I200320 19:01:23.592029 55 storage/engine/rocksdb.go:120                                Options.use_fsync: 0
I200320 19:01:23.592047 55 storage/engine/rocksdb.go:120                        Options.max_log_file_size: 0
I200320 19:01:23.592065 55 storage/engine/rocksdb.go:120                   Options.max_manifest_file_size: 134217728
I200320 19:01:23.592083 55 storage/engine/rocksdb.go:120                    Options.log_file_time_to_roll: 0
I200320 19:01:23.592100 55 storage/engine/rocksdb.go:120                        Options.keep_log_file_num: 1000
I200320 19:01:23.592117 55 storage/engine/rocksdb.go:120                     Options.recycle_log_file_num: 1
I200320 19:01:23.592134 55 storage/engine/rocksdb.go:120                          Options.allow_fallocate: 1
I200320 19:01:23.592151 55 storage/engine/rocksdb.go:120                         Options.allow_mmap_reads: 0
I200320 19:01:23.592168 55 storage/engine/rocksdb.go:120                        Options.allow_mmap_writes: 0
I200320 19:01:23.592185 55 storage/engine/rocksdb.go:120                         Options.use_direct_reads: 0
I200320 19:01:23.592202 55 storage/engine/rocksdb.go:120                         Options.use_direct_io_for_flush_and_compaction: 0
I200320 19:01:23.592219 55 storage/engine/rocksdb.go:120           Options.create_missing_column_families: 0
I200320 19:01:23.592235 55 storage/engine/rocksdb.go:120                               Options.db_log_dir: 
I200320 19:01:23.592253 55 storage/engine/rocksdb.go:120                                  Options.wal_dir: /cockroach/cockroach-data
I200320 19:01:23.592270 55 storage/engine/rocksdb.go:120                 Options.table_cache_numshardbits: 6
I200320 19:01:23.592287 55 storage/engine/rocksdb.go:120                       Options.max_subcompactions: 1
I200320 19:01:23.592303 55 storage/engine/rocksdb.go:120                   Options.max_background_flushes: -1
I200320 19:01:23.592321 55 storage/engine/rocksdb.go:120                          Options.WAL_ttl_seconds: 0
I200320 19:01:23.592338 55 storage/engine/rocksdb.go:120                        Options.WAL_size_limit_MB: 0
I200320 19:01:23.592355 55 storage/engine/rocksdb.go:120              Options.manifest_preallocation_size: 4194304
I200320 19:01:23.592372 55 storage/engine/rocksdb.go:120                      Options.is_fd_close_on_exec: 1
I200320 19:01:23.592390 55 storage/engine/rocksdb.go:120                    Options.advise_random_on_open: 1
I200320 19:01:23.592407 55 storage/engine/rocksdb.go:120                     Options.db_write_buffer_size: 0
I200320 19:01:23.592424 55 storage/engine/rocksdb.go:120                     Options.write_buffer_manager: 0x7fc9ffc87030
I200320 19:01:23.592441 55 storage/engine/rocksdb.go:120          Options.access_hint_on_compaction_start: 1
I200320 19:01:23.592458 55 storage/engine/rocksdb.go:120   Options.new_table_reader_for_compaction_inputs: 0
I200320 19:01:23.592476 55 storage/engine/rocksdb.go:120            Options.random_access_max_buffer_size: 1048576
I200320 19:01:23.592493 55 storage/engine/rocksdb.go:120                       Options.use_adaptive_mutex: 0
I200320 19:01:23.592510 55 storage/engine/rocksdb.go:120                             Options.rate_limiter: (nil)
I200320 19:01:23.592528 55 storage/engine/rocksdb.go:120      Options.sst_file_manager.rate_bytes_per_sec: 0
I200320 19:01:23.592545 55 storage/engine/rocksdb.go:120                        Options.wal_recovery_mode: 0
I200320 19:01:23.592562 55 storage/engine/rocksdb.go:120                   Options.enable_thread_tracking: 0
I200320 19:01:23.592579 55 storage/engine/rocksdb.go:120                   Options.enable_pipelined_write: 0
I200320 19:01:23.592596 55 storage/engine/rocksdb.go:120          Options.allow_concurrent_memtable_write: 1
I200320 19:01:23.592613 55 storage/engine/rocksdb.go:120       Options.enable_write_thread_adaptive_yield: 1
I200320 19:01:23.592630 55 storage/engine/rocksdb.go:120              Options.write_thread_max_yield_usec: 100
I200320 19:01:23.592647 55 storage/engine/rocksdb.go:120             Options.write_thread_slow_yield_usec: 3
I200320 19:01:23.592664 55 storage/engine/rocksdb.go:120                                Options.row_cache: None
I200320 19:01:23.592681 55 storage/engine/rocksdb.go:120                               Options.wal_filter: None
I200320 19:01:23.592698 55 storage/engine/rocksdb.go:120              Options.avoid_flush_during_recovery: 0
I200320 19:01:23.592715 55 storage/engine/rocksdb.go:120              Options.allow_ingest_behind: 0
I200320 19:01:23.592732 55 storage/engine/rocksdb.go:120              Options.preserve_deletes: 0
I200320 19:01:23.592749 55 storage/engine/rocksdb.go:120              Options.two_write_queues: 0
I200320 19:01:23.592766 55 storage/engine/rocksdb.go:120              Options.manual_wal_flush: 1
I200320 19:01:23.592783 55 storage/engine/rocksdb.go:120              Options.atomic_flush: 0
I200320 19:01:23.592800 55 storage/engine/rocksdb.go:120              Options.avoid_unnecessary_blocking_io: 0
I200320 19:01:23.592817 55 storage/engine/rocksdb.go:120              Options.max_background_jobs: 4
I200320 19:01:23.592834 55 storage/engine/rocksdb.go:120              Options.max_background_compactions: -1
I200320 19:01:23.592851 55 storage/engine/rocksdb.go:120              Options.avoid_flush_during_shutdown: 0
I200320 19:01:23.592973 55 storage/engine/rocksdb.go:120            Options.writable_file_max_buffer_size: 1048576
I200320 19:01:23.593001 55 storage/engine/rocksdb.go:120              Options.delayed_write_rate : 16777216
I200320 19:01:23.593035 55 storage/engine/rocksdb.go:120              Options.max_total_wal_size: 0
I200320 19:01:23.593052 55 storage/engine/rocksdb.go:120              Options.delete_obsolete_files_period_micros: 21600000000
I200320 19:01:23.593069 55 storage/engine/rocksdb.go:120                    Options.stats_dump_period_sec: 0
I200320 19:01:23.593086 55 storage/engine/rocksdb.go:120                  Options.stats_persist_period_sec: 600
I200320 19:01:23.593103 55 storage/engine/rocksdb.go:120                  Options.stats_history_buffer_size: 1048576
I200320 19:01:23.593122 55 storage/engine/rocksdb.go:120                           Options.max_open_files: 1043576
I200320 19:01:23.593139 55 storage/engine/rocksdb.go:120                           Options.bytes_per_sync: 524288
I200320 19:01:23.593156 55 storage/engine/rocksdb.go:120                       Options.wal_bytes_per_sync: 0
I200320 19:01:23.593173 55 storage/engine/rocksdb.go:120                    Options.strict_bytes_per_sync: 1
I200320 19:01:23.593190 55 storage/engine/rocksdb.go:120        Options.compaction_readahead_size: 0
I200320 19:01:23.593208 55 storage/engine/rocksdb.go:120  Compression algorithms supported:
I200320 19:01:23.593226 55 storage/engine/rocksdb.go:120  	kZSTDNotFinalCompression supported: 0
I200320 19:01:23.593244 55 storage/engine/rocksdb.go:120  	kZSTD supported: 0
I200320 19:01:23.593261 55 storage/engine/rocksdb.go:120  	kXpressCompression supported: 0
I200320 19:01:23.593279 55 storage/engine/rocksdb.go:120  	kLZ4HCCompression supported: 0
I200320 19:01:23.593296 55 storage/engine/rocksdb.go:120  	kLZ4Compression supported: 0
I200320 19:01:23.593313 55 storage/engine/rocksdb.go:120  	kBZip2Compression supported: 0
I200320 19:01:23.593330 55 storage/engine/rocksdb.go:120  	kZlibCompression supported: 0
I200320 19:01:23.593347 55 storage/engine/rocksdb.go:120  	kSnappyCompression supported: 1
I200320 19:01:23.593373 55 storage/engine/rocksdb.go:120  Fast CRC32 supported: Supported on x86
I200320 19:01:23.601396 55 storage/engine/rocksdb.go:120  [db/version_set.cc:4072] Recovering from manifest file: /cockroach/cockroach-data/MANIFEST-000008
I200320 19:01:23.602767 55 storage/engine/rocksdb.go:120  [db/column_family.cc:488] --------------- Options for column family [default]:
I200320 19:01:23.602790 55 storage/engine/rocksdb.go:120                Options.comparator: cockroach_comparator
I200320 19:01:23.602808 55 storage/engine/rocksdb.go:120            Options.merge_operator: cockroach_merge_operator
I200320 19:01:23.602827 55 storage/engine/rocksdb.go:120         Options.compaction_filter: None
I200320 19:01:23.602845 55 storage/engine/rocksdb.go:120         Options.compaction_filter_factory: None
I200320 19:01:23.602863 55 storage/engine/rocksdb.go:120          Options.memtable_factory: SkipListFactory
I200320 19:01:23.602881 55 storage/engine/rocksdb.go:120             Options.table_factory: BlockBasedTable
I200320 19:01:23.602924 55 storage/engine/rocksdb.go:120             table_factory options:   flush_block_policy_factory: FlushBlockBySizePolicyFactory (0x7fc9ffc1d028)
  cache_index_and_filter_blocks: 0
  cache_index_and_filter_blocks_with_high_priority: 0
  pin_l0_filter_and_index_blocks_in_cache: 0
  pin_top_level_index_and_filter: 1
  index_type: 0
  data_block_index_type: 0
  index_shortening: 1
  data_block_hash_table_util_ratio: 0.750000
  hash_index_allow_collision: 1
  checksum: 1
  no_block_cache: 0
  block_cache: 0x7fc9ffc0e010
  block_cache_name: LRUCache
  block_cache_options:
    capacity : 67108864
    num_shard_bits : 4
    strict_capacity_limit : 0
    memory_allocator : None
    high_pri_pool_ratio: 0.000
  block_cache_compressed: (nil)
  persistent_cache: (nil)
  block_size: 32768
  block_size_deviation: 10
  block_restart_interval: 16
  index_block_restart_interval: 1
  metadata_block_size: 4096
  partition_filters: 0
  use_delta_encoding: 1
  filter_policy: rocksdb.BuiltinBloomFilter
  whole_key_filtering: 0
  verify_compression: 0
  read_amp_bytes_per_bit: 0
  format_version: 2
  enable_index_compression: 1
  block_align: 0
I200320 19:01:23.602945 55 storage/engine/rocksdb.go:120         Options.write_buffer_size: 67108864
I200320 19:01:23.602964 55 storage/engine/rocksdb.go:120   Options.max_write_buffer_number: 4
I200320 19:01:23.602982 55 storage/engine/rocksdb.go:120           Options.compression: Snappy
I200320 19:01:23.602999 55 storage/engine/rocksdb.go:120                   Options.bottommost_compression: Disabled
I200320 19:01:23.603016 55 storage/engine/rocksdb.go:120        Options.prefix_extractor: cockroach_prefix_extractor
I200320 19:01:23.603034 55 storage/engine/rocksdb.go:120    Options.memtable_insert_with_hint_prefix_extractor: nullptr
I200320 19:01:23.603051 55 storage/engine/rocksdb.go:120              Options.num_levels: 7
I200320 19:01:23.603069 55 storage/engine/rocksdb.go:120         Options.min_write_buffer_number_to_merge: 1
I200320 19:01:23.603086 55 storage/engine/rocksdb.go:120      Options.max_write_buffer_number_to_maintain: 0
I200320 19:01:23.603104 55 storage/engine/rocksdb.go:120             Options.bottommost_compression_opts.window_bits: -14
I200320 19:01:23.603122 55 storage/engine/rocksdb.go:120                   Options.bottommost_compression_opts.level: 32767
I200320 19:01:23.603139 55 storage/engine/rocksdb.go:120                Options.bottommost_compression_opts.strategy: 0
I200320 19:01:23.603157 55 storage/engine/rocksdb.go:120          Options.bottommost_compression_opts.max_dict_bytes: 0
I200320 19:01:23.603174 55 storage/engine/rocksdb.go:120          Options.bottommost_compression_opts.zstd_max_train_bytes: 0
I200320 19:01:23.603191 55 storage/engine/rocksdb.go:120                   Options.bottommost_compression_opts.enabled: false
I200320 19:01:23.603209 55 storage/engine/rocksdb.go:120             Options.compression_opts.window_bits: -14
I200320 19:01:23.603226 55 storage/engine/rocksdb.go:120                   Options.compression_opts.level: 32767
I200320 19:01:23.603248 55 storage/engine/rocksdb.go:120                Options.compression_opts.strategy: 0
I200320 19:01:23.603266 55 storage/engine/rocksdb.go:120          Options.compression_opts.max_dict_bytes: 0
I200320 19:01:23.603283 55 storage/engine/rocksdb.go:120          Options.compression_opts.zstd_max_train_bytes: 0
I200320 19:01:23.603301 55 storage/engine/rocksdb.go:120                   Options.compression_opts.enabled: false
I200320 19:01:23.603319 55 storage/engine/rocksdb.go:120       Options.level0_file_num_compaction_trigger: 2
I200320 19:01:23.603337 55 storage/engine/rocksdb.go:120           Options.level0_slowdown_writes_trigger: 950
I200320 19:01:23.603355 55 storage/engine/rocksdb.go:120               Options.level0_stop_writes_trigger: 1000
I200320 19:01:23.603372 55 storage/engine/rocksdb.go:120                    Options.target_file_size_base: 4194304
I200320 19:01:23.603389 55 storage/engine/rocksdb.go:120              Options.target_file_size_multiplier: 2
I200320 19:01:23.603407 55 storage/engine/rocksdb.go:120                 Options.max_bytes_for_level_base: 67108864
I200320 19:01:23.603424 55 storage/engine/rocksdb.go:120  Options.level_compaction_dynamic_level_bytes: 1
I200320 19:01:23.603442 55 storage/engine/rocksdb.go:120           Options.max_bytes_for_level_multiplier: 10.000000
I200320 19:01:23.603460 55 storage/engine/rocksdb.go:120  Options.max_bytes_for_level_multiplier_addtl[0]: 1
I200320 19:01:23.603478 55 storage/engine/rocksdb.go:120  Options.max_bytes_for_level_multiplier_addtl[1]: 1
I200320 19:01:23.603495 55 storage/engine/rocksdb.go:120  Options.max_bytes_for_level_multiplier_addtl[2]: 1
I200320 19:01:23.603512 55 storage/engine/rocksdb.go:120  Options.max_bytes_for_level_multiplier_addtl[3]: 1
I200320 19:01:23.603530 55 storage/engine/rocksdb.go:120  Options.max_bytes_for_level_multiplier_addtl[4]: 1
I200320 19:01:23.603547 55 storage/engine/rocksdb.go:120  Options.max_bytes_for_level_multiplier_addtl[5]: 1
I200320 19:01:23.603564 55 storage/engine/rocksdb.go:120  Options.max_bytes_for_level_multiplier_addtl[6]: 1
I200320 19:01:23.603609 55 storage/engine/rocksdb.go:120        Options.max_sequential_skip_in_iterations: 8
I200320 19:01:23.603627 55 storage/engine/rocksdb.go:120                     Options.max_compaction_bytes: 104857600
I200320 19:01:23.603645 55 storage/engine/rocksdb.go:120                         Options.arena_block_size: 8388608
I200320 19:01:23.603663 55 storage/engine/rocksdb.go:120    Options.soft_pending_compaction_bytes_limit: 2199023255552
I200320 19:01:23.603680 55 storage/engine/rocksdb.go:120    Options.hard_pending_compaction_bytes_limit: 4400193994752
I200320 19:01:23.603698 55 storage/engine/rocksdb.go:120        Options.rate_limit_delay_max_milliseconds: 100
I200320 19:01:23.603715 55 storage/engine/rocksdb.go:120                 Options.disable_auto_compactions: 0
I200320 19:01:23.603735 55 storage/engine/rocksdb.go:120                         Options.compaction_style: kCompactionStyleLevel
I200320 19:01:23.603753 55 storage/engine/rocksdb.go:120                           Options.compaction_pri: kMinOverlappingRatio
I200320 19:01:23.603825 55 storage/engine/rocksdb.go:120  Options.compaction_options_universal.size_ratio: 1
I200320 19:01:23.603843 55 storage/engine/rocksdb.go:120  Options.compaction_options_universal.min_merge_width: 2
I200320 19:01:23.603860 55 storage/engine/rocksdb.go:120  Options.compaction_options_universal.max_merge_width: 4294967295
I200320 19:01:23.603878 55 storage/engine/rocksdb.go:120  Options.compaction_options_universal.max_size_amplification_percent: 200
I200320 19:01:23.603895 55 storage/engine/rocksdb.go:120  Options.compaction_options_universal.compression_size_percent: -1
I200320 19:01:23.603914 55 storage/engine/rocksdb.go:120  Options.compaction_options_universal.stop_style: kCompactionStopStyleTotalSize
I200320 19:01:23.603931 55 storage/engine/rocksdb.go:120  Options.compaction_options_fifo.max_table_files_size: 1073741824
I200320 19:01:23.603949 55 storage/engine/rocksdb.go:120  Options.compaction_options_fifo.allow_compaction: 0
I200320 19:01:23.603969 55 storage/engine/rocksdb.go:120                    Options.table_properties_collectors: TimeBoundTblPropCollectorFactory; DeleteRangeTblPropCollectorFactory; 
I200320 19:01:23.603988 55 storage/engine/rocksdb.go:120                    Options.inplace_update_support: 0
I200320 19:01:23.604006 55 storage/engine/rocksdb.go:120                  Options.inplace_update_num_locks: 10000
I200320 19:01:23.604024 55 storage/engine/rocksdb.go:120                Options.memtable_prefix_bloom_size_ratio: 0.000000
I200320 19:01:23.604042 55 storage/engine/rocksdb.go:120                Options.memtable_whole_key_filtering: 0
I200320 19:01:23.604060 55 storage/engine/rocksdb.go:120    Options.memtable_huge_page_size: 0
I200320 19:01:23.604077 55 storage/engine/rocksdb.go:120                            Options.bloom_locality: 0
I200320 19:01:23.604094 55 storage/engine/rocksdb.go:120                     Options.max_successive_merges: 0
I200320 19:01:23.604112 55 storage/engine/rocksdb.go:120                 Options.optimize_filters_for_hits: 1
I200320 19:01:23.604129 55 storage/engine/rocksdb.go:120                 Options.paranoid_file_checks: 0
I200320 19:01:23.604149 55 storage/engine/rocksdb.go:120                 Options.force_consistency_checks: 0
I200320 19:01:23.604167 55 storage/engine/rocksdb.go:120                 Options.report_bg_io_stats: 0
I200320 19:01:23.604184 55 storage/engine/rocksdb.go:120                                Options.ttl: 0
I200320 19:01:23.604202 55 storage/engine/rocksdb.go:120           Options.periodic_compaction_seconds: 0
I200320 19:01:23.606602 55 storage/engine/rocksdb.go:120  [db/version_set.cc:4286] Recovered from manifest file:/cockroach/cockroach-data/MANIFEST-000008 succeeded,manifest_file_number is 8, next_file_number is 10, last_sequence is 0, log_number is 7,prev_log_number is 0,max_column_family is 0,min_log_number_to_keep is 0
I200320 19:01:23.606623 55 storage/engine/rocksdb.go:120  [db/version_set.cc:4295] Column family [default] (ID 0), log number is 7
I200320 19:01:23.609572 55 storage/engine/rocksdb.go:120  EVENT_LOG_v1 {"time_micros": 1584730883609541, "job": 1, "event": "recovery_started", "log_files": [9]}
I200320 19:01:23.609597 55 storage/engine/rocksdb.go:120  [db/db_impl_open.cc:598] Recovering log #9 mode 0
I200320 19:01:23.612390 55 storage/engine/rocksdb.go:120  [db/version_set.cc:3560] Creating manifest 11
I200320 19:01:23.618288 55 storage/engine/rocksdb.go:120  EVENT_LOG_v1 {"time_micros": 1584730883618250, "job": 1, "event": "recovery_finished"}
I200320 19:01:23.642609 55 storage/engine/rocksdb.go:120  DB pointer 0x7fc9ffc94000
