I200322 03:13:02.534448 15 util/log/clog.go:1196  [config] file created at: 2020/03/22 03:13:02
I200322 03:13:02.534448 15 util/log/clog.go:1196  [config] running on machine: d6c793d0ce08
I200322 03:13:02.534448 15 util/log/clog.go:1196  [config] binary: CockroachDB CCL v19.2.4 (x86_64-unknown-linux-gnu, built 2020/02/06 21:55:19, go1.12.12)
I200322 03:13:02.534448 15 util/log/clog.go:1196  [config] arguments: [/cockroach/cockroach start --insecure --host=127.0.0.1 --join=node_1]
I200322 03:13:02.534448 15 util/log/clog.go:1196  line format: [IWEF]yymmdd hh:mm:ss.uuuuuu goid file:line msg utf8=✓
I200322 03:13:02.534435 15 storage/engine/rocksdb.go:120  RocksDB version: 6.2.1
I200322 03:13:02.542497 15 storage/engine/rocksdb.go:120  Git sha rocksdb_build_git_sha:@b7009236531fa784872f4823eabf393501e41bf2@
I200322 03:13:02.542526 15 storage/engine/rocksdb.go:120  Compile date Feb  6 2020
I200322 03:13:02.542547 15 storage/engine/rocksdb.go:120  DB SUMMARY
I200322 03:13:02.548392 15 storage/engine/rocksdb.go:120  SST files in /cockroach/cockroach-data/cockroach-temp832058520 dir, Total Num: 0, files: 
I200322 03:13:02.638149 15 storage/engine/rocksdb.go:120  Write Ahead Log file in /cockroach/cockroach-data/cockroach-temp832058520: 
I200322 03:13:02.638190 15 storage/engine/rocksdb.go:120                          Options.error_if_exists: 0
I200322 03:13:02.638243 15 storage/engine/rocksdb.go:120                        Options.create_if_missing: 1
I200322 03:13:02.638262 15 storage/engine/rocksdb.go:120                          Options.paranoid_checks: 1
I200322 03:13:02.638398 15 storage/engine/rocksdb.go:120                                      Options.env: 0x756aca0
I200322 03:13:02.638419 15 storage/engine/rocksdb.go:120                                 Options.info_log: 0x7fdce6c0d1e0
I200322 03:13:02.638437 15 storage/engine/rocksdb.go:120                 Options.max_file_opening_threads: 16
I200322 03:13:02.638455 15 storage/engine/rocksdb.go:120                               Options.statistics: 0x7fdce6c34010
I200322 03:13:02.638480 15 storage/engine/rocksdb.go:120                                Options.use_fsync: 0
I200322 03:13:02.638514 15 storage/engine/rocksdb.go:120                        Options.max_log_file_size: 0
I200322 03:13:02.638550 15 storage/engine/rocksdb.go:120                   Options.max_manifest_file_size: 134217728
I200322 03:13:02.638568 15 storage/engine/rocksdb.go:120                    Options.log_file_time_to_roll: 0
I200322 03:13:02.638621 15 storage/engine/rocksdb.go:120                        Options.keep_log_file_num: 1000
I200322 03:13:02.638638 15 storage/engine/rocksdb.go:120                     Options.recycle_log_file_num: 1
I200322 03:13:02.638662 15 storage/engine/rocksdb.go:120                          Options.allow_fallocate: 1
I200322 03:13:02.638677 15 storage/engine/rocksdb.go:120                         Options.allow_mmap_reads: 0
I200322 03:13:02.638691 15 storage/engine/rocksdb.go:120                        Options.allow_mmap_writes: 0
I200322 03:13:02.638704 15 storage/engine/rocksdb.go:120                         Options.use_direct_reads: 0
I200322 03:13:02.638717 15 storage/engine/rocksdb.go:120                         Options.use_direct_io_for_flush_and_compaction: 0
I200322 03:13:02.638735 15 storage/engine/rocksdb.go:120           Options.create_missing_column_families: 0
I200322 03:13:02.638752 15 storage/engine/rocksdb.go:120                               Options.db_log_dir: 
I200322 03:13:02.638786 15 storage/engine/rocksdb.go:120                                  Options.wal_dir: /cockroach/cockroach-data/cockroach-temp832058520
I200322 03:13:02.638804 15 storage/engine/rocksdb.go:120                 Options.table_cache_numshardbits: 6
I200322 03:13:02.638841 15 storage/engine/rocksdb.go:120                       Options.max_subcompactions: 1
I200322 03:13:02.638860 15 storage/engine/rocksdb.go:120                   Options.max_background_flushes: -1
I200322 03:13:02.638873 15 storage/engine/rocksdb.go:120                          Options.WAL_ttl_seconds: 0
I200322 03:13:02.638889 15 storage/engine/rocksdb.go:120                        Options.WAL_size_limit_MB: 0
I200322 03:13:02.638907 15 storage/engine/rocksdb.go:120              Options.manifest_preallocation_size: 4194304
I200322 03:13:02.638924 15 storage/engine/rocksdb.go:120                      Options.is_fd_close_on_exec: 1
I200322 03:13:02.638943 15 storage/engine/rocksdb.go:120                    Options.advise_random_on_open: 1
I200322 03:13:02.638957 15 storage/engine/rocksdb.go:120                     Options.db_write_buffer_size: 0
I200322 03:13:02.638972 15 storage/engine/rocksdb.go:120                     Options.write_buffer_manager: 0x7fdce6c1f060
I200322 03:13:02.638989 15 storage/engine/rocksdb.go:120          Options.access_hint_on_compaction_start: 1
I200322 03:13:02.639010 15 storage/engine/rocksdb.go:120   Options.new_table_reader_for_compaction_inputs: 0
I200322 03:13:02.639028 15 storage/engine/rocksdb.go:120            Options.random_access_max_buffer_size: 1048576
I200322 03:13:02.639041 15 storage/engine/rocksdb.go:120                       Options.use_adaptive_mutex: 0
I200322 03:13:02.639059 15 storage/engine/rocksdb.go:120                             Options.rate_limiter: (nil)
I200322 03:13:02.639075 15 storage/engine/rocksdb.go:120      Options.sst_file_manager.rate_bytes_per_sec: 0
I200322 03:13:02.639087 15 storage/engine/rocksdb.go:120                        Options.wal_recovery_mode: 0
I200322 03:13:02.639102 15 storage/engine/rocksdb.go:120                   Options.enable_thread_tracking: 0
I200322 03:13:02.639122 15 storage/engine/rocksdb.go:120                   Options.enable_pipelined_write: 0
I200322 03:13:02.639135 15 storage/engine/rocksdb.go:120          Options.allow_concurrent_memtable_write: 1
I200322 03:13:02.639187 15 storage/engine/rocksdb.go:120       Options.enable_write_thread_adaptive_yield: 1
I200322 03:13:02.639207 15 storage/engine/rocksdb.go:120              Options.write_thread_max_yield_usec: 100
I200322 03:13:02.639224 15 storage/engine/rocksdb.go:120             Options.write_thread_slow_yield_usec: 3
I200322 03:13:02.639242 15 storage/engine/rocksdb.go:120                                Options.row_cache: None
I200322 03:13:02.639309 15 storage/engine/rocksdb.go:120                               Options.wal_filter: None
I200322 03:13:02.639328 15 storage/engine/rocksdb.go:120              Options.avoid_flush_during_recovery: 0
I200322 03:13:02.639373 15 storage/engine/rocksdb.go:120              Options.allow_ingest_behind: 0
I200322 03:13:02.639404 15 storage/engine/rocksdb.go:120              Options.preserve_deletes: 0
I200322 03:13:02.639433 15 storage/engine/rocksdb.go:120              Options.two_write_queues: 0
I200322 03:13:02.639488 15 storage/engine/rocksdb.go:120              Options.manual_wal_flush: 1
I200322 03:13:02.639513 15 storage/engine/rocksdb.go:120              Options.atomic_flush: 0
I200322 03:13:02.639530 15 storage/engine/rocksdb.go:120              Options.avoid_unnecessary_blocking_io: 0
I200322 03:13:02.639548 15 storage/engine/rocksdb.go:120              Options.max_background_jobs: 4
I200322 03:13:02.639566 15 storage/engine/rocksdb.go:120              Options.max_background_compactions: -1
I200322 03:13:02.639584 15 storage/engine/rocksdb.go:120              Options.avoid_flush_during_shutdown: 0
I200322 03:13:02.639603 15 storage/engine/rocksdb.go:120            Options.writable_file_max_buffer_size: 1048576
I200322 03:13:02.639621 15 storage/engine/rocksdb.go:120              Options.delayed_write_rate : 16777216
I200322 03:13:02.639633 15 storage/engine/rocksdb.go:120              Options.max_total_wal_size: 0
I200322 03:13:02.639651 15 storage/engine/rocksdb.go:120              Options.delete_obsolete_files_period_micros: 21600000000
I200322 03:13:02.639668 15 storage/engine/rocksdb.go:120                    Options.stats_dump_period_sec: 0
I200322 03:13:02.639685 15 storage/engine/rocksdb.go:120                  Options.stats_persist_period_sec: 600
I200322 03:13:02.639702 15 storage/engine/rocksdb.go:120                  Options.stats_history_buffer_size: 1048576
I200322 03:13:02.639726 15 storage/engine/rocksdb.go:120                           Options.max_open_files: 128
I200322 03:13:02.639744 15 storage/engine/rocksdb.go:120                           Options.bytes_per_sync: 524288
I200322 03:13:02.639761 15 storage/engine/rocksdb.go:120                       Options.wal_bytes_per_sync: 0
I200322 03:13:02.639794 15 storage/engine/rocksdb.go:120                    Options.strict_bytes_per_sync: 1
I200322 03:13:02.639811 15 storage/engine/rocksdb.go:120        Options.compaction_readahead_size: 0
I200322 03:13:02.639847 15 storage/engine/rocksdb.go:120  Compression algorithms supported:
I200322 03:13:02.639867 15 storage/engine/rocksdb.go:120  	kZSTDNotFinalCompression supported: 0
I200322 03:13:02.639884 15 storage/engine/rocksdb.go:120  	kZSTD supported: 0
I200322 03:13:02.639902 15 storage/engine/rocksdb.go:120  	kXpressCompression supported: 0
I200322 03:13:02.639919 15 storage/engine/rocksdb.go:120  	kLZ4HCCompression supported: 0
I200322 03:13:02.639932 15 storage/engine/rocksdb.go:120  	kLZ4Compression supported: 0
I200322 03:13:02.639950 15 storage/engine/rocksdb.go:120  	kBZip2Compression supported: 0
I200322 03:13:02.639964 15 storage/engine/rocksdb.go:120  	kZlibCompression supported: 0
I200322 03:13:02.639985 15 storage/engine/rocksdb.go:120  	kSnappyCompression supported: 1
I200322 03:13:02.640014 15 storage/engine/rocksdb.go:120  Fast CRC32 supported: Supported on x86
I200322 03:13:02.647656 15 storage/engine/rocksdb.go:120  [db/db_impl_open.cc:242] Creating manifest 1 
I200322 03:13:02.679275 15 storage/engine/rocksdb.go:120  [db/version_set.cc:4072] Recovering from manifest file: /cockroach/cockroach-data/cockroach-temp832058520/MANIFEST-000001
I200322 03:13:02.684993 15 storage/engine/rocksdb.go:120  [db/column_family.cc:488] --------------- Options for column family [default]:
I200322 03:13:02.685032 15 storage/engine/rocksdb.go:120                Options.comparator: cockroach_comparator
I200322 03:13:02.685049 15 storage/engine/rocksdb.go:120            Options.merge_operator: cockroach_merge_operator
I200322 03:13:02.685067 15 storage/engine/rocksdb.go:120         Options.compaction_filter: None
I200322 03:13:02.685103 15 storage/engine/rocksdb.go:120         Options.compaction_filter_factory: None
I200322 03:13:02.685122 15 storage/engine/rocksdb.go:120          Options.memtable_factory: SkipListFactory
I200322 03:13:02.685174 15 storage/engine/rocksdb.go:120             Options.table_factory: BlockBasedTable
I200322 03:13:02.685253 15 storage/engine/rocksdb.go:120             table_factory options:   flush_block_policy_factory: FlushBlockBySizePolicyFactory (0x7fdce6c2d030)
  cache_index_and_filter_blocks: 0
  cache_index_and_filter_blocks_with_high_priority: 0
  pin_l0_filter_and_index_blocks_in_cache: 0
  pin_top_level_index_and_filter: 1
  index_type: 0
  data_block_index_type: 0
  index_shortening: 1
  data_block_hash_table_util_ratio: 0.750000
  hash_index_allow_collision: 1
  checksum: 1
  no_block_cache: 0
  block_cache: 0x7fdce6c22010
  block_cache_name: LRUCache
  block_cache_options:
    capacity : 1048576
    num_shard_bits : 4
    strict_capacity_limit : 0
    memory_allocator : None
    high_pri_pool_ratio: 0.000
  block_cache_compressed: (nil)
  persistent_cache: (nil)
  block_size: 32768
  block_size_deviation: 10
  block_restart_interval: 16
  index_block_restart_interval: 1
  metadata_block_size: 4096
  partition_filters: 0
  use_delta_encoding: 1
  filter_policy: rocksdb.BuiltinBloomFilter
  whole_key_filtering: 0
  verify_compression: 0
  read_amp_bytes_per_bit: 0
  format_version: 2
  enable_index_compression: 1
  block_align: 0
I200322 03:13:02.685271 15 storage/engine/rocksdb.go:120         Options.write_buffer_size: 67108864
I200322 03:13:02.685292 15 storage/engine/rocksdb.go:120   Options.max_write_buffer_number: 4
I200322 03:13:02.685410 15 storage/engine/rocksdb.go:120           Options.compression: Snappy
I200322 03:13:02.685445 15 storage/engine/rocksdb.go:120                   Options.bottommost_compression: Disabled
I200322 03:13:02.685464 15 storage/engine/rocksdb.go:120        Options.prefix_extractor: cockroach_prefix_extractor
I200322 03:13:02.685496 15 storage/engine/rocksdb.go:120    Options.memtable_insert_with_hint_prefix_extractor: nullptr
I200322 03:13:02.685513 15 storage/engine/rocksdb.go:120              Options.num_levels: 7
I200322 03:13:02.685530 15 storage/engine/rocksdb.go:120         Options.min_write_buffer_number_to_merge: 1
I200322 03:13:02.685566 15 storage/engine/rocksdb.go:120      Options.max_write_buffer_number_to_maintain: 0
I200322 03:13:02.685579 15 storage/engine/rocksdb.go:120             Options.bottommost_compression_opts.window_bits: -14
I200322 03:13:02.685613 15 storage/engine/rocksdb.go:120                   Options.bottommost_compression_opts.level: 32767
I200322 03:13:02.685650 15 storage/engine/rocksdb.go:120                Options.bottommost_compression_opts.strategy: 0
I200322 03:13:02.685668 15 storage/engine/rocksdb.go:120          Options.bottommost_compression_opts.max_dict_bytes: 0
I200322 03:13:02.685682 15 storage/engine/rocksdb.go:120          Options.bottommost_compression_opts.zstd_max_train_bytes: 0
I200322 03:13:02.685716 15 storage/engine/rocksdb.go:120                   Options.bottommost_compression_opts.enabled: false
I200322 03:13:02.685751 15 storage/engine/rocksdb.go:120             Options.compression_opts.window_bits: -14
I200322 03:13:02.685768 15 storage/engine/rocksdb.go:120                   Options.compression_opts.level: 32767
I200322 03:13:02.685820 15 storage/engine/rocksdb.go:120                Options.compression_opts.strategy: 0
I200322 03:13:02.685839 15 storage/engine/rocksdb.go:120          Options.compression_opts.max_dict_bytes: 0
I200322 03:13:02.685863 15 storage/engine/rocksdb.go:120          Options.compression_opts.zstd_max_train_bytes: 0
I200322 03:13:02.685931 15 storage/engine/rocksdb.go:120                   Options.compression_opts.enabled: false
I200322 03:13:02.685964 15 storage/engine/rocksdb.go:120       Options.level0_file_num_compaction_trigger: 2
I200322 03:13:02.686073 15 storage/engine/rocksdb.go:120           Options.level0_slowdown_writes_trigger: 950
I200322 03:13:02.686108 15 storage/engine/rocksdb.go:120               Options.level0_stop_writes_trigger: 1000
I200322 03:13:02.686125 15 storage/engine/rocksdb.go:120                    Options.target_file_size_base: 4194304
I200322 03:13:02.686142 15 storage/engine/rocksdb.go:120              Options.target_file_size_multiplier: 2
I200322 03:13:02.686177 15 storage/engine/rocksdb.go:120                 Options.max_bytes_for_level_base: 67108864
I200322 03:13:02.686192 15 storage/engine/rocksdb.go:120  Options.level_compaction_dynamic_level_bytes: 1
I200322 03:13:02.686210 15 storage/engine/rocksdb.go:120           Options.max_bytes_for_level_multiplier: 10.000000
I200322 03:13:02.686245 15 storage/engine/rocksdb.go:120  Options.max_bytes_for_level_multiplier_addtl[0]: 1
I200322 03:13:02.686262 15 storage/engine/rocksdb.go:120  Options.max_bytes_for_level_multiplier_addtl[1]: 1
I200322 03:13:02.686279 15 storage/engine/rocksdb.go:120  Options.max_bytes_for_level_multiplier_addtl[2]: 1
I200322 03:13:02.686404 15 storage/engine/rocksdb.go:120  Options.max_bytes_for_level_multiplier_addtl[3]: 1
I200322 03:13:02.686422 15 storage/engine/rocksdb.go:120  Options.max_bytes_for_level_multiplier_addtl[4]: 1
I200322 03:13:02.686463 15 storage/engine/rocksdb.go:120  Options.max_bytes_for_level_multiplier_addtl[5]: 1
I200322 03:13:02.686481 15 storage/engine/rocksdb.go:120  Options.max_bytes_for_level_multiplier_addtl[6]: 1
I200322 03:13:02.686498 15 storage/engine/rocksdb.go:120        Options.max_sequential_skip_in_iterations: 8
I200322 03:13:02.686515 15 storage/engine/rocksdb.go:120                     Options.max_compaction_bytes: 104857600
I200322 03:13:02.686545 15 storage/engine/rocksdb.go:120                         Options.arena_block_size: 8388608
I200322 03:13:02.686562 15 storage/engine/rocksdb.go:120    Options.soft_pending_compaction_bytes_limit: 2199023255552
I200322 03:13:02.686579 15 storage/engine/rocksdb.go:120    Options.hard_pending_compaction_bytes_limit: 4400193994752
I200322 03:13:02.686596 15 storage/engine/rocksdb.go:120        Options.rate_limit_delay_max_milliseconds: 100
I200322 03:13:02.686631 15 storage/engine/rocksdb.go:120                 Options.disable_auto_compactions: 0
I200322 03:13:02.686651 15 storage/engine/rocksdb.go:120                         Options.compaction_style: kCompactionStyleLevel
I200322 03:13:02.686669 15 storage/engine/rocksdb.go:120                           Options.compaction_pri: kMinOverlappingRatio
I200322 03:13:02.686687 15 storage/engine/rocksdb.go:120  Options.compaction_options_universal.size_ratio: 1
I200322 03:13:02.686720 15 storage/engine/rocksdb.go:120  Options.compaction_options_universal.min_merge_width: 2
I200322 03:13:02.686757 15 storage/engine/rocksdb.go:120  Options.compaction_options_universal.max_merge_width: 4294967295
I200322 03:13:02.686774 15 storage/engine/rocksdb.go:120  Options.compaction_options_universal.max_size_amplification_percent: 200
I200322 03:13:02.686803 15 storage/engine/rocksdb.go:120  Options.compaction_options_universal.compression_size_percent: -1
I200322 03:13:02.686821 15 storage/engine/rocksdb.go:120  Options.compaction_options_universal.stop_style: kCompactionStopStyleTotalSize
I200322 03:13:02.686834 15 storage/engine/rocksdb.go:120  Options.compaction_options_fifo.max_table_files_size: 1073741824
I200322 03:13:02.686848 15 storage/engine/rocksdb.go:120  Options.compaction_options_fifo.allow_compaction: 0
I200322 03:13:02.686885 15 storage/engine/rocksdb.go:120                    Options.table_properties_collectors: TimeBoundTblPropCollectorFactory; DeleteRangeTblPropCollectorFactory; 
I200322 03:13:02.686905 15 storage/engine/rocksdb.go:120                    Options.inplace_update_support: 0
I200322 03:13:02.686957 15 storage/engine/rocksdb.go:120                  Options.inplace_update_num_locks: 10000
I200322 03:13:02.686972 15 storage/engine/rocksdb.go:120                Options.memtable_prefix_bloom_size_ratio: 0.000000
I200322 03:13:02.686987 15 storage/engine/rocksdb.go:120                Options.memtable_whole_key_filtering: 0
I200322 03:13:02.687004 15 storage/engine/rocksdb.go:120    Options.memtable_huge_page_size: 0
I200322 03:13:02.687022 15 storage/engine/rocksdb.go:120                            Options.bloom_locality: 0
I200322 03:13:02.687039 15 storage/engine/rocksdb.go:120                     Options.max_successive_merges: 0
I200322 03:13:02.687056 15 storage/engine/rocksdb.go:120                 Options.optimize_filters_for_hits: 1
I200322 03:13:02.687069 15 storage/engine/rocksdb.go:120                 Options.paranoid_file_checks: 0
I200322 03:13:02.687083 15 storage/engine/rocksdb.go:120                 Options.force_consistency_checks: 0
I200322 03:13:02.687100 15 storage/engine/rocksdb.go:120                 Options.report_bg_io_stats: 0
I200322 03:13:02.687115 15 storage/engine/rocksdb.go:120                                Options.ttl: 0
I200322 03:13:02.687133 15 storage/engine/rocksdb.go:120           Options.periodic_compaction_seconds: 0
I200322 03:13:02.692815 15 storage/engine/rocksdb.go:120  [db/version_set.cc:4286] Recovered from manifest file:/cockroach/cockroach-data/cockroach-temp832058520/MANIFEST-000001 succeeded,manifest_file_number is 1, next_file_number is 3, last_sequence is 0, log_number is 0,prev_log_number is 0,max_column_family is 0,min_log_number_to_keep is 0
I200322 03:13:02.692882 15 storage/engine/rocksdb.go:120  [db/version_set.cc:4295] Column family [default] (ID 0), log number is 0
I200322 03:13:02.734610 15 storage/engine/rocksdb.go:120  DB pointer 0x7fdce6ca1000
I200322 03:13:02.779495 15 storage/engine/rocksdb.go:120  RocksDB version: 6.2.1
I200322 03:13:02.779536 15 storage/engine/rocksdb.go:120  Git sha rocksdb_build_git_sha:@b7009236531fa784872f4823eabf393501e41bf2@
I200322 03:13:02.779560 15 storage/engine/rocksdb.go:120  Compile date Feb  6 2020
I200322 03:13:02.779621 15 storage/engine/rocksdb.go:120  DB SUMMARY
I200322 03:13:02.784940 15 storage/engine/rocksdb.go:120  CURRENT file:  CURRENT
I200322 03:13:02.784977 15 storage/engine/rocksdb.go:120  IDENTITY file:  IDENTITY
I200322 03:13:02.786899 15 storage/engine/rocksdb.go:120  MANIFEST file:  MANIFEST-000068 size: 254 Bytes
I200322 03:13:02.787079 15 storage/engine/rocksdb.go:120  SST files in /cockroach/cockroach-data dir, Total Num: 1, files: 000072.sst 
I200322 03:13:02.787100 15 storage/engine/rocksdb.go:120  Write Ahead Log file in /cockroach/cockroach-data: 000069.log size: 6730353 ; 
I200322 03:13:02.787121 15 storage/engine/rocksdb.go:120                          Options.error_if_exists: 0
I200322 03:13:02.787142 15 storage/engine/rocksdb.go:120                        Options.create_if_missing: 1
I200322 03:13:02.787170 15 storage/engine/rocksdb.go:120                          Options.paranoid_checks: 1
I200322 03:13:02.787374 15 storage/engine/rocksdb.go:120                                      Options.env: 0x756aca0
I200322 03:13:02.787401 15 storage/engine/rocksdb.go:120                                 Options.info_log: 0x7fdceaa87f00
I200322 03:13:02.787425 15 storage/engine/rocksdb.go:120                 Options.max_file_opening_threads: 16
I200322 03:13:02.787474 15 storage/engine/rocksdb.go:120                               Options.statistics: 0x7fdceaa1d8d0
I200322 03:13:02.787504 15 storage/engine/rocksdb.go:120                                Options.use_fsync: 0
I200322 03:13:02.787526 15 storage/engine/rocksdb.go:120                        Options.max_log_file_size: 0
I200322 03:13:02.787546 15 storage/engine/rocksdb.go:120                   Options.max_manifest_file_size: 134217728
I200322 03:13:02.787572 15 storage/engine/rocksdb.go:120                    Options.log_file_time_to_roll: 0
I200322 03:13:02.787592 15 storage/engine/rocksdb.go:120                        Options.keep_log_file_num: 1000
I200322 03:13:02.787613 15 storage/engine/rocksdb.go:120                     Options.recycle_log_file_num: 1
I200322 03:13:02.787635 15 storage/engine/rocksdb.go:120                          Options.allow_fallocate: 1
I200322 03:13:02.787784 15 storage/engine/rocksdb.go:120                         Options.allow_mmap_reads: 0
I200322 03:13:02.787816 15 storage/engine/rocksdb.go:120                        Options.allow_mmap_writes: 0
I200322 03:13:02.787837 15 storage/engine/rocksdb.go:120                         Options.use_direct_reads: 0
I200322 03:13:02.787858 15 storage/engine/rocksdb.go:120                         Options.use_direct_io_for_flush_and_compaction: 0
I200322 03:13:02.787888 15 storage/engine/rocksdb.go:120           Options.create_missing_column_families: 0
I200322 03:13:02.787911 15 storage/engine/rocksdb.go:120                               Options.db_log_dir: 
I200322 03:13:02.787930 15 storage/engine/rocksdb.go:120                                  Options.wal_dir: /cockroach/cockroach-data
I200322 03:13:02.787950 15 storage/engine/rocksdb.go:120                 Options.table_cache_numshardbits: 6
I200322 03:13:02.787967 15 storage/engine/rocksdb.go:120                       Options.max_subcompactions: 1
I200322 03:13:02.787987 15 storage/engine/rocksdb.go:120                   Options.max_background_flushes: -1
I200322 03:13:02.788020 15 storage/engine/rocksdb.go:120                          Options.WAL_ttl_seconds: 0
I200322 03:13:02.788043 15 storage/engine/rocksdb.go:120                        Options.WAL_size_limit_MB: 0
I200322 03:13:02.788062 15 storage/engine/rocksdb.go:120              Options.manifest_preallocation_size: 4194304
I200322 03:13:02.788075 15 storage/engine/rocksdb.go:120                      Options.is_fd_close_on_exec: 1
I200322 03:13:02.788091 15 storage/engine/rocksdb.go:120                    Options.advise_random_on_open: 1
I200322 03:13:02.788117 15 storage/engine/rocksdb.go:120                     Options.db_write_buffer_size: 0
I200322 03:13:02.788134 15 storage/engine/rocksdb.go:120                     Options.write_buffer_manager: 0x7fdceaa60cb0
I200322 03:13:02.788154 15 storage/engine/rocksdb.go:120          Options.access_hint_on_compaction_start: 1
I200322 03:13:02.788343 15 storage/engine/rocksdb.go:120   Options.new_table_reader_for_compaction_inputs: 0
I200322 03:13:02.788370 15 storage/engine/rocksdb.go:120            Options.random_access_max_buffer_size: 1048576
I200322 03:13:02.788392 15 storage/engine/rocksdb.go:120                       Options.use_adaptive_mutex: 0
I200322 03:13:02.788412 15 storage/engine/rocksdb.go:120                             Options.rate_limiter: (nil)
I200322 03:13:02.788432 15 storage/engine/rocksdb.go:120      Options.sst_file_manager.rate_bytes_per_sec: 0
I200322 03:13:02.788451 15 storage/engine/rocksdb.go:120                        Options.wal_recovery_mode: 0
I200322 03:13:02.788479 15 storage/engine/rocksdb.go:120                   Options.enable_thread_tracking: 0
I200322 03:13:02.788495 15 storage/engine/rocksdb.go:120                   Options.enable_pipelined_write: 0
I200322 03:13:02.788520 15 storage/engine/rocksdb.go:120          Options.allow_concurrent_memtable_write: 1
I200322 03:13:02.788537 15 storage/engine/rocksdb.go:120       Options.enable_write_thread_adaptive_yield: 1
I200322 03:13:02.788597 15 storage/engine/rocksdb.go:120              Options.write_thread_max_yield_usec: 100
I200322 03:13:02.788621 15 storage/engine/rocksdb.go:120             Options.write_thread_slow_yield_usec: 3
I200322 03:13:02.788644 15 storage/engine/rocksdb.go:120                                Options.row_cache: None
I200322 03:13:02.788664 15 storage/engine/rocksdb.go:120                               Options.wal_filter: None
I200322 03:13:02.788687 15 storage/engine/rocksdb.go:120              Options.avoid_flush_during_recovery: 0
I200322 03:13:02.788714 15 storage/engine/rocksdb.go:120              Options.allow_ingest_behind: 0
I200322 03:13:02.788734 15 storage/engine/rocksdb.go:120              Options.preserve_deletes: 0
I200322 03:13:02.788752 15 storage/engine/rocksdb.go:120              Options.two_write_queues: 0
I200322 03:13:02.788771 15 storage/engine/rocksdb.go:120              Options.manual_wal_flush: 1
I200322 03:13:02.788784 15 storage/engine/rocksdb.go:120              Options.atomic_flush: 0
I200322 03:13:02.788802 15 storage/engine/rocksdb.go:120              Options.avoid_unnecessary_blocking_io: 0
I200322 03:13:02.788820 15 storage/engine/rocksdb.go:120              Options.max_background_jobs: 4
I200322 03:13:02.788838 15 storage/engine/rocksdb.go:120              Options.max_background_compactions: -1
I200322 03:13:02.788860 15 storage/engine/rocksdb.go:120              Options.avoid_flush_during_shutdown: 0
I200322 03:13:02.788932 15 storage/engine/rocksdb.go:120            Options.writable_file_max_buffer_size: 1048576
I200322 03:13:02.788950 15 storage/engine/rocksdb.go:120              Options.delayed_write_rate : 16777216
I200322 03:13:02.788961 15 storage/engine/rocksdb.go:120              Options.max_total_wal_size: 0
I200322 03:13:02.788976 15 storage/engine/rocksdb.go:120              Options.delete_obsolete_files_period_micros: 21600000000
I200322 03:13:02.788991 15 storage/engine/rocksdb.go:120                    Options.stats_dump_period_sec: 0
I200322 03:13:02.789008 15 storage/engine/rocksdb.go:120                  Options.stats_persist_period_sec: 600
I200322 03:13:02.789021 15 storage/engine/rocksdb.go:120                  Options.stats_history_buffer_size: 1048576
I200322 03:13:02.789036 15 storage/engine/rocksdb.go:120                           Options.max_open_files: 1043576
I200322 03:13:02.789053 15 storage/engine/rocksdb.go:120                           Options.bytes_per_sync: 524288
I200322 03:13:02.789071 15 storage/engine/rocksdb.go:120                       Options.wal_bytes_per_sync: 0
I200322 03:13:02.789088 15 storage/engine/rocksdb.go:120                    Options.strict_bytes_per_sync: 1
I200322 03:13:02.789107 15 storage/engine/rocksdb.go:120        Options.compaction_readahead_size: 0
I200322 03:13:02.789126 15 storage/engine/rocksdb.go:120  Compression algorithms supported:
I200322 03:13:02.789372 15 storage/engine/rocksdb.go:120  	kZSTDNotFinalCompression supported: 0
I200322 03:13:02.789422 15 storage/engine/rocksdb.go:120  	kZSTD supported: 0
I200322 03:13:02.789443 15 storage/engine/rocksdb.go:120  	kXpressCompression supported: 0
I200322 03:13:02.789754 15 storage/engine/rocksdb.go:120  	kLZ4HCCompression supported: 0
I200322 03:13:02.789856 15 storage/engine/rocksdb.go:120  	kLZ4Compression supported: 0
I200322 03:13:02.789878 15 storage/engine/rocksdb.go:120  	kBZip2Compression supported: 0
I200322 03:13:02.789901 15 storage/engine/rocksdb.go:120  	kZlibCompression supported: 0
I200322 03:13:02.789924 15 storage/engine/rocksdb.go:120  	kSnappyCompression supported: 1
I200322 03:13:02.790001 15 storage/engine/rocksdb.go:120  Fast CRC32 supported: Supported on x86
I200322 03:13:02.810005 15 storage/engine/rocksdb.go:120  [db/version_set.cc:4072] Recovering from manifest file: /cockroach/cockroach-data/MANIFEST-000068
I200322 03:13:02.812436 15 storage/engine/rocksdb.go:120  [db/column_family.cc:488] --------------- Options for column family [default]:
I200322 03:13:02.812539 15 storage/engine/rocksdb.go:120                Options.comparator: cockroach_comparator
I200322 03:13:02.812559 15 storage/engine/rocksdb.go:120            Options.merge_operator: cockroach_merge_operator
I200322 03:13:02.812578 15 storage/engine/rocksdb.go:120         Options.compaction_filter: None
I200322 03:13:02.812601 15 storage/engine/rocksdb.go:120         Options.compaction_filter_factory: None
I200322 03:13:02.812707 15 storage/engine/rocksdb.go:120          Options.memtable_factory: SkipListFactory
I200322 03:13:02.812728 15 storage/engine/rocksdb.go:120             Options.table_factory: BlockBasedTable
I200322 03:13:02.812858 15 storage/engine/rocksdb.go:120             table_factory options:   flush_block_policy_factory: FlushBlockBySizePolicyFactory (0x7fdceaa24038)
  cache_index_and_filter_blocks: 0
  cache_index_and_filter_blocks_with_high_priority: 0
  pin_l0_filter_and_index_blocks_in_cache: 0
  pin_top_level_index_and_filter: 1
  index_type: 0
  data_block_index_type: 0
  index_shortening: 1
  data_block_hash_table_util_ratio: 0.750000
  hash_index_allow_collision: 1
  checksum: 1
  no_block_cache: 0
  block_cache: 0x7fdceaa4b210
  block_cache_name: LRUCache
  block_cache_options:
    capacity : 67108864
    num_shard_bits : 4
    strict_capacity_limit : 0
    memory_allocator : None
    high_pri_pool_ratio: 0.000
  block_cache_compressed: (nil)
  persistent_cache: (nil)
  block_size: 32768
  block_size_deviation: 10
  block_restart_interval: 16
  index_block_restart_interval: 1
  metadata_block_size: 4096
  partition_filters: 0
  use_delta_encoding: 1
  filter_policy: rocksdb.BuiltinBloomFilter
  whole_key_filtering: 0
  verify_compression: 0
  read_amp_bytes_per_bit: 0
  format_version: 2
  enable_index_compression: 1
  block_align: 0
I200322 03:13:02.812876 15 storage/engine/rocksdb.go:120         Options.write_buffer_size: 67108864
I200322 03:13:02.814161 15 storage/engine/rocksdb.go:120   Options.max_write_buffer_number: 4
I200322 03:13:02.814186 15 storage/engine/rocksdb.go:120           Options.compression: Snappy
I200322 03:13:02.814210 15 storage/engine/rocksdb.go:120                   Options.bottommost_compression: Disabled
I200322 03:13:02.814348 15 storage/engine/rocksdb.go:120        Options.prefix_extractor: cockroach_prefix_extractor
I200322 03:13:02.814367 15 storage/engine/rocksdb.go:120    Options.memtable_insert_with_hint_prefix_extractor: nullptr
I200322 03:13:02.814384 15 storage/engine/rocksdb.go:120              Options.num_levels: 7
I200322 03:13:02.814404 15 storage/engine/rocksdb.go:120         Options.min_write_buffer_number_to_merge: 1
I200322 03:13:02.814562 15 storage/engine/rocksdb.go:120      Options.max_write_buffer_number_to_maintain: 0
I200322 03:13:02.814760 15 storage/engine/rocksdb.go:120             Options.bottommost_compression_opts.window_bits: -14
I200322 03:13:02.814808 15 storage/engine/rocksdb.go:120                   Options.bottommost_compression_opts.level: 32767
I200322 03:13:02.814919 15 storage/engine/rocksdb.go:120                Options.bottommost_compression_opts.strategy: 0
I200322 03:13:02.814944 15 storage/engine/rocksdb.go:120          Options.bottommost_compression_opts.max_dict_bytes: 0
I200322 03:13:02.815113 15 storage/engine/rocksdb.go:120          Options.bottommost_compression_opts.zstd_max_train_bytes: 0
I200322 03:13:02.815192 15 storage/engine/rocksdb.go:120                   Options.bottommost_compression_opts.enabled: false
I200322 03:13:02.815400 15 storage/engine/rocksdb.go:120             Options.compression_opts.window_bits: -14
I200322 03:13:02.815418 15 storage/engine/rocksdb.go:120                   Options.compression_opts.level: 32767
I200322 03:13:02.815435 15 storage/engine/rocksdb.go:120                Options.compression_opts.strategy: 0
I200322 03:13:02.815599 15 storage/engine/rocksdb.go:120          Options.compression_opts.max_dict_bytes: 0
I200322 03:13:02.815831 15 storage/engine/rocksdb.go:120          Options.compression_opts.zstd_max_train_bytes: 0
I200322 03:13:02.815981 15 storage/engine/rocksdb.go:120                   Options.compression_opts.enabled: false
I200322 03:13:02.816135 15 storage/engine/rocksdb.go:120       Options.level0_file_num_compaction_trigger: 2
I200322 03:13:02.816162 15 storage/engine/rocksdb.go:120           Options.level0_slowdown_writes_trigger: 950
I200322 03:13:02.816185 15 storage/engine/rocksdb.go:120               Options.level0_stop_writes_trigger: 1000
I200322 03:13:02.816434 15 storage/engine/rocksdb.go:120                    Options.target_file_size_base: 4194304
I200322 03:13:02.816458 15 storage/engine/rocksdb.go:120              Options.target_file_size_multiplier: 2
I200322 03:13:02.816500 15 storage/engine/rocksdb.go:120                 Options.max_bytes_for_level_base: 67108864
I200322 03:13:02.816609 15 storage/engine/rocksdb.go:120  Options.level_compaction_dynamic_level_bytes: 1
I200322 03:13:02.816855 15 storage/engine/rocksdb.go:120           Options.max_bytes_for_level_multiplier: 10.000000
I200322 03:13:02.816876 15 storage/engine/rocksdb.go:120  Options.max_bytes_for_level_multiplier_addtl[0]: 1
I200322 03:13:02.816894 15 storage/engine/rocksdb.go:120  Options.max_bytes_for_level_multiplier_addtl[1]: 1
I200322 03:13:02.817060 15 storage/engine/rocksdb.go:120  Options.max_bytes_for_level_multiplier_addtl[2]: 1
I200322 03:13:02.817089 15 storage/engine/rocksdb.go:120  Options.max_bytes_for_level_multiplier_addtl[3]: 1
I200322 03:13:02.817323 15 storage/engine/rocksdb.go:120  Options.max_bytes_for_level_multiplier_addtl[4]: 1
I200322 03:13:02.817676 15 storage/engine/rocksdb.go:120  Options.max_bytes_for_level_multiplier_addtl[5]: 1
I200322 03:13:02.817765 15 storage/engine/rocksdb.go:120  Options.max_bytes_for_level_multiplier_addtl[6]: 1
I200322 03:13:02.818854 15 storage/engine/rocksdb.go:120        Options.max_sequential_skip_in_iterations: 8
I200322 03:13:02.818870 15 storage/engine/rocksdb.go:120                     Options.max_compaction_bytes: 104857600
I200322 03:13:02.818887 15 storage/engine/rocksdb.go:120                         Options.arena_block_size: 8388608
I200322 03:13:02.818907 15 storage/engine/rocksdb.go:120    Options.soft_pending_compaction_bytes_limit: 2199023255552
I200322 03:13:02.818923 15 storage/engine/rocksdb.go:120    Options.hard_pending_compaction_bytes_limit: 4400193994752
I200322 03:13:02.818940 15 storage/engine/rocksdb.go:120        Options.rate_limit_delay_max_milliseconds: 100
I200322 03:13:02.818954 15 storage/engine/rocksdb.go:120                 Options.disable_auto_compactions: 0
I200322 03:13:02.818976 15 storage/engine/rocksdb.go:120                         Options.compaction_style: kCompactionStyleLevel
I200322 03:13:02.818999 15 storage/engine/rocksdb.go:120                           Options.compaction_pri: kMinOverlappingRatio
I200322 03:13:02.819026 15 storage/engine/rocksdb.go:120  Options.compaction_options_universal.size_ratio: 1
I200322 03:13:02.819059 15 storage/engine/rocksdb.go:120  Options.compaction_options_universal.min_merge_width: 2
I200322 03:13:02.819251 15 storage/engine/rocksdb.go:120  Options.compaction_options_universal.max_merge_width: 4294967295
I200322 03:13:02.819339 15 storage/engine/rocksdb.go:120  Options.compaction_options_universal.max_size_amplification_percent: 200
I200322 03:13:02.819368 15 storage/engine/rocksdb.go:120  Options.compaction_options_universal.compression_size_percent: -1
I200322 03:13:02.819389 15 storage/engine/rocksdb.go:120  Options.compaction_options_universal.stop_style: kCompactionStopStyleTotalSize
I200322 03:13:02.819407 15 storage/engine/rocksdb.go:120  Options.compaction_options_fifo.max_table_files_size: 1073741824
I200322 03:13:02.819421 15 storage/engine/rocksdb.go:120  Options.compaction_options_fifo.allow_compaction: 0
I200322 03:13:02.819439 15 storage/engine/rocksdb.go:120                    Options.table_properties_collectors: TimeBoundTblPropCollectorFactory; DeleteRangeTblPropCollectorFactory; 
I200322 03:13:02.819467 15 storage/engine/rocksdb.go:120                    Options.inplace_update_support: 0
I200322 03:13:02.819501 15 storage/engine/rocksdb.go:120                  Options.inplace_update_num_locks: 10000
I200322 03:13:02.819526 15 storage/engine/rocksdb.go:120                Options.memtable_prefix_bloom_size_ratio: 0.000000
I200322 03:13:02.819544 15 storage/engine/rocksdb.go:120                Options.memtable_whole_key_filtering: 0
I200322 03:13:02.819563 15 storage/engine/rocksdb.go:120    Options.memtable_huge_page_size: 0
I200322 03:13:02.819576 15 storage/engine/rocksdb.go:120                            Options.bloom_locality: 0
I200322 03:13:02.819590 15 storage/engine/rocksdb.go:120                     Options.max_successive_merges: 0
I200322 03:13:02.819603 15 storage/engine/rocksdb.go:120                 Options.optimize_filters_for_hits: 1
I200322 03:13:02.819616 15 storage/engine/rocksdb.go:120                 Options.paranoid_file_checks: 0
I200322 03:13:02.819848 15 storage/engine/rocksdb.go:120                 Options.force_consistency_checks: 0
I200322 03:13:02.819874 15 storage/engine/rocksdb.go:120                 Options.report_bg_io_stats: 0
I200322 03:13:02.819892 15 storage/engine/rocksdb.go:120                                Options.ttl: 0
I200322 03:13:02.819918 15 storage/engine/rocksdb.go:120           Options.periodic_compaction_seconds: 0
I200322 03:13:02.829985 15 storage/engine/rocksdb.go:120  [db/version_set.cc:3086] More existing levels in DB than needed. max_bytes_for_level_multiplier may not be guaranteed.
I200322 03:13:02.830048 15 storage/engine/rocksdb.go:120  [db/version_set.cc:4286] Recovered from manifest file:/cockroach/cockroach-data/MANIFEST-000068 succeeded,manifest_file_number is 68, next_file_number is 74, last_sequence is 12457, log_number is 67,prev_log_number is 0,max_column_family is 0,min_log_number_to_keep is 0
I200322 03:13:02.830064 15 storage/engine/rocksdb.go:120  [db/version_set.cc:4295] Column family [default] (ID 0), log number is 67
I200322 03:13:02.841420 15 storage/engine/rocksdb.go:120  EVENT_LOG_v1 {"time_micros": 1584846782841373, "job": 1, "event": "recovery_started", "log_files": [69]}
I200322 03:13:02.841457 15 storage/engine/rocksdb.go:120  [db/db_impl_open.cc:598] Recovering log #69 mode 0
I200322 03:13:02.970734 15 storage/engine/rocksdb.go:120  EVENT_LOG_v1 {"time_micros": 1584846782970631, "cf_name": "default", "job": 1, "event": "table_file_creation", "file_number": 74, "file_size": 94066, "table_properties": {"data_size": 90694, "index_size": 595, "index_partitions": 0, "top_level_index_size": 0, "index_key_is_user_key": 0, "index_value_is_delta_encoded": 0, "filter_size": 1989, "raw_key_size": 61221, "raw_average_key_size": 38, "raw_value_size": 411835, "raw_average_value_size": 256, "num_data_blocks": 11, "num_entries": 1608, "num_deletions": 565, "num_merge_operands": 664, "num_range_deletions": 664, "format_version": 0, "fixed_key_len": 0, "filter_policy": "rocksdb.BuiltinBloomFilter", "column_family_name": "default", "column_family_id": 0, "comparator": "cockroach_comparator", "merge_operator": "cockroach_merge_operator", "prefix_extractor_name": "cockroach_prefix_extractor", "property_collectors": "[TimeBoundTblPropCollectorFactory,DeleteRangeTblPropCollectorFactory]", "compression": "Snappy", "compression_options": "window_bits=-14; level=32767; strategy=0; max_dict_bytes=0; zstd_max_train_bytes=0; enabled=0; ", "creation_time": 1584846782, "oldest_key_time": 3, "file_creation_time": 0}}
I200322 03:13:02.972414 15 storage/engine/rocksdb.go:120  [db/version_set.cc:3560] Creating manifest 75
I200322 03:13:02.976568 15 storage/engine/rocksdb.go:120  [db/version_set.cc:3086] More existing levels in DB than needed. max_bytes_for_level_multiplier may not be guaranteed.
I200322 03:13:02.981732 15 storage/engine/rocksdb.go:120  EVENT_LOG_v1 {"time_micros": 1584846782981694, "job": 1, "event": "recovery_finished"}
I200322 03:13:03.026341 15 storage/engine/rocksdb.go:120  DB pointer 0x7fdceab7d000
I200322 03:13:53.531318 979 storage/engine/rocksdb.go:120  bloom filter utility:    -nan%
I200322 03:13:53.531946 979 storage/engine/rocksdb.go:120  [db/db_impl.cc:392] Shutdown: canceling all background work
I200322 03:13:53.539590 979 storage/engine/rocksdb.go:120  [db/db_impl.cc:565] Shutdown complete
I200322 03:13:53.564774 979 storage/engine/rocksdb.go:120  bloom filter utility:    52.6%
I200322 03:13:53.565138 979 storage/engine/rocksdb.go:120  [db/db_impl.cc:392] Shutdown: canceling all background work
I200322 03:13:53.574448 979 storage/engine/rocksdb.go:120  [db/db_impl.cc:565] Shutdown complete
