I200320 19:05:23.245737 1 util/log/clog.go:1196  [config] file created at: 2020/03/20 19:05:23
I200320 19:05:23.245737 1 util/log/clog.go:1196  [config] running on machine: 348ae289e17b
I200320 19:05:23.245737 1 util/log/clog.go:1196  [config] binary: CockroachDB CCL v19.2.4 (x86_64-unknown-linux-gnu, built 2020/02/06 21:55:19, go1.12.12)
I200320 19:05:23.245737 1 util/log/clog.go:1196  [config] arguments: [/cockroach/cockroach start --insecure --join=awordaday_node_1]
I200320 19:05:23.245737 1 util/log/clog.go:1196  line format: [IWEF]yymmdd hh:mm:ss.uuuuuu goid file:line msg utf8=✓
I200320 19:05:23.245723 1 cli/start.go:1144  logging to directory /cockroach/cockroach-data/logs
W200320 19:05:23.250709 1 cli/start.go:1182  RUNNING IN INSECURE MODE!

- Your cluster is open for any client that can access <all your IP addresses>.
- Any user, even root, can log in without providing a password.
- Any user, connecting as root, can read or write any data in your cluster.
- There is no network encryption nor authentication, and thus no confidentiality.

Check out how to secure your cluster: https://www.cockroachlabs.com/docs/v19.2/secure-a-cluster.html
I200320 19:05:23.251115 1 server/status/recorder.go:597  available memory from cgroups is unsupported, using system memory 1.9 GiB instead: failed to find cgroup memory limit
W200320 19:05:23.251997 1 cli/start.go:1052  Using the default setting for --cache (128 MiB).
  A significantly larger value is usually needed for good performance.
  If you have a dedicated server a reasonable setting is --cache=.25 (497 MiB).
I200320 19:05:23.252568 1 server/status/recorder.go:597  available memory from cgroups is unsupported, using system memory 1.9 GiB instead: failed to find cgroup memory limit
W200320 19:05:23.252644 1 cli/start.go:1065  Using the default setting for --max-sql-memory (128 MiB).
  A significantly larger value is usually needed in production.
  If you have a dedicated server a reasonable setting is --max-sql-memory=.25 (497 MiB).
I200320 19:05:23.253003 1 server/status/recorder.go:597  available memory from cgroups is unsupported, using system memory 1.9 GiB instead: failed to find cgroup memory limit
I200320 19:05:23.253052 1 cli/start.go:1196  CockroachDB CCL v19.2.4 (x86_64-unknown-linux-gnu, built 2020/02/06 21:55:19, go1.12.12)
I200320 19:05:23.421243 1 server/status/recorder.go:597  available memory from cgroups is unsupported, using system memory 1.9 GiB instead: failed to find cgroup memory limit
I200320 19:05:23.421414 1 server/config.go:394  system total memory: 1.9 GiB
I200320 19:05:23.421516 1 server/config.go:396  server configuration:
max offset             500000000
cache size             128 MiB
SQL memory pool size   128 MiB
scan interval          10m0s
scan min idle time     10ms
scan max idle time     1s
event log enabled      true
I200320 19:05:23.421569 1 cli/start.go:1030  using local environment variables: COCKROACH_CHANNEL=official-docker, COCKROACH_USER=root
I200320 19:05:23.421610 1 cli/start.go:1037  process identity: uid 0 euid 0 gid 0 egid 0
I200320 19:05:23.421732 1 cli/start.go:644  starting cockroach node
I200320 19:05:23.429485 40 storage/engine/rocksdb.go:622  opening rocksdb instance at "/cockroach/cockroach-data/cockroach-temp301739274"
I200320 19:05:23.556747 40 server/server.go:928  [n?] monitoring forward clock jumps based on server.clock.forward_jump_check_enabled
I200320 19:05:23.559841 40 storage/engine/rocksdb.go:622  opening rocksdb instance at "/cockroach/cockroach-data"
I200320 19:05:23.663683 40 server/config.go:502  [n?] 1 storage engine initialized
I200320 19:05:23.663733 40 server/config.go:505  [n?] RocksDB cache size: 128 MiB
I200320 19:05:23.663764 40 server/config.go:505  [n?] store 0: RocksDB, max size 0 B, max open file limit 1043576
W200320 19:05:23.677236 40 gossip/gossip.go:1517  [n?] no incoming or outgoing connections
I200320 19:05:23.677890 40 server/server.go:1386  [n?] no stores bootstrapped and --join flag specified, awaiting init command or join with an already initialized node.
I200320 19:05:23.685689 55 gossip/client.go:124  [n?] started gossip client to awordaday_node_1:26257
I200320 19:05:23.687130 96 gossip/server.go:227  [n?] received initial cluster-verification connection from 348ae289e17b:26257
I200320 19:05:23.687559 55 gossip/client.go:131  [n?] closing client to awordaday_node_1:26257: stopping outgoing client to n0 (awordaday_node_1:26257); loopback connection
I200320 19:05:24.690606 118 gossip/client.go:124  [n?] started gossip client to awordaday_node_1:26257
I200320 19:05:24.691913 101 gossip/server.go:227  [n?] received initial cluster-verification connection from 348ae289e17b:26257
I200320 19:05:24.692583 118 gossip/client.go:131  [n?] closing client to awordaday_node_1:26257: stopping outgoing client to n0 (awordaday_node_1:26257); loopback connection
W200320 19:05:25.682624 94 cli/start.go:996  neither --listen-addr nor --advertise-addr was specified.
The server will advertise "348ae289e17b" to other nodes, is this routable?

Consider using:
- for local-only servers:  --listen-addr=localhost
- for multi-node clusters: --advertise-addr=<host/IP addr>
I200320 19:05:25.682858 94 cli/start.go:603  initial startup completed.
Node will now attempt to join a running cluster, or wait for `cockroach init`.
Client connections will be accepted after this completes successfully.
Check the log file(s) for progress. 
I200320 19:05:25.693432 97 gossip/client.go:124  [n?] started gossip client to awordaday_node_1:26257
I200320 19:05:25.693928 120 gossip/server.go:227  [n?] received initial cluster-verification connection from 348ae289e17b:26257
I200320 19:05:25.695866 97 gossip/client.go:131  [n?] closing client to awordaday_node_1:26257: stopping outgoing client to n0 (awordaday_node_1:26257); loopback connection
I200320 19:05:26.696648 138 gossip/client.go:124  [n?] started gossip client to awordaday_node_1:26257
I200320 19:05:26.696909 149 gossip/server.go:227  [n?] received initial cluster-verification connection from 348ae289e17b:26257
I200320 19:05:26.697182 138 gossip/client.go:131  [n?] closing client to awordaday_node_1:26257: stopping outgoing client to n0 (awordaday_node_1:26257); loopback connection
I200320 19:05:27.704430 150 gossip/client.go:124  [n?] started gossip client to awordaday_node_1:26257
I200320 19:05:27.704899 154 gossip/server.go:227  [n?] received initial cluster-verification connection from 348ae289e17b:26257
I200320 19:05:27.705260 150 gossip/client.go:131  [n?] closing client to awordaday_node_1:26257: stopping outgoing client to n0 (awordaday_node_1:26257); loopback connection
I200320 19:05:28.711445 155 gossip/client.go:124  [n?] started gossip client to awordaday_node_1:26257
I200320 19:05:28.711885 142 gossip/server.go:227  [n?] received initial cluster-verification connection from 348ae289e17b:26257
I200320 19:05:28.712231 155 gossip/client.go:131  [n?] closing client to awordaday_node_1:26257: stopping outgoing client to n0 (awordaday_node_1:26257); loopback connection
I200320 19:05:29.715070 111 gossip/client.go:124  [n?] started gossip client to awordaday_node_1:26257
I200320 19:05:29.716014 164 gossip/server.go:227  [n?] received initial cluster-verification connection from 348ae289e17b:26257
I200320 19:05:29.716539 111 gossip/client.go:131  [n?] closing client to awordaday_node_1:26257: stopping outgoing client to n0 (awordaday_node_1:26257); loopback connection
I200320 19:05:30.719879 158 gossip/client.go:124  [n?] started gossip client to awordaday_node_1:26257
I200320 19:05:30.720747 178 gossip/server.go:227  [n?] received initial cluster-verification connection from 348ae289e17b:26257
I200320 19:05:30.721421 158 gossip/client.go:131  [n?] closing client to awordaday_node_1:26257: stopping outgoing client to n0 (awordaday_node_1:26257); loopback connection
I200320 19:05:31.723146 168 gossip/client.go:124  [n?] started gossip client to awordaday_node_1:26257
I200320 19:05:31.723857 183 gossip/server.go:227  [n?] received initial cluster-verification connection from 348ae289e17b:26257
I200320 19:05:31.724106 168 gossip/client.go:131  [n?] closing client to awordaday_node_1:26257: stopping outgoing client to n0 (awordaday_node_1:26257); loopback connection
I200320 19:05:32.729351 194 gossip/client.go:124  [n?] started gossip client to awordaday_node_1:26257
I200320 19:05:32.730565 175 gossip/server.go:227  [n?] received initial cluster-verification connection from 348ae289e17b:26257
I200320 19:05:32.730916 194 gossip/client.go:131  [n?] closing client to awordaday_node_1:26257: stopping outgoing client to n0 (awordaday_node_1:26257); loopback connection
I200320 19:05:33.737015 200 gossip/client.go:124  [n?] started gossip client to awordaday_node_1:26257
I200320 19:05:33.738207 185 gossip/server.go:227  [n?] received initial cluster-verification connection from 348ae289e17b:26257
I200320 19:05:33.738634 200 gossip/client.go:131  [n?] closing client to awordaday_node_1:26257: stopping outgoing client to n0 (awordaday_node_1:26257); loopback connection
I200320 19:05:34.740221 211 gossip/client.go:124  [n?] started gossip client to awordaday_node_1:26257
I200320 19:05:34.740911 204 gossip/server.go:227  [n?] received initial cluster-verification connection from 348ae289e17b:26257
I200320 19:05:34.741825 211 gossip/client.go:131  [n?] closing client to awordaday_node_1:26257: stopping outgoing client to n0 (awordaday_node_1:26257); loopback connection
I200320 19:05:35.744564 187 gossip/client.go:124  [n?] started gossip client to awordaday_node_1:26257
I200320 19:05:35.745661 123 gossip/server.go:227  [n?] received initial cluster-verification connection from 348ae289e17b:26257
I200320 19:05:35.746144 187 gossip/client.go:131  [n?] closing client to awordaday_node_1:26257: stopping outgoing client to n0 (awordaday_node_1:26257); loopback connection
I200320 19:05:36.751399 208 gossip/client.go:124  [n?] started gossip client to awordaday_node_1:26257
I200320 19:05:36.751976 215 gossip/server.go:227  [n?] received initial cluster-verification connection from 348ae289e17b:26257
I200320 19:05:36.752500 208 gossip/client.go:131  [n?] closing client to awordaday_node_1:26257: stopping outgoing client to n0 (awordaday_node_1:26257); loopback connection
I200320 19:05:37.754595 230 gossip/client.go:124  [n?] started gossip client to awordaday_node_1:26257
I200320 19:05:37.755559 234 gossip/server.go:227  [n?] received initial cluster-verification connection from 348ae289e17b:26257
I200320 19:05:37.755835 230 gossip/client.go:131  [n?] closing client to awordaday_node_1:26257: stopping outgoing client to n0 (awordaday_node_1:26257); loopback connection
I200320 19:05:38.726761 220 gossip/client.go:124  [n?] started gossip client to awordaday_node_1:26257
I200320 19:05:38.727655 191 gossip/server.go:227  [n?] received initial cluster-verification connection from 348ae289e17b:26257
I200320 19:05:38.727857 220 gossip/client.go:131  [n?] closing client to awordaday_node_1:26257: stopping outgoing client to n0 (awordaday_node_1:26257); loopback connection
I200320 19:05:39.731460 238 gossip/client.go:124  [n?] started gossip client to awordaday_node_1:26257
I200320 19:05:39.732710 224 gossip/server.go:227  [n?] received initial cluster-verification connection from 348ae289e17b:26257
I200320 19:05:39.733290 238 gossip/client.go:131  [n?] closing client to awordaday_node_1:26257: stopping outgoing client to n0 (awordaday_node_1:26257); loopback connection
I200320 19:05:40.736165 241 gossip/client.go:124  [n?] started gossip client to awordaday_node_1:26257
I200320 19:05:40.737086 193 gossip/server.go:227  [n?] received initial cluster-verification connection from 348ae289e17b:26257
I200320 19:05:40.737427 241 gossip/client.go:131  [n?] closing client to awordaday_node_1:26257: stopping outgoing client to n0 (awordaday_node_1:26257); loopback connection
I200320 19:05:41.741159 247 gossip/client.go:124  [n?] started gossip client to awordaday_node_1:26257
I200320 19:05:41.742022 262 gossip/server.go:227  [n?] received initial cluster-verification connection from 348ae289e17b:26257
I200320 19:05:41.742733 247 gossip/client.go:131  [n?] closing client to awordaday_node_1:26257: stopping outgoing client to n0 (awordaday_node_1:26257); loopback connection
I200320 19:05:42.745888 250 gossip/client.go:124  [n?] started gossip client to awordaday_node_1:26257
I200320 19:05:42.746895 264 gossip/server.go:227  [n?] received initial cluster-verification connection from 348ae289e17b:26257
I200320 19:05:42.747314 250 gossip/client.go:131  [n?] closing client to awordaday_node_1:26257: stopping outgoing client to n0 (awordaday_node_1:26257); loopback connection
I200320 19:05:43.751050 256 gossip/client.go:124  [n?] started gossip client to awordaday_node_1:26257
I200320 19:05:43.751916 128 gossip/server.go:227  [n?] received initial cluster-verification connection from 348ae289e17b:26257
I200320 19:05:43.752658 256 gossip/client.go:131  [n?] closing client to awordaday_node_1:26257: stopping outgoing client to n0 (awordaday_node_1:26257); loopback connection
I200320 19:05:44.756776 294 gossip/client.go:124  [n?] started gossip client to awordaday_node_1:26257
I200320 19:05:44.757861 267 gossip/server.go:227  [n?] received initial cluster-verification connection from 348ae289e17b:26257
I200320 19:05:44.758392 294 gossip/client.go:131  [n?] closing client to awordaday_node_1:26257: stopping outgoing client to n0 (awordaday_node_1:26257); loopback connection
I200320 19:05:45.762206 306 gossip/server.go:227  [n?] received initial cluster-verification connection from 348ae289e17b:26257
I200320 19:05:45.762443 268 gossip/client.go:124  [n?] started gossip client to awordaday_node_1:26257
I200320 19:05:45.762737 268 gossip/client.go:131  [n?] closing client to awordaday_node_1:26257: stopping outgoing client to n0 (awordaday_node_1:26257); loopback connection
I200320 19:05:46.769355 297 gossip/client.go:124  [n?] started gossip client to awordaday_node_1:26257
I200320 19:05:46.770002 301 gossip/server.go:227  [n?] received initial cluster-verification connection from 348ae289e17b:26257
I200320 19:05:46.770436 297 gossip/client.go:131  [n?] closing client to awordaday_node_1:26257: stopping outgoing client to n0 (awordaday_node_1:26257); loopback connection
I200320 19:05:47.776013 325 gossip/client.go:124  [n?] started gossip client to awordaday_node_1:26257
I200320 19:05:47.776621 329 gossip/server.go:227  [n?] received initial cluster-verification connection from 348ae289e17b:26257
I200320 19:05:47.777052 325 gossip/client.go:131  [n?] closing client to awordaday_node_1:26257: stopping outgoing client to n0 (awordaday_node_1:26257); loopback connection
I200320 19:05:48.781103 310 gossip/client.go:124  [n?] started gossip client to awordaday_node_1:26257
I200320 19:05:48.781920 281 gossip/server.go:227  [n?] received initial cluster-verification connection from 348ae289e17b:26257
I200320 19:05:48.782504 310 gossip/client.go:131  [n?] closing client to awordaday_node_1:26257: stopping outgoing client to n0 (awordaday_node_1:26257); loopback connection
I200320 19:05:49.784440 282 gossip/client.go:124  [n?] started gossip client to awordaday_node_1:26257
I200320 19:05:49.785289 286 gossip/server.go:227  [n?] received initial cluster-verification connection from 348ae289e17b:26257
I200320 19:05:49.785992 282 gossip/client.go:131  [n?] closing client to awordaday_node_1:26257: stopping outgoing client to n0 (awordaday_node_1:26257); loopback connection
I200320 19:05:50.792822 333 gossip/client.go:124  [n?] started gossip client to awordaday_node_1:26257
I200320 19:05:50.793183 304 gossip/server.go:227  [n?] received initial cluster-verification connection from 348ae289e17b:26257
I200320 19:05:50.793809 333 gossip/client.go:131  [n?] closing client to awordaday_node_1:26257: stopping outgoing client to n0 (awordaday_node_1:26257); loopback connection
I200320 19:05:51.801010 305 gossip/client.go:124  [n?] started gossip client to awordaday_node_1:26257
I200320 19:05:51.802718 317 gossip/server.go:227  [n?] received initial cluster-verification connection from 348ae289e17b:26257
I200320 19:05:51.803469 305 gossip/client.go:131  [n?] closing client to awordaday_node_1:26257: stopping outgoing client to n0 (awordaday_node_1:26257); loopback connection
I200320 19:05:52.804411 371 gossip/client.go:124  [n?] started gossip client to awordaday_node_1:26257
I200320 19:05:52.805702 375 gossip/server.go:227  [n?] received initial cluster-verification connection from 348ae289e17b:26257
I200320 19:05:52.806264 371 gossip/client.go:131  [n?] closing client to awordaday_node_1:26257: stopping outgoing client to n0 (awordaday_node_1:26257); loopback connection
W200320 19:05:53.645344 318 cli/start.go:634  The server appears to be unable to contact the other nodes in the cluster. Please try:

- starting the other nodes, if you haven't already;
- double-checking that the '--join' and '--listen'/'--advertise' flags are set up correctly;
- running the 'cockroach init' command if you are trying to initialize a new cluster.

If problems persist, please see https://www.cockroachlabs.com/docs/v19.2/cluster-setup-troubleshooting.html.
I200320 19:05:53.808003 319 gossip/client.go:124  [n?] started gossip client to awordaday_node_1:26257
I200320 19:05:53.808631 377 gossip/server.go:227  [n?] received initial cluster-verification connection from 348ae289e17b:26257
I200320 19:05:53.808942 319 gossip/client.go:131  [n?] closing client to awordaday_node_1:26257: stopping outgoing client to n0 (awordaday_node_1:26257); loopback connection
I200320 19:05:54.812835 378 gossip/client.go:124  [n?] started gossip client to awordaday_node_1:26257
I200320 19:05:54.813107 387 gossip/server.go:227  [n?] received initial cluster-verification connection from 348ae289e17b:26257
I200320 19:05:54.813720 378 gossip/client.go:131  [n?] closing client to awordaday_node_1:26257: stopping outgoing client to n0 (awordaday_node_1:26257); loopback connection
I200320 19:05:55.818354 381 gossip/client.go:124  [n?] started gossip client to awordaday_node_1:26257
I200320 19:05:55.819960 389 gossip/server.go:227  [n?] received initial cluster-verification connection from 348ae289e17b:26257
I200320 19:05:55.820449 381 gossip/client.go:131  [n?] closing client to awordaday_node_1:26257: stopping outgoing client to n0 (awordaday_node_1:26257); loopback connection
I200320 19:05:56.821913 384 gossip/client.go:124  [n?] started gossip client to awordaday_node_1:26257
I200320 19:05:56.822662 350 gossip/server.go:227  [n?] received initial cluster-verification connection from 348ae289e17b:26257
I200320 19:05:56.823094 384 gossip/client.go:131  [n?] closing client to awordaday_node_1:26257: stopping outgoing client to n0 (awordaday_node_1:26257); loopback connection
I200320 19:05:57.827600 351 gossip/client.go:124  [n?] started gossip client to awordaday_node_1:26257
I200320 19:05:57.828500 394 gossip/server.go:227  [n?] received initial cluster-verification connection from 348ae289e17b:26257
I200320 19:05:57.829127 351 gossip/client.go:131  [n?] closing client to awordaday_node_1:26257: stopping outgoing client to n0 (awordaday_node_1:26257); loopback connection
I200320 19:05:58.836108 398 gossip/client.go:124  [n?] started gossip client to awordaday_node_1:26257
I200320 19:05:58.836793 418 gossip/server.go:227  [n?] received initial cluster-verification connection from 348ae289e17b:26257
I200320 19:05:58.837821 398 gossip/client.go:131  [n?] closing client to awordaday_node_1:26257: stopping outgoing client to n0 (awordaday_node_1:26257); loopback connection
I200320 19:05:59.841770 434 gossip/client.go:124  [n?] started gossip client to awordaday_node_1:26257
I200320 19:05:59.843227 362 gossip/server.go:227  [n?] received initial cluster-verification connection from 348ae289e17b:26257
I200320 19:05:59.844079 434 gossip/client.go:131  [n?] closing client to awordaday_node_1:26257: stopping outgoing client to n0 (awordaday_node_1:26257); loopback connection
I200320 19:06:00.846304 366 gossip/client.go:124  [n?] started gossip client to awordaday_node_1:26257
I200320 19:06:00.846789 420 gossip/server.go:227  [n?] received initial cluster-verification connection from 348ae289e17b:26257
I200320 19:06:00.847331 366 gossip/client.go:131  [n?] closing client to awordaday_node_1:26257: stopping outgoing client to n0 (awordaday_node_1:26257); loopback connection
I200320 19:06:01.848419 406 gossip/client.go:124  [n?] started gossip client to awordaday_node_1:26257
I200320 19:06:01.849207 410 gossip/server.go:227  [n?] received initial cluster-verification connection from 348ae289e17b:26257
I200320 19:06:01.849628 406 gossip/client.go:131  [n?] closing client to awordaday_node_1:26257: stopping outgoing client to n0 (awordaday_node_1:26257); loopback connection
I200320 19:06:02.858775 411 gossip/client.go:124  [n?] started gossip client to awordaday_node_1:26257
I200320 19:06:02.859446 422 gossip/server.go:227  [n?] received initial cluster-verification connection from 348ae289e17b:26257
I200320 19:06:02.860332 411 gossip/client.go:131  [n?] closing client to awordaday_node_1:26257: stopping outgoing client to n0 (awordaday_node_1:26257); loopback connection
I200320 19:06:03.864952 423 gossip/client.go:124  [n?] started gossip client to awordaday_node_1:26257
I200320 19:06:03.865075 415 gossip/server.go:227  [n?] received initial cluster-verification connection from 348ae289e17b:26257
I200320 19:06:03.865648 423 gossip/client.go:131  [n?] closing client to awordaday_node_1:26257: stopping outgoing client to n0 (awordaday_node_1:26257); loopback connection
I200320 19:06:04.866486 467 gossip/client.go:124  [n?] started gossip client to awordaday_node_1:26257
I200320 19:06:04.867037 471 gossip/server.go:227  [n?] received initial cluster-verification connection from 348ae289e17b:26257
I200320 19:06:04.867462 467 gossip/client.go:131  [n?] closing client to awordaday_node_1:26257: stopping outgoing client to n0 (awordaday_node_1:26257); loopback connection
I200320 19:06:05.870266 429 gossip/client.go:124  [n?] started gossip client to awordaday_node_1:26257
I200320 19:06:05.871181 442 gossip/server.go:227  [n?] received initial cluster-verification connection from 348ae289e17b:26257
I200320 19:06:05.871695 429 gossip/client.go:131  [n?] closing client to awordaday_node_1:26257: stopping outgoing client to n0 (awordaday_node_1:26257); loopback connection
I200320 19:06:06.873231 458 gossip/client.go:124  [n?] started gossip client to awordaday_node_1:26257
I200320 19:06:06.873772 476 gossip/server.go:227  [n?] received initial cluster-verification connection from 348ae289e17b:26257
I200320 19:06:06.873986 458 gossip/client.go:131  [n?] closing client to awordaday_node_1:26257: stopping outgoing client to n0 (awordaday_node_1:26257); loopback connection
I200320 19:06:07.844412 462 gossip/server.go:227  [n?] received initial cluster-verification connection from 348ae289e17b:26257
I200320 19:06:07.844603 446 gossip/client.go:124  [n?] started gossip client to awordaday_node_1:26257
I200320 19:06:07.845155 446 gossip/client.go:131  [n?] closing client to awordaday_node_1:26257: stopping outgoing client to n0 (awordaday_node_1:26257); loopback connection
I200320 19:06:08.848798 477 gossip/client.go:124  [n?] started gossip client to awordaday_node_1:26257
I200320 19:06:08.849326 431 gossip/server.go:227  [n?] received initial cluster-verification connection from 348ae289e17b:26257
I200320 19:06:08.849838 477 gossip/client.go:131  [n?] closing client to awordaday_node_1:26257: stopping outgoing client to n0 (awordaday_node_1:26257); loopback connection
I200320 19:06:09.856126 449 gossip/client.go:124  [n?] started gossip client to awordaday_node_1:26257
I200320 19:06:09.857053 433 gossip/server.go:227  [n?] received initial cluster-verification connection from 348ae289e17b:26257
I200320 19:06:09.858242 449 gossip/client.go:131  [n?] closing client to awordaday_node_1:26257: stopping outgoing client to n0 (awordaday_node_1:26257); loopback connection
I200320 19:06:10.860153 488 gossip/client.go:124  [n?] started gossip client to awordaday_node_1:26257
I200320 19:06:10.861199 502 gossip/server.go:227  [n?] received initial cluster-verification connection from 348ae289e17b:26257
I200320 19:06:10.861669 488 gossip/client.go:131  [n?] closing client to awordaday_node_1:26257: stopping outgoing client to n0 (awordaday_node_1:26257); loopback connection
I200320 19:06:11.865662 494 gossip/client.go:124  [n?] started gossip client to awordaday_node_1:26257
I200320 19:06:11.866056 504 gossip/server.go:227  [n?] received initial cluster-verification connection from 348ae289e17b:26257
I200320 19:06:11.866701 494 gossip/client.go:131  [n?] closing client to awordaday_node_1:26257: stopping outgoing client to n0 (awordaday_node_1:26257); loopback connection
I200320 19:06:12.870715 516 gossip/client.go:124  [n?] started gossip client to awordaday_node_1:26257
I200320 19:06:12.871295 530 gossip/server.go:227  [n?] received initial cluster-verification connection from 348ae289e17b:26257
I200320 19:06:12.871829 516 gossip/client.go:131  [n?] closing client to awordaday_node_1:26257: stopping outgoing client to n0 (awordaday_node_1:26257); loopback connection
I200320 19:06:13.880389 505 gossip/client.go:124  [n?] started gossip client to awordaday_node_1:26257
I200320 19:06:13.880619 550 gossip/server.go:227  [n?] received initial cluster-verification connection from 348ae289e17b:26257
I200320 19:06:13.880970 505 gossip/client.go:131  [n?] closing client to awordaday_node_1:26257: stopping outgoing client to n0 (awordaday_node_1:26257); loopback connection
I200320 19:06:14.884819 519 gossip/client.go:124  [n?] started gossip client to awordaday_node_1:26257
I200320 19:06:14.885729 513 gossip/server.go:227  [n?] received initial cluster-verification connection from 348ae289e17b:26257
I200320 19:06:14.885989 519 gossip/client.go:131  [n?] closing client to awordaday_node_1:26257: stopping outgoing client to n0 (awordaday_node_1:26257); loopback connection
I200320 19:06:15.887275 531 gossip/client.go:124  [n?] started gossip client to awordaday_node_1:26257
I200320 19:06:15.887829 552 gossip/server.go:227  [n?] received initial cluster-verification connection from 348ae289e17b:26257
I200320 19:06:15.888083 531 gossip/client.go:131  [n?] closing client to awordaday_node_1:26257: stopping outgoing client to n0 (awordaday_node_1:26257); loopback connection
I200320 19:06:16.890770 528 gossip/client.go:124  [n?] started gossip client to awordaday_node_1:26257
I200320 19:06:16.891297 554 gossip/server.go:227  [n?] received initial cluster-verification connection from 348ae289e17b:26257
I200320 19:06:16.891606 528 gossip/client.go:131  [n?] closing client to awordaday_node_1:26257: stopping outgoing client to n0 (awordaday_node_1:26257); loopback connection
I200320 19:06:17.892816 534 gossip/client.go:124  [n?] started gossip client to awordaday_node_1:26257
I200320 19:06:17.893176 538 gossip/server.go:227  [n?] received initial cluster-verification connection from 348ae289e17b:26257
I200320 19:06:17.893447 534 gossip/client.go:131  [n?] closing client to awordaday_node_1:26257: stopping outgoing client to n0 (awordaday_node_1:26257); loopback connection
I200320 19:06:18.894540 555 gossip/client.go:124  [n?] started gossip client to awordaday_node_1:26257
I200320 19:06:18.895023 543 gossip/server.go:227  [n?] received initial cluster-verification connection from 348ae289e17b:26257
I200320 19:06:18.895282 555 gossip/client.go:131  [n?] closing client to awordaday_node_1:26257: stopping outgoing client to n0 (awordaday_node_1:26257); loopback connection
I200320 19:06:19.897024 570 gossip/client.go:124  [n?] started gossip client to awordaday_node_1:26257
I200320 19:06:19.897471 574 gossip/server.go:227  [n?] received initial cluster-verification connection from 348ae289e17b:26257
I200320 19:06:19.897850 570 gossip/client.go:131  [n?] closing client to awordaday_node_1:26257: stopping outgoing client to n0 (awordaday_node_1:26257); loopback connection
I200320 19:06:20.902126 575 gossip/client.go:124  [n?] started gossip client to awordaday_node_1:26257
I200320 19:06:20.903165 545 gossip/server.go:227  [n?] received initial cluster-verification connection from 348ae289e17b:26257
I200320 19:06:20.903725 575 gossip/client.go:131  [n?] closing client to awordaday_node_1:26257: stopping outgoing client to n0 (awordaday_node_1:26257); loopback connection
I200320 19:06:21.907122 581 gossip/client.go:124  [n?] started gossip client to awordaday_node_1:26257
I200320 19:06:21.907905 595 gossip/server.go:227  [n?] received initial cluster-verification connection from 348ae289e17b:26257
I200320 19:06:21.908581 581 gossip/client.go:131  [n?] closing client to awordaday_node_1:26257: stopping outgoing client to n0 (awordaday_node_1:26257); loopback connection
I200320 19:06:22.910729 613 gossip/client.go:124  [n?] started gossip client to awordaday_node_1:26257
I200320 19:06:22.911385 616 gossip/server.go:227  [n?] received initial cluster-verification connection from 348ae289e17b:26257
I200320 19:06:22.911693 613 gossip/client.go:131  [n?] closing client to awordaday_node_1:26257: stopping outgoing client to n0 (awordaday_node_1:26257); loopback connection
I200320 19:06:23.914802 596 gossip/client.go:124  [n?] started gossip client to awordaday_node_1:26257
I200320 19:06:23.915943 620 gossip/server.go:227  [n?] received initial cluster-verification connection from 348ae289e17b:26257
I200320 19:06:23.916361 596 gossip/client.go:131  [n?] closing client to awordaday_node_1:26257: stopping outgoing client to n0 (awordaday_node_1:26257); loopback connection
I200320 19:06:24.920770 621 gossip/client.go:124  [n?] started gossip client to awordaday_node_1:26257
I200320 19:06:24.921957 589 gossip/server.go:227  [n?] received initial cluster-verification connection from 348ae289e17b:26257
I200320 19:06:24.922894 621 gossip/client.go:131  [n?] closing client to awordaday_node_1:26257: stopping outgoing client to n0 (awordaday_node_1:26257); loopback connection
I200320 19:06:25.926748 599 gossip/client.go:124  [n?] started gossip client to awordaday_node_1:26257
I200320 19:06:25.927793 629 gossip/server.go:227  [n?] received initial cluster-verification connection from 348ae289e17b:26257
I200320 19:06:25.928085 599 gossip/client.go:131  [n?] closing client to awordaday_node_1:26257: stopping outgoing client to n0 (awordaday_node_1:26257); loopback connection
I200320 19:06:26.934067 602 gossip/client.go:124  [n?] started gossip client to awordaday_node_1:26257
I200320 19:06:26.934925 659 gossip/server.go:227  [n?] received initial cluster-verification connection from 348ae289e17b:26257
I200320 19:06:26.935109 602 gossip/client.go:131  [n?] closing client to awordaday_node_1:26257: stopping outgoing client to n0 (awordaday_node_1:26257); loopback connection
I200320 19:06:27.939908 646 gossip/client.go:124  [n?] started gossip client to awordaday_node_1:26257
I200320 19:06:27.940439 606 gossip/server.go:227  [n?] received initial cluster-verification connection from 348ae289e17b:26257
I200320 19:06:27.940942 646 gossip/client.go:131  [n?] closing client to awordaday_node_1:26257: stopping outgoing client to n0 (awordaday_node_1:26257); loopback connection
I200320 19:06:28.941648 633 gossip/client.go:124  [n?] started gossip client to awordaday_node_1:26257
I200320 19:06:28.941931 650 gossip/server.go:227  [n?] received initial cluster-verification connection from 348ae289e17b:26257
I200320 19:06:28.942128 633 gossip/client.go:131  [n?] closing client to awordaday_node_1:26257: stopping outgoing client to n0 (awordaday_node_1:26257); loopback connection
I200320 19:06:29.946343 652 gossip/client.go:124  [n?] started gossip client to awordaday_node_1:26257
I200320 19:06:29.947160 663 gossip/server.go:227  [n?] received initial cluster-verification connection from 348ae289e17b:26257
I200320 19:06:29.947419 652 gossip/client.go:131  [n?] closing client to awordaday_node_1:26257: stopping outgoing client to n0 (awordaday_node_1:26257); loopback connection
I200320 19:06:30.955965 667 gossip/client.go:124  [n?] started gossip client to awordaday_node_1:26257
I200320 19:06:30.956770 637 gossip/server.go:227  [n?] received initial cluster-verification connection from 348ae289e17b:26257
I200320 19:06:30.957243 667 gossip/client.go:131  [n?] closing client to awordaday_node_1:26257: stopping outgoing client to n0 (awordaday_node_1:26257); loopback connection
