I200321 09:01:07.903930 15 util/log/clog.go:1196  [config] file created at: 2020/03/21 09:01:07
I200321 09:01:07.903930 15 util/log/clog.go:1196  [config] running on machine: b127d5a325a4
I200321 09:01:07.903930 15 util/log/clog.go:1196  [config] binary: CockroachDB CCL v19.2.4 (x86_64-unknown-linux-gnu, built 2020/02/06 21:55:19, go1.12.12)
I200321 09:01:07.903930 15 util/log/clog.go:1196  [config] arguments: [/cockroach/cockroach start --insecure --join=node_1 --listen-addr node_1]
I200321 09:01:07.903930 15 util/log/clog.go:1196  line format: [IWEF]yymmdd hh:mm:ss.uuuuuu goid file:line msg utf8=✓
I200321 09:01:07.903916 15 storage/engine/rocksdb.go:120  RocksDB version: 6.2.1
I200321 09:01:07.908296 15 storage/engine/rocksdb.go:120  Git sha rocksdb_build_git_sha:@b7009236531fa784872f4823eabf393501e41bf2@
I200321 09:01:07.908315 15 storage/engine/rocksdb.go:120  Compile date Feb  6 2020
I200321 09:01:07.908335 15 storage/engine/rocksdb.go:120  DB SUMMARY
I200321 09:01:07.910318 15 storage/engine/rocksdb.go:120  SST files in /cockroach/cockroach-data/cockroach-temp288803056 dir, Total Num: 0, files: 
I200321 09:01:07.950455 15 storage/engine/rocksdb.go:120  Write Ahead Log file in /cockroach/cockroach-data/cockroach-temp288803056: 
I200321 09:01:07.950477 15 storage/engine/rocksdb.go:120                          Options.error_if_exists: 0
I200321 09:01:07.950495 15 storage/engine/rocksdb.go:120                        Options.create_if_missing: 1
I200321 09:01:07.950513 15 storage/engine/rocksdb.go:120                          Options.paranoid_checks: 1
I200321 09:01:07.950530 15 storage/engine/rocksdb.go:120                                      Options.env: 0x756aca0
I200321 09:01:07.950548 15 storage/engine/rocksdb.go:120                                 Options.info_log: 0x7f2c38019140
I200321 09:01:07.950565 15 storage/engine/rocksdb.go:120                 Options.max_file_opening_threads: 16
I200321 09:01:07.950583 15 storage/engine/rocksdb.go:120                               Options.statistics: 0x7f2c38029010
I200321 09:01:07.950600 15 storage/engine/rocksdb.go:120                                Options.use_fsync: 0
I200321 09:01:07.950618 15 storage/engine/rocksdb.go:120                        Options.max_log_file_size: 0
I200321 09:01:07.950635 15 storage/engine/rocksdb.go:120                   Options.max_manifest_file_size: 134217728
I200321 09:01:07.950736 15 storage/engine/rocksdb.go:120                    Options.log_file_time_to_roll: 0
I200321 09:01:07.950756 15 storage/engine/rocksdb.go:120                        Options.keep_log_file_num: 1000
I200321 09:01:07.950774 15 storage/engine/rocksdb.go:120                     Options.recycle_log_file_num: 1
I200321 09:01:07.950791 15 storage/engine/rocksdb.go:120                          Options.allow_fallocate: 1
I200321 09:01:07.950809 15 storage/engine/rocksdb.go:120                         Options.allow_mmap_reads: 0
I200321 09:01:07.950826 15 storage/engine/rocksdb.go:120                        Options.allow_mmap_writes: 0
I200321 09:01:07.950844 15 storage/engine/rocksdb.go:120                         Options.use_direct_reads: 0
I200321 09:01:07.950861 15 storage/engine/rocksdb.go:120                         Options.use_direct_io_for_flush_and_compaction: 0
I200321 09:01:07.950879 15 storage/engine/rocksdb.go:120           Options.create_missing_column_families: 0
I200321 09:01:07.950896 15 storage/engine/rocksdb.go:120                               Options.db_log_dir: 
I200321 09:01:07.950915 15 storage/engine/rocksdb.go:120                                  Options.wal_dir: /cockroach/cockroach-data/cockroach-temp288803056
I200321 09:01:07.950932 15 storage/engine/rocksdb.go:120                 Options.table_cache_numshardbits: 6
I200321 09:01:07.950949 15 storage/engine/rocksdb.go:120                       Options.max_subcompactions: 1
I200321 09:01:07.950967 15 storage/engine/rocksdb.go:120                   Options.max_background_flushes: -1
I200321 09:01:07.950984 15 storage/engine/rocksdb.go:120                          Options.WAL_ttl_seconds: 0
I200321 09:01:07.951002 15 storage/engine/rocksdb.go:120                        Options.WAL_size_limit_MB: 0
I200321 09:01:07.951019 15 storage/engine/rocksdb.go:120              Options.manifest_preallocation_size: 4194304
I200321 09:01:07.951037 15 storage/engine/rocksdb.go:120                      Options.is_fd_close_on_exec: 1
I200321 09:01:07.951054 15 storage/engine/rocksdb.go:120                    Options.advise_random_on_open: 1
I200321 09:01:07.951071 15 storage/engine/rocksdb.go:120                     Options.db_write_buffer_size: 0
I200321 09:01:07.951089 15 storage/engine/rocksdb.go:120                     Options.write_buffer_manager: 0x7f2c38091030
I200321 09:01:07.951106 15 storage/engine/rocksdb.go:120          Options.access_hint_on_compaction_start: 1
I200321 09:01:07.951124 15 storage/engine/rocksdb.go:120   Options.new_table_reader_for_compaction_inputs: 0
I200321 09:01:07.951141 15 storage/engine/rocksdb.go:120            Options.random_access_max_buffer_size: 1048576
I200321 09:01:07.951158 15 storage/engine/rocksdb.go:120                       Options.use_adaptive_mutex: 0
I200321 09:01:07.951176 15 storage/engine/rocksdb.go:120                             Options.rate_limiter: (nil)
I200321 09:01:07.951195 15 storage/engine/rocksdb.go:120      Options.sst_file_manager.rate_bytes_per_sec: 0
I200321 09:01:07.951212 15 storage/engine/rocksdb.go:120                        Options.wal_recovery_mode: 0
I200321 09:01:07.951230 15 storage/engine/rocksdb.go:120                   Options.enable_thread_tracking: 0
I200321 09:01:07.951247 15 storage/engine/rocksdb.go:120                   Options.enable_pipelined_write: 0
I200321 09:01:07.951265 15 storage/engine/rocksdb.go:120          Options.allow_concurrent_memtable_write: 1
I200321 09:01:07.951282 15 storage/engine/rocksdb.go:120       Options.enable_write_thread_adaptive_yield: 1
I200321 09:01:07.951300 15 storage/engine/rocksdb.go:120              Options.write_thread_max_yield_usec: 100
I200321 09:01:07.951318 15 storage/engine/rocksdb.go:120             Options.write_thread_slow_yield_usec: 3
I200321 09:01:07.951335 15 storage/engine/rocksdb.go:120                                Options.row_cache: None
I200321 09:01:07.951353 15 storage/engine/rocksdb.go:120                               Options.wal_filter: None
I200321 09:01:07.951370 15 storage/engine/rocksdb.go:120              Options.avoid_flush_during_recovery: 0
I200321 09:01:07.951388 15 storage/engine/rocksdb.go:120              Options.allow_ingest_behind: 0
I200321 09:01:07.951406 15 storage/engine/rocksdb.go:120              Options.preserve_deletes: 0
I200321 09:01:07.951424 15 storage/engine/rocksdb.go:120              Options.two_write_queues: 0
I200321 09:01:07.951441 15 storage/engine/rocksdb.go:120              Options.manual_wal_flush: 1
I200321 09:01:07.951458 15 storage/engine/rocksdb.go:120              Options.atomic_flush: 0
I200321 09:01:07.951476 15 storage/engine/rocksdb.go:120              Options.avoid_unnecessary_blocking_io: 0
I200321 09:01:07.951493 15 storage/engine/rocksdb.go:120              Options.max_background_jobs: 4
I200321 09:01:07.951511 15 storage/engine/rocksdb.go:120              Options.max_background_compactions: -1
I200321 09:01:07.951528 15 storage/engine/rocksdb.go:120              Options.avoid_flush_during_shutdown: 0
I200321 09:01:07.951546 15 storage/engine/rocksdb.go:120            Options.writable_file_max_buffer_size: 1048576
I200321 09:01:07.951563 15 storage/engine/rocksdb.go:120              Options.delayed_write_rate : 16777216
I200321 09:01:07.951581 15 storage/engine/rocksdb.go:120              Options.max_total_wal_size: 0
I200321 09:01:07.951599 15 storage/engine/rocksdb.go:120              Options.delete_obsolete_files_period_micros: 21600000000
I200321 09:01:07.951617 15 storage/engine/rocksdb.go:120                    Options.stats_dump_period_sec: 0
I200321 09:01:07.951634 15 storage/engine/rocksdb.go:120                  Options.stats_persist_period_sec: 600
I200321 09:01:07.951651 15 storage/engine/rocksdb.go:120                  Options.stats_history_buffer_size: 1048576
I200321 09:01:07.951669 15 storage/engine/rocksdb.go:120                           Options.max_open_files: 128
I200321 09:01:07.951686 15 storage/engine/rocksdb.go:120                           Options.bytes_per_sync: 524288
I200321 09:01:07.951704 15 storage/engine/rocksdb.go:120                       Options.wal_bytes_per_sync: 0
I200321 09:01:07.951721 15 storage/engine/rocksdb.go:120                    Options.strict_bytes_per_sync: 1
I200321 09:01:07.951738 15 storage/engine/rocksdb.go:120        Options.compaction_readahead_size: 0
I200321 09:01:07.951756 15 storage/engine/rocksdb.go:120  Compression algorithms supported:
I200321 09:01:07.951784 15 storage/engine/rocksdb.go:120  	kZSTDNotFinalCompression supported: 0
I200321 09:01:07.951802 15 storage/engine/rocksdb.go:120  	kZSTD supported: 0
I200321 09:01:07.951820 15 storage/engine/rocksdb.go:120  	kXpressCompression supported: 0
I200321 09:01:07.951835 15 storage/engine/rocksdb.go:120  	kLZ4HCCompression supported: 0
I200321 09:01:07.951846 15 storage/engine/rocksdb.go:120  	kLZ4Compression supported: 0
I200321 09:01:07.951857 15 storage/engine/rocksdb.go:120  	kBZip2Compression supported: 0
I200321 09:01:07.951927 15 storage/engine/rocksdb.go:120  	kZlibCompression supported: 0
I200321 09:01:07.951945 15 storage/engine/rocksdb.go:120  	kSnappyCompression supported: 1
I200321 09:01:07.951972 15 storage/engine/rocksdb.go:120  Fast CRC32 supported: Supported on x86
I200321 09:01:07.955070 15 storage/engine/rocksdb.go:120  [db/db_impl_open.cc:242] Creating manifest 1 
I200321 09:01:07.977747 15 storage/engine/rocksdb.go:120  [db/version_set.cc:4072] Recovering from manifest file: /cockroach/cockroach-data/cockroach-temp288803056/MANIFEST-000001
I200321 09:01:07.980294 15 storage/engine/rocksdb.go:120  [db/column_family.cc:488] --------------- Options for column family [default]:
I200321 09:01:07.980314 15 storage/engine/rocksdb.go:120                Options.comparator: cockroach_comparator
I200321 09:01:07.980334 15 storage/engine/rocksdb.go:120            Options.merge_operator: cockroach_merge_operator
I200321 09:01:07.980353 15 storage/engine/rocksdb.go:120         Options.compaction_filter: None
I200321 09:01:07.980366 15 storage/engine/rocksdb.go:120         Options.compaction_filter_factory: None
I200321 09:01:07.980385 15 storage/engine/rocksdb.go:120          Options.memtable_factory: SkipListFactory
I200321 09:01:07.980403 15 storage/engine/rocksdb.go:120             Options.table_factory: BlockBasedTable
I200321 09:01:07.980447 15 storage/engine/rocksdb.go:120             table_factory options:   flush_block_policy_factory: FlushBlockBySizePolicyFactory (0x7f2c3801d030)
  cache_index_and_filter_blocks: 0
  cache_index_and_filter_blocks_with_high_priority: 0
  pin_l0_filter_and_index_blocks_in_cache: 0
  pin_top_level_index_and_filter: 1
  index_type: 0
  data_block_index_type: 0
  index_shortening: 1
  data_block_hash_table_util_ratio: 0.750000
  hash_index_allow_collision: 1
  checksum: 1
  no_block_cache: 0
  block_cache: 0x7f2c3800e010
  block_cache_name: LRUCache
  block_cache_options:
    capacity : 1048576
    num_shard_bits : 4
    strict_capacity_limit : 0
    memory_allocator : None
    high_pri_pool_ratio: 0.000
  block_cache_compressed: (nil)
  persistent_cache: (nil)
  block_size: 32768
  block_size_deviation: 10
  block_restart_interval: 16
  index_block_restart_interval: 1
  metadata_block_size: 4096
  partition_filters: 0
  use_delta_encoding: 1
  filter_policy: rocksdb.BuiltinBloomFilter
  whole_key_filtering: 0
  verify_compression: 0
  read_amp_bytes_per_bit: 0
  format_version: 2
  enable_index_compression: 1
  block_align: 0
I200321 09:01:07.980468 15 storage/engine/rocksdb.go:120         Options.write_buffer_size: 67108864
I200321 09:01:07.980490 15 storage/engine/rocksdb.go:120   Options.max_write_buffer_number: 4
I200321 09:01:07.980503 15 storage/engine/rocksdb.go:120           Options.compression: Snappy
I200321 09:01:07.980518 15 storage/engine/rocksdb.go:120                   Options.bottommost_compression: Disabled
I200321 09:01:07.980540 15 storage/engine/rocksdb.go:120        Options.prefix_extractor: cockroach_prefix_extractor
I200321 09:01:07.980559 15 storage/engine/rocksdb.go:120    Options.memtable_insert_with_hint_prefix_extractor: nullptr
I200321 09:01:07.980664 15 storage/engine/rocksdb.go:120              Options.num_levels: 7
I200321 09:01:07.980682 15 storage/engine/rocksdb.go:120         Options.min_write_buffer_number_to_merge: 1
I200321 09:01:07.980695 15 storage/engine/rocksdb.go:120      Options.max_write_buffer_number_to_maintain: 0
I200321 09:01:07.980712 15 storage/engine/rocksdb.go:120             Options.bottommost_compression_opts.window_bits: -14
I200321 09:01:07.980725 15 storage/engine/rocksdb.go:120                   Options.bottommost_compression_opts.level: 32767
I200321 09:01:07.980743 15 storage/engine/rocksdb.go:120                Options.bottommost_compression_opts.strategy: 0
I200321 09:01:07.980760 15 storage/engine/rocksdb.go:120          Options.bottommost_compression_opts.max_dict_bytes: 0
I200321 09:01:07.980830 15 storage/engine/rocksdb.go:120          Options.bottommost_compression_opts.zstd_max_train_bytes: 0
I200321 09:01:07.980849 15 storage/engine/rocksdb.go:120                   Options.bottommost_compression_opts.enabled: false
I200321 09:01:07.980863 15 storage/engine/rocksdb.go:120             Options.compression_opts.window_bits: -14
I200321 09:01:07.980881 15 storage/engine/rocksdb.go:120                   Options.compression_opts.level: 32767
I200321 09:01:07.980898 15 storage/engine/rocksdb.go:120                Options.compression_opts.strategy: 0
I200321 09:01:07.980916 15 storage/engine/rocksdb.go:120          Options.compression_opts.max_dict_bytes: 0
I200321 09:01:07.980934 15 storage/engine/rocksdb.go:120          Options.compression_opts.zstd_max_train_bytes: 0
I200321 09:01:07.980957 15 storage/engine/rocksdb.go:120                   Options.compression_opts.enabled: false
I200321 09:01:07.980971 15 storage/engine/rocksdb.go:120       Options.level0_file_num_compaction_trigger: 2
I200321 09:01:07.980985 15 storage/engine/rocksdb.go:120           Options.level0_slowdown_writes_trigger: 950
I200321 09:01:07.981003 15 storage/engine/rocksdb.go:120               Options.level0_stop_writes_trigger: 1000
I200321 09:01:07.981021 15 storage/engine/rocksdb.go:120                    Options.target_file_size_base: 4194304
I200321 09:01:07.981038 15 storage/engine/rocksdb.go:120              Options.target_file_size_multiplier: 2
I200321 09:01:07.981055 15 storage/engine/rocksdb.go:120                 Options.max_bytes_for_level_base: 67108864
I200321 09:01:07.981068 15 storage/engine/rocksdb.go:120  Options.level_compaction_dynamic_level_bytes: 1
I200321 09:01:07.981079 15 storage/engine/rocksdb.go:120           Options.max_bytes_for_level_multiplier: 10.000000
I200321 09:01:07.981096 15 storage/engine/rocksdb.go:120  Options.max_bytes_for_level_multiplier_addtl[0]: 1
I200321 09:01:07.981112 15 storage/engine/rocksdb.go:120  Options.max_bytes_for_level_multiplier_addtl[1]: 1
I200321 09:01:07.981126 15 storage/engine/rocksdb.go:120  Options.max_bytes_for_level_multiplier_addtl[2]: 1
I200321 09:01:07.981140 15 storage/engine/rocksdb.go:120  Options.max_bytes_for_level_multiplier_addtl[3]: 1
I200321 09:01:07.981158 15 storage/engine/rocksdb.go:120  Options.max_bytes_for_level_multiplier_addtl[4]: 1
I200321 09:01:07.981172 15 storage/engine/rocksdb.go:120  Options.max_bytes_for_level_multiplier_addtl[5]: 1
I200321 09:01:07.981184 15 storage/engine/rocksdb.go:120  Options.max_bytes_for_level_multiplier_addtl[6]: 1
I200321 09:01:07.981198 15 storage/engine/rocksdb.go:120        Options.max_sequential_skip_in_iterations: 8
I200321 09:01:07.981216 15 storage/engine/rocksdb.go:120                     Options.max_compaction_bytes: 104857600
I200321 09:01:07.981234 15 storage/engine/rocksdb.go:120                         Options.arena_block_size: 8388608
I200321 09:01:07.981247 15 storage/engine/rocksdb.go:120    Options.soft_pending_compaction_bytes_limit: 2199023255552
I200321 09:01:07.981265 15 storage/engine/rocksdb.go:120    Options.hard_pending_compaction_bytes_limit: 4400193994752
I200321 09:01:07.981276 15 storage/engine/rocksdb.go:120        Options.rate_limit_delay_max_milliseconds: 100
I200321 09:01:07.981299 15 storage/engine/rocksdb.go:120                 Options.disable_auto_compactions: 0
I200321 09:01:07.981319 15 storage/engine/rocksdb.go:120                         Options.compaction_style: kCompactionStyleLevel
I200321 09:01:07.981337 15 storage/engine/rocksdb.go:120                           Options.compaction_pri: kMinOverlappingRatio
I200321 09:01:07.981355 15 storage/engine/rocksdb.go:120  Options.compaction_options_universal.size_ratio: 1
I200321 09:01:07.981373 15 storage/engine/rocksdb.go:120  Options.compaction_options_universal.min_merge_width: 2
I200321 09:01:07.981390 15 storage/engine/rocksdb.go:120  Options.compaction_options_universal.max_merge_width: 4294967295
I200321 09:01:07.981407 15 storage/engine/rocksdb.go:120  Options.compaction_options_universal.max_size_amplification_percent: 200
I200321 09:01:07.981426 15 storage/engine/rocksdb.go:120  Options.compaction_options_universal.compression_size_percent: -1
I200321 09:01:07.981444 15 storage/engine/rocksdb.go:120  Options.compaction_options_universal.stop_style: kCompactionStopStyleTotalSize
I200321 09:01:07.981457 15 storage/engine/rocksdb.go:120  Options.compaction_options_fifo.max_table_files_size: 1073741824
I200321 09:01:07.981470 15 storage/engine/rocksdb.go:120  Options.compaction_options_fifo.allow_compaction: 0
I200321 09:01:07.981491 15 storage/engine/rocksdb.go:120                    Options.table_properties_collectors: TimeBoundTblPropCollectorFactory; DeleteRangeTblPropCollectorFactory; 
I200321 09:01:07.981510 15 storage/engine/rocksdb.go:120                    Options.inplace_update_support: 0
I200321 09:01:07.981527 15 storage/engine/rocksdb.go:120                  Options.inplace_update_num_locks: 10000
I200321 09:01:07.981545 15 storage/engine/rocksdb.go:120                Options.memtable_prefix_bloom_size_ratio: 0.000000
I200321 09:01:07.981561 15 storage/engine/rocksdb.go:120                Options.memtable_whole_key_filtering: 0
I200321 09:01:07.981587 15 storage/engine/rocksdb.go:120    Options.memtable_huge_page_size: 0
I200321 09:01:07.981606 15 storage/engine/rocksdb.go:120                            Options.bloom_locality: 0
I200321 09:01:07.981702 15 storage/engine/rocksdb.go:120                     Options.max_successive_merges: 0
I200321 09:01:07.981731 15 storage/engine/rocksdb.go:120                 Options.optimize_filters_for_hits: 1
I200321 09:01:07.981753 15 storage/engine/rocksdb.go:120                 Options.paranoid_file_checks: 0
I200321 09:01:07.981777 15 storage/engine/rocksdb.go:120                 Options.force_consistency_checks: 0
I200321 09:01:07.981800 15 storage/engine/rocksdb.go:120                 Options.report_bg_io_stats: 0
I200321 09:01:07.981813 15 storage/engine/rocksdb.go:120                                Options.ttl: 0
I200321 09:01:07.981832 15 storage/engine/rocksdb.go:120           Options.periodic_compaction_seconds: 0
I200321 09:01:07.986073 15 storage/engine/rocksdb.go:120  [db/version_set.cc:4286] Recovered from manifest file:/cockroach/cockroach-data/cockroach-temp288803056/MANIFEST-000001 succeeded,manifest_file_number is 1, next_file_number is 3, last_sequence is 0, log_number is 0,prev_log_number is 0,max_column_family is 0,min_log_number_to_keep is 0
I200321 09:01:07.986106 15 storage/engine/rocksdb.go:120  [db/version_set.cc:4295] Column family [default] (ID 0), log number is 0
I200321 09:01:08.032962 15 storage/engine/rocksdb.go:120  DB pointer 0x7f2c38099000
I200321 09:01:08.060607 15 storage/engine/rocksdb.go:120  RocksDB version: 6.2.1
I200321 09:01:08.060709 15 storage/engine/rocksdb.go:120  Git sha rocksdb_build_git_sha:@b7009236531fa784872f4823eabf393501e41bf2@
I200321 09:01:08.060834 15 storage/engine/rocksdb.go:120  Compile date Feb  6 2020
I200321 09:01:08.060858 15 storage/engine/rocksdb.go:120  DB SUMMARY
I200321 09:01:08.065036 15 storage/engine/rocksdb.go:120  CURRENT file:  CURRENT
I200321 09:01:08.065065 15 storage/engine/rocksdb.go:120  IDENTITY file:  IDENTITY
I200321 09:01:08.066273 15 storage/engine/rocksdb.go:120  MANIFEST file:  MANIFEST-000053 size: 53 Bytes
I200321 09:01:08.066294 15 storage/engine/rocksdb.go:120  SST files in /cockroach/cockroach-data dir, Total Num: 0, files: 
I200321 09:01:08.066313 15 storage/engine/rocksdb.go:120  Write Ahead Log file in /cockroach/cockroach-data: 000054.log size: 825 ; 
I200321 09:01:08.066333 15 storage/engine/rocksdb.go:120                          Options.error_if_exists: 0
I200321 09:01:08.066351 15 storage/engine/rocksdb.go:120                        Options.create_if_missing: 1
I200321 09:01:08.066369 15 storage/engine/rocksdb.go:120                          Options.paranoid_checks: 1
I200321 09:01:08.066382 15 storage/engine/rocksdb.go:120                                      Options.env: 0x756aca0
I200321 09:01:08.066400 15 storage/engine/rocksdb.go:120                                 Options.info_log: 0x7f2c380192c0
I200321 09:01:08.066418 15 storage/engine/rocksdb.go:120                 Options.max_file_opening_threads: 16
I200321 09:01:08.066435 15 storage/engine/rocksdb.go:120                               Options.statistics: 0x7f2c38029080
I200321 09:01:08.066453 15 storage/engine/rocksdb.go:120                                Options.use_fsync: 0
I200321 09:01:08.066470 15 storage/engine/rocksdb.go:120                        Options.max_log_file_size: 0
I200321 09:01:08.066483 15 storage/engine/rocksdb.go:120                   Options.max_manifest_file_size: 134217728
I200321 09:01:08.066500 15 storage/engine/rocksdb.go:120                    Options.log_file_time_to_roll: 0
I200321 09:01:08.066525 15 storage/engine/rocksdb.go:120                        Options.keep_log_file_num: 1000
I200321 09:01:08.066544 15 storage/engine/rocksdb.go:120                     Options.recycle_log_file_num: 1
I200321 09:01:08.066561 15 storage/engine/rocksdb.go:120                          Options.allow_fallocate: 1
I200321 09:01:08.066578 15 storage/engine/rocksdb.go:120                         Options.allow_mmap_reads: 0
I200321 09:01:08.066596 15 storage/engine/rocksdb.go:120                        Options.allow_mmap_writes: 0
I200321 09:01:08.066613 15 storage/engine/rocksdb.go:120                         Options.use_direct_reads: 0
I200321 09:01:08.066630 15 storage/engine/rocksdb.go:120                         Options.use_direct_io_for_flush_and_compaction: 0
I200321 09:01:08.066710 15 storage/engine/rocksdb.go:120           Options.create_missing_column_families: 0
I200321 09:01:08.066739 15 storage/engine/rocksdb.go:120                               Options.db_log_dir: 
I200321 09:01:08.066757 15 storage/engine/rocksdb.go:120                                  Options.wal_dir: /cockroach/cockroach-data
I200321 09:01:08.066784 15 storage/engine/rocksdb.go:120                 Options.table_cache_numshardbits: 6
I200321 09:01:08.066803 15 storage/engine/rocksdb.go:120                       Options.max_subcompactions: 1
I200321 09:01:08.066820 15 storage/engine/rocksdb.go:120                   Options.max_background_flushes: -1
I200321 09:01:08.066838 15 storage/engine/rocksdb.go:120                          Options.WAL_ttl_seconds: 0
I200321 09:01:08.066856 15 storage/engine/rocksdb.go:120                        Options.WAL_size_limit_MB: 0
I200321 09:01:08.066874 15 storage/engine/rocksdb.go:120              Options.manifest_preallocation_size: 4194304
I200321 09:01:08.066892 15 storage/engine/rocksdb.go:120                      Options.is_fd_close_on_exec: 1
I200321 09:01:08.066909 15 storage/engine/rocksdb.go:120                    Options.advise_random_on_open: 1
I200321 09:01:08.066927 15 storage/engine/rocksdb.go:120                     Options.db_write_buffer_size: 0
I200321 09:01:08.066944 15 storage/engine/rocksdb.go:120                     Options.write_buffer_manager: 0x7f2c38091540
I200321 09:01:08.066962 15 storage/engine/rocksdb.go:120          Options.access_hint_on_compaction_start: 1
I200321 09:01:08.066979 15 storage/engine/rocksdb.go:120   Options.new_table_reader_for_compaction_inputs: 0
I200321 09:01:08.066997 15 storage/engine/rocksdb.go:120            Options.random_access_max_buffer_size: 1048576
I200321 09:01:08.067014 15 storage/engine/rocksdb.go:120                       Options.use_adaptive_mutex: 0
I200321 09:01:08.067033 15 storage/engine/rocksdb.go:120                             Options.rate_limiter: (nil)
I200321 09:01:08.067051 15 storage/engine/rocksdb.go:120      Options.sst_file_manager.rate_bytes_per_sec: 0
I200321 09:01:08.067069 15 storage/engine/rocksdb.go:120                        Options.wal_recovery_mode: 0
I200321 09:01:08.067086 15 storage/engine/rocksdb.go:120                   Options.enable_thread_tracking: 0
I200321 09:01:08.067103 15 storage/engine/rocksdb.go:120                   Options.enable_pipelined_write: 0
I200321 09:01:08.067121 15 storage/engine/rocksdb.go:120          Options.allow_concurrent_memtable_write: 1
I200321 09:01:08.067139 15 storage/engine/rocksdb.go:120       Options.enable_write_thread_adaptive_yield: 1
I200321 09:01:08.067156 15 storage/engine/rocksdb.go:120              Options.write_thread_max_yield_usec: 100
I200321 09:01:08.067173 15 storage/engine/rocksdb.go:120             Options.write_thread_slow_yield_usec: 3
I200321 09:01:08.067191 15 storage/engine/rocksdb.go:120                                Options.row_cache: None
I200321 09:01:08.067208 15 storage/engine/rocksdb.go:120                               Options.wal_filter: None
I200321 09:01:08.067226 15 storage/engine/rocksdb.go:120              Options.avoid_flush_during_recovery: 0
I200321 09:01:08.067243 15 storage/engine/rocksdb.go:120              Options.allow_ingest_behind: 0
I200321 09:01:08.067261 15 storage/engine/rocksdb.go:120              Options.preserve_deletes: 0
I200321 09:01:08.067278 15 storage/engine/rocksdb.go:120              Options.two_write_queues: 0
I200321 09:01:08.067296 15 storage/engine/rocksdb.go:120              Options.manual_wal_flush: 1
I200321 09:01:08.067313 15 storage/engine/rocksdb.go:120              Options.atomic_flush: 0
I200321 09:01:08.067331 15 storage/engine/rocksdb.go:120              Options.avoid_unnecessary_blocking_io: 0
I200321 09:01:08.067349 15 storage/engine/rocksdb.go:120              Options.max_background_jobs: 4
I200321 09:01:08.067367 15 storage/engine/rocksdb.go:120              Options.max_background_compactions: -1
I200321 09:01:08.067384 15 storage/engine/rocksdb.go:120              Options.avoid_flush_during_shutdown: 0
I200321 09:01:08.067401 15 storage/engine/rocksdb.go:120            Options.writable_file_max_buffer_size: 1048576
I200321 09:01:08.067419 15 storage/engine/rocksdb.go:120              Options.delayed_write_rate : 16777216
I200321 09:01:08.067436 15 storage/engine/rocksdb.go:120              Options.max_total_wal_size: 0
I200321 09:01:08.067454 15 storage/engine/rocksdb.go:120              Options.delete_obsolete_files_period_micros: 21600000000
I200321 09:01:08.067471 15 storage/engine/rocksdb.go:120                    Options.stats_dump_period_sec: 0
I200321 09:01:08.067489 15 storage/engine/rocksdb.go:120                  Options.stats_persist_period_sec: 600
I200321 09:01:08.067506 15 storage/engine/rocksdb.go:120                  Options.stats_history_buffer_size: 1048576
I200321 09:01:08.067524 15 storage/engine/rocksdb.go:120                           Options.max_open_files: 1043576
I200321 09:01:08.067541 15 storage/engine/rocksdb.go:120                           Options.bytes_per_sync: 524288
I200321 09:01:08.067559 15 storage/engine/rocksdb.go:120                       Options.wal_bytes_per_sync: 0
I200321 09:01:08.067576 15 storage/engine/rocksdb.go:120                    Options.strict_bytes_per_sync: 1
I200321 09:01:08.067594 15 storage/engine/rocksdb.go:120        Options.compaction_readahead_size: 0
I200321 09:01:08.067608 15 storage/engine/rocksdb.go:120  Compression algorithms supported:
I200321 09:01:08.067704 15 storage/engine/rocksdb.go:120  	kZSTDNotFinalCompression supported: 0
I200321 09:01:08.067850 15 storage/engine/rocksdb.go:120  	kZSTD supported: 0
I200321 09:01:08.067901 15 storage/engine/rocksdb.go:120  	kXpressCompression supported: 0
I200321 09:01:08.068046 15 storage/engine/rocksdb.go:120  	kLZ4HCCompression supported: 0
I200321 09:01:08.068064 15 storage/engine/rocksdb.go:120  	kLZ4Compression supported: 0
I200321 09:01:08.068081 15 storage/engine/rocksdb.go:120  	kBZip2Compression supported: 0
I200321 09:01:08.068202 15 storage/engine/rocksdb.go:120  	kZlibCompression supported: 0
I200321 09:01:08.068226 15 storage/engine/rocksdb.go:120  	kSnappyCompression supported: 1
I200321 09:01:08.068290 15 storage/engine/rocksdb.go:120  Fast CRC32 supported: Supported on x86
I200321 09:01:08.083363 15 storage/engine/rocksdb.go:120  [db/version_set.cc:4072] Recovering from manifest file: /cockroach/cockroach-data/MANIFEST-000053
I200321 09:01:08.089798 15 storage/engine/rocksdb.go:120  [db/column_family.cc:488] --------------- Options for column family [default]:
I200321 09:01:08.089832 15 storage/engine/rocksdb.go:120                Options.comparator: cockroach_comparator
I200321 09:01:08.089877 15 storage/engine/rocksdb.go:120            Options.merge_operator: cockroach_merge_operator
I200321 09:01:08.089899 15 storage/engine/rocksdb.go:120         Options.compaction_filter: None
I200321 09:01:08.089921 15 storage/engine/rocksdb.go:120         Options.compaction_filter_factory: None
I200321 09:01:08.089945 15 storage/engine/rocksdb.go:120          Options.memtable_factory: SkipListFactory
I200321 09:01:08.089972 15 storage/engine/rocksdb.go:120             Options.table_factory: BlockBasedTable
I200321 09:01:08.090013 15 storage/engine/rocksdb.go:120             table_factory options:   flush_block_policy_factory: FlushBlockBySizePolicyFactory (0x7f2c3801d090)
  cache_index_and_filter_blocks: 0
  cache_index_and_filter_blocks_with_high_priority: 0
  pin_l0_filter_and_index_blocks_in_cache: 0
  pin_top_level_index_and_filter: 1
  index_type: 0
  data_block_index_type: 0
  index_shortening: 1
  data_block_hash_table_util_ratio: 0.750000
  hash_index_allow_collision: 1
  checksum: 1
  no_block_cache: 0
  block_cache: 0x7f2c380b2210
  block_cache_name: LRUCache
  block_cache_options:
    capacity : 67108864
    num_shard_bits : 4
    strict_capacity_limit : 0
    memory_allocator : None
    high_pri_pool_ratio: 0.000
  block_cache_compressed: (nil)
  persistent_cache: (nil)
  block_size: 32768
  block_size_deviation: 10
  block_restart_interval: 16
  index_block_restart_interval: 1
  metadata_block_size: 4096
  partition_filters: 0
  use_delta_encoding: 1
  filter_policy: rocksdb.BuiltinBloomFilter
  whole_key_filtering: 0
  verify_compression: 0
  read_amp_bytes_per_bit: 0
  format_version: 2
  enable_index_compression: 1
  block_align: 0
I200321 09:01:08.090097 15 storage/engine/rocksdb.go:120         Options.write_buffer_size: 67108864
I200321 09:01:08.090131 15 storage/engine/rocksdb.go:120   Options.max_write_buffer_number: 4
I200321 09:01:08.090150 15 storage/engine/rocksdb.go:120           Options.compression: Snappy
I200321 09:01:08.090170 15 storage/engine/rocksdb.go:120                   Options.bottommost_compression: Disabled
I200321 09:01:08.090193 15 storage/engine/rocksdb.go:120        Options.prefix_extractor: cockroach_prefix_extractor
I200321 09:01:08.090215 15 storage/engine/rocksdb.go:120    Options.memtable_insert_with_hint_prefix_extractor: nullptr
I200321 09:01:08.090239 15 storage/engine/rocksdb.go:120              Options.num_levels: 7
I200321 09:01:08.090264 15 storage/engine/rocksdb.go:120         Options.min_write_buffer_number_to_merge: 1
I200321 09:01:08.090298 15 storage/engine/rocksdb.go:120      Options.max_write_buffer_number_to_maintain: 0
I200321 09:01:08.090322 15 storage/engine/rocksdb.go:120             Options.bottommost_compression_opts.window_bits: -14
I200321 09:01:08.090345 15 storage/engine/rocksdb.go:120                   Options.bottommost_compression_opts.level: 32767
I200321 09:01:08.090366 15 storage/engine/rocksdb.go:120                Options.bottommost_compression_opts.strategy: 0
I200321 09:01:08.090390 15 storage/engine/rocksdb.go:120          Options.bottommost_compression_opts.max_dict_bytes: 0
I200321 09:01:08.090412 15 storage/engine/rocksdb.go:120          Options.bottommost_compression_opts.zstd_max_train_bytes: 0
I200321 09:01:08.090435 15 storage/engine/rocksdb.go:120                   Options.bottommost_compression_opts.enabled: false
I200321 09:01:08.090456 15 storage/engine/rocksdb.go:120             Options.compression_opts.window_bits: -14
I200321 09:01:08.090507 15 storage/engine/rocksdb.go:120                   Options.compression_opts.level: 32767
I200321 09:01:08.090531 15 storage/engine/rocksdb.go:120                Options.compression_opts.strategy: 0
I200321 09:01:08.090554 15 storage/engine/rocksdb.go:120          Options.compression_opts.max_dict_bytes: 0
I200321 09:01:08.090583 15 storage/engine/rocksdb.go:120          Options.compression_opts.zstd_max_train_bytes: 0
I200321 09:01:08.090686 15 storage/engine/rocksdb.go:120                   Options.compression_opts.enabled: false
I200321 09:01:08.090718 15 storage/engine/rocksdb.go:120       Options.level0_file_num_compaction_trigger: 2
I200321 09:01:08.090750 15 storage/engine/rocksdb.go:120           Options.level0_slowdown_writes_trigger: 950
I200321 09:01:08.090795 15 storage/engine/rocksdb.go:120               Options.level0_stop_writes_trigger: 1000
I200321 09:01:08.090834 15 storage/engine/rocksdb.go:120                    Options.target_file_size_base: 4194304
I200321 09:01:08.090857 15 storage/engine/rocksdb.go:120              Options.target_file_size_multiplier: 2
I200321 09:01:08.090880 15 storage/engine/rocksdb.go:120                 Options.max_bytes_for_level_base: 67108864
I200321 09:01:08.090907 15 storage/engine/rocksdb.go:120  Options.level_compaction_dynamic_level_bytes: 1
I200321 09:01:08.090932 15 storage/engine/rocksdb.go:120           Options.max_bytes_for_level_multiplier: 10.000000
I200321 09:01:08.090968 15 storage/engine/rocksdb.go:120  Options.max_bytes_for_level_multiplier_addtl[0]: 1
I200321 09:01:08.091024 15 storage/engine/rocksdb.go:120  Options.max_bytes_for_level_multiplier_addtl[1]: 1
I200321 09:01:08.091049 15 storage/engine/rocksdb.go:120  Options.max_bytes_for_level_multiplier_addtl[2]: 1
I200321 09:01:08.091100 15 storage/engine/rocksdb.go:120  Options.max_bytes_for_level_multiplier_addtl[3]: 1
I200321 09:01:08.091124 15 storage/engine/rocksdb.go:120  Options.max_bytes_for_level_multiplier_addtl[4]: 1
I200321 09:01:08.091147 15 storage/engine/rocksdb.go:120  Options.max_bytes_for_level_multiplier_addtl[5]: 1
I200321 09:01:08.091169 15 storage/engine/rocksdb.go:120  Options.max_bytes_for_level_multiplier_addtl[6]: 1
I200321 09:01:08.091209 15 storage/engine/rocksdb.go:120        Options.max_sequential_skip_in_iterations: 8
I200321 09:01:08.091239 15 storage/engine/rocksdb.go:120                     Options.max_compaction_bytes: 104857600
I200321 09:01:08.091261 15 storage/engine/rocksdb.go:120                         Options.arena_block_size: 8388608
I200321 09:01:08.091283 15 storage/engine/rocksdb.go:120    Options.soft_pending_compaction_bytes_limit: 2199023255552
I200321 09:01:08.091311 15 storage/engine/rocksdb.go:120    Options.hard_pending_compaction_bytes_limit: 4400193994752
I200321 09:01:08.091333 15 storage/engine/rocksdb.go:120        Options.rate_limit_delay_max_milliseconds: 100
I200321 09:01:08.091361 15 storage/engine/rocksdb.go:120                 Options.disable_auto_compactions: 0
I200321 09:01:08.091390 15 storage/engine/rocksdb.go:120                         Options.compaction_style: kCompactionStyleLevel
I200321 09:01:08.091408 15 storage/engine/rocksdb.go:120                           Options.compaction_pri: kMinOverlappingRatio
I200321 09:01:08.091431 15 storage/engine/rocksdb.go:120  Options.compaction_options_universal.size_ratio: 1
I200321 09:01:08.091453 15 storage/engine/rocksdb.go:120  Options.compaction_options_universal.min_merge_width: 2
I200321 09:01:08.091473 15 storage/engine/rocksdb.go:120  Options.compaction_options_universal.max_merge_width: 4294967295
I200321 09:01:08.091489 15 storage/engine/rocksdb.go:120  Options.compaction_options_universal.max_size_amplification_percent: 200
I200321 09:01:08.091508 15 storage/engine/rocksdb.go:120  Options.compaction_options_universal.compression_size_percent: -1
I200321 09:01:08.091528 15 storage/engine/rocksdb.go:120  Options.compaction_options_universal.stop_style: kCompactionStopStyleTotalSize
I200321 09:01:08.091548 15 storage/engine/rocksdb.go:120  Options.compaction_options_fifo.max_table_files_size: 1073741824
I200321 09:01:08.091568 15 storage/engine/rocksdb.go:120  Options.compaction_options_fifo.allow_compaction: 0
I200321 09:01:08.091591 15 storage/engine/rocksdb.go:120                    Options.table_properties_collectors: TimeBoundTblPropCollectorFactory; DeleteRangeTblPropCollectorFactory; 
I200321 09:01:08.091611 15 storage/engine/rocksdb.go:120                    Options.inplace_update_support: 0
I200321 09:01:08.091711 15 storage/engine/rocksdb.go:120                  Options.inplace_update_num_locks: 10000
I200321 09:01:08.091736 15 storage/engine/rocksdb.go:120                Options.memtable_prefix_bloom_size_ratio: 0.000000
I200321 09:01:08.091758 15 storage/engine/rocksdb.go:120                Options.memtable_whole_key_filtering: 0
I200321 09:01:08.091776 15 storage/engine/rocksdb.go:120    Options.memtable_huge_page_size: 0
I200321 09:01:08.091830 15 storage/engine/rocksdb.go:120                            Options.bloom_locality: 0
I200321 09:01:08.091844 15 storage/engine/rocksdb.go:120                     Options.max_successive_merges: 0
I200321 09:01:08.091897 15 storage/engine/rocksdb.go:120                 Options.optimize_filters_for_hits: 1
I200321 09:01:08.091914 15 storage/engine/rocksdb.go:120                 Options.paranoid_file_checks: 0
I200321 09:01:08.091933 15 storage/engine/rocksdb.go:120                 Options.force_consistency_checks: 0
I200321 09:01:08.091953 15 storage/engine/rocksdb.go:120                 Options.report_bg_io_stats: 0
I200321 09:01:08.091983 15 storage/engine/rocksdb.go:120                                Options.ttl: 0
I200321 09:01:08.092008 15 storage/engine/rocksdb.go:120           Options.periodic_compaction_seconds: 0
I200321 09:01:08.096095 15 storage/engine/rocksdb.go:120  [db/version_set.cc:4286] Recovered from manifest file:/cockroach/cockroach-data/MANIFEST-000053 succeeded,manifest_file_number is 53, next_file_number is 55, last_sequence is 0, log_number is 52,prev_log_number is 0,max_column_family is 0,min_log_number_to_keep is 0
I200321 09:01:08.096136 15 storage/engine/rocksdb.go:120  [db/version_set.cc:4295] Column family [default] (ID 0), log number is 52
I200321 09:01:08.110732 15 storage/engine/rocksdb.go:120  EVENT_LOG_v1 {"time_micros": 1584781268110604, "job": 1, "event": "recovery_started", "log_files": [54]}
I200321 09:01:08.110766 15 storage/engine/rocksdb.go:120  [db/db_impl_open.cc:598] Recovering log #54 mode 0
I200321 09:01:08.117151 15 storage/engine/rocksdb.go:120  [db/version_set.cc:3560] Creating manifest 56
I200321 09:01:08.127970 15 storage/engine/rocksdb.go:120  EVENT_LOG_v1 {"time_micros": 1584781268127932, "job": 1, "event": "recovery_finished"}
I200321 09:01:08.157931 15 storage/engine/rocksdb.go:120  DB pointer 0x7f2c3812d000
