I200320 19:13:06.072432 26 util/log/clog.go:1196  [config] file created at: 2020/03/20 19:13:06
I200320 19:13:06.072432 26 util/log/clog.go:1196  [config] running on machine: a3ae7034442e
I200320 19:13:06.072432 26 util/log/clog.go:1196  [config] binary: CockroachDB CCL v19.2.4 (x86_64-unknown-linux-gnu, built 2020/02/06 21:55:19, go1.12.12)
I200320 19:13:06.072432 26 util/log/clog.go:1196  [config] arguments: [/cockroach/cockroach start --insecure --join=awordaday_node_1]
I200320 19:13:06.072432 26 util/log/clog.go:1196  line format: [IWEF]yymmdd hh:mm:ss.uuuuuu goid file:line msg utf8=✓
I200320 19:13:06.072419 26 storage/engine/rocksdb.go:120  RocksDB version: 6.2.1
I200320 19:13:06.078030 26 storage/engine/rocksdb.go:120  Git sha rocksdb_build_git_sha:@b7009236531fa784872f4823eabf393501e41bf2@
I200320 19:13:06.078049 26 storage/engine/rocksdb.go:120  Compile date Feb  6 2020
I200320 19:13:06.078069 26 storage/engine/rocksdb.go:120  DB SUMMARY
I200320 19:13:06.080853 26 storage/engine/rocksdb.go:120  SST files in /cockroach/cockroach-data/cockroach-temp364541176 dir, Total Num: 0, files: 
I200320 19:13:06.094266 26 storage/engine/rocksdb.go:120  Write Ahead Log file in /cockroach/cockroach-data/cockroach-temp364541176: 
I200320 19:13:06.094288 26 storage/engine/rocksdb.go:120                          Options.error_if_exists: 0
I200320 19:13:06.094307 26 storage/engine/rocksdb.go:120                        Options.create_if_missing: 1
I200320 19:13:06.094325 26 storage/engine/rocksdb.go:120                          Options.paranoid_checks: 1
I200320 19:13:06.094343 26 storage/engine/rocksdb.go:120                                      Options.env: 0x756aca0
I200320 19:13:06.094360 26 storage/engine/rocksdb.go:120                                 Options.info_log: 0x7fa3f060d160
I200320 19:13:06.094378 26 storage/engine/rocksdb.go:120                 Options.max_file_opening_threads: 16
I200320 19:13:06.094413 26 storage/engine/rocksdb.go:120                               Options.statistics: 0x7fa3f0634010
I200320 19:13:06.094431 26 storage/engine/rocksdb.go:120                                Options.use_fsync: 0
I200320 19:13:06.094449 26 storage/engine/rocksdb.go:120                        Options.max_log_file_size: 0
I200320 19:13:06.094467 26 storage/engine/rocksdb.go:120                   Options.max_manifest_file_size: 134217728
I200320 19:13:06.094485 26 storage/engine/rocksdb.go:120                    Options.log_file_time_to_roll: 0
I200320 19:13:06.094503 26 storage/engine/rocksdb.go:120                        Options.keep_log_file_num: 1000
I200320 19:13:06.094520 26 storage/engine/rocksdb.go:120                     Options.recycle_log_file_num: 1
I200320 19:13:06.094538 26 storage/engine/rocksdb.go:120                          Options.allow_fallocate: 1
I200320 19:13:06.094555 26 storage/engine/rocksdb.go:120                         Options.allow_mmap_reads: 0
I200320 19:13:06.094573 26 storage/engine/rocksdb.go:120                        Options.allow_mmap_writes: 0
I200320 19:13:06.094590 26 storage/engine/rocksdb.go:120                         Options.use_direct_reads: 0
I200320 19:13:06.094607 26 storage/engine/rocksdb.go:120                         Options.use_direct_io_for_flush_and_compaction: 0
I200320 19:13:06.094625 26 storage/engine/rocksdb.go:120           Options.create_missing_column_families: 0
I200320 19:13:06.094642 26 storage/engine/rocksdb.go:120                               Options.db_log_dir: 
I200320 19:13:06.094661 26 storage/engine/rocksdb.go:120                                  Options.wal_dir: /cockroach/cockroach-data/cockroach-temp364541176
I200320 19:13:06.094679 26 storage/engine/rocksdb.go:120                 Options.table_cache_numshardbits: 6
I200320 19:13:06.094696 26 storage/engine/rocksdb.go:120                       Options.max_subcompactions: 1
I200320 19:13:06.094714 26 storage/engine/rocksdb.go:120                   Options.max_background_flushes: -1
I200320 19:13:06.094732 26 storage/engine/rocksdb.go:120                          Options.WAL_ttl_seconds: 0
I200320 19:13:06.094750 26 storage/engine/rocksdb.go:120                        Options.WAL_size_limit_MB: 0
I200320 19:13:06.094767 26 storage/engine/rocksdb.go:120              Options.manifest_preallocation_size: 4194304
I200320 19:13:06.094785 26 storage/engine/rocksdb.go:120                      Options.is_fd_close_on_exec: 1
I200320 19:13:06.094802 26 storage/engine/rocksdb.go:120                    Options.advise_random_on_open: 1
I200320 19:13:06.094820 26 storage/engine/rocksdb.go:120                     Options.db_write_buffer_size: 0
I200320 19:13:06.094837 26 storage/engine/rocksdb.go:120                     Options.write_buffer_manager: 0x7fa3f061f060
I200320 19:13:06.094855 26 storage/engine/rocksdb.go:120          Options.access_hint_on_compaction_start: 1
I200320 19:13:06.094872 26 storage/engine/rocksdb.go:120   Options.new_table_reader_for_compaction_inputs: 0
I200320 19:13:06.094890 26 storage/engine/rocksdb.go:120            Options.random_access_max_buffer_size: 1048576
I200320 19:13:06.094907 26 storage/engine/rocksdb.go:120                       Options.use_adaptive_mutex: 0
I200320 19:13:06.094925 26 storage/engine/rocksdb.go:120                             Options.rate_limiter: (nil)
I200320 19:13:06.094944 26 storage/engine/rocksdb.go:120      Options.sst_file_manager.rate_bytes_per_sec: 0
I200320 19:13:06.094961 26 storage/engine/rocksdb.go:120                        Options.wal_recovery_mode: 0
I200320 19:13:06.094978 26 storage/engine/rocksdb.go:120                   Options.enable_thread_tracking: 0
I200320 19:13:06.094996 26 storage/engine/rocksdb.go:120                   Options.enable_pipelined_write: 0
I200320 19:13:06.095013 26 storage/engine/rocksdb.go:120          Options.allow_concurrent_memtable_write: 1
I200320 19:13:06.095030 26 storage/engine/rocksdb.go:120       Options.enable_write_thread_adaptive_yield: 1
I200320 19:13:06.095048 26 storage/engine/rocksdb.go:120              Options.write_thread_max_yield_usec: 100
I200320 19:13:06.095065 26 storage/engine/rocksdb.go:120             Options.write_thread_slow_yield_usec: 3
I200320 19:13:06.095083 26 storage/engine/rocksdb.go:120                                Options.row_cache: None
I200320 19:13:06.095100 26 storage/engine/rocksdb.go:120                               Options.wal_filter: None
I200320 19:13:06.095118 26 storage/engine/rocksdb.go:120              Options.avoid_flush_during_recovery: 0
I200320 19:13:06.095136 26 storage/engine/rocksdb.go:120              Options.allow_ingest_behind: 0
I200320 19:13:06.095153 26 storage/engine/rocksdb.go:120              Options.preserve_deletes: 0
I200320 19:13:06.095171 26 storage/engine/rocksdb.go:120              Options.two_write_queues: 0
I200320 19:13:06.095188 26 storage/engine/rocksdb.go:120              Options.manual_wal_flush: 1
I200320 19:13:06.095206 26 storage/engine/rocksdb.go:120              Options.atomic_flush: 0
I200320 19:13:06.095224 26 storage/engine/rocksdb.go:120              Options.avoid_unnecessary_blocking_io: 0
I200320 19:13:06.095242 26 storage/engine/rocksdb.go:120              Options.max_background_jobs: 4
I200320 19:13:06.095260 26 storage/engine/rocksdb.go:120              Options.max_background_compactions: -1
I200320 19:13:06.095277 26 storage/engine/rocksdb.go:120              Options.avoid_flush_during_shutdown: 0
I200320 19:13:06.095295 26 storage/engine/rocksdb.go:120            Options.writable_file_max_buffer_size: 1048576
I200320 19:13:06.095313 26 storage/engine/rocksdb.go:120              Options.delayed_write_rate : 16777216
I200320 19:13:06.095331 26 storage/engine/rocksdb.go:120              Options.max_total_wal_size: 0
I200320 19:13:06.095415 26 storage/engine/rocksdb.go:120              Options.delete_obsolete_files_period_micros: 21600000000
I200320 19:13:06.095434 26 storage/engine/rocksdb.go:120                    Options.stats_dump_period_sec: 0
I200320 19:13:06.095452 26 storage/engine/rocksdb.go:120                  Options.stats_persist_period_sec: 600
I200320 19:13:06.095469 26 storage/engine/rocksdb.go:120                  Options.stats_history_buffer_size: 1048576
I200320 19:13:06.095487 26 storage/engine/rocksdb.go:120                           Options.max_open_files: 128
I200320 19:13:06.095505 26 storage/engine/rocksdb.go:120                           Options.bytes_per_sync: 524288
I200320 19:13:06.095522 26 storage/engine/rocksdb.go:120                       Options.wal_bytes_per_sync: 0
I200320 19:13:06.095536 26 storage/engine/rocksdb.go:120                    Options.strict_bytes_per_sync: 1
I200320 19:13:06.095552 26 storage/engine/rocksdb.go:120        Options.compaction_readahead_size: 0
I200320 19:13:06.095571 26 storage/engine/rocksdb.go:120  Compression algorithms supported:
I200320 19:13:06.095589 26 storage/engine/rocksdb.go:120  	kZSTDNotFinalCompression supported: 0
I200320 19:13:06.095607 26 storage/engine/rocksdb.go:120  	kZSTD supported: 0
I200320 19:13:06.095625 26 storage/engine/rocksdb.go:120  	kXpressCompression supported: 0
I200320 19:13:06.095643 26 storage/engine/rocksdb.go:120  	kLZ4HCCompression supported: 0
I200320 19:13:06.095661 26 storage/engine/rocksdb.go:120  	kLZ4Compression supported: 0
I200320 19:13:06.095693 26 storage/engine/rocksdb.go:120  	kBZip2Compression supported: 0
I200320 19:13:06.095711 26 storage/engine/rocksdb.go:120  	kZlibCompression supported: 0
I200320 19:13:06.095728 26 storage/engine/rocksdb.go:120  	kSnappyCompression supported: 1
I200320 19:13:06.095755 26 storage/engine/rocksdb.go:120  Fast CRC32 supported: Supported on x86
I200320 19:13:06.100110 26 storage/engine/rocksdb.go:120  [db/db_impl_open.cc:242] Creating manifest 1 
I200320 19:13:06.120485 26 storage/engine/rocksdb.go:120  [db/version_set.cc:4072] Recovering from manifest file: /cockroach/cockroach-data/cockroach-temp364541176/MANIFEST-000001
I200320 19:13:06.123242 26 storage/engine/rocksdb.go:120  [db/column_family.cc:488] --------------- Options for column family [default]:
I200320 19:13:06.123264 26 storage/engine/rocksdb.go:120                Options.comparator: cockroach_comparator
I200320 19:13:06.123282 26 storage/engine/rocksdb.go:120            Options.merge_operator: cockroach_merge_operator
I200320 19:13:06.123297 26 storage/engine/rocksdb.go:120         Options.compaction_filter: None
I200320 19:13:06.123312 26 storage/engine/rocksdb.go:120         Options.compaction_filter_factory: None
I200320 19:13:06.123330 26 storage/engine/rocksdb.go:120          Options.memtable_factory: SkipListFactory
I200320 19:13:06.123342 26 storage/engine/rocksdb.go:120             Options.table_factory: BlockBasedTable
I200320 19:13:06.123380 26 storage/engine/rocksdb.go:120             table_factory options:   flush_block_policy_factory: FlushBlockBySizePolicyFactory (0x7fa3f062d030)
  cache_index_and_filter_blocks: 0
  cache_index_and_filter_blocks_with_high_priority: 0
  pin_l0_filter_and_index_blocks_in_cache: 0
  pin_top_level_index_and_filter: 1
  index_type: 0
  data_block_index_type: 0
  index_shortening: 1
  data_block_hash_table_util_ratio: 0.750000
  hash_index_allow_collision: 1
  checksum: 1
  no_block_cache: 0
  block_cache: 0x7fa3f0622010
  block_cache_name: LRUCache
  block_cache_options:
    capacity : 1048576
    num_shard_bits : 4
    strict_capacity_limit : 0
    memory_allocator : None
    high_pri_pool_ratio: 0.000
  block_cache_compressed: (nil)
  persistent_cache: (nil)
  block_size: 32768
  block_size_deviation: 10
  block_restart_interval: 16
  index_block_restart_interval: 1
  metadata_block_size: 4096
  partition_filters: 0
  use_delta_encoding: 1
  filter_policy: rocksdb.BuiltinBloomFilter
  whole_key_filtering: 0
  verify_compression: 0
  read_amp_bytes_per_bit: 0
  format_version: 2
  enable_index_compression: 1
  block_align: 0
I200320 19:13:06.123401 26 storage/engine/rocksdb.go:120         Options.write_buffer_size: 67108864
I200320 19:13:06.123422 26 storage/engine/rocksdb.go:120   Options.max_write_buffer_number: 4
I200320 19:13:06.123440 26 storage/engine/rocksdb.go:120           Options.compression: Snappy
I200320 19:13:06.123451 26 storage/engine/rocksdb.go:120                   Options.bottommost_compression: Disabled
I200320 19:13:06.123465 26 storage/engine/rocksdb.go:120        Options.prefix_extractor: cockroach_prefix_extractor
I200320 19:13:06.123478 26 storage/engine/rocksdb.go:120    Options.memtable_insert_with_hint_prefix_extractor: nullptr
I200320 19:13:06.123493 26 storage/engine/rocksdb.go:120              Options.num_levels: 7
I200320 19:13:06.123597 26 storage/engine/rocksdb.go:120         Options.min_write_buffer_number_to_merge: 1
I200320 19:13:06.123614 26 storage/engine/rocksdb.go:120      Options.max_write_buffer_number_to_maintain: 0
I200320 19:13:06.123627 26 storage/engine/rocksdb.go:120             Options.bottommost_compression_opts.window_bits: -14
I200320 19:13:06.123642 26 storage/engine/rocksdb.go:120                   Options.bottommost_compression_opts.level: 32767
I200320 19:13:06.123655 26 storage/engine/rocksdb.go:120                Options.bottommost_compression_opts.strategy: 0
I200320 19:13:06.123669 26 storage/engine/rocksdb.go:120          Options.bottommost_compression_opts.max_dict_bytes: 0
I200320 19:13:06.123687 26 storage/engine/rocksdb.go:120          Options.bottommost_compression_opts.zstd_max_train_bytes: 0
I200320 19:13:06.123705 26 storage/engine/rocksdb.go:120                   Options.bottommost_compression_opts.enabled: false
I200320 19:13:06.123723 26 storage/engine/rocksdb.go:120             Options.compression_opts.window_bits: -14
I200320 19:13:06.123740 26 storage/engine/rocksdb.go:120                   Options.compression_opts.level: 32767
I200320 19:13:06.123757 26 storage/engine/rocksdb.go:120                Options.compression_opts.strategy: 0
I200320 19:13:06.123770 26 storage/engine/rocksdb.go:120          Options.compression_opts.max_dict_bytes: 0
I200320 19:13:06.123785 26 storage/engine/rocksdb.go:120          Options.compression_opts.zstd_max_train_bytes: 0
I200320 19:13:06.123798 26 storage/engine/rocksdb.go:120                   Options.compression_opts.enabled: false
I200320 19:13:06.123813 26 storage/engine/rocksdb.go:120       Options.level0_file_num_compaction_trigger: 2
I200320 19:13:06.123830 26 storage/engine/rocksdb.go:120           Options.level0_slowdown_writes_trigger: 950
I200320 19:13:06.123848 26 storage/engine/rocksdb.go:120               Options.level0_stop_writes_trigger: 1000
I200320 19:13:06.123866 26 storage/engine/rocksdb.go:120                    Options.target_file_size_base: 4194304
I200320 19:13:06.123889 26 storage/engine/rocksdb.go:120              Options.target_file_size_multiplier: 2
I200320 19:13:06.123905 26 storage/engine/rocksdb.go:120                 Options.max_bytes_for_level_base: 67108864
I200320 19:13:06.123918 26 storage/engine/rocksdb.go:120  Options.level_compaction_dynamic_level_bytes: 1
I200320 19:13:06.123934 26 storage/engine/rocksdb.go:120           Options.max_bytes_for_level_multiplier: 10.000000
I200320 19:13:06.123947 26 storage/engine/rocksdb.go:120  Options.max_bytes_for_level_multiplier_addtl[0]: 1
I200320 19:13:06.123961 26 storage/engine/rocksdb.go:120  Options.max_bytes_for_level_multiplier_addtl[1]: 1
I200320 19:13:06.123979 26 storage/engine/rocksdb.go:120  Options.max_bytes_for_level_multiplier_addtl[2]: 1
I200320 19:13:06.123996 26 storage/engine/rocksdb.go:120  Options.max_bytes_for_level_multiplier_addtl[3]: 1
I200320 19:13:06.124014 26 storage/engine/rocksdb.go:120  Options.max_bytes_for_level_multiplier_addtl[4]: 1
I200320 19:13:06.124031 26 storage/engine/rocksdb.go:120  Options.max_bytes_for_level_multiplier_addtl[5]: 1
I200320 19:13:06.124049 26 storage/engine/rocksdb.go:120  Options.max_bytes_for_level_multiplier_addtl[6]: 1
I200320 19:13:06.124062 26 storage/engine/rocksdb.go:120        Options.max_sequential_skip_in_iterations: 8
I200320 19:13:06.124076 26 storage/engine/rocksdb.go:120                     Options.max_compaction_bytes: 104857600
I200320 19:13:06.124089 26 storage/engine/rocksdb.go:120                         Options.arena_block_size: 8388608
I200320 19:13:06.124102 26 storage/engine/rocksdb.go:120    Options.soft_pending_compaction_bytes_limit: 2199023255552
I200320 19:13:06.124172 26 storage/engine/rocksdb.go:120    Options.hard_pending_compaction_bytes_limit: 4400193994752
I200320 19:13:06.124190 26 storage/engine/rocksdb.go:120        Options.rate_limit_delay_max_milliseconds: 100
I200320 19:13:06.124203 26 storage/engine/rocksdb.go:120                 Options.disable_auto_compactions: 0
I200320 19:13:06.124223 26 storage/engine/rocksdb.go:120                         Options.compaction_style: kCompactionStyleLevel
I200320 19:13:06.124241 26 storage/engine/rocksdb.go:120                           Options.compaction_pri: kMinOverlappingRatio
I200320 19:13:06.124259 26 storage/engine/rocksdb.go:120  Options.compaction_options_universal.size_ratio: 1
I200320 19:13:06.124276 26 storage/engine/rocksdb.go:120  Options.compaction_options_universal.min_merge_width: 2
I200320 19:13:06.124293 26 storage/engine/rocksdb.go:120  Options.compaction_options_universal.max_merge_width: 4294967295
I200320 19:13:06.124311 26 storage/engine/rocksdb.go:120  Options.compaction_options_universal.max_size_amplification_percent: 200
I200320 19:13:06.124323 26 storage/engine/rocksdb.go:120  Options.compaction_options_universal.compression_size_percent: -1
I200320 19:13:06.124335 26 storage/engine/rocksdb.go:120  Options.compaction_options_universal.stop_style: kCompactionStopStyleTotalSize
I200320 19:13:06.124350 26 storage/engine/rocksdb.go:120  Options.compaction_options_fifo.max_table_files_size: 1073741824
I200320 19:13:06.124367 26 storage/engine/rocksdb.go:120  Options.compaction_options_fifo.allow_compaction: 0
I200320 19:13:06.124388 26 storage/engine/rocksdb.go:120                    Options.table_properties_collectors: TimeBoundTblPropCollectorFactory; DeleteRangeTblPropCollectorFactory; 
I200320 19:13:06.124408 26 storage/engine/rocksdb.go:120                    Options.inplace_update_support: 0
I200320 19:13:06.124425 26 storage/engine/rocksdb.go:120                  Options.inplace_update_num_locks: 10000
I200320 19:13:06.124442 26 storage/engine/rocksdb.go:120                Options.memtable_prefix_bloom_size_ratio: 0.000000
I200320 19:13:06.124460 26 storage/engine/rocksdb.go:120                Options.memtable_whole_key_filtering: 0
I200320 19:13:06.124472 26 storage/engine/rocksdb.go:120    Options.memtable_huge_page_size: 0
I200320 19:13:06.124485 26 storage/engine/rocksdb.go:120                            Options.bloom_locality: 0
I200320 19:13:06.124499 26 storage/engine/rocksdb.go:120                     Options.max_successive_merges: 0
I200320 19:13:06.124517 26 storage/engine/rocksdb.go:120                 Options.optimize_filters_for_hits: 1
I200320 19:13:06.124534 26 storage/engine/rocksdb.go:120                 Options.paranoid_file_checks: 0
I200320 19:13:06.124552 26 storage/engine/rocksdb.go:120                 Options.force_consistency_checks: 0
I200320 19:13:06.124569 26 storage/engine/rocksdb.go:120                 Options.report_bg_io_stats: 0
I200320 19:13:06.124583 26 storage/engine/rocksdb.go:120                                Options.ttl: 0
I200320 19:13:06.124601 26 storage/engine/rocksdb.go:120           Options.periodic_compaction_seconds: 0
I200320 19:13:06.128997 26 storage/engine/rocksdb.go:120  [db/version_set.cc:4286] Recovered from manifest file:/cockroach/cockroach-data/cockroach-temp364541176/MANIFEST-000001 succeeded,manifest_file_number is 1, next_file_number is 3, last_sequence is 0, log_number is 0,prev_log_number is 0,max_column_family is 0,min_log_number_to_keep is 0
I200320 19:13:06.129021 26 storage/engine/rocksdb.go:120  [db/version_set.cc:4295] Column family [default] (ID 0), log number is 0
I200320 19:13:06.184703 26 storage/engine/rocksdb.go:120  DB pointer 0x7fa3f06a1000
I200320 19:13:06.245440 26 storage/engine/rocksdb.go:120  RocksDB version: 6.2.1
I200320 19:13:06.245630 26 storage/engine/rocksdb.go:120  Git sha rocksdb_build_git_sha:@b7009236531fa784872f4823eabf393501e41bf2@
I200320 19:13:06.245657 26 storage/engine/rocksdb.go:120  Compile date Feb  6 2020
I200320 19:13:06.245680 26 storage/engine/rocksdb.go:120  DB SUMMARY
I200320 19:13:06.251418 26 storage/engine/rocksdb.go:120  CURRENT file:  CURRENT
I200320 19:13:06.251476 26 storage/engine/rocksdb.go:120  IDENTITY file:  IDENTITY
I200320 19:13:06.253531 26 storage/engine/rocksdb.go:120  MANIFEST file:  MANIFEST-000017 size: 53 Bytes
I200320 19:13:06.253684 26 storage/engine/rocksdb.go:120  SST files in /cockroach/cockroach-data dir, Total Num: 0, files: 
I200320 19:13:06.253703 26 storage/engine/rocksdb.go:120  Write Ahead Log file in /cockroach/cockroach-data: 000018.log size: 850 ; 
I200320 19:13:06.253723 26 storage/engine/rocksdb.go:120                          Options.error_if_exists: 0
I200320 19:13:06.253741 26 storage/engine/rocksdb.go:120                        Options.create_if_missing: 1
I200320 19:13:06.253758 26 storage/engine/rocksdb.go:120                          Options.paranoid_checks: 1
I200320 19:13:06.253776 26 storage/engine/rocksdb.go:120                                      Options.env: 0x756aca0
I200320 19:13:06.253811 26 storage/engine/rocksdb.go:120                                 Options.info_log: 0x7fa3f060d2e0
I200320 19:13:06.253849 26 storage/engine/rocksdb.go:120                 Options.max_file_opening_threads: 16
I200320 19:13:06.253935 26 storage/engine/rocksdb.go:120                               Options.statistics: 0x7fa3f0634080
I200320 19:13:06.254001 26 storage/engine/rocksdb.go:120                                Options.use_fsync: 0
I200320 19:13:06.254019 26 storage/engine/rocksdb.go:120                        Options.max_log_file_size: 0
I200320 19:13:06.254036 26 storage/engine/rocksdb.go:120                   Options.max_manifest_file_size: 134217728
I200320 19:13:06.254054 26 storage/engine/rocksdb.go:120                    Options.log_file_time_to_roll: 0
I200320 19:13:06.254072 26 storage/engine/rocksdb.go:120                        Options.keep_log_file_num: 1000
I200320 19:13:06.254089 26 storage/engine/rocksdb.go:120                     Options.recycle_log_file_num: 1
I200320 19:13:06.254106 26 storage/engine/rocksdb.go:120                          Options.allow_fallocate: 1
I200320 19:13:06.254123 26 storage/engine/rocksdb.go:120                         Options.allow_mmap_reads: 0
I200320 19:13:06.254140 26 storage/engine/rocksdb.go:120                        Options.allow_mmap_writes: 0
I200320 19:13:06.254157 26 storage/engine/rocksdb.go:120                         Options.use_direct_reads: 0
I200320 19:13:06.254174 26 storage/engine/rocksdb.go:120                         Options.use_direct_io_for_flush_and_compaction: 0
I200320 19:13:06.254191 26 storage/engine/rocksdb.go:120           Options.create_missing_column_families: 0
I200320 19:13:06.254302 26 storage/engine/rocksdb.go:120                               Options.db_log_dir: 
I200320 19:13:06.254399 26 storage/engine/rocksdb.go:120                                  Options.wal_dir: /cockroach/cockroach-data
I200320 19:13:06.254419 26 storage/engine/rocksdb.go:120                 Options.table_cache_numshardbits: 6
I200320 19:13:06.254437 26 storage/engine/rocksdb.go:120                       Options.max_subcompactions: 1
I200320 19:13:06.254454 26 storage/engine/rocksdb.go:120                   Options.max_background_flushes: -1
I200320 19:13:06.254488 26 storage/engine/rocksdb.go:120                          Options.WAL_ttl_seconds: 0
I200320 19:13:06.254505 26 storage/engine/rocksdb.go:120                        Options.WAL_size_limit_MB: 0
I200320 19:13:06.254523 26 storage/engine/rocksdb.go:120              Options.manifest_preallocation_size: 4194304
I200320 19:13:06.254540 26 storage/engine/rocksdb.go:120                      Options.is_fd_close_on_exec: 1
I200320 19:13:06.254557 26 storage/engine/rocksdb.go:120                    Options.advise_random_on_open: 1
I200320 19:13:06.254574 26 storage/engine/rocksdb.go:120                     Options.db_write_buffer_size: 0
I200320 19:13:06.254591 26 storage/engine/rocksdb.go:120                     Options.write_buffer_manager: 0x7fa3f061f570
I200320 19:13:06.254608 26 storage/engine/rocksdb.go:120          Options.access_hint_on_compaction_start: 1
I200320 19:13:06.254625 26 storage/engine/rocksdb.go:120   Options.new_table_reader_for_compaction_inputs: 0
I200320 19:13:06.254642 26 storage/engine/rocksdb.go:120            Options.random_access_max_buffer_size: 1048576
I200320 19:13:06.254694 26 storage/engine/rocksdb.go:120                       Options.use_adaptive_mutex: 0
I200320 19:13:06.254712 26 storage/engine/rocksdb.go:120                             Options.rate_limiter: (nil)
I200320 19:13:06.254730 26 storage/engine/rocksdb.go:120      Options.sst_file_manager.rate_bytes_per_sec: 0
I200320 19:13:06.254747 26 storage/engine/rocksdb.go:120                        Options.wal_recovery_mode: 0
I200320 19:13:06.254766 26 storage/engine/rocksdb.go:120                   Options.enable_thread_tracking: 0
I200320 19:13:06.254785 26 storage/engine/rocksdb.go:120                   Options.enable_pipelined_write: 0
I200320 19:13:06.254802 26 storage/engine/rocksdb.go:120          Options.allow_concurrent_memtable_write: 1
I200320 19:13:06.254819 26 storage/engine/rocksdb.go:120       Options.enable_write_thread_adaptive_yield: 1
I200320 19:13:06.254836 26 storage/engine/rocksdb.go:120              Options.write_thread_max_yield_usec: 100
I200320 19:13:06.254854 26 storage/engine/rocksdb.go:120             Options.write_thread_slow_yield_usec: 3
I200320 19:13:06.254870 26 storage/engine/rocksdb.go:120                                Options.row_cache: None
I200320 19:13:06.254888 26 storage/engine/rocksdb.go:120                               Options.wal_filter: None
I200320 19:13:06.254905 26 storage/engine/rocksdb.go:120              Options.avoid_flush_during_recovery: 0
I200320 19:13:06.254922 26 storage/engine/rocksdb.go:120              Options.allow_ingest_behind: 0
I200320 19:13:06.254939 26 storage/engine/rocksdb.go:120              Options.preserve_deletes: 0
I200320 19:13:06.254956 26 storage/engine/rocksdb.go:120              Options.two_write_queues: 0
I200320 19:13:06.254973 26 storage/engine/rocksdb.go:120              Options.manual_wal_flush: 1
I200320 19:13:06.254990 26 storage/engine/rocksdb.go:120              Options.atomic_flush: 0
I200320 19:13:06.255007 26 storage/engine/rocksdb.go:120              Options.avoid_unnecessary_blocking_io: 0
I200320 19:13:06.255025 26 storage/engine/rocksdb.go:120              Options.max_background_jobs: 4
I200320 19:13:06.255042 26 storage/engine/rocksdb.go:120              Options.max_background_compactions: -1
I200320 19:13:06.255059 26 storage/engine/rocksdb.go:120              Options.avoid_flush_during_shutdown: 0
I200320 19:13:06.255076 26 storage/engine/rocksdb.go:120            Options.writable_file_max_buffer_size: 1048576
I200320 19:13:06.255093 26 storage/engine/rocksdb.go:120              Options.delayed_write_rate : 16777216
I200320 19:13:06.255110 26 storage/engine/rocksdb.go:120              Options.max_total_wal_size: 0
I200320 19:13:06.255127 26 storage/engine/rocksdb.go:120              Options.delete_obsolete_files_period_micros: 21600000000
I200320 19:13:06.255144 26 storage/engine/rocksdb.go:120                    Options.stats_dump_period_sec: 0
I200320 19:13:06.255162 26 storage/engine/rocksdb.go:120                  Options.stats_persist_period_sec: 600
I200320 19:13:06.255179 26 storage/engine/rocksdb.go:120                  Options.stats_history_buffer_size: 1048576
I200320 19:13:06.255196 26 storage/engine/rocksdb.go:120                           Options.max_open_files: 1043576
I200320 19:13:06.255213 26 storage/engine/rocksdb.go:120                           Options.bytes_per_sync: 524288
I200320 19:13:06.255229 26 storage/engine/rocksdb.go:120                       Options.wal_bytes_per_sync: 0
I200320 19:13:06.255246 26 storage/engine/rocksdb.go:120                    Options.strict_bytes_per_sync: 1
I200320 19:13:06.255264 26 storage/engine/rocksdb.go:120        Options.compaction_readahead_size: 0
I200320 19:13:06.255281 26 storage/engine/rocksdb.go:120  Compression algorithms supported:
I200320 19:13:06.255299 26 storage/engine/rocksdb.go:120  	kZSTDNotFinalCompression supported: 0
I200320 19:13:06.255423 26 storage/engine/rocksdb.go:120  	kZSTD supported: 0
I200320 19:13:06.255454 26 storage/engine/rocksdb.go:120  	kXpressCompression supported: 0
I200320 19:13:06.255490 26 storage/engine/rocksdb.go:120  	kLZ4HCCompression supported: 0
I200320 19:13:06.255527 26 storage/engine/rocksdb.go:120  	kLZ4Compression supported: 0
I200320 19:13:06.255545 26 storage/engine/rocksdb.go:120  	kBZip2Compression supported: 0
I200320 19:13:06.255564 26 storage/engine/rocksdb.go:120  	kZlibCompression supported: 0
I200320 19:13:06.255620 26 storage/engine/rocksdb.go:120  	kSnappyCompression supported: 1
I200320 19:13:06.255665 26 storage/engine/rocksdb.go:120  Fast CRC32 supported: Supported on x86
I200320 19:13:06.265630 26 storage/engine/rocksdb.go:120  [db/version_set.cc:4072] Recovering from manifest file: /cockroach/cockroach-data/MANIFEST-000017
I200320 19:13:06.266948 26 storage/engine/rocksdb.go:120  [db/column_family.cc:488] --------------- Options for column family [default]:
I200320 19:13:06.266969 26 storage/engine/rocksdb.go:120                Options.comparator: cockroach_comparator
I200320 19:13:06.266989 26 storage/engine/rocksdb.go:120            Options.merge_operator: cockroach_merge_operator
I200320 19:13:06.267007 26 storage/engine/rocksdb.go:120         Options.compaction_filter: None
I200320 19:13:06.267025 26 storage/engine/rocksdb.go:120         Options.compaction_filter_factory: None
I200320 19:13:06.267043 26 storage/engine/rocksdb.go:120          Options.memtable_factory: SkipListFactory
I200320 19:13:06.267065 26 storage/engine/rocksdb.go:120             Options.table_factory: BlockBasedTable
I200320 19:13:06.267108 26 storage/engine/rocksdb.go:120             table_factory options:   flush_block_policy_factory: FlushBlockBySizePolicyFactory (0x7fa3f062d090)
  cache_index_and_filter_blocks: 0
  cache_index_and_filter_blocks_with_high_priority: 0
  pin_l0_filter_and_index_blocks_in_cache: 0
  pin_top_level_index_and_filter: 1
  index_type: 0
  data_block_index_type: 0
  index_shortening: 1
  data_block_hash_table_util_ratio: 0.750000
  hash_index_allow_collision: 1
  checksum: 1
  no_block_cache: 0
  block_cache: 0x7fa3f06b9210
  block_cache_name: LRUCache
  block_cache_options:
    capacity : 67108864
    num_shard_bits : 4
    strict_capacity_limit : 0
    memory_allocator : None
    high_pri_pool_ratio: 0.000
  block_cache_compressed: (nil)
  persistent_cache: (nil)
  block_size: 32768
  block_size_deviation: 10
  block_restart_interval: 16
  index_block_restart_interval: 1
  metadata_block_size: 4096
  partition_filters: 0
  use_delta_encoding: 1
  filter_policy: rocksdb.BuiltinBloomFilter
  whole_key_filtering: 0
  verify_compression: 0
  read_amp_bytes_per_bit: 0
  format_version: 2
  enable_index_compression: 1
  block_align: 0
I200320 19:13:06.267129 26 storage/engine/rocksdb.go:120         Options.write_buffer_size: 67108864
I200320 19:13:06.267148 26 storage/engine/rocksdb.go:120   Options.max_write_buffer_number: 4
I200320 19:13:06.267167 26 storage/engine/rocksdb.go:120           Options.compression: Snappy
I200320 19:13:06.267226 26 storage/engine/rocksdb.go:120                   Options.bottommost_compression: Disabled
I200320 19:13:06.267246 26 storage/engine/rocksdb.go:120        Options.prefix_extractor: cockroach_prefix_extractor
I200320 19:13:06.267264 26 storage/engine/rocksdb.go:120    Options.memtable_insert_with_hint_prefix_extractor: nullptr
I200320 19:13:06.267282 26 storage/engine/rocksdb.go:120              Options.num_levels: 7
I200320 19:13:06.267304 26 storage/engine/rocksdb.go:120         Options.min_write_buffer_number_to_merge: 1
I200320 19:13:06.267322 26 storage/engine/rocksdb.go:120      Options.max_write_buffer_number_to_maintain: 0
I200320 19:13:06.267339 26 storage/engine/rocksdb.go:120             Options.bottommost_compression_opts.window_bits: -14
I200320 19:13:06.267357 26 storage/engine/rocksdb.go:120                   Options.bottommost_compression_opts.level: 32767
I200320 19:13:06.267374 26 storage/engine/rocksdb.go:120                Options.bottommost_compression_opts.strategy: 0
I200320 19:13:06.267393 26 storage/engine/rocksdb.go:120          Options.bottommost_compression_opts.max_dict_bytes: 0
I200320 19:13:06.267410 26 storage/engine/rocksdb.go:120          Options.bottommost_compression_opts.zstd_max_train_bytes: 0
I200320 19:13:06.267428 26 storage/engine/rocksdb.go:120                   Options.bottommost_compression_opts.enabled: false
I200320 19:13:06.267445 26 storage/engine/rocksdb.go:120             Options.compression_opts.window_bits: -14
I200320 19:13:06.267463 26 storage/engine/rocksdb.go:120                   Options.compression_opts.level: 32767
I200320 19:13:06.267480 26 storage/engine/rocksdb.go:120                Options.compression_opts.strategy: 0
I200320 19:13:06.267498 26 storage/engine/rocksdb.go:120          Options.compression_opts.max_dict_bytes: 0
I200320 19:13:06.267515 26 storage/engine/rocksdb.go:120          Options.compression_opts.zstd_max_train_bytes: 0
I200320 19:13:06.267532 26 storage/engine/rocksdb.go:120                   Options.compression_opts.enabled: false
I200320 19:13:06.267550 26 storage/engine/rocksdb.go:120       Options.level0_file_num_compaction_trigger: 2
I200320 19:13:06.267568 26 storage/engine/rocksdb.go:120           Options.level0_slowdown_writes_trigger: 950
I200320 19:13:06.267585 26 storage/engine/rocksdb.go:120               Options.level0_stop_writes_trigger: 1000
I200320 19:13:06.267603 26 storage/engine/rocksdb.go:120                    Options.target_file_size_base: 4194304
I200320 19:13:06.267620 26 storage/engine/rocksdb.go:120              Options.target_file_size_multiplier: 2
I200320 19:13:06.267638 26 storage/engine/rocksdb.go:120                 Options.max_bytes_for_level_base: 67108864
I200320 19:13:06.267655 26 storage/engine/rocksdb.go:120  Options.level_compaction_dynamic_level_bytes: 1
I200320 19:13:06.267673 26 storage/engine/rocksdb.go:120           Options.max_bytes_for_level_multiplier: 10.000000
I200320 19:13:06.267691 26 storage/engine/rocksdb.go:120  Options.max_bytes_for_level_multiplier_addtl[0]: 1
I200320 19:13:06.267708 26 storage/engine/rocksdb.go:120  Options.max_bytes_for_level_multiplier_addtl[1]: 1
I200320 19:13:06.267726 26 storage/engine/rocksdb.go:120  Options.max_bytes_for_level_multiplier_addtl[2]: 1
I200320 19:13:06.267743 26 storage/engine/rocksdb.go:120  Options.max_bytes_for_level_multiplier_addtl[3]: 1
I200320 19:13:06.267761 26 storage/engine/rocksdb.go:120  Options.max_bytes_for_level_multiplier_addtl[4]: 1
I200320 19:13:06.267778 26 storage/engine/rocksdb.go:120  Options.max_bytes_for_level_multiplier_addtl[5]: 1
I200320 19:13:06.267796 26 storage/engine/rocksdb.go:120  Options.max_bytes_for_level_multiplier_addtl[6]: 1
I200320 19:13:06.267813 26 storage/engine/rocksdb.go:120        Options.max_sequential_skip_in_iterations: 8
I200320 19:13:06.267831 26 storage/engine/rocksdb.go:120                     Options.max_compaction_bytes: 104857600
I200320 19:13:06.267849 26 storage/engine/rocksdb.go:120                         Options.arena_block_size: 8388608
I200320 19:13:06.267866 26 storage/engine/rocksdb.go:120    Options.soft_pending_compaction_bytes_limit: 2199023255552
I200320 19:13:06.267884 26 storage/engine/rocksdb.go:120    Options.hard_pending_compaction_bytes_limit: 4400193994752
I200320 19:13:06.267901 26 storage/engine/rocksdb.go:120        Options.rate_limit_delay_max_milliseconds: 100
I200320 19:13:06.267918 26 storage/engine/rocksdb.go:120                 Options.disable_auto_compactions: 0
I200320 19:13:06.267937 26 storage/engine/rocksdb.go:120                         Options.compaction_style: kCompactionStyleLevel
I200320 19:13:06.267958 26 storage/engine/rocksdb.go:120                           Options.compaction_pri: kMinOverlappingRatio
I200320 19:13:06.267975 26 storage/engine/rocksdb.go:120  Options.compaction_options_universal.size_ratio: 1
I200320 19:13:06.267993 26 storage/engine/rocksdb.go:120  Options.compaction_options_universal.min_merge_width: 2
I200320 19:13:06.268010 26 storage/engine/rocksdb.go:120  Options.compaction_options_universal.max_merge_width: 4294967295
I200320 19:13:06.268028 26 storage/engine/rocksdb.go:120  Options.compaction_options_universal.max_size_amplification_percent: 200
I200320 19:13:06.268045 26 storage/engine/rocksdb.go:120  Options.compaction_options_universal.compression_size_percent: -1
I200320 19:13:06.268063 26 storage/engine/rocksdb.go:120  Options.compaction_options_universal.stop_style: kCompactionStopStyleTotalSize
I200320 19:13:06.268081 26 storage/engine/rocksdb.go:120  Options.compaction_options_fifo.max_table_files_size: 1073741824
I200320 19:13:06.268099 26 storage/engine/rocksdb.go:120  Options.compaction_options_fifo.allow_compaction: 0
I200320 19:13:06.268118 26 storage/engine/rocksdb.go:120                    Options.table_properties_collectors: TimeBoundTblPropCollectorFactory; DeleteRangeTblPropCollectorFactory; 
I200320 19:13:06.268137 26 storage/engine/rocksdb.go:120                    Options.inplace_update_support: 0
I200320 19:13:06.268155 26 storage/engine/rocksdb.go:120                  Options.inplace_update_num_locks: 10000
I200320 19:13:06.268173 26 storage/engine/rocksdb.go:120                Options.memtable_prefix_bloom_size_ratio: 0.000000
I200320 19:13:06.268262 26 storage/engine/rocksdb.go:120                Options.memtable_whole_key_filtering: 0
I200320 19:13:06.268287 26 storage/engine/rocksdb.go:120    Options.memtable_huge_page_size: 0
I200320 19:13:06.268301 26 storage/engine/rocksdb.go:120                            Options.bloom_locality: 0
I200320 19:13:06.268318 26 storage/engine/rocksdb.go:120                     Options.max_successive_merges: 0
I200320 19:13:06.268519 26 storage/engine/rocksdb.go:120                 Options.optimize_filters_for_hits: 1
I200320 19:13:06.268537 26 storage/engine/rocksdb.go:120                 Options.paranoid_file_checks: 0
I200320 19:13:06.268555 26 storage/engine/rocksdb.go:120                 Options.force_consistency_checks: 0
I200320 19:13:06.268573 26 storage/engine/rocksdb.go:120                 Options.report_bg_io_stats: 0
I200320 19:13:06.268590 26 storage/engine/rocksdb.go:120                                Options.ttl: 0
I200320 19:13:06.268608 26 storage/engine/rocksdb.go:120           Options.periodic_compaction_seconds: 0
I200320 19:13:06.271443 26 storage/engine/rocksdb.go:120  [db/version_set.cc:4286] Recovered from manifest file:/cockroach/cockroach-data/MANIFEST-000017 succeeded,manifest_file_number is 17, next_file_number is 19, last_sequence is 0, log_number is 16,prev_log_number is 0,max_column_family is 0,min_log_number_to_keep is 0
I200320 19:13:06.271466 26 storage/engine/rocksdb.go:120  [db/version_set.cc:4295] Column family [default] (ID 0), log number is 16
I200320 19:13:06.274671 26 storage/engine/rocksdb.go:120  EVENT_LOG_v1 {"time_micros": 1584731586274643, "job": 1, "event": "recovery_started", "log_files": [18]}
I200320 19:13:06.274695 26 storage/engine/rocksdb.go:120  [db/db_impl_open.cc:598] Recovering log #18 mode 0
I200320 19:13:06.278537 26 storage/engine/rocksdb.go:120  [db/version_set.cc:3560] Creating manifest 20
I200320 19:13:06.285543 26 storage/engine/rocksdb.go:120  EVENT_LOG_v1 {"time_micros": 1584731586285505, "job": 1, "event": "recovery_finished"}
I200320 19:13:06.316024 26 storage/engine/rocksdb.go:120  DB pointer 0x7fa3f0735000
