I200320 19:34:01.434538 21 util/log/clog.go:1196  [config] file created at: 2020/03/20 19:34:01
I200320 19:34:01.434538 21 util/log/clog.go:1196  [config] running on machine: db9313ae3e97
I200320 19:34:01.434538 21 util/log/clog.go:1196  [config] binary: CockroachDB CCL v19.2.4 (x86_64-unknown-linux-gnu, built 2020/02/06 21:55:19, go1.12.12)
I200320 19:34:01.434538 21 util/log/clog.go:1196  [config] arguments: [/cockroach/cockroach start --insecure --join=node_1]
I200320 19:34:01.434538 21 util/log/clog.go:1196  line format: [IWEF]yymmdd hh:mm:ss.uuuuuu goid file:line msg utf8=✓
I200320 19:34:01.434525 21 storage/engine/rocksdb.go:120  RocksDB version: 6.2.1
I200320 19:34:01.439854 21 storage/engine/rocksdb.go:120  Git sha rocksdb_build_git_sha:@b7009236531fa784872f4823eabf393501e41bf2@
I200320 19:34:01.439875 21 storage/engine/rocksdb.go:120  Compile date Feb  6 2020
I200320 19:34:01.439895 21 storage/engine/rocksdb.go:120  DB SUMMARY
I200320 19:34:01.442580 21 storage/engine/rocksdb.go:120  SST files in /cockroach/cockroach-data/cockroach-temp827998280 dir, Total Num: 0, files: 
I200320 19:34:01.475350 21 storage/engine/rocksdb.go:120  Write Ahead Log file in /cockroach/cockroach-data/cockroach-temp827998280: 
I200320 19:34:01.475372 21 storage/engine/rocksdb.go:120                          Options.error_if_exists: 0
I200320 19:34:01.475390 21 storage/engine/rocksdb.go:120                        Options.create_if_missing: 1
I200320 19:34:01.475405 21 storage/engine/rocksdb.go:120                          Options.paranoid_checks: 1
I200320 19:34:01.475425 21 storage/engine/rocksdb.go:120                                      Options.env: 0x756aca0
I200320 19:34:01.475443 21 storage/engine/rocksdb.go:120                                 Options.info_log: 0x7fbe44427140
I200320 19:34:01.475460 21 storage/engine/rocksdb.go:120                 Options.max_file_opening_threads: 16
I200320 19:34:01.475474 21 storage/engine/rocksdb.go:120                               Options.statistics: 0x7fbe44434010
I200320 19:34:01.475488 21 storage/engine/rocksdb.go:120                                Options.use_fsync: 0
I200320 19:34:01.475510 21 storage/engine/rocksdb.go:120                        Options.max_log_file_size: 0
I200320 19:34:01.475528 21 storage/engine/rocksdb.go:120                   Options.max_manifest_file_size: 134217728
I200320 19:34:01.475546 21 storage/engine/rocksdb.go:120                    Options.log_file_time_to_roll: 0
I200320 19:34:01.475563 21 storage/engine/rocksdb.go:120                        Options.keep_log_file_num: 1000
I200320 19:34:01.475580 21 storage/engine/rocksdb.go:120                     Options.recycle_log_file_num: 1
I200320 19:34:01.475597 21 storage/engine/rocksdb.go:120                          Options.allow_fallocate: 1
I200320 19:34:01.475611 21 storage/engine/rocksdb.go:120                         Options.allow_mmap_reads: 0
I200320 19:34:01.475624 21 storage/engine/rocksdb.go:120                        Options.allow_mmap_writes: 0
I200320 19:34:01.475642 21 storage/engine/rocksdb.go:120                         Options.use_direct_reads: 0
I200320 19:34:01.475659 21 storage/engine/rocksdb.go:120                         Options.use_direct_io_for_flush_and_compaction: 0
I200320 19:34:01.475677 21 storage/engine/rocksdb.go:120           Options.create_missing_column_families: 0
I200320 19:34:01.475690 21 storage/engine/rocksdb.go:120                               Options.db_log_dir: 
I200320 19:34:01.475705 21 storage/engine/rocksdb.go:120                                  Options.wal_dir: /cockroach/cockroach-data/cockroach-temp827998280
I200320 19:34:01.475779 21 storage/engine/rocksdb.go:120                 Options.table_cache_numshardbits: 6
I200320 19:34:01.475798 21 storage/engine/rocksdb.go:120                       Options.max_subcompactions: 1
I200320 19:34:01.475815 21 storage/engine/rocksdb.go:120                   Options.max_background_flushes: -1
I200320 19:34:01.475833 21 storage/engine/rocksdb.go:120                          Options.WAL_ttl_seconds: 0
I200320 19:34:01.475848 21 storage/engine/rocksdb.go:120                        Options.WAL_size_limit_MB: 0
I200320 19:34:01.475866 21 storage/engine/rocksdb.go:120              Options.manifest_preallocation_size: 4194304
I200320 19:34:01.475884 21 storage/engine/rocksdb.go:120                      Options.is_fd_close_on_exec: 1
I200320 19:34:01.475900 21 storage/engine/rocksdb.go:120                    Options.advise_random_on_open: 1
I200320 19:34:01.475917 21 storage/engine/rocksdb.go:120                     Options.db_write_buffer_size: 0
I200320 19:34:01.475931 21 storage/engine/rocksdb.go:120                     Options.write_buffer_manager: 0x7fbe44419060
I200320 19:34:01.475946 21 storage/engine/rocksdb.go:120          Options.access_hint_on_compaction_start: 1
I200320 19:34:01.475964 21 storage/engine/rocksdb.go:120   Options.new_table_reader_for_compaction_inputs: 0
I200320 19:34:01.475982 21 storage/engine/rocksdb.go:120            Options.random_access_max_buffer_size: 1048576
I200320 19:34:01.476000 21 storage/engine/rocksdb.go:120                       Options.use_adaptive_mutex: 0
I200320 19:34:01.476018 21 storage/engine/rocksdb.go:120                             Options.rate_limiter: (nil)
I200320 19:34:01.476036 21 storage/engine/rocksdb.go:120      Options.sst_file_manager.rate_bytes_per_sec: 0
I200320 19:34:01.476054 21 storage/engine/rocksdb.go:120                        Options.wal_recovery_mode: 0
I200320 19:34:01.476067 21 storage/engine/rocksdb.go:120                   Options.enable_thread_tracking: 0
I200320 19:34:01.476085 21 storage/engine/rocksdb.go:120                   Options.enable_pipelined_write: 0
I200320 19:34:01.476097 21 storage/engine/rocksdb.go:120          Options.allow_concurrent_memtable_write: 1
I200320 19:34:01.476114 21 storage/engine/rocksdb.go:120       Options.enable_write_thread_adaptive_yield: 1
I200320 19:34:01.476132 21 storage/engine/rocksdb.go:120              Options.write_thread_max_yield_usec: 100
I200320 19:34:01.476150 21 storage/engine/rocksdb.go:120             Options.write_thread_slow_yield_usec: 3
I200320 19:34:01.476166 21 storage/engine/rocksdb.go:120                                Options.row_cache: None
I200320 19:34:01.476184 21 storage/engine/rocksdb.go:120                               Options.wal_filter: None
I200320 19:34:01.476201 21 storage/engine/rocksdb.go:120              Options.avoid_flush_during_recovery: 0
I200320 19:34:01.476214 21 storage/engine/rocksdb.go:120              Options.allow_ingest_behind: 0
I200320 19:34:01.476231 21 storage/engine/rocksdb.go:120              Options.preserve_deletes: 0
I200320 19:34:01.476249 21 storage/engine/rocksdb.go:120              Options.two_write_queues: 0
I200320 19:34:01.476266 21 storage/engine/rocksdb.go:120              Options.manual_wal_flush: 1
I200320 19:34:01.476280 21 storage/engine/rocksdb.go:120              Options.atomic_flush: 0
I200320 19:34:01.476297 21 storage/engine/rocksdb.go:120              Options.avoid_unnecessary_blocking_io: 0
I200320 19:34:01.476315 21 storage/engine/rocksdb.go:120              Options.max_background_jobs: 4
I200320 19:34:01.476335 21 storage/engine/rocksdb.go:120              Options.max_background_compactions: -1
I200320 19:34:01.476347 21 storage/engine/rocksdb.go:120              Options.avoid_flush_during_shutdown: 0
I200320 19:34:01.476369 21 storage/engine/rocksdb.go:120            Options.writable_file_max_buffer_size: 1048576
I200320 19:34:01.476384 21 storage/engine/rocksdb.go:120              Options.delayed_write_rate : 16777216
I200320 19:34:01.476401 21 storage/engine/rocksdb.go:120              Options.max_total_wal_size: 0
I200320 19:34:01.476415 21 storage/engine/rocksdb.go:120              Options.delete_obsolete_files_period_micros: 21600000000
I200320 19:34:01.476429 21 storage/engine/rocksdb.go:120                    Options.stats_dump_period_sec: 0
I200320 19:34:01.476443 21 storage/engine/rocksdb.go:120                  Options.stats_persist_period_sec: 600
I200320 19:34:01.476457 21 storage/engine/rocksdb.go:120                  Options.stats_history_buffer_size: 1048576
I200320 19:34:01.476475 21 storage/engine/rocksdb.go:120                           Options.max_open_files: 128
I200320 19:34:01.476492 21 storage/engine/rocksdb.go:120                           Options.bytes_per_sync: 524288
I200320 19:34:01.476510 21 storage/engine/rocksdb.go:120                       Options.wal_bytes_per_sync: 0
I200320 19:34:01.476527 21 storage/engine/rocksdb.go:120                    Options.strict_bytes_per_sync: 1
I200320 19:34:01.476543 21 storage/engine/rocksdb.go:120        Options.compaction_readahead_size: 0
I200320 19:34:01.476561 21 storage/engine/rocksdb.go:120  Compression algorithms supported:
I200320 19:34:01.476580 21 storage/engine/rocksdb.go:120  	kZSTDNotFinalCompression supported: 0
I200320 19:34:01.476598 21 storage/engine/rocksdb.go:120  	kZSTD supported: 0
I200320 19:34:01.476616 21 storage/engine/rocksdb.go:120  	kXpressCompression supported: 0
I200320 19:34:01.476634 21 storage/engine/rocksdb.go:120  	kLZ4HCCompression supported: 0
I200320 19:34:01.476651 21 storage/engine/rocksdb.go:120  	kLZ4Compression supported: 0
I200320 19:34:01.476669 21 storage/engine/rocksdb.go:120  	kBZip2Compression supported: 0
I200320 19:34:01.476684 21 storage/engine/rocksdb.go:120  	kZlibCompression supported: 0
I200320 19:34:01.476698 21 storage/engine/rocksdb.go:120  	kSnappyCompression supported: 1
I200320 19:34:01.476764 21 storage/engine/rocksdb.go:120  Fast CRC32 supported: Supported on x86
I200320 19:34:01.481407 21 storage/engine/rocksdb.go:120  [db/db_impl_open.cc:242] Creating manifest 1 
I200320 19:34:01.504846 21 storage/engine/rocksdb.go:120  [db/version_set.cc:4072] Recovering from manifest file: /cockroach/cockroach-data/cockroach-temp827998280/MANIFEST-000001
I200320 19:34:01.511103 21 storage/engine/rocksdb.go:120  [db/column_family.cc:488] --------------- Options for column family [default]:
I200320 19:34:01.511125 21 storage/engine/rocksdb.go:120                Options.comparator: cockroach_comparator
I200320 19:34:01.511141 21 storage/engine/rocksdb.go:120            Options.merge_operator: cockroach_merge_operator
I200320 19:34:01.511160 21 storage/engine/rocksdb.go:120         Options.compaction_filter: None
I200320 19:34:01.511173 21 storage/engine/rocksdb.go:120         Options.compaction_filter_factory: None
I200320 19:34:01.511188 21 storage/engine/rocksdb.go:120          Options.memtable_factory: SkipListFactory
I200320 19:34:01.511207 21 storage/engine/rocksdb.go:120             Options.table_factory: BlockBasedTable
I200320 19:34:01.511250 21 storage/engine/rocksdb.go:120             table_factory options:   flush_block_policy_factory: FlushBlockBySizePolicyFactory (0x7fbe44428030)
  cache_index_and_filter_blocks: 0
  cache_index_and_filter_blocks_with_high_priority: 0
  pin_l0_filter_and_index_blocks_in_cache: 0
  pin_top_level_index_and_filter: 1
  index_type: 0
  data_block_index_type: 0
  index_shortening: 1
  data_block_hash_table_util_ratio: 0.750000
  hash_index_allow_collision: 1
  checksum: 1
  no_block_cache: 0
  block_cache: 0x7fbe4441c010
  block_cache_name: LRUCache
  block_cache_options:
    capacity : 1048576
    num_shard_bits : 4
    strict_capacity_limit : 0
    memory_allocator : None
    high_pri_pool_ratio: 0.000
  block_cache_compressed: (nil)
  persistent_cache: (nil)
  block_size: 32768
  block_size_deviation: 10
  block_restart_interval: 16
  index_block_restart_interval: 1
  metadata_block_size: 4096
  partition_filters: 0
  use_delta_encoding: 1
  filter_policy: rocksdb.BuiltinBloomFilter
  whole_key_filtering: 0
  verify_compression: 0
  read_amp_bytes_per_bit: 0
  format_version: 2
  enable_index_compression: 1
  block_align: 0
I200320 19:34:01.511269 21 storage/engine/rocksdb.go:120         Options.write_buffer_size: 67108864
I200320 19:34:01.511282 21 storage/engine/rocksdb.go:120   Options.max_write_buffer_number: 4
I200320 19:34:01.511297 21 storage/engine/rocksdb.go:120           Options.compression: Snappy
I200320 19:34:01.511315 21 storage/engine/rocksdb.go:120                   Options.bottommost_compression: Disabled
I200320 19:34:01.511336 21 storage/engine/rocksdb.go:120        Options.prefix_extractor: cockroach_prefix_extractor
I200320 19:34:01.511352 21 storage/engine/rocksdb.go:120    Options.memtable_insert_with_hint_prefix_extractor: nullptr
I200320 19:34:01.511371 21 storage/engine/rocksdb.go:120              Options.num_levels: 7
I200320 19:34:01.511407 21 storage/engine/rocksdb.go:120         Options.min_write_buffer_number_to_merge: 1
I200320 19:34:01.511457 21 storage/engine/rocksdb.go:120      Options.max_write_buffer_number_to_maintain: 0
I200320 19:34:01.511489 21 storage/engine/rocksdb.go:120             Options.bottommost_compression_opts.window_bits: -14
I200320 19:34:01.511503 21 storage/engine/rocksdb.go:120                   Options.bottommost_compression_opts.level: 32767
I200320 19:34:01.511522 21 storage/engine/rocksdb.go:120                Options.bottommost_compression_opts.strategy: 0
I200320 19:34:01.511544 21 storage/engine/rocksdb.go:120          Options.bottommost_compression_opts.max_dict_bytes: 0
I200320 19:34:01.511562 21 storage/engine/rocksdb.go:120          Options.bottommost_compression_opts.zstd_max_train_bytes: 0
I200320 19:34:01.511580 21 storage/engine/rocksdb.go:120                   Options.bottommost_compression_opts.enabled: false
I200320 19:34:01.511604 21 storage/engine/rocksdb.go:120             Options.compression_opts.window_bits: -14
I200320 19:34:01.511622 21 storage/engine/rocksdb.go:120                   Options.compression_opts.level: 32767
I200320 19:34:01.511859 21 storage/engine/rocksdb.go:120                Options.compression_opts.strategy: 0
I200320 19:34:01.511877 21 storage/engine/rocksdb.go:120          Options.compression_opts.max_dict_bytes: 0
I200320 19:34:01.511895 21 storage/engine/rocksdb.go:120          Options.compression_opts.zstd_max_train_bytes: 0
I200320 19:34:01.511932 21 storage/engine/rocksdb.go:120                   Options.compression_opts.enabled: false
I200320 19:34:01.511949 21 storage/engine/rocksdb.go:120       Options.level0_file_num_compaction_trigger: 2
I200320 19:34:01.512161 21 storage/engine/rocksdb.go:120           Options.level0_slowdown_writes_trigger: 950
I200320 19:34:01.512220 21 storage/engine/rocksdb.go:120               Options.level0_stop_writes_trigger: 1000
I200320 19:34:01.512243 21 storage/engine/rocksdb.go:120                    Options.target_file_size_base: 4194304
I200320 19:34:01.512264 21 storage/engine/rocksdb.go:120              Options.target_file_size_multiplier: 2
I200320 19:34:01.512285 21 storage/engine/rocksdb.go:120                 Options.max_bytes_for_level_base: 67108864
I200320 19:34:01.512299 21 storage/engine/rocksdb.go:120  Options.level_compaction_dynamic_level_bytes: 1
I200320 19:34:01.512318 21 storage/engine/rocksdb.go:120           Options.max_bytes_for_level_multiplier: 10.000000
I200320 19:34:01.512352 21 storage/engine/rocksdb.go:120  Options.max_bytes_for_level_multiplier_addtl[0]: 1
I200320 19:34:01.512391 21 storage/engine/rocksdb.go:120  Options.max_bytes_for_level_multiplier_addtl[1]: 1
I200320 19:34:01.512424 21 storage/engine/rocksdb.go:120  Options.max_bytes_for_level_multiplier_addtl[2]: 1
I200320 19:34:01.512462 21 storage/engine/rocksdb.go:120  Options.max_bytes_for_level_multiplier_addtl[3]: 1
I200320 19:34:01.512475 21 storage/engine/rocksdb.go:120  Options.max_bytes_for_level_multiplier_addtl[4]: 1
I200320 19:34:01.512489 21 storage/engine/rocksdb.go:120  Options.max_bytes_for_level_multiplier_addtl[5]: 1
I200320 19:34:01.512507 21 storage/engine/rocksdb.go:120  Options.max_bytes_for_level_multiplier_addtl[6]: 1
I200320 19:34:01.512525 21 storage/engine/rocksdb.go:120        Options.max_sequential_skip_in_iterations: 8
I200320 19:34:01.512541 21 storage/engine/rocksdb.go:120                     Options.max_compaction_bytes: 104857600
I200320 19:34:01.512559 21 storage/engine/rocksdb.go:120                         Options.arena_block_size: 8388608
I200320 19:34:01.512583 21 storage/engine/rocksdb.go:120    Options.soft_pending_compaction_bytes_limit: 2199023255552
I200320 19:34:01.512602 21 storage/engine/rocksdb.go:120    Options.hard_pending_compaction_bytes_limit: 4400193994752
I200320 19:34:01.512619 21 storage/engine/rocksdb.go:120        Options.rate_limit_delay_max_milliseconds: 100
I200320 19:34:01.512634 21 storage/engine/rocksdb.go:120                 Options.disable_auto_compactions: 0
I200320 19:34:01.512706 21 storage/engine/rocksdb.go:120                         Options.compaction_style: kCompactionStyleLevel
I200320 19:34:01.512782 21 storage/engine/rocksdb.go:120                           Options.compaction_pri: kMinOverlappingRatio
I200320 19:34:01.512836 21 storage/engine/rocksdb.go:120  Options.compaction_options_universal.size_ratio: 1
I200320 19:34:01.512854 21 storage/engine/rocksdb.go:120  Options.compaction_options_universal.min_merge_width: 2
I200320 19:34:01.512869 21 storage/engine/rocksdb.go:120  Options.compaction_options_universal.max_merge_width: 4294967295
I200320 19:34:01.512888 21 storage/engine/rocksdb.go:120  Options.compaction_options_universal.max_size_amplification_percent: 200
I200320 19:34:01.512911 21 storage/engine/rocksdb.go:120  Options.compaction_options_universal.compression_size_percent: -1
I200320 19:34:01.512979 21 storage/engine/rocksdb.go:120  Options.compaction_options_universal.stop_style: kCompactionStopStyleTotalSize
I200320 19:34:01.513002 21 storage/engine/rocksdb.go:120  Options.compaction_options_fifo.max_table_files_size: 1073741824
I200320 19:34:01.513013 21 storage/engine/rocksdb.go:120  Options.compaction_options_fifo.allow_compaction: 0
I200320 19:34:01.513026 21 storage/engine/rocksdb.go:120                    Options.table_properties_collectors: TimeBoundTblPropCollectorFactory; DeleteRangeTblPropCollectorFactory; 
I200320 19:34:01.513045 21 storage/engine/rocksdb.go:120                    Options.inplace_update_support: 0
I200320 19:34:01.513081 21 storage/engine/rocksdb.go:120                  Options.inplace_update_num_locks: 10000
I200320 19:34:01.513119 21 storage/engine/rocksdb.go:120                Options.memtable_prefix_bloom_size_ratio: 0.000000
I200320 19:34:01.513173 21 storage/engine/rocksdb.go:120                Options.memtable_whole_key_filtering: 0
I200320 19:34:01.513206 21 storage/engine/rocksdb.go:120    Options.memtable_huge_page_size: 0
I200320 19:34:01.513224 21 storage/engine/rocksdb.go:120                            Options.bloom_locality: 0
I200320 19:34:01.513238 21 storage/engine/rocksdb.go:120                     Options.max_successive_merges: 0
I200320 19:34:01.513269 21 storage/engine/rocksdb.go:120                 Options.optimize_filters_for_hits: 1
I200320 19:34:01.513288 21 storage/engine/rocksdb.go:120                 Options.paranoid_file_checks: 0
I200320 19:34:01.513306 21 storage/engine/rocksdb.go:120                 Options.force_consistency_checks: 0
I200320 19:34:01.513323 21 storage/engine/rocksdb.go:120                 Options.report_bg_io_stats: 0
I200320 19:34:01.513336 21 storage/engine/rocksdb.go:120                                Options.ttl: 0
I200320 19:34:01.513353 21 storage/engine/rocksdb.go:120           Options.periodic_compaction_seconds: 0
I200320 19:34:01.521306 21 storage/engine/rocksdb.go:120  [db/version_set.cc:4286] Recovered from manifest file:/cockroach/cockroach-data/cockroach-temp827998280/MANIFEST-000001 succeeded,manifest_file_number is 1, next_file_number is 3, last_sequence is 0, log_number is 0,prev_log_number is 0,max_column_family is 0,min_log_number_to_keep is 0
I200320 19:34:01.521334 21 storage/engine/rocksdb.go:120  [db/version_set.cc:4295] Column family [default] (ID 0), log number is 0
I200320 19:34:01.562400 21 storage/engine/rocksdb.go:120  DB pointer 0x7fbe444a1000
I200320 19:34:01.599199 21 storage/engine/rocksdb.go:120  RocksDB version: 6.2.1
I200320 19:34:01.599235 21 storage/engine/rocksdb.go:120  Git sha rocksdb_build_git_sha:@b7009236531fa784872f4823eabf393501e41bf2@
I200320 19:34:01.599251 21 storage/engine/rocksdb.go:120  Compile date Feb  6 2020
I200320 19:34:01.599264 21 storage/engine/rocksdb.go:120  DB SUMMARY
I200320 19:34:01.604590 21 storage/engine/rocksdb.go:120  CURRENT file:  CURRENT
I200320 19:34:01.604655 21 storage/engine/rocksdb.go:120  IDENTITY file:  IDENTITY
I200320 19:34:01.605918 21 storage/engine/rocksdb.go:120  MANIFEST file:  MANIFEST-000038 size: 53 Bytes
I200320 19:34:01.605944 21 storage/engine/rocksdb.go:120  SST files in /cockroach/cockroach-data dir, Total Num: 0, files: 
I200320 19:34:01.605962 21 storage/engine/rocksdb.go:120  Write Ahead Log file in /cockroach/cockroach-data: 000039.log size: 125 ; 
I200320 19:34:01.605984 21 storage/engine/rocksdb.go:120                          Options.error_if_exists: 0
I200320 19:34:01.606050 21 storage/engine/rocksdb.go:120                        Options.create_if_missing: 1
I200320 19:34:01.606070 21 storage/engine/rocksdb.go:120                          Options.paranoid_checks: 1
I200320 19:34:01.606090 21 storage/engine/rocksdb.go:120                                      Options.env: 0x756aca0
I200320 19:34:01.606113 21 storage/engine/rocksdb.go:120                                 Options.info_log: 0x7fbe444272c0
I200320 19:34:01.606138 21 storage/engine/rocksdb.go:120                 Options.max_file_opening_threads: 16
I200320 19:34:01.606176 21 storage/engine/rocksdb.go:120                               Options.statistics: 0x7fbe44434080
I200320 19:34:01.606216 21 storage/engine/rocksdb.go:120                                Options.use_fsync: 0
I200320 19:34:01.606236 21 storage/engine/rocksdb.go:120                        Options.max_log_file_size: 0
I200320 19:34:01.606267 21 storage/engine/rocksdb.go:120                   Options.max_manifest_file_size: 134217728
I200320 19:34:01.606289 21 storage/engine/rocksdb.go:120                    Options.log_file_time_to_roll: 0
I200320 19:34:01.606314 21 storage/engine/rocksdb.go:120                        Options.keep_log_file_num: 1000
I200320 19:34:01.606336 21 storage/engine/rocksdb.go:120                     Options.recycle_log_file_num: 1
I200320 19:34:01.606354 21 storage/engine/rocksdb.go:120                          Options.allow_fallocate: 1
I200320 19:34:01.606371 21 storage/engine/rocksdb.go:120                         Options.allow_mmap_reads: 0
I200320 19:34:01.606390 21 storage/engine/rocksdb.go:120                        Options.allow_mmap_writes: 0
I200320 19:34:01.606435 21 storage/engine/rocksdb.go:120                         Options.use_direct_reads: 0
I200320 19:34:01.606451 21 storage/engine/rocksdb.go:120                         Options.use_direct_io_for_flush_and_compaction: 0
I200320 19:34:01.606525 21 storage/engine/rocksdb.go:120           Options.create_missing_column_families: 0
I200320 19:34:01.606542 21 storage/engine/rocksdb.go:120                               Options.db_log_dir: 
I200320 19:34:01.606560 21 storage/engine/rocksdb.go:120                                  Options.wal_dir: /cockroach/cockroach-data
I200320 19:34:01.606578 21 storage/engine/rocksdb.go:120                 Options.table_cache_numshardbits: 6
I200320 19:34:01.606636 21 storage/engine/rocksdb.go:120                       Options.max_subcompactions: 1
I200320 19:34:01.606656 21 storage/engine/rocksdb.go:120                   Options.max_background_flushes: -1
I200320 19:34:01.606674 21 storage/engine/rocksdb.go:120                          Options.WAL_ttl_seconds: 0
I200320 19:34:01.606752 21 storage/engine/rocksdb.go:120                        Options.WAL_size_limit_MB: 0
I200320 19:34:01.606776 21 storage/engine/rocksdb.go:120              Options.manifest_preallocation_size: 4194304
I200320 19:34:01.606797 21 storage/engine/rocksdb.go:120                      Options.is_fd_close_on_exec: 1
I200320 19:34:01.606817 21 storage/engine/rocksdb.go:120                    Options.advise_random_on_open: 1
I200320 19:34:01.606887 21 storage/engine/rocksdb.go:120                     Options.db_write_buffer_size: 0
I200320 19:34:01.606905 21 storage/engine/rocksdb.go:120                     Options.write_buffer_manager: 0x7fbe44419570
I200320 19:34:01.606950 21 storage/engine/rocksdb.go:120          Options.access_hint_on_compaction_start: 1
I200320 19:34:01.606974 21 storage/engine/rocksdb.go:120   Options.new_table_reader_for_compaction_inputs: 0
I200320 19:34:01.606997 21 storage/engine/rocksdb.go:120            Options.random_access_max_buffer_size: 1048576
I200320 19:34:01.607018 21 storage/engine/rocksdb.go:120                       Options.use_adaptive_mutex: 0
I200320 19:34:01.607067 21 storage/engine/rocksdb.go:120                             Options.rate_limiter: (nil)
I200320 19:34:01.607090 21 storage/engine/rocksdb.go:120      Options.sst_file_manager.rate_bytes_per_sec: 0
I200320 19:34:01.607113 21 storage/engine/rocksdb.go:120                        Options.wal_recovery_mode: 0
I200320 19:34:01.607140 21 storage/engine/rocksdb.go:120                   Options.enable_thread_tracking: 0
I200320 19:34:01.607163 21 storage/engine/rocksdb.go:120                   Options.enable_pipelined_write: 0
I200320 19:34:01.607185 21 storage/engine/rocksdb.go:120          Options.allow_concurrent_memtable_write: 1
I200320 19:34:01.607242 21 storage/engine/rocksdb.go:120       Options.enable_write_thread_adaptive_yield: 1
I200320 19:34:01.607262 21 storage/engine/rocksdb.go:120              Options.write_thread_max_yield_usec: 100
I200320 19:34:01.607316 21 storage/engine/rocksdb.go:120             Options.write_thread_slow_yield_usec: 3
I200320 19:34:01.607368 21 storage/engine/rocksdb.go:120                                Options.row_cache: None
I200320 19:34:01.607403 21 storage/engine/rocksdb.go:120                               Options.wal_filter: None
I200320 19:34:01.607424 21 storage/engine/rocksdb.go:120              Options.avoid_flush_during_recovery: 0
I200320 19:34:01.607443 21 storage/engine/rocksdb.go:120              Options.allow_ingest_behind: 0
I200320 19:34:01.607464 21 storage/engine/rocksdb.go:120              Options.preserve_deletes: 0
I200320 19:34:01.607477 21 storage/engine/rocksdb.go:120              Options.two_write_queues: 0
I200320 19:34:01.607495 21 storage/engine/rocksdb.go:120              Options.manual_wal_flush: 1
I200320 19:34:01.607518 21 storage/engine/rocksdb.go:120              Options.atomic_flush: 0
I200320 19:34:01.607566 21 storage/engine/rocksdb.go:120              Options.avoid_unnecessary_blocking_io: 0
I200320 19:34:01.607582 21 storage/engine/rocksdb.go:120              Options.max_background_jobs: 4
I200320 19:34:01.607602 21 storage/engine/rocksdb.go:120              Options.max_background_compactions: -1
I200320 19:34:01.607625 21 storage/engine/rocksdb.go:120              Options.avoid_flush_during_shutdown: 0
I200320 19:34:01.607643 21 storage/engine/rocksdb.go:120            Options.writable_file_max_buffer_size: 1048576
I200320 19:34:01.607779 21 storage/engine/rocksdb.go:120              Options.delayed_write_rate : 16777216
I200320 19:34:01.607820 21 storage/engine/rocksdb.go:120              Options.max_total_wal_size: 0
I200320 19:34:01.607900 21 storage/engine/rocksdb.go:120              Options.delete_obsolete_files_period_micros: 21600000000
I200320 19:34:01.607925 21 storage/engine/rocksdb.go:120                    Options.stats_dump_period_sec: 0
I200320 19:34:01.607937 21 storage/engine/rocksdb.go:120                  Options.stats_persist_period_sec: 600
I200320 19:34:01.607955 21 storage/engine/rocksdb.go:120                  Options.stats_history_buffer_size: 1048576
I200320 19:34:01.607972 21 storage/engine/rocksdb.go:120                           Options.max_open_files: 1043576
I200320 19:34:01.607992 21 storage/engine/rocksdb.go:120                           Options.bytes_per_sync: 524288
I200320 19:34:01.608009 21 storage/engine/rocksdb.go:120                       Options.wal_bytes_per_sync: 0
I200320 19:34:01.608033 21 storage/engine/rocksdb.go:120                    Options.strict_bytes_per_sync: 1
I200320 19:34:01.608098 21 storage/engine/rocksdb.go:120        Options.compaction_readahead_size: 0
I200320 19:34:01.608142 21 storage/engine/rocksdb.go:120  Compression algorithms supported:
I200320 19:34:01.608162 21 storage/engine/rocksdb.go:120  	kZSTDNotFinalCompression supported: 0
I200320 19:34:01.608214 21 storage/engine/rocksdb.go:120  	kZSTD supported: 0
I200320 19:34:01.608236 21 storage/engine/rocksdb.go:120  	kXpressCompression supported: 0
I200320 19:34:01.608251 21 storage/engine/rocksdb.go:120  	kLZ4HCCompression supported: 0
I200320 19:34:01.608270 21 storage/engine/rocksdb.go:120  	kLZ4Compression supported: 0
I200320 19:34:01.608292 21 storage/engine/rocksdb.go:120  	kBZip2Compression supported: 0
I200320 19:34:01.608314 21 storage/engine/rocksdb.go:120  	kZlibCompression supported: 0
I200320 19:34:01.608335 21 storage/engine/rocksdb.go:120  	kSnappyCompression supported: 1
I200320 19:34:01.608384 21 storage/engine/rocksdb.go:120  Fast CRC32 supported: Supported on x86
I200320 19:34:01.631384 21 storage/engine/rocksdb.go:120  [db/version_set.cc:4072] Recovering from manifest file: /cockroach/cockroach-data/MANIFEST-000038
I200320 19:34:01.634085 21 storage/engine/rocksdb.go:120  [db/column_family.cc:488] --------------- Options for column family [default]:
I200320 19:34:01.634108 21 storage/engine/rocksdb.go:120                Options.comparator: cockroach_comparator
I200320 19:34:01.634126 21 storage/engine/rocksdb.go:120            Options.merge_operator: cockroach_merge_operator
I200320 19:34:01.634145 21 storage/engine/rocksdb.go:120         Options.compaction_filter: None
I200320 19:34:01.634162 21 storage/engine/rocksdb.go:120         Options.compaction_filter_factory: None
I200320 19:34:01.634183 21 storage/engine/rocksdb.go:120          Options.memtable_factory: SkipListFactory
I200320 19:34:01.634198 21 storage/engine/rocksdb.go:120             Options.table_factory: BlockBasedTable
I200320 19:34:01.634238 21 storage/engine/rocksdb.go:120             table_factory options:   flush_block_policy_factory: FlushBlockBySizePolicyFactory (0x7fbe44428090)
  cache_index_and_filter_blocks: 0
  cache_index_and_filter_blocks_with_high_priority: 0
  pin_l0_filter_and_index_blocks_in_cache: 0
  pin_top_level_index_and_filter: 1
  index_type: 0
  data_block_index_type: 0
  index_shortening: 1
  data_block_hash_table_util_ratio: 0.750000
  hash_index_allow_collision: 1
  checksum: 1
  no_block_cache: 0
  block_cache: 0x7fbe444b9210
  block_cache_name: LRUCache
  block_cache_options:
    capacity : 67108864
    num_shard_bits : 4
    strict_capacity_limit : 0
    memory_allocator : None
    high_pri_pool_ratio: 0.000
  block_cache_compressed: (nil)
  persistent_cache: (nil)
  block_size: 32768
  block_size_deviation: 10
  block_restart_interval: 16
  index_block_restart_interval: 1
  metadata_block_size: 4096
  partition_filters: 0
  use_delta_encoding: 1
  filter_policy: rocksdb.BuiltinBloomFilter
  whole_key_filtering: 0
  verify_compression: 0
  read_amp_bytes_per_bit: 0
  format_version: 2
  enable_index_compression: 1
  block_align: 0
I200320 19:34:01.634259 21 storage/engine/rocksdb.go:120         Options.write_buffer_size: 67108864
I200320 19:34:01.634279 21 storage/engine/rocksdb.go:120   Options.max_write_buffer_number: 4
I200320 19:34:01.634297 21 storage/engine/rocksdb.go:120           Options.compression: Snappy
I200320 19:34:01.634409 21 storage/engine/rocksdb.go:120                   Options.bottommost_compression: Disabled
I200320 19:34:01.634427 21 storage/engine/rocksdb.go:120        Options.prefix_extractor: cockroach_prefix_extractor
I200320 19:34:01.634440 21 storage/engine/rocksdb.go:120    Options.memtable_insert_with_hint_prefix_extractor: nullptr
I200320 19:34:01.634474 21 storage/engine/rocksdb.go:120              Options.num_levels: 7
I200320 19:34:01.634517 21 storage/engine/rocksdb.go:120         Options.min_write_buffer_number_to_merge: 1
I200320 19:34:01.634530 21 storage/engine/rocksdb.go:120      Options.max_write_buffer_number_to_maintain: 0
I200320 19:34:01.634547 21 storage/engine/rocksdb.go:120             Options.bottommost_compression_opts.window_bits: -14
I200320 19:34:01.634565 21 storage/engine/rocksdb.go:120                   Options.bottommost_compression_opts.level: 32767
I200320 19:34:01.634578 21 storage/engine/rocksdb.go:120                Options.bottommost_compression_opts.strategy: 0
I200320 19:34:01.634596 21 storage/engine/rocksdb.go:120          Options.bottommost_compression_opts.max_dict_bytes: 0
I200320 19:34:01.634631 21 storage/engine/rocksdb.go:120          Options.bottommost_compression_opts.zstd_max_train_bytes: 0
I200320 19:34:01.634645 21 storage/engine/rocksdb.go:120                   Options.bottommost_compression_opts.enabled: false
I200320 19:34:01.634679 21 storage/engine/rocksdb.go:120             Options.compression_opts.window_bits: -14
I200320 19:34:01.634695 21 storage/engine/rocksdb.go:120                   Options.compression_opts.level: 32767
I200320 19:34:01.634713 21 storage/engine/rocksdb.go:120                Options.compression_opts.strategy: 0
I200320 19:34:01.634775 21 storage/engine/rocksdb.go:120          Options.compression_opts.max_dict_bytes: 0
I200320 19:34:01.634794 21 storage/engine/rocksdb.go:120          Options.compression_opts.zstd_max_train_bytes: 0
I200320 19:34:01.634810 21 storage/engine/rocksdb.go:120                   Options.compression_opts.enabled: false
I200320 19:34:01.634844 21 storage/engine/rocksdb.go:120       Options.level0_file_num_compaction_trigger: 2
I200320 19:34:01.634880 21 storage/engine/rocksdb.go:120           Options.level0_slowdown_writes_trigger: 950
I200320 19:34:01.635084 21 storage/engine/rocksdb.go:120               Options.level0_stop_writes_trigger: 1000
I200320 19:34:01.635104 21 storage/engine/rocksdb.go:120                    Options.target_file_size_base: 4194304
I200320 19:34:01.635118 21 storage/engine/rocksdb.go:120              Options.target_file_size_multiplier: 2
I200320 19:34:01.635133 21 storage/engine/rocksdb.go:120                 Options.max_bytes_for_level_base: 67108864
I200320 19:34:01.635272 21 storage/engine/rocksdb.go:120  Options.level_compaction_dynamic_level_bytes: 1
I200320 19:34:01.635306 21 storage/engine/rocksdb.go:120           Options.max_bytes_for_level_multiplier: 10.000000
I200320 19:34:01.635326 21 storage/engine/rocksdb.go:120  Options.max_bytes_for_level_multiplier_addtl[0]: 1
I200320 19:34:01.635341 21 storage/engine/rocksdb.go:120  Options.max_bytes_for_level_multiplier_addtl[1]: 1
I200320 19:34:01.635373 21 storage/engine/rocksdb.go:120  Options.max_bytes_for_level_multiplier_addtl[2]: 1
I200320 19:34:01.635391 21 storage/engine/rocksdb.go:120  Options.max_bytes_for_level_multiplier_addtl[3]: 1
I200320 19:34:01.635417 21 storage/engine/rocksdb.go:120  Options.max_bytes_for_level_multiplier_addtl[4]: 1
I200320 19:34:01.635435 21 storage/engine/rocksdb.go:120  Options.max_bytes_for_level_multiplier_addtl[5]: 1
I200320 19:34:01.635472 21 storage/engine/rocksdb.go:120  Options.max_bytes_for_level_multiplier_addtl[6]: 1
I200320 19:34:01.635576 21 storage/engine/rocksdb.go:120        Options.max_sequential_skip_in_iterations: 8
I200320 19:34:01.635609 21 storage/engine/rocksdb.go:120                     Options.max_compaction_bytes: 104857600
I200320 19:34:01.635651 21 storage/engine/rocksdb.go:120                         Options.arena_block_size: 8388608
I200320 19:34:01.635666 21 storage/engine/rocksdb.go:120    Options.soft_pending_compaction_bytes_limit: 2199023255552
I200320 19:34:01.635683 21 storage/engine/rocksdb.go:120    Options.hard_pending_compaction_bytes_limit: 4400193994752
I200320 19:34:01.635769 21 storage/engine/rocksdb.go:120        Options.rate_limit_delay_max_milliseconds: 100
I200320 19:34:01.635817 21 storage/engine/rocksdb.go:120                 Options.disable_auto_compactions: 0
I200320 19:34:01.635841 21 storage/engine/rocksdb.go:120                         Options.compaction_style: kCompactionStyleLevel
I200320 19:34:01.635865 21 storage/engine/rocksdb.go:120                           Options.compaction_pri: kMinOverlappingRatio
I200320 19:34:01.635884 21 storage/engine/rocksdb.go:120  Options.compaction_options_universal.size_ratio: 1
I200320 19:34:01.635898 21 storage/engine/rocksdb.go:120  Options.compaction_options_universal.min_merge_width: 2
I200320 19:34:01.635994 21 storage/engine/rocksdb.go:120  Options.compaction_options_universal.max_merge_width: 4294967295
I200320 19:34:01.636012 21 storage/engine/rocksdb.go:120  Options.compaction_options_universal.max_size_amplification_percent: 200
I200320 19:34:01.636029 21 storage/engine/rocksdb.go:120  Options.compaction_options_universal.compression_size_percent: -1
I200320 19:34:01.636047 21 storage/engine/rocksdb.go:120  Options.compaction_options_universal.stop_style: kCompactionStopStyleTotalSize
I200320 19:34:01.636060 21 storage/engine/rocksdb.go:120  Options.compaction_options_fifo.max_table_files_size: 1073741824
I200320 19:34:01.636074 21 storage/engine/rocksdb.go:120  Options.compaction_options_fifo.allow_compaction: 0
I200320 19:34:01.636114 21 storage/engine/rocksdb.go:120                    Options.table_properties_collectors: TimeBoundTblPropCollectorFactory; DeleteRangeTblPropCollectorFactory; 
I200320 19:34:01.636133 21 storage/engine/rocksdb.go:120                    Options.inplace_update_support: 0
I200320 19:34:01.636151 21 storage/engine/rocksdb.go:120                  Options.inplace_update_num_locks: 10000
I200320 19:34:01.636176 21 storage/engine/rocksdb.go:120                Options.memtable_prefix_bloom_size_ratio: 0.000000
I200320 19:34:01.636205 21 storage/engine/rocksdb.go:120                Options.memtable_whole_key_filtering: 0
I200320 19:34:01.636223 21 storage/engine/rocksdb.go:120    Options.memtable_huge_page_size: 0
I200320 19:34:01.636240 21 storage/engine/rocksdb.go:120                            Options.bloom_locality: 0
I200320 19:34:01.636258 21 storage/engine/rocksdb.go:120                     Options.max_successive_merges: 0
I200320 19:34:01.636275 21 storage/engine/rocksdb.go:120                 Options.optimize_filters_for_hits: 1
I200320 19:34:01.636292 21 storage/engine/rocksdb.go:120                 Options.paranoid_file_checks: 0
I200320 19:34:01.636334 21 storage/engine/rocksdb.go:120                 Options.force_consistency_checks: 0
I200320 19:34:01.636367 21 storage/engine/rocksdb.go:120                 Options.report_bg_io_stats: 0
I200320 19:34:01.636380 21 storage/engine/rocksdb.go:120                                Options.ttl: 0
I200320 19:34:01.636394 21 storage/engine/rocksdb.go:120           Options.periodic_compaction_seconds: 0
I200320 19:34:01.643164 21 storage/engine/rocksdb.go:120  [db/version_set.cc:4286] Recovered from manifest file:/cockroach/cockroach-data/MANIFEST-000038 succeeded,manifest_file_number is 38, next_file_number is 40, last_sequence is 0, log_number is 37,prev_log_number is 0,max_column_family is 0,min_log_number_to_keep is 0
I200320 19:34:01.643209 21 storage/engine/rocksdb.go:120  [db/version_set.cc:4295] Column family [default] (ID 0), log number is 37
I200320 19:34:01.651751 21 storage/engine/rocksdb.go:120  EVENT_LOG_v1 {"time_micros": 1584732841651631, "job": 1, "event": "recovery_started", "log_files": [39]}
I200320 19:34:01.651780 21 storage/engine/rocksdb.go:120  [db/db_impl_open.cc:598] Recovering log #39 mode 0
I200320 19:34:01.654501 21 storage/engine/rocksdb.go:120  [db/version_set.cc:3560] Creating manifest 41
I200320 19:34:01.661543 21 storage/engine/rocksdb.go:120  EVENT_LOG_v1 {"time_micros": 1584732841661492, "job": 1, "event": "recovery_finished"}
I200320 19:34:01.697633 21 storage/engine/rocksdb.go:120  DB pointer 0x7fbe44535000
