I200322 03:05:48.480396 24 util/log/clog.go:1196  [config] file created at: 2020/03/22 03:05:48
I200322 03:05:48.480396 24 util/log/clog.go:1196  [config] running on machine: 4ca9c7e2b343
I200322 03:05:48.480396 24 util/log/clog.go:1196  [config] binary: CockroachDB CCL v19.2.4 (x86_64-unknown-linux-gnu, built 2020/02/06 21:55:19, go1.12.12)
I200322 03:05:48.480396 24 util/log/clog.go:1196  [config] arguments: [/cockroach/cockroach start --insecure --host=127.0.0.1 --join=node_1]
I200322 03:05:48.480396 24 util/log/clog.go:1196  line format: [IWEF]yymmdd hh:mm:ss.uuuuuu goid file:line msg utf8=✓
I200322 03:05:48.480363 24 storage/engine/rocksdb.go:120  RocksDB version: 6.2.1
I200322 03:05:48.489667 24 storage/engine/rocksdb.go:120  Git sha rocksdb_build_git_sha:@b7009236531fa784872f4823eabf393501e41bf2@
I200322 03:05:48.489684 24 storage/engine/rocksdb.go:120  Compile date Feb  6 2020
I200322 03:05:48.489703 24 storage/engine/rocksdb.go:120  DB SUMMARY
I200322 03:05:48.492311 24 storage/engine/rocksdb.go:120  SST files in /cockroach/cockroach-data/cockroach-temp857215468 dir, Total Num: 0, files: 
I200322 03:05:48.544776 24 storage/engine/rocksdb.go:120  Write Ahead Log file in /cockroach/cockroach-data/cockroach-temp857215468: 
I200322 03:05:48.544799 24 storage/engine/rocksdb.go:120                          Options.error_if_exists: 0
I200322 03:05:48.544818 24 storage/engine/rocksdb.go:120                        Options.create_if_missing: 1
I200322 03:05:48.544835 24 storage/engine/rocksdb.go:120                          Options.paranoid_checks: 1
I200322 03:05:48.544853 24 storage/engine/rocksdb.go:120                                      Options.env: 0x756aca0
I200322 03:05:48.544871 24 storage/engine/rocksdb.go:120                                 Options.info_log: 0x7f4035c0d180
I200322 03:05:48.544889 24 storage/engine/rocksdb.go:120                 Options.max_file_opening_threads: 16
I200322 03:05:48.544907 24 storage/engine/rocksdb.go:120                               Options.statistics: 0x7f4035c34010
I200322 03:05:48.545024 24 storage/engine/rocksdb.go:120                                Options.use_fsync: 0
I200322 03:05:48.545042 24 storage/engine/rocksdb.go:120                        Options.max_log_file_size: 0
I200322 03:05:48.545060 24 storage/engine/rocksdb.go:120                   Options.max_manifest_file_size: 134217728
I200322 03:05:48.545079 24 storage/engine/rocksdb.go:120                    Options.log_file_time_to_roll: 0
I200322 03:05:48.545097 24 storage/engine/rocksdb.go:120                        Options.keep_log_file_num: 1000
I200322 03:05:48.545115 24 storage/engine/rocksdb.go:120                     Options.recycle_log_file_num: 1
I200322 03:05:48.545133 24 storage/engine/rocksdb.go:120                          Options.allow_fallocate: 1
I200322 03:05:48.545153 24 storage/engine/rocksdb.go:120                         Options.allow_mmap_reads: 0
I200322 03:05:48.545176 24 storage/engine/rocksdb.go:120                        Options.allow_mmap_writes: 0
I200322 03:05:48.545196 24 storage/engine/rocksdb.go:120                         Options.use_direct_reads: 0
I200322 03:05:48.545214 24 storage/engine/rocksdb.go:120                         Options.use_direct_io_for_flush_and_compaction: 0
I200322 03:05:48.545232 24 storage/engine/rocksdb.go:120           Options.create_missing_column_families: 0
I200322 03:05:48.545250 24 storage/engine/rocksdb.go:120                               Options.db_log_dir: 
I200322 03:05:48.545358 24 storage/engine/rocksdb.go:120                                  Options.wal_dir: /cockroach/cockroach-data/cockroach-temp857215468
I200322 03:05:48.545376 24 storage/engine/rocksdb.go:120                 Options.table_cache_numshardbits: 6
I200322 03:05:48.545393 24 storage/engine/rocksdb.go:120                       Options.max_subcompactions: 1
I200322 03:05:48.545411 24 storage/engine/rocksdb.go:120                   Options.max_background_flushes: -1
I200322 03:05:48.545428 24 storage/engine/rocksdb.go:120                          Options.WAL_ttl_seconds: 0
I200322 03:05:48.545446 24 storage/engine/rocksdb.go:120                        Options.WAL_size_limit_MB: 0
I200322 03:05:48.545464 24 storage/engine/rocksdb.go:120              Options.manifest_preallocation_size: 4194304
I200322 03:05:48.545481 24 storage/engine/rocksdb.go:120                      Options.is_fd_close_on_exec: 1
I200322 03:05:48.545545 24 storage/engine/rocksdb.go:120                    Options.advise_random_on_open: 1
I200322 03:05:48.545604 24 storage/engine/rocksdb.go:120                     Options.db_write_buffer_size: 0
I200322 03:05:48.545627 24 storage/engine/rocksdb.go:120                     Options.write_buffer_manager: 0x7f4035c1f060
I200322 03:05:48.545650 24 storage/engine/rocksdb.go:120          Options.access_hint_on_compaction_start: 1
I200322 03:05:48.545673 24 storage/engine/rocksdb.go:120   Options.new_table_reader_for_compaction_inputs: 0
I200322 03:05:48.545696 24 storage/engine/rocksdb.go:120            Options.random_access_max_buffer_size: 1048576
I200322 03:05:48.545719 24 storage/engine/rocksdb.go:120                       Options.use_adaptive_mutex: 0
I200322 03:05:48.545741 24 storage/engine/rocksdb.go:120                             Options.rate_limiter: (nil)
I200322 03:05:48.547942 24 storage/engine/rocksdb.go:120      Options.sst_file_manager.rate_bytes_per_sec: 0
I200322 03:05:48.547961 24 storage/engine/rocksdb.go:120                        Options.wal_recovery_mode: 0
I200322 03:05:48.547978 24 storage/engine/rocksdb.go:120                   Options.enable_thread_tracking: 0
I200322 03:05:48.547997 24 storage/engine/rocksdb.go:120                   Options.enable_pipelined_write: 0
I200322 03:05:48.548033 24 storage/engine/rocksdb.go:120          Options.allow_concurrent_memtable_write: 1
I200322 03:05:48.548076 24 storage/engine/rocksdb.go:120       Options.enable_write_thread_adaptive_yield: 1
I200322 03:05:48.548196 24 storage/engine/rocksdb.go:120              Options.write_thread_max_yield_usec: 100
I200322 03:05:48.548221 24 storage/engine/rocksdb.go:120             Options.write_thread_slow_yield_usec: 3
I200322 03:05:48.548240 24 storage/engine/rocksdb.go:120                                Options.row_cache: None
I200322 03:05:48.548259 24 storage/engine/rocksdb.go:120                               Options.wal_filter: None
I200322 03:05:48.548278 24 storage/engine/rocksdb.go:120              Options.avoid_flush_during_recovery: 0
I200322 03:05:48.548310 24 storage/engine/rocksdb.go:120              Options.allow_ingest_behind: 0
I200322 03:05:48.548340 24 storage/engine/rocksdb.go:120              Options.preserve_deletes: 0
I200322 03:05:48.548357 24 storage/engine/rocksdb.go:120              Options.two_write_queues: 0
I200322 03:05:48.548375 24 storage/engine/rocksdb.go:120              Options.manual_wal_flush: 1
I200322 03:05:48.548391 24 storage/engine/rocksdb.go:120              Options.atomic_flush: 0
I200322 03:05:48.548408 24 storage/engine/rocksdb.go:120              Options.avoid_unnecessary_blocking_io: 0
I200322 03:05:48.548426 24 storage/engine/rocksdb.go:120              Options.max_background_jobs: 4
I200322 03:05:48.548443 24 storage/engine/rocksdb.go:120              Options.max_background_compactions: -1
I200322 03:05:48.548460 24 storage/engine/rocksdb.go:120              Options.avoid_flush_during_shutdown: 0
I200322 03:05:48.548477 24 storage/engine/rocksdb.go:120            Options.writable_file_max_buffer_size: 1048576
I200322 03:05:48.548494 24 storage/engine/rocksdb.go:120              Options.delayed_write_rate : 16777216
I200322 03:05:48.548532 24 storage/engine/rocksdb.go:120              Options.max_total_wal_size: 0
I200322 03:05:48.548657 24 storage/engine/rocksdb.go:120              Options.delete_obsolete_files_period_micros: 21600000000
I200322 03:05:48.548679 24 storage/engine/rocksdb.go:120                    Options.stats_dump_period_sec: 0
I200322 03:05:48.548709 24 storage/engine/rocksdb.go:120                  Options.stats_persist_period_sec: 600
I200322 03:05:48.548727 24 storage/engine/rocksdb.go:120                  Options.stats_history_buffer_size: 1048576
I200322 03:05:48.548745 24 storage/engine/rocksdb.go:120                           Options.max_open_files: 128
I200322 03:05:48.548762 24 storage/engine/rocksdb.go:120                           Options.bytes_per_sync: 524288
I200322 03:05:48.548780 24 storage/engine/rocksdb.go:120                       Options.wal_bytes_per_sync: 0
I200322 03:05:48.548797 24 storage/engine/rocksdb.go:120                    Options.strict_bytes_per_sync: 1
I200322 03:05:48.548815 24 storage/engine/rocksdb.go:120        Options.compaction_readahead_size: 0
I200322 03:05:48.548832 24 storage/engine/rocksdb.go:120  Compression algorithms supported:
I200322 03:05:48.548851 24 storage/engine/rocksdb.go:120  	kZSTDNotFinalCompression supported: 0
I200322 03:05:48.548869 24 storage/engine/rocksdb.go:120  	kZSTD supported: 0
I200322 03:05:48.548887 24 storage/engine/rocksdb.go:120  	kXpressCompression supported: 0
I200322 03:05:48.548905 24 storage/engine/rocksdb.go:120  	kLZ4HCCompression supported: 0
I200322 03:05:48.548922 24 storage/engine/rocksdb.go:120  	kLZ4Compression supported: 0
I200322 03:05:48.548940 24 storage/engine/rocksdb.go:120  	kBZip2Compression supported: 0
I200322 03:05:48.548959 24 storage/engine/rocksdb.go:120  	kZlibCompression supported: 0
I200322 03:05:48.548976 24 storage/engine/rocksdb.go:120  	kSnappyCompression supported: 1
I200322 03:05:48.549004 24 storage/engine/rocksdb.go:120  Fast CRC32 supported: Supported on x86
I200322 03:05:48.568673 24 storage/engine/rocksdb.go:120  [db/db_impl_open.cc:242] Creating manifest 1 
I200322 03:05:48.613892 24 storage/engine/rocksdb.go:120  [db/version_set.cc:4072] Recovering from manifest file: /cockroach/cockroach-data/cockroach-temp857215468/MANIFEST-000001
I200322 03:05:48.620581 24 storage/engine/rocksdb.go:120  [db/column_family.cc:488] --------------- Options for column family [default]:
I200322 03:05:48.620730 24 storage/engine/rocksdb.go:120                Options.comparator: cockroach_comparator
I200322 03:05:48.620804 24 storage/engine/rocksdb.go:120            Options.merge_operator: cockroach_merge_operator
I200322 03:05:48.620827 24 storage/engine/rocksdb.go:120         Options.compaction_filter: None
I200322 03:05:48.620840 24 storage/engine/rocksdb.go:120         Options.compaction_filter_factory: None
I200322 03:05:48.620859 24 storage/engine/rocksdb.go:120          Options.memtable_factory: SkipListFactory
I200322 03:05:48.620874 24 storage/engine/rocksdb.go:120             Options.table_factory: BlockBasedTable
I200322 03:05:48.620922 24 storage/engine/rocksdb.go:120             table_factory options:   flush_block_policy_factory: FlushBlockBySizePolicyFactory (0x7f4035c2d030)
  cache_index_and_filter_blocks: 0
  cache_index_and_filter_blocks_with_high_priority: 0
  pin_l0_filter_and_index_blocks_in_cache: 0
  pin_top_level_index_and_filter: 1
  index_type: 0
  data_block_index_type: 0
  index_shortening: 1
  data_block_hash_table_util_ratio: 0.750000
  hash_index_allow_collision: 1
  checksum: 1
  no_block_cache: 0
  block_cache: 0x7f4035c22010
  block_cache_name: LRUCache
  block_cache_options:
    capacity : 1048576
    num_shard_bits : 4
    strict_capacity_limit : 0
    memory_allocator : None
    high_pri_pool_ratio: 0.000
  block_cache_compressed: (nil)
  persistent_cache: (nil)
  block_size: 32768
  block_size_deviation: 10
  block_restart_interval: 16
  index_block_restart_interval: 1
  metadata_block_size: 4096
  partition_filters: 0
  use_delta_encoding: 1
  filter_policy: rocksdb.BuiltinBloomFilter
  whole_key_filtering: 0
  verify_compression: 0
  read_amp_bytes_per_bit: 0
  format_version: 2
  enable_index_compression: 1
  block_align: 0
I200322 03:05:48.620943 24 storage/engine/rocksdb.go:120         Options.write_buffer_size: 67108864
I200322 03:05:48.620960 24 storage/engine/rocksdb.go:120   Options.max_write_buffer_number: 4
I200322 03:05:48.620978 24 storage/engine/rocksdb.go:120           Options.compression: Snappy
I200322 03:05:48.620999 24 storage/engine/rocksdb.go:120                   Options.bottommost_compression: Disabled
I200322 03:05:48.621023 24 storage/engine/rocksdb.go:120        Options.prefix_extractor: cockroach_prefix_extractor
I200322 03:05:48.621037 24 storage/engine/rocksdb.go:120    Options.memtable_insert_with_hint_prefix_extractor: nullptr
I200322 03:05:48.621052 24 storage/engine/rocksdb.go:120              Options.num_levels: 7
I200322 03:05:48.621065 24 storage/engine/rocksdb.go:120         Options.min_write_buffer_number_to_merge: 1
I200322 03:05:48.621082 24 storage/engine/rocksdb.go:120      Options.max_write_buffer_number_to_maintain: 0
I200322 03:05:48.621100 24 storage/engine/rocksdb.go:120             Options.bottommost_compression_opts.window_bits: -14
I200322 03:05:48.621118 24 storage/engine/rocksdb.go:120                   Options.bottommost_compression_opts.level: 32767
I200322 03:05:48.621135 24 storage/engine/rocksdb.go:120                Options.bottommost_compression_opts.strategy: 0
I200322 03:05:48.621153 24 storage/engine/rocksdb.go:120          Options.bottommost_compression_opts.max_dict_bytes: 0
I200322 03:05:48.621172 24 storage/engine/rocksdb.go:120          Options.bottommost_compression_opts.zstd_max_train_bytes: 0
I200322 03:05:48.621187 24 storage/engine/rocksdb.go:120                   Options.bottommost_compression_opts.enabled: false
I200322 03:05:48.621205 24 storage/engine/rocksdb.go:120             Options.compression_opts.window_bits: -14
I200322 03:05:48.621223 24 storage/engine/rocksdb.go:120                   Options.compression_opts.level: 32767
I200322 03:05:48.621240 24 storage/engine/rocksdb.go:120                Options.compression_opts.strategy: 0
I200322 03:05:48.621257 24 storage/engine/rocksdb.go:120          Options.compression_opts.max_dict_bytes: 0
I200322 03:05:48.621275 24 storage/engine/rocksdb.go:120          Options.compression_opts.zstd_max_train_bytes: 0
I200322 03:05:48.621289 24 storage/engine/rocksdb.go:120                   Options.compression_opts.enabled: false
I200322 03:05:48.621306 24 storage/engine/rocksdb.go:120       Options.level0_file_num_compaction_trigger: 2
I200322 03:05:48.621324 24 storage/engine/rocksdb.go:120           Options.level0_slowdown_writes_trigger: 950
I200322 03:05:48.621341 24 storage/engine/rocksdb.go:120               Options.level0_stop_writes_trigger: 1000
I200322 03:05:48.621366 24 storage/engine/rocksdb.go:120                    Options.target_file_size_base: 4194304
I200322 03:05:48.621384 24 storage/engine/rocksdb.go:120              Options.target_file_size_multiplier: 2
I200322 03:05:48.621403 24 storage/engine/rocksdb.go:120                 Options.max_bytes_for_level_base: 67108864
I200322 03:05:48.621416 24 storage/engine/rocksdb.go:120  Options.level_compaction_dynamic_level_bytes: 1
I200322 03:05:48.621442 24 storage/engine/rocksdb.go:120           Options.max_bytes_for_level_multiplier: 10.000000
I200322 03:05:48.621524 24 storage/engine/rocksdb.go:120  Options.max_bytes_for_level_multiplier_addtl[0]: 1
I200322 03:05:48.621547 24 storage/engine/rocksdb.go:120  Options.max_bytes_for_level_multiplier_addtl[1]: 1
I200322 03:05:48.621570 24 storage/engine/rocksdb.go:120  Options.max_bytes_for_level_multiplier_addtl[2]: 1
I200322 03:05:48.621592 24 storage/engine/rocksdb.go:120  Options.max_bytes_for_level_multiplier_addtl[3]: 1
I200322 03:05:48.621610 24 storage/engine/rocksdb.go:120  Options.max_bytes_for_level_multiplier_addtl[4]: 1
I200322 03:05:48.621629 24 storage/engine/rocksdb.go:120  Options.max_bytes_for_level_multiplier_addtl[5]: 1
I200322 03:05:48.621645 24 storage/engine/rocksdb.go:120  Options.max_bytes_for_level_multiplier_addtl[6]: 1
I200322 03:05:48.621668 24 storage/engine/rocksdb.go:120        Options.max_sequential_skip_in_iterations: 8
I200322 03:05:48.621682 24 storage/engine/rocksdb.go:120                     Options.max_compaction_bytes: 104857600
I200322 03:05:48.621697 24 storage/engine/rocksdb.go:120                         Options.arena_block_size: 8388608
I200322 03:05:48.621715 24 storage/engine/rocksdb.go:120    Options.soft_pending_compaction_bytes_limit: 2199023255552
I200322 03:05:48.621734 24 storage/engine/rocksdb.go:120    Options.hard_pending_compaction_bytes_limit: 4400193994752
I200322 03:05:48.621751 24 storage/engine/rocksdb.go:120        Options.rate_limit_delay_max_milliseconds: 100
I200322 03:05:48.621768 24 storage/engine/rocksdb.go:120                 Options.disable_auto_compactions: 0
I200322 03:05:48.621787 24 storage/engine/rocksdb.go:120                         Options.compaction_style: kCompactionStyleLevel
I200322 03:05:48.621801 24 storage/engine/rocksdb.go:120                           Options.compaction_pri: kMinOverlappingRatio
I200322 03:05:48.621823 24 storage/engine/rocksdb.go:120  Options.compaction_options_universal.size_ratio: 1
I200322 03:05:48.621844 24 storage/engine/rocksdb.go:120  Options.compaction_options_universal.min_merge_width: 2
I200322 03:05:48.621866 24 storage/engine/rocksdb.go:120  Options.compaction_options_universal.max_merge_width: 4294967295
I200322 03:05:48.621886 24 storage/engine/rocksdb.go:120  Options.compaction_options_universal.max_size_amplification_percent: 200
I200322 03:05:48.621903 24 storage/engine/rocksdb.go:120  Options.compaction_options_universal.compression_size_percent: -1
I200322 03:05:48.621924 24 storage/engine/rocksdb.go:120  Options.compaction_options_universal.stop_style: kCompactionStopStyleTotalSize
I200322 03:05:48.621942 24 storage/engine/rocksdb.go:120  Options.compaction_options_fifo.max_table_files_size: 1073741824
I200322 03:05:48.621955 24 storage/engine/rocksdb.go:120  Options.compaction_options_fifo.allow_compaction: 0
I200322 03:05:48.621974 24 storage/engine/rocksdb.go:120                    Options.table_properties_collectors: TimeBoundTblPropCollectorFactory; DeleteRangeTblPropCollectorFactory; 
I200322 03:05:48.621993 24 storage/engine/rocksdb.go:120                    Options.inplace_update_support: 0
I200322 03:05:48.622007 24 storage/engine/rocksdb.go:120                  Options.inplace_update_num_locks: 10000
I200322 03:05:48.622025 24 storage/engine/rocksdb.go:120                Options.memtable_prefix_bloom_size_ratio: 0.000000
I200322 03:05:48.622044 24 storage/engine/rocksdb.go:120                Options.memtable_whole_key_filtering: 0
I200322 03:05:48.622062 24 storage/engine/rocksdb.go:120    Options.memtable_huge_page_size: 0
I200322 03:05:48.622079 24 storage/engine/rocksdb.go:120                            Options.bloom_locality: 0
I200322 03:05:48.622097 24 storage/engine/rocksdb.go:120                     Options.max_successive_merges: 0
I200322 03:05:48.622114 24 storage/engine/rocksdb.go:120                 Options.optimize_filters_for_hits: 1
I200322 03:05:48.622135 24 storage/engine/rocksdb.go:120                 Options.paranoid_file_checks: 0
I200322 03:05:48.622151 24 storage/engine/rocksdb.go:120                 Options.force_consistency_checks: 0
I200322 03:05:48.622164 24 storage/engine/rocksdb.go:120                 Options.report_bg_io_stats: 0
I200322 03:05:48.622181 24 storage/engine/rocksdb.go:120                                Options.ttl: 0
I200322 03:05:48.622195 24 storage/engine/rocksdb.go:120           Options.periodic_compaction_seconds: 0
I200322 03:05:48.633702 24 storage/engine/rocksdb.go:120  [db/version_set.cc:4286] Recovered from manifest file:/cockroach/cockroach-data/cockroach-temp857215468/MANIFEST-000001 succeeded,manifest_file_number is 1, next_file_number is 3, last_sequence is 0, log_number is 0,prev_log_number is 0,max_column_family is 0,min_log_number_to_keep is 0
I200322 03:05:48.633723 24 storage/engine/rocksdb.go:120  [db/version_set.cc:4295] Column family [default] (ID 0), log number is 0
I200322 03:05:48.680115 24 storage/engine/rocksdb.go:120  DB pointer 0x7f4035ca1000
I200322 03:05:48.721244 24 storage/engine/rocksdb.go:120  RocksDB version: 6.2.1
I200322 03:05:48.721267 24 storage/engine/rocksdb.go:120  Git sha rocksdb_build_git_sha:@b7009236531fa784872f4823eabf393501e41bf2@
I200322 03:05:48.721286 24 storage/engine/rocksdb.go:120  Compile date Feb  6 2020
I200322 03:05:48.721304 24 storage/engine/rocksdb.go:120  DB SUMMARY
I200322 03:05:48.725901 24 storage/engine/rocksdb.go:120  CURRENT file:  CURRENT
I200322 03:05:48.725926 24 storage/engine/rocksdb.go:120  IDENTITY file:  IDENTITY
I200322 03:05:48.727838 24 storage/engine/rocksdb.go:120  MANIFEST file:  MANIFEST-000062 size: 53 Bytes
I200322 03:05:48.727865 24 storage/engine/rocksdb.go:120  SST files in /cockroach/cockroach-data dir, Total Num: 0, files: 
I200322 03:05:48.727890 24 storage/engine/rocksdb.go:120  Write Ahead Log file in /cockroach/cockroach-data: 000063.log size: 1830310 ; 
I200322 03:05:48.727915 24 storage/engine/rocksdb.go:120                          Options.error_if_exists: 0
I200322 03:05:48.727933 24 storage/engine/rocksdb.go:120                        Options.create_if_missing: 1
I200322 03:05:48.727951 24 storage/engine/rocksdb.go:120                          Options.paranoid_checks: 1
I200322 03:05:48.727969 24 storage/engine/rocksdb.go:120                                      Options.env: 0x756aca0
I200322 03:05:48.727988 24 storage/engine/rocksdb.go:120                                 Options.info_log: 0x7f402d619080
I200322 03:05:48.728009 24 storage/engine/rocksdb.go:120                 Options.max_file_opening_threads: 16
I200322 03:05:48.728031 24 storage/engine/rocksdb.go:120                               Options.statistics: 0x7f402d61f010
I200322 03:05:48.728052 24 storage/engine/rocksdb.go:120                                Options.use_fsync: 0
I200322 03:05:48.728072 24 storage/engine/rocksdb.go:120                        Options.max_log_file_size: 0
I200322 03:05:48.728091 24 storage/engine/rocksdb.go:120                   Options.max_manifest_file_size: 134217728
I200322 03:05:48.728109 24 storage/engine/rocksdb.go:120                    Options.log_file_time_to_roll: 0
I200322 03:05:48.728126 24 storage/engine/rocksdb.go:120                        Options.keep_log_file_num: 1000
I200322 03:05:48.728144 24 storage/engine/rocksdb.go:120                     Options.recycle_log_file_num: 1
I200322 03:05:48.728161 24 storage/engine/rocksdb.go:120                          Options.allow_fallocate: 1
I200322 03:05:48.728179 24 storage/engine/rocksdb.go:120                         Options.allow_mmap_reads: 0
I200322 03:05:48.728196 24 storage/engine/rocksdb.go:120                        Options.allow_mmap_writes: 0
I200322 03:05:48.728213 24 storage/engine/rocksdb.go:120                         Options.use_direct_reads: 0
I200322 03:05:48.728232 24 storage/engine/rocksdb.go:120                         Options.use_direct_io_for_flush_and_compaction: 0
I200322 03:05:48.728249 24 storage/engine/rocksdb.go:120           Options.create_missing_column_families: 0
I200322 03:05:48.728307 24 storage/engine/rocksdb.go:120                               Options.db_log_dir: 
I200322 03:05:48.728325 24 storage/engine/rocksdb.go:120                                  Options.wal_dir: /cockroach/cockroach-data
I200322 03:05:48.728369 24 storage/engine/rocksdb.go:120                 Options.table_cache_numshardbits: 6
I200322 03:05:48.728387 24 storage/engine/rocksdb.go:120                       Options.max_subcompactions: 1
I200322 03:05:48.728402 24 storage/engine/rocksdb.go:120                   Options.max_background_flushes: -1
I200322 03:05:48.728419 24 storage/engine/rocksdb.go:120                          Options.WAL_ttl_seconds: 0
I200322 03:05:48.728437 24 storage/engine/rocksdb.go:120                        Options.WAL_size_limit_MB: 0
I200322 03:05:48.728460 24 storage/engine/rocksdb.go:120              Options.manifest_preallocation_size: 4194304
I200322 03:05:48.728578 24 storage/engine/rocksdb.go:120                      Options.is_fd_close_on_exec: 1
I200322 03:05:48.728600 24 storage/engine/rocksdb.go:120                    Options.advise_random_on_open: 1
I200322 03:05:48.728619 24 storage/engine/rocksdb.go:120                     Options.db_write_buffer_size: 0
I200322 03:05:48.728637 24 storage/engine/rocksdb.go:120                     Options.write_buffer_manager: 0x7f402d687030
I200322 03:05:48.728654 24 storage/engine/rocksdb.go:120          Options.access_hint_on_compaction_start: 1
I200322 03:05:48.728667 24 storage/engine/rocksdb.go:120   Options.new_table_reader_for_compaction_inputs: 0
I200322 03:05:48.728684 24 storage/engine/rocksdb.go:120            Options.random_access_max_buffer_size: 1048576
I200322 03:05:48.728702 24 storage/engine/rocksdb.go:120                       Options.use_adaptive_mutex: 0
I200322 03:05:48.728721 24 storage/engine/rocksdb.go:120                             Options.rate_limiter: (nil)
I200322 03:05:48.728789 24 storage/engine/rocksdb.go:120      Options.sst_file_manager.rate_bytes_per_sec: 0
I200322 03:05:48.728804 24 storage/engine/rocksdb.go:120                        Options.wal_recovery_mode: 0
I200322 03:05:48.728819 24 storage/engine/rocksdb.go:120                   Options.enable_thread_tracking: 0
I200322 03:05:48.728854 24 storage/engine/rocksdb.go:120                   Options.enable_pipelined_write: 0
I200322 03:05:48.728890 24 storage/engine/rocksdb.go:120          Options.allow_concurrent_memtable_write: 1
I200322 03:05:48.728913 24 storage/engine/rocksdb.go:120       Options.enable_write_thread_adaptive_yield: 1
I200322 03:05:48.728934 24 storage/engine/rocksdb.go:120              Options.write_thread_max_yield_usec: 100
I200322 03:05:48.728951 24 storage/engine/rocksdb.go:120             Options.write_thread_slow_yield_usec: 3
I200322 03:05:48.728971 24 storage/engine/rocksdb.go:120                                Options.row_cache: None
I200322 03:05:48.728992 24 storage/engine/rocksdb.go:120                               Options.wal_filter: None
I200322 03:05:48.729018 24 storage/engine/rocksdb.go:120              Options.avoid_flush_during_recovery: 0
I200322 03:05:48.729036 24 storage/engine/rocksdb.go:120              Options.allow_ingest_behind: 0
I200322 03:05:48.729053 24 storage/engine/rocksdb.go:120              Options.preserve_deletes: 0
I200322 03:05:48.729072 24 storage/engine/rocksdb.go:120              Options.two_write_queues: 0
I200322 03:05:48.729089 24 storage/engine/rocksdb.go:120              Options.manual_wal_flush: 1
I200322 03:05:48.729107 24 storage/engine/rocksdb.go:120              Options.atomic_flush: 0
I200322 03:05:48.729126 24 storage/engine/rocksdb.go:120              Options.avoid_unnecessary_blocking_io: 0
I200322 03:05:48.729192 24 storage/engine/rocksdb.go:120              Options.max_background_jobs: 4
I200322 03:05:48.729216 24 storage/engine/rocksdb.go:120              Options.max_background_compactions: -1
I200322 03:05:48.729254 24 storage/engine/rocksdb.go:120              Options.avoid_flush_during_shutdown: 0
I200322 03:05:48.729278 24 storage/engine/rocksdb.go:120            Options.writable_file_max_buffer_size: 1048576
I200322 03:05:48.729300 24 storage/engine/rocksdb.go:120              Options.delayed_write_rate : 16777216
I200322 03:05:48.729320 24 storage/engine/rocksdb.go:120              Options.max_total_wal_size: 0
I200322 03:05:48.729343 24 storage/engine/rocksdb.go:120              Options.delete_obsolete_files_period_micros: 21600000000
I200322 03:05:48.729365 24 storage/engine/rocksdb.go:120                    Options.stats_dump_period_sec: 0
I200322 03:05:48.729394 24 storage/engine/rocksdb.go:120                  Options.stats_persist_period_sec: 600
I200322 03:05:48.729416 24 storage/engine/rocksdb.go:120                  Options.stats_history_buffer_size: 1048576
I200322 03:05:48.729436 24 storage/engine/rocksdb.go:120                           Options.max_open_files: 1043576
I200322 03:05:48.729454 24 storage/engine/rocksdb.go:120                           Options.bytes_per_sync: 524288
I200322 03:05:48.729471 24 storage/engine/rocksdb.go:120                       Options.wal_bytes_per_sync: 0
I200322 03:05:48.729489 24 storage/engine/rocksdb.go:120                    Options.strict_bytes_per_sync: 1
I200322 03:05:48.729567 24 storage/engine/rocksdb.go:120        Options.compaction_readahead_size: 0
I200322 03:05:48.729590 24 storage/engine/rocksdb.go:120  Compression algorithms supported:
I200322 03:05:48.729619 24 storage/engine/rocksdb.go:120  	kZSTDNotFinalCompression supported: 0
I200322 03:05:48.729639 24 storage/engine/rocksdb.go:120  	kZSTD supported: 0
I200322 03:05:48.729670 24 storage/engine/rocksdb.go:120  	kXpressCompression supported: 0
I200322 03:05:48.729697 24 storage/engine/rocksdb.go:120  	kLZ4HCCompression supported: 0
I200322 03:05:48.729716 24 storage/engine/rocksdb.go:120  	kLZ4Compression supported: 0
I200322 03:05:48.729734 24 storage/engine/rocksdb.go:120  	kBZip2Compression supported: 0
I200322 03:05:48.729765 24 storage/engine/rocksdb.go:120  	kZlibCompression supported: 0
I200322 03:05:48.729809 24 storage/engine/rocksdb.go:120  	kSnappyCompression supported: 1
I200322 03:05:48.729832 24 storage/engine/rocksdb.go:120  Fast CRC32 supported: Supported on x86
I200322 03:05:48.754076 24 storage/engine/rocksdb.go:120  [db/version_set.cc:4072] Recovering from manifest file: /cockroach/cockroach-data/MANIFEST-000062
I200322 03:05:48.756986 24 storage/engine/rocksdb.go:120  [db/column_family.cc:488] --------------- Options for column family [default]:
I200322 03:05:48.757011 24 storage/engine/rocksdb.go:120                Options.comparator: cockroach_comparator
I200322 03:05:48.757029 24 storage/engine/rocksdb.go:120            Options.merge_operator: cockroach_merge_operator
I200322 03:05:48.757040 24 storage/engine/rocksdb.go:120         Options.compaction_filter: None
I200322 03:05:48.757059 24 storage/engine/rocksdb.go:120         Options.compaction_filter_factory: None
I200322 03:05:48.757075 24 storage/engine/rocksdb.go:120          Options.memtable_factory: SkipListFactory
I200322 03:05:48.757095 24 storage/engine/rocksdb.go:120             Options.table_factory: BlockBasedTable
I200322 03:05:48.757141 24 storage/engine/rocksdb.go:120             table_factory options:   flush_block_policy_factory: FlushBlockBySizePolicyFactory (0x7f402d61d028)
  cache_index_and_filter_blocks: 0
  cache_index_and_filter_blocks_with_high_priority: 0
  pin_l0_filter_and_index_blocks_in_cache: 0
  pin_top_level_index_and_filter: 1
  index_type: 0
  data_block_index_type: 0
  index_shortening: 1
  data_block_hash_table_util_ratio: 0.750000
  hash_index_allow_collision: 1
  checksum: 1
  no_block_cache: 0
  block_cache: 0x7f402d60e010
  block_cache_name: LRUCache
  block_cache_options:
    capacity : 67108864
    num_shard_bits : 4
    strict_capacity_limit : 0
    memory_allocator : None
    high_pri_pool_ratio: 0.000
  block_cache_compressed: (nil)
  persistent_cache: (nil)
  block_size: 32768
  block_size_deviation: 10
  block_restart_interval: 16
  index_block_restart_interval: 1
  metadata_block_size: 4096
  partition_filters: 0
  use_delta_encoding: 1
  filter_policy: rocksdb.BuiltinBloomFilter
  whole_key_filtering: 0
  verify_compression: 0
  read_amp_bytes_per_bit: 0
  format_version: 2
  enable_index_compression: 1
  block_align: 0
I200322 03:05:48.757172 24 storage/engine/rocksdb.go:120         Options.write_buffer_size: 67108864
I200322 03:05:48.757195 24 storage/engine/rocksdb.go:120   Options.max_write_buffer_number: 4
I200322 03:05:48.757228 24 storage/engine/rocksdb.go:120           Options.compression: Snappy
I200322 03:05:48.757347 24 storage/engine/rocksdb.go:120                   Options.bottommost_compression: Disabled
I200322 03:05:48.757366 24 storage/engine/rocksdb.go:120        Options.prefix_extractor: cockroach_prefix_extractor
I200322 03:05:48.757382 24 storage/engine/rocksdb.go:120    Options.memtable_insert_with_hint_prefix_extractor: nullptr
I200322 03:05:48.757394 24 storage/engine/rocksdb.go:120              Options.num_levels: 7
I200322 03:05:48.757406 24 storage/engine/rocksdb.go:120         Options.min_write_buffer_number_to_merge: 1
I200322 03:05:48.757426 24 storage/engine/rocksdb.go:120      Options.max_write_buffer_number_to_maintain: 0
I200322 03:05:48.757449 24 storage/engine/rocksdb.go:120             Options.bottommost_compression_opts.window_bits: -14
I200322 03:05:48.757540 24 storage/engine/rocksdb.go:120                   Options.bottommost_compression_opts.level: 32767
I200322 03:05:48.757604 24 storage/engine/rocksdb.go:120                Options.bottommost_compression_opts.strategy: 0
I200322 03:05:48.757624 24 storage/engine/rocksdb.go:120          Options.bottommost_compression_opts.max_dict_bytes: 0
I200322 03:05:48.757643 24 storage/engine/rocksdb.go:120          Options.bottommost_compression_opts.zstd_max_train_bytes: 0
I200322 03:05:48.757671 24 storage/engine/rocksdb.go:120                   Options.bottommost_compression_opts.enabled: false
I200322 03:05:48.757730 24 storage/engine/rocksdb.go:120             Options.compression_opts.window_bits: -14
I200322 03:05:48.757754 24 storage/engine/rocksdb.go:120                   Options.compression_opts.level: 32767
I200322 03:05:48.757777 24 storage/engine/rocksdb.go:120                Options.compression_opts.strategy: 0
I200322 03:05:48.757849 24 storage/engine/rocksdb.go:120          Options.compression_opts.max_dict_bytes: 0
I200322 03:05:48.757868 24 storage/engine/rocksdb.go:120          Options.compression_opts.zstd_max_train_bytes: 0
I200322 03:05:48.757899 24 storage/engine/rocksdb.go:120                   Options.compression_opts.enabled: false
I200322 03:05:48.757938 24 storage/engine/rocksdb.go:120       Options.level0_file_num_compaction_trigger: 2
I200322 03:05:48.757963 24 storage/engine/rocksdb.go:120           Options.level0_slowdown_writes_trigger: 950
I200322 03:05:48.757979 24 storage/engine/rocksdb.go:120               Options.level0_stop_writes_trigger: 1000
I200322 03:05:48.757998 24 storage/engine/rocksdb.go:120                    Options.target_file_size_base: 4194304
I200322 03:05:48.758018 24 storage/engine/rocksdb.go:120              Options.target_file_size_multiplier: 2
I200322 03:05:48.758038 24 storage/engine/rocksdb.go:120                 Options.max_bytes_for_level_base: 67108864
I200322 03:05:48.758064 24 storage/engine/rocksdb.go:120  Options.level_compaction_dynamic_level_bytes: 1
I200322 03:05:48.758085 24 storage/engine/rocksdb.go:120           Options.max_bytes_for_level_multiplier: 10.000000
I200322 03:05:48.758110 24 storage/engine/rocksdb.go:120  Options.max_bytes_for_level_multiplier_addtl[0]: 1
I200322 03:05:48.758130 24 storage/engine/rocksdb.go:120  Options.max_bytes_for_level_multiplier_addtl[1]: 1
I200322 03:05:48.758149 24 storage/engine/rocksdb.go:120  Options.max_bytes_for_level_multiplier_addtl[2]: 1
I200322 03:05:48.758170 24 storage/engine/rocksdb.go:120  Options.max_bytes_for_level_multiplier_addtl[3]: 1
I200322 03:05:48.758189 24 storage/engine/rocksdb.go:120  Options.max_bytes_for_level_multiplier_addtl[4]: 1
I200322 03:05:48.758214 24 storage/engine/rocksdb.go:120  Options.max_bytes_for_level_multiplier_addtl[5]: 1
I200322 03:05:48.758232 24 storage/engine/rocksdb.go:120  Options.max_bytes_for_level_multiplier_addtl[6]: 1
I200322 03:05:48.758263 24 storage/engine/rocksdb.go:120        Options.max_sequential_skip_in_iterations: 8
I200322 03:05:48.758283 24 storage/engine/rocksdb.go:120                     Options.max_compaction_bytes: 104857600
I200322 03:05:48.758308 24 storage/engine/rocksdb.go:120                         Options.arena_block_size: 8388608
I200322 03:05:48.758325 24 storage/engine/rocksdb.go:120    Options.soft_pending_compaction_bytes_limit: 2199023255552
I200322 03:05:48.758345 24 storage/engine/rocksdb.go:120    Options.hard_pending_compaction_bytes_limit: 4400193994752
I200322 03:05:48.758364 24 storage/engine/rocksdb.go:120        Options.rate_limit_delay_max_milliseconds: 100
I200322 03:05:48.758389 24 storage/engine/rocksdb.go:120                 Options.disable_auto_compactions: 0
I200322 03:05:48.758410 24 storage/engine/rocksdb.go:120                         Options.compaction_style: kCompactionStyleLevel
I200322 03:05:48.758429 24 storage/engine/rocksdb.go:120                           Options.compaction_pri: kMinOverlappingRatio
I200322 03:05:48.758458 24 storage/engine/rocksdb.go:120  Options.compaction_options_universal.size_ratio: 1
I200322 03:05:48.758550 24 storage/engine/rocksdb.go:120  Options.compaction_options_universal.min_merge_width: 2
I200322 03:05:48.758564 24 storage/engine/rocksdb.go:120  Options.compaction_options_universal.max_merge_width: 4294967295
I200322 03:05:48.758583 24 storage/engine/rocksdb.go:120  Options.compaction_options_universal.max_size_amplification_percent: 200
I200322 03:05:48.758622 24 storage/engine/rocksdb.go:120  Options.compaction_options_universal.compression_size_percent: -1
I200322 03:05:48.758640 24 storage/engine/rocksdb.go:120  Options.compaction_options_universal.stop_style: kCompactionStopStyleTotalSize
I200322 03:05:48.758665 24 storage/engine/rocksdb.go:120  Options.compaction_options_fifo.max_table_files_size: 1073741824
I200322 03:05:48.758683 24 storage/engine/rocksdb.go:120  Options.compaction_options_fifo.allow_compaction: 0
I200322 03:05:48.758759 24 storage/engine/rocksdb.go:120                    Options.table_properties_collectors: TimeBoundTblPropCollectorFactory; DeleteRangeTblPropCollectorFactory; 
I200322 03:05:48.758815 24 storage/engine/rocksdb.go:120                    Options.inplace_update_support: 0
I200322 03:05:48.758853 24 storage/engine/rocksdb.go:120                  Options.inplace_update_num_locks: 10000
I200322 03:05:48.758888 24 storage/engine/rocksdb.go:120                Options.memtable_prefix_bloom_size_ratio: 0.000000
I200322 03:05:48.758912 24 storage/engine/rocksdb.go:120                Options.memtable_whole_key_filtering: 0
I200322 03:05:48.758926 24 storage/engine/rocksdb.go:120    Options.memtable_huge_page_size: 0
I200322 03:05:48.758946 24 storage/engine/rocksdb.go:120                            Options.bloom_locality: 0
I200322 03:05:48.758964 24 storage/engine/rocksdb.go:120                     Options.max_successive_merges: 0
I200322 03:05:48.759004 24 storage/engine/rocksdb.go:120                 Options.optimize_filters_for_hits: 1
I200322 03:05:48.759025 24 storage/engine/rocksdb.go:120                 Options.paranoid_file_checks: 0
I200322 03:05:48.759043 24 storage/engine/rocksdb.go:120                 Options.force_consistency_checks: 0
I200322 03:05:48.759061 24 storage/engine/rocksdb.go:120                 Options.report_bg_io_stats: 0
I200322 03:05:48.759075 24 storage/engine/rocksdb.go:120                                Options.ttl: 0
I200322 03:05:48.759093 24 storage/engine/rocksdb.go:120           Options.periodic_compaction_seconds: 0
I200322 03:05:48.763977 24 storage/engine/rocksdb.go:120  [db/version_set.cc:4286] Recovered from manifest file:/cockroach/cockroach-data/MANIFEST-000062 succeeded,manifest_file_number is 62, next_file_number is 64, last_sequence is 0, log_number is 61,prev_log_number is 0,max_column_family is 0,min_log_number_to_keep is 0
I200322 03:05:48.764001 24 storage/engine/rocksdb.go:120  [db/version_set.cc:4295] Column family [default] (ID 0), log number is 61
I200322 03:05:48.770207 24 storage/engine/rocksdb.go:120  EVENT_LOG_v1 {"time_micros": 1584846348770156, "job": 1, "event": "recovery_started", "log_files": [63]}
I200322 03:05:48.770229 24 storage/engine/rocksdb.go:120  [db/db_impl_open.cc:598] Recovering log #63 mode 0
I200322 03:05:48.825001 24 storage/engine/rocksdb.go:120  EVENT_LOG_v1 {"time_micros": 1584846348824915, "cf_name": "default", "job": 1, "event": "table_file_creation", "file_number": 64, "file_size": 81187, "table_properties": {"data_size": 78056, "index_size": 385, "index_partitions": 0, "top_level_index_size": 0, "index_key_is_user_key": 0, "index_value_is_delta_encoded": 0, "filter_size": 1861, "raw_key_size": 59408, "raw_average_key_size": 40, "raw_value_size": 219427, "raw_average_value_size": 149, "num_data_blocks": 8, "num_entries": 1464, "num_deletions": 143, "num_merge_operands": 664, "num_range_deletions": 664, "format_version": 0, "fixed_key_len": 0, "filter_policy": "rocksdb.BuiltinBloomFilter", "column_family_name": "default", "column_family_id": 0, "comparator": "cockroach_comparator", "merge_operator": "cockroach_merge_operator", "prefix_extractor_name": "cockroach_prefix_extractor", "property_collectors": "[TimeBoundTblPropCollectorFactory,DeleteRangeTblPropCollectorFactory]", "compression": "Snappy", "compression_options": "window_bits=-14; level=32767; strategy=0; max_dict_bytes=0; zstd_max_train_bytes=0; enabled=0; ", "creation_time": 1584846348, "oldest_key_time": 3, "file_creation_time": 0}}
I200322 03:05:48.825433 24 storage/engine/rocksdb.go:120  [db/version_set.cc:3560] Creating manifest 65
I200322 03:05:48.834416 24 storage/engine/rocksdb.go:120  EVENT_LOG_v1 {"time_micros": 1584846348834364, "job": 1, "event": "recovery_finished"}
I200322 03:05:48.874674 24 storage/engine/rocksdb.go:120  DB pointer 0x7f402d694000
I200322 03:06:48.070380 1318 storage/engine/rocksdb.go:120  bloom filter utility:    -nan%
I200322 03:06:48.070822 1318 storage/engine/rocksdb.go:120  [db/db_impl.cc:392] Shutdown: canceling all background work
I200322 03:06:48.075581 1318 storage/engine/rocksdb.go:120  [db/db_impl.cc:565] Shutdown complete
I200322 03:06:48.094396 1318 storage/engine/rocksdb.go:120  bloom filter utility:    21.5%
I200322 03:06:48.094737 1318 storage/engine/rocksdb.go:120  [db/db_impl.cc:392] Shutdown: canceling all background work
I200322 03:06:48.104467 1318 storage/engine/rocksdb.go:120  [db/db_impl.cc:565] Shutdown complete
