I200320 18:58:07.547776 1 util/log/clog.go:1196  [config] file created at: 2020/03/20 18:58:07
I200320 18:58:07.547776 1 util/log/clog.go:1196  [config] running on machine: 348ae289e17b
I200320 18:58:07.547776 1 util/log/clog.go:1196  [config] binary: CockroachDB CCL v19.2.4 (x86_64-unknown-linux-gnu, built 2020/02/06 21:55:19, go1.12.12)
I200320 18:58:07.547776 1 util/log/clog.go:1196  [config] arguments: [/cockroach/cockroach start --insecure --join=node_1]
I200320 18:58:07.547776 1 util/log/clog.go:1196  line format: [IWEF]yymmdd hh:mm:ss.uuuuuu goid file:line msg utf8=✓
I200320 18:58:07.547764 1 cli/start.go:1144  logging to directory /cockroach/cockroach-data/logs
W200320 18:58:07.553539 1 cli/start.go:1182  RUNNING IN INSECURE MODE!

- Your cluster is open for any client that can access <all your IP addresses>.
- Any user, even root, can log in without providing a password.
- Any user, connecting as root, can read or write any data in your cluster.
- There is no network encryption nor authentication, and thus no confidentiality.

Check out how to secure your cluster: https://www.cockroachlabs.com/docs/v19.2/secure-a-cluster.html
I200320 18:58:07.554793 1 server/status/recorder.go:597  available memory from cgroups is unsupported, using system memory 1.9 GiB instead: failed to find cgroup memory limit
W200320 18:58:07.554941 1 cli/start.go:1052  Using the default setting for --cache (128 MiB).
  A significantly larger value is usually needed for good performance.
  If you have a dedicated server a reasonable setting is --cache=.25 (497 MiB).
I200320 18:58:07.555445 1 server/status/recorder.go:597  available memory from cgroups is unsupported, using system memory 1.9 GiB instead: failed to find cgroup memory limit
W200320 18:58:07.555487 1 cli/start.go:1065  Using the default setting for --max-sql-memory (128 MiB).
  A significantly larger value is usually needed in production.
  If you have a dedicated server a reasonable setting is --max-sql-memory=.25 (497 MiB).
I200320 18:58:07.555760 1 server/status/recorder.go:597  available memory from cgroups is unsupported, using system memory 1.9 GiB instead: failed to find cgroup memory limit
I200320 18:58:07.555799 1 cli/start.go:1196  CockroachDB CCL v19.2.4 (x86_64-unknown-linux-gnu, built 2020/02/06 21:55:19, go1.12.12)
I200320 18:58:07.707002 1 server/status/recorder.go:597  available memory from cgroups is unsupported, using system memory 1.9 GiB instead: failed to find cgroup memory limit
I200320 18:58:07.707050 1 server/config.go:394  system total memory: 1.9 GiB
I200320 18:58:07.707108 1 server/config.go:396  server configuration:
max offset             500000000
cache size             128 MiB
SQL memory pool size   128 MiB
scan interval          10m0s
scan min idle time     10ms
scan max idle time     1s
event log enabled      true
I200320 18:58:07.707150 1 cli/start.go:1030  using local environment variables: COCKROACH_USER=root, COCKROACH_CHANNEL=official-docker
I200320 18:58:07.707186 1 cli/start.go:1037  process identity: uid 0 euid 0 gid 0 egid 0
I200320 18:58:07.707275 1 cli/start.go:644  starting cockroach node
I200320 18:58:07.710698 42 storage/engine/rocksdb.go:622  opening rocksdb instance at "/cockroach/cockroach-data/cockroach-temp719778285"
I200320 18:58:07.823489 42 server/server.go:928  [n?] monitoring forward clock jumps based on server.clock.forward_jump_check_enabled
I200320 18:58:07.827933 42 storage/engine/rocksdb.go:622  opening rocksdb instance at "/cockroach/cockroach-data"
I200320 18:58:07.920341 42 server/config.go:502  [n?] 1 storage engine initialized
I200320 18:58:07.920390 42 server/config.go:505  [n?] RocksDB cache size: 128 MiB
I200320 18:58:07.920422 42 server/config.go:505  [n?] store 0: RocksDB, max size 0 B, max open file limit 1043576
W200320 18:58:07.935977 42 gossip/gossip.go:1517  [n?] no incoming or outgoing connections
I200320 18:58:07.936709 42 server/server.go:1386  [n?] no stores bootstrapped and --join flag specified, awaiting init command or join with an already initialized node.
I200320 18:58:07.941437 100 gossip/client.go:124  [n?] started gossip client to node_1:26257
I200320 18:58:07.941736 108 gossip/server.go:227  [n?] received initial cluster-verification connection from 348ae289e17b:26257
I200320 18:58:07.941881 100 gossip/client.go:131  [n?] closing client to node_1:26257: stopping outgoing client to n0 (node_1:26257); loopback connection
I200320 18:58:08.906360 112 gossip/client.go:124  [n?] started gossip client to node_1:26257
I200320 18:58:08.907489 56 gossip/server.go:227  [n?] received initial cluster-verification connection from 348ae289e17b:26257
I200320 18:58:08.908088 112 gossip/client.go:131  [n?] closing client to node_1:26257: stopping outgoing client to n0 (node_1:26257); loopback connection
W200320 18:58:09.907315 99 cli/start.go:996  neither --listen-addr nor --advertise-addr was specified.
The server will advertise "348ae289e17b" to other nodes, is this routable?

Consider using:
- for local-only servers:  --listen-addr=localhost
- for multi-node clusters: --advertise-addr=<host/IP addr>
I200320 18:58:09.907437 99 cli/start.go:603  initial startup completed.
Node will now attempt to join a running cluster, or wait for `cockroach init`.
Client connections will be accepted after this completes successfully.
Check the log file(s) for progress. 
I200320 18:58:09.910868 33 gossip/client.go:124  [n?] started gossip client to node_1:26257
I200320 18:58:09.913066 123 gossip/server.go:227  [n?] received initial cluster-verification connection from 348ae289e17b:26257
I200320 18:58:09.913945 33 gossip/client.go:131  [n?] closing client to node_1:26257: stopping outgoing client to n0 (node_1:26257); loopback connection
I200320 18:58:10.912465 57 gossip/client.go:124  [n?] started gossip client to node_1:26257
I200320 18:58:10.913309 148 gossip/server.go:227  [n?] received initial cluster-verification connection from 348ae289e17b:26257
I200320 18:58:10.913480 57 gossip/client.go:131  [n?] closing client to node_1:26257: stopping outgoing client to n0 (node_1:26257); loopback connection
I200320 18:58:11.917225 127 gossip/client.go:124  [n?] started gossip client to node_1:26257
I200320 18:58:11.917918 163 gossip/server.go:227  [n?] received initial cluster-verification connection from 348ae289e17b:26257
I200320 18:58:11.918222 127 gossip/client.go:131  [n?] closing client to node_1:26257: stopping outgoing client to n0 (node_1:26257); loopback connection
I200320 18:58:12.921443 139 gossip/client.go:124  [n?] started gossip client to node_1:26257
I200320 18:58:12.922034 150 gossip/server.go:227  [n?] received initial cluster-verification connection from 348ae289e17b:26257
I200320 18:58:12.923022 139 gossip/client.go:131  [n?] closing client to node_1:26257: stopping outgoing client to n0 (node_1:26257); loopback connection
I200320 18:58:13.926211 145 gossip/client.go:124  [n?] started gossip client to node_1:26257
I200320 18:58:13.927016 60 gossip/server.go:227  [n?] received initial cluster-verification connection from 348ae289e17b:26257
I200320 18:58:13.927481 145 gossip/client.go:131  [n?] closing client to node_1:26257: stopping outgoing client to n0 (node_1:26257); loopback connection
I200320 18:58:14.931615 155 gossip/client.go:124  [n?] started gossip client to node_1:26257
I200320 18:58:14.932119 181 gossip/server.go:227  [n?] received initial cluster-verification connection from 348ae289e17b:26257
I200320 18:58:14.932702 155 gossip/client.go:131  [n?] closing client to node_1:26257: stopping outgoing client to n0 (node_1:26257); loopback connection
I200320 18:58:15.941002 61 gossip/client.go:124  [n?] started gossip client to node_1:26257
I200320 18:58:15.942323 159 gossip/server.go:227  [n?] received initial cluster-verification connection from 348ae289e17b:26257
I200320 18:58:15.942555 61 gossip/client.go:131  [n?] closing client to node_1:26257: stopping outgoing client to n0 (node_1:26257); loopback connection
I200320 18:58:16.945737 65 gossip/client.go:124  [n?] started gossip client to node_1:26257
I200320 18:58:16.946331 196 gossip/server.go:227  [n?] received initial cluster-verification connection from 348ae289e17b:26257
I200320 18:58:16.946533 65 gossip/client.go:131  [n?] closing client to node_1:26257: stopping outgoing client to n0 (node_1:26257); loopback connection
I200320 18:58:17.950662 168 gossip/client.go:124  [n?] started gossip client to node_1:26257
I200320 18:58:17.951555 183 gossip/server.go:227  [n?] received initial cluster-verification connection from 348ae289e17b:26257
I200320 18:58:17.952262 168 gossip/client.go:131  [n?] closing client to node_1:26257: stopping outgoing client to n0 (node_1:26257); loopback connection
I200320 18:58:18.957563 197 gossip/client.go:124  [n?] started gossip client to node_1:26257
I200320 18:58:18.958511 218 gossip/server.go:227  [n?] received initial cluster-verification connection from 348ae289e17b:26257
I200320 18:58:18.958783 197 gossip/client.go:131  [n?] closing client to node_1:26257: stopping outgoing client to n0 (node_1:26257); loopback connection
I200320 18:58:19.965420 220 gossip/client.go:124  [n?] started gossip client to node_1:26257
I200320 18:58:19.966159 201 gossip/server.go:227  [n?] received initial cluster-verification connection from 348ae289e17b:26257
I200320 18:58:19.966942 220 gossip/client.go:131  [n?] closing client to node_1:26257: stopping outgoing client to n0 (node_1:26257); loopback connection
I200320 18:58:20.966772 172 gossip/client.go:124  [n?] started gossip client to node_1:26257
I200320 18:58:20.967210 176 gossip/server.go:227  [n?] received initial cluster-verification connection from 348ae289e17b:26257
I200320 18:58:20.967377 172 gossip/client.go:131  [n?] closing client to node_1:26257: stopping outgoing client to n0 (node_1:26257); loopback connection
I200320 18:58:21.971879 190 gossip/client.go:124  [n?] started gossip client to node_1:26257
I200320 18:58:21.972316 226 gossip/server.go:227  [n?] received initial cluster-verification connection from 348ae289e17b:26257
I200320 18:58:21.972998 190 gossip/client.go:131  [n?] closing client to node_1:26257: stopping outgoing client to n0 (node_1:26257); loopback connection
I200320 18:58:22.974464 227 gossip/client.go:124  [n?] started gossip client to node_1:26257
I200320 18:58:22.975420 231 gossip/server.go:227  [n?] received initial cluster-verification connection from 348ae289e17b:26257
I200320 18:58:22.976050 227 gossip/client.go:131  [n?] closing client to node_1:26257: stopping outgoing client to n0 (node_1:26257); loopback connection
I200320 18:58:23.981171 235 gossip/client.go:124  [n?] started gossip client to node_1:26257
I200320 18:58:23.981613 206 gossip/server.go:227  [n?] received initial cluster-verification connection from 348ae289e17b:26257
I200320 18:58:23.982012 235 gossip/client.go:131  [n?] closing client to node_1:26257: stopping outgoing client to n0 (node_1:26257); loopback connection
I200320 18:58:24.987122 238 gossip/client.go:124  [n?] started gossip client to node_1:26257
I200320 18:58:24.988898 223 gossip/server.go:227  [n?] received initial cluster-verification connection from 348ae289e17b:26257
I200320 18:58:24.989312 238 gossip/client.go:131  [n?] closing client to node_1:26257: stopping outgoing client to n0 (node_1:26257); loopback connection
I200320 18:58:25.992148 224 gossip/client.go:124  [n?] started gossip client to node_1:26257
I200320 18:58:25.992944 276 gossip/server.go:227  [n?] received initial cluster-verification connection from 348ae289e17b:26257
I200320 18:58:25.993307 224 gossip/client.go:131  [n?] closing client to node_1:26257: stopping outgoing client to n0 (node_1:26257); loopback connection
I200320 18:58:26.997895 250 gossip/client.go:124  [n?] started gossip client to node_1:26257
I200320 18:58:27.000420 261 gossip/server.go:227  [n?] received initial cluster-verification connection from 348ae289e17b:26257
I200320 18:58:27.000921 250 gossip/client.go:131  [n?] closing client to node_1:26257: stopping outgoing client to n0 (node_1:26257); loopback connection
I200320 18:58:28.001033 265 gossip/client.go:124  [n?] started gossip client to node_1:26257
I200320 18:58:28.002081 269 gossip/server.go:227  [n?] received initial cluster-verification connection from 348ae289e17b:26257
I200320 18:58:28.002712 265 gossip/client.go:131  [n?] closing client to node_1:26257: stopping outgoing client to n0 (node_1:26257); loopback connection
I200320 18:58:29.005050 280 gossip/client.go:124  [n?] started gossip client to node_1:26257
I200320 18:58:29.005599 253 gossip/server.go:227  [n?] received initial cluster-verification connection from 348ae289e17b:26257
I200320 18:58:29.006501 280 gossip/client.go:131  [n?] closing client to node_1:26257: stopping outgoing client to n0 (node_1:26257); loopback connection
I200320 18:58:30.008465 254 gossip/client.go:124  [n?] started gossip client to node_1:26257
I200320 18:58:30.009191 291 gossip/server.go:227  [n?] received initial cluster-verification connection from 348ae289e17b:26257
I200320 18:58:30.009995 254 gossip/client.go:131  [n?] closing client to node_1:26257: stopping outgoing client to n0 (node_1:26257); loopback connection
I200320 18:58:31.011945 286 gossip/client.go:124  [n?] started gossip client to node_1:26257
I200320 18:58:31.013160 288 gossip/server.go:227  [n?] received initial cluster-verification connection from 348ae289e17b:26257
I200320 18:58:31.013919 286 gossip/client.go:131  [n?] closing client to node_1:26257: stopping outgoing client to n0 (node_1:26257); loopback connection
I200320 18:58:32.016486 300 gossip/client.go:124  [n?] started gossip client to node_1:26257
I200320 18:58:32.018424 306 gossip/server.go:227  [n?] received initial cluster-verification connection from 348ae289e17b:26257
I200320 18:58:32.018785 300 gossip/client.go:131  [n?] closing client to node_1:26257: stopping outgoing client to n0 (node_1:26257); loopback connection
I200320 18:58:33.021589 323 gossip/client.go:124  [n?] started gossip client to node_1:26257
I200320 18:58:33.022232 209 gossip/server.go:227  [n?] received initial cluster-verification connection from 348ae289e17b:26257
I200320 18:58:33.022541 323 gossip/client.go:131  [n?] closing client to node_1:26257: stopping outgoing client to n0 (node_1:26257); loopback connection
I200320 18:58:34.026434 326 gossip/client.go:124  [n?] started gossip client to node_1:26257
I200320 18:58:34.026891 339 gossip/server.go:227  [n?] received initial cluster-verification connection from 348ae289e17b:26257
I200320 18:58:34.027305 326 gossip/client.go:131  [n?] closing client to node_1:26257: stopping outgoing client to n0 (node_1:26257); loopback connection
I200320 18:58:35.033507 358 gossip/client.go:124  [n?] started gossip client to node_1:26257
I200320 18:58:35.034237 362 gossip/server.go:227  [n?] received initial cluster-verification connection from 348ae289e17b:26257
I200320 18:58:35.035302 358 gossip/client.go:131  [n?] closing client to node_1:26257: stopping outgoing client to n0 (node_1:26257); loopback connection
I200320 18:58:36.036070 332 gossip/client.go:124  [n?] started gossip client to node_1:26257
I200320 18:58:36.037032 310 gossip/server.go:227  [n?] received initial cluster-verification connection from 348ae289e17b:26257
I200320 18:58:36.037518 332 gossip/client.go:131  [n?] closing client to node_1:26257: stopping outgoing client to n0 (node_1:26257); loopback connection
I200320 18:58:37.040456 336 gossip/client.go:124  [n?] started gossip client to node_1:26257
I200320 18:58:37.041545 343 gossip/server.go:227  [n?] received initial cluster-verification connection from 348ae289e17b:26257
I200320 18:58:37.042474 336 gossip/client.go:131  [n?] closing client to node_1:26257: stopping outgoing client to n0 (node_1:26257); loopback connection
W200320 18:58:37.900198 371 cli/start.go:634  The server appears to be unable to contact the other nodes in the cluster. Please try:

- starting the other nodes, if you haven't already;
- double-checking that the '--join' and '--listen'/'--advertise' flags are set up correctly;
- running the 'cockroach init' command if you are trying to initialize a new cluster.

If problems persist, please see https://www.cockroachlabs.com/docs/v19.2/cluster-setup-troubleshooting.html.
I200320 18:58:38.042311 366 gossip/client.go:124  [n?] started gossip client to node_1:26257
I200320 18:58:38.043082 369 gossip/server.go:227  [n?] received initial cluster-verification connection from 348ae289e17b:26257
I200320 18:58:38.043370 366 gossip/client.go:131  [n?] closing client to node_1:26257: stopping outgoing client to n0 (node_1:26257); loopback connection
I200320 18:58:39.008447 311 gossip/client.go:124  [n?] started gossip client to node_1:26257
I200320 18:58:39.009133 315 gossip/server.go:227  [n?] received initial cluster-verification connection from 348ae289e17b:26257
I200320 18:58:39.009410 311 gossip/client.go:131  [n?] closing client to node_1:26257: stopping outgoing client to n0 (node_1:26257); loopback connection
I200320 18:58:40.015565 348 gossip/client.go:124  [n?] started gossip client to node_1:26257
I200320 18:58:40.016233 351 gossip/server.go:227  [n?] received initial cluster-verification connection from 348ae289e17b:26257
I200320 18:58:40.016582 348 gossip/client.go:131  [n?] closing client to node_1:26257: stopping outgoing client to n0 (node_1:26257); loopback connection
I200320 18:58:41.019736 403 gossip/client.go:124  [n?] started gossip client to node_1:26257
I200320 18:58:41.020365 391 gossip/server.go:227  [n?] received initial cluster-verification connection from 348ae289e17b:26257
I200320 18:58:41.020785 403 gossip/client.go:131  [n?] closing client to node_1:26257: stopping outgoing client to n0 (node_1:26257); loopback connection
I200320 18:58:42.023337 392 gossip/client.go:124  [n?] started gossip client to node_1:26257
I200320 18:58:42.024402 377 gossip/server.go:227  [n?] received initial cluster-verification connection from 348ae289e17b:26257
I200320 18:58:42.024906 392 gossip/client.go:131  [n?] closing client to node_1:26257: stopping outgoing client to n0 (node_1:26257); loopback connection
I200320 18:58:43.027886 378 gossip/client.go:124  [n?] started gossip client to node_1:26257
I200320 18:58:43.028441 318 gossip/server.go:227  [n?] received initial cluster-verification connection from 348ae289e17b:26257
I200320 18:58:43.028978 378 gossip/client.go:131  [n?] closing client to node_1:26257: stopping outgoing client to n0 (node_1:26257); loopback connection
I200320 18:58:44.030677 384 gossip/client.go:124  [n?] started gossip client to node_1:26257
I200320 18:58:44.031037 399 gossip/server.go:227  [n?] received initial cluster-verification connection from 348ae289e17b:26257
I200320 18:58:44.031576 384 gossip/client.go:131  [n?] closing client to node_1:26257: stopping outgoing client to n0 (node_1:26257); loopback connection
I200320 18:58:45.033391 435 gossip/client.go:124  [n?] started gossip client to node_1:26257
I200320 18:58:45.033953 420 gossip/server.go:227  [n?] received initial cluster-verification connection from 348ae289e17b:26257
I200320 18:58:45.034239 435 gossip/client.go:131  [n?] closing client to node_1:26257: stopping outgoing client to n0 (node_1:26257); loopback connection
I200320 18:58:46.037518 407 gossip/client.go:124  [n?] started gossip client to node_1:26257
I200320 18:58:46.038414 439 gossip/server.go:227  [n?] received initial cluster-verification connection from 348ae289e17b:26257
I200320 18:58:46.039188 407 gossip/client.go:131  [n?] closing client to node_1:26257: stopping outgoing client to n0 (node_1:26257); loopback connection
I200320 18:58:47.043406 424 gossip/client.go:124  [n?] started gossip client to node_1:26257
I200320 18:58:47.044172 444 gossip/server.go:227  [n?] received initial cluster-verification connection from 348ae289e17b:26257
I200320 18:58:47.045102 424 gossip/client.go:131  [n?] closing client to node_1:26257: stopping outgoing client to n0 (node_1:26257); loopback connection
I200320 18:58:48.049363 451 gossip/client.go:124  [n?] started gossip client to node_1:26257
I200320 18:58:48.050213 428 gossip/server.go:227  [n?] received initial cluster-verification connection from 348ae289e17b:26257
I200320 18:58:48.050788 451 gossip/client.go:131  [n?] closing client to node_1:26257: stopping outgoing client to n0 (node_1:26257); loopback connection
I200320 18:58:49.055788 466 gossip/client.go:124  [n?] started gossip client to node_1:26257
I200320 18:58:49.057132 429 gossip/server.go:227  [n?] received initial cluster-verification connection from 348ae289e17b:26257
I200320 18:58:49.057678 466 gossip/client.go:131  [n?] closing client to node_1:26257: stopping outgoing client to n0 (node_1:26257); loopback connection
I200320 18:58:50.068207 470 gossip/client.go:124  [n?] started gossip client to node_1:26257
I200320 18:58:50.069062 453 gossip/server.go:227  [n?] received initial cluster-verification connection from 348ae289e17b:26257
I200320 18:58:50.069749 470 gossip/client.go:131  [n?] closing client to node_1:26257: stopping outgoing client to n0 (node_1:26257); loopback connection
I200320 18:58:51.074337 485 gossip/client.go:124  [n?] started gossip client to node_1:26257
I200320 18:58:51.075188 489 gossip/server.go:227  [n?] received initial cluster-verification connection from 348ae289e17b:26257
I200320 18:58:51.075710 485 gossip/client.go:131  [n?] closing client to node_1:26257: stopping outgoing client to n0 (node_1:26257); loopback connection
I200320 18:58:52.076930 454 gossip/client.go:124  [n?] started gossip client to node_1:26257
I200320 18:58:52.077221 458 gossip/server.go:227  [n?] received initial cluster-verification connection from 348ae289e17b:26257
I200320 18:58:52.077524 454 gossip/client.go:131  [n?] closing client to node_1:26257: stopping outgoing client to n0 (node_1:26257); loopback connection
I200320 18:58:53.085814 459 gossip/client.go:124  [n?] started gossip client to node_1:26257
I200320 18:58:53.086649 411 gossip/server.go:227  [n?] received initial cluster-verification connection from 348ae289e17b:26257
I200320 18:58:53.087394 459 gossip/client.go:131  [n?] closing client to node_1:26257: stopping outgoing client to n0 (node_1:26257); loopback connection
I200320 18:58:54.091982 491 gossip/client.go:124  [n?] started gossip client to node_1:26257
I200320 18:58:54.092551 498 gossip/server.go:227  [n?] received initial cluster-verification connection from 348ae289e17b:26257
I200320 18:58:54.093076 491 gossip/client.go:131  [n?] closing client to node_1:26257: stopping outgoing client to n0 (node_1:26257); loopback connection
I200320 18:58:55.096416 463 gossip/client.go:124  [n?] started gossip client to node_1:26257
I200320 18:58:55.097224 500 gossip/server.go:227  [n?] received initial cluster-verification connection from 348ae289e17b:26257
I200320 18:58:55.098824 463 gossip/client.go:131  [n?] closing client to node_1:26257: stopping outgoing client to n0 (node_1:26257); loopback connection
I200320 18:58:56.098744 415 gossip/client.go:124  [n?] started gossip client to node_1:26257
I200320 18:58:56.099216 515 gossip/server.go:227  [n?] received initial cluster-verification connection from 348ae289e17b:26257
I200320 18:58:56.099711 415 gossip/client.go:131  [n?] closing client to node_1:26257: stopping outgoing client to n0 (node_1:26257); loopback connection
I200320 18:58:57.106701 504 gossip/client.go:124  [n?] started gossip client to node_1:26257
I200320 18:58:57.107144 517 gossip/server.go:227  [n?] received initial cluster-verification connection from 348ae289e17b:26257
I200320 18:58:57.108010 504 gossip/client.go:131  [n?] closing client to node_1:26257: stopping outgoing client to n0 (node_1:26257); loopback connection
I200320 18:58:58.112425 533 gossip/client.go:124  [n?] started gossip client to node_1:26257
I200320 18:58:58.113272 537 gossip/server.go:227  [n?] received initial cluster-verification connection from 348ae289e17b:26257
I200320 18:58:58.113738 533 gossip/client.go:131  [n?] closing client to node_1:26257: stopping outgoing client to n0 (node_1:26257); loopback connection
I200320 18:58:59.116093 511 gossip/client.go:124  [n?] started gossip client to node_1:26257
I200320 18:58:59.119015 539 gossip/server.go:227  [n?] received initial cluster-verification connection from 348ae289e17b:26257
I200320 18:58:59.119691 511 gossip/client.go:131  [n?] closing client to node_1:26257: stopping outgoing client to n0 (node_1:26257); loopback connection
I200320 18:59:00.120807 540 gossip/client.go:124  [n?] started gossip client to node_1:26257
I200320 18:59:00.121406 547 gossip/server.go:227  [n?] received initial cluster-verification connection from 348ae289e17b:26257
I200320 18:59:00.121945 540 gossip/client.go:131  [n?] closing client to node_1:26257: stopping outgoing client to n0 (node_1:26257); loopback connection
I200320 18:59:01.125144 562 gossip/client.go:124  [n?] started gossip client to node_1:26257
I200320 18:59:01.126172 549 gossip/server.go:227  [n?] received initial cluster-verification connection from 348ae289e17b:26257
I200320 18:59:01.126878 562 gossip/client.go:131  [n?] closing client to node_1:26257: stopping outgoing client to n0 (node_1:26257); loopback connection
I200320 18:59:02.129797 582 gossip/client.go:124  [n?] started gossip client to node_1:26257
I200320 18:59:02.130371 522 gossip/server.go:227  [n?] received initial cluster-verification connection from 348ae289e17b:26257
I200320 18:59:02.131074 582 gossip/client.go:131  [n?] closing client to node_1:26257: stopping outgoing client to n0 (node_1:26257); loopback connection
I200320 18:59:03.134025 585 gossip/client.go:124  [n?] started gossip client to node_1:26257
I200320 18:59:03.135692 587 gossip/server.go:227  [n?] received initial cluster-verification connection from 348ae289e17b:26257
I200320 18:59:03.136008 585 gossip/client.go:131  [n?] closing client to node_1:26257: stopping outgoing client to n0 (node_1:26257); loopback connection
I200320 18:59:04.139078 565 gossip/client.go:124  [n?] started gossip client to node_1:26257
I200320 18:59:04.139939 524 gossip/server.go:227  [n?] received initial cluster-verification connection from 348ae289e17b:26257
I200320 18:59:04.141018 565 gossip/client.go:131  [n?] closing client to node_1:26257: stopping outgoing client to n0 (node_1:26257); loopback connection
I200320 18:59:05.144996 528 gossip/client.go:124  [n?] started gossip client to node_1:26257
I200320 18:59:05.145661 569 gossip/server.go:227  [n?] received initial cluster-verification connection from 348ae289e17b:26257
I200320 18:59:05.146143 528 gossip/client.go:131  [n?] closing client to node_1:26257: stopping outgoing client to n0 (node_1:26257); loopback connection
I200320 18:59:06.150438 588 gossip/client.go:124  [n?] started gossip client to node_1:26257
I200320 18:59:06.151147 571 gossip/server.go:227  [n?] received initial cluster-verification connection from 348ae289e17b:26257
I200320 18:59:06.151539 588 gossip/client.go:131  [n?] closing client to node_1:26257: stopping outgoing client to n0 (node_1:26257); loopback connection
I200320 18:59:07.156450 572 gossip/client.go:124  [n?] started gossip client to node_1:26257
I200320 18:59:07.157699 576 gossip/server.go:227  [n?] received initial cluster-verification connection from 348ae289e17b:26257
I200320 18:59:07.158800 572 gossip/client.go:131  [n?] closing client to node_1:26257: stopping outgoing client to n0 (node_1:26257); loopback connection
I200320 18:59:08.164603 614 gossip/client.go:124  [n?] started gossip client to node_1:26257
I200320 18:59:08.164936 626 gossip/server.go:227  [n?] received initial cluster-verification connection from 348ae289e17b:26257
I200320 18:59:08.165820 614 gossip/client.go:131  [n?] closing client to node_1:26257: stopping outgoing client to n0 (node_1:26257); loopback connection
I200320 18:59:09.136942 645 gossip/client.go:124  [n?] started gossip client to node_1:26257
I200320 18:59:09.137990 628 gossip/server.go:227  [n?] received initial cluster-verification connection from 348ae289e17b:26257
I200320 18:59:09.138676 645 gossip/client.go:131  [n?] closing client to node_1:26257: stopping outgoing client to n0 (node_1:26257); loopback connection
I200320 18:59:10.141512 597 gossip/client.go:124  [n?] started gossip client to node_1:26257
I200320 18:59:10.141973 618 gossip/server.go:227  [n?] received initial cluster-verification connection from 348ae289e17b:26257
I200320 18:59:10.142564 597 gossip/client.go:131  [n?] closing client to node_1:26257: stopping outgoing client to n0 (node_1:26257); loopback connection
I200320 18:59:11.146851 623 gossip/client.go:124  [n?] started gossip client to node_1:26257
I200320 18:59:11.147876 650 gossip/server.go:227  [n?] received initial cluster-verification connection from 348ae289e17b:26257
I200320 18:59:11.148287 623 gossip/client.go:131  [n?] closing client to node_1:26257: stopping outgoing client to n0 (node_1:26257); loopback connection
I200320 18:59:12.151947 661 gossip/client.go:124  [n?] started gossip client to node_1:26257
I200320 18:59:12.152841 630 gossip/server.go:227  [n?] received initial cluster-verification connection from 348ae289e17b:26257
I200320 18:59:12.153544 661 gossip/client.go:131  [n?] closing client to node_1:26257: stopping outgoing client to n0 (node_1:26257); loopback connection
I200320 18:59:13.157286 651 gossip/client.go:124  [n?] started gossip client to node_1:26257
I200320 18:59:13.158250 632 gossip/server.go:227  [n?] received initial cluster-verification connection from 348ae289e17b:26257
I200320 18:59:13.158783 651 gossip/client.go:131  [n?] closing client to node_1:26257: stopping outgoing client to n0 (node_1:26257); loopback connection
I200320 18:59:14.161957 654 gossip/client.go:124  [n?] started gossip client to node_1:26257
I200320 18:59:14.162739 606 gossip/server.go:227  [n?] received initial cluster-verification connection from 348ae289e17b:26257
I200320 18:59:14.163366 654 gossip/client.go:131  [n?] closing client to node_1:26257: stopping outgoing client to n0 (node_1:26257); loopback connection
I200320 18:59:15.169691 607 gossip/client.go:124  [n?] started gossip client to node_1:26257
I200320 18:59:15.170363 666 gossip/server.go:227  [n?] received initial cluster-verification connection from 348ae289e17b:26257
I200320 18:59:15.170840 607 gossip/client.go:131  [n?] closing client to node_1:26257: stopping outgoing client to n0 (node_1:26257); loopback connection
I200320 18:59:16.171836 676 gossip/client.go:124  [n?] started gossip client to node_1:26257
I200320 18:59:16.173140 680 gossip/server.go:227  [n?] received initial cluster-verification connection from 348ae289e17b:26257
I200320 18:59:16.174042 676 gossip/client.go:131  [n?] closing client to node_1:26257: stopping outgoing client to n0 (node_1:26257); loopback connection
I200320 18:59:17.179566 667 gossip/client.go:124  [n?] started gossip client to node_1:26257
I200320 18:59:17.179892 638 gossip/server.go:227  [n?] received initial cluster-verification connection from 348ae289e17b:26257
I200320 18:59:17.180220 667 gossip/client.go:131  [n?] closing client to node_1:26257: stopping outgoing client to n0 (node_1:26257); loopback connection
I200320 18:59:18.182466 684 gossip/client.go:124  [n?] started gossip client to node_1:26257
I200320 18:59:18.182818 695 gossip/server.go:227  [n?] received initial cluster-verification connection from 348ae289e17b:26257
I200320 18:59:18.183413 684 gossip/client.go:131  [n?] closing client to node_1:26257: stopping outgoing client to n0 (node_1:26257); loopback connection
I200320 18:59:19.185325 706 gossip/client.go:124  [n?] started gossip client to node_1:26257
I200320 18:59:19.185481 640 gossip/server.go:227  [n?] received initial cluster-verification connection from 348ae289e17b:26257
I200320 18:59:19.185705 706 gossip/client.go:131  [n?] closing client to node_1:26257: stopping outgoing client to n0 (node_1:26257); loopback connection
I200320 18:59:20.187822 713 gossip/client.go:124  [n?] started gossip client to node_1:26257
I200320 18:59:20.188481 715 gossip/server.go:227  [n?] received initial cluster-verification connection from 348ae289e17b:26257
I200320 18:59:20.188687 713 gossip/client.go:131  [n?] closing client to node_1:26257: stopping outgoing client to n0 (node_1:26257); loopback connection
I200320 18:59:21.191874 719 gossip/client.go:124  [n?] started gossip client to node_1:26257
I200320 18:59:21.192695 697 gossip/server.go:227  [n?] received initial cluster-verification connection from 348ae289e17b:26257
I200320 18:59:21.193377 719 gossip/client.go:131  [n?] closing client to node_1:26257: stopping outgoing client to n0 (node_1:26257); loopback connection
I200320 18:59:22.197243 701 gossip/client.go:124  [n?] started gossip client to node_1:26257
I200320 18:59:22.197784 673 gossip/server.go:227  [n?] received initial cluster-verification connection from 348ae289e17b:26257
I200320 18:59:22.198321 701 gossip/client.go:131  [n?] closing client to node_1:26257: stopping outgoing client to n0 (node_1:26257); loopback connection
I200320 18:59:23.202547 754 gossip/client.go:124  [n?] started gossip client to node_1:26257
I200320 18:59:23.203701 703 gossip/server.go:227  [n?] received initial cluster-verification connection from 348ae289e17b:26257
I200320 18:59:23.204190 754 gossip/client.go:131  [n?] closing client to node_1:26257: stopping outgoing client to n0 (node_1:26257); loopback connection
I200320 18:59:24.208003 757 gossip/client.go:124  [n?] started gossip client to node_1:26257
I200320 18:59:24.210029 725 gossip/server.go:227  [n?] received initial cluster-verification connection from 348ae289e17b:26257
I200320 18:59:24.210232 757 gossip/client.go:131  [n?] closing client to node_1:26257: stopping outgoing client to n0 (node_1:26257); loopback connection
I200320 18:59:25.216521 763 gossip/client.go:124  [n?] started gossip client to node_1:26257
I200320 18:59:25.218688 745 gossip/server.go:227  [n?] received initial cluster-verification connection from 348ae289e17b:26257
I200320 18:59:25.219363 763 gossip/client.go:131  [n?] closing client to node_1:26257: stopping outgoing client to n0 (node_1:26257); loopback connection
I200320 18:59:26.224027 747 gossip/server.go:227  [n?] received initial cluster-verification connection from 348ae289e17b:26257
I200320 18:59:26.224451 770 gossip/client.go:124  [n?] started gossip client to node_1:26257
I200320 18:59:26.224946 770 gossip/client.go:131  [n?] closing client to node_1:26257: stopping outgoing client to n0 (node_1:26257); loopback connection
I200320 18:59:27.225587 776 gossip/client.go:124  [n?] started gossip client to node_1:26257
I200320 18:59:27.226027 727 gossip/server.go:227  [n?] received initial cluster-verification connection from 348ae289e17b:26257
I200320 18:59:27.226497 776 gossip/client.go:131  [n?] closing client to node_1:26257: stopping outgoing client to n0 (node_1:26257); loopback connection
I200320 18:59:28.232421 779 gossip/client.go:124  [n?] started gossip client to node_1:26257
I200320 18:59:28.233234 783 gossip/server.go:227  [n?] received initial cluster-verification connection from 348ae289e17b:26257
I200320 18:59:28.233735 779 gossip/client.go:131  [n?] closing client to node_1:26257: stopping outgoing client to n0 (node_1:26257); loopback connection
I200320 18:59:29.236381 787 gossip/client.go:124  [n?] started gossip client to node_1:26257
I200320 18:59:29.237040 791 gossip/server.go:227  [n?] received initial cluster-verification connection from 348ae289e17b:26257
I200320 18:59:29.237618 787 gossip/client.go:131  [n?] closing client to node_1:26257: stopping outgoing client to n0 (node_1:26257); loopback connection
I200320 18:59:30.242650 784 gossip/client.go:124  [n?] started gossip client to node_1:26257
I200320 18:59:30.243298 804 gossip/server.go:227  [n?] received initial cluster-verification connection from 348ae289e17b:26257
I200320 18:59:30.243695 784 gossip/client.go:131  [n?] closing client to node_1:26257: stopping outgoing client to n0 (node_1:26257); loopback connection
I200320 18:59:31.250698 808 gossip/client.go:124  [n?] started gossip client to node_1:26257
I200320 18:59:31.251041 796 gossip/server.go:227  [n?] received initial cluster-verification connection from 348ae289e17b:26257
I200320 18:59:31.251456 808 gossip/client.go:131  [n?] closing client to node_1:26257: stopping outgoing client to n0 (node_1:26257); loopback connection
I200320 18:59:32.256124 798 gossip/client.go:124  [n?] started gossip client to node_1:26257
I200320 18:59:32.257255 815 gossip/server.go:227  [n?] received initial cluster-verification connection from 348ae289e17b:26257
I200320 18:59:32.257736 798 gossip/client.go:131  [n?] closing client to node_1:26257: stopping outgoing client to n0 (node_1:26257); loopback connection
I200320 18:59:33.257889 819 gossip/client.go:124  [n?] started gossip client to node_1:26257
I200320 18:59:33.258353 834 gossip/server.go:227  [n?] received initial cluster-verification connection from 348ae289e17b:26257
I200320 18:59:33.258672 819 gossip/client.go:131  [n?] closing client to node_1:26257: stopping outgoing client to n0 (node_1:26257); loopback connection
I200320 18:59:34.268329 732 gossip/client.go:124  [n?] started gossip client to node_1:26257
I200320 18:59:34.268904 823 gossip/server.go:227  [n?] received initial cluster-verification connection from 348ae289e17b:26257
I200320 18:59:34.269574 732 gossip/client.go:131  [n?] closing client to node_1:26257: stopping outgoing client to n0 (node_1:26257); loopback connection
I200320 18:59:35.273881 749 gossip/client.go:124  [n?] started gossip client to node_1:26257
I200320 18:59:35.274726 753 gossip/server.go:227  [n?] received initial cluster-verification connection from 348ae289e17b:26257
I200320 18:59:35.275834 749 gossip/client.go:131  [n?] closing client to node_1:26257: stopping outgoing client to n0 (node_1:26257); loopback connection
I200320 18:59:36.277746 735 gossip/client.go:124  [n?] started gossip client to node_1:26257
I200320 18:59:36.278879 851 gossip/server.go:227  [n?] received initial cluster-verification connection from 348ae289e17b:26257
I200320 18:59:36.279319 735 gossip/client.go:131  [n?] closing client to node_1:26257: stopping outgoing client to n0 (node_1:26257); loopback connection
I200320 18:59:37.279965 866 gossip/client.go:124  [n?] started gossip client to node_1:26257
I200320 18:59:37.280384 870 gossip/server.go:227  [n?] received initial cluster-verification connection from 348ae289e17b:26257
I200320 18:59:37.280810 866 gossip/client.go:131  [n?] closing client to node_1:26257: stopping outgoing client to n0 (node_1:26257); loopback connection
I200320 18:59:38.252132 847 gossip/client.go:124  [n?] started gossip client to node_1:26257
I200320 18:59:38.252851 872 gossip/server.go:227  [n?] received initial cluster-verification connection from 348ae289e17b:26257
I200320 18:59:38.253608 847 gossip/client.go:131  [n?] closing client to node_1:26257: stopping outgoing client to n0 (node_1:26257); loopback connection
I200320 18:59:39.257016 827 gossip/client.go:124  [n?] started gossip client to node_1:26257
I200320 18:59:39.258070 883 gossip/server.go:227  [n?] received initial cluster-verification connection from 348ae289e17b:26257
I200320 18:59:39.259031 827 gossip/client.go:131  [n?] closing client to node_1:26257: stopping outgoing client to n0 (node_1:26257); loopback connection
I200320 18:59:40.262358 830 gossip/client.go:124  [n?] started gossip client to node_1:26257
I200320 18:59:40.263357 877 gossip/server.go:227  [n?] received initial cluster-verification connection from 348ae289e17b:26257
I200320 18:59:40.263665 830 gossip/client.go:131  [n?] closing client to node_1:26257: stopping outgoing client to n0 (node_1:26257); loopback connection
I200320 18:59:41.267585 881 gossip/client.go:124  [n?] started gossip client to node_1:26257
I200320 18:59:41.268363 901 gossip/server.go:227  [n?] received initial cluster-verification connection from 348ae289e17b:26257
I200320 18:59:41.269110 881 gossip/client.go:131  [n?] closing client to node_1:26257: stopping outgoing client to n0 (node_1:26257); loopback connection
I200320 18:59:42.272063 905 gossip/client.go:124  [n?] started gossip client to node_1:26257
I200320 18:59:42.273341 885 gossip/server.go:227  [n?] received initial cluster-verification connection from 348ae289e17b:26257
I200320 18:59:42.273542 905 gossip/client.go:131  [n?] closing client to node_1:26257: stopping outgoing client to n0 (node_1:26257); loopback connection
I200320 18:59:43.277485 914 gossip/client.go:124  [n?] started gossip client to node_1:26257
I200320 18:59:43.277813 857 gossip/server.go:227  [n?] received initial cluster-verification connection from 348ae289e17b:26257
I200320 18:59:43.278511 914 gossip/client.go:131  [n?] closing client to node_1:26257: stopping outgoing client to n0 (node_1:26257); loopback connection
I200320 18:59:44.283794 859 gossip/server.go:227  [n?] received initial cluster-verification connection from 348ae289e17b:26257
I200320 18:59:44.283344 917 gossip/client.go:124  [n?] started gossip client to node_1:26257
I200320 18:59:44.284326 917 gossip/client.go:131  [n?] closing client to node_1:26257: stopping outgoing client to n0 (node_1:26257); loopback connection
I200320 18:59:45.288601 908 gossip/client.go:124  [n?] started gossip client to node_1:26257
I200320 18:59:45.289310 861 gossip/server.go:227  [n?] received initial cluster-verification connection from 348ae289e17b:26257
I200320 18:59:45.290043 908 gossip/client.go:131  [n?] closing client to node_1:26257: stopping outgoing client to n0 (node_1:26257); loopback connection
I200320 18:59:46.292615 862 gossip/client.go:124  [n?] started gossip client to node_1:26257
I200320 18:59:46.293324 894 gossip/server.go:227  [n?] received initial cluster-verification connection from 348ae289e17b:26257
I200320 18:59:46.293875 862 gossip/client.go:131  [n?] closing client to node_1:26257: stopping outgoing client to n0 (node_1:26257); loopback connection
I200320 18:59:47.297739 933 gossip/client.go:124  [n?] started gossip client to node_1:26257
I200320 18:59:47.298497 925 gossip/server.go:227  [n?] received initial cluster-verification connection from 348ae289e17b:26257
I200320 18:59:47.298854 933 gossip/client.go:131  [n?] closing client to node_1:26257: stopping outgoing client to n0 (node_1:26257); loopback connection
I200320 18:59:48.302839 926 gossip/client.go:124  [n?] started gossip client to node_1:26257
I200320 18:59:48.303692 937 gossip/server.go:227  [n?] received initial cluster-verification connection from 348ae289e17b:26257
I200320 18:59:48.304091 926 gossip/client.go:131  [n?] closing client to node_1:26257: stopping outgoing client to n0 (node_1:26257); loopback connection
I200320 18:59:49.308336 929 gossip/client.go:124  [n?] started gossip client to node_1:26257
I200320 18:59:49.308510 939 gossip/server.go:227  [n?] received initial cluster-verification connection from 348ae289e17b:26257
I200320 18:59:49.309106 929 gossip/client.go:131  [n?] closing client to node_1:26257: stopping outgoing client to n0 (node_1:26257); loopback connection
I200320 18:59:50.312328 978 gossip/client.go:124  [n?] started gossip client to node_1:26257
I200320 18:59:50.312926 965 gossip/server.go:227  [n?] received initial cluster-verification connection from 348ae289e17b:26257
I200320 18:59:50.313638 978 gossip/client.go:131  [n?] closing client to node_1:26257: stopping outgoing client to n0 (node_1:26257); loopback connection
I200320 18:59:51.315141 981 gossip/client.go:124  [n?] started gossip client to node_1:26257
I200320 18:59:51.315678 949 gossip/server.go:227  [n?] received initial cluster-verification connection from 348ae289e17b:26257
I200320 18:59:51.316049 981 gossip/client.go:131  [n?] closing client to node_1:26257: stopping outgoing client to n0 (node_1:26257); loopback connection
I200320 18:59:52.322660 950 gossip/client.go:124  [n?] started gossip client to node_1:26257
I200320 18:59:52.323125 985 gossip/server.go:227  [n?] received initial cluster-verification connection from 348ae289e17b:26257
I200320 18:59:52.323736 950 gossip/client.go:131  [n?] closing client to node_1:26257: stopping outgoing client to n0 (node_1:26257); loopback connection
I200320 18:59:53.326098 995 gossip/client.go:124  [n?] started gossip client to node_1:26257
I200320 18:59:53.326572 987 gossip/server.go:227  [n?] received initial cluster-verification connection from 348ae289e17b:26257
I200320 18:59:53.327128 995 gossip/client.go:131  [n?] closing client to node_1:26257: stopping outgoing client to n0 (node_1:26257); loopback connection
I200320 18:59:54.331274 973 gossip/client.go:124  [n?] started gossip client to node_1:26257
I200320 18:59:54.331592 999 gossip/server.go:227  [n?] received initial cluster-verification connection from 348ae289e17b:26257
I200320 18:59:54.331889 973 gossip/client.go:131  [n?] closing client to node_1:26257: stopping outgoing client to n0 (node_1:26257); loopback connection
I200320 18:59:55.336372 1010 gossip/client.go:124  [n?] started gossip client to node_1:26257
I200320 18:59:55.337822 975 gossip/server.go:227  [n?] received initial cluster-verification connection from 348ae289e17b:26257
I200320 18:59:55.338353 1010 gossip/client.go:131  [n?] closing client to node_1:26257: stopping outgoing client to n0 (node_1:26257); loopback connection
I200320 18:59:56.342594 1016 gossip/client.go:124  [n?] started gossip client to node_1:26257
I200320 18:59:56.343477 1002 gossip/server.go:227  [n?] received initial cluster-verification connection from 348ae289e17b:26257
I200320 18:59:56.343924 1016 gossip/client.go:131  [n?] closing client to node_1:26257: stopping outgoing client to n0 (node_1:26257); loopback connection
I200320 18:59:57.346166 1006 gossip/client.go:124  [n?] started gossip client to node_1:26257
I200320 18:59:57.347609 956 gossip/server.go:227  [n?] received initial cluster-verification connection from 348ae289e17b:26257
I200320 18:59:57.348475 1006 gossip/client.go:131  [n?] closing client to node_1:26257: stopping outgoing client to n0 (node_1:26257); loopback connection
I200320 18:59:58.351772 957 gossip/client.go:124  [n?] started gossip client to node_1:26257
I200320 18:59:58.352788 1029 gossip/server.go:227  [n?] received initial cluster-verification connection from 348ae289e17b:26257
I200320 18:59:58.353344 957 gossip/client.go:131  [n?] closing client to node_1:26257: stopping outgoing client to n0 (node_1:26257); loopback connection
I200320 18:59:59.357011 960 gossip/client.go:124  [n?] started gossip client to node_1:26257
I200320 18:59:59.357776 1020 gossip/server.go:227  [n?] received initial cluster-verification connection from 348ae289e17b:26257
I200320 18:59:59.358640 960 gossip/client.go:131  [n?] closing client to node_1:26257: stopping outgoing client to n0 (node_1:26257); loopback connection
I200320 19:00:00.361961 1033 gossip/client.go:124  [n?] started gossip client to node_1:26257
I200320 19:00:00.362579 1022 gossip/server.go:227  [n?] received initial cluster-verification connection from 348ae289e17b:26257
I200320 19:00:00.362906 1033 gossip/client.go:131  [n?] closing client to node_1:26257: stopping outgoing client to n0 (node_1:26257); loopback connection
I200320 19:00:01.366924 1047 gossip/client.go:124  [n?] started gossip client to node_1:26257
I200320 19:00:01.367395 1024 gossip/server.go:227  [n?] received initial cluster-verification connection from 348ae289e17b:26257
I200320 19:00:01.367589 1047 gossip/client.go:131  [n?] closing client to node_1:26257: stopping outgoing client to n0 (node_1:26257); loopback connection
I200320 19:00:02.371828 1037 gossip/client.go:124  [n?] started gossip client to node_1:26257
I200320 19:00:02.372769 1076 gossip/server.go:227  [n?] received initial cluster-verification connection from 348ae289e17b:26257
I200320 19:00:02.373195 1037 gossip/client.go:131  [n?] closing client to node_1:26257: stopping outgoing client to n0 (node_1:26257); loopback connection
I200320 19:00:03.378450 1041 gossip/client.go:124  [n?] started gossip client to node_1:26257
I200320 19:00:03.378847 1078 gossip/server.go:227  [n?] received initial cluster-verification connection from 348ae289e17b:26257
I200320 19:00:03.379413 1041 gossip/client.go:131  [n?] closing client to node_1:26257: stopping outgoing client to n0 (node_1:26257); loopback connection
I200320 19:00:04.382197 1082 gossip/client.go:124  [n?] started gossip client to node_1:26257
I200320 19:00:04.382859 1093 gossip/server.go:227  [n?] received initial cluster-verification connection from 348ae289e17b:26257
I200320 19:00:04.383711 1082 gossip/client.go:131  [n?] closing client to node_1:26257: stopping outgoing client to n0 (node_1:26257); loopback connection
I200320 19:00:05.386835 1095 gossip/client.go:124  [n?] started gossip client to node_1:26257
I200320 19:00:05.387697 1099 gossip/server.go:227  [n?] received initial cluster-verification connection from 348ae289e17b:26257
I200320 19:00:05.388466 1095 gossip/client.go:131  [n?] closing client to node_1:26257: stopping outgoing client to n0 (node_1:26257); loopback connection
I200320 19:00:06.396201 1100 gossip/client.go:124  [n?] started gossip client to node_1:26257
I200320 19:00:06.396775 1066 gossip/server.go:227  [n?] received initial cluster-verification connection from 348ae289e17b:26257
I200320 19:00:06.396980 1100 gossip/client.go:131  [n?] closing client to node_1:26257: stopping outgoing client to n0 (node_1:26257); loopback connection
I200320 19:00:07.400830 1107 gossip/client.go:124  [n?] started gossip client to node_1:26257
I200320 19:00:07.401410 1104 gossip/server.go:227  [n?] received initial cluster-verification connection from 348ae289e17b:26257
I200320 19:00:07.401961 1107 gossip/client.go:131  [n?] closing client to node_1:26257: stopping outgoing client to n0 (node_1:26257); loopback connection
I200320 19:00:08.374267 1111 gossip/client.go:124  [n?] started gossip client to node_1:26257
I200320 19:00:08.375891 1125 gossip/server.go:227  [n?] received initial cluster-verification connection from 348ae289e17b:26257
I200320 19:00:08.377234 1111 gossip/client.go:131  [n?] closing client to node_1:26257: stopping outgoing client to n0 (node_1:26257); loopback connection
I200320 19:00:09.379715 1126 gossip/client.go:124  [n?] started gossip client to node_1:26257
I200320 19:00:09.380543 1130 gossip/server.go:227  [n?] received initial cluster-verification connection from 348ae289e17b:26257
I200320 19:00:09.380786 1126 gossip/client.go:131  [n?] closing client to node_1:26257: stopping outgoing client to n0 (node_1:26257); loopback connection
I200320 19:00:10.385703 1067 gossip/client.go:124  [n?] started gossip client to node_1:26257
I200320 19:00:10.387145 1139 gossip/server.go:227  [n?] received initial cluster-verification connection from 348ae289e17b:26257
I200320 19:00:10.387761 1067 gossip/client.go:131  [n?] closing client to node_1:26257: stopping outgoing client to n0 (node_1:26257); loopback connection
I200320 19:00:11.393193 1050 gossip/client.go:124  [n?] started gossip client to node_1:26257
I200320 19:00:11.393736 1054 gossip/server.go:227  [n?] received initial cluster-verification connection from 348ae289e17b:26257
I200320 19:00:11.394073 1050 gossip/client.go:131  [n?] closing client to node_1:26257: stopping outgoing client to n0 (node_1:26257); loopback connection
I200320 19:00:12.398788 1147 gossip/client.go:124  [n?] started gossip client to node_1:26257
I200320 19:00:12.400147 1056 gossip/server.go:227  [n?] received initial cluster-verification connection from 348ae289e17b:26257
I200320 19:00:12.400591 1147 gossip/client.go:131  [n?] closing client to node_1:26257: stopping outgoing client to n0 (node_1:26257); loopback connection
I200320 19:00:13.402254 1153 gossip/client.go:124  [n?] started gossip client to node_1:26257
I200320 19:00:13.402782 1132 gossip/server.go:227  [n?] received initial cluster-verification connection from 348ae289e17b:26257
I200320 19:00:13.403188 1153 gossip/client.go:131  [n?] closing client to node_1:26257: stopping outgoing client to n0 (node_1:26257); loopback connection
I200320 19:00:14.404295 1154 gossip/client.go:124  [n?] started gossip client to node_1:26257
I200320 19:00:14.404795 1071 gossip/server.go:227  [n?] received initial cluster-verification connection from 348ae289e17b:26257
I200320 19:00:14.405053 1154 gossip/client.go:131  [n?] closing client to node_1:26257: stopping outgoing client to n0 (node_1:26257); loopback connection
I200320 19:00:15.405889 1172 gossip/client.go:124  [n?] started gossip client to node_1:26257
I200320 19:00:15.406536 1186 gossip/server.go:227  [n?] received initial cluster-verification connection from 348ae289e17b:26257
I200320 19:00:15.406872 1172 gossip/client.go:131  [n?] closing client to node_1:26257: stopping outgoing client to n0 (node_1:26257); loopback connection
I200320 19:00:16.409686 1175 gossip/client.go:124  [n?] started gossip client to node_1:26257
I200320 19:00:16.410288 1158 gossip/server.go:227  [n?] received initial cluster-verification connection from 348ae289e17b:26257
I200320 19:00:16.410580 1175 gossip/client.go:131  [n?] closing client to node_1:26257: stopping outgoing client to n0 (node_1:26257); loopback connection
I200320 19:00:17.414527 1159 gossip/client.go:124  [n?] started gossip client to node_1:26257
I200320 19:00:17.415522 1193 gossip/server.go:227  [n?] received initial cluster-verification connection from 348ae289e17b:26257
I200320 19:00:17.416115 1159 gossip/client.go:131  [n?] closing client to node_1:26257: stopping outgoing client to n0 (node_1:26257); loopback connection
I200320 19:00:18.416137 1160 gossip/client.go:124  [n?] started gossip client to node_1:26257
I200320 19:00:18.416671 1164 gossip/server.go:227  [n?] received initial cluster-verification connection from 348ae289e17b:26257
I200320 19:00:18.416989 1160 gossip/client.go:131  [n?] closing client to node_1:26257: stopping outgoing client to n0 (node_1:26257); loopback connection
I200320 19:00:19.422243 1178 gossip/client.go:124  [n?] started gossip client to node_1:26257
I200320 19:00:19.423041 1195 gossip/server.go:227  [n?] received initial cluster-verification connection from 348ae289e17b:26257
I200320 19:00:19.423370 1178 gossip/client.go:131  [n?] closing client to node_1:26257: stopping outgoing client to n0 (node_1:26257); loopback connection
I200320 19:00:20.427377 1210 gossip/client.go:124  [n?] started gossip client to node_1:26257
I200320 19:00:20.427998 1166 gossip/server.go:227  [n?] received initial cluster-verification connection from 348ae289e17b:26257
I200320 19:00:20.428861 1210 gossip/client.go:131  [n?] closing client to node_1:26257: stopping outgoing client to n0 (node_1:26257); loopback connection
I200320 19:00:21.431650 1219 gossip/client.go:124  [n?] started gossip client to node_1:26257
I200320 19:00:21.432908 1198 gossip/server.go:227  [n?] received initial cluster-verification connection from 348ae289e17b:26257
I200320 19:00:21.433588 1219 gossip/client.go:131  [n?] closing client to node_1:26257: stopping outgoing client to n0 (node_1:26257); loopback connection
I200320 19:00:22.438728 1223 gossip/client.go:124  [n?] started gossip client to node_1:26257
I200320 19:00:22.439114 1216 gossip/server.go:227  [n?] received initial cluster-verification connection from 348ae289e17b:26257
I200320 19:00:22.439857 1223 gossip/client.go:131  [n?] closing client to node_1:26257: stopping outgoing client to n0 (node_1:26257); loopback connection
I200320 19:00:23.447694 1199 gossip/client.go:124  [n?] started gossip client to node_1:26257
I200320 19:00:23.448791 1234 gossip/server.go:227  [n?] received initial cluster-verification connection from 348ae289e17b:26257
I200320 19:00:23.449094 1199 gossip/client.go:131  [n?] closing client to node_1:26257: stopping outgoing client to n0 (node_1:26257); loopback connection
I200320 19:00:24.455826 1251 gossip/client.go:124  [n?] started gossip client to node_1:26257
I200320 19:00:24.456380 1269 gossip/server.go:227  [n?] received initial cluster-verification connection from 348ae289e17b:26257
I200320 19:00:24.456726 1251 gossip/client.go:131  [n?] closing client to node_1:26257: stopping outgoing client to n0 (node_1:26257); loopback connection
I200320 19:00:25.461898 1255 gossip/client.go:124  [n?] started gossip client to node_1:26257
I200320 19:00:25.463095 1236 gossip/server.go:227  [n?] received initial cluster-verification connection from 348ae289e17b:26257
I200320 19:00:25.463382 1255 gossip/client.go:131  [n?] closing client to node_1:26257: stopping outgoing client to n0 (node_1:26257); loopback connection
I200320 19:00:26.471349 1237 gossip/client.go:124  [n?] started gossip client to node_1:26257
I200320 19:00:26.472012 1259 gossip/server.go:227  [n?] received initial cluster-verification connection from 348ae289e17b:26257
I200320 19:00:26.472230 1237 gossip/client.go:131  [n?] closing client to node_1:26257: stopping outgoing client to n0 (node_1:26257); loopback connection
I200320 19:00:27.481640 1240 gossip/client.go:124  [n?] started gossip client to node_1:26257
I200320 19:00:27.482604 1261 gossip/server.go:227  [n?] received initial cluster-verification connection from 348ae289e17b:26257
I200320 19:00:27.483181 1240 gossip/client.go:131  [n?] closing client to node_1:26257: stopping outgoing client to n0 (node_1:26257); loopback connection
I200320 19:00:28.491366 1243 gossip/client.go:124  [n?] started gossip client to node_1:26257
I200320 19:00:28.492153 1271 gossip/server.go:227  [n?] received initial cluster-verification connection from 348ae289e17b:26257
I200320 19:00:28.492637 1243 gossip/client.go:131  [n?] closing client to node_1:26257: stopping outgoing client to n0 (node_1:26257); loopback connection
I200320 19:00:29.497360 1287 gossip/client.go:124  [n?] started gossip client to node_1:26257
I200320 19:00:29.499116 1291 gossip/server.go:227  [n?] received initial cluster-verification connection from 348ae289e17b:26257
I200320 19:00:29.499842 1287 gossip/client.go:131  [n?] closing client to node_1:26257: stopping outgoing client to n0 (node_1:26257); loopback connection
I200320 19:00:30.500710 1275 gossip/client.go:124  [n?] started gossip client to node_1:26257
I200320 19:00:30.501191 1293 gossip/server.go:227  [n?] received initial cluster-verification connection from 348ae289e17b:26257
I200320 19:00:30.502295 1275 gossip/client.go:131  [n?] closing client to node_1:26257: stopping outgoing client to n0 (node_1:26257); loopback connection
I200320 19:00:31.504773 1265 gossip/client.go:124  [n?] started gossip client to node_1:26257
I200320 19:00:31.504924 1277 gossip/server.go:227  [n?] received initial cluster-verification connection from 348ae289e17b:26257
I200320 19:00:31.505188 1265 gossip/client.go:131  [n?] closing client to node_1:26257: stopping outgoing client to n0 (node_1:26257); loopback connection
I200320 19:00:32.509955 1281 gossip/client.go:124  [n?] started gossip client to node_1:26257
I200320 19:00:32.510592 1296 gossip/server.go:227  [n?] received initial cluster-verification connection from 348ae289e17b:26257
I200320 19:00:32.511124 1281 gossip/client.go:131  [n?] closing client to node_1:26257: stopping outgoing client to n0 (node_1:26257); loopback connection
I200320 19:00:33.515288 1297 gossip/client.go:124  [n?] started gossip client to node_1:26257
I200320 19:00:33.516104 1317 gossip/server.go:227  [n?] received initial cluster-verification connection from 348ae289e17b:26257
I200320 19:00:33.516533 1297 gossip/client.go:131  [n?] closing client to node_1:26257: stopping outgoing client to n0 (node_1:26257); loopback connection
I200320 19:00:34.520356 1303 gossip/client.go:124  [n?] started gossip client to node_1:26257
I200320 19:00:34.521162 1349 gossip/server.go:227  [n?] received initial cluster-verification connection from 348ae289e17b:26257
I200320 19:00:34.521650 1303 gossip/client.go:131  [n?] closing client to node_1:26257: stopping outgoing client to n0 (node_1:26257); loopback connection
I200320 19:00:35.525566 1309 gossip/client.go:124  [n?] started gossip client to node_1:26257
I200320 19:00:35.526640 1336 gossip/server.go:227  [n?] received initial cluster-verification connection from 348ae289e17b:26257
I200320 19:00:35.526920 1309 gossip/client.go:131  [n?] closing client to node_1:26257: stopping outgoing client to n0 (node_1:26257); loopback connection
I200320 19:00:36.528749 1363 gossip/client.go:124  [n?] started gossip client to node_1:26257
I200320 19:00:36.530100 1338 gossip/server.go:227  [n?] received initial cluster-verification connection from 348ae289e17b:26257
I200320 19:00:36.530599 1363 gossip/client.go:131  [n?] closing client to node_1:26257: stopping outgoing client to n0 (node_1:26257); loopback connection
I200320 19:00:37.532067 1339 gossip/client.go:124  [n?] started gossip client to node_1:26257
I200320 19:00:37.532609 1352 gossip/server.go:227  [n?] received initial cluster-verification connection from 348ae289e17b:26257
I200320 19:00:37.532878 1339 gossip/client.go:131  [n?] closing client to node_1:26257: stopping outgoing client to n0 (node_1:26257); loopback connection
I200320 19:00:38.502825 1353 gossip/client.go:124  [n?] started gossip client to node_1:26257
I200320 19:00:38.504242 1320 gossip/server.go:227  [n?] received initial cluster-verification connection from 348ae289e17b:26257
I200320 19:00:38.504636 1353 gossip/client.go:131  [n?] closing client to node_1:26257: stopping outgoing client to n0 (node_1:26257); loopback connection
I200320 19:00:39.508791 1359 gossip/client.go:124  [n?] started gossip client to node_1:26257
I200320 19:00:39.509205 1343 gossip/server.go:227  [n?] received initial cluster-verification connection from 348ae289e17b:26257
I200320 19:00:39.509767 1359 gossip/client.go:131  [n?] closing client to node_1:26257: stopping outgoing client to n0 (node_1:26257); loopback connection
I200320 19:00:40.513406 1321 gossip/client.go:124  [n?] started gossip client to node_1:26257
I200320 19:00:40.515232 1380 gossip/server.go:227  [n?] received initial cluster-verification connection from 348ae289e17b:26257
I200320 19:00:40.516057 1321 gossip/client.go:131  [n?] closing client to node_1:26257: stopping outgoing client to n0 (node_1:26257); loopback connection
I200320 19:00:41.519179 1382 gossip/client.go:124  [n?] started gossip client to node_1:26257
I200320 19:00:41.519730 1386 gossip/server.go:227  [n?] received initial cluster-verification connection from 348ae289e17b:26257
I200320 19:00:41.520105 1382 gossip/client.go:131  [n?] closing client to node_1:26257: stopping outgoing client to n0 (node_1:26257); loopback connection
I200320 19:00:42.525910 1327 gossip/client.go:124  [n?] started gossip client to node_1:26257
I200320 19:00:42.526745 1376 gossip/server.go:227  [n?] received initial cluster-verification connection from 348ae289e17b:26257
I200320 19:00:42.527008 1327 gossip/client.go:131  [n?] closing client to node_1:26257: stopping outgoing client to n0 (node_1:26257); loopback connection
I200320 19:00:43.531317 1397 gossip/client.go:124  [n?] started gossip client to node_1:26257
I200320 19:00:43.532290 1411 gossip/server.go:227  [n?] received initial cluster-verification connection from 348ae289e17b:26257
I200320 19:00:43.532657 1397 gossip/client.go:131  [n?] closing client to node_1:26257: stopping outgoing client to n0 (node_1:26257); loopback connection
I200320 19:00:44.537917 1416 gossip/client.go:124  [n?] started gossip client to node_1:26257
I200320 19:00:44.538399 1401 gossip/server.go:227  [n?] received initial cluster-verification connection from 348ae289e17b:26257
I200320 19:00:44.538850 1416 gossip/client.go:131  [n?] closing client to node_1:26257: stopping outgoing client to n0 (node_1:26257); loopback connection
I200320 19:00:45.546395 1405 gossip/client.go:124  [n?] started gossip client to node_1:26257
I200320 19:00:45.546928 1420 gossip/server.go:227  [n?] received initial cluster-verification connection from 348ae289e17b:26257
I200320 19:00:45.547639 1405 gossip/client.go:131  [n?] closing client to node_1:26257: stopping outgoing client to n0 (node_1:26257); loopback connection
I200320 19:00:46.552804 1428 gossip/client.go:124  [n?] started gossip client to node_1:26257
I200320 19:00:46.553689 1408 gossip/server.go:227  [n?] received initial cluster-verification connection from 348ae289e17b:26257
I200320 19:00:46.554576 1428 gossip/client.go:131  [n?] closing client to node_1:26257: stopping outgoing client to n0 (node_1:26257); loopback connection
I200320 19:00:47.557017 1445 gossip/client.go:124  [n?] started gossip client to node_1:26257
I200320 19:00:47.558507 1449 gossip/server.go:227  [n?] received initial cluster-verification connection from 348ae289e17b:26257
I200320 19:00:47.558925 1445 gossip/client.go:131  [n?] closing client to node_1:26257: stopping outgoing client to n0 (node_1:26257); loopback connection
I200320 19:00:48.562661 1422 gossip/client.go:124  [n?] started gossip client to node_1:26257
I200320 19:00:48.562808 1454 gossip/server.go:227  [n?] received initial cluster-verification connection from 348ae289e17b:26257
I200320 19:00:48.563257 1422 gossip/client.go:131  [n?] closing client to node_1:26257: stopping outgoing client to n0 (node_1:26257); loopback connection
I200320 19:00:49.563824 1455 gossip/client.go:124  [n?] started gossip client to node_1:26257
I200320 19:00:49.564193 1432 gossip/server.go:227  [n?] received initial cluster-verification connection from 348ae289e17b:26257
I200320 19:00:49.564481 1455 gossip/client.go:131  [n?] closing client to node_1:26257: stopping outgoing client to n0 (node_1:26257); loopback connection
I200320 19:00:50.568639 1459 gossip/server.go:227  [n?] received initial cluster-verification connection from 348ae289e17b:26257
I200320 19:00:50.568818 1437 gossip/client.go:124  [n?] started gossip client to node_1:26257
I200320 19:00:50.569158 1437 gossip/client.go:131  [n?] closing client to node_1:26257: stopping outgoing client to n0 (node_1:26257); loopback connection
I200320 19:00:51.572521 1440 gossip/client.go:124  [n?] started gossip client to node_1:26257
I200320 19:00:51.573766 1391 gossip/server.go:227  [n?] received initial cluster-verification connection from 348ae289e17b:26257
I200320 19:00:51.574105 1440 gossip/client.go:131  [n?] closing client to node_1:26257: stopping outgoing client to n0 (node_1:26257); loopback connection
I200320 19:00:52.581959 1507 gossip/client.go:124  [n?] started gossip client to node_1:26257
I200320 19:00:52.582637 1461 gossip/server.go:227  [n?] received initial cluster-verification connection from 348ae289e17b:26257
I200320 19:00:52.582864 1507 gossip/client.go:131  [n?] closing client to node_1:26257: stopping outgoing client to n0 (node_1:26257); loopback connection
I200320 19:00:53.587379 1476 gossip/client.go:124  [n?] started gossip client to node_1:26257
I200320 19:00:53.587990 1492 gossip/server.go:227  [n?] received initial cluster-verification connection from 348ae289e17b:26257
I200320 19:00:53.588424 1476 gossip/client.go:131  [n?] closing client to node_1:26257: stopping outgoing client to n0 (node_1:26257); loopback connection
I200320 19:00:54.592040 1466 gossip/client.go:124  [n?] started gossip client to node_1:26257
I200320 19:00:54.593083 1497 gossip/server.go:227  [n?] received initial cluster-verification connection from 348ae289e17b:26257
I200320 19:00:54.593739 1466 gossip/client.go:131  [n?] closing client to node_1:26257: stopping outgoing client to n0 (node_1:26257); loopback connection
I200320 19:00:55.597894 1501 gossip/client.go:124  [n?] started gossip client to node_1:26257
I200320 19:00:55.598809 1470 gossip/server.go:227  [n?] received initial cluster-verification connection from 348ae289e17b:26257
I200320 19:00:55.598998 1501 gossip/client.go:131  [n?] closing client to node_1:26257: stopping outgoing client to n0 (node_1:26257); loopback connection
I200320 19:00:56.603009 1483 gossip/client.go:124  [n?] started gossip client to node_1:26257
I200320 19:00:56.603855 1485 gossip/server.go:227  [n?] received initial cluster-verification connection from 348ae289e17b:26257
I200320 19:00:56.603995 1483 gossip/client.go:131  [n?] closing client to node_1:26257: stopping outgoing client to n0 (node_1:26257); loopback connection
I200320 19:00:57.607371 1524 gossip/client.go:124  [n?] started gossip client to node_1:26257
I200320 19:00:57.608354 1505 gossip/server.go:227  [n?] received initial cluster-verification connection from 348ae289e17b:26257
I200320 19:00:57.609052 1524 gossip/client.go:131  [n?] closing client to node_1:26257: stopping outgoing client to n0 (node_1:26257); loopback connection
I200320 19:00:58.616933 1541 gossip/client.go:124  [n?] started gossip client to node_1:26257
I200320 19:00:58.617698 1487 gossip/server.go:227  [n?] received initial cluster-verification connection from 348ae289e17b:26257
I200320 19:00:58.618126 1541 gossip/client.go:131  [n?] closing client to node_1:26257: stopping outgoing client to n0 (node_1:26257); loopback connection
I200320 19:00:59.620929 1510 gossip/client.go:124  [n?] started gossip client to node_1:26257
I200320 19:00:59.622099 1489 gossip/server.go:227  [n?] received initial cluster-verification connection from 348ae289e17b:26257
I200320 19:00:59.622683 1510 gossip/client.go:131  [n?] closing client to node_1:26257: stopping outgoing client to n0 (node_1:26257); loopback connection
I200320 19:01:00.626302 1513 gossip/client.go:124  [n?] started gossip client to node_1:26257
I200320 19:01:00.627511 1517 gossip/server.go:227  [n?] received initial cluster-verification connection from 348ae289e17b:26257
I200320 19:01:00.628315 1513 gossip/client.go:131  [n?] closing client to node_1:26257: stopping outgoing client to n0 (node_1:26257); loopback connection
I200320 19:01:01.631325 1537 gossip/client.go:124  [n?] started gossip client to node_1:26257
I200320 19:01:01.632066 1545 gossip/server.go:227  [n?] received initial cluster-verification connection from 348ae289e17b:26257
I200320 19:01:01.632465 1537 gossip/client.go:131  [n?] closing client to node_1:26257: stopping outgoing client to n0 (node_1:26257); loopback connection
I200320 19:01:02.637035 1557 gossip/server.go:227  [n?] received initial cluster-verification connection from 348ae289e17b:26257
I200320 19:01:02.637277 1518 gossip/client.go:124  [n?] started gossip client to node_1:26257
I200320 19:01:02.637838 1518 gossip/client.go:131  [n?] closing client to node_1:26257: stopping outgoing client to n0 (node_1:26257); loopback connection
I200320 19:01:03.638045 1521 gossip/client.go:124  [n?] started gossip client to node_1:26257
I200320 19:01:03.638722 1577 gossip/server.go:227  [n?] received initial cluster-verification connection from 348ae289e17b:26257
I200320 19:01:03.639020 1521 gossip/client.go:131  [n?] closing client to node_1:26257: stopping outgoing client to n0 (node_1:26257); loopback connection
I200320 19:01:04.643317 1588 gossip/client.go:124  [n?] started gossip client to node_1:26257
I200320 19:01:04.644226 1559 gossip/server.go:227  [n?] received initial cluster-verification connection from 348ae289e17b:26257
I200320 19:01:04.644874 1588 gossip/client.go:131  [n?] closing client to node_1:26257: stopping outgoing client to n0 (node_1:26257); loopback connection
