I200320 19:14:37.492744 1 util/log/clog.go:1196  [config] file created at: 2020/03/20 19:14:37
I200320 19:14:37.492744 1 util/log/clog.go:1196  [config] running on machine: a296fffd174b
I200320 19:14:37.492744 1 util/log/clog.go:1196  [config] binary: CockroachDB CCL v19.2.4 (x86_64-unknown-linux-gnu, built 2020/02/06 21:55:19, go1.12.12)
I200320 19:14:37.492744 1 util/log/clog.go:1196  [config] arguments: [/cockroach/cockroach start --insecure --join=node_1]
I200320 19:14:37.492744 1 util/log/clog.go:1196  line format: [IWEF]yymmdd hh:mm:ss.uuuuuu goid file:line msg utf8=✓
I200320 19:14:37.492732 1 cli/start.go:1144  logging to directory /cockroach/cockroach-data/logs
W200320 19:14:37.497384 1 cli/start.go:1182  RUNNING IN INSECURE MODE!

- Your cluster is open for any client that can access <all your IP addresses>.
- Any user, even root, can log in without providing a password.
- Any user, connecting as root, can read or write any data in your cluster.
- There is no network encryption nor authentication, and thus no confidentiality.

Check out how to secure your cluster: https://www.cockroachlabs.com/docs/v19.2/secure-a-cluster.html
I200320 19:14:37.498567 1 server/status/recorder.go:597  available memory from cgroups is unsupported, using system memory 1.9 GiB instead: failed to find cgroup memory limit
W200320 19:14:37.499410 1 cli/start.go:1052  Using the default setting for --cache (128 MiB).
  A significantly larger value is usually needed for good performance.
  If you have a dedicated server a reasonable setting is --cache=.25 (497 MiB).
I200320 19:14:37.499803 1 server/status/recorder.go:597  available memory from cgroups is unsupported, using system memory 1.9 GiB instead: failed to find cgroup memory limit
W200320 19:14:37.499850 1 cli/start.go:1065  Using the default setting for --max-sql-memory (128 MiB).
  A significantly larger value is usually needed in production.
  If you have a dedicated server a reasonable setting is --max-sql-memory=.25 (497 MiB).
I200320 19:14:37.500202 1 server/status/recorder.go:597  available memory from cgroups is unsupported, using system memory 1.9 GiB instead: failed to find cgroup memory limit
I200320 19:14:37.500301 1 cli/start.go:1196  CockroachDB CCL v19.2.4 (x86_64-unknown-linux-gnu, built 2020/02/06 21:55:19, go1.12.12)
I200320 19:14:37.689991 1 server/status/recorder.go:597  available memory from cgroups is unsupported, using system memory 1.9 GiB instead: failed to find cgroup memory limit
I200320 19:14:37.690031 1 server/config.go:394  system total memory: 1.9 GiB
I200320 19:14:37.690087 1 server/config.go:396  server configuration:
max offset             500000000
cache size             128 MiB
SQL memory pool size   128 MiB
scan interval          10m0s
scan min idle time     10ms
scan max idle time     1s
event log enabled      true
I200320 19:14:37.690127 1 cli/start.go:1030  using local environment variables: COCKROACH_USER=root, COCKROACH_CHANNEL=official-docker
I200320 19:14:37.690166 1 cli/start.go:1037  process identity: uid 0 euid 0 gid 0 egid 0
I200320 19:14:37.691545 1 cli/start.go:644  starting cockroach node
I200320 19:14:37.699577 24 storage/engine/rocksdb.go:622  opening rocksdb instance at "/cockroach/cockroach-data/cockroach-temp815176876"
I200320 19:14:37.843899 24 server/server.go:928  [n?] monitoring forward clock jumps based on server.clock.forward_jump_check_enabled
I200320 19:14:37.846018 24 storage/engine/rocksdb.go:622  opening rocksdb instance at "/cockroach/cockroach-data"
I200320 19:14:37.903647 24 server/config.go:502  [n?] 1 storage engine initialized
I200320 19:14:37.903745 24 server/config.go:505  [n?] RocksDB cache size: 128 MiB
I200320 19:14:37.903774 24 server/config.go:505  [n?] store 0: RocksDB, max size 0 B, max open file limit 1043576
W200320 19:14:37.918369 24 gossip/gossip.go:1517  [n?] no incoming or outgoing connections
I200320 19:14:37.919122 24 server/server.go:1386  [n?] no stores bootstrapped and --join flag specified, awaiting init command or join with an already initialized node.
I200320 19:14:37.928115 29 gossip/client.go:124  [n?] started gossip client to node_1:26257
I200320 19:14:37.928645 106 gossip/server.go:227  [n?] received initial cluster-verification connection from a296fffd174b:26257
I200320 19:14:37.929547 29 gossip/client.go:131  [n?] closing client to node_1:26257: stopping outgoing client to n0 (node_1:26257); loopback connection
I200320 19:14:38.930110 116 gossip/client.go:124  [n?] started gossip client to node_1:26257
I200320 19:14:38.931192 108 gossip/server.go:227  [n?] received initial cluster-verification connection from a296fffd174b:26257
I200320 19:14:38.931884 116 gossip/client.go:131  [n?] closing client to node_1:26257: stopping outgoing client to n0 (node_1:26257); loopback connection
W200320 19:14:39.923667 100 cli/start.go:996  neither --listen-addr nor --advertise-addr was specified.
The server will advertise "a296fffd174b" to other nodes, is this routable?

Consider using:
- for local-only servers:  --listen-addr=localhost
- for multi-node clusters: --advertise-addr=<host/IP addr>
I200320 19:14:39.923961 100 cli/start.go:603  initial startup completed.
Node will now attempt to join a running cluster, or wait for `cockroach init`.
Client connections will be accepted after this completes successfully.
Check the log file(s) for progress. 
I200320 19:14:39.934900 132 gossip/client.go:124  [n?] started gossip client to node_1:26257
I200320 19:14:39.935368 118 gossip/server.go:227  [n?] received initial cluster-verification connection from a296fffd174b:26257
I200320 19:14:39.935532 132 gossip/client.go:131  [n?] closing client to node_1:26257: stopping outgoing client to n0 (node_1:26257); loopback connection
I200320 19:14:40.937150 135 gossip/client.go:124  [n?] started gossip client to node_1:26257
I200320 19:14:40.938274 146 gossip/server.go:227  [n?] received initial cluster-verification connection from a296fffd174b:26257
I200320 19:14:40.940786 135 gossip/client.go:131  [n?] closing client to node_1:26257: stopping outgoing client to n0 (node_1:26257); loopback connection
I200320 19:14:41.940468 150 gossip/client.go:124  [n?] started gossip client to node_1:26257
I200320 19:14:41.941511 119 gossip/server.go:227  [n?] received initial cluster-verification connection from a296fffd174b:26257
I200320 19:14:41.941908 150 gossip/client.go:131  [n?] closing client to node_1:26257: stopping outgoing client to n0 (node_1:26257); loopback connection
I200320 19:14:42.942071 49 gossip/client.go:124  [n?] started gossip client to node_1:26257
I200320 19:14:42.942858 163 gossip/server.go:227  [n?] received initial cluster-verification connection from a296fffd174b:26257
I200320 19:14:42.944074 49 gossip/client.go:131  [n?] closing client to node_1:26257: stopping outgoing client to n0 (node_1:26257); loopback connection
I200320 19:14:43.944854 124 gossip/client.go:124  [n?] started gossip client to node_1:26257
I200320 19:14:43.945601 139 gossip/server.go:227  [n?] received initial cluster-verification connection from a296fffd174b:26257
I200320 19:14:43.945808 124 gossip/client.go:131  [n?] closing client to node_1:26257: stopping outgoing client to n0 (node_1:26257); loopback connection
I200320 19:14:44.947582 166 gossip/client.go:124  [n?] started gossip client to node_1:26257
I200320 19:14:44.947928 141 gossip/server.go:227  [n?] received initial cluster-verification connection from a296fffd174b:26257
I200320 19:14:44.948181 166 gossip/client.go:131  [n?] closing client to node_1:26257: stopping outgoing client to n0 (node_1:26257); loopback connection
I200320 19:14:45.952347 125 gossip/client.go:124  [n?] started gossip client to node_1:26257
I200320 19:14:45.952762 170 gossip/server.go:227  [n?] received initial cluster-verification connection from a296fffd174b:26257
I200320 19:14:45.953181 125 gossip/client.go:131  [n?] closing client to node_1:26257: stopping outgoing client to n0 (node_1:26257); loopback connection
I200320 19:14:46.960489 183 gossip/client.go:124  [n?] started gossip client to node_1:26257
I200320 19:14:46.960933 172 gossip/server.go:227  [n?] received initial cluster-verification connection from a296fffd174b:26257
I200320 19:14:46.961149 183 gossip/client.go:131  [n?] closing client to node_1:26257: stopping outgoing client to n0 (node_1:26257); loopback connection
I200320 19:14:47.968596 189 gossip/client.go:124  [n?] started gossip client to node_1:26257
I200320 19:14:47.969215 194 gossip/server.go:227  [n?] received initial cluster-verification connection from a296fffd174b:26257
I200320 19:14:47.970387 189 gossip/client.go:131  [n?] closing client to node_1:26257: stopping outgoing client to n0 (node_1:26257); loopback connection
I200320 19:14:48.972710 145 gossip/client.go:124  [n?] started gossip client to node_1:26257
I200320 19:14:48.973386 196 gossip/server.go:227  [n?] received initial cluster-verification connection from a296fffd174b:26257
I200320 19:14:48.973599 145 gossip/client.go:131  [n?] closing client to node_1:26257: stopping outgoing client to n0 (node_1:26257); loopback connection
I200320 19:14:49.978736 176 gossip/client.go:124  [n?] started gossip client to node_1:26257
I200320 19:14:49.979369 215 gossip/server.go:227  [n?] received initial cluster-verification connection from a296fffd174b:26257
I200320 19:14:49.980024 176 gossip/client.go:131  [n?] closing client to node_1:26257: stopping outgoing client to n0 (node_1:26257); loopback connection
I200320 19:14:50.980579 192 gossip/client.go:124  [n?] started gossip client to node_1:26257
I200320 19:14:50.981008 199 gossip/server.go:227  [n?] received initial cluster-verification connection from a296fffd174b:26257
I200320 19:14:50.981399 192 gossip/client.go:131  [n?] closing client to node_1:26257: stopping outgoing client to n0 (node_1:26257); loopback connection
I200320 19:14:51.986040 200 gossip/client.go:124  [n?] started gossip client to node_1:26257
I200320 19:14:51.986857 229 gossip/server.go:227  [n?] received initial cluster-verification connection from a296fffd174b:26257
I200320 19:14:51.987905 200 gossip/client.go:131  [n?] closing client to node_1:26257: stopping outgoing client to n0 (node_1:26257); loopback connection
I200320 19:14:52.994432 231 gossip/client.go:124  [n?] started gossip client to node_1:26257
I200320 19:14:52.995866 233 gossip/server.go:227  [n?] received initial cluster-verification connection from a296fffd174b:26257
I200320 19:14:52.996390 231 gossip/client.go:131  [n?] closing client to node_1:26257: stopping outgoing client to n0 (node_1:26257); loopback connection
I200320 19:14:53.998426 234 gossip/client.go:124  [n?] started gossip client to node_1:26257
I200320 19:14:53.998864 250 gossip/server.go:227  [n?] received initial cluster-verification connection from a296fffd174b:26257
I200320 19:14:54.000082 234 gossip/client.go:131  [n?] closing client to node_1:26257: stopping outgoing client to n0 (node_1:26257); loopback connection
I200320 19:14:55.003367 237 gossip/client.go:124  [n?] started gossip client to node_1:26257
I200320 19:14:55.003880 206 gossip/server.go:227  [n?] received initial cluster-verification connection from a296fffd174b:26257
I200320 19:14:55.004505 237 gossip/client.go:131  [n?] closing client to node_1:26257: stopping outgoing client to n0 (node_1:26257); loopback connection
I200320 19:14:56.008677 259 gossip/client.go:124  [n?] started gossip client to node_1:26257
I200320 19:14:56.008999 209 gossip/server.go:227  [n?] received initial cluster-verification connection from a296fffd174b:26257
I200320 19:14:56.009665 259 gossip/client.go:131  [n?] closing client to node_1:26257: stopping outgoing client to n0 (node_1:26257); loopback connection
I200320 19:14:57.016133 277 gossip/client.go:124  [n?] started gossip client to node_1:26257
I200320 19:14:57.016946 255 gossip/server.go:227  [n?] received initial cluster-verification connection from a296fffd174b:26257
I200320 19:14:57.017191 277 gossip/client.go:131  [n?] closing client to node_1:26257: stopping outgoing client to n0 (node_1:26257); loopback connection
I200320 19:14:58.024053 256 gossip/client.go:124  [n?] started gossip client to node_1:26257
I200320 19:14:58.025413 292 gossip/server.go:227  [n?] received initial cluster-verification connection from a296fffd174b:26257
I200320 19:14:58.026369 256 gossip/client.go:131  [n?] closing client to node_1:26257: stopping outgoing client to n0 (node_1:26257); loopback connection
I200320 19:14:59.028907 263 gossip/server.go:227  [n?] received initial cluster-verification connection from a296fffd174b:26257
I200320 19:14:59.029150 286 gossip/client.go:124  [n?] started gossip client to node_1:26257
I200320 19:14:59.029532 286 gossip/client.go:131  [n?] closing client to node_1:26257: stopping outgoing client to n0 (node_1:26257); loopback connection
I200320 19:15:00.032567 296 gossip/client.go:124  [n?] started gossip client to node_1:26257
I200320 19:15:00.033011 221 gossip/server.go:227  [n?] received initial cluster-verification connection from a296fffd174b:26257
I200320 19:15:00.033690 296 gossip/client.go:131  [n?] closing client to node_1:26257: stopping outgoing client to n0 (node_1:26257); loopback connection
I200320 19:15:01.038135 267 gossip/client.go:124  [n?] started gossip client to node_1:26257
I200320 19:15:01.039135 271 gossip/server.go:227  [n?] received initial cluster-verification connection from a296fffd174b:26257
I200320 19:15:01.039727 267 gossip/client.go:131  [n?] closing client to node_1:26257: stopping outgoing client to n0 (node_1:26257); loopback connection
I200320 19:15:02.046010 307 gossip/client.go:124  [n?] started gossip client to node_1:26257
I200320 19:15:02.046701 223 gossip/server.go:227  [n?] received initial cluster-verification connection from a296fffd174b:26257
I200320 19:15:02.046995 307 gossip/client.go:131  [n?] closing client to node_1:26257: stopping outgoing client to n0 (node_1:26257); loopback connection
I200320 19:15:03.049235 224 gossip/client.go:124  [n?] started gossip client to node_1:26257
I200320 19:15:03.050644 314 gossip/server.go:227  [n?] received initial cluster-verification connection from a296fffd174b:26257
I200320 19:15:03.051110 224 gossip/client.go:131  [n?] closing client to node_1:26257: stopping outgoing client to n0 (node_1:26257); loopback connection
I200320 19:15:04.051649 303 gossip/client.go:124  [n?] started gossip client to node_1:26257
I200320 19:15:04.051879 338 gossip/server.go:227  [n?] received initial cluster-verification connection from a296fffd174b:26257
I200320 19:15:04.052408 303 gossip/client.go:131  [n?] closing client to node_1:26257: stopping outgoing client to n0 (node_1:26257); loopback connection
I200320 19:15:05.054767 318 gossip/client.go:124  [n?] started gossip client to node_1:26257
I200320 19:15:05.055060 340 gossip/server.go:227  [n?] received initial cluster-verification connection from a296fffd174b:26257
I200320 19:15:05.055724 318 gossip/client.go:131  [n?] closing client to node_1:26257: stopping outgoing client to n0 (node_1:26257); loopback connection
I200320 19:15:06.057134 323 gossip/client.go:124  [n?] started gossip client to node_1:26257
I200320 19:15:06.057614 358 gossip/server.go:227  [n?] received initial cluster-verification connection from a296fffd174b:26257
I200320 19:15:06.058010 323 gossip/client.go:131  [n?] closing client to node_1:26257: stopping outgoing client to n0 (node_1:26257); loopback connection
I200320 19:15:07.062669 347 gossip/client.go:124  [n?] started gossip client to node_1:26257
I200320 19:15:07.063450 320 gossip/server.go:227  [n?] received initial cluster-verification connection from a296fffd174b:26257
I200320 19:15:07.064643 347 gossip/client.go:131  [n?] closing client to node_1:26257: stopping outgoing client to n0 (node_1:26257); loopback connection
W200320 19:15:07.885888 326 cli/start.go:634  The server appears to be unable to contact the other nodes in the cluster. Please try:

- starting the other nodes, if you haven't already;
- double-checking that the '--join' and '--listen'/'--advertise' flags are set up correctly;
- running the 'cockroach init' command if you are trying to initialize a new cluster.

If problems persist, please see https://www.cockroachlabs.com/docs/v19.2/cluster-setup-troubleshooting.html.
I200320 19:15:08.034612 330 gossip/client.go:124  [n?] started gossip client to node_1:26257
I200320 19:15:08.034982 370 gossip/server.go:227  [n?] received initial cluster-verification connection from a296fffd174b:26257
I200320 19:15:08.035500 330 gossip/client.go:131  [n?] closing client to node_1:26257: stopping outgoing client to n0 (node_1:26257); loopback connection
I200320 19:15:09.039824 336 gossip/client.go:124  [n?] started gossip client to node_1:26257
I200320 19:15:09.041952 372 gossip/server.go:227  [n?] received initial cluster-verification connection from a296fffd174b:26257
I200320 19:15:09.042315 336 gossip/client.go:131  [n?] closing client to node_1:26257: stopping outgoing client to n0 (node_1:26257); loopback connection
I200320 19:15:10.046907 373 gossip/client.go:124  [n?] started gossip client to node_1:26257
I200320 19:15:10.048009 391 gossip/server.go:227  [n?] received initial cluster-verification connection from a296fffd174b:26257
I200320 19:15:10.048164 373 gossip/client.go:131  [n?] closing client to node_1:26257: stopping outgoing client to n0 (node_1:26257); loopback connection
I200320 19:15:11.051258 392 gossip/client.go:124  [n?] started gossip client to node_1:26257
I200320 19:15:11.052041 404 gossip/server.go:227  [n?] received initial cluster-verification connection from a296fffd174b:26257
I200320 19:15:11.052642 392 gossip/client.go:131  [n?] closing client to node_1:26257: stopping outgoing client to n0 (node_1:26257); loopback connection
I200320 19:15:12.058729 359 gossip/client.go:124  [n?] started gossip client to node_1:26257
I200320 19:15:12.059113 377 gossip/server.go:227  [n?] received initial cluster-verification connection from a296fffd174b:26257
I200320 19:15:12.059735 359 gossip/client.go:131  [n?] closing client to node_1:26257: stopping outgoing client to n0 (node_1:26257); loopback connection
I200320 19:15:13.064236 381 gossip/client.go:124  [n?] started gossip client to node_1:26257
I200320 19:15:13.065148 396 gossip/server.go:227  [n?] received initial cluster-verification connection from a296fffd174b:26257
I200320 19:15:13.065575 381 gossip/client.go:131  [n?] closing client to node_1:26257: stopping outgoing client to n0 (node_1:26257); loopback connection
I200320 19:15:14.069820 408 gossip/client.go:124  [n?] started gossip client to node_1:26257
I200320 19:15:14.071034 364 gossip/server.go:227  [n?] received initial cluster-verification connection from a296fffd174b:26257
I200320 19:15:14.071473 408 gossip/client.go:131  [n?] closing client to node_1:26257: stopping outgoing client to n0 (node_1:26257); loopback connection
I200320 19:15:15.075492 365 gossip/client.go:124  [n?] started gossip client to node_1:26257
I200320 19:15:15.076058 415 gossip/server.go:227  [n?] received initial cluster-verification connection from a296fffd174b:26257
I200320 19:15:15.076308 365 gossip/client.go:131  [n?] closing client to node_1:26257: stopping outgoing client to n0 (node_1:26257); loopback connection
I200320 19:15:16.080162 400 gossip/client.go:124  [n?] started gossip client to node_1:26257
I200320 19:15:16.080729 420 gossip/server.go:227  [n?] received initial cluster-verification connection from a296fffd174b:26257
I200320 19:15:16.081156 400 gossip/client.go:131  [n?] closing client to node_1:26257: stopping outgoing client to n0 (node_1:26257); loopback connection
I200320 19:15:17.084871 436 gossip/client.go:124  [n?] started gossip client to node_1:26257
I200320 19:15:17.085469 422 gossip/server.go:227  [n?] received initial cluster-verification connection from a296fffd174b:26257
I200320 19:15:17.086192 436 gossip/client.go:131  [n?] closing client to node_1:26257: stopping outgoing client to n0 (node_1:26257); loopback connection
I200320 19:15:18.090171 368 gossip/client.go:124  [n?] started gossip client to node_1:26257
I200320 19:15:18.090697 455 gossip/server.go:227  [n?] received initial cluster-verification connection from a296fffd174b:26257
I200320 19:15:18.091036 368 gossip/client.go:131  [n?] closing client to node_1:26257: stopping outgoing client to n0 (node_1:26257); loopback connection
I200320 19:15:19.091927 459 gossip/client.go:124  [n?] started gossip client to node_1:26257
I200320 19:15:19.092678 468 gossip/server.go:227  [n?] received initial cluster-verification connection from a296fffd174b:26257
I200320 19:15:19.093241 459 gossip/client.go:131  [n?] closing client to node_1:26257: stopping outgoing client to n0 (node_1:26257); loopback connection
I200320 19:15:20.098986 439 gossip/client.go:124  [n?] started gossip client to node_1:26257
I200320 19:15:20.099906 427 gossip/server.go:227  [n?] received initial cluster-verification connection from a296fffd174b:26257
I200320 19:15:20.100036 439 gossip/client.go:131  [n?] closing client to node_1:26257: stopping outgoing client to n0 (node_1:26257); loopback connection
I200320 19:15:21.101538 470 gossip/client.go:124  [n?] started gossip client to node_1:26257
I200320 19:15:21.101921 432 gossip/server.go:227  [n?] received initial cluster-verification connection from a296fffd174b:26257
I200320 19:15:21.102180 470 gossip/client.go:131  [n?] closing client to node_1:26257: stopping outgoing client to n0 (node_1:26257); loopback connection
I200320 19:15:22.103888 484 gossip/client.go:124  [n?] started gossip client to node_1:26257
I200320 19:15:22.104272 474 gossip/server.go:227  [n?] received initial cluster-verification connection from a296fffd174b:26257
I200320 19:15:22.104656 484 gossip/client.go:131  [n?] closing client to node_1:26257: stopping outgoing client to n0 (node_1:26257); loopback connection
I200320 19:15:23.107182 478 gossip/client.go:124  [n?] started gossip client to node_1:26257
I200320 19:15:23.107852 443 gossip/server.go:227  [n?] received initial cluster-verification connection from a296fffd174b:26257
I200320 19:15:23.108467 478 gossip/client.go:131  [n?] closing client to node_1:26257: stopping outgoing client to n0 (node_1:26257); loopback connection
I200320 19:15:24.109721 465 gossip/client.go:124  [n?] started gossip client to node_1:26257
I200320 19:15:24.110130 444 gossip/server.go:227  [n?] received initial cluster-verification connection from a296fffd174b:26257
I200320 19:15:24.110750 465 gossip/client.go:131  [n?] closing client to node_1:26257: stopping outgoing client to n0 (node_1:26257); loopback connection
I200320 19:15:25.111784 501 gossip/server.go:227  [n?] received initial cluster-verification connection from a296fffd174b:26257
I200320 19:15:25.111958 488 gossip/client.go:124  [n?] started gossip client to node_1:26257
I200320 19:15:25.112252 488 gossip/client.go:131  [n?] closing client to node_1:26257: stopping outgoing client to n0 (node_1:26257); loopback connection
I200320 19:15:26.113252 495 gossip/client.go:124  [n?] started gossip client to node_1:26257
I200320 19:15:26.113675 530 gossip/server.go:227  [n?] received initial cluster-verification connection from a296fffd174b:26257
I200320 19:15:26.114012 495 gossip/client.go:131  [n?] closing client to node_1:26257: stopping outgoing client to n0 (node_1:26257); loopback connection
I200320 19:15:27.118177 520 gossip/client.go:124  [n?] started gossip client to node_1:26257
I200320 19:15:27.118612 531 gossip/server.go:227  [n?] received initial cluster-verification connection from a296fffd174b:26257
I200320 19:15:27.118896 520 gossip/client.go:131  [n?] closing client to node_1:26257: stopping outgoing client to n0 (node_1:26257); loopback connection
I200320 19:15:28.119121 526 gossip/client.go:124  [n?] started gossip client to node_1:26257
I200320 19:15:28.119572 546 gossip/server.go:227  [n?] received initial cluster-verification connection from a296fffd174b:26257
I200320 19:15:28.119718 526 gossip/client.go:131  [n?] closing client to node_1:26257: stopping outgoing client to n0 (node_1:26257); loopback connection
I200320 19:15:29.121849 535 gossip/client.go:124  [n?] started gossip client to node_1:26257
I200320 19:15:29.122455 447 gossip/server.go:227  [n?] received initial cluster-verification connection from a296fffd174b:26257
I200320 19:15:29.122562 535 gossip/client.go:131  [n?] closing client to node_1:26257: stopping outgoing client to n0 (node_1:26257); loopback connection
I200320 19:15:30.124108 448 gossip/client.go:124  [n?] started gossip client to node_1:26257
I200320 19:15:30.124687 564 gossip/server.go:227  [n?] received initial cluster-verification connection from a296fffd174b:26257
I200320 19:15:30.124883 448 gossip/client.go:131  [n?] closing client to node_1:26257: stopping outgoing client to n0 (node_1:26257); loopback connection
I200320 19:15:31.127297 554 gossip/client.go:124  [n?] started gossip client to node_1:26257
I200320 19:15:31.127756 539 gossip/server.go:227  [n?] received initial cluster-verification connection from a296fffd174b:26257
I200320 19:15:31.128092 554 gossip/client.go:131  [n?] closing client to node_1:26257: stopping outgoing client to n0 (node_1:26257); loopback connection
I200320 19:15:32.132627 558 gossip/client.go:124  [n?] started gossip client to node_1:26257
I200320 19:15:32.132951 504 gossip/server.go:227  [n?] received initial cluster-verification connection from a296fffd174b:26257
I200320 19:15:32.133287 558 gossip/client.go:131  [n?] closing client to node_1:26257: stopping outgoing client to n0 (node_1:26257); loopback connection
I200320 19:15:33.135647 581 gossip/server.go:227  [n?] received initial cluster-verification connection from a296fffd174b:26257
I200320 19:15:33.135829 568 gossip/client.go:124  [n?] started gossip client to node_1:26257
I200320 19:15:33.135961 568 gossip/client.go:131  [n?] closing client to node_1:26257: stopping outgoing client to n0 (node_1:26257); loopback connection
I200320 19:15:34.139993 543 gossip/client.go:124  [n?] started gossip client to node_1:26257
I200320 19:15:34.140276 506 gossip/server.go:227  [n?] received initial cluster-verification connection from a296fffd174b:26257
I200320 19:15:34.140970 543 gossip/client.go:131  [n?] closing client to node_1:26257: stopping outgoing client to n0 (node_1:26257); loopback connection
I200320 19:15:35.144602 571 gossip/client.go:124  [n?] started gossip client to node_1:26257
I200320 19:15:35.145813 508 gossip/server.go:227  [n?] received initial cluster-verification connection from a296fffd174b:26257
I200320 19:15:35.146238 571 gossip/client.go:131  [n?] closing client to node_1:26257: stopping outgoing client to n0 (node_1:26257); loopback connection
I200320 19:15:36.146924 509 gossip/client.go:124  [n?] started gossip client to node_1:26257
I200320 19:15:36.147684 583 gossip/server.go:227  [n?] received initial cluster-verification connection from a296fffd174b:26257
I200320 19:15:36.148131 509 gossip/client.go:131  [n?] closing client to node_1:26257: stopping outgoing client to n0 (node_1:26257); loopback connection
I200320 19:15:37.150448 601 gossip/client.go:124  [n?] started gossip client to node_1:26257
I200320 19:15:37.151126 612 gossip/server.go:227  [n?] received initial cluster-verification connection from a296fffd174b:26257
I200320 19:15:37.151725 601 gossip/client.go:131  [n?] closing client to node_1:26257: stopping outgoing client to n0 (node_1:26257); loopback connection
I200320 19:15:38.119306 585 gossip/client.go:124  [n?] started gossip client to node_1:26257
I200320 19:15:38.119702 575 gossip/server.go:227  [n?] received initial cluster-verification connection from a296fffd174b:26257
I200320 19:15:38.120106 585 gossip/client.go:131  [n?] closing client to node_1:26257: stopping outgoing client to n0 (node_1:26257); loopback connection
I200320 19:15:39.120727 588 gossip/client.go:124  [n?] started gossip client to node_1:26257
I200320 19:15:39.121083 592 gossip/server.go:227  [n?] received initial cluster-verification connection from a296fffd174b:26257
I200320 19:15:39.121639 588 gossip/client.go:131  [n?] closing client to node_1:26257: stopping outgoing client to n0 (node_1:26257); loopback connection
I200320 19:15:40.123788 616 gossip/client.go:124  [n?] started gossip client to node_1:26257
I200320 19:15:40.124179 626 gossip/server.go:227  [n?] received initial cluster-verification connection from a296fffd174b:26257
I200320 19:15:40.124388 616 gossip/client.go:131  [n?] closing client to node_1:26257: stopping outgoing client to n0 (node_1:26257); loopback connection
I200320 19:15:41.127373 643 gossip/client.go:124  [n?] started gossip client to node_1:26257
I200320 19:15:41.127891 628 gossip/server.go:227  [n?] received initial cluster-verification connection from a296fffd174b:26257
I200320 19:15:41.128252 643 gossip/client.go:131  [n?] closing client to node_1:26257: stopping outgoing client to n0 (node_1:26257); loopback connection
I200320 19:15:42.130369 646 gossip/client.go:124  [n?] started gossip client to node_1:26257
I200320 19:15:42.131161 630 gossip/server.go:227  [n?] received initial cluster-verification connection from a296fffd174b:26257
I200320 19:15:42.131400 646 gossip/client.go:131  [n?] closing client to node_1:26257: stopping outgoing client to n0 (node_1:26257); loopback connection
I200320 19:15:43.134050 652 gossip/client.go:124  [n?] started gossip client to node_1:26257
I200320 19:15:43.134901 577 gossip/server.go:227  [n?] received initial cluster-verification connection from a296fffd174b:26257
I200320 19:15:43.135130 652 gossip/client.go:131  [n?] closing client to node_1:26257: stopping outgoing client to n0 (node_1:26257); loopback connection
I200320 19:15:44.138328 625 gossip/client.go:124  [n?] started gossip client to node_1:26257
I200320 19:15:44.138844 662 gossip/server.go:227  [n?] received initial cluster-verification connection from a296fffd174b:26257
I200320 19:15:44.139291 625 gossip/client.go:131  [n?] closing client to node_1:26257: stopping outgoing client to n0 (node_1:26257); loopback connection
I200320 19:15:45.143244 676 gossip/client.go:124  [n?] started gossip client to node_1:26257
I200320 19:15:45.143670 667 gossip/server.go:227  [n?] received initial cluster-verification connection from a296fffd174b:26257
I200320 19:15:45.143934 676 gossip/client.go:131  [n?] closing client to node_1:26257: stopping outgoing client to n0 (node_1:26257); loopback connection
I200320 19:15:46.144883 635 gossip/client.go:124  [n?] started gossip client to node_1:26257
I200320 19:15:46.145681 680 gossip/server.go:227  [n?] received initial cluster-verification connection from a296fffd174b:26257
I200320 19:15:46.145919 635 gossip/client.go:131  [n?] closing client to node_1:26257: stopping outgoing client to n0 (node_1:26257); loopback connection
I200320 19:15:47.147124 682 gossip/client.go:124  [n?] started gossip client to node_1:26257
I200320 19:15:47.147674 669 gossip/server.go:227  [n?] received initial cluster-verification connection from a296fffd174b:26257
I200320 19:15:47.147781 682 gossip/client.go:131  [n?] closing client to node_1:26257: stopping outgoing client to n0 (node_1:26257); loopback connection
I200320 19:15:48.149229 641 gossip/client.go:124  [n?] started gossip client to node_1:26257
I200320 19:15:48.149395 686 gossip/server.go:227  [n?] received initial cluster-verification connection from a296fffd174b:26257
I200320 19:15:48.149907 641 gossip/client.go:131  [n?] closing client to node_1:26257: stopping outgoing client to n0 (node_1:26257); loopback connection
I200320 19:15:49.150834 695 gossip/client.go:124  [n?] started gossip client to node_1:26257
I200320 19:15:49.151111 671 gossip/server.go:227  [n?] received initial cluster-verification connection from a296fffd174b:26257
I200320 19:15:49.151456 695 gossip/client.go:131  [n?] closing client to node_1:26257: stopping outgoing client to n0 (node_1:26257); loopback connection
I200320 19:15:50.152389 702 gossip/client.go:124  [n?] started gossip client to node_1:26257
I200320 19:15:50.152889 707 gossip/server.go:227  [n?] received initial cluster-verification connection from a296fffd174b:26257
I200320 19:15:50.153554 702 gossip/client.go:131  [n?] closing client to node_1:26257: stopping outgoing client to n0 (node_1:26257); loopback connection
I200320 19:15:51.156179 708 gossip/client.go:124  [n?] started gossip client to node_1:26257
I200320 19:15:51.156469 712 gossip/server.go:227  [n?] received initial cluster-verification connection from a296fffd174b:26257
I200320 19:15:51.156729 708 gossip/client.go:131  [n?] closing client to node_1:26257: stopping outgoing client to n0 (node_1:26257); loopback connection
I200320 19:15:52.158414 713 gossip/client.go:124  [n?] started gossip client to node_1:26257
I200320 19:15:52.158907 688 gossip/server.go:227  [n?] received initial cluster-verification connection from a296fffd174b:26257
I200320 19:15:52.159245 713 gossip/client.go:131  [n?] closing client to node_1:26257: stopping outgoing client to n0 (node_1:26257); loopback connection
I200320 19:15:53.160108 743 gossip/client.go:124  [n?] started gossip client to node_1:26257
I200320 19:15:53.161055 725 gossip/server.go:227  [n?] received initial cluster-verification connection from a296fffd174b:26257
I200320 19:15:53.161188 743 gossip/client.go:131  [n?] closing client to node_1:26257: stopping outgoing client to n0 (node_1:26257); loopback connection
I200320 19:15:54.163854 746 gossip/client.go:124  [n?] started gossip client to node_1:26257
I200320 19:15:54.164324 730 gossip/server.go:227  [n?] received initial cluster-verification connection from a296fffd174b:26257
I200320 19:15:54.164725 746 gossip/client.go:131  [n?] closing client to node_1:26257: stopping outgoing client to n0 (node_1:26257); loopback connection
I200320 19:15:55.165427 752 gossip/client.go:124  [n?] started gossip client to node_1:26257
I200320 19:15:55.165909 756 gossip/server.go:227  [n?] received initial cluster-verification connection from a296fffd174b:26257
I200320 19:15:55.166231 752 gossip/client.go:131  [n?] closing client to node_1:26257: stopping outgoing client to n0 (node_1:26257); loopback connection
I200320 19:15:56.167676 716 gossip/client.go:124  [n?] started gossip client to node_1:26257
I200320 19:15:56.168001 720 gossip/server.go:227  [n?] received initial cluster-verification connection from a296fffd174b:26257
I200320 19:15:56.168337 716 gossip/client.go:131  [n?] closing client to node_1:26257: stopping outgoing client to n0 (node_1:26257); loopback connection
I200320 19:15:57.169456 773 gossip/client.go:124  [n?] started gossip client to node_1:26257
I200320 19:15:57.169833 758 gossip/server.go:227  [n?] received initial cluster-verification connection from a296fffd174b:26257
I200320 19:15:57.170010 773 gossip/client.go:131  [n?] closing client to node_1:26257: stopping outgoing client to n0 (node_1:26257); loopback connection
I200320 19:15:58.171087 779 gossip/client.go:124  [n?] started gossip client to node_1:26257
I200320 19:15:58.171664 783 gossip/server.go:227  [n?] received initial cluster-verification connection from a296fffd174b:26257
I200320 19:15:58.171879 779 gossip/client.go:131  [n?] closing client to node_1:26257: stopping outgoing client to n0 (node_1:26257); loopback connection
I200320 19:15:59.173622 731 gossip/client.go:124  [n?] started gossip client to node_1:26257
I200320 19:15:59.173922 760 gossip/server.go:227  [n?] received initial cluster-verification connection from a296fffd174b:26257
I200320 19:15:59.174253 731 gossip/client.go:131  [n?] closing client to node_1:26257: stopping outgoing client to n0 (node_1:26257); loopback connection
I200320 19:16:00.175411 764 gossip/client.go:124  [n?] started gossip client to node_1:26257
I200320 19:16:00.175707 790 gossip/server.go:227  [n?] received initial cluster-verification connection from a296fffd174b:26257
I200320 19:16:00.176346 764 gossip/client.go:131  [n?] closing client to node_1:26257: stopping outgoing client to n0 (node_1:26257); loopback connection
I200320 19:16:01.177539 818 gossip/client.go:124  [n?] started gossip client to node_1:26257
I200320 19:16:01.177753 804 gossip/server.go:227  [n?] received initial cluster-verification connection from a296fffd174b:26257
I200320 19:16:01.178027 818 gossip/client.go:131  [n?] closing client to node_1:26257: stopping outgoing client to n0 (node_1:26257); loopback connection
I200320 19:16:02.179149 791 gossip/client.go:124  [n?] started gossip client to node_1:26257
I200320 19:16:02.179456 735 gossip/server.go:227  [n?] received initial cluster-verification connection from a296fffd174b:26257
I200320 19:16:02.179657 791 gossip/client.go:131  [n?] closing client to node_1:26257: stopping outgoing client to n0 (node_1:26257); loopback connection
I200320 19:16:03.180992 794 gossip/client.go:124  [n?] started gossip client to node_1:26257
I200320 19:16:03.181238 823 gossip/server.go:227  [n?] received initial cluster-verification connection from a296fffd174b:26257
I200320 19:16:03.181699 794 gossip/client.go:131  [n?] closing client to node_1:26257: stopping outgoing client to n0 (node_1:26257); loopback connection
I200320 19:16:04.184321 797 gossip/client.go:124  [n?] started gossip client to node_1:26257
I200320 19:16:04.184910 828 gossip/server.go:227  [n?] received initial cluster-verification connection from a296fffd174b:26257
I200320 19:16:04.186740 797 gossip/client.go:131  [n?] closing client to node_1:26257: stopping outgoing client to n0 (node_1:26257); loopback connection
I200320 19:16:05.188194 835 gossip/client.go:124  [n?] started gossip client to node_1:26257
I200320 19:16:05.189234 839 gossip/server.go:227  [n?] received initial cluster-verification connection from a296fffd174b:26257
I200320 19:16:05.189996 835 gossip/client.go:131  [n?] closing client to node_1:26257: stopping outgoing client to n0 (node_1:26257); loopback connection
I200320 19:16:06.191139 811 gossip/client.go:124  [n?] started gossip client to node_1:26257
I200320 19:16:06.192076 841 gossip/server.go:227  [n?] received initial cluster-verification connection from a296fffd174b:26257
I200320 19:16:06.193131 811 gossip/client.go:131  [n?] closing client to node_1:26257: stopping outgoing client to n0 (node_1:26257); loopback connection
I200320 19:16:07.197044 845 gossip/client.go:124  [n?] started gossip client to node_1:26257
I200320 19:16:07.197549 849 gossip/server.go:227  [n?] received initial cluster-verification connection from a296fffd174b:26257
I200320 19:16:07.197811 845 gossip/client.go:131  [n?] closing client to node_1:26257: stopping outgoing client to n0 (node_1:26257); loopback connection
I200320 19:16:08.166527 833 gossip/client.go:124  [n?] started gossip client to node_1:26257
I200320 19:16:08.166967 854 gossip/server.go:227  [n?] received initial cluster-verification connection from a296fffd174b:26257
I200320 19:16:08.167432 833 gossip/client.go:131  [n?] closing client to node_1:26257: stopping outgoing client to n0 (node_1:26257); loopback connection
I200320 19:16:09.171869 871 gossip/client.go:124  [n?] started gossip client to node_1:26257
I200320 19:16:09.172582 737 gossip/server.go:227  [n?] received initial cluster-verification connection from a296fffd174b:26257
I200320 19:16:09.173359 871 gossip/client.go:131  [n?] closing client to node_1:26257: stopping outgoing client to n0 (node_1:26257); loopback connection
I200320 19:16:10.174871 855 gossip/client.go:124  [n?] started gossip client to node_1:26257
I200320 19:16:10.175390 883 gossip/server.go:227  [n?] received initial cluster-verification connection from a296fffd174b:26257
I200320 19:16:10.175796 855 gossip/client.go:131  [n?] closing client to node_1:26257: stopping outgoing client to n0 (node_1:26257); loopback connection
I200320 19:16:11.181521 887 gossip/client.go:124  [n?] started gossip client to node_1:26257
I200320 19:16:11.181895 875 gossip/server.go:227  [n?] received initial cluster-verification connection from a296fffd174b:26257
I200320 19:16:11.182236 887 gossip/client.go:131  [n?] closing client to node_1:26257: stopping outgoing client to n0 (node_1:26257); loopback connection
I200320 19:16:12.185984 893 gossip/client.go:124  [n?] started gossip client to node_1:26257
I200320 19:16:12.187000 897 gossip/server.go:227  [n?] received initial cluster-verification connection from a296fffd174b:26257
I200320 19:16:12.187535 893 gossip/client.go:131  [n?] closing client to node_1:26257: stopping outgoing client to n0 (node_1:26257); loopback connection
I200320 19:16:13.193132 902 gossip/server.go:227  [n?] received initial cluster-verification connection from a296fffd174b:26257
I200320 19:16:13.193229 876 gossip/client.go:124  [n?] started gossip client to node_1:26257
I200320 19:16:13.193420 876 gossip/client.go:131  [n?] closing client to node_1:26257: stopping outgoing client to n0 (node_1:26257); loopback connection
I200320 19:16:14.193176 917 gossip/client.go:124  [n?] started gossip client to node_1:26257
I200320 19:16:14.193498 905 gossip/server.go:227  [n?] received initial cluster-verification connection from a296fffd174b:26257
I200320 19:16:14.194128 917 gossip/client.go:131  [n?] closing client to node_1:26257: stopping outgoing client to n0 (node_1:26257); loopback connection
I200320 19:16:15.195239 878 gossip/client.go:124  [n?] started gossip client to node_1:26257
I200320 19:16:15.195530 921 gossip/server.go:227  [n?] received initial cluster-verification connection from a296fffd174b:26257
I200320 19:16:15.195994 878 gossip/client.go:131  [n?] closing client to node_1:26257: stopping outgoing client to n0 (node_1:26257); loopback connection
I200320 19:16:16.200541 863 gossip/client.go:124  [n?] started gossip client to node_1:26257
I200320 19:16:16.202230 923 gossip/server.go:227  [n?] received initial cluster-verification connection from a296fffd174b:26257
I200320 19:16:16.203094 863 gossip/client.go:131  [n?] closing client to node_1:26257: stopping outgoing client to n0 (node_1:26257); loopback connection
I200320 19:16:17.207087 909 gossip/client.go:124  [n?] started gossip client to node_1:26257
I200320 19:16:17.207491 925 gossip/server.go:227  [n?] received initial cluster-verification connection from a296fffd174b:26257
I200320 19:16:17.207927 909 gossip/client.go:131  [n?] closing client to node_1:26257: stopping outgoing client to n0 (node_1:26257); loopback connection
I200320 19:16:18.209170 947 gossip/client.go:124  [n?] started gossip client to node_1:26257
I200320 19:16:18.209524 962 gossip/server.go:227  [n?] received initial cluster-verification connection from a296fffd174b:26257
I200320 19:16:18.209738 947 gossip/client.go:131  [n?] closing client to node_1:26257: stopping outgoing client to n0 (node_1:26257); loopback connection
I200320 19:16:19.214326 963 gossip/client.go:124  [n?] started gossip client to node_1:26257
I200320 19:16:19.215155 956 gossip/server.go:227  [n?] received initial cluster-verification connection from a296fffd174b:26257
I200320 19:16:19.215497 963 gossip/client.go:131  [n?] closing client to node_1:26257: stopping outgoing client to n0 (node_1:26257); loopback connection
I200320 19:16:20.220831 934 gossip/client.go:124  [n?] started gossip client to node_1:26257
I200320 19:16:20.223811 928 gossip/server.go:227  [n?] received initial cluster-verification connection from a296fffd174b:26257
I200320 19:16:20.224089 934 gossip/client.go:131  [n?] closing client to node_1:26257: stopping outgoing client to n0 (node_1:26257); loopback connection
I200320 19:16:21.231201 967 gossip/client.go:124  [n?] started gossip client to node_1:26257
I200320 19:16:21.231391 938 gossip/server.go:227  [n?] received initial cluster-verification connection from a296fffd174b:26257
I200320 19:16:21.231856 967 gossip/client.go:131  [n?] closing client to node_1:26257: stopping outgoing client to n0 (node_1:26257); loopback connection
I200320 19:16:22.236256 960 gossip/client.go:124  [n?] started gossip client to node_1:26257
I200320 19:16:22.237047 996 gossip/server.go:227  [n?] received initial cluster-verification connection from a296fffd174b:26257
I200320 19:16:22.237411 960 gossip/client.go:131  [n?] closing client to node_1:26257: stopping outgoing client to n0 (node_1:26257); loopback connection
I200320 19:16:23.241415 984 gossip/client.go:124  [n?] started gossip client to node_1:26257
I200320 19:16:23.242017 971 gossip/server.go:227  [n?] received initial cluster-verification connection from a296fffd174b:26257
I200320 19:16:23.243144 984 gossip/client.go:131  [n?] closing client to node_1:26257: stopping outgoing client to n0 (node_1:26257); loopback connection
I200320 19:16:24.247785 942 gossip/client.go:124  [n?] started gossip client to node_1:26257
I200320 19:16:24.248430 988 gossip/server.go:227  [n?] received initial cluster-verification connection from a296fffd174b:26257
I200320 19:16:24.248858 942 gossip/client.go:131  [n?] closing client to node_1:26257: stopping outgoing client to n0 (node_1:26257); loopback connection
I200320 19:16:25.254299 989 gossip/client.go:124  [n?] started gossip client to node_1:26257
I200320 19:16:25.254833 1010 gossip/server.go:227  [n?] received initial cluster-verification connection from a296fffd174b:26257
I200320 19:16:25.255154 989 gossip/client.go:131  [n?] closing client to node_1:26257: stopping outgoing client to n0 (node_1:26257); loopback connection
I200320 19:16:26.256544 1015 gossip/client.go:124  [n?] started gossip client to node_1:26257
I200320 19:16:26.256861 973 gossip/server.go:227  [n?] received initial cluster-verification connection from a296fffd174b:26257
I200320 19:16:26.257194 1015 gossip/client.go:131  [n?] closing client to node_1:26257: stopping outgoing client to n0 (node_1:26257); loopback connection
I200320 19:16:27.265770 1018 gossip/client.go:124  [n?] started gossip client to node_1:26257
I200320 19:16:27.266550 1026 gossip/server.go:227  [n?] received initial cluster-verification connection from a296fffd174b:26257
I200320 19:16:27.267124 1018 gossip/client.go:131  [n?] closing client to node_1:26257: stopping outgoing client to n0 (node_1:26257); loopback connection
I200320 19:16:28.271202 1021 gossip/client.go:124  [n?] started gossip client to node_1:26257
I200320 19:16:28.271731 1001 gossip/server.go:227  [n?] received initial cluster-verification connection from a296fffd174b:26257
I200320 19:16:28.272324 1021 gossip/client.go:131  [n?] closing client to node_1:26257: stopping outgoing client to n0 (node_1:26257); loopback connection
I200320 19:16:29.275312 1030 gossip/client.go:124  [n?] started gossip client to node_1:26257
I200320 19:16:29.276078 1042 gossip/server.go:227  [n?] received initial cluster-verification connection from a296fffd174b:26257
I200320 19:16:29.276461 1030 gossip/client.go:131  [n?] closing client to node_1:26257: stopping outgoing client to n0 (node_1:26257); loopback connection
I200320 19:16:30.281845 1034 gossip/server.go:227  [n?] received initial cluster-verification connection from a296fffd174b:26257
I200320 19:16:30.280884 1005 gossip/client.go:124  [n?] started gossip client to node_1:26257
I200320 19:16:30.282075 1005 gossip/client.go:131  [n?] closing client to node_1:26257: stopping outgoing client to n0 (node_1:26257); loopback connection
I200320 19:16:31.285492 1058 gossip/client.go:124  [n?] started gossip client to node_1:26257
I200320 19:16:31.286267 1062 gossip/server.go:227  [n?] received initial cluster-verification connection from a296fffd174b:26257
I200320 19:16:31.286898 1058 gossip/client.go:131  [n?] closing client to node_1:26257: stopping outgoing client to n0 (node_1:26257); loopback connection
I200320 19:16:32.288473 1038 gossip/client.go:124  [n?] started gossip client to node_1:26257
I200320 19:16:32.289741 1050 gossip/server.go:227  [n?] received initial cluster-verification connection from a296fffd174b:26257
I200320 19:16:32.290183 1038 gossip/client.go:131  [n?] closing client to node_1:26257: stopping outgoing client to n0 (node_1:26257); loopback connection
I200320 19:16:33.292324 1041 gossip/client.go:124  [n?] started gossip client to node_1:26257
I200320 19:16:33.292945 1055 gossip/server.go:227  [n?] received initial cluster-verification connection from a296fffd174b:26257
I200320 19:16:33.293314 1041 gossip/client.go:131  [n?] closing client to node_1:26257: stopping outgoing client to n0 (node_1:26257); loopback connection
I200320 19:16:34.295356 1067 gossip/client.go:124  [n?] started gossip client to node_1:26257
I200320 19:16:34.296385 1007 gossip/server.go:227  [n?] received initial cluster-verification connection from a296fffd174b:26257
I200320 19:16:34.296931 1067 gossip/client.go:131  [n?] closing client to node_1:26257: stopping outgoing client to n0 (node_1:26257); loopback connection
I200320 19:16:35.302401 1073 gossip/client.go:124  [n?] started gossip client to node_1:26257
I200320 19:16:35.303776 1078 gossip/server.go:227  [n?] received initial cluster-verification connection from a296fffd174b:26257
I200320 19:16:35.304097 1073 gossip/client.go:131  [n?] closing client to node_1:26257: stopping outgoing client to n0 (node_1:26257); loopback connection
I200320 19:16:36.308277 1092 gossip/client.go:124  [n?] started gossip client to node_1:26257
I200320 19:16:36.308764 1080 gossip/server.go:227  [n?] received initial cluster-verification connection from a296fffd174b:26257
I200320 19:16:36.309784 1092 gossip/client.go:131  [n?] closing client to node_1:26257: stopping outgoing client to n0 (node_1:26257); loopback connection
I200320 19:16:37.282403 1110 gossip/client.go:124  [n?] started gossip client to node_1:26257
I200320 19:16:37.283274 1082 gossip/server.go:227  [n?] received initial cluster-verification connection from a296fffd174b:26257
I200320 19:16:37.283917 1110 gossip/client.go:131  [n?] closing client to node_1:26257: stopping outgoing client to n0 (node_1:26257); loopback connection
I200320 19:16:38.284901 1086 gossip/client.go:124  [n?] started gossip client to node_1:26257
I200320 19:16:38.285277 1122 gossip/server.go:227  [n?] received initial cluster-verification connection from a296fffd174b:26257
I200320 19:16:38.285722 1086 gossip/client.go:131  [n?] closing client to node_1:26257: stopping outgoing client to n0 (node_1:26257); loopback connection
I200320 19:16:39.289013 1123 gossip/client.go:124  [n?] started gossip client to node_1:26257
I200320 19:16:39.289938 1125 gossip/server.go:227  [n?] received initial cluster-verification connection from a296fffd174b:26257
I200320 19:16:39.290149 1123 gossip/client.go:131  [n?] closing client to node_1:26257: stopping outgoing client to n0 (node_1:26257); loopback connection
I200320 19:16:40.291921 1098 gossip/client.go:124  [n?] started gossip client to node_1:26257
I200320 19:16:40.292266 1120 gossip/server.go:227  [n?] received initial cluster-verification connection from a296fffd174b:26257
I200320 19:16:40.292486 1098 gossip/client.go:131  [n?] closing client to node_1:26257: stopping outgoing client to n0 (node_1:26257); loopback connection
I200320 19:16:41.301763 1139 gossip/client.go:124  [n?] started gossip client to node_1:26257
I200320 19:16:41.304134 1102 gossip/server.go:227  [n?] received initial cluster-verification connection from a296fffd174b:26257
I200320 19:16:41.304509 1139 gossip/client.go:131  [n?] closing client to node_1:26257: stopping outgoing client to n0 (node_1:26257); loopback connection
I200320 19:16:42.305626 1154 gossip/client.go:124  [n?] started gossip client to node_1:26257
I200320 19:16:42.306209 1127 gossip/server.go:227  [n?] received initial cluster-verification connection from a296fffd174b:26257
I200320 19:16:42.307061 1154 gossip/client.go:131  [n?] closing client to node_1:26257: stopping outgoing client to n0 (node_1:26257); loopback connection
I200320 19:16:43.311510 1170 gossip/client.go:124  [n?] started gossip client to node_1:26257
I200320 19:16:43.312137 1161 gossip/server.go:227  [n?] received initial cluster-verification connection from a296fffd174b:26257
I200320 19:16:43.312366 1170 gossip/client.go:131  [n?] closing client to node_1:26257: stopping outgoing client to n0 (node_1:26257); loopback connection
I200320 19:16:44.316386 1142 gossip/client.go:124  [n?] started gossip client to node_1:26257
I200320 19:16:44.317643 1174 gossip/server.go:227  [n?] received initial cluster-verification connection from a296fffd174b:26257
I200320 19:16:44.318032 1142 gossip/client.go:131  [n?] closing client to node_1:26257: stopping outgoing client to n0 (node_1:26257); loopback connection
I200320 19:16:45.318932 1178 gossip/client.go:124  [n?] started gossip client to node_1:26257
I200320 19:16:45.319443 1146 gossip/server.go:227  [n?] received initial cluster-verification connection from a296fffd174b:26257
I200320 19:16:45.319849 1178 gossip/client.go:131  [n?] closing client to node_1:26257: stopping outgoing client to n0 (node_1:26257); loopback connection
I200320 19:16:46.325576 1131 gossip/client.go:124  [n?] started gossip client to node_1:26257
I200320 19:16:46.326574 1180 gossip/server.go:227  [n?] received initial cluster-verification connection from a296fffd174b:26257
I200320 19:16:46.327111 1131 gossip/client.go:131  [n?] closing client to node_1:26257: stopping outgoing client to n0 (node_1:26257); loopback connection
I200320 19:16:47.330780 1150 gossip/client.go:124  [n?] started gossip client to node_1:26257
I200320 19:16:47.332194 1188 gossip/server.go:227  [n?] received initial cluster-verification connection from a296fffd174b:26257
I200320 19:16:47.333205 1150 gossip/client.go:131  [n?] closing client to node_1:26257: stopping outgoing client to n0 (node_1:26257); loopback connection
I200320 19:16:48.335280 1181 gossip/client.go:124  [n?] started gossip client to node_1:26257
I200320 19:16:48.337311 1136 gossip/server.go:227  [n?] received initial cluster-verification connection from a296fffd174b:26257
I200320 19:16:48.337608 1181 gossip/client.go:131  [n?] closing client to node_1:26257: stopping outgoing client to n0 (node_1:26257); loopback connection
I200320 19:16:49.341255 1192 gossip/client.go:124  [n?] started gossip client to node_1:26257
I200320 19:16:49.342171 1202 gossip/server.go:227  [n?] received initial cluster-verification connection from a296fffd174b:26257
I200320 19:16:49.342558 1192 gossip/client.go:131  [n?] closing client to node_1:26257: stopping outgoing client to n0 (node_1:26257); loopback connection
I200320 19:16:50.344705 1137 gossip/client.go:124  [n?] started gossip client to node_1:26257
I200320 19:16:50.345366 1196 gossip/server.go:227  [n?] received initial cluster-verification connection from a296fffd174b:26257
I200320 19:16:50.346059 1137 gossip/client.go:131  [n?] closing client to node_1:26257: stopping outgoing client to n0 (node_1:26257); loopback connection
I200320 19:16:51.347346 1207 gossip/client.go:124  [n?] started gossip client to node_1:26257
I200320 19:16:51.347671 1221 gossip/server.go:227  [n?] received initial cluster-verification connection from a296fffd174b:26257
I200320 19:16:51.348062 1207 gossip/client.go:131  [n?] closing client to node_1:26257: stopping outgoing client to n0 (node_1:26257); loopback connection
I200320 19:16:52.349301 1213 gossip/client.go:124  [n?] started gossip client to node_1:26257
I200320 19:16:52.349679 1185 gossip/server.go:227  [n?] received initial cluster-verification connection from a296fffd174b:26257
I200320 19:16:52.349910 1213 gossip/client.go:131  [n?] closing client to node_1:26257: stopping outgoing client to n0 (node_1:26257); loopback connection
I200320 19:16:53.352208 1222 gossip/client.go:124  [n?] started gossip client to node_1:26257
I200320 19:16:53.352519 1238 gossip/server.go:227  [n?] received initial cluster-verification connection from a296fffd174b:26257
I200320 19:16:53.352969 1222 gossip/client.go:131  [n?] closing client to node_1:26257: stopping outgoing client to n0 (node_1:26257); loopback connection
I200320 19:16:54.354152 1242 gossip/client.go:124  [n?] started gossip client to node_1:26257
I200320 19:16:54.354561 1244 gossip/server.go:227  [n?] received initial cluster-verification connection from a296fffd174b:26257
I200320 19:16:54.354936 1242 gossip/client.go:131  [n?] closing client to node_1:26257: stopping outgoing client to n0 (node_1:26257); loopback connection
I200320 19:16:55.356056 1248 gossip/client.go:124  [n?] started gossip client to node_1:26257
I200320 19:16:55.356559 1252 gossip/server.go:227  [n?] received initial cluster-verification connection from a296fffd174b:26257
I200320 19:16:55.357217 1248 gossip/client.go:131  [n?] closing client to node_1:26257: stopping outgoing client to n0 (node_1:26257); loopback connection
I200320 19:16:56.359987 1270 gossip/client.go:124  [n?] started gossip client to node_1:26257
I200320 19:16:56.360597 1274 gossip/server.go:227  [n?] received initial cluster-verification connection from a296fffd174b:26257
I200320 19:16:56.361108 1270 gossip/client.go:131  [n?] closing client to node_1:26257: stopping outgoing client to n0 (node_1:26257); loopback connection
I200320 19:16:57.364506 1284 gossip/client.go:124  [n?] started gossip client to node_1:26257
I200320 19:16:57.365463 1288 gossip/server.go:227  [n?] received initial cluster-verification connection from a296fffd174b:26257
I200320 19:16:57.366162 1284 gossip/client.go:131  [n?] closing client to node_1:26257: stopping outgoing client to n0 (node_1:26257); loopback connection
I200320 19:16:58.368744 1289 gossip/client.go:124  [n?] started gossip client to node_1:26257
I200320 19:16:58.369528 1226 gossip/server.go:227  [n?] received initial cluster-verification connection from a296fffd174b:26257
I200320 19:16:58.370067 1289 gossip/client.go:131  [n?] closing client to node_1:26257: stopping outgoing client to n0 (node_1:26257); loopback connection
I200320 19:16:59.373927 1281 gossip/client.go:124  [n?] started gossip client to node_1:26257
I200320 19:16:59.374691 1293 gossip/server.go:227  [n?] received initial cluster-verification connection from a296fffd174b:26257
I200320 19:16:59.375204 1281 gossip/client.go:131  [n?] closing client to node_1:26257: stopping outgoing client to n0 (node_1:26257); loopback connection
I200320 19:17:00.377688 1257 gossip/client.go:124  [n?] started gossip client to node_1:26257
I200320 19:17:00.378198 1228 gossip/server.go:227  [n?] received initial cluster-verification connection from a296fffd174b:26257
I200320 19:17:00.378565 1257 gossip/client.go:131  [n?] closing client to node_1:26257: stopping outgoing client to n0 (node_1:26257); loopback connection
I200320 19:17:01.379785 1303 gossip/client.go:124  [n?] started gossip client to node_1:26257
I200320 19:17:01.380239 1295 gossip/server.go:227  [n?] received initial cluster-verification connection from a296fffd174b:26257
I200320 19:17:01.380572 1303 gossip/client.go:131  [n?] closing client to node_1:26257: stopping outgoing client to n0 (node_1:26257); loopback connection
I200320 19:17:02.386634 1263 gossip/client.go:124  [n?] started gossip client to node_1:26257
I200320 19:17:02.387329 1233 gossip/server.go:227  [n?] received initial cluster-verification connection from a296fffd174b:26257
I200320 19:17:02.388415 1263 gossip/client.go:131  [n?] closing client to node_1:26257: stopping outgoing client to n0 (node_1:26257); loopback connection
I200320 19:17:03.391234 1317 gossip/client.go:124  [n?] started gossip client to node_1:26257
I200320 19:17:03.392362 1321 gossip/server.go:227  [n?] received initial cluster-verification connection from a296fffd174b:26257
I200320 19:17:03.392734 1317 gossip/client.go:131  [n?] closing client to node_1:26257: stopping outgoing client to n0 (node_1:26257); loopback connection
I200320 19:17:04.392297 1296 gossip/client.go:124  [n?] started gossip client to node_1:26257
I200320 19:17:04.392655 1332 gossip/server.go:227  [n?] received initial cluster-verification connection from a296fffd174b:26257
I200320 19:17:04.393017 1296 gossip/client.go:131  [n?] closing client to node_1:26257: stopping outgoing client to n0 (node_1:26257); loopback connection
I200320 19:17:05.394382 1309 gossip/client.go:124  [n?] started gossip client to node_1:26257
I200320 19:17:05.394607 1327 gossip/server.go:227  [n?] received initial cluster-verification connection from a296fffd174b:26257
I200320 19:17:05.394917 1309 gossip/client.go:131  [n?] closing client to node_1:26257: stopping outgoing client to n0 (node_1:26257); loopback connection
I200320 19:17:06.397761 1347 gossip/client.go:124  [n?] started gossip client to node_1:26257
I200320 19:17:06.398333 1265 gossip/server.go:227  [n?] received initial cluster-verification connection from a296fffd174b:26257
I200320 19:17:06.398707 1347 gossip/client.go:131  [n?] closing client to node_1:26257: stopping outgoing client to n0 (node_1:26257); loopback connection
I200320 19:17:07.367776 1328 gossip/client.go:124  [n?] started gossip client to node_1:26257
I200320 19:17:07.368456 1334 gossip/server.go:227  [n?] received initial cluster-verification connection from a296fffd174b:26257
I200320 19:17:07.368929 1328 gossip/client.go:131  [n?] closing client to node_1:26257: stopping outgoing client to n0 (node_1:26257); loopback connection
I200320 19:17:08.371753 1366 gossip/client.go:124  [n?] started gossip client to node_1:26257
I200320 19:17:08.372669 1336 gossip/server.go:227  [n?] received initial cluster-verification connection from a296fffd174b:26257
I200320 19:17:08.373277 1366 gossip/client.go:131  [n?] closing client to node_1:26257: stopping outgoing client to n0 (node_1:26257); loopback connection
I200320 19:17:09.376434 1372 gossip/client.go:124  [n?] started gossip client to node_1:26257
I200320 19:17:09.377163 1379 gossip/server.go:227  [n?] received initial cluster-verification connection from a296fffd174b:26257
I200320 19:17:09.377510 1372 gossip/client.go:131  [n?] closing client to node_1:26257: stopping outgoing client to n0 (node_1:26257); loopback connection
I200320 19:17:10.382503 1394 gossip/client.go:124  [n?] started gossip client to node_1:26257
I200320 19:17:10.383329 1398 gossip/server.go:227  [n?] received initial cluster-verification connection from a296fffd174b:26257
I200320 19:17:10.383765 1394 gossip/client.go:131  [n?] closing client to node_1:26257: stopping outgoing client to n0 (node_1:26257); loopback connection
I200320 19:17:11.384649 1399 gossip/client.go:124  [n?] started gossip client to node_1:26257
I200320 19:17:11.385129 1355 gossip/server.go:227  [n?] received initial cluster-verification connection from a296fffd174b:26257
I200320 19:17:11.385562 1399 gossip/client.go:131  [n?] closing client to node_1:26257: stopping outgoing client to n0 (node_1:26257); loopback connection
I200320 19:17:12.386538 1384 gossip/client.go:124  [n?] started gossip client to node_1:26257
I200320 19:17:12.386956 1357 gossip/server.go:227  [n?] received initial cluster-verification connection from a296fffd174b:26257
I200320 19:17:12.387643 1384 gossip/client.go:131  [n?] closing client to node_1:26257: stopping outgoing client to n0 (node_1:26257); loopback connection
I200320 19:17:13.389414 1389 gossip/client.go:124  [n?] started gossip client to node_1:26257
I200320 19:17:13.389953 1393 gossip/server.go:227  [n?] received initial cluster-verification connection from a296fffd174b:26257
I200320 19:17:13.390441 1389 gossip/client.go:131  [n?] closing client to node_1:26257: stopping outgoing client to n0 (node_1:26257); loopback connection
I200320 19:17:14.394960 1359 gossip/server.go:227  [n?] received initial cluster-verification connection from a296fffd174b:26257
I200320 19:17:14.395485 1402 gossip/client.go:124  [n?] started gossip client to node_1:26257
I200320 19:17:14.395858 1402 gossip/client.go:131  [n?] closing client to node_1:26257: stopping outgoing client to n0 (node_1:26257); loopback connection
I200320 19:17:15.397355 1345 gossip/client.go:124  [n?] started gossip client to node_1:26257
I200320 19:17:15.398537 1361 gossip/server.go:227  [n?] received initial cluster-verification connection from a296fffd174b:26257
I200320 19:17:15.398802 1345 gossip/client.go:131  [n?] closing client to node_1:26257: stopping outgoing client to n0 (node_1:26257); loopback connection
I200320 19:17:16.399430 1405 gossip/client.go:124  [n?] started gossip client to node_1:26257
I200320 19:17:16.400071 1409 gossip/server.go:227  [n?] received initial cluster-verification connection from a296fffd174b:26257
I200320 19:17:16.400335 1405 gossip/client.go:131  [n?] closing client to node_1:26257: stopping outgoing client to n0 (node_1:26257); loopback connection
I200320 19:17:17.403286 1428 gossip/server.go:227  [n?] received initial cluster-verification connection from a296fffd174b:26257
I200320 19:17:17.403638 1449 gossip/client.go:124  [n?] started gossip client to node_1:26257
I200320 19:17:17.403825 1449 gossip/client.go:131  [n?] closing client to node_1:26257: stopping outgoing client to n0 (node_1:26257); loopback connection
I200320 19:17:18.408517 1458 gossip/client.go:124  [n?] started gossip client to node_1:26257
I200320 19:17:18.408851 1430 gossip/server.go:227  [n?] received initial cluster-verification connection from a296fffd174b:26257
I200320 19:17:18.409407 1458 gossip/client.go:131  [n?] closing client to node_1:26257: stopping outgoing client to n0 (node_1:26257); loopback connection
I200320 19:17:19.410930 1461 gossip/client.go:124  [n?] started gossip client to node_1:26257
I200320 19:17:19.411317 1465 gossip/server.go:227  [n?] received initial cluster-verification connection from a296fffd174b:26257
I200320 19:17:19.411524 1461 gossip/client.go:131  [n?] closing client to node_1:26257: stopping outgoing client to n0 (node_1:26257); loopback connection
I200320 19:17:20.413637 1467 gossip/client.go:124  [n?] started gossip client to node_1:26257
I200320 19:17:20.413957 1471 gossip/server.go:227  [n?] received initial cluster-verification connection from a296fffd174b:26257
I200320 19:17:20.414309 1467 gossip/client.go:131  [n?] closing client to node_1:26257: stopping outgoing client to n0 (node_1:26257); loopback connection
I200320 19:17:21.416095 1431 gossip/client.go:124  [n?] started gossip client to node_1:26257
I200320 19:17:21.416694 1473 gossip/server.go:227  [n?] received initial cluster-verification connection from a296fffd174b:26257
I200320 19:17:21.416857 1431 gossip/client.go:131  [n?] closing client to node_1:26257: stopping outgoing client to n0 (node_1:26257); loopback connection
I200320 19:17:22.418270 1490 gossip/client.go:124  [n?] started gossip client to node_1:26257
I200320 19:17:22.418713 1494 gossip/server.go:227  [n?] received initial cluster-verification connection from a296fffd174b:26257
I200320 19:17:22.419421 1490 gossip/client.go:131  [n?] closing client to node_1:26257: stopping outgoing client to n0 (node_1:26257); loopback connection
I200320 19:17:23.420419 1480 gossip/client.go:124  [n?] started gossip client to node_1:26257
I200320 19:17:23.421323 1422 gossip/server.go:227  [n?] received initial cluster-verification connection from a296fffd174b:26257
I200320 19:17:23.421482 1480 gossip/client.go:131  [n?] closing client to node_1:26257: stopping outgoing client to n0 (node_1:26257); loopback connection
I200320 19:17:24.421840 1483 gossip/client.go:124  [n?] started gossip client to node_1:26257
I200320 19:17:24.422489 1424 gossip/server.go:227  [n?] received initial cluster-verification connection from a296fffd174b:26257
I200320 19:17:24.422945 1483 gossip/client.go:131  [n?] closing client to node_1:26257: stopping outgoing client to n0 (node_1:26257); loopback connection
I200320 19:17:25.424046 1498 gossip/client.go:124  [n?] started gossip client to node_1:26257
I200320 19:17:25.424705 1509 gossip/server.go:227  [n?] received initial cluster-verification connection from a296fffd174b:26257
I200320 19:17:25.424938 1498 gossip/client.go:131  [n?] closing client to node_1:26257: stopping outgoing client to n0 (node_1:26257); loopback connection
I200320 19:17:26.426737 1486 gossip/client.go:124  [n?] started gossip client to node_1:26257
I200320 19:17:26.427369 1511 gossip/server.go:227  [n?] received initial cluster-verification connection from a296fffd174b:26257
I200320 19:17:26.427647 1486 gossip/client.go:131  [n?] closing client to node_1:26257: stopping outgoing client to n0 (node_1:26257); loopback connection
I200320 19:17:27.433363 1524 gossip/client.go:124  [n?] started gossip client to node_1:26257
I200320 19:17:27.435223 1513 gossip/server.go:227  [n?] received initial cluster-verification connection from a296fffd174b:26257
I200320 19:17:27.435917 1524 gossip/client.go:131  [n?] closing client to node_1:26257: stopping outgoing client to n0 (node_1:26257); loopback connection
I200320 19:17:28.435592 1434 gossip/client.go:124  [n?] started gossip client to node_1:26257
I200320 19:17:28.436233 1538 gossip/server.go:227  [n?] received initial cluster-verification connection from a296fffd174b:26257
I200320 19:17:28.436463 1434 gossip/client.go:131  [n?] closing client to node_1:26257: stopping outgoing client to n0 (node_1:26257); loopback connection
I200320 19:17:29.437274 1543 gossip/client.go:124  [n?] started gossip client to node_1:26257
I200320 19:17:29.437658 1518 gossip/server.go:227  [n?] received initial cluster-verification connection from a296fffd174b:26257
I200320 19:17:29.438161 1543 gossip/client.go:131  [n?] closing client to node_1:26257: stopping outgoing client to n0 (node_1:26257); loopback connection
I200320 19:17:30.439298 1437 gossip/client.go:124  [n?] started gossip client to node_1:26257
I200320 19:17:30.439648 1550 gossip/server.go:227  [n?] received initial cluster-verification connection from a296fffd174b:26257
I200320 19:17:30.439947 1437 gossip/client.go:131  [n?] closing client to node_1:26257: stopping outgoing client to n0 (node_1:26257); loopback connection
I200320 19:17:31.442763 1551 gossip/client.go:124  [n?] started gossip client to node_1:26257
I200320 19:17:31.443496 1520 gossip/server.go:227  [n?] received initial cluster-verification connection from a296fffd174b:26257
I200320 19:17:31.443789 1551 gossip/client.go:131  [n?] closing client to node_1:26257: stopping outgoing client to n0 (node_1:26257); loopback connection
I200320 19:17:32.446675 1557 gossip/client.go:124  [n?] started gossip client to node_1:26257
I200320 19:17:32.447178 1559 gossip/server.go:227  [n?] received initial cluster-verification connection from a296fffd174b:26257
I200320 19:17:32.447621 1557 gossip/client.go:131  [n?] closing client to node_1:26257: stopping outgoing client to n0 (node_1:26257); loopback connection
I200320 19:17:33.448890 1560 gossip/client.go:124  [n?] started gossip client to node_1:26257
I200320 19:17:33.449298 1587 gossip/server.go:227  [n?] received initial cluster-verification connection from a296fffd174b:26257
I200320 19:17:33.449454 1560 gossip/client.go:131  [n?] closing client to node_1:26257: stopping outgoing client to n0 (node_1:26257); loopback connection
I200320 19:17:34.452943 1563 gossip/client.go:124  [n?] started gossip client to node_1:26257
I200320 19:17:34.454657 1567 gossip/server.go:227  [n?] received initial cluster-verification connection from a296fffd174b:26257
I200320 19:17:34.455397 1563 gossip/client.go:131  [n?] closing client to node_1:26257: stopping outgoing client to n0 (node_1:26257); loopback connection
I200320 19:17:35.455320 1568 gossip/client.go:124  [n?] started gossip client to node_1:26257
I200320 19:17:35.455869 1575 gossip/server.go:227  [n?] received initial cluster-verification connection from a296fffd174b:26257
I200320 19:17:35.456160 1568 gossip/client.go:131  [n?] closing client to node_1:26257: stopping outgoing client to n0 (node_1:26257); loopback connection
I200320 19:17:36.458909 1536 gossip/client.go:124  [n?] started gossip client to node_1:26257
I200320 19:17:36.460279 1577 gossip/server.go:227  [n?] received initial cluster-verification connection from a296fffd174b:26257
I200320 19:17:36.460773 1536 gossip/client.go:131  [n?] closing client to node_1:26257: stopping outgoing client to n0 (node_1:26257); loopback connection
I200320 19:17:37.431754 1591 gossip/client.go:124  [n?] started gossip client to node_1:26257
I200320 19:17:37.432466 1607 gossip/server.go:227  [n?] received initial cluster-verification connection from a296fffd174b:26257
I200320 19:17:37.432896 1591 gossip/client.go:131  [n?] closing client to node_1:26257: stopping outgoing client to n0 (node_1:26257); loopback connection
I200320 19:17:38.433856 1622 gossip/client.go:124  [n?] started gossip client to node_1:26257
I200320 19:17:38.434140 1595 gossip/server.go:227  [n?] received initial cluster-verification connection from a296fffd174b:26257
I200320 19:17:38.434370 1622 gossip/client.go:131  [n?] closing client to node_1:26257: stopping outgoing client to n0 (node_1:26257); loopback connection
I200320 19:17:39.438921 1599 gossip/client.go:124  [n?] started gossip client to node_1:26257
I200320 19:17:39.439455 1626 gossip/server.go:227  [n?] received initial cluster-verification connection from a296fffd174b:26257
I200320 19:17:39.439606 1599 gossip/client.go:131  [n?] closing client to node_1:26257: stopping outgoing client to n0 (node_1:26257); loopback connection
I200320 19:17:40.443858 1627 gossip/client.go:124  [n?] started gossip client to node_1:26257
I200320 19:17:40.444794 1638 gossip/server.go:227  [n?] received initial cluster-verification connection from a296fffd174b:26257
I200320 19:17:40.445498 1627 gossip/client.go:131  [n?] closing client to node_1:26257: stopping outgoing client to n0 (node_1:26257); loopback connection
I200320 19:17:41.447138 1582 gossip/client.go:124  [n?] started gossip client to node_1:26257
I200320 19:17:41.447833 1640 gossip/server.go:227  [n?] received initial cluster-verification connection from a296fffd174b:26257
I200320 19:17:41.448023 1582 gossip/client.go:131  [n?] closing client to node_1:26257: stopping outgoing client to n0 (node_1:26257); loopback connection
I200320 19:17:42.452952 1644 gossip/client.go:124  [n?] started gossip client to node_1:26257
I200320 19:17:42.453849 1631 gossip/server.go:227  [n?] received initial cluster-verification connection from a296fffd174b:26257
I200320 19:17:42.454102 1644 gossip/client.go:131  [n?] closing client to node_1:26257: stopping outgoing client to n0 (node_1:26257); loopback connection
I200320 19:17:43.458177 1651 gossip/client.go:124  [n?] started gossip client to node_1:26257
I200320 19:17:43.458895 1610 gossip/server.go:227  [n?] received initial cluster-verification connection from a296fffd174b:26257
I200320 19:17:43.459451 1651 gossip/client.go:131  [n?] closing client to node_1:26257: stopping outgoing client to n0 (node_1:26257); loopback connection
I200320 19:17:44.463069 1614 gossip/client.go:124  [n?] started gossip client to node_1:26257
I200320 19:17:44.464820 1667 gossip/server.go:227  [n?] received initial cluster-verification connection from a296fffd174b:26257
I200320 19:17:44.464999 1614 gossip/client.go:131  [n?] closing client to node_1:26257: stopping outgoing client to n0 (node_1:26257); loopback connection
I200320 19:17:45.467538 1682 gossip/client.go:124  [n?] started gossip client to node_1:26257
I200320 19:17:45.467821 1698 gossip/server.go:227  [n?] received initial cluster-verification connection from a296fffd174b:26257
I200320 19:17:45.468287 1682 gossip/client.go:131  [n?] closing client to node_1:26257: stopping outgoing client to n0 (node_1:26257); loopback connection
I200320 19:17:46.471338 1668 gossip/client.go:124  [n?] started gossip client to node_1:26257
I200320 19:17:46.471895 1655 gossip/server.go:227  [n?] received initial cluster-verification connection from a296fffd174b:26257
I200320 19:17:46.472549 1668 gossip/client.go:131  [n?] closing client to node_1:26257: stopping outgoing client to n0 (node_1:26257); loopback connection
I200320 19:17:47.472997 1689 gossip/client.go:124  [n?] started gossip client to node_1:26257
I200320 19:17:47.473626 1700 gossip/server.go:227  [n?] received initial cluster-verification connection from a296fffd174b:26257
I200320 19:17:47.473813 1689 gossip/client.go:131  [n?] closing client to node_1:26257: stopping outgoing client to n0 (node_1:26257); loopback connection
I200320 19:17:48.478691 1701 gossip/client.go:124  [n?] started gossip client to node_1:26257
I200320 19:17:48.478805 1660 gossip/server.go:227  [n?] received initial cluster-verification connection from a296fffd174b:26257
I200320 19:17:48.479111 1701 gossip/client.go:131  [n?] closing client to node_1:26257: stopping outgoing client to n0 (node_1:26257); loopback connection
I200320 19:17:49.480451 1661 gossip/client.go:124  [n?] started gossip client to node_1:26257
I200320 19:17:49.480710 1675 gossip/server.go:227  [n?] received initial cluster-verification connection from a296fffd174b:26257
I200320 19:17:49.480998 1661 gossip/client.go:131  [n?] closing client to node_1:26257: stopping outgoing client to n0 (node_1:26257); loopback connection
I200320 19:17:50.488660 1715 gossip/client.go:124  [n?] started gossip client to node_1:26257
I200320 19:17:50.489676 1730 gossip/server.go:227  [n?] received initial cluster-verification connection from a296fffd174b:26257
I200320 19:17:50.490504 1715 gossip/client.go:131  [n?] closing client to node_1:26257: stopping outgoing client to n0 (node_1:26257); loopback connection
I200320 19:17:51.493017 1677 gossip/client.go:124  [n?] started gossip client to node_1:26257
I200320 19:17:51.493745 1720 gossip/server.go:227  [n?] received initial cluster-verification connection from a296fffd174b:26257
I200320 19:17:51.494624 1677 gossip/client.go:131  [n?] closing client to node_1:26257: stopping outgoing client to n0 (node_1:26257); loopback connection
I200320 19:17:52.497883 1680 gossip/client.go:124  [n?] started gossip client to node_1:26257
I200320 19:17:52.498795 1705 gossip/server.go:227  [n?] received initial cluster-verification connection from a296fffd174b:26257
I200320 19:17:52.499394 1680 gossip/client.go:131  [n?] closing client to node_1:26257: stopping outgoing client to n0 (node_1:26257); loopback connection
I200320 19:17:53.502861 1721 gossip/client.go:124  [n?] started gossip client to node_1:26257
I200320 19:17:53.503895 1708 gossip/server.go:227  [n?] received initial cluster-verification connection from a296fffd174b:26257
I200320 19:17:53.504357 1721 gossip/client.go:131  [n?] closing client to node_1:26257: stopping outgoing client to n0 (node_1:26257); loopback connection
I200320 19:17:54.507098 1739 gossip/client.go:124  [n?] started gossip client to node_1:26257
I200320 19:17:54.507819 1748 gossip/server.go:227  [n?] received initial cluster-verification connection from a296fffd174b:26257
I200320 19:17:54.508049 1739 gossip/client.go:131  [n?] closing client to node_1:26257: stopping outgoing client to n0 (node_1:26257); loopback connection
I200320 19:17:55.511627 1722 gossip/client.go:124  [n?] started gossip client to node_1:26257
I200320 19:17:55.512041 1713 gossip/server.go:227  [n?] received initial cluster-verification connection from a296fffd174b:26257
I200320 19:17:55.512437 1722 gossip/client.go:131  [n?] closing client to node_1:26257: stopping outgoing client to n0 (node_1:26257); loopback connection
I200320 19:17:56.517459 1765 gossip/client.go:124  [n?] started gossip client to node_1:26257
I200320 19:17:56.518360 1743 gossip/server.go:227  [n?] received initial cluster-verification connection from a296fffd174b:26257
I200320 19:17:56.518844 1765 gossip/client.go:131  [n?] closing client to node_1:26257: stopping outgoing client to n0 (node_1:26257); loopback connection
I200320 19:17:57.522305 1768 gossip/client.go:124  [n?] started gossip client to node_1:26257
I200320 19:17:57.522798 1780 gossip/server.go:227  [n?] received initial cluster-verification connection from a296fffd174b:26257
I200320 19:17:57.523776 1768 gossip/client.go:131  [n?] closing client to node_1:26257: stopping outgoing client to n0 (node_1:26257); loopback connection
I200320 19:17:58.526808 1781 gossip/client.go:124  [n?] started gossip client to node_1:26257
I200320 19:17:58.526958 1726 gossip/server.go:227  [n?] received initial cluster-verification connection from a296fffd174b:26257
I200320 19:17:58.527151 1781 gossip/client.go:131  [n?] closing client to node_1:26257: stopping outgoing client to n0 (node_1:26257); loopback connection
I200320 19:17:59.533124 1756 gossip/client.go:124  [n?] started gossip client to node_1:26257
I200320 19:17:59.533687 1728 gossip/server.go:227  [n?] received initial cluster-verification connection from a296fffd174b:26257
I200320 19:17:59.534130 1756 gossip/client.go:131  [n?] closing client to node_1:26257: stopping outgoing client to n0 (node_1:26257); loopback connection
I200320 19:18:00.537397 1784 gossip/client.go:124  [n?] started gossip client to node_1:26257
I200320 19:18:00.538692 1794 gossip/server.go:227  [n?] received initial cluster-verification connection from a296fffd174b:26257
I200320 19:18:00.539159 1784 gossip/client.go:131  [n?] closing client to node_1:26257: stopping outgoing client to n0 (node_1:26257); loopback connection
I200320 19:18:01.542834 1810 gossip/client.go:124  [n?] started gossip client to node_1:26257
I200320 19:18:01.543986 1827 gossip/server.go:227  [n?] received initial cluster-verification connection from a296fffd174b:26257
I200320 19:18:01.544473 1810 gossip/client.go:131  [n?] closing client to node_1:26257: stopping outgoing client to n0 (node_1:26257); loopback connection
I200320 19:18:02.547776 1788 gossip/client.go:124  [n?] started gossip client to node_1:26257
I200320 19:18:02.548474 1792 gossip/server.go:227  [n?] received initial cluster-verification connection from a296fffd174b:26257
I200320 19:18:02.548954 1788 gossip/client.go:131  [n?] closing client to node_1:26257: stopping outgoing client to n0 (node_1:26257); loopback connection
I200320 19:18:03.550296 1834 gossip/client.go:124  [n?] started gossip client to node_1:26257
I200320 19:18:03.550684 1796 gossip/server.go:227  [n?] received initial cluster-verification connection from a296fffd174b:26257
I200320 19:18:03.551110 1834 gossip/client.go:131  [n?] closing client to node_1:26257: stopping outgoing client to n0 (node_1:26257); loopback connection
I200320 19:18:04.552398 1800 gossip/client.go:124  [n?] started gossip client to node_1:26257
I200320 19:18:04.553055 1838 gossip/server.go:227  [n?] received initial cluster-verification connection from a296fffd174b:26257
I200320 19:18:04.553472 1800 gossip/client.go:131  [n?] closing client to node_1:26257: stopping outgoing client to n0 (node_1:26257); loopback connection
I200320 19:18:05.556806 1813 gossip/client.go:124  [n?] started gossip client to node_1:26257
I200320 19:18:05.557493 1804 gossip/server.go:227  [n?] received initial cluster-verification connection from a296fffd174b:26257
I200320 19:18:05.558063 1813 gossip/client.go:131  [n?] closing client to node_1:26257: stopping outgoing client to n0 (node_1:26257); loopback connection
I200320 19:18:06.560467 1847 gossip/client.go:124  [n?] started gossip client to node_1:26257
I200320 19:18:06.561058 1806 gossip/server.go:227  [n?] received initial cluster-verification connection from a296fffd174b:26257
I200320 19:18:06.561402 1847 gossip/client.go:131  [n?] closing client to node_1:26257: stopping outgoing client to n0 (node_1:26257); loopback connection
I200320 19:18:07.527576 1807 gossip/client.go:124  [n?] started gossip client to node_1:26257
I200320 19:18:07.527881 1854 gossip/server.go:227  [n?] received initial cluster-verification connection from a296fffd174b:26257
I200320 19:18:07.528460 1807 gossip/client.go:131  [n?] closing client to node_1:26257: stopping outgoing client to n0 (node_1:26257); loopback connection
I200320 19:18:08.529728 1855 gossip/client.go:124  [n?] started gossip client to node_1:26257
I200320 19:18:08.530135 1821 gossip/server.go:227  [n?] received initial cluster-verification connection from a296fffd174b:26257
I200320 19:18:08.530282 1855 gossip/client.go:131  [n?] closing client to node_1:26257: stopping outgoing client to n0 (node_1:26257); loopback connection
I200320 19:18:09.533155 1861 gossip/client.go:124  [n?] started gossip client to node_1:26257
I200320 19:18:09.534055 1877 gossip/server.go:227  [n?] received initial cluster-verification connection from a296fffd174b:26257
I200320 19:18:09.534749 1861 gossip/client.go:131  [n?] closing client to node_1:26257: stopping outgoing client to n0 (node_1:26257); loopback connection
I200320 19:18:10.534677 1881 gossip/client.go:124  [n?] started gossip client to node_1:26257
I200320 19:18:10.535020 1841 gossip/server.go:227  [n?] received initial cluster-verification connection from a296fffd174b:26257
I200320 19:18:10.535218 1881 gossip/client.go:131  [n?] closing client to node_1:26257: stopping outgoing client to n0 (node_1:26257); loopback connection
I200320 19:18:11.538254 1822 gossip/client.go:124  [n?] started gossip client to node_1:26257
I200320 19:18:11.538592 1863 gossip/server.go:227  [n?] received initial cluster-verification connection from a296fffd174b:26257
I200320 19:18:11.538930 1822 gossip/client.go:131  [n?] closing client to node_1:26257: stopping outgoing client to n0 (node_1:26257); loopback connection
I200320 19:18:12.541262 1864 gossip/client.go:124  [n?] started gossip client to node_1:26257
I200320 19:18:12.541839 1907 gossip/server.go:227  [n?] received initial cluster-verification connection from a296fffd174b:26257
I200320 19:18:12.542599 1864 gossip/client.go:131  [n?] closing client to node_1:26257: stopping outgoing client to n0 (node_1:26257); loopback connection
I200320 19:18:13.546041 1908 gossip/client.go:124  [n?] started gossip client to node_1:26257
I200320 19:18:13.546658 1889 gossip/server.go:227  [n?] received initial cluster-verification connection from a296fffd174b:26257
I200320 19:18:13.546902 1908 gossip/client.go:131  [n?] closing client to node_1:26257: stopping outgoing client to n0 (node_1:26257); loopback connection
I200320 19:18:14.524706 1 cli/start.go:865  received signal 'terminated'
I200320 19:18:14.525403 1 cli/start.go:930  initiating graceful shutdown of server
I200320 19:18:14.526129 1 cli/start.go:981  too early to drain; used hard shutdown instead
