I200321 08:21:26.932059 41 util/log/clog.go:1196  [config] file created at: 2020/03/21 08:21:26
I200321 08:21:26.932059 41 util/log/clog.go:1196  [config] running on machine: db9313ae3e97
I200321 08:21:26.932059 41 util/log/clog.go:1196  [config] binary: CockroachDB CCL v19.2.4 (x86_64-unknown-linux-gnu, built 2020/02/06 21:55:19, go1.12.12)
I200321 08:21:26.932059 41 util/log/clog.go:1196  [config] arguments: [/cockroach/cockroach start --insecure --join=node_1]
I200321 08:21:26.932059 41 util/log/clog.go:1196  line format: [IWEF]yymmdd hh:mm:ss.uuuuuu goid file:line msg utf8=✓
I200321 08:21:26.932045 41 storage/engine/rocksdb.go:120  RocksDB version: 6.2.1
I200321 08:21:26.939955 41 storage/engine/rocksdb.go:120  Git sha rocksdb_build_git_sha:@b7009236531fa784872f4823eabf393501e41bf2@
I200321 08:21:26.940090 41 storage/engine/rocksdb.go:120  Compile date Feb  6 2020
I200321 08:21:26.940117 41 storage/engine/rocksdb.go:120  DB SUMMARY
I200321 08:21:26.943069 41 storage/engine/rocksdb.go:120  SST files in /cockroach/cockroach-data/cockroach-temp306093148 dir, Total Num: 0, files: 
I200321 08:21:27.000770 41 storage/engine/rocksdb.go:120  Write Ahead Log file in /cockroach/cockroach-data/cockroach-temp306093148: 
I200321 08:21:27.000807 41 storage/engine/rocksdb.go:120                          Options.error_if_exists: 0
I200321 08:21:27.000851 41 storage/engine/rocksdb.go:120                        Options.create_if_missing: 1
I200321 08:21:27.000873 41 storage/engine/rocksdb.go:120                          Options.paranoid_checks: 1
I200321 08:21:27.000946 41 storage/engine/rocksdb.go:120                                      Options.env: 0x756aca0
I200321 08:21:27.001006 41 storage/engine/rocksdb.go:120                                 Options.info_log: 0x7f71d6019140
I200321 08:21:27.001029 41 storage/engine/rocksdb.go:120                 Options.max_file_opening_threads: 16
I200321 08:21:27.001048 41 storage/engine/rocksdb.go:120                               Options.statistics: 0x7f71d6029010
I200321 08:21:27.001067 41 storage/engine/rocksdb.go:120                                Options.use_fsync: 0
I200321 08:21:27.001108 41 storage/engine/rocksdb.go:120                        Options.max_log_file_size: 0
I200321 08:21:27.001138 41 storage/engine/rocksdb.go:120                   Options.max_manifest_file_size: 134217728
I200321 08:21:27.001183 41 storage/engine/rocksdb.go:120                    Options.log_file_time_to_roll: 0
I200321 08:21:27.001214 41 storage/engine/rocksdb.go:120                        Options.keep_log_file_num: 1000
I200321 08:21:27.001234 41 storage/engine/rocksdb.go:120                     Options.recycle_log_file_num: 1
I200321 08:21:27.001252 41 storage/engine/rocksdb.go:120                          Options.allow_fallocate: 1
I200321 08:21:27.001271 41 storage/engine/rocksdb.go:120                         Options.allow_mmap_reads: 0
I200321 08:21:27.001290 41 storage/engine/rocksdb.go:120                        Options.allow_mmap_writes: 0
I200321 08:21:27.001334 41 storage/engine/rocksdb.go:120                         Options.use_direct_reads: 0
I200321 08:21:27.001354 41 storage/engine/rocksdb.go:120                         Options.use_direct_io_for_flush_and_compaction: 0
I200321 08:21:27.001373 41 storage/engine/rocksdb.go:120           Options.create_missing_column_families: 0
I200321 08:21:27.001412 41 storage/engine/rocksdb.go:120                               Options.db_log_dir: 
I200321 08:21:27.001478 41 storage/engine/rocksdb.go:120                                  Options.wal_dir: /cockroach/cockroach-data/cockroach-temp306093148
I200321 08:21:27.001503 41 storage/engine/rocksdb.go:120                 Options.table_cache_numshardbits: 6
I200321 08:21:27.001558 41 storage/engine/rocksdb.go:120                       Options.max_subcompactions: 1
I200321 08:21:27.001718 41 storage/engine/rocksdb.go:120                   Options.max_background_flushes: -1
I200321 08:21:27.001744 41 storage/engine/rocksdb.go:120                          Options.WAL_ttl_seconds: 0
I200321 08:21:27.001795 41 storage/engine/rocksdb.go:120                        Options.WAL_size_limit_MB: 0
I200321 08:21:27.001886 41 storage/engine/rocksdb.go:120              Options.manifest_preallocation_size: 4194304
I200321 08:21:27.001939 41 storage/engine/rocksdb.go:120                      Options.is_fd_close_on_exec: 1
I200321 08:21:27.001967 41 storage/engine/rocksdb.go:120                    Options.advise_random_on_open: 1
I200321 08:21:27.001986 41 storage/engine/rocksdb.go:120                     Options.db_write_buffer_size: 0
I200321 08:21:27.002007 41 storage/engine/rocksdb.go:120                     Options.write_buffer_manager: 0x7f71d6091030
I200321 08:21:27.002026 41 storage/engine/rocksdb.go:120          Options.access_hint_on_compaction_start: 1
I200321 08:21:27.002045 41 storage/engine/rocksdb.go:120   Options.new_table_reader_for_compaction_inputs: 0
I200321 08:21:27.002064 41 storage/engine/rocksdb.go:120            Options.random_access_max_buffer_size: 1048576
I200321 08:21:27.002083 41 storage/engine/rocksdb.go:120                       Options.use_adaptive_mutex: 0
I200321 08:21:27.002102 41 storage/engine/rocksdb.go:120                             Options.rate_limiter: (nil)
I200321 08:21:27.002122 41 storage/engine/rocksdb.go:120      Options.sst_file_manager.rate_bytes_per_sec: 0
I200321 08:21:27.002141 41 storage/engine/rocksdb.go:120                        Options.wal_recovery_mode: 0
I200321 08:21:27.002160 41 storage/engine/rocksdb.go:120                   Options.enable_thread_tracking: 0
I200321 08:21:27.002179 41 storage/engine/rocksdb.go:120                   Options.enable_pipelined_write: 0
I200321 08:21:27.002220 41 storage/engine/rocksdb.go:120          Options.allow_concurrent_memtable_write: 1
I200321 08:21:27.002260 41 storage/engine/rocksdb.go:120       Options.enable_write_thread_adaptive_yield: 1
I200321 08:21:27.002293 41 storage/engine/rocksdb.go:120              Options.write_thread_max_yield_usec: 100
I200321 08:21:27.002384 41 storage/engine/rocksdb.go:120             Options.write_thread_slow_yield_usec: 3
I200321 08:21:27.002420 41 storage/engine/rocksdb.go:120                                Options.row_cache: None
I200321 08:21:27.002455 41 storage/engine/rocksdb.go:120                               Options.wal_filter: None
I200321 08:21:27.002479 41 storage/engine/rocksdb.go:120              Options.avoid_flush_during_recovery: 0
I200321 08:21:27.002504 41 storage/engine/rocksdb.go:120              Options.allow_ingest_behind: 0
I200321 08:21:27.002528 41 storage/engine/rocksdb.go:120              Options.preserve_deletes: 0
I200321 08:21:27.002552 41 storage/engine/rocksdb.go:120              Options.two_write_queues: 0
I200321 08:21:27.002596 41 storage/engine/rocksdb.go:120              Options.manual_wal_flush: 1
I200321 08:21:27.002753 41 storage/engine/rocksdb.go:120              Options.atomic_flush: 0
I200321 08:21:27.002945 41 storage/engine/rocksdb.go:120              Options.avoid_unnecessary_blocking_io: 0
I200321 08:21:27.002966 41 storage/engine/rocksdb.go:120              Options.max_background_jobs: 4
I200321 08:21:27.003122 41 storage/engine/rocksdb.go:120              Options.max_background_compactions: -1
I200321 08:21:27.003149 41 storage/engine/rocksdb.go:120              Options.avoid_flush_during_shutdown: 0
I200321 08:21:27.003500 41 storage/engine/rocksdb.go:120            Options.writable_file_max_buffer_size: 1048576
I200321 08:21:27.003520 41 storage/engine/rocksdb.go:120              Options.delayed_write_rate : 16777216
I200321 08:21:27.003540 41 storage/engine/rocksdb.go:120              Options.max_total_wal_size: 0
I200321 08:21:27.003554 41 storage/engine/rocksdb.go:120              Options.delete_obsolete_files_period_micros: 21600000000
I200321 08:21:27.003574 41 storage/engine/rocksdb.go:120                    Options.stats_dump_period_sec: 0
I200321 08:21:27.003690 41 storage/engine/rocksdb.go:120                  Options.stats_persist_period_sec: 600
I200321 08:21:27.003713 41 storage/engine/rocksdb.go:120                  Options.stats_history_buffer_size: 1048576
I200321 08:21:27.003940 41 storage/engine/rocksdb.go:120                           Options.max_open_files: 128
I200321 08:21:27.004102 41 storage/engine/rocksdb.go:120                           Options.bytes_per_sync: 524288
I200321 08:21:27.004124 41 storage/engine/rocksdb.go:120                       Options.wal_bytes_per_sync: 0
I200321 08:21:27.004751 41 storage/engine/rocksdb.go:120                    Options.strict_bytes_per_sync: 1
I200321 08:21:27.004783 41 storage/engine/rocksdb.go:120        Options.compaction_readahead_size: 0
I200321 08:21:27.004803 41 storage/engine/rocksdb.go:120  Compression algorithms supported:
I200321 08:21:27.004823 41 storage/engine/rocksdb.go:120  	kZSTDNotFinalCompression supported: 0
I200321 08:21:27.004841 41 storage/engine/rocksdb.go:120  	kZSTD supported: 0
I200321 08:21:27.004871 41 storage/engine/rocksdb.go:120  	kXpressCompression supported: 0
I200321 08:21:27.004886 41 storage/engine/rocksdb.go:120  	kLZ4HCCompression supported: 0
I200321 08:21:27.004905 41 storage/engine/rocksdb.go:120  	kLZ4Compression supported: 0
I200321 08:21:27.004919 41 storage/engine/rocksdb.go:120  	kBZip2Compression supported: 0
I200321 08:21:27.004935 41 storage/engine/rocksdb.go:120  	kZlibCompression supported: 0
I200321 08:21:27.004949 41 storage/engine/rocksdb.go:120  	kSnappyCompression supported: 1
I200321 08:21:27.004980 41 storage/engine/rocksdb.go:120  Fast CRC32 supported: Supported on x86
I200321 08:21:27.012524 41 storage/engine/rocksdb.go:120  [db/db_impl_open.cc:242] Creating manifest 1 
I200321 08:21:27.041175 41 storage/engine/rocksdb.go:120  [db/version_set.cc:4072] Recovering from manifest file: /cockroach/cockroach-data/cockroach-temp306093148/MANIFEST-000001
I200321 08:21:27.044385 41 storage/engine/rocksdb.go:120  [db/column_family.cc:488] --------------- Options for column family [default]:
I200321 08:21:27.044412 41 storage/engine/rocksdb.go:120                Options.comparator: cockroach_comparator
I200321 08:21:27.044432 41 storage/engine/rocksdb.go:120            Options.merge_operator: cockroach_merge_operator
I200321 08:21:27.044453 41 storage/engine/rocksdb.go:120         Options.compaction_filter: None
I200321 08:21:27.044472 41 storage/engine/rocksdb.go:120         Options.compaction_filter_factory: None
I200321 08:21:27.044487 41 storage/engine/rocksdb.go:120          Options.memtable_factory: SkipListFactory
I200321 08:21:27.044507 41 storage/engine/rocksdb.go:120             Options.table_factory: BlockBasedTable
I200321 08:21:27.044556 41 storage/engine/rocksdb.go:120             table_factory options:   flush_block_policy_factory: FlushBlockBySizePolicyFactory (0x7f71d601d030)
  cache_index_and_filter_blocks: 0
  cache_index_and_filter_blocks_with_high_priority: 0
  pin_l0_filter_and_index_blocks_in_cache: 0
  pin_top_level_index_and_filter: 1
  index_type: 0
  data_block_index_type: 0
  index_shortening: 1
  data_block_hash_table_util_ratio: 0.750000
  hash_index_allow_collision: 1
  checksum: 1
  no_block_cache: 0
  block_cache: 0x7f71d600e010
  block_cache_name: LRUCache
  block_cache_options:
    capacity : 1048576
    num_shard_bits : 4
    strict_capacity_limit : 0
    memory_allocator : None
    high_pri_pool_ratio: 0.000
  block_cache_compressed: (nil)
  persistent_cache: (nil)
  block_size: 32768
  block_size_deviation: 10
  block_restart_interval: 16
  index_block_restart_interval: 1
  metadata_block_size: 4096
  partition_filters: 0
  use_delta_encoding: 1
  filter_policy: rocksdb.BuiltinBloomFilter
  whole_key_filtering: 0
  verify_compression: 0
  read_amp_bytes_per_bit: 0
  format_version: 2
  enable_index_compression: 1
  block_align: 0
I200321 08:21:27.044578 41 storage/engine/rocksdb.go:120         Options.write_buffer_size: 67108864
I200321 08:21:27.044664 41 storage/engine/rocksdb.go:120   Options.max_write_buffer_number: 4
I200321 08:21:27.044694 41 storage/engine/rocksdb.go:120           Options.compression: Snappy
I200321 08:21:27.044713 41 storage/engine/rocksdb.go:120                   Options.bottommost_compression: Disabled
I200321 08:21:27.044732 41 storage/engine/rocksdb.go:120        Options.prefix_extractor: cockroach_prefix_extractor
I200321 08:21:27.044751 41 storage/engine/rocksdb.go:120    Options.memtable_insert_with_hint_prefix_extractor: nullptr
I200321 08:21:27.044769 41 storage/engine/rocksdb.go:120              Options.num_levels: 7
I200321 08:21:27.044788 41 storage/engine/rocksdb.go:120         Options.min_write_buffer_number_to_merge: 1
I200321 08:21:27.044807 41 storage/engine/rocksdb.go:120      Options.max_write_buffer_number_to_maintain: 0
I200321 08:21:27.044825 41 storage/engine/rocksdb.go:120             Options.bottommost_compression_opts.window_bits: -14
I200321 08:21:27.044845 41 storage/engine/rocksdb.go:120                   Options.bottommost_compression_opts.level: 32767
I200321 08:21:27.044864 41 storage/engine/rocksdb.go:120                Options.bottommost_compression_opts.strategy: 0
I200321 08:21:27.044883 41 storage/engine/rocksdb.go:120          Options.bottommost_compression_opts.max_dict_bytes: 0
I200321 08:21:27.044902 41 storage/engine/rocksdb.go:120          Options.bottommost_compression_opts.zstd_max_train_bytes: 0
I200321 08:21:27.044916 41 storage/engine/rocksdb.go:120                   Options.bottommost_compression_opts.enabled: false
I200321 08:21:27.044931 41 storage/engine/rocksdb.go:120             Options.compression_opts.window_bits: -14
I200321 08:21:27.044950 41 storage/engine/rocksdb.go:120                   Options.compression_opts.level: 32767
I200321 08:21:27.044970 41 storage/engine/rocksdb.go:120                Options.compression_opts.strategy: 0
I200321 08:21:27.044988 41 storage/engine/rocksdb.go:120          Options.compression_opts.max_dict_bytes: 0
I200321 08:21:27.045007 41 storage/engine/rocksdb.go:120          Options.compression_opts.zstd_max_train_bytes: 0
I200321 08:21:27.045026 41 storage/engine/rocksdb.go:120                   Options.compression_opts.enabled: false
I200321 08:21:27.045045 41 storage/engine/rocksdb.go:120       Options.level0_file_num_compaction_trigger: 2
I200321 08:21:27.045063 41 storage/engine/rocksdb.go:120           Options.level0_slowdown_writes_trigger: 950
I200321 08:21:27.045081 41 storage/engine/rocksdb.go:120               Options.level0_stop_writes_trigger: 1000
I200321 08:21:27.045099 41 storage/engine/rocksdb.go:120                    Options.target_file_size_base: 4194304
I200321 08:21:27.045118 41 storage/engine/rocksdb.go:120              Options.target_file_size_multiplier: 2
I200321 08:21:27.045138 41 storage/engine/rocksdb.go:120                 Options.max_bytes_for_level_base: 67108864
I200321 08:21:27.045156 41 storage/engine/rocksdb.go:120  Options.level_compaction_dynamic_level_bytes: 1
I200321 08:21:27.045176 41 storage/engine/rocksdb.go:120           Options.max_bytes_for_level_multiplier: 10.000000
I200321 08:21:27.045195 41 storage/engine/rocksdb.go:120  Options.max_bytes_for_level_multiplier_addtl[0]: 1
I200321 08:21:27.045214 41 storage/engine/rocksdb.go:120  Options.max_bytes_for_level_multiplier_addtl[1]: 1
I200321 08:21:27.045233 41 storage/engine/rocksdb.go:120  Options.max_bytes_for_level_multiplier_addtl[2]: 1
I200321 08:21:27.045252 41 storage/engine/rocksdb.go:120  Options.max_bytes_for_level_multiplier_addtl[3]: 1
I200321 08:21:27.045266 41 storage/engine/rocksdb.go:120  Options.max_bytes_for_level_multiplier_addtl[4]: 1
I200321 08:21:27.045286 41 storage/engine/rocksdb.go:120  Options.max_bytes_for_level_multiplier_addtl[5]: 1
I200321 08:21:27.045305 41 storage/engine/rocksdb.go:120  Options.max_bytes_for_level_multiplier_addtl[6]: 1
I200321 08:21:27.045323 41 storage/engine/rocksdb.go:120        Options.max_sequential_skip_in_iterations: 8
I200321 08:21:27.045342 41 storage/engine/rocksdb.go:120                     Options.max_compaction_bytes: 104857600
I200321 08:21:27.045361 41 storage/engine/rocksdb.go:120                         Options.arena_block_size: 8388608
I200321 08:21:27.045380 41 storage/engine/rocksdb.go:120    Options.soft_pending_compaction_bytes_limit: 2199023255552
I200321 08:21:27.045399 41 storage/engine/rocksdb.go:120    Options.hard_pending_compaction_bytes_limit: 4400193994752
I200321 08:21:27.045417 41 storage/engine/rocksdb.go:120        Options.rate_limit_delay_max_milliseconds: 100
I200321 08:21:27.045436 41 storage/engine/rocksdb.go:120                 Options.disable_auto_compactions: 0
I200321 08:21:27.045456 41 storage/engine/rocksdb.go:120                         Options.compaction_style: kCompactionStyleLevel
I200321 08:21:27.045471 41 storage/engine/rocksdb.go:120                           Options.compaction_pri: kMinOverlappingRatio
I200321 08:21:27.045491 41 storage/engine/rocksdb.go:120  Options.compaction_options_universal.size_ratio: 1
I200321 08:21:27.045510 41 storage/engine/rocksdb.go:120  Options.compaction_options_universal.min_merge_width: 2
I200321 08:21:27.045529 41 storage/engine/rocksdb.go:120  Options.compaction_options_universal.max_merge_width: 4294967295
I200321 08:21:27.045549 41 storage/engine/rocksdb.go:120  Options.compaction_options_universal.max_size_amplification_percent: 200
I200321 08:21:27.045607 41 storage/engine/rocksdb.go:120  Options.compaction_options_universal.compression_size_percent: -1
I200321 08:21:27.045627 41 storage/engine/rocksdb.go:120  Options.compaction_options_universal.stop_style: kCompactionStopStyleTotalSize
I200321 08:21:27.045645 41 storage/engine/rocksdb.go:120  Options.compaction_options_fifo.max_table_files_size: 1073741824
I200321 08:21:27.045665 41 storage/engine/rocksdb.go:120  Options.compaction_options_fifo.allow_compaction: 0
I200321 08:21:27.045688 41 storage/engine/rocksdb.go:120                    Options.table_properties_collectors: TimeBoundTblPropCollectorFactory; DeleteRangeTblPropCollectorFactory; 
I200321 08:21:27.045707 41 storage/engine/rocksdb.go:120                    Options.inplace_update_support: 0
I200321 08:21:27.045722 41 storage/engine/rocksdb.go:120                  Options.inplace_update_num_locks: 10000
I200321 08:21:27.045738 41 storage/engine/rocksdb.go:120                Options.memtable_prefix_bloom_size_ratio: 0.000000
I200321 08:21:27.045757 41 storage/engine/rocksdb.go:120                Options.memtable_whole_key_filtering: 0
I200321 08:21:27.045776 41 storage/engine/rocksdb.go:120    Options.memtable_huge_page_size: 0
I200321 08:21:27.045793 41 storage/engine/rocksdb.go:120                            Options.bloom_locality: 0
I200321 08:21:27.045813 41 storage/engine/rocksdb.go:120                     Options.max_successive_merges: 0
I200321 08:21:27.045832 41 storage/engine/rocksdb.go:120                 Options.optimize_filters_for_hits: 1
I200321 08:21:27.045850 41 storage/engine/rocksdb.go:120                 Options.paranoid_file_checks: 0
I200321 08:21:27.045869 41 storage/engine/rocksdb.go:120                 Options.force_consistency_checks: 0
I200321 08:21:27.045887 41 storage/engine/rocksdb.go:120                 Options.report_bg_io_stats: 0
I200321 08:21:27.045906 41 storage/engine/rocksdb.go:120                                Options.ttl: 0
I200321 08:21:27.045925 41 storage/engine/rocksdb.go:120           Options.periodic_compaction_seconds: 0
I200321 08:21:27.050000 41 storage/engine/rocksdb.go:120  [db/version_set.cc:4286] Recovered from manifest file:/cockroach/cockroach-data/cockroach-temp306093148/MANIFEST-000001 succeeded,manifest_file_number is 1, next_file_number is 3, last_sequence is 0, log_number is 0,prev_log_number is 0,max_column_family is 0,min_log_number_to_keep is 0
I200321 08:21:27.050033 41 storage/engine/rocksdb.go:120  [db/version_set.cc:4295] Column family [default] (ID 0), log number is 0
I200321 08:21:27.085527 41 storage/engine/rocksdb.go:120  DB pointer 0x7f71d6099000
I200321 08:21:27.158279 41 storage/engine/rocksdb.go:120  RocksDB version: 6.2.1
I200321 08:21:27.158305 41 storage/engine/rocksdb.go:120  Git sha rocksdb_build_git_sha:@b7009236531fa784872f4823eabf393501e41bf2@
I200321 08:21:27.158325 41 storage/engine/rocksdb.go:120  Compile date Feb  6 2020
I200321 08:21:27.158355 41 storage/engine/rocksdb.go:120  DB SUMMARY
I200321 08:21:27.165531 41 storage/engine/rocksdb.go:120  CURRENT file:  CURRENT
I200321 08:21:27.165560 41 storage/engine/rocksdb.go:120  IDENTITY file:  IDENTITY
I200321 08:21:27.167251 41 storage/engine/rocksdb.go:120  MANIFEST file:  MANIFEST-000041 size: 53 Bytes
I200321 08:21:27.167349 41 storage/engine/rocksdb.go:120  SST files in /cockroach/cockroach-data dir, Total Num: 0, files: 
I200321 08:21:27.167384 41 storage/engine/rocksdb.go:120  Write Ahead Log file in /cockroach/cockroach-data: 000042.log size: 3225 ; 
I200321 08:21:27.167406 41 storage/engine/rocksdb.go:120                          Options.error_if_exists: 0
I200321 08:21:27.167428 41 storage/engine/rocksdb.go:120                        Options.create_if_missing: 1
I200321 08:21:27.167470 41 storage/engine/rocksdb.go:120                          Options.paranoid_checks: 1
I200321 08:21:27.167536 41 storage/engine/rocksdb.go:120                                      Options.env: 0x756aca0
I200321 08:21:27.167582 41 storage/engine/rocksdb.go:120                                 Options.info_log: 0x7f71d7c0d0c0
I200321 08:21:27.167611 41 storage/engine/rocksdb.go:120                 Options.max_file_opening_threads: 16
I200321 08:21:27.168512 41 storage/engine/rocksdb.go:120                               Options.statistics: 0x7f71d7c2f010
I200321 08:21:27.168532 41 storage/engine/rocksdb.go:120                                Options.use_fsync: 0
I200321 08:21:27.168557 41 storage/engine/rocksdb.go:120                        Options.max_log_file_size: 0
I200321 08:21:27.168692 41 storage/engine/rocksdb.go:120                   Options.max_manifest_file_size: 134217728
I200321 08:21:27.168724 41 storage/engine/rocksdb.go:120                    Options.log_file_time_to_roll: 0
I200321 08:21:27.168752 41 storage/engine/rocksdb.go:120                        Options.keep_log_file_num: 1000
I200321 08:21:27.168772 41 storage/engine/rocksdb.go:120                     Options.recycle_log_file_num: 1
I200321 08:21:27.168791 41 storage/engine/rocksdb.go:120                          Options.allow_fallocate: 1
I200321 08:21:27.168810 41 storage/engine/rocksdb.go:120                         Options.allow_mmap_reads: 0
I200321 08:21:27.168830 41 storage/engine/rocksdb.go:120                        Options.allow_mmap_writes: 0
I200321 08:21:27.168849 41 storage/engine/rocksdb.go:120                         Options.use_direct_reads: 0
I200321 08:21:27.168868 41 storage/engine/rocksdb.go:120                         Options.use_direct_io_for_flush_and_compaction: 0
I200321 08:21:27.168887 41 storage/engine/rocksdb.go:120           Options.create_missing_column_families: 0
I200321 08:21:27.168906 41 storage/engine/rocksdb.go:120                               Options.db_log_dir: 
I200321 08:21:27.168925 41 storage/engine/rocksdb.go:120                                  Options.wal_dir: /cockroach/cockroach-data
I200321 08:21:27.168944 41 storage/engine/rocksdb.go:120                 Options.table_cache_numshardbits: 6
I200321 08:21:27.168963 41 storage/engine/rocksdb.go:120                       Options.max_subcompactions: 1
I200321 08:21:27.168981 41 storage/engine/rocksdb.go:120                   Options.max_background_flushes: -1
I200321 08:21:27.169000 41 storage/engine/rocksdb.go:120                          Options.WAL_ttl_seconds: 0
I200321 08:21:27.169019 41 storage/engine/rocksdb.go:120                        Options.WAL_size_limit_MB: 0
I200321 08:21:27.169038 41 storage/engine/rocksdb.go:120              Options.manifest_preallocation_size: 4194304
I200321 08:21:27.169057 41 storage/engine/rocksdb.go:120                      Options.is_fd_close_on_exec: 1
I200321 08:21:27.169076 41 storage/engine/rocksdb.go:120                    Options.advise_random_on_open: 1
I200321 08:21:27.169092 41 storage/engine/rocksdb.go:120                     Options.db_write_buffer_size: 0
I200321 08:21:27.169111 41 storage/engine/rocksdb.go:120                     Options.write_buffer_manager: 0x7f71d7c1f060
I200321 08:21:27.169130 41 storage/engine/rocksdb.go:120          Options.access_hint_on_compaction_start: 1
I200321 08:21:27.169148 41 storage/engine/rocksdb.go:120   Options.new_table_reader_for_compaction_inputs: 0
I200321 08:21:27.169167 41 storage/engine/rocksdb.go:120            Options.random_access_max_buffer_size: 1048576
I200321 08:21:27.169186 41 storage/engine/rocksdb.go:120                       Options.use_adaptive_mutex: 0
I200321 08:21:27.169206 41 storage/engine/rocksdb.go:120                             Options.rate_limiter: (nil)
I200321 08:21:27.169226 41 storage/engine/rocksdb.go:120      Options.sst_file_manager.rate_bytes_per_sec: 0
I200321 08:21:27.169289 41 storage/engine/rocksdb.go:120                        Options.wal_recovery_mode: 0
I200321 08:21:27.169307 41 storage/engine/rocksdb.go:120                   Options.enable_thread_tracking: 0
I200321 08:21:27.169323 41 storage/engine/rocksdb.go:120                   Options.enable_pipelined_write: 0
I200321 08:21:27.169342 41 storage/engine/rocksdb.go:120          Options.allow_concurrent_memtable_write: 1
I200321 08:21:27.169361 41 storage/engine/rocksdb.go:120       Options.enable_write_thread_adaptive_yield: 1
I200321 08:21:27.169380 41 storage/engine/rocksdb.go:120              Options.write_thread_max_yield_usec: 100
I200321 08:21:27.169400 41 storage/engine/rocksdb.go:120             Options.write_thread_slow_yield_usec: 3
I200321 08:21:27.169419 41 storage/engine/rocksdb.go:120                                Options.row_cache: None
I200321 08:21:27.169443 41 storage/engine/rocksdb.go:120                               Options.wal_filter: None
I200321 08:21:27.169462 41 storage/engine/rocksdb.go:120              Options.avoid_flush_during_recovery: 0
I200321 08:21:27.169480 41 storage/engine/rocksdb.go:120              Options.allow_ingest_behind: 0
I200321 08:21:27.169499 41 storage/engine/rocksdb.go:120              Options.preserve_deletes: 0
I200321 08:21:27.169514 41 storage/engine/rocksdb.go:120              Options.two_write_queues: 0
I200321 08:21:27.169529 41 storage/engine/rocksdb.go:120              Options.manual_wal_flush: 1
I200321 08:21:27.169548 41 storage/engine/rocksdb.go:120              Options.atomic_flush: 0
I200321 08:21:27.169567 41 storage/engine/rocksdb.go:120              Options.avoid_unnecessary_blocking_io: 0
I200321 08:21:27.169716 41 storage/engine/rocksdb.go:120              Options.max_background_jobs: 4
I200321 08:21:27.170489 41 storage/engine/rocksdb.go:120              Options.max_background_compactions: -1
I200321 08:21:27.170518 41 storage/engine/rocksdb.go:120              Options.avoid_flush_during_shutdown: 0
I200321 08:21:27.170689 41 storage/engine/rocksdb.go:120            Options.writable_file_max_buffer_size: 1048576
I200321 08:21:27.170716 41 storage/engine/rocksdb.go:120              Options.delayed_write_rate : 16777216
I200321 08:21:27.170740 41 storage/engine/rocksdb.go:120              Options.max_total_wal_size: 0
I200321 08:21:27.170771 41 storage/engine/rocksdb.go:120              Options.delete_obsolete_files_period_micros: 21600000000
I200321 08:21:27.170895 41 storage/engine/rocksdb.go:120                    Options.stats_dump_period_sec: 0
I200321 08:21:27.170919 41 storage/engine/rocksdb.go:120                  Options.stats_persist_period_sec: 600
I200321 08:21:27.170938 41 storage/engine/rocksdb.go:120                  Options.stats_history_buffer_size: 1048576
I200321 08:21:27.170957 41 storage/engine/rocksdb.go:120                           Options.max_open_files: 1043576
I200321 08:21:27.170977 41 storage/engine/rocksdb.go:120                           Options.bytes_per_sync: 524288
I200321 08:21:27.170996 41 storage/engine/rocksdb.go:120                       Options.wal_bytes_per_sync: 0
I200321 08:21:27.171015 41 storage/engine/rocksdb.go:120                    Options.strict_bytes_per_sync: 1
I200321 08:21:27.171034 41 storage/engine/rocksdb.go:120        Options.compaction_readahead_size: 0
I200321 08:21:27.171054 41 storage/engine/rocksdb.go:120  Compression algorithms supported:
I200321 08:21:27.171075 41 storage/engine/rocksdb.go:120  	kZSTDNotFinalCompression supported: 0
I200321 08:21:27.171094 41 storage/engine/rocksdb.go:120  	kZSTD supported: 0
I200321 08:21:27.171110 41 storage/engine/rocksdb.go:120  	kXpressCompression supported: 0
I200321 08:21:27.171127 41 storage/engine/rocksdb.go:120  	kLZ4HCCompression supported: 0
I200321 08:21:27.171360 41 storage/engine/rocksdb.go:120  	kLZ4Compression supported: 0
I200321 08:21:27.171389 41 storage/engine/rocksdb.go:120  	kBZip2Compression supported: 0
I200321 08:21:27.171473 41 storage/engine/rocksdb.go:120  	kZlibCompression supported: 0
I200321 08:21:27.171494 41 storage/engine/rocksdb.go:120  	kSnappyCompression supported: 1
I200321 08:21:27.171525 41 storage/engine/rocksdb.go:120  Fast CRC32 supported: Supported on x86
I200321 08:21:27.187640 41 storage/engine/rocksdb.go:120  [db/version_set.cc:4072] Recovering from manifest file: /cockroach/cockroach-data/MANIFEST-000041
I200321 08:21:27.189975 41 storage/engine/rocksdb.go:120  [db/column_family.cc:488] --------------- Options for column family [default]:
I200321 08:21:27.190015 41 storage/engine/rocksdb.go:120                Options.comparator: cockroach_comparator
I200321 08:21:27.190035 41 storage/engine/rocksdb.go:120            Options.merge_operator: cockroach_merge_operator
I200321 08:21:27.190054 41 storage/engine/rocksdb.go:120         Options.compaction_filter: None
I200321 08:21:27.190073 41 storage/engine/rocksdb.go:120         Options.compaction_filter_factory: None
I200321 08:21:27.190093 41 storage/engine/rocksdb.go:120          Options.memtable_factory: SkipListFactory
I200321 08:21:27.190112 41 storage/engine/rocksdb.go:120             Options.table_factory: BlockBasedTable
I200321 08:21:27.190157 41 storage/engine/rocksdb.go:120             table_factory options:   flush_block_policy_factory: FlushBlockBySizePolicyFactory (0x7f71d7c2d028)
  cache_index_and_filter_blocks: 0
  cache_index_and_filter_blocks_with_high_priority: 0
  pin_l0_filter_and_index_blocks_in_cache: 0
  pin_top_level_index_and_filter: 1
  index_type: 0
  data_block_index_type: 0
  index_shortening: 1
  data_block_hash_table_util_ratio: 0.750000
  hash_index_allow_collision: 1
  checksum: 1
  no_block_cache: 0
  block_cache: 0x7f71d7c22010
  block_cache_name: LRUCache
  block_cache_options:
    capacity : 67108864
    num_shard_bits : 4
    strict_capacity_limit : 0
    memory_allocator : None
    high_pri_pool_ratio: 0.000
  block_cache_compressed: (nil)
  persistent_cache: (nil)
  block_size: 32768
  block_size_deviation: 10
  block_restart_interval: 16
  index_block_restart_interval: 1
  metadata_block_size: 4096
  partition_filters: 0
  use_delta_encoding: 1
  filter_policy: rocksdb.BuiltinBloomFilter
  whole_key_filtering: 0
  verify_compression: 0
  read_amp_bytes_per_bit: 0
  format_version: 2
  enable_index_compression: 1
  block_align: 0
I200321 08:21:27.190180 41 storage/engine/rocksdb.go:120         Options.write_buffer_size: 67108864
I200321 08:21:27.190205 41 storage/engine/rocksdb.go:120   Options.max_write_buffer_number: 4
I200321 08:21:27.190224 41 storage/engine/rocksdb.go:120           Options.compression: Snappy
I200321 08:21:27.190244 41 storage/engine/rocksdb.go:120                   Options.bottommost_compression: Disabled
I200321 08:21:27.190268 41 storage/engine/rocksdb.go:120        Options.prefix_extractor: cockroach_prefix_extractor
I200321 08:21:27.190293 41 storage/engine/rocksdb.go:120    Options.memtable_insert_with_hint_prefix_extractor: nullptr
I200321 08:21:27.190316 41 storage/engine/rocksdb.go:120              Options.num_levels: 7
I200321 08:21:27.190334 41 storage/engine/rocksdb.go:120         Options.min_write_buffer_number_to_merge: 1
I200321 08:21:27.190359 41 storage/engine/rocksdb.go:120      Options.max_write_buffer_number_to_maintain: 0
I200321 08:21:27.190379 41 storage/engine/rocksdb.go:120             Options.bottommost_compression_opts.window_bits: -14
I200321 08:21:27.190394 41 storage/engine/rocksdb.go:120                   Options.bottommost_compression_opts.level: 32767
I200321 08:21:27.190413 41 storage/engine/rocksdb.go:120                Options.bottommost_compression_opts.strategy: 0
I200321 08:21:27.190433 41 storage/engine/rocksdb.go:120          Options.bottommost_compression_opts.max_dict_bytes: 0
I200321 08:21:27.190453 41 storage/engine/rocksdb.go:120          Options.bottommost_compression_opts.zstd_max_train_bytes: 0
I200321 08:21:27.190472 41 storage/engine/rocksdb.go:120                   Options.bottommost_compression_opts.enabled: false
I200321 08:21:27.190486 41 storage/engine/rocksdb.go:120             Options.compression_opts.window_bits: -14
I200321 08:21:27.190500 41 storage/engine/rocksdb.go:120                   Options.compression_opts.level: 32767
I200321 08:21:27.190518 41 storage/engine/rocksdb.go:120                Options.compression_opts.strategy: 0
I200321 08:21:27.190537 41 storage/engine/rocksdb.go:120          Options.compression_opts.max_dict_bytes: 0
I200321 08:21:27.190556 41 storage/engine/rocksdb.go:120          Options.compression_opts.zstd_max_train_bytes: 0
I200321 08:21:27.190575 41 storage/engine/rocksdb.go:120                   Options.compression_opts.enabled: false
I200321 08:21:27.190730 41 storage/engine/rocksdb.go:120       Options.level0_file_num_compaction_trigger: 2
I200321 08:21:27.190753 41 storage/engine/rocksdb.go:120           Options.level0_slowdown_writes_trigger: 950
I200321 08:21:27.190778 41 storage/engine/rocksdb.go:120               Options.level0_stop_writes_trigger: 1000
I200321 08:21:27.190804 41 storage/engine/rocksdb.go:120                    Options.target_file_size_base: 4194304
I200321 08:21:27.190827 41 storage/engine/rocksdb.go:120              Options.target_file_size_multiplier: 2
I200321 08:21:27.190870 41 storage/engine/rocksdb.go:120                 Options.max_bytes_for_level_base: 67108864
I200321 08:21:27.190911 41 storage/engine/rocksdb.go:120  Options.level_compaction_dynamic_level_bytes: 1
I200321 08:21:27.190964 41 storage/engine/rocksdb.go:120           Options.max_bytes_for_level_multiplier: 10.000000
I200321 08:21:27.190983 41 storage/engine/rocksdb.go:120  Options.max_bytes_for_level_multiplier_addtl[0]: 1
I200321 08:21:27.191002 41 storage/engine/rocksdb.go:120  Options.max_bytes_for_level_multiplier_addtl[1]: 1
I200321 08:21:27.191021 41 storage/engine/rocksdb.go:120  Options.max_bytes_for_level_multiplier_addtl[2]: 1
I200321 08:21:27.191038 41 storage/engine/rocksdb.go:120  Options.max_bytes_for_level_multiplier_addtl[3]: 1
I200321 08:21:27.191057 41 storage/engine/rocksdb.go:120  Options.max_bytes_for_level_multiplier_addtl[4]: 1
I200321 08:21:27.191076 41 storage/engine/rocksdb.go:120  Options.max_bytes_for_level_multiplier_addtl[5]: 1
I200321 08:21:27.191094 41 storage/engine/rocksdb.go:120  Options.max_bytes_for_level_multiplier_addtl[6]: 1
I200321 08:21:27.191112 41 storage/engine/rocksdb.go:120        Options.max_sequential_skip_in_iterations: 8
I200321 08:21:27.191132 41 storage/engine/rocksdb.go:120                     Options.max_compaction_bytes: 104857600
I200321 08:21:27.191172 41 storage/engine/rocksdb.go:120                         Options.arena_block_size: 8388608
I200321 08:21:27.191192 41 storage/engine/rocksdb.go:120    Options.soft_pending_compaction_bytes_limit: 2199023255552
I200321 08:21:27.191211 41 storage/engine/rocksdb.go:120    Options.hard_pending_compaction_bytes_limit: 4400193994752
I200321 08:21:27.191230 41 storage/engine/rocksdb.go:120        Options.rate_limit_delay_max_milliseconds: 100
I200321 08:21:27.191249 41 storage/engine/rocksdb.go:120                 Options.disable_auto_compactions: 0
I200321 08:21:27.191271 41 storage/engine/rocksdb.go:120                         Options.compaction_style: kCompactionStyleLevel
I200321 08:21:27.191291 41 storage/engine/rocksdb.go:120                           Options.compaction_pri: kMinOverlappingRatio
I200321 08:21:27.191310 41 storage/engine/rocksdb.go:120  Options.compaction_options_universal.size_ratio: 1
I200321 08:21:27.191328 41 storage/engine/rocksdb.go:120  Options.compaction_options_universal.min_merge_width: 2
I200321 08:21:27.191347 41 storage/engine/rocksdb.go:120  Options.compaction_options_universal.max_merge_width: 4294967295
I200321 08:21:27.191366 41 storage/engine/rocksdb.go:120  Options.compaction_options_universal.max_size_amplification_percent: 200
I200321 08:21:27.191385 41 storage/engine/rocksdb.go:120  Options.compaction_options_universal.compression_size_percent: -1
I200321 08:21:27.191415 41 storage/engine/rocksdb.go:120  Options.compaction_options_universal.stop_style: kCompactionStopStyleTotalSize
I200321 08:21:27.191500 41 storage/engine/rocksdb.go:120  Options.compaction_options_fifo.max_table_files_size: 1073741824
I200321 08:21:27.191573 41 storage/engine/rocksdb.go:120  Options.compaction_options_fifo.allow_compaction: 0
I200321 08:21:27.191607 41 storage/engine/rocksdb.go:120                    Options.table_properties_collectors: TimeBoundTblPropCollectorFactory; DeleteRangeTblPropCollectorFactory; 
I200321 08:21:27.191709 41 storage/engine/rocksdb.go:120                    Options.inplace_update_support: 0
I200321 08:21:27.191729 41 storage/engine/rocksdb.go:120                  Options.inplace_update_num_locks: 10000
I200321 08:21:27.191752 41 storage/engine/rocksdb.go:120                Options.memtable_prefix_bloom_size_ratio: 0.000000
I200321 08:21:27.191809 41 storage/engine/rocksdb.go:120                Options.memtable_whole_key_filtering: 0
I200321 08:21:27.191841 41 storage/engine/rocksdb.go:120    Options.memtable_huge_page_size: 0
I200321 08:21:27.191876 41 storage/engine/rocksdb.go:120                            Options.bloom_locality: 0
I200321 08:21:27.191907 41 storage/engine/rocksdb.go:120                     Options.max_successive_merges: 0
I200321 08:21:27.191930 41 storage/engine/rocksdb.go:120                 Options.optimize_filters_for_hits: 1
I200321 08:21:27.191956 41 storage/engine/rocksdb.go:120                 Options.paranoid_file_checks: 0
I200321 08:21:27.191987 41 storage/engine/rocksdb.go:120                 Options.force_consistency_checks: 0
I200321 08:21:27.192012 41 storage/engine/rocksdb.go:120                 Options.report_bg_io_stats: 0
I200321 08:21:27.192037 41 storage/engine/rocksdb.go:120                                Options.ttl: 0
I200321 08:21:27.192063 41 storage/engine/rocksdb.go:120           Options.periodic_compaction_seconds: 0
I200321 08:21:27.198916 41 storage/engine/rocksdb.go:120  [db/version_set.cc:4286] Recovered from manifest file:/cockroach/cockroach-data/MANIFEST-000041 succeeded,manifest_file_number is 41, next_file_number is 43, last_sequence is 0, log_number is 40,prev_log_number is 0,max_column_family is 0,min_log_number_to_keep is 0
I200321 08:21:27.198943 41 storage/engine/rocksdb.go:120  [db/version_set.cc:4295] Column family [default] (ID 0), log number is 40
I200321 08:21:27.204991 41 storage/engine/rocksdb.go:120  EVENT_LOG_v1 {"time_micros": 1584778887204917, "job": 1, "event": "recovery_started", "log_files": [42]}
I200321 08:21:27.205026 41 storage/engine/rocksdb.go:120  [db/db_impl_open.cc:598] Recovering log #42 mode 0
I200321 08:21:27.208806 41 storage/engine/rocksdb.go:120  [db/version_set.cc:3560] Creating manifest 44
I200321 08:21:27.217495 41 storage/engine/rocksdb.go:120  EVENT_LOG_v1 {"time_micros": 1584778887217458, "job": 1, "event": "recovery_finished"}
I200321 08:21:27.251731 41 storage/engine/rocksdb.go:120  DB pointer 0x7f71d7ca1000
