I200320 19:27:15.222045 27 util/log/clog.go:1196  [config] file created at: 2020/03/20 19:27:15
I200320 19:27:15.222045 27 util/log/clog.go:1196  [config] running on machine: db9313ae3e97
I200320 19:27:15.222045 27 util/log/clog.go:1196  [config] binary: CockroachDB CCL v19.2.4 (x86_64-unknown-linux-gnu, built 2020/02/06 21:55:19, go1.12.12)
I200320 19:27:15.222045 27 util/log/clog.go:1196  [config] arguments: [/cockroach/cockroach start --insecure --join=node_1]
I200320 19:27:15.222045 27 util/log/clog.go:1196  line format: [IWEF]yymmdd hh:mm:ss.uuuuuu goid file:line msg utf8=✓
I200320 19:27:15.221961 27 storage/engine/rocksdb.go:120  RocksDB version: 6.2.1
I200320 19:27:15.227442 27 storage/engine/rocksdb.go:120  Git sha rocksdb_build_git_sha:@b7009236531fa784872f4823eabf393501e41bf2@
I200320 19:27:15.227471 27 storage/engine/rocksdb.go:120  Compile date Feb  6 2020
I200320 19:27:15.227551 27 storage/engine/rocksdb.go:120  DB SUMMARY
I200320 19:27:15.230039 27 storage/engine/rocksdb.go:120  SST files in /cockroach/cockroach-data/cockroach-temp550703948 dir, Total Num: 0, files: 
I200320 19:27:15.245963 27 storage/engine/rocksdb.go:120  Write Ahead Log file in /cockroach/cockroach-data/cockroach-temp550703948: 
I200320 19:27:15.245991 27 storage/engine/rocksdb.go:120                          Options.error_if_exists: 0
I200320 19:27:15.246010 27 storage/engine/rocksdb.go:120                        Options.create_if_missing: 1
I200320 19:27:15.246028 27 storage/engine/rocksdb.go:120                          Options.paranoid_checks: 1
I200320 19:27:15.246041 27 storage/engine/rocksdb.go:120                                      Options.env: 0x756aca0
I200320 19:27:15.246052 27 storage/engine/rocksdb.go:120                                 Options.info_log: 0x7f8f60c27140
I200320 19:27:15.246070 27 storage/engine/rocksdb.go:120                 Options.max_file_opening_threads: 16
I200320 19:27:15.246088 27 storage/engine/rocksdb.go:120                               Options.statistics: 0x7f8f60c34010
I200320 19:27:15.246105 27 storage/engine/rocksdb.go:120                                Options.use_fsync: 0
I200320 19:27:15.246124 27 storage/engine/rocksdb.go:120                        Options.max_log_file_size: 0
I200320 19:27:15.246142 27 storage/engine/rocksdb.go:120                   Options.max_manifest_file_size: 134217728
I200320 19:27:15.246160 27 storage/engine/rocksdb.go:120                    Options.log_file_time_to_roll: 0
I200320 19:27:15.246178 27 storage/engine/rocksdb.go:120                        Options.keep_log_file_num: 1000
I200320 19:27:15.246196 27 storage/engine/rocksdb.go:120                     Options.recycle_log_file_num: 1
I200320 19:27:15.246214 27 storage/engine/rocksdb.go:120                          Options.allow_fallocate: 1
I200320 19:27:15.246231 27 storage/engine/rocksdb.go:120                         Options.allow_mmap_reads: 0
I200320 19:27:15.246249 27 storage/engine/rocksdb.go:120                        Options.allow_mmap_writes: 0
I200320 19:27:15.246266 27 storage/engine/rocksdb.go:120                         Options.use_direct_reads: 0
I200320 19:27:15.246289 27 storage/engine/rocksdb.go:120                         Options.use_direct_io_for_flush_and_compaction: 0
I200320 19:27:15.246307 27 storage/engine/rocksdb.go:120           Options.create_missing_column_families: 0
I200320 19:27:15.246319 27 storage/engine/rocksdb.go:120                               Options.db_log_dir: 
I200320 19:27:15.246333 27 storage/engine/rocksdb.go:120                                  Options.wal_dir: /cockroach/cockroach-data/cockroach-temp550703948
I200320 19:27:15.246354 27 storage/engine/rocksdb.go:120                 Options.table_cache_numshardbits: 6
I200320 19:27:15.246372 27 storage/engine/rocksdb.go:120                       Options.max_subcompactions: 1
I200320 19:27:15.246389 27 storage/engine/rocksdb.go:120                   Options.max_background_flushes: -1
I200320 19:27:15.246407 27 storage/engine/rocksdb.go:120                          Options.WAL_ttl_seconds: 0
I200320 19:27:15.246429 27 storage/engine/rocksdb.go:120                        Options.WAL_size_limit_MB: 0
I200320 19:27:15.246447 27 storage/engine/rocksdb.go:120              Options.manifest_preallocation_size: 4194304
I200320 19:27:15.246464 27 storage/engine/rocksdb.go:120                      Options.is_fd_close_on_exec: 1
I200320 19:27:15.246478 27 storage/engine/rocksdb.go:120                    Options.advise_random_on_open: 1
I200320 19:27:15.246569 27 storage/engine/rocksdb.go:120                     Options.db_write_buffer_size: 0
I200320 19:27:15.246588 27 storage/engine/rocksdb.go:120                     Options.write_buffer_manager: 0x7f8f60c19060
I200320 19:27:15.246606 27 storage/engine/rocksdb.go:120          Options.access_hint_on_compaction_start: 1
I200320 19:27:15.246623 27 storage/engine/rocksdb.go:120   Options.new_table_reader_for_compaction_inputs: 0
I200320 19:27:15.246637 27 storage/engine/rocksdb.go:120            Options.random_access_max_buffer_size: 1048576
I200320 19:27:15.246655 27 storage/engine/rocksdb.go:120                       Options.use_adaptive_mutex: 0
I200320 19:27:15.246673 27 storage/engine/rocksdb.go:120                             Options.rate_limiter: (nil)
I200320 19:27:15.246691 27 storage/engine/rocksdb.go:120      Options.sst_file_manager.rate_bytes_per_sec: 0
I200320 19:27:15.246708 27 storage/engine/rocksdb.go:120                        Options.wal_recovery_mode: 0
I200320 19:27:15.246726 27 storage/engine/rocksdb.go:120                   Options.enable_thread_tracking: 0
I200320 19:27:15.246743 27 storage/engine/rocksdb.go:120                   Options.enable_pipelined_write: 0
I200320 19:27:15.246762 27 storage/engine/rocksdb.go:120          Options.allow_concurrent_memtable_write: 1
I200320 19:27:15.246779 27 storage/engine/rocksdb.go:120       Options.enable_write_thread_adaptive_yield: 1
I200320 19:27:15.246797 27 storage/engine/rocksdb.go:120              Options.write_thread_max_yield_usec: 100
I200320 19:27:15.246815 27 storage/engine/rocksdb.go:120             Options.write_thread_slow_yield_usec: 3
I200320 19:27:15.246832 27 storage/engine/rocksdb.go:120                                Options.row_cache: None
I200320 19:27:15.246850 27 storage/engine/rocksdb.go:120                               Options.wal_filter: None
I200320 19:27:15.246867 27 storage/engine/rocksdb.go:120              Options.avoid_flush_during_recovery: 0
I200320 19:27:15.246884 27 storage/engine/rocksdb.go:120              Options.allow_ingest_behind: 0
I200320 19:27:15.246903 27 storage/engine/rocksdb.go:120              Options.preserve_deletes: 0
I200320 19:27:15.246920 27 storage/engine/rocksdb.go:120              Options.two_write_queues: 0
I200320 19:27:15.246938 27 storage/engine/rocksdb.go:120              Options.manual_wal_flush: 1
I200320 19:27:15.246955 27 storage/engine/rocksdb.go:120              Options.atomic_flush: 0
I200320 19:27:15.246972 27 storage/engine/rocksdb.go:120              Options.avoid_unnecessary_blocking_io: 0
I200320 19:27:15.246990 27 storage/engine/rocksdb.go:120              Options.max_background_jobs: 4
I200320 19:27:15.247007 27 storage/engine/rocksdb.go:120              Options.max_background_compactions: -1
I200320 19:27:15.247025 27 storage/engine/rocksdb.go:120              Options.avoid_flush_during_shutdown: 0
I200320 19:27:15.247043 27 storage/engine/rocksdb.go:120            Options.writable_file_max_buffer_size: 1048576
I200320 19:27:15.247060 27 storage/engine/rocksdb.go:120              Options.delayed_write_rate : 16777216
I200320 19:27:15.247078 27 storage/engine/rocksdb.go:120              Options.max_total_wal_size: 0
I200320 19:27:15.247096 27 storage/engine/rocksdb.go:120              Options.delete_obsolete_files_period_micros: 21600000000
I200320 19:27:15.247114 27 storage/engine/rocksdb.go:120                    Options.stats_dump_period_sec: 0
I200320 19:27:15.247132 27 storage/engine/rocksdb.go:120                  Options.stats_persist_period_sec: 600
I200320 19:27:15.247149 27 storage/engine/rocksdb.go:120                  Options.stats_history_buffer_size: 1048576
I200320 19:27:15.247167 27 storage/engine/rocksdb.go:120                           Options.max_open_files: 128
I200320 19:27:15.247190 27 storage/engine/rocksdb.go:120                           Options.bytes_per_sync: 524288
I200320 19:27:15.247208 27 storage/engine/rocksdb.go:120                       Options.wal_bytes_per_sync: 0
I200320 19:27:15.247225 27 storage/engine/rocksdb.go:120                    Options.strict_bytes_per_sync: 1
I200320 19:27:15.247245 27 storage/engine/rocksdb.go:120        Options.compaction_readahead_size: 0
I200320 19:27:15.247263 27 storage/engine/rocksdb.go:120  Compression algorithms supported:
I200320 19:27:15.247282 27 storage/engine/rocksdb.go:120  	kZSTDNotFinalCompression supported: 0
I200320 19:27:15.247300 27 storage/engine/rocksdb.go:120  	kZSTD supported: 0
I200320 19:27:15.247323 27 storage/engine/rocksdb.go:120  	kXpressCompression supported: 0
I200320 19:27:15.247341 27 storage/engine/rocksdb.go:120  	kLZ4HCCompression supported: 0
I200320 19:27:15.247358 27 storage/engine/rocksdb.go:120  	kLZ4Compression supported: 0
I200320 19:27:15.247376 27 storage/engine/rocksdb.go:120  	kBZip2Compression supported: 0
I200320 19:27:15.247393 27 storage/engine/rocksdb.go:120  	kZlibCompression supported: 0
I200320 19:27:15.247411 27 storage/engine/rocksdb.go:120  	kSnappyCompression supported: 1
I200320 19:27:15.247438 27 storage/engine/rocksdb.go:120  Fast CRC32 supported: Supported on x86
I200320 19:27:15.251206 27 storage/engine/rocksdb.go:120  [db/db_impl_open.cc:242] Creating manifest 1 
I200320 19:27:15.271221 27 storage/engine/rocksdb.go:120  [db/version_set.cc:4072] Recovering from manifest file: /cockroach/cockroach-data/cockroach-temp550703948/MANIFEST-000001
I200320 19:27:15.274617 27 storage/engine/rocksdb.go:120  [db/column_family.cc:488] --------------- Options for column family [default]:
I200320 19:27:15.274643 27 storage/engine/rocksdb.go:120                Options.comparator: cockroach_comparator
I200320 19:27:15.274662 27 storage/engine/rocksdb.go:120            Options.merge_operator: cockroach_merge_operator
I200320 19:27:15.274680 27 storage/engine/rocksdb.go:120         Options.compaction_filter: None
I200320 19:27:15.274756 27 storage/engine/rocksdb.go:120         Options.compaction_filter_factory: None
I200320 19:27:15.274775 27 storage/engine/rocksdb.go:120          Options.memtable_factory: SkipListFactory
I200320 19:27:15.274789 27 storage/engine/rocksdb.go:120             Options.table_factory: BlockBasedTable
I200320 19:27:15.274893 27 storage/engine/rocksdb.go:120             table_factory options:   flush_block_policy_factory: FlushBlockBySizePolicyFactory (0x7f8f60c28030)
  cache_index_and_filter_blocks: 0
  cache_index_and_filter_blocks_with_high_priority: 0
  pin_l0_filter_and_index_blocks_in_cache: 0
  pin_top_level_index_and_filter: 1
  index_type: 0
  data_block_index_type: 0
  index_shortening: 1
  data_block_hash_table_util_ratio: 0.750000
  hash_index_allow_collision: 1
  checksum: 1
  no_block_cache: 0
  block_cache: 0x7f8f60c1c010
  block_cache_name: LRUCache
  block_cache_options:
    capacity : 1048576
    num_shard_bits : 4
    strict_capacity_limit : 0
    memory_allocator : None
    high_pri_pool_ratio: 0.000
  block_cache_compressed: (nil)
  persistent_cache: (nil)
  block_size: 32768
  block_size_deviation: 10
  block_restart_interval: 16
  index_block_restart_interval: 1
  metadata_block_size: 4096
  partition_filters: 0
  use_delta_encoding: 1
  filter_policy: rocksdb.BuiltinBloomFilter
  whole_key_filtering: 0
  verify_compression: 0
  read_amp_bytes_per_bit: 0
  format_version: 2
  enable_index_compression: 1
  block_align: 0
I200320 19:27:15.274911 27 storage/engine/rocksdb.go:120         Options.write_buffer_size: 67108864
I200320 19:27:15.274928 27 storage/engine/rocksdb.go:120   Options.max_write_buffer_number: 4
I200320 19:27:15.274943 27 storage/engine/rocksdb.go:120           Options.compression: Snappy
I200320 19:27:15.274957 27 storage/engine/rocksdb.go:120                   Options.bottommost_compression: Disabled
I200320 19:27:15.275039 27 storage/engine/rocksdb.go:120        Options.prefix_extractor: cockroach_prefix_extractor
I200320 19:27:15.275058 27 storage/engine/rocksdb.go:120    Options.memtable_insert_with_hint_prefix_extractor: nullptr
I200320 19:27:15.275075 27 storage/engine/rocksdb.go:120              Options.num_levels: 7
I200320 19:27:15.275092 27 storage/engine/rocksdb.go:120         Options.min_write_buffer_number_to_merge: 1
I200320 19:27:15.275171 27 storage/engine/rocksdb.go:120      Options.max_write_buffer_number_to_maintain: 0
I200320 19:27:15.275189 27 storage/engine/rocksdb.go:120             Options.bottommost_compression_opts.window_bits: -14
I200320 19:27:15.275207 27 storage/engine/rocksdb.go:120                   Options.bottommost_compression_opts.level: 32767
I200320 19:27:15.275224 27 storage/engine/rocksdb.go:120                Options.bottommost_compression_opts.strategy: 0
I200320 19:27:15.275239 27 storage/engine/rocksdb.go:120          Options.bottommost_compression_opts.max_dict_bytes: 0
I200320 19:27:15.275319 27 storage/engine/rocksdb.go:120          Options.bottommost_compression_opts.zstd_max_train_bytes: 0
I200320 19:27:15.275334 27 storage/engine/rocksdb.go:120                   Options.bottommost_compression_opts.enabled: false
I200320 19:27:15.275348 27 storage/engine/rocksdb.go:120             Options.compression_opts.window_bits: -14
I200320 19:27:15.275366 27 storage/engine/rocksdb.go:120                   Options.compression_opts.level: 32767
I200320 19:27:15.275383 27 storage/engine/rocksdb.go:120                Options.compression_opts.strategy: 0
I200320 19:27:15.275447 27 storage/engine/rocksdb.go:120          Options.compression_opts.max_dict_bytes: 0
I200320 19:27:15.275469 27 storage/engine/rocksdb.go:120          Options.compression_opts.zstd_max_train_bytes: 0
I200320 19:27:15.275482 27 storage/engine/rocksdb.go:120                   Options.compression_opts.enabled: false
I200320 19:27:15.275563 27 storage/engine/rocksdb.go:120       Options.level0_file_num_compaction_trigger: 2
I200320 19:27:15.275581 27 storage/engine/rocksdb.go:120           Options.level0_slowdown_writes_trigger: 950
I200320 19:27:15.275599 27 storage/engine/rocksdb.go:120               Options.level0_stop_writes_trigger: 1000
I200320 19:27:15.275616 27 storage/engine/rocksdb.go:120                    Options.target_file_size_base: 4194304
I200320 19:27:15.275671 27 storage/engine/rocksdb.go:120              Options.target_file_size_multiplier: 2
I200320 19:27:15.275724 27 storage/engine/rocksdb.go:120                 Options.max_bytes_for_level_base: 67108864
I200320 19:27:15.275742 27 storage/engine/rocksdb.go:120  Options.level_compaction_dynamic_level_bytes: 1
I200320 19:27:15.275762 27 storage/engine/rocksdb.go:120           Options.max_bytes_for_level_multiplier: 10.000000
I200320 19:27:15.275779 27 storage/engine/rocksdb.go:120  Options.max_bytes_for_level_multiplier_addtl[0]: 1
I200320 19:27:15.275861 27 storage/engine/rocksdb.go:120  Options.max_bytes_for_level_multiplier_addtl[1]: 1
I200320 19:27:15.275875 27 storage/engine/rocksdb.go:120  Options.max_bytes_for_level_multiplier_addtl[2]: 1
I200320 19:27:15.275890 27 storage/engine/rocksdb.go:120  Options.max_bytes_for_level_multiplier_addtl[3]: 1
I200320 19:27:15.275907 27 storage/engine/rocksdb.go:120  Options.max_bytes_for_level_multiplier_addtl[4]: 1
I200320 19:27:15.275925 27 storage/engine/rocksdb.go:120  Options.max_bytes_for_level_multiplier_addtl[5]: 1
I200320 19:27:15.275998 27 storage/engine/rocksdb.go:120  Options.max_bytes_for_level_multiplier_addtl[6]: 1
I200320 19:27:15.276016 27 storage/engine/rocksdb.go:120        Options.max_sequential_skip_in_iterations: 8
I200320 19:27:15.276032 27 storage/engine/rocksdb.go:120                     Options.max_compaction_bytes: 104857600
I200320 19:27:15.276047 27 storage/engine/rocksdb.go:120                         Options.arena_block_size: 8388608
I200320 19:27:15.276061 27 storage/engine/rocksdb.go:120    Options.soft_pending_compaction_bytes_limit: 2199023255552
I200320 19:27:15.276133 27 storage/engine/rocksdb.go:120    Options.hard_pending_compaction_bytes_limit: 4400193994752
I200320 19:27:15.276151 27 storage/engine/rocksdb.go:120        Options.rate_limit_delay_max_milliseconds: 100
I200320 19:27:15.276171 27 storage/engine/rocksdb.go:120                 Options.disable_auto_compactions: 0
I200320 19:27:15.276188 27 storage/engine/rocksdb.go:120                         Options.compaction_style: kCompactionStyleLevel
I200320 19:27:15.276282 27 storage/engine/rocksdb.go:120                           Options.compaction_pri: kMinOverlappingRatio
I200320 19:27:15.276300 27 storage/engine/rocksdb.go:120  Options.compaction_options_universal.size_ratio: 1
I200320 19:27:15.276318 27 storage/engine/rocksdb.go:120  Options.compaction_options_universal.min_merge_width: 2
I200320 19:27:15.276335 27 storage/engine/rocksdb.go:120  Options.compaction_options_universal.max_merge_width: 4294967295
I200320 19:27:15.276412 27 storage/engine/rocksdb.go:120  Options.compaction_options_universal.max_size_amplification_percent: 200
I200320 19:27:15.276426 27 storage/engine/rocksdb.go:120  Options.compaction_options_universal.compression_size_percent: -1
I200320 19:27:15.276444 27 storage/engine/rocksdb.go:120  Options.compaction_options_universal.stop_style: kCompactionStopStyleTotalSize
I200320 19:27:15.276462 27 storage/engine/rocksdb.go:120  Options.compaction_options_fifo.max_table_files_size: 1073741824
I200320 19:27:15.276549 27 storage/engine/rocksdb.go:120  Options.compaction_options_fifo.allow_compaction: 0
I200320 19:27:15.276597 27 storage/engine/rocksdb.go:120                    Options.table_properties_collectors: TimeBoundTblPropCollectorFactory; DeleteRangeTblPropCollectorFactory; 
I200320 19:27:15.276612 27 storage/engine/rocksdb.go:120                    Options.inplace_update_support: 0
I200320 19:27:15.276630 27 storage/engine/rocksdb.go:120                  Options.inplace_update_num_locks: 10000
I200320 19:27:15.276648 27 storage/engine/rocksdb.go:120                Options.memtable_prefix_bloom_size_ratio: 0.000000
I200320 19:27:15.276721 27 storage/engine/rocksdb.go:120                Options.memtable_whole_key_filtering: 0
I200320 19:27:15.276739 27 storage/engine/rocksdb.go:120    Options.memtable_huge_page_size: 0
I200320 19:27:15.276757 27 storage/engine/rocksdb.go:120                            Options.bloom_locality: 0
I200320 19:27:15.276771 27 storage/engine/rocksdb.go:120                     Options.max_successive_merges: 0
I200320 19:27:15.276785 27 storage/engine/rocksdb.go:120                 Options.optimize_filters_for_hits: 1
I200320 19:27:15.276858 27 storage/engine/rocksdb.go:120                 Options.paranoid_file_checks: 0
I200320 19:27:15.276876 27 storage/engine/rocksdb.go:120                 Options.force_consistency_checks: 0
I200320 19:27:15.276902 27 storage/engine/rocksdb.go:120                 Options.report_bg_io_stats: 0
I200320 19:27:15.276942 27 storage/engine/rocksdb.go:120                                Options.ttl: 0
I200320 19:27:15.276991 27 storage/engine/rocksdb.go:120           Options.periodic_compaction_seconds: 0
I200320 19:27:15.281398 27 storage/engine/rocksdb.go:120  [db/version_set.cc:4286] Recovered from manifest file:/cockroach/cockroach-data/cockroach-temp550703948/MANIFEST-000001 succeeded,manifest_file_number is 1, next_file_number is 3, last_sequence is 0, log_number is 0,prev_log_number is 0,max_column_family is 0,min_log_number_to_keep is 0
I200320 19:27:15.281422 27 storage/engine/rocksdb.go:120  [db/version_set.cc:4295] Column family [default] (ID 0), log number is 0
I200320 19:27:15.332339 27 storage/engine/rocksdb.go:120  DB pointer 0x7f8f60ca1000
I200320 19:27:15.366211 27 storage/engine/rocksdb.go:120  RocksDB version: 6.2.1
I200320 19:27:15.366309 27 storage/engine/rocksdb.go:120  Git sha rocksdb_build_git_sha:@b7009236531fa784872f4823eabf393501e41bf2@
I200320 19:27:15.366460 27 storage/engine/rocksdb.go:120  Compile date Feb  6 2020
I200320 19:27:15.366480 27 storage/engine/rocksdb.go:120  DB SUMMARY
I200320 19:27:15.369984 27 storage/engine/rocksdb.go:120  CURRENT file:  CURRENT
I200320 19:27:15.370006 27 storage/engine/rocksdb.go:120  IDENTITY file:  IDENTITY
I200320 19:27:15.370680 27 storage/engine/rocksdb.go:120  MANIFEST file:  MANIFEST-000029 size: 53 Bytes
I200320 19:27:15.370708 27 storage/engine/rocksdb.go:120  SST files in /cockroach/cockroach-data dir, Total Num: 0, files: 
I200320 19:27:15.370728 27 storage/engine/rocksdb.go:120  Write Ahead Log file in /cockroach/cockroach-data: 000030.log size: 375 ; 
I200320 19:27:15.370744 27 storage/engine/rocksdb.go:120                          Options.error_if_exists: 0
I200320 19:27:15.370759 27 storage/engine/rocksdb.go:120                        Options.create_if_missing: 1
I200320 19:27:15.370777 27 storage/engine/rocksdb.go:120                          Options.paranoid_checks: 1
I200320 19:27:15.370795 27 storage/engine/rocksdb.go:120                                      Options.env: 0x756aca0
I200320 19:27:15.370812 27 storage/engine/rocksdb.go:120                                 Options.info_log: 0x7f8f5c219080
I200320 19:27:15.370826 27 storage/engine/rocksdb.go:120                 Options.max_file_opening_threads: 16
I200320 19:27:15.370840 27 storage/engine/rocksdb.go:120                               Options.statistics: 0x7f8f5c21f010
I200320 19:27:15.370856 27 storage/engine/rocksdb.go:120                                Options.use_fsync: 0
I200320 19:27:15.370924 27 storage/engine/rocksdb.go:120                        Options.max_log_file_size: 0
I200320 19:27:15.370986 27 storage/engine/rocksdb.go:120                   Options.max_manifest_file_size: 134217728
I200320 19:27:15.371016 27 storage/engine/rocksdb.go:120                    Options.log_file_time_to_roll: 0
I200320 19:27:15.371039 27 storage/engine/rocksdb.go:120                        Options.keep_log_file_num: 1000
I200320 19:27:15.371069 27 storage/engine/rocksdb.go:120                     Options.recycle_log_file_num: 1
I200320 19:27:15.371084 27 storage/engine/rocksdb.go:120                          Options.allow_fallocate: 1
I200320 19:27:15.371102 27 storage/engine/rocksdb.go:120                         Options.allow_mmap_reads: 0
I200320 19:27:15.371125 27 storage/engine/rocksdb.go:120                        Options.allow_mmap_writes: 0
I200320 19:27:15.371142 27 storage/engine/rocksdb.go:120                         Options.use_direct_reads: 0
I200320 19:27:15.371155 27 storage/engine/rocksdb.go:120                         Options.use_direct_io_for_flush_and_compaction: 0
I200320 19:27:15.371172 27 storage/engine/rocksdb.go:120           Options.create_missing_column_families: 0
I200320 19:27:15.371197 27 storage/engine/rocksdb.go:120                               Options.db_log_dir: 
I200320 19:27:15.371269 27 storage/engine/rocksdb.go:120                                  Options.wal_dir: /cockroach/cockroach-data
I200320 19:27:15.371287 27 storage/engine/rocksdb.go:120                 Options.table_cache_numshardbits: 6
I200320 19:27:15.371303 27 storage/engine/rocksdb.go:120                       Options.max_subcompactions: 1
I200320 19:27:15.371429 27 storage/engine/rocksdb.go:120                   Options.max_background_flushes: -1
I200320 19:27:15.371447 27 storage/engine/rocksdb.go:120                          Options.WAL_ttl_seconds: 0
I200320 19:27:15.371467 27 storage/engine/rocksdb.go:120                        Options.WAL_size_limit_MB: 0
I200320 19:27:15.371490 27 storage/engine/rocksdb.go:120              Options.manifest_preallocation_size: 4194304
I200320 19:27:15.371622 27 storage/engine/rocksdb.go:120                      Options.is_fd_close_on_exec: 1
I200320 19:27:15.371635 27 storage/engine/rocksdb.go:120                    Options.advise_random_on_open: 1
I200320 19:27:15.371694 27 storage/engine/rocksdb.go:120                     Options.db_write_buffer_size: 0
I200320 19:27:15.371717 27 storage/engine/rocksdb.go:120                     Options.write_buffer_manager: 0x7f8f5c287030
I200320 19:27:15.371736 27 storage/engine/rocksdb.go:120          Options.access_hint_on_compaction_start: 1
I200320 19:27:15.371754 27 storage/engine/rocksdb.go:120   Options.new_table_reader_for_compaction_inputs: 0
I200320 19:27:15.371772 27 storage/engine/rocksdb.go:120            Options.random_access_max_buffer_size: 1048576
I200320 19:27:15.371831 27 storage/engine/rocksdb.go:120                       Options.use_adaptive_mutex: 0
I200320 19:27:15.371851 27 storage/engine/rocksdb.go:120                             Options.rate_limiter: (nil)
I200320 19:27:15.371869 27 storage/engine/rocksdb.go:120      Options.sst_file_manager.rate_bytes_per_sec: 0
I200320 19:27:15.371884 27 storage/engine/rocksdb.go:120                        Options.wal_recovery_mode: 0
I200320 19:27:15.371922 27 storage/engine/rocksdb.go:120                   Options.enable_thread_tracking: 0
I200320 19:27:15.371938 27 storage/engine/rocksdb.go:120                   Options.enable_pipelined_write: 0
I200320 19:27:15.372003 27 storage/engine/rocksdb.go:120          Options.allow_concurrent_memtable_write: 1
I200320 19:27:15.372031 27 storage/engine/rocksdb.go:120       Options.enable_write_thread_adaptive_yield: 1
I200320 19:27:15.372049 27 storage/engine/rocksdb.go:120              Options.write_thread_max_yield_usec: 100
I200320 19:27:15.372069 27 storage/engine/rocksdb.go:120             Options.write_thread_slow_yield_usec: 3
I200320 19:27:15.372093 27 storage/engine/rocksdb.go:120                                Options.row_cache: None
I200320 19:27:15.372111 27 storage/engine/rocksdb.go:120                               Options.wal_filter: None
I200320 19:27:15.372177 27 storage/engine/rocksdb.go:120              Options.avoid_flush_during_recovery: 0
I200320 19:27:15.372197 27 storage/engine/rocksdb.go:120              Options.allow_ingest_behind: 0
I200320 19:27:15.372215 27 storage/engine/rocksdb.go:120              Options.preserve_deletes: 0
I200320 19:27:15.372233 27 storage/engine/rocksdb.go:120              Options.two_write_queues: 0
I200320 19:27:15.372257 27 storage/engine/rocksdb.go:120              Options.manual_wal_flush: 1
I200320 19:27:15.372275 27 storage/engine/rocksdb.go:120              Options.atomic_flush: 0
I200320 19:27:15.372287 27 storage/engine/rocksdb.go:120              Options.avoid_unnecessary_blocking_io: 0
I200320 19:27:15.372309 27 storage/engine/rocksdb.go:120              Options.max_background_jobs: 4
I200320 19:27:15.372329 27 storage/engine/rocksdb.go:120              Options.max_background_compactions: -1
I200320 19:27:15.372347 27 storage/engine/rocksdb.go:120              Options.avoid_flush_during_shutdown: 0
I200320 19:27:15.372410 27 storage/engine/rocksdb.go:120            Options.writable_file_max_buffer_size: 1048576
I200320 19:27:15.372435 27 storage/engine/rocksdb.go:120              Options.delayed_write_rate : 16777216
I200320 19:27:15.372452 27 storage/engine/rocksdb.go:120              Options.max_total_wal_size: 0
I200320 19:27:15.372466 27 storage/engine/rocksdb.go:120              Options.delete_obsolete_files_period_micros: 21600000000
I200320 19:27:15.372485 27 storage/engine/rocksdb.go:120                    Options.stats_dump_period_sec: 0
I200320 19:27:15.372554 27 storage/engine/rocksdb.go:120                  Options.stats_persist_period_sec: 600
I200320 19:27:15.372575 27 storage/engine/rocksdb.go:120                  Options.stats_history_buffer_size: 1048576
I200320 19:27:15.372591 27 storage/engine/rocksdb.go:120                           Options.max_open_files: 1043576
I200320 19:27:15.372609 27 storage/engine/rocksdb.go:120                           Options.bytes_per_sync: 524288
I200320 19:27:15.372658 27 storage/engine/rocksdb.go:120                       Options.wal_bytes_per_sync: 0
I200320 19:27:15.372671 27 storage/engine/rocksdb.go:120                    Options.strict_bytes_per_sync: 1
I200320 19:27:15.372689 27 storage/engine/rocksdb.go:120        Options.compaction_readahead_size: 0
I200320 19:27:15.372707 27 storage/engine/rocksdb.go:120  Compression algorithms supported:
I200320 19:27:15.372772 27 storage/engine/rocksdb.go:120  	kZSTDNotFinalCompression supported: 0
I200320 19:27:15.372796 27 storage/engine/rocksdb.go:120  	kZSTD supported: 0
I200320 19:27:15.372810 27 storage/engine/rocksdb.go:120  	kXpressCompression supported: 0
I200320 19:27:15.372827 27 storage/engine/rocksdb.go:120  	kLZ4HCCompression supported: 0
I200320 19:27:15.372850 27 storage/engine/rocksdb.go:120  	kLZ4Compression supported: 0
I200320 19:27:15.372868 27 storage/engine/rocksdb.go:120  	kBZip2Compression supported: 0
I200320 19:27:15.372886 27 storage/engine/rocksdb.go:120  	kZlibCompression supported: 0
I200320 19:27:15.372904 27 storage/engine/rocksdb.go:120  	kSnappyCompression supported: 1
I200320 19:27:15.372930 27 storage/engine/rocksdb.go:120  Fast CRC32 supported: Supported on x86
I200320 19:27:15.380886 27 storage/engine/rocksdb.go:120  [db/version_set.cc:4072] Recovering from manifest file: /cockroach/cockroach-data/MANIFEST-000029
I200320 19:27:15.381926 27 storage/engine/rocksdb.go:120  [db/column_family.cc:488] --------------- Options for column family [default]:
I200320 19:27:15.381946 27 storage/engine/rocksdb.go:120                Options.comparator: cockroach_comparator
I200320 19:27:15.381966 27 storage/engine/rocksdb.go:120            Options.merge_operator: cockroach_merge_operator
I200320 19:27:15.381984 27 storage/engine/rocksdb.go:120         Options.compaction_filter: None
I200320 19:27:15.382002 27 storage/engine/rocksdb.go:120         Options.compaction_filter_factory: None
I200320 19:27:15.382020 27 storage/engine/rocksdb.go:120          Options.memtable_factory: SkipListFactory
I200320 19:27:15.382041 27 storage/engine/rocksdb.go:120             Options.table_factory: BlockBasedTable
I200320 19:27:15.382085 27 storage/engine/rocksdb.go:120             table_factory options:   flush_block_policy_factory: FlushBlockBySizePolicyFactory (0x7f8f5c21d028)
  cache_index_and_filter_blocks: 0
  cache_index_and_filter_blocks_with_high_priority: 0
  pin_l0_filter_and_index_blocks_in_cache: 0
  pin_top_level_index_and_filter: 1
  index_type: 0
  data_block_index_type: 0
  index_shortening: 1
  data_block_hash_table_util_ratio: 0.750000
  hash_index_allow_collision: 1
  checksum: 1
  no_block_cache: 0
  block_cache: 0x7f8f5c20e010
  block_cache_name: LRUCache
  block_cache_options:
    capacity : 67108864
    num_shard_bits : 4
    strict_capacity_limit : 0
    memory_allocator : None
    high_pri_pool_ratio: 0.000
  block_cache_compressed: (nil)
  persistent_cache: (nil)
  block_size: 32768
  block_size_deviation: 10
  block_restart_interval: 16
  index_block_restart_interval: 1
  metadata_block_size: 4096
  partition_filters: 0
  use_delta_encoding: 1
  filter_policy: rocksdb.BuiltinBloomFilter
  whole_key_filtering: 0
  verify_compression: 0
  read_amp_bytes_per_bit: 0
  format_version: 2
  enable_index_compression: 1
  block_align: 0
I200320 19:27:15.382106 27 storage/engine/rocksdb.go:120         Options.write_buffer_size: 67108864
I200320 19:27:15.382126 27 storage/engine/rocksdb.go:120   Options.max_write_buffer_number: 4
I200320 19:27:15.382144 27 storage/engine/rocksdb.go:120           Options.compression: Snappy
I200320 19:27:15.382161 27 storage/engine/rocksdb.go:120                   Options.bottommost_compression: Disabled
I200320 19:27:15.382179 27 storage/engine/rocksdb.go:120        Options.prefix_extractor: cockroach_prefix_extractor
I200320 19:27:15.382197 27 storage/engine/rocksdb.go:120    Options.memtable_insert_with_hint_prefix_extractor: nullptr
I200320 19:27:15.382214 27 storage/engine/rocksdb.go:120              Options.num_levels: 7
I200320 19:27:15.382232 27 storage/engine/rocksdb.go:120         Options.min_write_buffer_number_to_merge: 1
I200320 19:27:15.382249 27 storage/engine/rocksdb.go:120      Options.max_write_buffer_number_to_maintain: 0
I200320 19:27:15.382267 27 storage/engine/rocksdb.go:120             Options.bottommost_compression_opts.window_bits: -14
I200320 19:27:15.382284 27 storage/engine/rocksdb.go:120                   Options.bottommost_compression_opts.level: 32767
I200320 19:27:15.382302 27 storage/engine/rocksdb.go:120                Options.bottommost_compression_opts.strategy: 0
I200320 19:27:15.382319 27 storage/engine/rocksdb.go:120          Options.bottommost_compression_opts.max_dict_bytes: 0
I200320 19:27:15.382337 27 storage/engine/rocksdb.go:120          Options.bottommost_compression_opts.zstd_max_train_bytes: 0
I200320 19:27:15.382354 27 storage/engine/rocksdb.go:120                   Options.bottommost_compression_opts.enabled: false
I200320 19:27:15.382372 27 storage/engine/rocksdb.go:120             Options.compression_opts.window_bits: -14
I200320 19:27:15.382390 27 storage/engine/rocksdb.go:120                   Options.compression_opts.level: 32767
I200320 19:27:15.382407 27 storage/engine/rocksdb.go:120                Options.compression_opts.strategy: 0
I200320 19:27:15.382425 27 storage/engine/rocksdb.go:120          Options.compression_opts.max_dict_bytes: 0
I200320 19:27:15.382442 27 storage/engine/rocksdb.go:120          Options.compression_opts.zstd_max_train_bytes: 0
I200320 19:27:15.382460 27 storage/engine/rocksdb.go:120                   Options.compression_opts.enabled: false
I200320 19:27:15.382477 27 storage/engine/rocksdb.go:120       Options.level0_file_num_compaction_trigger: 2
I200320 19:27:15.382494 27 storage/engine/rocksdb.go:120           Options.level0_slowdown_writes_trigger: 950
I200320 19:27:15.382512 27 storage/engine/rocksdb.go:120               Options.level0_stop_writes_trigger: 1000
I200320 19:27:15.382530 27 storage/engine/rocksdb.go:120                    Options.target_file_size_base: 4194304
I200320 19:27:15.382547 27 storage/engine/rocksdb.go:120              Options.target_file_size_multiplier: 2
I200320 19:27:15.382564 27 storage/engine/rocksdb.go:120                 Options.max_bytes_for_level_base: 67108864
I200320 19:27:15.382583 27 storage/engine/rocksdb.go:120  Options.level_compaction_dynamic_level_bytes: 1
I200320 19:27:15.382601 27 storage/engine/rocksdb.go:120           Options.max_bytes_for_level_multiplier: 10.000000
I200320 19:27:15.382619 27 storage/engine/rocksdb.go:120  Options.max_bytes_for_level_multiplier_addtl[0]: 1
I200320 19:27:15.382641 27 storage/engine/rocksdb.go:120  Options.max_bytes_for_level_multiplier_addtl[1]: 1
I200320 19:27:15.382710 27 storage/engine/rocksdb.go:120  Options.max_bytes_for_level_multiplier_addtl[2]: 1
I200320 19:27:15.382730 27 storage/engine/rocksdb.go:120  Options.max_bytes_for_level_multiplier_addtl[3]: 1
I200320 19:27:15.382748 27 storage/engine/rocksdb.go:120  Options.max_bytes_for_level_multiplier_addtl[4]: 1
I200320 19:27:15.382766 27 storage/engine/rocksdb.go:120  Options.max_bytes_for_level_multiplier_addtl[5]: 1
I200320 19:27:15.382783 27 storage/engine/rocksdb.go:120  Options.max_bytes_for_level_multiplier_addtl[6]: 1
I200320 19:27:15.382801 27 storage/engine/rocksdb.go:120        Options.max_sequential_skip_in_iterations: 8
I200320 19:27:15.382818 27 storage/engine/rocksdb.go:120                     Options.max_compaction_bytes: 104857600
I200320 19:27:15.382836 27 storage/engine/rocksdb.go:120                         Options.arena_block_size: 8388608
I200320 19:27:15.382853 27 storage/engine/rocksdb.go:120    Options.soft_pending_compaction_bytes_limit: 2199023255552
I200320 19:27:15.382871 27 storage/engine/rocksdb.go:120    Options.hard_pending_compaction_bytes_limit: 4400193994752
I200320 19:27:15.382888 27 storage/engine/rocksdb.go:120        Options.rate_limit_delay_max_milliseconds: 100
I200320 19:27:15.382906 27 storage/engine/rocksdb.go:120                 Options.disable_auto_compactions: 0
I200320 19:27:15.382925 27 storage/engine/rocksdb.go:120                         Options.compaction_style: kCompactionStyleLevel
I200320 19:27:15.382945 27 storage/engine/rocksdb.go:120                           Options.compaction_pri: kMinOverlappingRatio
I200320 19:27:15.382963 27 storage/engine/rocksdb.go:120  Options.compaction_options_universal.size_ratio: 1
I200320 19:27:15.382980 27 storage/engine/rocksdb.go:120  Options.compaction_options_universal.min_merge_width: 2
I200320 19:27:15.382998 27 storage/engine/rocksdb.go:120  Options.compaction_options_universal.max_merge_width: 4294967295
I200320 19:27:15.383015 27 storage/engine/rocksdb.go:120  Options.compaction_options_universal.max_size_amplification_percent: 200
I200320 19:27:15.383033 27 storage/engine/rocksdb.go:120  Options.compaction_options_universal.compression_size_percent: -1
I200320 19:27:15.383051 27 storage/engine/rocksdb.go:120  Options.compaction_options_universal.stop_style: kCompactionStopStyleTotalSize
I200320 19:27:15.383069 27 storage/engine/rocksdb.go:120  Options.compaction_options_fifo.max_table_files_size: 1073741824
I200320 19:27:15.383087 27 storage/engine/rocksdb.go:120  Options.compaction_options_fifo.allow_compaction: 0
I200320 19:27:15.383106 27 storage/engine/rocksdb.go:120                    Options.table_properties_collectors: TimeBoundTblPropCollectorFactory; DeleteRangeTblPropCollectorFactory; 
I200320 19:27:15.383125 27 storage/engine/rocksdb.go:120                    Options.inplace_update_support: 0
I200320 19:27:15.383143 27 storage/engine/rocksdb.go:120                  Options.inplace_update_num_locks: 10000
I200320 19:27:15.383161 27 storage/engine/rocksdb.go:120                Options.memtable_prefix_bloom_size_ratio: 0.000000
I200320 19:27:15.383178 27 storage/engine/rocksdb.go:120                Options.memtable_whole_key_filtering: 0
I200320 19:27:15.383196 27 storage/engine/rocksdb.go:120    Options.memtable_huge_page_size: 0
I200320 19:27:15.383213 27 storage/engine/rocksdb.go:120                            Options.bloom_locality: 0
I200320 19:27:15.383231 27 storage/engine/rocksdb.go:120                     Options.max_successive_merges: 0
I200320 19:27:15.383248 27 storage/engine/rocksdb.go:120                 Options.optimize_filters_for_hits: 1
I200320 19:27:15.383265 27 storage/engine/rocksdb.go:120                 Options.paranoid_file_checks: 0
I200320 19:27:15.383283 27 storage/engine/rocksdb.go:120                 Options.force_consistency_checks: 0
I200320 19:27:15.383307 27 storage/engine/rocksdb.go:120                 Options.report_bg_io_stats: 0
I200320 19:27:15.383325 27 storage/engine/rocksdb.go:120                                Options.ttl: 0
I200320 19:27:15.383342 27 storage/engine/rocksdb.go:120           Options.periodic_compaction_seconds: 0
I200320 19:27:15.385450 27 storage/engine/rocksdb.go:120  [db/version_set.cc:4286] Recovered from manifest file:/cockroach/cockroach-data/MANIFEST-000029 succeeded,manifest_file_number is 29, next_file_number is 31, last_sequence is 0, log_number is 28,prev_log_number is 0,max_column_family is 0,min_log_number_to_keep is 0
I200320 19:27:15.385472 27 storage/engine/rocksdb.go:120  [db/version_set.cc:4295] Column family [default] (ID 0), log number is 28
I200320 19:27:15.388653 27 storage/engine/rocksdb.go:120  EVENT_LOG_v1 {"time_micros": 1584732435388615, "job": 1, "event": "recovery_started", "log_files": [30]}
I200320 19:27:15.388679 27 storage/engine/rocksdb.go:120  [db/db_impl_open.cc:598] Recovering log #30 mode 0
I200320 19:27:15.391441 27 storage/engine/rocksdb.go:120  [db/version_set.cc:3560] Creating manifest 32
I200320 19:27:15.395892 27 storage/engine/rocksdb.go:120  EVENT_LOG_v1 {"time_micros": 1584732435395856, "job": 1, "event": "recovery_finished"}
I200320 19:27:15.417942 27 storage/engine/rocksdb.go:120  DB pointer 0x7f8f5c294000
