I200320 18:41:49.158945 1 util/log/clog.go:1196  [config] file created at: 2020/03/20 18:41:49
I200320 18:41:49.158945 1 util/log/clog.go:1196  [config] running on machine: dee42ebf2627
I200320 18:41:49.158945 1 util/log/clog.go:1196  [config] binary: CockroachDB CCL v19.2.4 (x86_64-unknown-linux-gnu, built 2020/02/06 21:55:19, go1.12.12)
I200320 18:41:49.158945 1 util/log/clog.go:1196  [config] arguments: [/cockroach/cockroach start --insecure --join=node_1]
I200320 18:41:49.158945 1 util/log/clog.go:1196  line format: [IWEF]yymmdd hh:mm:ss.uuuuuu goid file:line msg utf8=✓
I200320 18:41:49.158932 1 cli/start.go:1144  logging to directory /cockroach/cockroach-data/logs
W200320 18:41:49.169072 1 cli/start.go:1182  RUNNING IN INSECURE MODE!

- Your cluster is open for any client that can access <all your IP addresses>.
- Any user, even root, can log in without providing a password.
- Any user, connecting as root, can read or write any data in your cluster.
- There is no network encryption nor authentication, and thus no confidentiality.

Check out how to secure your cluster: https://www.cockroachlabs.com/docs/v19.2/secure-a-cluster.html
I200320 18:41:49.170090 1 server/status/recorder.go:597  available memory from cgroups is unsupported, using system memory 1.9 GiB instead: failed to find cgroup memory limit
W200320 18:41:49.170207 1 cli/start.go:1052  Using the default setting for --cache (128 MiB).
  A significantly larger value is usually needed for good performance.
  If you have a dedicated server a reasonable setting is --cache=.25 (497 MiB).
I200320 18:41:49.170873 1 server/status/recorder.go:597  available memory from cgroups is unsupported, using system memory 1.9 GiB instead: failed to find cgroup memory limit
W200320 18:41:49.170932 1 cli/start.go:1065  Using the default setting for --max-sql-memory (128 MiB).
  A significantly larger value is usually needed in production.
  If you have a dedicated server a reasonable setting is --max-sql-memory=.25 (497 MiB).
I200320 18:41:49.171595 1 server/status/recorder.go:597  available memory from cgroups is unsupported, using system memory 1.9 GiB instead: failed to find cgroup memory limit
I200320 18:41:49.171746 1 cli/start.go:1196  CockroachDB CCL v19.2.4 (x86_64-unknown-linux-gnu, built 2020/02/06 21:55:19, go1.12.12)
I200320 18:41:49.294264 1 server/status/recorder.go:597  available memory from cgroups is unsupported, using system memory 1.9 GiB instead: failed to find cgroup memory limit
I200320 18:41:49.294315 1 server/config.go:394  system total memory: 1.9 GiB
I200320 18:41:49.294388 1 server/config.go:396  server configuration:
max offset             500000000
cache size             128 MiB
SQL memory pool size   128 MiB
scan interval          10m0s
scan min idle time     10ms
scan max idle time     1s
event log enabled      true
I200320 18:41:49.294438 1 cli/start.go:1030  using local environment variables: COCKROACH_CHANNEL=official-docker, COCKROACH_USER=root
I200320 18:41:49.294483 1 cli/start.go:1037  process identity: uid 0 euid 0 gid 0 egid 0
I200320 18:41:49.294600 1 cli/start.go:644  starting cockroach node
I200320 18:41:49.297364 56 storage/engine/rocksdb.go:622  opening rocksdb instance at "/cockroach/cockroach-data/cockroach-temp487112537"
I200320 18:41:49.412072 56 server/server.go:928  [n?] monitoring forward clock jumps based on server.clock.forward_jump_check_enabled
I200320 18:41:49.416597 56 storage/engine/rocksdb.go:622  opening rocksdb instance at "/cockroach/cockroach-data"
I200320 18:41:49.493964 56 server/config.go:502  [n?] 1 storage engine initialized
I200320 18:41:49.494114 56 server/config.go:505  [n?] RocksDB cache size: 128 MiB
I200320 18:41:49.494257 56 server/config.go:505  [n?] store 0: RocksDB, max size 0 B, max open file limit 1043576
W200320 18:41:49.503813 56 gossip/gossip.go:1517  [n?] no incoming or outgoing connections
I200320 18:41:49.505097 56 server/server.go:1386  [n?] no stores bootstrapped and --join flag specified, awaiting init command or join with an already initialized node.
I200320 18:41:49.518100 99 gossip/client.go:124  [n?] started gossip client to node_1:26257
I200320 18:41:49.530769 27 gossip/server.go:227  [n?] received initial cluster-verification connection from dee42ebf2627:26257
I200320 18:41:49.530964 99 gossip/client.go:131  [n?] closing client to node_1:26257: stopping outgoing client to n0 (node_1:26257); loopback connection
I200320 18:41:50.515366 94 gossip/client.go:124  [n?] started gossip client to node_1:26257
I200320 18:41:50.516277 29 gossip/server.go:227  [n?] received initial cluster-verification connection from dee42ebf2627:26257
I200320 18:41:50.516874 94 gossip/client.go:131  [n?] closing client to node_1:26257: stopping outgoing client to n0 (node_1:26257); loopback connection
W200320 18:41:51.507348 98 cli/start.go:996  neither --listen-addr nor --advertise-addr was specified.
The server will advertise "dee42ebf2627" to other nodes, is this routable?

Consider using:
- for local-only servers:  --listen-addr=localhost
- for multi-node clusters: --advertise-addr=<host/IP addr>
I200320 18:41:51.507446 98 cli/start.go:603  initial startup completed.
Node will now attempt to join a running cluster, or wait for `cockroach init`.
Client connections will be accepted after this completes successfully.
Check the log file(s) for progress. 
I200320 18:41:51.517605 30 gossip/client.go:124  [n?] started gossip client to node_1:26257
I200320 18:41:51.518481 121 gossip/server.go:227  [n?] received initial cluster-verification connection from dee42ebf2627:26257
I200320 18:41:51.518897 30 gossip/client.go:131  [n?] closing client to node_1:26257: stopping outgoing client to n0 (node_1:26257); loopback connection
I200320 18:41:52.522381 111 gossip/client.go:124  [n?] started gossip client to node_1:26257
I200320 18:41:52.524307 131 gossip/server.go:227  [n?] received initial cluster-verification connection from dee42ebf2627:26257
I200320 18:41:52.524897 111 gossip/client.go:131  [n?] closing client to node_1:26257: stopping outgoing client to n0 (node_1:26257); loopback connection
I200320 18:41:53.526607 146 gossip/client.go:124  [n?] started gossip client to node_1:26257
I200320 18:41:53.527564 129 gossip/server.go:227  [n?] received initial cluster-verification connection from dee42ebf2627:26257
I200320 18:41:53.528058 146 gossip/client.go:131  [n?] closing client to node_1:26257: stopping outgoing client to n0 (node_1:26257); loopback connection
I200320 18:41:54.534517 132 gossip/client.go:124  [n?] started gossip client to node_1:26257
I200320 18:41:54.535817 150 gossip/server.go:227  [n?] received initial cluster-verification connection from dee42ebf2627:26257
I200320 18:41:54.536027 132 gossip/client.go:131  [n?] closing client to node_1:26257: stopping outgoing client to n0 (node_1:26257); loopback connection
I200320 18:41:55.541513 97 gossip/client.go:124  [n?] started gossip client to node_1:26257
I200320 18:41:55.543628 154 gossip/server.go:227  [n?] received initial cluster-verification connection from dee42ebf2627:26257
I200320 18:41:55.545345 97 gossip/client.go:131  [n?] closing client to node_1:26257: stopping outgoing client to n0 (node_1:26257); loopback connection
I200320 18:41:56.547434 142 gossip/client.go:124  [n?] started gossip client to node_1:26257
I200320 18:41:56.548312 166 gossip/server.go:227  [n?] received initial cluster-verification connection from dee42ebf2627:26257
I200320 18:41:56.548857 142 gossip/client.go:131  [n?] closing client to node_1:26257: stopping outgoing client to n0 (node_1:26257); loopback connection
I200320 18:41:57.549323 178 gossip/client.go:124  [n?] started gossip client to node_1:26257
I200320 18:41:57.549715 145 gossip/server.go:227  [n?] received initial cluster-verification connection from dee42ebf2627:26257
I200320 18:41:57.549901 178 gossip/client.go:131  [n?] closing client to node_1:26257: stopping outgoing client to n0 (node_1:26257); loopback connection
I200320 18:41:58.555278 170 gossip/client.go:124  [n?] started gossip client to node_1:26257
I200320 18:41:58.556319 199 gossip/server.go:227  [n?] received initial cluster-verification connection from dee42ebf2627:26257
I200320 18:41:58.556531 170 gossip/client.go:131  [n?] closing client to node_1:26257: stopping outgoing client to n0 (node_1:26257); loopback connection
I200320 18:41:59.560969 203 gossip/client.go:124  [n?] started gossip client to node_1:26257
I200320 18:41:59.561873 182 gossip/server.go:227  [n?] received initial cluster-verification connection from dee42ebf2627:26257
I200320 18:41:59.562568 203 gossip/client.go:131  [n?] closing client to node_1:26257: stopping outgoing client to n0 (node_1:26257); loopback connection
I200320 18:42:00.566489 183 gossip/client.go:124  [n?] started gossip client to node_1:26257
I200320 18:42:00.567630 187 gossip/server.go:227  [n?] received initial cluster-verification connection from dee42ebf2627:26257
I200320 18:42:00.568109 183 gossip/client.go:131  [n?] closing client to node_1:26257: stopping outgoing client to n0 (node_1:26257); loopback connection
I200320 18:42:01.572561 176 gossip/client.go:124  [n?] started gossip client to node_1:26257
I200320 18:42:01.573930 212 gossip/server.go:227  [n?] received initial cluster-verification connection from dee42ebf2627:26257
I200320 18:42:01.574221 176 gossip/client.go:131  [n?] closing client to node_1:26257: stopping outgoing client to n0 (node_1:26257); loopback connection
I200320 18:42:02.575906 189 gossip/client.go:124  [n?] started gossip client to node_1:26257
I200320 18:42:02.577047 229 gossip/server.go:227  [n?] received initial cluster-verification connection from dee42ebf2627:26257
I200320 18:42:02.577372 189 gossip/client.go:131  [n?] closing client to node_1:26257: stopping outgoing client to n0 (node_1:26257); loopback connection
I200320 18:42:03.579541 213 gossip/client.go:124  [n?] started gossip client to node_1:26257
I200320 18:42:03.580522 234 gossip/server.go:227  [n?] received initial cluster-verification connection from dee42ebf2627:26257
I200320 18:42:03.581304 213 gossip/client.go:131  [n?] closing client to node_1:26257: stopping outgoing client to n0 (node_1:26257); loopback connection
I200320 18:42:04.584917 219 gossip/client.go:124  [n?] started gossip client to node_1:26257
I200320 18:42:04.586580 193 gossip/server.go:227  [n?] received initial cluster-verification connection from dee42ebf2627:26257
I200320 18:42:04.586982 219 gossip/client.go:131  [n?] closing client to node_1:26257: stopping outgoing client to n0 (node_1:26257); loopback connection
I200320 18:42:05.590055 245 gossip/client.go:124  [n?] started gossip client to node_1:26257
I200320 18:42:05.590600 157 gossip/server.go:227  [n?] received initial cluster-verification connection from dee42ebf2627:26257
I200320 18:42:05.591270 245 gossip/client.go:131  [n?] closing client to node_1:26257: stopping outgoing client to n0 (node_1:26257); loopback connection
I200320 18:42:06.594313 239 gossip/client.go:124  [n?] started gossip client to node_1:26257
I200320 18:42:06.594951 159 gossip/server.go:227  [n?] received initial cluster-verification connection from dee42ebf2627:26257
I200320 18:42:06.595309 239 gossip/client.go:131  [n?] closing client to node_1:26257: stopping outgoing client to n0 (node_1:26257); loopback connection
I200320 18:42:07.599107 248 gossip/client.go:124  [n?] started gossip client to node_1:26257
I200320 18:42:07.599560 275 gossip/server.go:227  [n?] received initial cluster-verification connection from dee42ebf2627:26257
I200320 18:42:07.600017 248 gossip/client.go:131  [n?] closing client to node_1:26257: stopping outgoing client to n0 (node_1:26257); loopback connection
I200320 18:42:08.603784 251 gossip/client.go:124  [n?] started gossip client to node_1:26257
I200320 18:42:08.604945 277 gossip/server.go:227  [n?] received initial cluster-verification connection from dee42ebf2627:26257
I200320 18:42:08.605311 251 gossip/client.go:131  [n?] closing client to node_1:26257: stopping outgoing client to n0 (node_1:26257); loopback connection
I200320 18:42:09.575674 263 gossip/client.go:124  [n?] started gossip client to node_1:26257
I200320 18:42:09.577019 255 gossip/server.go:227  [n?] received initial cluster-verification connection from dee42ebf2627:26257
I200320 18:42:09.577291 263 gossip/client.go:131  [n?] closing client to node_1:26257: stopping outgoing client to n0 (node_1:26257); loopback connection
I200320 18:42:10.580518 269 gossip/client.go:124  [n?] started gossip client to node_1:26257
I200320 18:42:10.581227 279 gossip/server.go:227  [n?] received initial cluster-verification connection from dee42ebf2627:26257
I200320 18:42:10.582050 269 gossip/client.go:131  [n?] closing client to node_1:26257: stopping outgoing client to n0 (node_1:26257); loopback connection
I200320 18:42:11.585589 293 gossip/client.go:124  [n?] started gossip client to node_1:26257
I200320 18:42:11.586661 297 gossip/server.go:227  [n?] received initial cluster-verification connection from dee42ebf2627:26257
I200320 18:42:11.587251 293 gossip/client.go:131  [n?] closing client to node_1:26257: stopping outgoing client to n0 (node_1:26257); loopback connection
I200320 18:42:12.587276 298 gossip/client.go:124  [n?] started gossip client to node_1:26257
I200320 18:42:12.587961 302 gossip/server.go:227  [n?] received initial cluster-verification connection from dee42ebf2627:26257
I200320 18:42:12.588539 298 gossip/client.go:131  [n?] closing client to node_1:26257: stopping outgoing client to n0 (node_1:26257); loopback connection
I200320 18:42:13.589679 304 gossip/client.go:124  [n?] started gossip client to node_1:26257
I200320 18:42:13.590134 273 gossip/server.go:227  [n?] received initial cluster-verification connection from dee42ebf2627:26257
I200320 18:42:13.590432 304 gossip/client.go:131  [n?] closing client to node_1:26257: stopping outgoing client to n0 (node_1:26257); loopback connection
I200320 18:42:14.595362 322 gossip/client.go:124  [n?] started gossip client to node_1:26257
I200320 18:42:14.595952 339 gossip/server.go:227  [n?] received initial cluster-verification connection from dee42ebf2627:26257
I200320 18:42:14.596429 322 gossip/client.go:131  [n?] closing client to node_1:26257: stopping outgoing client to n0 (node_1:26257); loopback connection
I200320 18:42:15.600758 286 gossip/client.go:124  [n?] started gossip client to node_1:26257
I200320 18:42:15.601925 354 gossip/server.go:227  [n?] received initial cluster-verification connection from dee42ebf2627:26257
I200320 18:42:15.602362 286 gossip/client.go:131  [n?] closing client to node_1:26257: stopping outgoing client to n0 (node_1:26257); loopback connection
I200320 18:42:16.606611 355 gossip/client.go:124  [n?] started gossip client to node_1:26257
I200320 18:42:16.608025 315 gossip/server.go:227  [n?] received initial cluster-verification connection from dee42ebf2627:26257
I200320 18:42:16.608272 355 gossip/client.go:131  [n?] closing client to node_1:26257: stopping outgoing client to n0 (node_1:26257); loopback connection
I200320 18:42:17.619587 316 gossip/client.go:124  [n?] started gossip client to node_1:26257
I200320 18:42:17.620260 325 gossip/server.go:227  [n?] received initial cluster-verification connection from dee42ebf2627:26257
I200320 18:42:17.620645 316 gossip/client.go:131  [n?] closing client to node_1:26257: stopping outgoing client to n0 (node_1:26257); loopback connection
I200320 18:42:18.624443 329 gossip/client.go:124  [n?] started gossip client to node_1:26257
I200320 18:42:18.625541 362 gossip/server.go:227  [n?] received initial cluster-verification connection from dee42ebf2627:26257
I200320 18:42:18.626122 329 gossip/client.go:131  [n?] closing client to node_1:26257: stopping outgoing client to n0 (node_1:26257); loopback connection
W200320 18:42:19.471447 319 cli/start.go:634  The server appears to be unable to contact the other nodes in the cluster. Please try:

- starting the other nodes, if you haven't already;
- double-checking that the '--join' and '--listen'/'--advertise' flags are set up correctly;
- running the 'cockroach init' command if you are trying to initialize a new cluster.

If problems persist, please see https://www.cockroachlabs.com/docs/v19.2/cluster-setup-troubleshooting.html.
I200320 18:42:19.630457 320 gossip/client.go:124  [n?] started gossip client to node_1:26257
I200320 18:42:19.630950 367 gossip/server.go:227  [n?] received initial cluster-verification connection from dee42ebf2627:26257
I200320 18:42:19.631561 320 gossip/client.go:131  [n?] closing client to node_1:26257: stopping outgoing client to n0 (node_1:26257); loopback connection
I200320 18:42:20.634800 335 gossip/client.go:124  [n?] started gossip client to node_1:26257
I200320 18:42:20.635435 344 gossip/server.go:227  [n?] received initial cluster-verification connection from dee42ebf2627:26257
I200320 18:42:20.636307 335 gossip/client.go:131  [n?] closing client to node_1:26257: stopping outgoing client to n0 (node_1:26257); loopback connection
I200320 18:42:21.641443 368 gossip/client.go:124  [n?] started gossip client to node_1:26257
I200320 18:42:21.642012 388 gossip/server.go:227  [n?] received initial cluster-verification connection from dee42ebf2627:26257
I200320 18:42:21.642343 368 gossip/client.go:131  [n?] closing client to node_1:26257: stopping outgoing client to n0 (node_1:26257); loopback connection
I200320 18:42:22.648312 351 gossip/client.go:124  [n?] started gossip client to node_1:26257
I200320 18:42:22.648754 403 gossip/server.go:227  [n?] received initial cluster-verification connection from dee42ebf2627:26257
I200320 18:42:22.649298 351 gossip/client.go:131  [n?] closing client to node_1:26257: stopping outgoing client to n0 (node_1:26257); loopback connection
I200320 18:42:23.655474 404 gossip/client.go:124  [n?] started gossip client to node_1:26257
I200320 18:42:23.656942 408 gossip/server.go:227  [n?] received initial cluster-verification connection from dee42ebf2627:26257
I200320 18:42:23.657496 404 gossip/client.go:131  [n?] closing client to node_1:26257: stopping outgoing client to n0 (node_1:26257); loopback connection
I200320 18:42:24.663726 412 gossip/client.go:124  [n?] started gossip client to node_1:26257
I200320 18:42:24.665496 391 gossip/server.go:227  [n?] received initial cluster-verification connection from dee42ebf2627:26257
I200320 18:42:24.666232 412 gossip/client.go:131  [n?] closing client to node_1:26257: stopping outgoing client to n0 (node_1:26257); loopback connection
I200320 18:42:25.669596 415 gossip/client.go:124  [n?] started gossip client to node_1:26257
I200320 18:42:25.670349 419 gossip/server.go:227  [n?] received initial cluster-verification connection from dee42ebf2627:26257
I200320 18:42:25.670693 415 gossip/client.go:131  [n?] closing client to node_1:26257: stopping outgoing client to n0 (node_1:26257); loopback connection
I200320 18:42:26.673663 377 gossip/client.go:124  [n?] started gossip client to node_1:26257
I200320 18:42:26.674429 397 gossip/server.go:227  [n?] received initial cluster-verification connection from dee42ebf2627:26257
I200320 18:42:26.675701 377 gossip/client.go:131  [n?] closing client to node_1:26257: stopping outgoing client to n0 (node_1:26257); loopback connection
I200320 18:42:27.679614 420 gossip/client.go:124  [n?] started gossip client to node_1:26257
I200320 18:42:27.681614 435 gossip/server.go:227  [n?] received initial cluster-verification connection from dee42ebf2627:26257
I200320 18:42:27.682501 420 gossip/client.go:131  [n?] closing client to node_1:26257: stopping outgoing client to n0 (node_1:26257); loopback connection
I200320 18:42:28.685086 401 gossip/client.go:124  [n?] started gossip client to node_1:26257
I200320 18:42:28.686117 385 gossip/server.go:227  [n?] received initial cluster-verification connection from dee42ebf2627:26257
I200320 18:42:28.686415 401 gossip/client.go:131  [n?] closing client to node_1:26257: stopping outgoing client to n0 (node_1:26257); loopback connection
I200320 18:42:29.692112 436 gossip/client.go:124  [n?] started gossip client to node_1:26257
I200320 18:42:29.692526 440 gossip/server.go:227  [n?] received initial cluster-verification connection from dee42ebf2627:26257
I200320 18:42:29.694034 436 gossip/client.go:131  [n?] closing client to node_1:26257: stopping outgoing client to n0 (node_1:26257); loopback connection
I200320 18:42:30.696983 472 gossip/client.go:124  [n?] started gossip client to node_1:26257
I200320 18:42:30.697592 424 gossip/server.go:227  [n?] received initial cluster-verification connection from dee42ebf2627:26257
I200320 18:42:30.698191 472 gossip/client.go:131  [n?] closing client to node_1:26257: stopping outgoing client to n0 (node_1:26257); loopback connection
I200320 18:42:31.701346 441 gossip/client.go:124  [n?] started gossip client to node_1:26257
I200320 18:42:31.702123 430 gossip/server.go:227  [n?] received initial cluster-verification connection from dee42ebf2627:26257
I200320 18:42:31.702337 441 gossip/client.go:131  [n?] closing client to node_1:26257: stopping outgoing client to n0 (node_1:26257); loopback connection
I200320 18:42:32.707560 475 gossip/client.go:124  [n?] started gossip client to node_1:26257
I200320 18:42:32.708645 432 gossip/server.go:227  [n?] received initial cluster-verification connection from dee42ebf2627:26257
I200320 18:42:32.709234 475 gossip/client.go:131  [n?] closing client to node_1:26257: stopping outgoing client to n0 (node_1:26257); loopback connection
I200320 18:42:33.712830 433 gossip/client.go:124  [n?] started gossip client to node_1:26257
I200320 18:42:33.713607 453 gossip/server.go:227  [n?] received initial cluster-verification connection from dee42ebf2627:26257
I200320 18:42:33.714376 433 gossip/client.go:131  [n?] closing client to node_1:26257: stopping outgoing client to n0 (node_1:26257); loopback connection
I200320 18:42:34.717174 498 gossip/client.go:124  [n?] started gossip client to node_1:26257
I200320 18:42:34.717722 455 gossip/server.go:227  [n?] received initial cluster-verification connection from dee42ebf2627:26257
I200320 18:42:34.718278 498 gossip/client.go:131  [n?] closing client to node_1:26257: stopping outgoing client to n0 (node_1:26257); loopback connection
I200320 18:42:35.722807 504 gossip/client.go:124  [n?] started gossip client to node_1:26257
I200320 18:42:35.723567 448 gossip/server.go:227  [n?] received initial cluster-verification connection from dee42ebf2627:26257
I200320 18:42:35.724095 504 gossip/client.go:131  [n?] closing client to node_1:26257: stopping outgoing client to n0 (node_1:26257); loopback connection
I200320 18:42:36.727153 449 gossip/client.go:124  [n?] started gossip client to node_1:26257
I200320 18:42:36.728000 506 gossip/server.go:227  [n?] received initial cluster-verification connection from dee42ebf2627:26257
I200320 18:42:36.728590 449 gossip/client.go:131  [n?] closing client to node_1:26257: stopping outgoing client to n0 (node_1:26257); loopback connection
I200320 18:42:37.732482 508 gossip/client.go:124  [n?] started gossip client to node_1:26257
I200320 18:42:37.734861 493 gossip/server.go:227  [n?] received initial cluster-verification connection from dee42ebf2627:26257
I200320 18:42:37.735583 508 gossip/client.go:131  [n?] closing client to node_1:26257: stopping outgoing client to n0 (node_1:26257); loopback connection
I200320 18:42:38.737696 497 gossip/client.go:124  [n?] started gossip client to node_1:26257
I200320 18:42:38.738687 517 gossip/server.go:227  [n?] received initial cluster-verification connection from dee42ebf2627:26257
I200320 18:42:38.739173 497 gossip/client.go:131  [n?] closing client to node_1:26257: stopping outgoing client to n0 (node_1:26257); loopback connection
I200320 18:42:39.707035 518 gossip/client.go:124  [n?] started gossip client to node_1:26257
I200320 18:42:39.707350 460 gossip/server.go:227  [n?] received initial cluster-verification connection from dee42ebf2627:26257
I200320 18:42:39.707540 518 gossip/client.go:131  [n?] closing client to node_1:26257: stopping outgoing client to n0 (node_1:26257); loopback connection
I200320 18:42:40.711548 511 gossip/client.go:124  [n?] started gossip client to node_1:26257
I200320 18:42:40.712005 540 gossip/server.go:227  [n?] received initial cluster-verification connection from dee42ebf2627:26257
I200320 18:42:40.712413 511 gossip/client.go:131  [n?] closing client to node_1:26257: stopping outgoing client to n0 (node_1:26257); loopback connection
I200320 18:42:41.715866 464 gossip/client.go:124  [n?] started gossip client to node_1:26257
I200320 18:42:41.716578 522 gossip/server.go:227  [n?] received initial cluster-verification connection from dee42ebf2627:26257
I200320 18:42:41.717056 464 gossip/client.go:131  [n?] closing client to node_1:26257: stopping outgoing client to n0 (node_1:26257); loopback connection
I200320 18:42:42.717772 543 gossip/client.go:124  [n?] started gossip client to node_1:26257
I200320 18:42:42.718239 563 gossip/server.go:227  [n?] received initial cluster-verification connection from dee42ebf2627:26257
I200320 18:42:42.718584 543 gossip/client.go:131  [n?] closing client to node_1:26257: stopping outgoing client to n0 (node_1:26257); loopback connection
I200320 18:42:43.724992 527 gossip/client.go:124  [n?] started gossip client to node_1:26257
I200320 18:42:43.725720 579 gossip/server.go:227  [n?] received initial cluster-verification connection from dee42ebf2627:26257
I200320 18:42:43.726256 527 gossip/client.go:131  [n?] closing client to node_1:26257: stopping outgoing client to n0 (node_1:26257); loopback connection
I200320 18:42:44.728956 580 gossip/client.go:124  [n?] started gossip client to node_1:26257
I200320 18:42:44.730736 595 gossip/server.go:227  [n?] received initial cluster-verification connection from dee42ebf2627:26257
I200320 18:42:44.731217 580 gossip/client.go:131  [n?] closing client to node_1:26257: stopping outgoing client to n0 (node_1:26257); loopback connection
I200320 18:42:45.733843 567 gossip/client.go:124  [n?] started gossip client to node_1:26257
I200320 18:42:45.734709 600 gossip/server.go:227  [n?] received initial cluster-verification connection from dee42ebf2627:26257
I200320 18:42:45.735124 567 gossip/client.go:131  [n?] closing client to node_1:26257: stopping outgoing client to n0 (node_1:26257); loopback connection
I200320 18:42:46.739228 570 gossip/client.go:124  [n?] started gossip client to node_1:26257
I200320 18:42:46.739570 588 gossip/server.go:227  [n?] received initial cluster-verification connection from dee42ebf2627:26257
I200320 18:42:46.739809 570 gossip/client.go:131  [n?] closing client to node_1:26257: stopping outgoing client to n0 (node_1:26257); loopback connection
I200320 18:42:47.744375 551 gossip/client.go:124  [n?] started gossip client to node_1:26257
I200320 18:42:47.745000 590 gossip/server.go:227  [n?] received initial cluster-verification connection from dee42ebf2627:26257
I200320 18:42:47.745658 551 gossip/client.go:131  [n?] closing client to node_1:26257: stopping outgoing client to n0 (node_1:26257); loopback connection
I200320 18:42:48.750607 554 gossip/client.go:124  [n?] started gossip client to node_1:26257
I200320 18:42:48.751456 574 gossip/server.go:227  [n?] received initial cluster-verification connection from dee42ebf2627:26257
I200320 18:42:48.752362 554 gossip/client.go:131  [n?] closing client to node_1:26257: stopping outgoing client to n0 (node_1:26257); loopback connection
I200320 18:42:49.756548 610 gossip/client.go:124  [n?] started gossip client to node_1:26257
I200320 18:42:49.757031 606 gossip/server.go:227  [n?] received initial cluster-verification connection from dee42ebf2627:26257
I200320 18:42:49.757657 610 gossip/client.go:131  [n?] closing client to node_1:26257: stopping outgoing client to n0 (node_1:26257); loopback connection
I200320 18:42:50.759181 626 gossip/client.go:124  [n?] started gossip client to node_1:26257
I200320 18:42:50.759699 614 gossip/server.go:227  [n?] received initial cluster-verification connection from dee42ebf2627:26257
I200320 18:42:50.760304 626 gossip/client.go:131  [n?] closing client to node_1:26257: stopping outgoing client to n0 (node_1:26257); loopback connection
I200320 18:42:51.763669 615 gossip/client.go:124  [n?] started gossip client to node_1:26257
I200320 18:42:51.764611 633 gossip/server.go:227  [n?] received initial cluster-verification connection from dee42ebf2627:26257
I200320 18:42:51.765237 615 gossip/client.go:131  [n?] closing client to node_1:26257: stopping outgoing client to n0 (node_1:26257); loopback connection
I200320 18:42:52.768816 634 gossip/client.go:124  [n?] started gossip client to node_1:26257
I200320 18:42:52.769556 622 gossip/server.go:227  [n?] received initial cluster-verification connection from dee42ebf2627:26257
I200320 18:42:52.769918 634 gossip/client.go:131  [n?] closing client to node_1:26257: stopping outgoing client to n0 (node_1:26257); loopback connection
I200320 18:42:53.773084 640 gossip/client.go:124  [n?] started gossip client to node_1:26257
I200320 18:42:53.774215 576 gossip/server.go:227  [n?] received initial cluster-verification connection from dee42ebf2627:26257
I200320 18:42:53.774713 640 gossip/client.go:131  [n?] closing client to node_1:26257: stopping outgoing client to n0 (node_1:26257); loopback connection
I200320 18:42:54.780641 623 gossip/client.go:124  [n?] started gossip client to node_1:26257
I200320 18:42:54.780946 659 gossip/server.go:227  [n?] received initial cluster-verification connection from dee42ebf2627:26257
I200320 18:42:54.781355 623 gossip/client.go:131  [n?] closing client to node_1:26257: stopping outgoing client to n0 (node_1:26257); loopback connection
I200320 18:42:55.784885 647 gossip/client.go:124  [n?] started gossip client to node_1:26257
I200320 18:42:55.785450 559 gossip/server.go:227  [n?] received initial cluster-verification connection from dee42ebf2627:26257
I200320 18:42:55.786185 647 gossip/client.go:131  [n?] closing client to node_1:26257: stopping outgoing client to n0 (node_1:26257); loopback connection
I200320 18:42:56.786725 660 gossip/client.go:124  [n?] started gossip client to node_1:26257
I200320 18:42:56.787014 692 gossip/server.go:227  [n?] received initial cluster-verification connection from dee42ebf2627:26257
I200320 18:42:56.787347 660 gossip/client.go:131  [n?] closing client to node_1:26257: stopping outgoing client to n0 (node_1:26257); loopback connection
I200320 18:42:57.790914 696 gossip/client.go:124  [n?] started gossip client to node_1:26257
I200320 18:42:57.791749 700 gossip/server.go:227  [n?] received initial cluster-verification connection from dee42ebf2627:26257
I200320 18:42:57.792026 696 gossip/client.go:131  [n?] closing client to node_1:26257: stopping outgoing client to n0 (node_1:26257); loopback connection
I200320 18:42:58.796408 654 gossip/client.go:124  [n?] started gossip client to node_1:26257
I200320 18:42:58.796971 702 gossip/server.go:227  [n?] received initial cluster-verification connection from dee42ebf2627:26257
I200320 18:42:58.797638 654 gossip/client.go:131  [n?] closing client to node_1:26257: stopping outgoing client to n0 (node_1:26257); loopback connection
I200320 18:42:59.800770 663 gossip/client.go:124  [n?] started gossip client to node_1:26257
I200320 18:42:59.801512 680 gossip/server.go:227  [n?] received initial cluster-verification connection from dee42ebf2627:26257
I200320 18:42:59.802074 663 gossip/client.go:131  [n?] closing client to node_1:26257: stopping outgoing client to n0 (node_1:26257); loopback connection
I200320 18:43:00.807307 667 gossip/server.go:227  [n?] received initial cluster-verification connection from dee42ebf2627:26257
I200320 18:43:00.807890 681 gossip/client.go:124  [n?] started gossip client to node_1:26257
I200320 18:43:00.808463 681 gossip/client.go:131  [n?] closing client to node_1:26257: stopping outgoing client to n0 (node_1:26257); loopback connection
I200320 18:43:01.810747 723 gossip/client.go:124  [n?] started gossip client to node_1:26257
I200320 18:43:01.811399 687 gossip/server.go:227  [n?] received initial cluster-verification connection from dee42ebf2627:26257
I200320 18:43:01.811827 723 gossip/client.go:131  [n?] closing client to node_1:26257: stopping outgoing client to n0 (node_1:26257); loopback connection
I200320 18:43:02.820762 669 gossip/server.go:227  [n?] received initial cluster-verification connection from dee42ebf2627:26257
I200320 18:43:02.821046 739 gossip/client.go:124  [n?] started gossip client to node_1:26257
I200320 18:43:02.821869 739 gossip/client.go:131  [n?] closing client to node_1:26257: stopping outgoing client to n0 (node_1:26257); loopback connection
I200320 18:43:03.826700 740 gossip/client.go:124  [n?] started gossip client to node_1:26257
I200320 18:43:03.827820 712 gossip/server.go:227  [n?] received initial cluster-verification connection from dee42ebf2627:26257
I200320 18:43:03.828065 740 gossip/client.go:131  [n?] closing client to node_1:26257: stopping outgoing client to n0 (node_1:26257); loopback connection
I200320 18:43:04.832355 743 gossip/client.go:124  [n?] started gossip client to node_1:26257
I200320 18:43:04.833353 730 gossip/server.go:227  [n?] received initial cluster-verification connection from dee42ebf2627:26257
I200320 18:43:04.833801 743 gossip/client.go:131  [n?] closing client to node_1:26257: stopping outgoing client to n0 (node_1:26257); loopback connection
I200320 18:43:05.841392 746 gossip/client.go:124  [n?] started gossip client to node_1:26257
I200320 18:43:05.841588 714 gossip/server.go:227  [n?] received initial cluster-verification connection from dee42ebf2627:26257
I200320 18:43:05.841873 746 gossip/client.go:131  [n?] closing client to node_1:26257: stopping outgoing client to n0 (node_1:26257); loopback connection
I200320 18:43:06.847631 715 gossip/client.go:124  [n?] started gossip client to node_1:26257
I200320 18:43:06.848241 672 gossip/server.go:227  [n?] received initial cluster-verification connection from dee42ebf2627:26257
I200320 18:43:06.848531 715 gossip/client.go:131  [n?] closing client to node_1:26257: stopping outgoing client to n0 (node_1:26257); loopback connection
I200320 18:43:07.853634 749 gossip/client.go:124  [n?] started gossip client to node_1:26257
I200320 18:43:07.854417 753 gossip/server.go:227  [n?] received initial cluster-verification connection from dee42ebf2627:26257
I200320 18:43:07.854643 749 gossip/client.go:131  [n?] closing client to node_1:26257: stopping outgoing client to n0 (node_1:26257); loopback connection
I200320 18:43:08.863850 770 gossip/client.go:124  [n?] started gossip client to node_1:26257
I200320 18:43:08.864483 786 gossip/server.go:227  [n?] received initial cluster-verification connection from dee42ebf2627:26257
I200320 18:43:08.865063 770 gossip/client.go:131  [n?] closing client to node_1:26257: stopping outgoing client to n0 (node_1:26257); loopback connection
I200320 18:43:09.828544 756 gossip/client.go:124  [n?] started gossip client to node_1:26257
I200320 18:43:09.829823 774 gossip/server.go:227  [n?] received initial cluster-verification connection from dee42ebf2627:26257
I200320 18:43:09.830522 756 gossip/client.go:131  [n?] closing client to node_1:26257: stopping outgoing client to n0 (node_1:26257); loopback connection
I200320 18:43:10.834024 760 gossip/client.go:124  [n?] started gossip client to node_1:26257
I200320 18:43:10.834697 764 gossip/server.go:227  [n?] received initial cluster-verification connection from dee42ebf2627:26257
I200320 18:43:10.834886 760 gossip/client.go:131  [n?] closing client to node_1:26257: stopping outgoing client to n0 (node_1:26257); loopback connection
I200320 18:43:11.839882 775 gossip/client.go:124  [n?] started gossip client to node_1:26257
I200320 18:43:11.840462 806 gossip/server.go:227  [n?] received initial cluster-verification connection from dee42ebf2627:26257
I200320 18:43:11.841651 775 gossip/client.go:131  [n?] closing client to node_1:26257: stopping outgoing client to n0 (node_1:26257); loopback connection
I200320 18:43:12.844726 790 gossip/client.go:124  [n?] started gossip client to node_1:26257
I200320 18:43:12.845533 769 gossip/server.go:227  [n?] received initial cluster-verification connection from dee42ebf2627:26257
I200320 18:43:12.845857 790 gossip/client.go:131  [n?] closing client to node_1:26257: stopping outgoing client to n0 (node_1:26257); loopback connection
I200320 18:43:13.849226 813 gossip/client.go:124  [n?] started gossip client to node_1:26257
I200320 18:43:13.850522 794 gossip/server.go:227  [n?] received initial cluster-verification connection from dee42ebf2627:26257
I200320 18:43:13.851088 813 gossip/client.go:131  [n?] closing client to node_1:26257: stopping outgoing client to n0 (node_1:26257); loopback connection
I200320 18:43:14.855434 795 gossip/client.go:124  [n?] started gossip client to node_1:26257
I200320 18:43:14.856988 799 gossip/server.go:227  [n?] received initial cluster-verification connection from dee42ebf2627:26257
I200320 18:43:14.857612 795 gossip/client.go:131  [n?] closing client to node_1:26257: stopping outgoing client to n0 (node_1:26257); loopback connection
I200320 18:43:15.862295 819 gossip/client.go:124  [n?] started gossip client to node_1:26257
I200320 18:43:15.863838 821 gossip/server.go:227  [n?] received initial cluster-verification connection from dee42ebf2627:26257
I200320 18:43:15.864407 819 gossip/client.go:131  [n?] closing client to node_1:26257: stopping outgoing client to n0 (node_1:26257); loopback connection
I200320 18:43:16.866851 851 gossip/client.go:124  [n?] started gossip client to node_1:26257
I200320 18:43:16.867931 780 gossip/server.go:227  [n?] received initial cluster-verification connection from dee42ebf2627:26257
I200320 18:43:16.868125 851 gossip/client.go:131  [n?] closing client to node_1:26257: stopping outgoing client to n0 (node_1:26257); loopback connection
I200320 18:43:17.869222 843 gossip/client.go:124  [n?] started gossip client to node_1:26257
I200320 18:43:17.870187 846 gossip/server.go:227  [n?] received initial cluster-verification connection from dee42ebf2627:26257
I200320 18:43:17.870845 843 gossip/client.go:131  [n?] closing client to node_1:26257: stopping outgoing client to n0 (node_1:26257); loopback connection
I200320 18:43:18.873239 866 gossip/client.go:124  [n?] started gossip client to node_1:26257
I200320 18:43:18.873993 870 gossip/server.go:227  [n?] received initial cluster-verification connection from dee42ebf2627:26257
I200320 18:43:18.874859 866 gossip/client.go:131  [n?] closing client to node_1:26257: stopping outgoing client to n0 (node_1:26257); loopback connection
I200320 18:43:19.879754 858 gossip/client.go:124  [n?] started gossip client to node_1:26257
I200320 18:43:19.880445 781 gossip/server.go:227  [n?] received initial cluster-verification connection from dee42ebf2627:26257
I200320 18:43:19.881050 858 gossip/client.go:131  [n?] closing client to node_1:26257: stopping outgoing client to n0 (node_1:26257); loopback connection
I200320 18:43:20.885008 872 gossip/client.go:124  [n?] started gossip client to node_1:26257
I200320 18:43:20.885580 864 gossip/server.go:227  [n?] received initial cluster-verification connection from dee42ebf2627:26257
I200320 18:43:20.886494 872 gossip/client.go:131  [n?] closing client to node_1:26257: stopping outgoing client to n0 (node_1:26257); loopback connection
I200320 18:43:21.890234 865 gossip/client.go:124  [n?] started gossip client to node_1:26257
I200320 18:43:21.891486 825 gossip/server.go:227  [n?] received initial cluster-verification connection from dee42ebf2627:26257
I200320 18:43:21.892125 865 gossip/client.go:131  [n?] closing client to node_1:26257: stopping outgoing client to n0 (node_1:26257); loopback connection
I200320 18:43:22.895941 878 gossip/client.go:124  [n?] started gossip client to node_1:26257
I200320 18:43:22.896823 898 gossip/server.go:227  [n?] received initial cluster-verification connection from dee42ebf2627:26257
I200320 18:43:22.896943 878 gossip/client.go:131  [n?] closing client to node_1:26257: stopping outgoing client to n0 (node_1:26257); loopback connection
I200320 18:43:23.897394 782 gossip/client.go:124  [n?] started gossip client to node_1:26257
I200320 18:43:23.897617 827 gossip/server.go:227  [n?] received initial cluster-verification connection from dee42ebf2627:26257
I200320 18:43:23.898113 782 gossip/client.go:131  [n?] closing client to node_1:26257: stopping outgoing client to n0 (node_1:26257); loopback connection
I200320 18:43:24.902816 831 gossip/client.go:124  [n?] started gossip client to node_1:26257
I200320 18:43:24.903208 914 gossip/server.go:227  [n?] received initial cluster-verification connection from dee42ebf2627:26257
I200320 18:43:24.903440 831 gossip/client.go:131  [n?] closing client to node_1:26257: stopping outgoing client to n0 (node_1:26257); loopback connection
I200320 18:43:25.911094 905 gossip/client.go:124  [n?] started gossip client to node_1:26257
I200320 18:43:25.912483 916 gossip/server.go:227  [n?] received initial cluster-verification connection from dee42ebf2627:26257
I200320 18:43:25.912995 905 gossip/client.go:131  [n?] closing client to node_1:26257: stopping outgoing client to n0 (node_1:26257); loopback connection
I200320 18:43:26.914936 930 gossip/client.go:124  [n?] started gossip client to node_1:26257
I200320 18:43:26.916036 934 gossip/server.go:227  [n?] received initial cluster-verification connection from dee42ebf2627:26257
I200320 18:43:26.916542 930 gossip/client.go:131  [n?] closing client to node_1:26257: stopping outgoing client to n0 (node_1:26257); loopback connection
I200320 18:43:27.920881 892 gossip/client.go:124  [n?] started gossip client to node_1:26257
I200320 18:43:27.921551 909 gossip/server.go:227  [n?] received initial cluster-verification connection from dee42ebf2627:26257
I200320 18:43:27.922202 892 gossip/client.go:131  [n?] closing client to node_1:26257: stopping outgoing client to n0 (node_1:26257); loopback connection
I200320 18:43:28.923873 939 gossip/client.go:124  [n?] started gossip client to node_1:26257
I200320 18:43:28.924594 896 gossip/server.go:227  [n?] received initial cluster-verification connection from dee42ebf2627:26257
I200320 18:43:28.924809 939 gossip/client.go:131  [n?] closing client to node_1:26257: stopping outgoing client to n0 (node_1:26257); loopback connection
I200320 18:43:29.927062 897 gossip/client.go:124  [n?] started gossip client to node_1:26257
I200320 18:43:29.927879 949 gossip/server.go:227  [n?] received initial cluster-verification connection from dee42ebf2627:26257
I200320 18:43:29.928287 897 gossip/client.go:131  [n?] closing client to node_1:26257: stopping outgoing client to n0 (node_1:26257); loopback connection
I200320 18:43:30.931971 926 gossip/client.go:124  [n?] started gossip client to node_1:26257
I200320 18:43:30.933473 911 gossip/server.go:227  [n?] received initial cluster-verification connection from dee42ebf2627:26257
I200320 18:43:30.933717 926 gossip/client.go:131  [n?] closing client to node_1:26257: stopping outgoing client to n0 (node_1:26257); loopback connection
I200320 18:43:31.936473 929 gossip/client.go:124  [n?] started gossip client to node_1:26257
I200320 18:43:31.937617 979 gossip/server.go:227  [n?] received initial cluster-verification connection from dee42ebf2627:26257
I200320 18:43:31.938050 929 gossip/client.go:131  [n?] closing client to node_1:26257: stopping outgoing client to n0 (node_1:26257); loopback connection
I200320 18:43:32.942995 950 gossip/client.go:124  [n?] started gossip client to node_1:26257
I200320 18:43:32.943751 954 gossip/server.go:227  [n?] received initial cluster-verification connection from dee42ebf2627:26257
I200320 18:43:32.944475 950 gossip/client.go:131  [n?] closing client to node_1:26257: stopping outgoing client to n0 (node_1:26257); loopback connection
I200320 18:43:33.946963 964 gossip/client.go:124  [n?] started gossip client to node_1:26257
I200320 18:43:33.947758 987 gossip/server.go:227  [n?] received initial cluster-verification connection from dee42ebf2627:26257
I200320 18:43:33.948092 964 gossip/client.go:131  [n?] closing client to node_1:26257: stopping outgoing client to n0 (node_1:26257); loopback connection
I200320 18:43:34.952839 955 gossip/client.go:124  [n?] started gossip client to node_1:26257
I200320 18:43:34.953592 969 gossip/server.go:227  [n?] received initial cluster-verification connection from dee42ebf2627:26257
I200320 18:43:34.953822 955 gossip/client.go:131  [n?] closing client to node_1:26257: stopping outgoing client to n0 (node_1:26257); loopback connection
I200320 18:43:35.958978 970 gossip/client.go:124  [n?] started gossip client to node_1:26257
I200320 18:43:35.959685 992 gossip/server.go:227  [n?] received initial cluster-verification connection from dee42ebf2627:26257
I200320 18:43:35.960233 970 gossip/client.go:131  [n?] closing client to node_1:26257: stopping outgoing client to n0 (node_1:26257); loopback connection
I200320 18:43:36.963787 961 gossip/client.go:124  [n?] started gossip client to node_1:26257
I200320 18:43:36.964971 974 gossip/server.go:227  [n?] received initial cluster-verification connection from dee42ebf2627:26257
I200320 18:43:36.965623 961 gossip/client.go:131  [n?] closing client to node_1:26257: stopping outgoing client to n0 (node_1:26257); loopback connection
I200320 18:43:37.967150 998 gossip/client.go:124  [n?] started gossip client to node_1:26257
I200320 18:43:37.967603 1013 gossip/server.go:227  [n?] received initial cluster-verification connection from dee42ebf2627:26257
I200320 18:43:37.968021 998 gossip/client.go:131  [n?] closing client to node_1:26257: stopping outgoing client to n0 (node_1:26257); loopback connection
I200320 18:43:38.970695 1017 gossip/client.go:124  [n?] started gossip client to node_1:26257
I200320 18:43:38.971136 1027 gossip/server.go:227  [n?] received initial cluster-verification connection from dee42ebf2627:26257
I200320 18:43:38.971794 1017 gossip/client.go:131  [n?] closing client to node_1:26257: stopping outgoing client to n0 (node_1:26257); loopback connection
I200320 18:43:39.932292 1044 gossip/client.go:124  [n?] started gossip client to node_1:26257
I200320 18:43:39.933565 1000 gossip/server.go:227  [n?] received initial cluster-verification connection from dee42ebf2627:26257
I200320 18:43:39.934070 1044 gossip/client.go:131  [n?] closing client to node_1:26257: stopping outgoing client to n0 (node_1:26257); loopback connection
I200320 18:43:40.937520 1020 gossip/client.go:124  [n?] started gossip client to node_1:26257
I200320 18:43:40.939319 1051 gossip/server.go:227  [n?] received initial cluster-verification connection from dee42ebf2627:26257
I200320 18:43:40.940072 1020 gossip/client.go:131  [n?] closing client to node_1:26257: stopping outgoing client to n0 (node_1:26257); loopback connection
I200320 18:43:41.946270 1002 gossip/client.go:124  [n?] started gossip client to node_1:26257
I200320 18:43:41.947087 1056 gossip/server.go:227  [n?] received initial cluster-verification connection from dee42ebf2627:26257
I200320 18:43:41.947463 1002 gossip/client.go:131  [n?] closing client to node_1:26257: stopping outgoing client to n0 (node_1:26257); loopback connection
I200320 18:43:42.951257 1057 gossip/client.go:124  [n?] started gossip client to node_1:26257
I200320 18:43:42.952318 1029 gossip/server.go:227  [n?] received initial cluster-verification connection from dee42ebf2627:26257
I200320 18:43:42.952986 1057 gossip/client.go:131  [n?] closing client to node_1:26257: stopping outgoing client to n0 (node_1:26257); loopback connection
I200320 18:43:43.955373 1005 gossip/client.go:124  [n?] started gossip client to node_1:26257
I200320 18:43:43.956048 1009 gossip/server.go:227  [n?] received initial cluster-verification connection from dee42ebf2627:26257
I200320 18:43:43.956751 1005 gossip/client.go:131  [n?] closing client to node_1:26257: stopping outgoing client to n0 (node_1:26257); loopback connection
I200320 18:43:44.962229 1090 gossip/client.go:124  [n?] started gossip client to node_1:26257
I200320 18:43:44.962673 1035 gossip/server.go:227  [n?] received initial cluster-verification connection from dee42ebf2627:26257
I200320 18:43:44.963116 1090 gossip/client.go:131  [n?] closing client to node_1:26257: stopping outgoing client to n0 (node_1:26257); loopback connection
I200320 18:43:45.964233 1036 gossip/client.go:124  [n?] started gossip client to node_1:26257
I200320 18:43:45.964793 1040 gossip/server.go:227  [n?] received initial cluster-verification connection from dee42ebf2627:26257
I200320 18:43:45.965280 1036 gossip/client.go:131  [n?] closing client to node_1:26257: stopping outgoing client to n0 (node_1:26257); loopback connection
I200320 18:43:46.966222 1066 gossip/client.go:124  [n?] started gossip client to node_1:26257
I200320 18:43:46.967295 1107 gossip/server.go:227  [n?] received initial cluster-verification connection from dee42ebf2627:26257
I200320 18:43:46.967753 1066 gossip/client.go:131  [n?] closing client to node_1:26257: stopping outgoing client to n0 (node_1:26257); loopback connection
I200320 18:43:47.971287 1108 gossip/client.go:124  [n?] started gossip client to node_1:26257
I200320 18:43:47.972154 1081 gossip/server.go:227  [n?] received initial cluster-verification connection from dee42ebf2627:26257
I200320 18:43:47.972599 1108 gossip/client.go:131  [n?] closing client to node_1:26257: stopping outgoing client to n0 (node_1:26257); loopback connection
I200320 18:43:48.976458 1085 gossip/client.go:124  [n?] started gossip client to node_1:26257
I200320 18:43:48.977175 1112 gossip/server.go:227  [n?] received initial cluster-verification connection from dee42ebf2627:26257
I200320 18:43:48.978220 1085 gossip/client.go:131  [n?] closing client to node_1:26257: stopping outgoing client to n0 (node_1:26257); loopback connection
I200320 18:43:49.985477 1069 gossip/client.go:124  [n?] started gossip client to node_1:26257
I200320 18:43:49.986006 1072 gossip/server.go:227  [n?] received initial cluster-verification connection from dee42ebf2627:26257
I200320 18:43:49.986486 1069 gossip/client.go:131  [n?] closing client to node_1:26257: stopping outgoing client to n0 (node_1:26257); loopback connection
I200320 18:43:50.986571 1124 gossip/client.go:124  [n?] started gossip client to node_1:26257
I200320 18:43:50.987751 1089 gossip/server.go:227  [n?] received initial cluster-verification connection from dee42ebf2627:26257
I200320 18:43:50.988472 1124 gossip/client.go:131  [n?] closing client to node_1:26257: stopping outgoing client to n0 (node_1:26257); loopback connection
I200320 18:43:51.993521 1128 gossip/client.go:124  [n?] started gossip client to node_1:26257
I200320 18:43:51.994150 1141 gossip/server.go:227  [n?] received initial cluster-verification connection from dee42ebf2627:26257
I200320 18:43:51.994741 1128 gossip/client.go:131  [n?] closing client to node_1:26257: stopping outgoing client to n0 (node_1:26257); loopback connection
I200320 18:43:53.001477 1096 gossip/client.go:124  [n?] started gossip client to node_1:26257
I200320 18:43:53.002300 1143 gossip/server.go:227  [n?] received initial cluster-verification connection from dee42ebf2627:26257
I200320 18:43:53.002571 1096 gossip/client.go:131  [n?] closing client to node_1:26257: stopping outgoing client to n0 (node_1:26257); loopback connection
I200320 18:43:54.004301 1144 gossip/client.go:124  [n?] started gossip client to node_1:26257
I200320 18:43:54.005133 1100 gossip/server.go:227  [n?] received initial cluster-verification connection from dee42ebf2627:26257
I200320 18:43:54.005330 1144 gossip/client.go:131  [n?] closing client to node_1:26257: stopping outgoing client to n0 (node_1:26257); loopback connection
I200320 18:43:55.010981 1121 gossip/client.go:124  [n?] started gossip client to node_1:26257
I200320 18:43:55.011390 1102 gossip/server.go:227  [n?] received initial cluster-verification connection from dee42ebf2627:26257
I200320 18:43:55.011612 1121 gossip/client.go:131  [n?] closing client to node_1:26257: stopping outgoing client to n0 (node_1:26257); loopback connection
I200320 18:43:56.018049 1170 gossip/client.go:124  [n?] started gossip client to node_1:26257
I200320 18:43:56.019213 1153 gossip/server.go:227  [n?] received initial cluster-verification connection from dee42ebf2627:26257
I200320 18:43:56.020499 1170 gossip/client.go:131  [n?] closing client to node_1:26257: stopping outgoing client to n0 (node_1:26257); loopback connection
I200320 18:43:57.027424 1186 gossip/client.go:124  [n?] started gossip client to node_1:26257
I200320 18:43:57.028438 1158 gossip/server.go:227  [n?] received initial cluster-verification connection from dee42ebf2627:26257
I200320 18:43:57.028811 1186 gossip/client.go:131  [n?] closing client to node_1:26257: stopping outgoing client to n0 (node_1:26257); loopback connection
I200320 18:43:58.033590 1159 gossip/client.go:124  [n?] started gossip client to node_1:26257
I200320 18:43:58.035421 1163 gossip/server.go:227  [n?] received initial cluster-verification connection from dee42ebf2627:26257
I200320 18:43:58.035543 1159 gossip/client.go:131  [n?] closing client to node_1:26257: stopping outgoing client to n0 (node_1:26257); loopback connection
I200320 18:43:59.039448 1167 gossip/client.go:124  [n?] started gossip client to node_1:26257
I200320 18:43:59.040391 1193 gossip/server.go:227  [n?] received initial cluster-verification connection from dee42ebf2627:26257
I200320 18:43:59.040693 1167 gossip/client.go:131  [n?] closing client to node_1:26257: stopping outgoing client to n0 (node_1:26257); loopback connection
I200320 18:44:00.044518 1177 gossip/client.go:124  [n?] started gossip client to node_1:26257
I200320 18:44:00.045243 1195 gossip/server.go:227  [n?] received initial cluster-verification connection from dee42ebf2627:26257
I200320 18:44:00.045721 1177 gossip/client.go:131  [n?] closing client to node_1:26257: stopping outgoing client to n0 (node_1:26257); loopback connection
I200320 18:44:01.052849 1183 gossip/client.go:124  [n?] started gossip client to node_1:26257
I200320 18:44:01.053674 1196 gossip/server.go:227  [n?] received initial cluster-verification connection from dee42ebf2627:26257
I200320 18:44:01.054101 1183 gossip/client.go:131  [n?] closing client to node_1:26257: stopping outgoing client to n0 (node_1:26257); loopback connection
I200320 18:44:02.057605 1219 gossip/client.go:124  [n?] started gossip client to node_1:26257
I200320 18:44:02.058470 1223 gossip/server.go:227  [n?] received initial cluster-verification connection from dee42ebf2627:26257
I200320 18:44:02.058862 1219 gossip/client.go:131  [n?] closing client to node_1:26257: stopping outgoing client to n0 (node_1:26257); loopback connection
I200320 18:44:03.062371 1209 gossip/client.go:124  [n?] started gossip client to node_1:26257
I200320 18:44:03.063717 1225 gossip/server.go:227  [n?] received initial cluster-verification connection from dee42ebf2627:26257
I200320 18:44:03.064168 1209 gossip/client.go:131  [n?] closing client to node_1:26257: stopping outgoing client to n0 (node_1:26257); loopback connection
I200320 18:44:04.064988 1200 gossip/client.go:124  [n?] started gossip client to node_1:26257
I200320 18:44:04.066234 1236 gossip/server.go:227  [n?] received initial cluster-verification connection from dee42ebf2627:26257
I200320 18:44:04.066595 1200 gossip/client.go:131  [n?] closing client to node_1:26257: stopping outgoing client to n0 (node_1:26257); loopback connection
I200320 18:44:05.070500 1136 gossip/client.go:124  [n?] started gossip client to node_1:26257
I200320 18:44:05.071732 1227 gossip/server.go:227  [n?] received initial cluster-verification connection from dee42ebf2627:26257
I200320 18:44:05.072312 1136 gossip/client.go:131  [n?] closing client to node_1:26257: stopping outgoing client to n0 (node_1:26257); loopback connection
I200320 18:44:06.073715 1238 gossip/client.go:124  [n?] started gossip client to node_1:26257
I200320 18:44:06.074228 1242 gossip/server.go:227  [n?] received initial cluster-verification connection from dee42ebf2627:26257
I200320 18:44:06.074540 1238 gossip/client.go:131  [n?] closing client to node_1:26257: stopping outgoing client to n0 (node_1:26257); loopback connection
I200320 18:44:07.076837 1215 gossip/client.go:124  [n?] started gossip client to node_1:26257
I200320 18:44:07.077766 1232 gossip/server.go:227  [n?] received initial cluster-verification connection from dee42ebf2627:26257
I200320 18:44:07.078111 1215 gossip/client.go:131  [n?] closing client to node_1:26257: stopping outgoing client to n0 (node_1:26257); loopback connection
I200320 18:44:08.080844 1282 gossip/client.go:124  [n?] started gossip client to node_1:26257
I200320 18:44:08.081827 1286 gossip/server.go:227  [n?] received initial cluster-verification connection from dee42ebf2627:26257
I200320 18:44:08.082258 1282 gossip/client.go:131  [n?] closing client to node_1:26257: stopping outgoing client to n0 (node_1:26257); loopback connection
I200320 18:44:09.047799 1248 gossip/client.go:124  [n?] started gossip client to node_1:26257
I200320 18:44:09.048357 1268 gossip/server.go:227  [n?] received initial cluster-verification connection from dee42ebf2627:26257
I200320 18:44:09.048626 1248 gossip/client.go:131  [n?] closing client to node_1:26257: stopping outgoing client to n0 (node_1:26257); loopback connection
I200320 18:44:10.052269 1269 gossip/client.go:124  [n?] started gossip client to node_1:26257
I200320 18:44:10.052724 1300 gossip/server.go:227  [n?] received initial cluster-verification connection from dee42ebf2627:26257
I200320 18:44:10.053486 1269 gossip/client.go:131  [n?] closing client to node_1:26257: stopping outgoing client to n0 (node_1:26257); loopback connection
I200320 18:44:11.056654 1272 gossip/client.go:124  [n?] started gossip client to node_1:26257
I200320 18:44:11.057763 1307 gossip/server.go:227  [n?] received initial cluster-verification connection from dee42ebf2627:26257
I200320 18:44:11.058296 1272 gossip/client.go:131  [n?] closing client to node_1:26257: stopping outgoing client to n0 (node_1:26257); loopback connection
I200320 18:44:12.059526 1308 gossip/client.go:124  [n?] started gossip client to node_1:26257
I200320 18:44:12.060557 1256 gossip/server.go:227  [n?] received initial cluster-verification connection from dee42ebf2627:26257
I200320 18:44:12.061096 1308 gossip/client.go:131  [n?] closing client to node_1:26257: stopping outgoing client to n0 (node_1:26257); loopback connection
I200320 18:44:13.065038 1293 gossip/client.go:124  [n?] started gossip client to node_1:26257
I200320 18:44:13.065259 1276 gossip/server.go:227  [n?] received initial cluster-verification connection from dee42ebf2627:26257
I200320 18:44:13.065516 1293 gossip/client.go:131  [n?] closing client to node_1:26257: stopping outgoing client to n0 (node_1:26257); loopback connection
I200320 18:44:14.069539 1277 gossip/client.go:124  [n?] started gossip client to node_1:26257
I200320 18:44:14.069725 1297 gossip/server.go:227  [n?] received initial cluster-verification connection from dee42ebf2627:26257
I200320 18:44:14.070320 1277 gossip/client.go:131  [n?] closing client to node_1:26257: stopping outgoing client to n0 (node_1:26257); loopback connection
I200320 18:44:15.073727 1317 gossip/client.go:124  [n?] started gossip client to node_1:26257
I200320 18:44:15.074458 1259 gossip/server.go:227  [n?] received initial cluster-verification connection from dee42ebf2627:26257
I200320 18:44:15.075357 1317 gossip/client.go:131  [n?] closing client to node_1:26257: stopping outgoing client to n0 (node_1:26257); loopback connection
I200320 18:44:16.076449 1263 gossip/client.go:124  [n?] started gossip client to node_1:26257
I200320 18:44:16.077774 1313 gossip/server.go:227  [n?] received initial cluster-verification connection from dee42ebf2627:26257
I200320 18:44:16.078216 1263 gossip/client.go:131  [n?] closing client to node_1:26257: stopping outgoing client to n0 (node_1:26257); loopback connection
I200320 18:44:17.080750 1331 gossip/client.go:124  [n?] started gossip client to node_1:26257
I200320 18:44:17.081522 1319 gossip/server.go:227  [n?] received initial cluster-verification connection from dee42ebf2627:26257
I200320 18:44:17.082352 1331 gossip/client.go:131  [n?] closing client to node_1:26257: stopping outgoing client to n0 (node_1:26257); loopback connection
I200320 18:44:18.087983 1323 gossip/client.go:124  [n?] started gossip client to node_1:26257
I200320 18:44:18.088960 1350 gossip/server.go:227  [n?] received initial cluster-verification connection from dee42ebf2627:26257
I200320 18:44:18.089707 1323 gossip/client.go:131  [n?] closing client to node_1:26257: stopping outgoing client to n0 (node_1:26257); loopback connection
I200320 18:44:19.092518 1326 gossip/client.go:124  [n?] started gossip client to node_1:26257
I200320 18:44:19.093417 1362 gossip/server.go:227  [n?] received initial cluster-verification connection from dee42ebf2627:26257
I200320 18:44:19.093810 1326 gossip/client.go:131  [n?] closing client to node_1:26257: stopping outgoing client to n0 (node_1:26257); loopback connection
I200320 18:44:20.096570 1352 gossip/client.go:124  [n?] started gossip client to node_1:26257
I200320 18:44:20.097507 1338 gossip/server.go:227  [n?] received initial cluster-verification connection from dee42ebf2627:26257
I200320 18:44:20.098010 1352 gossip/client.go:131  [n?] closing client to node_1:26257: stopping outgoing client to n0 (node_1:26257); loopback connection
I200320 18:44:21.103513 1381 gossip/client.go:124  [n?] started gossip client to node_1:26257
I200320 18:44:21.104251 1385 gossip/server.go:227  [n?] received initial cluster-verification connection from dee42ebf2627:26257
I200320 18:44:21.105191 1381 gossip/client.go:131  [n?] closing client to node_1:26257: stopping outgoing client to n0 (node_1:26257); loopback connection
I200320 18:44:22.109498 1342 gossip/client.go:124  [n?] started gossip client to node_1:26257
I200320 18:44:22.113771 1394 gossip/server.go:227  [n?] received initial cluster-verification connection from dee42ebf2627:26257
I200320 18:44:22.114507 1342 gossip/client.go:131  [n?] closing client to node_1:26257: stopping outgoing client to n0 (node_1:26257); loopback connection
I200320 18:44:23.114751 1396 gossip/client.go:124  [n?] started gossip client to node_1:26257
I200320 18:44:23.115366 1356 gossip/server.go:227  [n?] received initial cluster-verification connection from dee42ebf2627:26257
I200320 18:44:23.116197 1396 gossip/client.go:131  [n?] closing client to node_1:26257: stopping outgoing client to n0 (node_1:26257); loopback connection
I200320 18:44:24.120551 1369 gossip/client.go:124  [n?] started gossip client to node_1:26257
I200320 18:44:24.121569 1373 gossip/server.go:227  [n?] received initial cluster-verification connection from dee42ebf2627:26257
I200320 18:44:24.122100 1369 gossip/client.go:131  [n?] closing client to node_1:26257: stopping outgoing client to n0 (node_1:26257); loopback connection
I200320 18:44:25.126886 1374 gossip/client.go:124  [n?] started gossip client to node_1:26257
I200320 18:44:25.127170 1361 gossip/server.go:227  [n?] received initial cluster-verification connection from dee42ebf2627:26257
I200320 18:44:25.127317 1374 gossip/client.go:131  [n?] closing client to node_1:26257: stopping outgoing client to n0 (node_1:26257); loopback connection
I200320 18:44:26.132471 1392 gossip/client.go:124  [n?] started gossip client to node_1:26257
I200320 18:44:26.133393 1428 gossip/server.go:227  [n?] received initial cluster-verification connection from dee42ebf2627:26257
I200320 18:44:26.134168 1392 gossip/client.go:131  [n?] closing client to node_1:26257: stopping outgoing client to n0 (node_1:26257); loopback connection
I200320 18:44:27.141145 1414 gossip/client.go:124  [n?] started gossip client to node_1:26257
I200320 18:44:27.141745 1418 gossip/server.go:227  [n?] received initial cluster-verification connection from dee42ebf2627:26257
I200320 18:44:27.142642 1414 gossip/client.go:131  [n?] closing client to node_1:26257: stopping outgoing client to n0 (node_1:26257); loopback connection
I200320 18:44:28.147288 1377 gossip/client.go:124  [n?] started gossip client to node_1:26257
I200320 18:44:28.148297 1433 gossip/server.go:227  [n?] received initial cluster-verification connection from dee42ebf2627:26257
I200320 18:44:28.148692 1377 gossip/client.go:131  [n?] closing client to node_1:26257: stopping outgoing client to n0 (node_1:26257); loopback connection
I200320 18:44:29.153619 1423 gossip/client.go:124  [n?] started gossip client to node_1:26257
I200320 18:44:29.154413 1400 gossip/server.go:227  [n?] received initial cluster-verification connection from dee42ebf2627:26257
I200320 18:44:29.155099 1423 gossip/client.go:131  [n?] closing client to node_1:26257: stopping outgoing client to n0 (node_1:26257); loopback connection
I200320 18:44:30.159865 1447 gossip/client.go:124  [n?] started gossip client to node_1:26257
I200320 18:44:30.160714 1451 gossip/server.go:227  [n?] received initial cluster-verification connection from dee42ebf2627:26257
I200320 18:44:30.161602 1447 gossip/client.go:131  [n?] closing client to node_1:26257: stopping outgoing client to n0 (node_1:26257); loopback connection
I200320 18:44:31.164051 1404 gossip/client.go:124  [n?] started gossip client to node_1:26257
I200320 18:44:31.164983 1459 gossip/server.go:227  [n?] received initial cluster-verification connection from dee42ebf2627:26257
I200320 18:44:31.165514 1404 gossip/client.go:131  [n?] closing client to node_1:26257: stopping outgoing client to n0 (node_1:26257); loopback connection
I200320 18:44:32.172671 1461 gossip/client.go:124  [n?] started gossip client to node_1:26257
I200320 18:44:32.173379 1465 gossip/server.go:227  [n?] received initial cluster-verification connection from dee42ebf2627:26257
I200320 18:44:32.174362 1461 gossip/client.go:131  [n?] closing client to node_1:26257: stopping outgoing client to n0 (node_1:26257); loopback connection
I200320 18:44:33.178660 1452 gossip/client.go:124  [n?] started gossip client to node_1:26257
I200320 18:44:33.179440 1435 gossip/server.go:227  [n?] received initial cluster-verification connection from dee42ebf2627:26257
I200320 18:44:33.179781 1452 gossip/client.go:131  [n?] closing client to node_1:26257: stopping outgoing client to n0 (node_1:26257); loopback connection
I200320 18:44:34.181963 1436 gossip/client.go:124  [n?] started gossip client to node_1:26257
I200320 18:44:34.182739 1440 gossip/server.go:227  [n?] received initial cluster-verification connection from dee42ebf2627:26257
I200320 18:44:34.183226 1436 gossip/client.go:131  [n?] closing client to node_1:26257: stopping outgoing client to n0 (node_1:26257); loopback connection
I200320 18:44:35.185776 1472 gossip/client.go:124  [n?] started gossip client to node_1:26257
I200320 18:44:35.186700 1456 gossip/server.go:227  [n?] received initial cluster-verification connection from dee42ebf2627:26257
I200320 18:44:35.187176 1472 gossip/client.go:131  [n?] closing client to node_1:26257: stopping outgoing client to n0 (node_1:26257); loopback connection
I200320 18:44:36.190350 1491 gossip/client.go:124  [n?] started gossip client to node_1:26257
I200320 18:44:36.191722 1523 gossip/server.go:227  [n?] received initial cluster-verification connection from dee42ebf2627:26257
I200320 18:44:36.192375 1491 gossip/client.go:131  [n?] closing client to node_1:26257: stopping outgoing client to n0 (node_1:26257); loopback connection
I200320 18:44:37.192778 1524 gossip/client.go:124  [n?] started gossip client to node_1:26257
I200320 18:44:37.193450 1528 gossip/server.go:227  [n?] received initial cluster-verification connection from dee42ebf2627:26257
I200320 18:44:37.193744 1524 gossip/client.go:131  [n?] closing client to node_1:26257: stopping outgoing client to n0 (node_1:26257); loopback connection
I200320 18:44:38.197328 1529 gossip/client.go:124  [n?] started gossip client to node_1:26257
I200320 18:44:38.198106 1533 gossip/server.go:227  [n?] received initial cluster-verification connection from dee42ebf2627:26257
I200320 18:44:38.198313 1529 gossip/client.go:131  [n?] closing client to node_1:26257: stopping outgoing client to n0 (node_1:26257); loopback connection
I200320 18:44:39.168239 1514 gossip/client.go:124  [n?] started gossip client to node_1:26257
I200320 18:44:39.170093 1496 gossip/server.go:227  [n?] received initial cluster-verification connection from dee42ebf2627:26257
I200320 18:44:39.170365 1514 gossip/client.go:131  [n?] closing client to node_1:26257: stopping outgoing client to n0 (node_1:26257); loopback connection
I200320 18:44:40.171657 1477 gossip/client.go:124  [n?] started gossip client to node_1:26257
I200320 18:44:40.172307 1481 gossip/server.go:227  [n?] received initial cluster-verification connection from dee42ebf2627:26257
I200320 18:44:40.172605 1477 gossip/client.go:131  [n?] closing client to node_1:26257: stopping outgoing client to n0 (node_1:26257); loopback connection
I200320 18:44:41.176643 1482 gossip/client.go:124  [n?] started gossip client to node_1:26257
I200320 18:44:41.177386 1498 gossip/server.go:227  [n?] received initial cluster-verification connection from dee42ebf2627:26257
I200320 18:44:41.178112 1482 gossip/client.go:131  [n?] closing client to node_1:26257: stopping outgoing client to n0 (node_1:26257); loopback connection
I200320 18:44:42.182776 1557 gossip/client.go:124  [n?] started gossip client to node_1:26257
I200320 18:44:42.184404 1540 gossip/server.go:227  [n?] received initial cluster-verification connection from dee42ebf2627:26257
I200320 18:44:42.185065 1557 gossip/client.go:131  [n?] closing client to node_1:26257: stopping outgoing client to n0 (node_1:26257); loopback connection
I200320 18:44:43.191190 1541 gossip/client.go:124  [n?] started gossip client to node_1:26257
I200320 18:44:43.192056 1486 gossip/server.go:227  [n?] received initial cluster-verification connection from dee42ebf2627:26257
I200320 18:44:43.192288 1541 gossip/client.go:131  [n?] closing client to node_1:26257: stopping outgoing client to n0 (node_1:26257); loopback connection
I200320 18:44:44.196362 1487 gossip/client.go:124  [n?] started gossip client to node_1:26257
I200320 18:44:44.197163 1500 gossip/server.go:227  [n?] received initial cluster-verification connection from dee42ebf2627:26257
I200320 18:44:44.197324 1487 gossip/client.go:131  [n?] closing client to node_1:26257: stopping outgoing client to n0 (node_1:26257); loopback connection
I200320 18:44:45.203235 1553 gossip/client.go:124  [n?] started gossip client to node_1:26257
I200320 18:44:45.204145 1489 gossip/server.go:227  [n?] received initial cluster-verification connection from dee42ebf2627:26257
I200320 18:44:45.204356 1553 gossip/client.go:131  [n?] closing client to node_1:26257: stopping outgoing client to n0 (node_1:26257); loopback connection
I200320 18:44:46.212140 1575 gossip/client.go:124  [n?] started gossip client to node_1:26257
I200320 18:44:46.212421 1502 gossip/server.go:227  [n?] received initial cluster-verification connection from dee42ebf2627:26257
I200320 18:44:46.212684 1575 gossip/client.go:131  [n?] closing client to node_1:26257: stopping outgoing client to n0 (node_1:26257); loopback connection
I200320 18:44:47.217242 1586 gossip/client.go:124  [n?] started gossip client to node_1:26257
I200320 18:44:47.217916 1579 gossip/server.go:227  [n?] received initial cluster-verification connection from dee42ebf2627:26257
I200320 18:44:47.218441 1586 gossip/client.go:131  [n?] closing client to node_1:26257: stopping outgoing client to n0 (node_1:26257); loopback connection
I200320 18:44:48.221396 1603 gossip/client.go:124  [n?] started gossip client to node_1:26257
I200320 18:44:48.223027 1581 gossip/server.go:227  [n?] received initial cluster-verification connection from dee42ebf2627:26257
I200320 18:44:48.223259 1603 gossip/client.go:131  [n?] closing client to node_1:26257: stopping outgoing client to n0 (node_1:26257); loopback connection
I200320 18:44:49.232979 1566 gossip/client.go:124  [n?] started gossip client to node_1:26257
I200320 18:44:49.233314 1582 gossip/server.go:227  [n?] received initial cluster-verification connection from dee42ebf2627:26257
I200320 18:44:49.233641 1566 gossip/client.go:131  [n?] closing client to node_1:26257: stopping outgoing client to n0 (node_1:26257); loopback connection
I200320 18:44:50.235587 1583 gossip/client.go:124  [n?] started gossip client to node_1:26257
I200320 18:44:50.235993 1590 gossip/server.go:227  [n?] received initial cluster-verification connection from dee42ebf2627:26257
I200320 18:44:50.236197 1583 gossip/client.go:131  [n?] closing client to node_1:26257: stopping outgoing client to n0 (node_1:26257); loopback connection
I200320 18:44:51.240586 1621 gossip/client.go:124  [n?] started gossip client to node_1:26257
I200320 18:44:51.241425 1625 gossip/server.go:227  [n?] received initial cluster-verification connection from dee42ebf2627:26257
I200320 18:44:51.241859 1621 gossip/client.go:131  [n?] closing client to node_1:26257: stopping outgoing client to n0 (node_1:26257); loopback connection
I200320 18:44:52.249117 1637 gossip/client.go:124  [n?] started gossip client to node_1:26257
I200320 18:44:52.249553 1614 gossip/server.go:227  [n?] received initial cluster-verification connection from dee42ebf2627:26257
I200320 18:44:52.250272 1637 gossip/client.go:131  [n?] closing client to node_1:26257: stopping outgoing client to n0 (node_1:26257); loopback connection
I200320 18:44:53.256339 1595 gossip/client.go:124  [n?] started gossip client to node_1:26257
I200320 18:44:53.257263 1599 gossip/server.go:227  [n?] received initial cluster-verification connection from dee42ebf2627:26257
I200320 18:44:53.258025 1595 gossip/client.go:131  [n?] closing client to node_1:26257: stopping outgoing client to n0 (node_1:26257); loopback connection
I200320 18:44:54.263556 1626 gossip/client.go:124  [n?] started gossip client to node_1:26257
I200320 18:44:54.264461 1651 gossip/server.go:227  [n?] received initial cluster-verification connection from dee42ebf2627:26257
I200320 18:44:54.265461 1626 gossip/client.go:131  [n?] closing client to node_1:26257: stopping outgoing client to n0 (node_1:26257); loopback connection
I200320 18:44:55.270257 1655 gossip/client.go:124  [n?] started gossip client to node_1:26257
I200320 18:44:55.270761 1630 gossip/server.go:227  [n?] received initial cluster-verification connection from dee42ebf2627:26257
I200320 18:44:55.272151 1655 gossip/client.go:131  [n?] closing client to node_1:26257: stopping outgoing client to n0 (node_1:26257); loopback connection
I200320 18:44:56.275126 1659 gossip/client.go:124  [n?] started gossip client to node_1:26257
I200320 18:44:56.276328 1601 gossip/server.go:227  [n?] received initial cluster-verification connection from dee42ebf2627:26257
I200320 18:44:56.277017 1659 gossip/client.go:131  [n?] closing client to node_1:26257: stopping outgoing client to n0 (node_1:26257); loopback connection
I200320 18:44:57.283930 1666 gossip/client.go:124  [n?] started gossip client to node_1:26257
I200320 18:44:57.284503 1670 gossip/server.go:227  [n?] received initial cluster-verification connection from dee42ebf2627:26257
I200320 18:44:57.284849 1666 gossip/client.go:131  [n?] closing client to node_1:26257: stopping outgoing client to n0 (node_1:26257); loopback connection
I200320 18:44:58.290216 1674 gossip/client.go:124  [n?] started gossip client to node_1:26257
I200320 18:44:58.291237 1678 gossip/server.go:227  [n?] received initial cluster-verification connection from dee42ebf2627:26257
I200320 18:44:58.292630 1674 gossip/client.go:131  [n?] closing client to node_1:26257: stopping outgoing client to n0 (node_1:26257); loopback connection
I200320 18:44:59.295160 1665 gossip/client.go:124  [n?] started gossip client to node_1:26257
I200320 18:44:59.296067 1680 gossip/server.go:227  [n?] received initial cluster-verification connection from dee42ebf2627:26257
I200320 18:44:59.296255 1665 gossip/client.go:131  [n?] closing client to node_1:26257: stopping outgoing client to n0 (node_1:26257); loopback connection
I200320 18:45:00.299788 1683 gossip/client.go:124  [n?] started gossip client to node_1:26257
I200320 18:45:00.300547 1644 gossip/server.go:227  [n?] received initial cluster-verification connection from dee42ebf2627:26257
I200320 18:45:00.300927 1683 gossip/client.go:131  [n?] closing client to node_1:26257: stopping outgoing client to n0 (node_1:26257); loopback connection
I200320 18:45:01.304194 1645 gossip/client.go:124  [n?] started gossip client to node_1:26257
I200320 18:45:01.305102 1649 gossip/server.go:227  [n?] received initial cluster-verification connection from dee42ebf2627:26257
I200320 18:45:01.305905 1645 gossip/client.go:131  [n?] closing client to node_1:26257: stopping outgoing client to n0 (node_1:26257); loopback connection
I200320 18:45:02.308693 1723 gossip/client.go:124  [n?] started gossip client to node_1:26257
I200320 18:45:02.310069 1731 gossip/server.go:227  [n?] received initial cluster-verification connection from dee42ebf2627:26257
I200320 18:45:02.310521 1723 gossip/client.go:131  [n?] closing client to node_1:26257: stopping outgoing client to n0 (node_1:26257); loopback connection
I200320 18:45:03.311436 1732 gossip/client.go:124  [n?] started gossip client to node_1:26257
I200320 18:45:03.311918 1687 gossip/server.go:227  [n?] received initial cluster-verification connection from dee42ebf2627:26257
I200320 18:45:03.312470 1732 gossip/client.go:131  [n?] closing client to node_1:26257: stopping outgoing client to n0 (node_1:26257); loopback connection
I200320 18:45:04.316763 1688 gossip/client.go:124  [n?] started gossip client to node_1:26257
I200320 18:45:04.318078 1749 gossip/server.go:227  [n?] received initial cluster-verification connection from dee42ebf2627:26257
I200320 18:45:04.318464 1688 gossip/client.go:131  [n?] closing client to node_1:26257: stopping outgoing client to n0 (node_1:26257); loopback connection
I200320 18:45:05.323459 1735 gossip/client.go:124  [n?] started gossip client to node_1:26257
I200320 18:45:05.324046 1739 gossip/server.go:227  [n?] received initial cluster-verification connection from dee42ebf2627:26257
I200320 18:45:05.324627 1735 gossip/client.go:131  [n?] closing client to node_1:26257: stopping outgoing client to n0 (node_1:26257); loopback connection
I200320 18:45:06.331666 1703 gossip/client.go:124  [n?] started gossip client to node_1:26257
I200320 18:45:06.332334 1692 gossip/server.go:227  [n?] received initial cluster-verification connection from dee42ebf2627:26257
I200320 18:45:06.333067 1703 gossip/client.go:131  [n?] closing client to node_1:26257: stopping outgoing client to n0 (node_1:26257); loopback connection
I200320 18:45:07.336531 1696 gossip/client.go:124  [n?] started gossip client to node_1:26257
I200320 18:45:07.337405 1764 gossip/server.go:227  [n?] received initial cluster-verification connection from dee42ebf2627:26257
I200320 18:45:07.338016 1696 gossip/client.go:131  [n?] closing client to node_1:26257: stopping outgoing client to n0 (node_1:26257); loopback connection
I200320 18:45:08.341728 1707 gossip/client.go:124  [n?] started gossip client to node_1:26257
I200320 18:45:08.342684 1766 gossip/server.go:227  [n?] received initial cluster-verification connection from dee42ebf2627:26257
I200320 18:45:08.343010 1707 gossip/client.go:131  [n?] closing client to node_1:26257: stopping outgoing client to n0 (node_1:26257); loopback connection
I200320 18:45:09.313773 1767 gossip/client.go:124  [n?] started gossip client to node_1:26257
I200320 18:45:09.315168 1771 gossip/server.go:227  [n?] received initial cluster-verification connection from dee42ebf2627:26257
I200320 18:45:09.315418 1767 gossip/client.go:131  [n?] closing client to node_1:26257: stopping outgoing client to n0 (node_1:26257); loopback connection
I200320 18:45:10.317630 1778 gossip/client.go:124  [n?] started gossip client to node_1:26257
I200320 18:45:10.318711 1758 gossip/server.go:227  [n?] received initial cluster-verification connection from dee42ebf2627:26257
I200320 18:45:10.319363 1778 gossip/client.go:131  [n?] closing client to node_1:26257: stopping outgoing client to n0 (node_1:26257); loopback connection
I200320 18:45:11.319457 1776 gossip/client.go:124  [n?] started gossip client to node_1:26257
I200320 18:45:11.319879 1711 gossip/server.go:227  [n?] received initial cluster-verification connection from dee42ebf2627:26257
I200320 18:45:11.320293 1776 gossip/client.go:131  [n?] closing client to node_1:26257: stopping outgoing client to n0 (node_1:26257); loopback connection
I200320 18:45:12.322772 1712 gossip/client.go:124  [n?] started gossip client to node_1:26257
I200320 18:45:12.323501 1827 gossip/server.go:227  [n?] received initial cluster-verification connection from dee42ebf2627:26257
I200320 18:45:12.324154 1712 gossip/client.go:131  [n?] closing client to node_1:26257: stopping outgoing client to n0 (node_1:26257); loopback connection
I200320 18:45:13.330220 1831 gossip/client.go:124  [n?] started gossip client to node_1:26257
I200320 18:45:13.331206 1835 gossip/server.go:227  [n?] received initial cluster-verification connection from dee42ebf2627:26257
I200320 18:45:13.331514 1831 gossip/client.go:131  [n?] closing client to node_1:26257: stopping outgoing client to n0 (node_1:26257); loopback connection
I200320 18:45:14.335618 1796 gossip/client.go:124  [n?] started gossip client to node_1:26257
I200320 18:45:14.336477 1799 gossip/server.go:227  [n?] received initial cluster-verification connection from dee42ebf2627:26257
I200320 18:45:14.337310 1796 gossip/client.go:131  [n?] closing client to node_1:26257: stopping outgoing client to n0 (node_1:26257); loopback connection
I200320 18:45:15.342332 1814 gossip/client.go:124  [n?] started gossip client to node_1:26257
I200320 18:45:15.343413 1838 gossip/server.go:227  [n?] received initial cluster-verification connection from dee42ebf2627:26257
I200320 18:45:15.343769 1814 gossip/client.go:131  [n?] closing client to node_1:26257: stopping outgoing client to n0 (node_1:26257); loopback connection
I200320 18:45:16.348253 1815 gossip/client.go:124  [n?] started gossip client to node_1:26257
I200320 18:45:16.350740 1819 gossip/server.go:227  [n?] received initial cluster-verification connection from dee42ebf2627:26257
I200320 18:45:16.351320 1815 gossip/client.go:131  [n?] closing client to node_1:26257: stopping outgoing client to n0 (node_1:26257); loopback connection
I200320 18:45:17.354577 1820 gossip/client.go:124  [n?] started gossip client to node_1:26257
I200320 18:45:17.356252 1824 gossip/server.go:227  [n?] received initial cluster-verification connection from dee42ebf2627:26257
I200320 18:45:17.356686 1820 gossip/client.go:131  [n?] closing client to node_1:26257: stopping outgoing client to n0 (node_1:26257); loopback connection
I200320 18:45:18.360250 1844 gossip/client.go:124  [n?] started gossip client to node_1:26257
I200320 18:45:18.360797 1801 gossip/server.go:227  [n?] received initial cluster-verification connection from dee42ebf2627:26257
I200320 18:45:18.361243 1844 gossip/client.go:131  [n?] closing client to node_1:26257: stopping outgoing client to n0 (node_1:26257); loopback connection
I200320 18:45:19.364266 1825 gossip/client.go:124  [n?] started gossip client to node_1:26257
I200320 18:45:19.365564 1848 gossip/server.go:227  [n?] received initial cluster-verification connection from dee42ebf2627:26257
I200320 18:45:19.366026 1825 gossip/client.go:131  [n?] closing client to node_1:26257: stopping outgoing client to n0 (node_1:26257); loopback connection
I200320 18:45:20.371838 1849 gossip/client.go:124  [n?] started gossip client to node_1:26257
I200320 18:45:20.372476 1862 gossip/server.go:227  [n?] received initial cluster-verification connection from dee42ebf2627:26257
I200320 18:45:20.372947 1849 gossip/client.go:131  [n?] closing client to node_1:26257: stopping outgoing client to n0 (node_1:26257); loopback connection
I200320 18:45:21.377147 1863 gossip/client.go:124  [n?] started gossip client to node_1:26257
I200320 18:45:21.378582 1853 gossip/server.go:227  [n?] received initial cluster-verification connection from dee42ebf2627:26257
I200320 18:45:21.379762 1863 gossip/client.go:131  [n?] closing client to node_1:26257: stopping outgoing client to n0 (node_1:26257); loopback connection
I200320 18:45:22.381209 1875 gossip/client.go:124  [n?] started gossip client to node_1:26257
I200320 18:45:22.381928 1855 gossip/server.go:227  [n?] received initial cluster-verification connection from dee42ebf2627:26257
I200320 18:45:22.383158 1875 gossip/client.go:131  [n?] closing client to node_1:26257: stopping outgoing client to n0 (node_1:26257); loopback connection
I200320 18:45:23.388575 1869 gossip/client.go:124  [n?] started gossip client to node_1:26257
I200320 18:45:23.389132 1892 gossip/server.go:227  [n?] received initial cluster-verification connection from dee42ebf2627:26257
I200320 18:45:23.389620 1869 gossip/client.go:131  [n?] closing client to node_1:26257: stopping outgoing client to n0 (node_1:26257); loopback connection
I200320 18:45:24.394435 1881 gossip/client.go:124  [n?] started gossip client to node_1:26257
I200320 18:45:24.394953 1857 gossip/server.go:227  [n?] received initial cluster-verification connection from dee42ebf2627:26257
I200320 18:45:24.395340 1881 gossip/client.go:131  [n?] closing client to node_1:26257: stopping outgoing client to n0 (node_1:26257); loopback connection
I200320 18:45:25.398899 1907 gossip/client.go:124  [n?] started gossip client to node_1:26257
I200320 18:45:25.399842 1885 gossip/server.go:227  [n?] received initial cluster-verification connection from dee42ebf2627:26257
I200320 18:45:25.400540 1907 gossip/client.go:131  [n?] closing client to node_1:26257: stopping outgoing client to n0 (node_1:26257); loopback connection
I200320 18:45:26.404443 1887 gossip/client.go:124  [n?] started gossip client to node_1:26257
I200320 18:45:26.404931 1926 gossip/server.go:227  [n?] received initial cluster-verification connection from dee42ebf2627:26257
I200320 18:45:26.405993 1887 gossip/client.go:131  [n?] closing client to node_1:26257: stopping outgoing client to n0 (node_1:26257); loopback connection
I200320 18:45:27.410447 1941 gossip/client.go:124  [n?] started gossip client to node_1:26257
I200320 18:45:27.411240 1911 gossip/server.go:227  [n?] received initial cluster-verification connection from dee42ebf2627:26257
I200320 18:45:27.411525 1941 gossip/client.go:131  [n?] closing client to node_1:26257: stopping outgoing client to n0 (node_1:26257); loopback connection
I200320 18:45:28.414358 1927 gossip/client.go:124  [n?] started gossip client to node_1:26257
I200320 18:45:28.415561 1897 gossip/server.go:227  [n?] received initial cluster-verification connection from dee42ebf2627:26257
I200320 18:45:28.416238 1927 gossip/client.go:131  [n?] closing client to node_1:26257: stopping outgoing client to n0 (node_1:26257); loopback connection
I200320 18:45:29.420443 1933 gossip/client.go:124  [n?] started gossip client to node_1:26257
I200320 18:45:29.422197 1913 gossip/server.go:227  [n?] received initial cluster-verification connection from dee42ebf2627:26257
I200320 18:45:29.422461 1933 gossip/client.go:131  [n?] closing client to node_1:26257: stopping outgoing client to n0 (node_1:26257); loopback connection
I200320 18:45:30.424105 1936 gossip/client.go:124  [n?] started gossip client to node_1:26257
I200320 18:45:30.424623 1903 gossip/server.go:227  [n?] received initial cluster-verification connection from dee42ebf2627:26257
I200320 18:45:30.425210 1936 gossip/client.go:131  [n?] closing client to node_1:26257: stopping outgoing client to n0 (node_1:26257); loopback connection
I200320 18:45:31.428667 1917 gossip/client.go:124  [n?] started gossip client to node_1:26257
I200320 18:45:31.429250 1956 gossip/server.go:227  [n?] received initial cluster-verification connection from dee42ebf2627:26257
I200320 18:45:31.429732 1917 gossip/client.go:131  [n?] closing client to node_1:26257: stopping outgoing client to n0 (node_1:26257); loopback connection
I200320 18:45:32.432422 1945 gossip/client.go:124  [n?] started gossip client to node_1:26257
I200320 18:45:32.433140 1949 gossip/server.go:227  [n?] received initial cluster-verification connection from dee42ebf2627:26257
I200320 18:45:32.433698 1945 gossip/client.go:131  [n?] closing client to node_1:26257: stopping outgoing client to n0 (node_1:26257); loopback connection
I200320 18:45:33.435097 1957 gossip/client.go:124  [n?] started gossip client to node_1:26257
I200320 18:45:33.435482 1975 gossip/server.go:227  [n?] received initial cluster-verification connection from dee42ebf2627:26257
I200320 18:45:33.435825 1957 gossip/client.go:131  [n?] closing client to node_1:26257: stopping outgoing client to n0 (node_1:26257); loopback connection
I200320 18:45:34.439606 1960 gossip/client.go:124  [n?] started gossip client to node_1:26257
I200320 18:45:34.440435 1951 gossip/server.go:227  [n?] received initial cluster-verification connection from dee42ebf2627:26257
I200320 18:45:34.441882 1960 gossip/client.go:131  [n?] closing client to node_1:26257: stopping outgoing client to n0 (node_1:26257); loopback connection
I200320 18:45:35.441662 1952 gossip/client.go:124  [n?] started gossip client to node_1:26257
I200320 18:45:35.442087 1964 gossip/server.go:227  [n?] received initial cluster-verification connection from dee42ebf2627:26257
I200320 18:45:35.442265 1952 gossip/client.go:131  [n?] closing client to node_1:26257: stopping outgoing client to n0 (node_1:26257); loopback connection
I200320 18:45:36.445841 1987 gossip/client.go:124  [n?] started gossip client to node_1:26257
I200320 18:45:36.446362 1966 gossip/server.go:227  [n?] received initial cluster-verification connection from dee42ebf2627:26257
I200320 18:45:36.446900 1987 gossip/client.go:131  [n?] closing client to node_1:26257: stopping outgoing client to n0 (node_1:26257); loopback connection
I200320 18:45:37.450592 1983 gossip/client.go:124  [n?] started gossip client to node_1:26257
I200320 18:45:37.451098 1991 gossip/server.go:227  [n?] received initial cluster-verification connection from dee42ebf2627:26257
I200320 18:45:37.451331 1983 gossip/client.go:131  [n?] closing client to node_1:26257: stopping outgoing client to n0 (node_1:26257); loopback connection
I200320 18:45:38.456266 2034 gossip/client.go:124  [n?] started gossip client to node_1:26257
I200320 18:45:38.457848 2007 gossip/server.go:227  [n?] received initial cluster-verification connection from dee42ebf2627:26257
I200320 18:45:38.458672 2034 gossip/client.go:131  [n?] closing client to node_1:26257: stopping outgoing client to n0 (node_1:26257); loopback connection
I200320 18:45:39.428947 1992 gossip/client.go:124  [n?] started gossip client to node_1:26257
I200320 18:45:39.429469 2009 gossip/server.go:227  [n?] received initial cluster-verification connection from dee42ebf2627:26257
I200320 18:45:39.429682 1992 gossip/client.go:131  [n?] closing client to node_1:26257: stopping outgoing client to n0 (node_1:26257); loopback connection
I200320 18:45:40.433698 2041 gossip/client.go:124  [n?] started gossip client to node_1:26257
I200320 18:45:40.434447 2045 gossip/server.go:227  [n?] received initial cluster-verification connection from dee42ebf2627:26257
I200320 18:45:40.435146 2041 gossip/client.go:131  [n?] closing client to node_1:26257: stopping outgoing client to n0 (node_1:26257); loopback connection
I200320 18:45:41.440967 1998 gossip/client.go:124  [n?] started gossip client to node_1:26257
I200320 18:45:41.441986 2047 gossip/server.go:227  [n?] received initial cluster-verification connection from dee42ebf2627:26257
I200320 18:45:41.442459 1998 gossip/client.go:131  [n?] closing client to node_1:26257: stopping outgoing client to n0 (node_1:26257); loopback connection
I200320 18:45:42.447495 2048 gossip/client.go:124  [n?] started gossip client to node_1:26257
I200320 18:45:42.448515 2053 gossip/server.go:227  [n?] received initial cluster-verification connection from dee42ebf2627:26257
I200320 18:45:42.449031 2048 gossip/client.go:131  [n?] closing client to node_1:26257: stopping outgoing client to n0 (node_1:26257); loopback connection
I200320 18:45:43.453641 2057 gossip/client.go:124  [n?] started gossip client to node_1:26257
I200320 18:45:43.454659 2059 gossip/server.go:227  [n?] received initial cluster-verification connection from dee42ebf2627:26257
I200320 18:45:43.456159 2057 gossip/client.go:131  [n?] closing client to node_1:26257: stopping outgoing client to n0 (node_1:26257); loopback connection
I200320 18:45:44.461821 2016 gossip/client.go:124  [n?] started gossip client to node_1:26257
I200320 18:45:44.463192 2023 gossip/server.go:227  [n?] received initial cluster-verification connection from dee42ebf2627:26257
I200320 18:45:44.463795 2016 gossip/client.go:131  [n?] closing client to node_1:26257: stopping outgoing client to n0 (node_1:26257); loopback connection
I200320 18:45:45.462621 2060 gossip/client.go:124  [n?] started gossip client to node_1:26257
I200320 18:45:45.463479 2028 gossip/server.go:227  [n?] received initial cluster-verification connection from dee42ebf2627:26257
I200320 18:45:45.463869 2060 gossip/client.go:131  [n?] closing client to node_1:26257: stopping outgoing client to n0 (node_1:26257); loopback connection
I200320 18:45:46.467992 2063 gossip/client.go:124  [n?] started gossip client to node_1:26257
I200320 18:45:46.468842 2068 gossip/server.go:227  [n?] received initial cluster-verification connection from dee42ebf2627:26257
I200320 18:45:46.469342 2063 gossip/client.go:131  [n?] closing client to node_1:26257: stopping outgoing client to n0 (node_1:26257); loopback connection
I200320 18:45:47.471174 2089 gossip/client.go:124  [n?] started gossip client to node_1:26257
I200320 18:45:47.471817 2100 gossip/server.go:227  [n?] received initial cluster-verification connection from dee42ebf2627:26257
I200320 18:45:47.472522 2089 gossip/client.go:131  [n?] closing client to node_1:26257: stopping outgoing client to n0 (node_1:26257); loopback connection
I200320 18:45:48.476618 2095 gossip/client.go:124  [n?] started gossip client to node_1:26257
I200320 18:45:48.477215 2115 gossip/server.go:227  [n?] received initial cluster-verification connection from dee42ebf2627:26257
I200320 18:45:48.477665 2095 gossip/client.go:131  [n?] closing client to node_1:26257: stopping outgoing client to n0 (node_1:26257); loopback connection
I200320 18:45:49.480295 2119 gossip/client.go:124  [n?] started gossip client to node_1:26257
I200320 18:45:49.480671 2070 gossip/server.go:227  [n?] received initial cluster-verification connection from dee42ebf2627:26257
I200320 18:45:49.481008 2119 gossip/client.go:131  [n?] closing client to node_1:26257: stopping outgoing client to n0 (node_1:26257); loopback connection
I200320 18:45:50.484535 2071 gossip/client.go:124  [n?] started gossip client to node_1:26257
I200320 18:45:50.485713 2127 gossip/server.go:227  [n?] received initial cluster-verification connection from dee42ebf2627:26257
I200320 18:45:50.486221 2071 gossip/client.go:131  [n?] closing client to node_1:26257: stopping outgoing client to n0 (node_1:26257); loopback connection
I200320 18:45:51.490764 2032 gossip/client.go:124  [n?] started gossip client to node_1:26257
I200320 18:45:51.491506 2131 gossip/server.go:227  [n?] received initial cluster-verification connection from dee42ebf2627:26257
I200320 18:45:51.492019 2032 gossip/client.go:131  [n?] closing client to node_1:26257: stopping outgoing client to n0 (node_1:26257); loopback connection
I200320 18:45:52.493202 2135 gossip/client.go:124  [n?] started gossip client to node_1:26257
I200320 18:45:52.493927 2129 gossip/server.go:227  [n?] received initial cluster-verification connection from dee42ebf2627:26257
I200320 18:45:52.494635 2135 gossip/client.go:131  [n?] closing client to node_1:26257: stopping outgoing client to n0 (node_1:26257); loopback connection
I200320 18:45:53.498857 2141 gossip/client.go:124  [n?] started gossip client to node_1:26257
I200320 18:45:53.499843 2077 gossip/server.go:227  [n?] received initial cluster-verification connection from dee42ebf2627:26257
I200320 18:45:53.500434 2141 gossip/client.go:131  [n?] closing client to node_1:26257: stopping outgoing client to n0 (node_1:26257); loopback connection
I200320 18:45:54.505287 2104 gossip/client.go:124  [n?] started gossip client to node_1:26257
I200320 18:45:54.506361 2079 gossip/server.go:227  [n?] received initial cluster-verification connection from dee42ebf2627:26257
I200320 18:45:54.506911 2104 gossip/client.go:131  [n?] closing client to node_1:26257: stopping outgoing client to n0 (node_1:26257); loopback connection
