I200320 19:14:37.705124 24 util/log/clog.go:1196  [config] file created at: 2020/03/20 19:14:37
I200320 19:14:37.705124 24 util/log/clog.go:1196  [config] running on machine: a296fffd174b
I200320 19:14:37.705124 24 util/log/clog.go:1196  [config] binary: CockroachDB CCL v19.2.4 (x86_64-unknown-linux-gnu, built 2020/02/06 21:55:19, go1.12.12)
I200320 19:14:37.705124 24 util/log/clog.go:1196  [config] arguments: [/cockroach/cockroach start --insecure --join=node_1]
I200320 19:14:37.705124 24 util/log/clog.go:1196  line format: [IWEF]yymmdd hh:mm:ss.uuuuuu goid file:line msg utf8=✓
I200320 19:14:37.705108 24 storage/engine/rocksdb.go:120  RocksDB version: 6.2.1
I200320 19:14:37.712036 24 storage/engine/rocksdb.go:120  Git sha rocksdb_build_git_sha:@b7009236531fa784872f4823eabf393501e41bf2@
I200320 19:14:37.712056 24 storage/engine/rocksdb.go:120  Compile date Feb  6 2020
I200320 19:14:37.712075 24 storage/engine/rocksdb.go:120  DB SUMMARY
I200320 19:14:37.715181 24 storage/engine/rocksdb.go:120  SST files in /cockroach/cockroach-data/cockroach-temp815176876 dir, Total Num: 0, files: 
I200320 19:14:37.732430 24 storage/engine/rocksdb.go:120  Write Ahead Log file in /cockroach/cockroach-data/cockroach-temp815176876: 
I200320 19:14:37.732453 24 storage/engine/rocksdb.go:120                          Options.error_if_exists: 0
I200320 19:14:37.732471 24 storage/engine/rocksdb.go:120                        Options.create_if_missing: 1
I200320 19:14:37.732489 24 storage/engine/rocksdb.go:120                          Options.paranoid_checks: 1
I200320 19:14:37.732507 24 storage/engine/rocksdb.go:120                                      Options.env: 0x756aca0
I200320 19:14:37.732524 24 storage/engine/rocksdb.go:120                                 Options.info_log: 0x7f650bc0d160
I200320 19:14:37.732541 24 storage/engine/rocksdb.go:120                 Options.max_file_opening_threads: 16
I200320 19:14:37.732559 24 storage/engine/rocksdb.go:120                               Options.statistics: 0x7f650bc34010
I200320 19:14:37.732576 24 storage/engine/rocksdb.go:120                                Options.use_fsync: 0
I200320 19:14:37.732594 24 storage/engine/rocksdb.go:120                        Options.max_log_file_size: 0
I200320 19:14:37.732612 24 storage/engine/rocksdb.go:120                   Options.max_manifest_file_size: 134217728
I200320 19:14:37.732629 24 storage/engine/rocksdb.go:120                    Options.log_file_time_to_roll: 0
I200320 19:14:37.732646 24 storage/engine/rocksdb.go:120                        Options.keep_log_file_num: 1000
I200320 19:14:37.732664 24 storage/engine/rocksdb.go:120                     Options.recycle_log_file_num: 1
I200320 19:14:37.732682 24 storage/engine/rocksdb.go:120                          Options.allow_fallocate: 1
I200320 19:14:37.732699 24 storage/engine/rocksdb.go:120                         Options.allow_mmap_reads: 0
I200320 19:14:37.732717 24 storage/engine/rocksdb.go:120                        Options.allow_mmap_writes: 0
I200320 19:14:37.732734 24 storage/engine/rocksdb.go:120                         Options.use_direct_reads: 0
I200320 19:14:37.732752 24 storage/engine/rocksdb.go:120                         Options.use_direct_io_for_flush_and_compaction: 0
I200320 19:14:37.732770 24 storage/engine/rocksdb.go:120           Options.create_missing_column_families: 0
I200320 19:14:37.732787 24 storage/engine/rocksdb.go:120                               Options.db_log_dir: 
I200320 19:14:37.732805 24 storage/engine/rocksdb.go:120                                  Options.wal_dir: /cockroach/cockroach-data/cockroach-temp815176876
I200320 19:14:37.732823 24 storage/engine/rocksdb.go:120                 Options.table_cache_numshardbits: 6
I200320 19:14:37.732840 24 storage/engine/rocksdb.go:120                       Options.max_subcompactions: 1
I200320 19:14:37.732857 24 storage/engine/rocksdb.go:120                   Options.max_background_flushes: -1
I200320 19:14:37.732875 24 storage/engine/rocksdb.go:120                          Options.WAL_ttl_seconds: 0
I200320 19:14:37.732892 24 storage/engine/rocksdb.go:120                        Options.WAL_size_limit_MB: 0
I200320 19:14:37.732910 24 storage/engine/rocksdb.go:120              Options.manifest_preallocation_size: 4194304
I200320 19:14:37.732928 24 storage/engine/rocksdb.go:120                      Options.is_fd_close_on_exec: 1
I200320 19:14:37.732945 24 storage/engine/rocksdb.go:120                    Options.advise_random_on_open: 1
I200320 19:14:37.732964 24 storage/engine/rocksdb.go:120                     Options.db_write_buffer_size: 0
I200320 19:14:37.732982 24 storage/engine/rocksdb.go:120                     Options.write_buffer_manager: 0x7f650bc1f060
I200320 19:14:37.732999 24 storage/engine/rocksdb.go:120          Options.access_hint_on_compaction_start: 1
I200320 19:14:37.733017 24 storage/engine/rocksdb.go:120   Options.new_table_reader_for_compaction_inputs: 0
I200320 19:14:37.733034 24 storage/engine/rocksdb.go:120            Options.random_access_max_buffer_size: 1048576
I200320 19:14:37.733052 24 storage/engine/rocksdb.go:120                       Options.use_adaptive_mutex: 0
I200320 19:14:37.733070 24 storage/engine/rocksdb.go:120                             Options.rate_limiter: (nil)
I200320 19:14:37.733089 24 storage/engine/rocksdb.go:120      Options.sst_file_manager.rate_bytes_per_sec: 0
I200320 19:14:37.733106 24 storage/engine/rocksdb.go:120                        Options.wal_recovery_mode: 0
I200320 19:14:37.733127 24 storage/engine/rocksdb.go:120                   Options.enable_thread_tracking: 0
I200320 19:14:37.733145 24 storage/engine/rocksdb.go:120                   Options.enable_pipelined_write: 0
I200320 19:14:37.733162 24 storage/engine/rocksdb.go:120          Options.allow_concurrent_memtable_write: 1
I200320 19:14:37.733179 24 storage/engine/rocksdb.go:120       Options.enable_write_thread_adaptive_yield: 1
I200320 19:14:37.733197 24 storage/engine/rocksdb.go:120              Options.write_thread_max_yield_usec: 100
I200320 19:14:37.733214 24 storage/engine/rocksdb.go:120             Options.write_thread_slow_yield_usec: 3
I200320 19:14:37.733232 24 storage/engine/rocksdb.go:120                                Options.row_cache: None
I200320 19:14:37.733250 24 storage/engine/rocksdb.go:120                               Options.wal_filter: None
I200320 19:14:37.733267 24 storage/engine/rocksdb.go:120              Options.avoid_flush_during_recovery: 0
I200320 19:14:37.733285 24 storage/engine/rocksdb.go:120              Options.allow_ingest_behind: 0
I200320 19:14:37.733303 24 storage/engine/rocksdb.go:120              Options.preserve_deletes: 0
I200320 19:14:37.733320 24 storage/engine/rocksdb.go:120              Options.two_write_queues: 0
I200320 19:14:37.733338 24 storage/engine/rocksdb.go:120              Options.manual_wal_flush: 1
I200320 19:14:37.733355 24 storage/engine/rocksdb.go:120              Options.atomic_flush: 0
I200320 19:14:37.733373 24 storage/engine/rocksdb.go:120              Options.avoid_unnecessary_blocking_io: 0
I200320 19:14:37.733390 24 storage/engine/rocksdb.go:120              Options.max_background_jobs: 4
I200320 19:14:37.733477 24 storage/engine/rocksdb.go:120              Options.max_background_compactions: -1
I200320 19:14:37.733494 24 storage/engine/rocksdb.go:120              Options.avoid_flush_during_shutdown: 0
I200320 19:14:37.733510 24 storage/engine/rocksdb.go:120            Options.writable_file_max_buffer_size: 1048576
I200320 19:14:37.733528 24 storage/engine/rocksdb.go:120              Options.delayed_write_rate : 16777216
I200320 19:14:37.733545 24 storage/engine/rocksdb.go:120              Options.max_total_wal_size: 0
I200320 19:14:37.733563 24 storage/engine/rocksdb.go:120              Options.delete_obsolete_files_period_micros: 21600000000
I200320 19:14:37.733580 24 storage/engine/rocksdb.go:120                    Options.stats_dump_period_sec: 0
I200320 19:14:37.733598 24 storage/engine/rocksdb.go:120                  Options.stats_persist_period_sec: 600
I200320 19:14:37.733615 24 storage/engine/rocksdb.go:120                  Options.stats_history_buffer_size: 1048576
I200320 19:14:37.733633 24 storage/engine/rocksdb.go:120                           Options.max_open_files: 128
I200320 19:14:37.733651 24 storage/engine/rocksdb.go:120                           Options.bytes_per_sync: 524288
I200320 19:14:37.733669 24 storage/engine/rocksdb.go:120                       Options.wal_bytes_per_sync: 0
I200320 19:14:37.733686 24 storage/engine/rocksdb.go:120                    Options.strict_bytes_per_sync: 1
I200320 19:14:37.733704 24 storage/engine/rocksdb.go:120        Options.compaction_readahead_size: 0
I200320 19:14:37.733721 24 storage/engine/rocksdb.go:120  Compression algorithms supported:
I200320 19:14:37.733740 24 storage/engine/rocksdb.go:120  	kZSTDNotFinalCompression supported: 0
I200320 19:14:37.733758 24 storage/engine/rocksdb.go:120  	kZSTD supported: 0
I200320 19:14:37.733776 24 storage/engine/rocksdb.go:120  	kXpressCompression supported: 0
I200320 19:14:37.733793 24 storage/engine/rocksdb.go:120  	kLZ4HCCompression supported: 0
I200320 19:14:37.733811 24 storage/engine/rocksdb.go:120  	kLZ4Compression supported: 0
I200320 19:14:37.733828 24 storage/engine/rocksdb.go:120  	kBZip2Compression supported: 0
I200320 19:14:37.733846 24 storage/engine/rocksdb.go:120  	kZlibCompression supported: 0
I200320 19:14:37.733863 24 storage/engine/rocksdb.go:120  	kSnappyCompression supported: 1
I200320 19:14:37.733890 24 storage/engine/rocksdb.go:120  Fast CRC32 supported: Supported on x86
I200320 19:14:37.737617 24 storage/engine/rocksdb.go:120  [db/db_impl_open.cc:242] Creating manifest 1 
I200320 19:14:37.764565 24 storage/engine/rocksdb.go:120  [db/version_set.cc:4072] Recovering from manifest file: /cockroach/cockroach-data/cockroach-temp815176876/MANIFEST-000001
I200320 19:14:37.767476 24 storage/engine/rocksdb.go:120  [db/column_family.cc:488] --------------- Options for column family [default]:
I200320 19:14:37.767505 24 storage/engine/rocksdb.go:120                Options.comparator: cockroach_comparator
I200320 19:14:37.767520 24 storage/engine/rocksdb.go:120            Options.merge_operator: cockroach_merge_operator
I200320 19:14:37.767538 24 storage/engine/rocksdb.go:120         Options.compaction_filter: None
I200320 19:14:37.767559 24 storage/engine/rocksdb.go:120         Options.compaction_filter_factory: None
I200320 19:14:37.767578 24 storage/engine/rocksdb.go:120          Options.memtable_factory: SkipListFactory
I200320 19:14:37.767602 24 storage/engine/rocksdb.go:120             Options.table_factory: BlockBasedTable
I200320 19:14:37.767640 24 storage/engine/rocksdb.go:120             table_factory options:   flush_block_policy_factory: FlushBlockBySizePolicyFactory (0x7f650bc2d030)
  cache_index_and_filter_blocks: 0
  cache_index_and_filter_blocks_with_high_priority: 0
  pin_l0_filter_and_index_blocks_in_cache: 0
  pin_top_level_index_and_filter: 1
  index_type: 0
  data_block_index_type: 0
  index_shortening: 1
  data_block_hash_table_util_ratio: 0.750000
  hash_index_allow_collision: 1
  checksum: 1
  no_block_cache: 0
  block_cache: 0x7f650bc22010
  block_cache_name: LRUCache
  block_cache_options:
    capacity : 1048576
    num_shard_bits : 4
    strict_capacity_limit : 0
    memory_allocator : None
    high_pri_pool_ratio: 0.000
  block_cache_compressed: (nil)
  persistent_cache: (nil)
  block_size: 32768
  block_size_deviation: 10
  block_restart_interval: 16
  index_block_restart_interval: 1
  metadata_block_size: 4096
  partition_filters: 0
  use_delta_encoding: 1
  filter_policy: rocksdb.BuiltinBloomFilter
  whole_key_filtering: 0
  verify_compression: 0
  read_amp_bytes_per_bit: 0
  format_version: 2
  enable_index_compression: 1
  block_align: 0
I200320 19:14:37.767660 24 storage/engine/rocksdb.go:120         Options.write_buffer_size: 67108864
I200320 19:14:37.767677 24 storage/engine/rocksdb.go:120   Options.max_write_buffer_number: 4
I200320 19:14:37.767688 24 storage/engine/rocksdb.go:120           Options.compression: Snappy
I200320 19:14:37.767702 24 storage/engine/rocksdb.go:120                   Options.bottommost_compression: Disabled
I200320 19:14:37.767720 24 storage/engine/rocksdb.go:120        Options.prefix_extractor: cockroach_prefix_extractor
I200320 19:14:37.767737 24 storage/engine/rocksdb.go:120    Options.memtable_insert_with_hint_prefix_extractor: nullptr
I200320 19:14:37.767755 24 storage/engine/rocksdb.go:120              Options.num_levels: 7
I200320 19:14:37.767772 24 storage/engine/rocksdb.go:120         Options.min_write_buffer_number_to_merge: 1
I200320 19:14:37.767790 24 storage/engine/rocksdb.go:120      Options.max_write_buffer_number_to_maintain: 0
I200320 19:14:37.767806 24 storage/engine/rocksdb.go:120             Options.bottommost_compression_opts.window_bits: -14
I200320 19:14:37.767820 24 storage/engine/rocksdb.go:120                   Options.bottommost_compression_opts.level: 32767
I200320 19:14:37.767835 24 storage/engine/rocksdb.go:120                Options.bottommost_compression_opts.strategy: 0
I200320 19:14:37.767848 24 storage/engine/rocksdb.go:120          Options.bottommost_compression_opts.max_dict_bytes: 0
I200320 19:14:37.767868 24 storage/engine/rocksdb.go:120          Options.bottommost_compression_opts.zstd_max_train_bytes: 0
I200320 19:14:37.767886 24 storage/engine/rocksdb.go:120                   Options.bottommost_compression_opts.enabled: false
I200320 19:14:37.767904 24 storage/engine/rocksdb.go:120             Options.compression_opts.window_bits: -14
I200320 19:14:37.767921 24 storage/engine/rocksdb.go:120                   Options.compression_opts.level: 32767
I200320 19:14:37.767937 24 storage/engine/rocksdb.go:120                Options.compression_opts.strategy: 0
I200320 19:14:37.767955 24 storage/engine/rocksdb.go:120          Options.compression_opts.max_dict_bytes: 0
I200320 19:14:37.767969 24 storage/engine/rocksdb.go:120          Options.compression_opts.zstd_max_train_bytes: 0
I200320 19:14:37.767984 24 storage/engine/rocksdb.go:120                   Options.compression_opts.enabled: false
I200320 19:14:37.768001 24 storage/engine/rocksdb.go:120       Options.level0_file_num_compaction_trigger: 2
I200320 19:14:37.768020 24 storage/engine/rocksdb.go:120           Options.level0_slowdown_writes_trigger: 950
I200320 19:14:37.768037 24 storage/engine/rocksdb.go:120               Options.level0_stop_writes_trigger: 1000
I200320 19:14:37.768055 24 storage/engine/rocksdb.go:120                    Options.target_file_size_base: 4194304
I200320 19:14:37.768073 24 storage/engine/rocksdb.go:120              Options.target_file_size_multiplier: 2
I200320 19:14:37.768091 24 storage/engine/rocksdb.go:120                 Options.max_bytes_for_level_base: 67108864
I200320 19:14:37.768108 24 storage/engine/rocksdb.go:120  Options.level_compaction_dynamic_level_bytes: 1
I200320 19:14:37.768127 24 storage/engine/rocksdb.go:120           Options.max_bytes_for_level_multiplier: 10.000000
I200320 19:14:37.768144 24 storage/engine/rocksdb.go:120  Options.max_bytes_for_level_multiplier_addtl[0]: 1
I200320 19:14:37.768155 24 storage/engine/rocksdb.go:120  Options.max_bytes_for_level_multiplier_addtl[1]: 1
I200320 19:14:37.768172 24 storage/engine/rocksdb.go:120  Options.max_bytes_for_level_multiplier_addtl[2]: 1
I200320 19:14:37.768186 24 storage/engine/rocksdb.go:120  Options.max_bytes_for_level_multiplier_addtl[3]: 1
I200320 19:14:37.768251 24 storage/engine/rocksdb.go:120  Options.max_bytes_for_level_multiplier_addtl[4]: 1
I200320 19:14:37.768270 24 storage/engine/rocksdb.go:120  Options.max_bytes_for_level_multiplier_addtl[5]: 1
I200320 19:14:37.768283 24 storage/engine/rocksdb.go:120  Options.max_bytes_for_level_multiplier_addtl[6]: 1
I200320 19:14:37.768298 24 storage/engine/rocksdb.go:120        Options.max_sequential_skip_in_iterations: 8
I200320 19:14:37.768316 24 storage/engine/rocksdb.go:120                     Options.max_compaction_bytes: 104857600
I200320 19:14:37.768333 24 storage/engine/rocksdb.go:120                         Options.arena_block_size: 8388608
I200320 19:14:37.768351 24 storage/engine/rocksdb.go:120    Options.soft_pending_compaction_bytes_limit: 2199023255552
I200320 19:14:37.768369 24 storage/engine/rocksdb.go:120    Options.hard_pending_compaction_bytes_limit: 4400193994752
I200320 19:14:37.768385 24 storage/engine/rocksdb.go:120        Options.rate_limit_delay_max_milliseconds: 100
I200320 19:14:37.768398 24 storage/engine/rocksdb.go:120                 Options.disable_auto_compactions: 0
I200320 19:14:37.768414 24 storage/engine/rocksdb.go:120                         Options.compaction_style: kCompactionStyleLevel
I200320 19:14:37.768433 24 storage/engine/rocksdb.go:120                           Options.compaction_pri: kMinOverlappingRatio
I200320 19:14:37.768451 24 storage/engine/rocksdb.go:120  Options.compaction_options_universal.size_ratio: 1
I200320 19:14:37.768470 24 storage/engine/rocksdb.go:120  Options.compaction_options_universal.min_merge_width: 2
I200320 19:14:37.768487 24 storage/engine/rocksdb.go:120  Options.compaction_options_universal.max_merge_width: 4294967295
I200320 19:14:37.768505 24 storage/engine/rocksdb.go:120  Options.compaction_options_universal.max_size_amplification_percent: 200
I200320 19:14:37.768523 24 storage/engine/rocksdb.go:120  Options.compaction_options_universal.compression_size_percent: -1
I200320 19:14:37.768542 24 storage/engine/rocksdb.go:120  Options.compaction_options_universal.stop_style: kCompactionStopStyleTotalSize
I200320 19:14:37.768561 24 storage/engine/rocksdb.go:120  Options.compaction_options_fifo.max_table_files_size: 1073741824
I200320 19:14:37.768573 24 storage/engine/rocksdb.go:120  Options.compaction_options_fifo.allow_compaction: 0
I200320 19:14:37.768588 24 storage/engine/rocksdb.go:120                    Options.table_properties_collectors: TimeBoundTblPropCollectorFactory; DeleteRangeTblPropCollectorFactory; 
I200320 19:14:37.768612 24 storage/engine/rocksdb.go:120                    Options.inplace_update_support: 0
I200320 19:14:37.768630 24 storage/engine/rocksdb.go:120                  Options.inplace_update_num_locks: 10000
I200320 19:14:37.768649 24 storage/engine/rocksdb.go:120                Options.memtable_prefix_bloom_size_ratio: 0.000000
I200320 19:14:37.768666 24 storage/engine/rocksdb.go:120                Options.memtable_whole_key_filtering: 0
I200320 19:14:37.768681 24 storage/engine/rocksdb.go:120    Options.memtable_huge_page_size: 0
I200320 19:14:37.768692 24 storage/engine/rocksdb.go:120                            Options.bloom_locality: 0
I200320 19:14:37.768705 24 storage/engine/rocksdb.go:120                     Options.max_successive_merges: 0
I200320 19:14:37.768724 24 storage/engine/rocksdb.go:120                 Options.optimize_filters_for_hits: 1
I200320 19:14:37.768738 24 storage/engine/rocksdb.go:120                 Options.paranoid_file_checks: 0
I200320 19:14:37.768756 24 storage/engine/rocksdb.go:120                 Options.force_consistency_checks: 0
I200320 19:14:37.768774 24 storage/engine/rocksdb.go:120                 Options.report_bg_io_stats: 0
I200320 19:14:37.768791 24 storage/engine/rocksdb.go:120                                Options.ttl: 0
I200320 19:14:37.768809 24 storage/engine/rocksdb.go:120           Options.periodic_compaction_seconds: 0
I200320 19:14:37.772747 24 storage/engine/rocksdb.go:120  [db/version_set.cc:4286] Recovered from manifest file:/cockroach/cockroach-data/cockroach-temp815176876/MANIFEST-000001 succeeded,manifest_file_number is 1, next_file_number is 3, last_sequence is 0, log_number is 0,prev_log_number is 0,max_column_family is 0,min_log_number_to_keep is 0
I200320 19:14:37.772767 24 storage/engine/rocksdb.go:120  [db/version_set.cc:4295] Column family [default] (ID 0), log number is 0
I200320 19:14:37.818152 24 storage/engine/rocksdb.go:120  DB pointer 0x7f650bca1000
I200320 19:14:37.852790 24 storage/engine/rocksdb.go:120  RocksDB version: 6.2.1
I200320 19:14:37.852810 24 storage/engine/rocksdb.go:120  Git sha rocksdb_build_git_sha:@b7009236531fa784872f4823eabf393501e41bf2@
I200320 19:14:37.852831 24 storage/engine/rocksdb.go:120  Compile date Feb  6 2020
I200320 19:14:37.852854 24 storage/engine/rocksdb.go:120  DB SUMMARY
I200320 19:14:37.856175 24 storage/engine/rocksdb.go:120  CURRENT file:  CURRENT
I200320 19:14:37.856200 24 storage/engine/rocksdb.go:120  IDENTITY file:  IDENTITY
I200320 19:14:37.857018 24 storage/engine/rocksdb.go:120  MANIFEST file:  MANIFEST-000020 size: 53 Bytes
I200320 19:14:37.857047 24 storage/engine/rocksdb.go:120  SST files in /cockroach/cockroach-data dir, Total Num: 0, files: 
I200320 19:14:37.857066 24 storage/engine/rocksdb.go:120  Write Ahead Log file in /cockroach/cockroach-data: 000021.log size: 200 ; 
I200320 19:14:37.857090 24 storage/engine/rocksdb.go:120                          Options.error_if_exists: 0
I200320 19:14:37.857141 24 storage/engine/rocksdb.go:120                        Options.create_if_missing: 1
I200320 19:14:37.857158 24 storage/engine/rocksdb.go:120                          Options.paranoid_checks: 1
I200320 19:14:37.857173 24 storage/engine/rocksdb.go:120                                      Options.env: 0x756aca0
I200320 19:14:37.857273 24 storage/engine/rocksdb.go:120                                 Options.info_log: 0x7f650bc0d2e0
I200320 19:14:37.857370 24 storage/engine/rocksdb.go:120                 Options.max_file_opening_threads: 16
I200320 19:14:37.857389 24 storage/engine/rocksdb.go:120                               Options.statistics: 0x7f650bc34080
I200320 19:14:37.857458 24 storage/engine/rocksdb.go:120                                Options.use_fsync: 0
I200320 19:14:37.857477 24 storage/engine/rocksdb.go:120                        Options.max_log_file_size: 0
I200320 19:14:37.857499 24 storage/engine/rocksdb.go:120                   Options.max_manifest_file_size: 134217728
I200320 19:14:37.857521 24 storage/engine/rocksdb.go:120                    Options.log_file_time_to_roll: 0
I200320 19:14:37.857568 24 storage/engine/rocksdb.go:120                        Options.keep_log_file_num: 1000
I200320 19:14:37.857589 24 storage/engine/rocksdb.go:120                     Options.recycle_log_file_num: 1
I200320 19:14:37.857607 24 storage/engine/rocksdb.go:120                          Options.allow_fallocate: 1
I200320 19:14:37.857626 24 storage/engine/rocksdb.go:120                         Options.allow_mmap_reads: 0
I200320 19:14:37.857735 24 storage/engine/rocksdb.go:120                        Options.allow_mmap_writes: 0
I200320 19:14:37.857757 24 storage/engine/rocksdb.go:120                         Options.use_direct_reads: 0
I200320 19:14:37.857823 24 storage/engine/rocksdb.go:120                         Options.use_direct_io_for_flush_and_compaction: 0
I200320 19:14:37.857843 24 storage/engine/rocksdb.go:120           Options.create_missing_column_families: 0
I200320 19:14:37.857864 24 storage/engine/rocksdb.go:120                               Options.db_log_dir: 
I200320 19:14:37.857886 24 storage/engine/rocksdb.go:120                                  Options.wal_dir: /cockroach/cockroach-data
I200320 19:14:37.857948 24 storage/engine/rocksdb.go:120                 Options.table_cache_numshardbits: 6
I200320 19:14:37.857970 24 storage/engine/rocksdb.go:120                       Options.max_subcompactions: 1
I200320 19:14:37.857983 24 storage/engine/rocksdb.go:120                   Options.max_background_flushes: -1
I200320 19:14:37.857997 24 storage/engine/rocksdb.go:120                          Options.WAL_ttl_seconds: 0
I200320 19:14:37.858015 24 storage/engine/rocksdb.go:120                        Options.WAL_size_limit_MB: 0
I200320 19:14:37.858125 24 storage/engine/rocksdb.go:120              Options.manifest_preallocation_size: 4194304
I200320 19:14:37.858143 24 storage/engine/rocksdb.go:120                      Options.is_fd_close_on_exec: 1
I200320 19:14:37.858250 24 storage/engine/rocksdb.go:120                    Options.advise_random_on_open: 1
I200320 19:14:37.858272 24 storage/engine/rocksdb.go:120                     Options.db_write_buffer_size: 0
I200320 19:14:37.858313 24 storage/engine/rocksdb.go:120                     Options.write_buffer_manager: 0x7f650bc1f570
I200320 19:14:37.858331 24 storage/engine/rocksdb.go:120          Options.access_hint_on_compaction_start: 1
I200320 19:14:37.858349 24 storage/engine/rocksdb.go:120   Options.new_table_reader_for_compaction_inputs: 0
I200320 19:14:37.858372 24 storage/engine/rocksdb.go:120            Options.random_access_max_buffer_size: 1048576
I200320 19:14:37.858389 24 storage/engine/rocksdb.go:120                       Options.use_adaptive_mutex: 0
I200320 19:14:37.858407 24 storage/engine/rocksdb.go:120                             Options.rate_limiter: (nil)
I200320 19:14:37.858427 24 storage/engine/rocksdb.go:120      Options.sst_file_manager.rate_bytes_per_sec: 0
I200320 19:14:37.858535 24 storage/engine/rocksdb.go:120                        Options.wal_recovery_mode: 0
I200320 19:14:37.858565 24 storage/engine/rocksdb.go:120                   Options.enable_thread_tracking: 0
I200320 19:14:37.858611 24 storage/engine/rocksdb.go:120                   Options.enable_pipelined_write: 0
I200320 19:14:37.858627 24 storage/engine/rocksdb.go:120          Options.allow_concurrent_memtable_write: 1
I200320 19:14:37.858639 24 storage/engine/rocksdb.go:120       Options.enable_write_thread_adaptive_yield: 1
I200320 19:14:37.858661 24 storage/engine/rocksdb.go:120              Options.write_thread_max_yield_usec: 100
I200320 19:14:37.858683 24 storage/engine/rocksdb.go:120             Options.write_thread_slow_yield_usec: 3
I200320 19:14:37.858726 24 storage/engine/rocksdb.go:120                                Options.row_cache: None
I200320 19:14:37.858747 24 storage/engine/rocksdb.go:120                               Options.wal_filter: None
I200320 19:14:37.858847 24 storage/engine/rocksdb.go:120              Options.avoid_flush_during_recovery: 0
I200320 19:14:37.858867 24 storage/engine/rocksdb.go:120              Options.allow_ingest_behind: 0
I200320 19:14:37.858888 24 storage/engine/rocksdb.go:120              Options.preserve_deletes: 0
I200320 19:14:37.858951 24 storage/engine/rocksdb.go:120              Options.two_write_queues: 0
I200320 19:14:37.858966 24 storage/engine/rocksdb.go:120              Options.manual_wal_flush: 1
I200320 19:14:37.858984 24 storage/engine/rocksdb.go:120              Options.atomic_flush: 0
I200320 19:14:37.858996 24 storage/engine/rocksdb.go:120              Options.avoid_unnecessary_blocking_io: 0
I200320 19:14:37.859015 24 storage/engine/rocksdb.go:120              Options.max_background_jobs: 4
I200320 19:14:37.859056 24 storage/engine/rocksdb.go:120              Options.max_background_compactions: -1
I200320 19:14:37.859077 24 storage/engine/rocksdb.go:120              Options.avoid_flush_during_shutdown: 0
I200320 19:14:37.859094 24 storage/engine/rocksdb.go:120            Options.writable_file_max_buffer_size: 1048576
I200320 19:14:37.859112 24 storage/engine/rocksdb.go:120              Options.delayed_write_rate : 16777216
I200320 19:14:37.859130 24 storage/engine/rocksdb.go:120              Options.max_total_wal_size: 0
I200320 19:14:37.859268 24 storage/engine/rocksdb.go:120              Options.delete_obsolete_files_period_micros: 21600000000
I200320 19:14:37.859337 24 storage/engine/rocksdb.go:120                    Options.stats_dump_period_sec: 0
I200320 19:14:37.859356 24 storage/engine/rocksdb.go:120                  Options.stats_persist_period_sec: 600
I200320 19:14:37.859369 24 storage/engine/rocksdb.go:120                  Options.stats_history_buffer_size: 1048576
I200320 19:14:37.859391 24 storage/engine/rocksdb.go:120                           Options.max_open_files: 1043576
I200320 19:14:37.859414 24 storage/engine/rocksdb.go:120                           Options.bytes_per_sync: 524288
I200320 19:14:37.859459 24 storage/engine/rocksdb.go:120                       Options.wal_bytes_per_sync: 0
I200320 19:14:37.859476 24 storage/engine/rocksdb.go:120                    Options.strict_bytes_per_sync: 1
I200320 19:14:37.859496 24 storage/engine/rocksdb.go:120        Options.compaction_readahead_size: 0
I200320 19:14:37.859513 24 storage/engine/rocksdb.go:120  Compression algorithms supported:
I200320 19:14:37.859532 24 storage/engine/rocksdb.go:120  	kZSTDNotFinalCompression supported: 0
I200320 19:14:37.859687 24 storage/engine/rocksdb.go:120  	kZSTD supported: 0
I200320 19:14:37.859705 24 storage/engine/rocksdb.go:120  	kXpressCompression supported: 0
I200320 19:14:37.859724 24 storage/engine/rocksdb.go:120  	kLZ4HCCompression supported: 0
I200320 19:14:37.859809 24 storage/engine/rocksdb.go:120  	kLZ4Compression supported: 0
I200320 19:14:37.859828 24 storage/engine/rocksdb.go:120  	kBZip2Compression supported: 0
I200320 19:14:37.859857 24 storage/engine/rocksdb.go:120  	kZlibCompression supported: 0
I200320 19:14:37.859886 24 storage/engine/rocksdb.go:120  	kSnappyCompression supported: 1
I200320 19:14:37.859916 24 storage/engine/rocksdb.go:120  Fast CRC32 supported: Supported on x86
I200320 19:14:37.866756 24 storage/engine/rocksdb.go:120  [db/version_set.cc:4072] Recovering from manifest file: /cockroach/cockroach-data/MANIFEST-000020
I200320 19:14:37.867767 24 storage/engine/rocksdb.go:120  [db/column_family.cc:488] --------------- Options for column family [default]:
I200320 19:14:37.867789 24 storage/engine/rocksdb.go:120                Options.comparator: cockroach_comparator
I200320 19:14:37.867808 24 storage/engine/rocksdb.go:120            Options.merge_operator: cockroach_merge_operator
I200320 19:14:37.867826 24 storage/engine/rocksdb.go:120         Options.compaction_filter: None
I200320 19:14:37.867843 24 storage/engine/rocksdb.go:120         Options.compaction_filter_factory: None
I200320 19:14:37.867862 24 storage/engine/rocksdb.go:120          Options.memtable_factory: SkipListFactory
I200320 19:14:37.867881 24 storage/engine/rocksdb.go:120             Options.table_factory: BlockBasedTable
I200320 19:14:37.867924 24 storage/engine/rocksdb.go:120             table_factory options:   flush_block_policy_factory: FlushBlockBySizePolicyFactory (0x7f650bc2d090)
  cache_index_and_filter_blocks: 0
  cache_index_and_filter_blocks_with_high_priority: 0
  pin_l0_filter_and_index_blocks_in_cache: 0
  pin_top_level_index_and_filter: 1
  index_type: 0
  data_block_index_type: 0
  index_shortening: 1
  data_block_hash_table_util_ratio: 0.750000
  hash_index_allow_collision: 1
  checksum: 1
  no_block_cache: 0
  block_cache: 0x7f650bcb9210
  block_cache_name: LRUCache
  block_cache_options:
    capacity : 67108864
    num_shard_bits : 4
    strict_capacity_limit : 0
    memory_allocator : None
    high_pri_pool_ratio: 0.000
  block_cache_compressed: (nil)
  persistent_cache: (nil)
  block_size: 32768
  block_size_deviation: 10
  block_restart_interval: 16
  index_block_restart_interval: 1
  metadata_block_size: 4096
  partition_filters: 0
  use_delta_encoding: 1
  filter_policy: rocksdb.BuiltinBloomFilter
  whole_key_filtering: 0
  verify_compression: 0
  read_amp_bytes_per_bit: 0
  format_version: 2
  enable_index_compression: 1
  block_align: 0
I200320 19:14:37.867945 24 storage/engine/rocksdb.go:120         Options.write_buffer_size: 67108864
I200320 19:14:37.867964 24 storage/engine/rocksdb.go:120   Options.max_write_buffer_number: 4
I200320 19:14:37.867982 24 storage/engine/rocksdb.go:120           Options.compression: Snappy
I200320 19:14:37.868000 24 storage/engine/rocksdb.go:120                   Options.bottommost_compression: Disabled
I200320 19:14:37.868018 24 storage/engine/rocksdb.go:120        Options.prefix_extractor: cockroach_prefix_extractor
I200320 19:14:37.868036 24 storage/engine/rocksdb.go:120    Options.memtable_insert_with_hint_prefix_extractor: nullptr
I200320 19:14:37.868053 24 storage/engine/rocksdb.go:120              Options.num_levels: 7
I200320 19:14:37.868071 24 storage/engine/rocksdb.go:120         Options.min_write_buffer_number_to_merge: 1
I200320 19:14:37.868088 24 storage/engine/rocksdb.go:120      Options.max_write_buffer_number_to_maintain: 0
I200320 19:14:37.868106 24 storage/engine/rocksdb.go:120             Options.bottommost_compression_opts.window_bits: -14
I200320 19:14:37.868124 24 storage/engine/rocksdb.go:120                   Options.bottommost_compression_opts.level: 32767
I200320 19:14:37.868141 24 storage/engine/rocksdb.go:120                Options.bottommost_compression_opts.strategy: 0
I200320 19:14:37.868159 24 storage/engine/rocksdb.go:120          Options.bottommost_compression_opts.max_dict_bytes: 0
I200320 19:14:37.868177 24 storage/engine/rocksdb.go:120          Options.bottommost_compression_opts.zstd_max_train_bytes: 0
I200320 19:14:37.868195 24 storage/engine/rocksdb.go:120                   Options.bottommost_compression_opts.enabled: false
I200320 19:14:37.868213 24 storage/engine/rocksdb.go:120             Options.compression_opts.window_bits: -14
I200320 19:14:37.868230 24 storage/engine/rocksdb.go:120                   Options.compression_opts.level: 32767
I200320 19:14:37.868248 24 storage/engine/rocksdb.go:120                Options.compression_opts.strategy: 0
I200320 19:14:37.868265 24 storage/engine/rocksdb.go:120          Options.compression_opts.max_dict_bytes: 0
I200320 19:14:37.868283 24 storage/engine/rocksdb.go:120          Options.compression_opts.zstd_max_train_bytes: 0
I200320 19:14:37.868300 24 storage/engine/rocksdb.go:120                   Options.compression_opts.enabled: false
I200320 19:14:37.868384 24 storage/engine/rocksdb.go:120       Options.level0_file_num_compaction_trigger: 2
I200320 19:14:37.868401 24 storage/engine/rocksdb.go:120           Options.level0_slowdown_writes_trigger: 950
I200320 19:14:37.868419 24 storage/engine/rocksdb.go:120               Options.level0_stop_writes_trigger: 1000
I200320 19:14:37.868437 24 storage/engine/rocksdb.go:120                    Options.target_file_size_base: 4194304
I200320 19:14:37.868455 24 storage/engine/rocksdb.go:120              Options.target_file_size_multiplier: 2
I200320 19:14:37.868472 24 storage/engine/rocksdb.go:120                 Options.max_bytes_for_level_base: 67108864
I200320 19:14:37.868490 24 storage/engine/rocksdb.go:120  Options.level_compaction_dynamic_level_bytes: 1
I200320 19:14:37.868508 24 storage/engine/rocksdb.go:120           Options.max_bytes_for_level_multiplier: 10.000000
I200320 19:14:37.868526 24 storage/engine/rocksdb.go:120  Options.max_bytes_for_level_multiplier_addtl[0]: 1
I200320 19:14:37.868544 24 storage/engine/rocksdb.go:120  Options.max_bytes_for_level_multiplier_addtl[1]: 1
I200320 19:14:37.868561 24 storage/engine/rocksdb.go:120  Options.max_bytes_for_level_multiplier_addtl[2]: 1
I200320 19:14:37.868579 24 storage/engine/rocksdb.go:120  Options.max_bytes_for_level_multiplier_addtl[3]: 1
I200320 19:14:37.868596 24 storage/engine/rocksdb.go:120  Options.max_bytes_for_level_multiplier_addtl[4]: 1
I200320 19:14:37.868614 24 storage/engine/rocksdb.go:120  Options.max_bytes_for_level_multiplier_addtl[5]: 1
I200320 19:14:37.868631 24 storage/engine/rocksdb.go:120  Options.max_bytes_for_level_multiplier_addtl[6]: 1
I200320 19:14:37.868649 24 storage/engine/rocksdb.go:120        Options.max_sequential_skip_in_iterations: 8
I200320 19:14:37.868666 24 storage/engine/rocksdb.go:120                     Options.max_compaction_bytes: 104857600
I200320 19:14:37.868684 24 storage/engine/rocksdb.go:120                         Options.arena_block_size: 8388608
I200320 19:14:37.868701 24 storage/engine/rocksdb.go:120    Options.soft_pending_compaction_bytes_limit: 2199023255552
I200320 19:14:37.868719 24 storage/engine/rocksdb.go:120    Options.hard_pending_compaction_bytes_limit: 4400193994752
I200320 19:14:37.868736 24 storage/engine/rocksdb.go:120        Options.rate_limit_delay_max_milliseconds: 100
I200320 19:14:37.868754 24 storage/engine/rocksdb.go:120                 Options.disable_auto_compactions: 0
I200320 19:14:37.868773 24 storage/engine/rocksdb.go:120                         Options.compaction_style: kCompactionStyleLevel
I200320 19:14:37.868796 24 storage/engine/rocksdb.go:120                           Options.compaction_pri: kMinOverlappingRatio
I200320 19:14:37.868814 24 storage/engine/rocksdb.go:120  Options.compaction_options_universal.size_ratio: 1
I200320 19:14:37.868831 24 storage/engine/rocksdb.go:120  Options.compaction_options_universal.min_merge_width: 2
I200320 19:14:37.868849 24 storage/engine/rocksdb.go:120  Options.compaction_options_universal.max_merge_width: 4294967295
I200320 19:14:37.868866 24 storage/engine/rocksdb.go:120  Options.compaction_options_universal.max_size_amplification_percent: 200
I200320 19:14:37.868884 24 storage/engine/rocksdb.go:120  Options.compaction_options_universal.compression_size_percent: -1
I200320 19:14:37.868902 24 storage/engine/rocksdb.go:120  Options.compaction_options_universal.stop_style: kCompactionStopStyleTotalSize
I200320 19:14:37.868920 24 storage/engine/rocksdb.go:120  Options.compaction_options_fifo.max_table_files_size: 1073741824
I200320 19:14:37.868938 24 storage/engine/rocksdb.go:120  Options.compaction_options_fifo.allow_compaction: 0
I200320 19:14:37.868958 24 storage/engine/rocksdb.go:120                    Options.table_properties_collectors: TimeBoundTblPropCollectorFactory; DeleteRangeTblPropCollectorFactory; 
I200320 19:14:37.868976 24 storage/engine/rocksdb.go:120                    Options.inplace_update_support: 0
I200320 19:14:37.868994 24 storage/engine/rocksdb.go:120                  Options.inplace_update_num_locks: 10000
I200320 19:14:37.869012 24 storage/engine/rocksdb.go:120                Options.memtable_prefix_bloom_size_ratio: 0.000000
I200320 19:14:37.869030 24 storage/engine/rocksdb.go:120                Options.memtable_whole_key_filtering: 0
I200320 19:14:37.869047 24 storage/engine/rocksdb.go:120    Options.memtable_huge_page_size: 0
I200320 19:14:37.869065 24 storage/engine/rocksdb.go:120                            Options.bloom_locality: 0
I200320 19:14:37.869082 24 storage/engine/rocksdb.go:120                     Options.max_successive_merges: 0
I200320 19:14:37.869100 24 storage/engine/rocksdb.go:120                 Options.optimize_filters_for_hits: 1
I200320 19:14:37.869118 24 storage/engine/rocksdb.go:120                 Options.paranoid_file_checks: 0
I200320 19:14:37.869136 24 storage/engine/rocksdb.go:120                 Options.force_consistency_checks: 0
I200320 19:14:37.869153 24 storage/engine/rocksdb.go:120                 Options.report_bg_io_stats: 0
I200320 19:14:37.869171 24 storage/engine/rocksdb.go:120                                Options.ttl: 0
I200320 19:14:37.869189 24 storage/engine/rocksdb.go:120           Options.periodic_compaction_seconds: 0
I200320 19:14:37.871301 24 storage/engine/rocksdb.go:120  [db/version_set.cc:4286] Recovered from manifest file:/cockroach/cockroach-data/MANIFEST-000020 succeeded,manifest_file_number is 20, next_file_number is 22, last_sequence is 0, log_number is 19,prev_log_number is 0,max_column_family is 0,min_log_number_to_keep is 0
I200320 19:14:37.871323 24 storage/engine/rocksdb.go:120  [db/version_set.cc:4295] Column family [default] (ID 0), log number is 19
I200320 19:14:37.873895 24 storage/engine/rocksdb.go:120  EVENT_LOG_v1 {"time_micros": 1584731677873866, "job": 1, "event": "recovery_started", "log_files": [21]}
I200320 19:14:37.873921 24 storage/engine/rocksdb.go:120  [db/db_impl_open.cc:598] Recovering log #21 mode 0
I200320 19:14:37.876884 24 storage/engine/rocksdb.go:120  [db/version_set.cc:3560] Creating manifest 23
I200320 19:14:37.882539 24 storage/engine/rocksdb.go:120  EVENT_LOG_v1 {"time_micros": 1584731677882338, "job": 1, "event": "recovery_finished"}
I200320 19:14:37.903375 24 storage/engine/rocksdb.go:120  DB pointer 0x7f650bd35000
