I200320 19:13:05.834679 1 util/log/clog.go:1196  [config] file created at: 2020/03/20 19:13:05
I200320 19:13:05.834679 1 util/log/clog.go:1196  [config] running on machine: a3ae7034442e
I200320 19:13:05.834679 1 util/log/clog.go:1196  [config] binary: CockroachDB CCL v19.2.4 (x86_64-unknown-linux-gnu, built 2020/02/06 21:55:19, go1.12.12)
I200320 19:13:05.834679 1 util/log/clog.go:1196  [config] arguments: [/cockroach/cockroach start --insecure --join=awordaday_node_1]
I200320 19:13:05.834679 1 util/log/clog.go:1196  line format: [IWEF]yymmdd hh:mm:ss.uuuuuu goid file:line msg utf8=✓
I200320 19:13:05.834665 1 cli/start.go:1144  logging to directory /cockroach/cockroach-data/logs
W200320 19:13:05.843829 1 cli/start.go:1182  RUNNING IN INSECURE MODE!

- Your cluster is open for any client that can access <all your IP addresses>.
- Any user, even root, can log in without providing a password.
- Any user, connecting as root, can read or write any data in your cluster.
- There is no network encryption nor authentication, and thus no confidentiality.

Check out how to secure your cluster: https://www.cockroachlabs.com/docs/v19.2/secure-a-cluster.html
I200320 19:13:05.844370 1 server/status/recorder.go:597  available memory from cgroups is unsupported, using system memory 1.9 GiB instead: failed to find cgroup memory limit
W200320 19:13:05.844498 1 cli/start.go:1052  Using the default setting for --cache (128 MiB).
  A significantly larger value is usually needed for good performance.
  If you have a dedicated server a reasonable setting is --cache=.25 (497 MiB).
I200320 19:13:05.844854 1 server/status/recorder.go:597  available memory from cgroups is unsupported, using system memory 1.9 GiB instead: failed to find cgroup memory limit
W200320 19:13:05.844892 1 cli/start.go:1065  Using the default setting for --max-sql-memory (128 MiB).
  A significantly larger value is usually needed in production.
  If you have a dedicated server a reasonable setting is --max-sql-memory=.25 (497 MiB).
I200320 19:13:05.845226 1 server/status/recorder.go:597  available memory from cgroups is unsupported, using system memory 1.9 GiB instead: failed to find cgroup memory limit
I200320 19:13:05.845264 1 cli/start.go:1196  CockroachDB CCL v19.2.4 (x86_64-unknown-linux-gnu, built 2020/02/06 21:55:19, go1.12.12)
I200320 19:13:06.057824 1 server/status/recorder.go:597  available memory from cgroups is unsupported, using system memory 1.9 GiB instead: failed to find cgroup memory limit
I200320 19:13:06.057867 1 server/config.go:394  system total memory: 1.9 GiB
I200320 19:13:06.057924 1 server/config.go:396  server configuration:
max offset             500000000
cache size             128 MiB
SQL memory pool size   128 MiB
scan interval          10m0s
scan min idle time     10ms
scan max idle time     1s
event log enabled      true
I200320 19:13:06.057979 1 cli/start.go:1030  using local environment variables: COCKROACH_USER=root, COCKROACH_CHANNEL=official-docker
I200320 19:13:06.058016 1 cli/start.go:1037  process identity: uid 0 euid 0 gid 0 egid 0
I200320 19:13:06.058120 1 cli/start.go:644  starting cockroach node
I200320 19:13:06.065378 26 storage/engine/rocksdb.go:622  opening rocksdb instance at "/cockroach/cockroach-data/cockroach-temp364541176"
I200320 19:13:06.226521 26 server/server.go:928  [n?] monitoring forward clock jumps based on server.clock.forward_jump_check_enabled
I200320 19:13:06.232775 26 storage/engine/rocksdb.go:622  opening rocksdb instance at "/cockroach/cockroach-data"
I200320 19:13:06.316335 26 server/config.go:502  [n?] 1 storage engine initialized
I200320 19:13:06.316384 26 server/config.go:505  [n?] RocksDB cache size: 128 MiB
I200320 19:13:06.316415 26 server/config.go:505  [n?] store 0: RocksDB, max size 0 B, max open file limit 1043576
W200320 19:13:06.331606 26 gossip/gossip.go:1517  [n?] no incoming or outgoing connections
I200320 19:13:06.331760 26 server/server.go:1386  [n?] no stores bootstrapped and --join flag specified, awaiting init command or join with an already initialized node.
I200320 19:13:06.344577 36 gossip/client.go:124  [n?] started gossip client to awordaday_node_1:26257
I200320 19:13:06.345363 16 gossip/server.go:227  [n?] received initial cluster-verification connection from a3ae7034442e:26257
I200320 19:13:06.345866 36 gossip/client.go:131  [n?] closing client to awordaday_node_1:26257: stopping outgoing client to n0 (awordaday_node_1:26257); loopback connection
I200320 19:13:07.346362 93 gossip/client.go:124  [n?] started gossip client to awordaday_node_1:26257
I200320 19:13:07.346554 114 gossip/server.go:227  [n?] received initial cluster-verification connection from a3ae7034442e:26257
I200320 19:13:07.347038 93 gossip/client.go:131  [n?] closing client to awordaday_node_1:26257: stopping outgoing client to n0 (awordaday_node_1:26257); loopback connection
W200320 19:13:08.298983 90 cli/start.go:996  neither --listen-addr nor --advertise-addr was specified.
The server will advertise "a3ae7034442e" to other nodes, is this routable?

Consider using:
- for local-only servers:  --listen-addr=localhost
- for multi-node clusters: --advertise-addr=<host/IP addr>
I200320 19:13:08.299082 90 cli/start.go:603  initial startup completed.
Node will now attempt to join a running cluster, or wait for `cockroach init`.
Client connections will be accepted after this completes successfully.
Check the log file(s) for progress. 
I200320 19:13:08.313500 130 gossip/client.go:124  [n?] started gossip client to awordaday_node_1:26257
I200320 19:13:08.314005 116 gossip/server.go:227  [n?] received initial cluster-verification connection from a3ae7034442e:26257
I200320 19:13:08.314642 130 gossip/client.go:131  [n?] closing client to awordaday_node_1:26257: stopping outgoing client to n0 (awordaday_node_1:26257); loopback connection
I200320 19:13:09.316984 133 gossip/client.go:124  [n?] started gossip client to awordaday_node_1:26257
I200320 19:13:09.317565 163 gossip/server.go:227  [n?] received initial cluster-verification connection from a3ae7034442e:26257
I200320 19:13:09.318301 133 gossip/client.go:131  [n?] closing client to awordaday_node_1:26257: stopping outgoing client to n0 (awordaday_node_1:26257); loopback connection
I200320 19:13:10.324206 167 gossip/client.go:124  [n?] started gossip client to awordaday_node_1:26257
I200320 19:13:10.325066 119 gossip/server.go:227  [n?] received initial cluster-verification connection from a3ae7034442e:26257
I200320 19:13:10.325617 167 gossip/client.go:131  [n?] closing client to awordaday_node_1:26257: stopping outgoing client to n0 (awordaday_node_1:26257); loopback connection
I200320 19:13:11.330251 173 gossip/client.go:124  [n?] started gossip client to awordaday_node_1:26257
I200320 19:13:11.331455 137 gossip/server.go:227  [n?] received initial cluster-verification connection from a3ae7034442e:26257
I200320 19:13:11.331725 173 gossip/client.go:131  [n?] closing client to awordaday_node_1:26257: stopping outgoing client to n0 (awordaday_node_1:26257); loopback connection
I200320 19:13:12.339616 179 gossip/client.go:124  [n?] started gossip client to awordaday_node_1:26257
I200320 19:13:12.340039 122 gossip/server.go:227  [n?] received initial cluster-verification connection from a3ae7034442e:26257
I200320 19:13:12.340655 179 gossip/client.go:131  [n?] closing client to awordaday_node_1:26257: stopping outgoing client to n0 (awordaday_node_1:26257); loopback connection
I200320 19:13:13.344678 141 gossip/client.go:124  [n?] started gossip client to awordaday_node_1:26257
I200320 19:13:13.345047 183 gossip/server.go:227  [n?] received initial cluster-verification connection from a3ae7034442e:26257
I200320 19:13:13.345798 141 gossip/client.go:131  [n?] closing client to awordaday_node_1:26257: stopping outgoing client to n0 (awordaday_node_1:26257); loopback connection
I200320 19:13:14.351774 187 gossip/client.go:124  [n?] started gossip client to awordaday_node_1:26257
I200320 19:13:14.352039 148 gossip/server.go:227  [n?] received initial cluster-verification connection from a3ae7034442e:26257
I200320 19:13:14.352302 187 gossip/client.go:131  [n?] closing client to awordaday_node_1:26257: stopping outgoing client to n0 (awordaday_node_1:26257); loopback connection
I200320 19:13:15.357985 149 gossip/client.go:124  [n?] started gossip client to awordaday_node_1:26257
I200320 19:13:15.359551 197 gossip/server.go:227  [n?] received initial cluster-verification connection from a3ae7034442e:26257
I200320 19:13:15.359776 149 gossip/client.go:131  [n?] closing client to awordaday_node_1:26257: stopping outgoing client to n0 (awordaday_node_1:26257); loopback connection
I200320 19:13:16.367158 198 gossip/client.go:124  [n?] started gossip client to awordaday_node_1:26257
I200320 19:13:16.367962 124 gossip/server.go:227  [n?] received initial cluster-verification connection from a3ae7034442e:26257
I200320 19:13:16.368467 198 gossip/client.go:131  [n?] closing client to awordaday_node_1:26257: stopping outgoing client to n0 (awordaday_node_1:26257); loopback connection
I200320 19:13:17.372500 160 gossip/client.go:124  [n?] started gossip client to awordaday_node_1:26257
I200320 19:13:17.372871 191 gossip/server.go:227  [n?] received initial cluster-verification connection from a3ae7034442e:26257
I200320 19:13:17.373602 160 gossip/client.go:131  [n?] closing client to awordaday_node_1:26257: stopping outgoing client to n0 (awordaday_node_1:26257); loopback connection
I200320 19:13:18.375533 126 gossip/client.go:124  [n?] started gossip client to awordaday_node_1:26257
I200320 19:13:18.375825 212 gossip/server.go:227  [n?] received initial cluster-verification connection from a3ae7034442e:26257
I200320 19:13:18.376164 126 gossip/client.go:131  [n?] closing client to awordaday_node_1:26257: stopping outgoing client to n0 (awordaday_node_1:26257); loopback connection
I200320 19:13:19.380725 199 gossip/client.go:124  [n?] started gossip client to awordaday_node_1:26257
I200320 19:13:19.381535 203 gossip/server.go:227  [n?] received initial cluster-verification connection from a3ae7034442e:26257
I200320 19:13:19.381911 199 gossip/client.go:131  [n?] closing client to awordaday_node_1:26257: stopping outgoing client to n0 (awordaday_node_1:26257); loopback connection
I200320 19:13:20.387220 230 gossip/client.go:124  [n?] started gossip client to awordaday_node_1:26257
I200320 19:13:20.388050 205 gossip/server.go:227  [n?] received initial cluster-verification connection from a3ae7034442e:26257
I200320 19:13:20.388256 230 gossip/client.go:131  [n?] closing client to awordaday_node_1:26257: stopping outgoing client to n0 (awordaday_node_1:26257); loopback connection
I200320 19:13:21.391395 247 gossip/client.go:124  [n?] started gossip client to awordaday_node_1:26257
I200320 19:13:21.391894 235 gossip/server.go:227  [n?] received initial cluster-verification connection from a3ae7034442e:26257
I200320 19:13:21.392269 247 gossip/client.go:131  [n?] closing client to awordaday_node_1:26257: stopping outgoing client to n0 (awordaday_node_1:26257); loopback connection
I200320 19:13:22.397978 216 gossip/client.go:124  [n?] started gossip client to awordaday_node_1:26257
I200320 19:13:22.398786 251 gossip/server.go:227  [n?] received initial cluster-verification connection from a3ae7034442e:26257
I200320 19:13:22.399125 216 gossip/client.go:131  [n?] closing client to awordaday_node_1:26257: stopping outgoing client to n0 (awordaday_node_1:26257); loopback connection
I200320 19:13:23.402980 255 gossip/client.go:124  [n?] started gossip client to awordaday_node_1:26257
I200320 19:13:23.403791 207 gossip/server.go:227  [n?] received initial cluster-verification connection from a3ae7034442e:26257
I200320 19:13:23.404059 255 gossip/client.go:131  [n?] closing client to awordaday_node_1:26257: stopping outgoing client to n0 (awordaday_node_1:26257); loopback connection
I200320 19:13:24.408142 208 gossip/client.go:124  [n?] started gossip client to awordaday_node_1:26257
I200320 19:13:24.408884 221 gossip/server.go:227  [n?] received initial cluster-verification connection from a3ae7034442e:26257
I200320 19:13:24.409198 208 gossip/client.go:131  [n?] closing client to awordaday_node_1:26257: stopping outgoing client to n0 (awordaday_node_1:26257); loopback connection
I200320 19:13:25.412532 259 gossip/client.go:124  [n?] started gossip client to awordaday_node_1:26257
I200320 19:13:25.412972 263 gossip/server.go:227  [n?] received initial cluster-verification connection from a3ae7034442e:26257
I200320 19:13:25.413201 259 gossip/client.go:131  [n?] closing client to awordaday_node_1:26257: stopping outgoing client to n0 (awordaday_node_1:26257); loopback connection
I200320 19:13:26.416532 264 gossip/client.go:124  [n?] started gossip client to awordaday_node_1:26257
I200320 19:13:26.417093 268 gossip/server.go:227  [n?] received initial cluster-verification connection from a3ae7034442e:26257
I200320 19:13:26.417979 264 gossip/client.go:131  [n?] closing client to awordaday_node_1:26257: stopping outgoing client to n0 (awordaday_node_1:26257); loopback connection
I200320 19:13:27.422515 277 gossip/client.go:124  [n?] started gossip client to awordaday_node_1:26257
I200320 19:13:27.423102 224 gossip/server.go:227  [n?] received initial cluster-verification connection from a3ae7034442e:26257
I200320 19:13:27.423868 277 gossip/client.go:131  [n?] closing client to awordaday_node_1:26257: stopping outgoing client to n0 (awordaday_node_1:26257); loopback connection
I200320 19:13:28.427333 280 gossip/client.go:124  [n?] started gossip client to awordaday_node_1:26257
I200320 19:13:28.428939 284 gossip/server.go:227  [n?] received initial cluster-verification connection from a3ae7034442e:26257
I200320 19:13:28.430510 280 gossip/client.go:131  [n?] closing client to awordaday_node_1:26257: stopping outgoing client to n0 (awordaday_node_1:26257); loopback connection
I200320 19:13:29.430893 292 gossip/client.go:124  [n?] started gossip client to awordaday_node_1:26257
I200320 19:13:29.431612 307 gossip/server.go:227  [n?] received initial cluster-verification connection from a3ae7034442e:26257
I200320 19:13:29.432440 292 gossip/client.go:131  [n?] closing client to awordaday_node_1:26257: stopping outgoing client to n0 (awordaday_node_1:26257); loopback connection
I200320 19:13:30.435501 272 gossip/client.go:124  [n?] started gossip client to awordaday_node_1:26257
I200320 19:13:30.436198 296 gossip/server.go:227  [n?] received initial cluster-verification connection from a3ae7034442e:26257
I200320 19:13:30.436638 272 gossip/client.go:131  [n?] closing client to awordaday_node_1:26257: stopping outgoing client to n0 (awordaday_node_1:26257); loopback connection
I200320 19:13:31.440185 300 gossip/client.go:124  [n?] started gossip client to awordaday_node_1:26257
I200320 19:13:31.440640 324 gossip/server.go:227  [n?] received initial cluster-verification connection from a3ae7034442e:26257
I200320 19:13:31.441321 300 gossip/client.go:131  [n?] closing client to awordaday_node_1:26257: stopping outgoing client to n0 (awordaday_node_1:26257); loopback connection
I200320 19:13:32.443207 342 gossip/client.go:124  [n?] started gossip client to awordaday_node_1:26257
I200320 19:13:32.443876 346 gossip/server.go:227  [n?] received initial cluster-verification connection from a3ae7034442e:26257
I200320 19:13:32.444165 342 gossip/client.go:131  [n?] closing client to awordaday_node_1:26257: stopping outgoing client to n0 (awordaday_node_1:26257); loopback connection
I200320 19:13:33.453303 350 gossip/client.go:124  [n?] started gossip client to awordaday_node_1:26257
I200320 19:13:33.453878 326 gossip/server.go:227  [n?] received initial cluster-verification connection from a3ae7034442e:26257
I200320 19:13:33.454189 350 gossip/client.go:131  [n?] closing client to awordaday_node_1:26257: stopping outgoing client to n0 (awordaday_node_1:26257); loopback connection
I200320 19:13:34.458568 315 gossip/client.go:124  [n?] started gossip client to awordaday_node_1:26257
I200320 19:13:34.460549 302 gossip/server.go:227  [n?] received initial cluster-verification connection from a3ae7034442e:26257
I200320 19:13:34.460990 315 gossip/client.go:131  [n?] closing client to awordaday_node_1:26257: stopping outgoing client to n0 (awordaday_node_1:26257); loopback connection
I200320 19:13:35.463574 354 gossip/client.go:124  [n?] started gossip client to awordaday_node_1:26257
I200320 19:13:35.464151 328 gossip/server.go:227  [n?] received initial cluster-verification connection from a3ae7034442e:26257
I200320 19:13:35.464785 354 gossip/client.go:131  [n?] closing client to awordaday_node_1:26257: stopping outgoing client to n0 (awordaday_node_1:26257); loopback connection
W200320 19:13:36.299004 329 cli/start.go:634  The server appears to be unable to contact the other nodes in the cluster. Please try:

- starting the other nodes, if you haven't already;
- double-checking that the '--join' and '--listen'/'--advertise' flags are set up correctly;
- running the 'cockroach init' command if you are trying to initialize a new cluster.

If problems persist, please see https://www.cockroachlabs.com/docs/v19.2/cluster-setup-troubleshooting.html.
I200320 19:13:36.465795 330 gossip/client.go:124  [n?] started gossip client to awordaday_node_1:26257
I200320 19:13:36.467201 334 gossip/server.go:227  [n?] received initial cluster-verification connection from a3ae7034442e:26257
I200320 19:13:36.467662 330 gossip/client.go:131  [n?] closing client to awordaday_node_1:26257: stopping outgoing client to n0 (awordaday_node_1:26257); loopback connection
I200320 19:13:37.426765 335 gossip/client.go:124  [n?] started gossip client to awordaday_node_1:26257
I200320 19:13:37.427247 371 gossip/server.go:227  [n?] received initial cluster-verification connection from a3ae7034442e:26257
I200320 19:13:37.427879 335 gossip/client.go:131  [n?] closing client to awordaday_node_1:26257: stopping outgoing client to n0 (awordaday_node_1:26257); loopback connection
I200320 19:13:38.432094 375 gossip/client.go:124  [n?] started gossip client to awordaday_node_1:26257
I200320 19:13:38.432938 321 gossip/server.go:227  [n?] received initial cluster-verification connection from a3ae7034442e:26257
I200320 19:13:38.433375 375 gossip/client.go:131  [n?] closing client to awordaday_node_1:26257: stopping outgoing client to n0 (awordaday_node_1:26257); loopback connection
I200320 19:13:39.435086 363 gossip/client.go:124  [n?] started gossip client to awordaday_node_1:26257
I200320 19:13:39.435872 391 gossip/server.go:227  [n?] received initial cluster-verification connection from a3ae7034442e:26257
I200320 19:13:39.436138 363 gossip/client.go:131  [n?] closing client to awordaday_node_1:26257: stopping outgoing client to n0 (awordaday_node_1:26257); loopback connection
I200320 19:13:40.439910 405 gossip/client.go:124  [n?] started gossip client to awordaday_node_1:26257
I200320 19:13:40.442176 393 gossip/server.go:227  [n?] received initial cluster-verification connection from a3ae7034442e:26257
I200320 19:13:40.442441 405 gossip/client.go:131  [n?] closing client to awordaday_node_1:26257: stopping outgoing client to n0 (awordaday_node_1:26257); loopback connection
I200320 19:13:41.441950 376 gossip/client.go:124  [n?] started gossip client to awordaday_node_1:26257
I200320 19:13:41.442841 395 gossip/server.go:227  [n?] received initial cluster-verification connection from a3ae7034442e:26257
I200320 19:13:41.443945 376 gossip/client.go:131  [n?] closing client to awordaday_node_1:26257: stopping outgoing client to n0 (awordaday_node_1:26257); loopback connection
I200320 19:13:42.446236 420 gossip/client.go:124  [n?] started gossip client to awordaday_node_1:26257
I200320 19:13:42.448774 424 gossip/server.go:227  [n?] received initial cluster-verification connection from a3ae7034442e:26257
I200320 19:13:42.451513 420 gossip/client.go:131  [n?] closing client to awordaday_node_1:26257: stopping outgoing client to n0 (awordaday_node_1:26257); loopback connection
I200320 19:13:43.451910 382 gossip/client.go:124  [n?] started gossip client to awordaday_node_1:26257
I200320 19:13:43.452744 397 gossip/server.go:227  [n?] received initial cluster-verification connection from a3ae7034442e:26257
I200320 19:13:43.453183 382 gossip/client.go:131  [n?] closing client to awordaday_node_1:26257: stopping outgoing client to n0 (awordaday_node_1:26257); loopback connection
I200320 19:13:44.453928 412 gossip/client.go:124  [n?] started gossip client to awordaday_node_1:26257
I200320 19:13:44.454729 399 gossip/server.go:227  [n?] received initial cluster-verification connection from a3ae7034442e:26257
I200320 19:13:44.455268 412 gossip/client.go:131  [n?] closing client to awordaday_node_1:26257: stopping outgoing client to n0 (awordaday_node_1:26257); loopback connection
I200320 19:13:45.459059 435 gossip/client.go:124  [n?] started gossip client to awordaday_node_1:26257
I200320 19:13:45.459537 450 gossip/server.go:227  [n?] received initial cluster-verification connection from a3ae7034442e:26257
I200320 19:13:45.459719 435 gossip/client.go:131  [n?] closing client to awordaday_node_1:26257: stopping outgoing client to n0 (awordaday_node_1:26257); loopback connection
I200320 19:13:46.464187 426 gossip/client.go:124  [n?] started gossip client to awordaday_node_1:26257
I200320 19:13:46.465105 416 gossip/server.go:227  [n?] received initial cluster-verification connection from a3ae7034442e:26257
I200320 19:13:46.465720 426 gossip/client.go:131  [n?] closing client to awordaday_node_1:26257: stopping outgoing client to n0 (awordaday_node_1:26257); loopback connection
I200320 19:13:47.469281 427 gossip/client.go:124  [n?] started gossip client to awordaday_node_1:26257
I200320 19:13:47.470317 442 gossip/server.go:227  [n?] received initial cluster-verification connection from a3ae7034442e:26257
I200320 19:13:47.470830 427 gossip/client.go:131  [n?] closing client to awordaday_node_1:26257: stopping outgoing client to n0 (awordaday_node_1:26257); loopback connection
I200320 19:13:48.472156 466 gossip/client.go:124  [n?] started gossip client to awordaday_node_1:26257
I200320 19:13:48.473025 431 gossip/server.go:227  [n?] received initial cluster-verification connection from a3ae7034442e:26257
I200320 19:13:48.473580 466 gossip/client.go:131  [n?] closing client to awordaday_node_1:26257: stopping outgoing client to n0 (awordaday_node_1:26257); loopback connection
I200320 19:13:49.477576 483 gossip/client.go:124  [n?] started gossip client to awordaday_node_1:26257
I200320 19:13:49.478663 487 gossip/server.go:227  [n?] received initial cluster-verification connection from a3ae7034442e:26257
I200320 19:13:49.479125 483 gossip/client.go:131  [n?] closing client to awordaday_node_1:26257: stopping outgoing client to n0 (awordaday_node_1:26257); loopback connection
I200320 19:13:50.483599 488 gossip/client.go:124  [n?] started gossip client to awordaday_node_1:26257
I200320 19:13:50.485570 463 gossip/server.go:227  [n?] received initial cluster-verification connection from a3ae7034442e:26257
I200320 19:13:50.486319 488 gossip/client.go:131  [n?] closing client to awordaday_node_1:26257: stopping outgoing client to n0 (awordaday_node_1:26257); loopback connection
I200320 19:13:51.486331 443 gossip/client.go:124  [n?] started gossip client to awordaday_node_1:26257
I200320 19:13:51.486703 465 gossip/server.go:227  [n?] received initial cluster-verification connection from a3ae7034442e:26257
I200320 19:13:51.487078 443 gossip/client.go:131  [n?] closing client to awordaday_node_1:26257: stopping outgoing client to n0 (awordaday_node_1:26257); loopback connection
I200320 19:13:52.491946 498 gossip/client.go:124  [n?] started gossip client to awordaday_node_1:26257
I200320 19:13:52.493176 502 gossip/server.go:227  [n?] received initial cluster-verification connection from a3ae7034442e:26257
I200320 19:13:52.493812 498 gossip/client.go:131  [n?] closing client to awordaday_node_1:26257: stopping outgoing client to n0 (awordaday_node_1:26257); loopback connection
I200320 19:13:53.497826 469 gossip/client.go:124  [n?] started gossip client to awordaday_node_1:26257
I200320 19:13:53.498683 507 gossip/server.go:227  [n?] received initial cluster-verification connection from a3ae7034442e:26257
I200320 19:13:53.499218 469 gossip/client.go:131  [n?] closing client to awordaday_node_1:26257: stopping outgoing client to n0 (awordaday_node_1:26257); loopback connection
I200320 19:13:54.503253 449 gossip/client.go:124  [n?] started gossip client to awordaday_node_1:26257
I200320 19:13:54.503845 531 gossip/server.go:227  [n?] received initial cluster-verification connection from a3ae7034442e:26257
I200320 19:13:54.504201 449 gossip/client.go:131  [n?] closing client to awordaday_node_1:26257: stopping outgoing client to n0 (awordaday_node_1:26257); loopback connection
I200320 19:13:55.509058 508 gossip/client.go:124  [n?] started gossip client to awordaday_node_1:26257
I200320 19:13:55.509922 537 gossip/server.go:227  [n?] received initial cluster-verification connection from a3ae7034442e:26257
I200320 19:13:55.510712 508 gossip/client.go:131  [n?] closing client to awordaday_node_1:26257: stopping outgoing client to n0 (awordaday_node_1:26257); loopback connection
I200320 19:13:56.513734 541 gossip/client.go:124  [n?] started gossip client to awordaday_node_1:26257
I200320 19:13:56.514419 517 gossip/server.go:227  [n?] received initial cluster-verification connection from a3ae7034442e:26257
I200320 19:13:56.514631 541 gossip/client.go:131  [n?] closing client to awordaday_node_1:26257: stopping outgoing client to n0 (awordaday_node_1:26257); loopback connection
I200320 19:13:57.519840 521 gossip/client.go:124  [n?] started gossip client to awordaday_node_1:26257
I200320 19:13:57.520092 545 gossip/server.go:227  [n?] received initial cluster-verification connection from a3ae7034442e:26257
I200320 19:13:57.520666 521 gossip/client.go:131  [n?] closing client to awordaday_node_1:26257: stopping outgoing client to n0 (awordaday_node_1:26257); loopback connection
I200320 19:13:58.525278 512 gossip/client.go:124  [n?] started gossip client to awordaday_node_1:26257
I200320 19:13:58.525957 476 gossip/server.go:227  [n?] received initial cluster-verification connection from a3ae7034442e:26257
I200320 19:13:58.526368 512 gossip/client.go:131  [n?] closing client to awordaday_node_1:26257: stopping outgoing client to n0 (awordaday_node_1:26257); loopback connection
I200320 19:13:59.528903 480 gossip/client.go:124  [n?] started gossip client to awordaday_node_1:26257
I200320 19:13:59.529412 564 gossip/server.go:227  [n?] received initial cluster-verification connection from a3ae7034442e:26257
I200320 19:13:59.529917 480 gossip/client.go:131  [n?] closing client to awordaday_node_1:26257: stopping outgoing client to n0 (awordaday_node_1:26257); loopback connection
I200320 19:14:00.533962 578 gossip/client.go:124  [n?] started gossip client to awordaday_node_1:26257
I200320 19:14:00.534570 550 gossip/server.go:227  [n?] received initial cluster-verification connection from a3ae7034442e:26257
I200320 19:14:00.535012 578 gossip/client.go:131  [n?] closing client to awordaday_node_1:26257: stopping outgoing client to n0 (awordaday_node_1:26257); loopback connection
I200320 19:14:01.538685 569 gossip/client.go:124  [n?] started gossip client to awordaday_node_1:26257
I200320 19:14:01.539735 525 gossip/server.go:227  [n?] received initial cluster-verification connection from a3ae7034442e:26257
I200320 19:14:01.540601 569 gossip/client.go:131  [n?] closing client to awordaday_node_1:26257: stopping outgoing client to n0 (awordaday_node_1:26257); loopback connection
I200320 19:14:02.545527 579 gossip/client.go:124  [n?] started gossip client to awordaday_node_1:26257
I200320 19:14:02.545683 573 gossip/server.go:227  [n?] received initial cluster-verification connection from a3ae7034442e:26257
I200320 19:14:02.546192 579 gossip/client.go:131  [n?] closing client to awordaday_node_1:26257: stopping outgoing client to n0 (awordaday_node_1:26257); loopback connection
I200320 19:14:03.549643 574 gossip/client.go:124  [n?] started gossip client to awordaday_node_1:26257
I200320 19:14:03.550085 594 gossip/server.go:227  [n?] received initial cluster-verification connection from a3ae7034442e:26257
I200320 19:14:03.550494 574 gossip/client.go:131  [n?] closing client to awordaday_node_1:26257: stopping outgoing client to n0 (awordaday_node_1:26257); loopback connection
I200320 19:14:04.554338 611 gossip/client.go:124  [n?] started gossip client to awordaday_node_1:26257
I200320 19:14:04.555182 583 gossip/server.go:227  [n?] received initial cluster-verification connection from a3ae7034442e:26257
I200320 19:14:04.555725 611 gossip/client.go:131  [n?] closing client to awordaday_node_1:26257: stopping outgoing client to n0 (awordaday_node_1:26257); loopback connection
I200320 19:14:05.557879 584 gossip/client.go:124  [n?] started gossip client to awordaday_node_1:26257
I200320 19:14:05.558277 615 gossip/server.go:227  [n?] received initial cluster-verification connection from a3ae7034442e:26257
I200320 19:14:05.558824 584 gossip/client.go:131  [n?] closing client to awordaday_node_1:26257: stopping outgoing client to n0 (awordaday_node_1:26257); loopback connection
I200320 19:14:06.567123 619 gossip/client.go:124  [n?] started gossip client to awordaday_node_1:26257
I200320 19:14:06.567299 588 gossip/server.go:227  [n?] received initial cluster-verification connection from a3ae7034442e:26257
I200320 19:14:06.567672 619 gossip/client.go:131  [n?] closing client to awordaday_node_1:26257: stopping outgoing client to n0 (awordaday_node_1:26257); loopback connection
I200320 19:14:07.536281 627 gossip/client.go:124  [n?] started gossip client to awordaday_node_1:26257
I200320 19:14:07.537035 631 gossip/server.go:227  [n?] received initial cluster-verification connection from a3ae7034442e:26257
I200320 19:14:07.537708 627 gossip/client.go:131  [n?] closing client to awordaday_node_1:26257: stopping outgoing client to n0 (awordaday_node_1:26257); loopback connection
I200320 19:14:08.540683 598 gossip/client.go:124  [n?] started gossip client to awordaday_node_1:26257
I200320 19:14:08.541781 636 gossip/server.go:227  [n?] received initial cluster-verification connection from a3ae7034442e:26257
I200320 19:14:08.542185 598 gossip/client.go:131  [n?] closing client to awordaday_node_1:26257: stopping outgoing client to n0 (awordaday_node_1:26257); loopback connection
I200320 19:14:09.548598 605 gossip/client.go:124  [n?] started gossip client to awordaday_node_1:26257
I200320 19:14:09.549462 638 gossip/server.go:227  [n?] received initial cluster-verification connection from a3ae7034442e:26257
I200320 19:14:09.550016 605 gossip/client.go:131  [n?] closing client to awordaday_node_1:26257: stopping outgoing client to n0 (awordaday_node_1:26257); loopback connection
I200320 19:14:10.556762 643 gossip/client.go:124  [n?] started gossip client to awordaday_node_1:26257
I200320 19:14:10.557711 640 gossip/server.go:227  [n?] received initial cluster-verification connection from a3ae7034442e:26257
I200320 19:14:10.558867 643 gossip/client.go:131  [n?] closing client to awordaday_node_1:26257: stopping outgoing client to n0 (awordaday_node_1:26257); loopback connection
I200320 19:14:11.563652 641 gossip/client.go:124  [n?] started gossip client to awordaday_node_1:26257
I200320 19:14:11.564034 647 gossip/server.go:227  [n?] received initial cluster-verification connection from a3ae7034442e:26257
I200320 19:14:11.564605 641 gossip/client.go:131  [n?] closing client to awordaday_node_1:26257: stopping outgoing client to n0 (awordaday_node_1:26257); loopback connection
I200320 19:14:12.568655 660 gossip/client.go:124  [n?] started gossip client to awordaday_node_1:26257
I200320 19:14:12.569264 653 gossip/server.go:227  [n?] received initial cluster-verification connection from a3ae7034442e:26257
I200320 19:14:12.569823 660 gossip/client.go:131  [n?] closing client to awordaday_node_1:26257: stopping outgoing client to n0 (awordaday_node_1:26257); loopback connection
I200320 19:14:13.572248 663 gossip/client.go:124  [n?] started gossip client to awordaday_node_1:26257
I200320 19:14:13.573268 593 gossip/server.go:227  [n?] received initial cluster-verification connection from a3ae7034442e:26257
I200320 19:14:13.573609 663 gossip/client.go:131  [n?] closing client to awordaday_node_1:26257: stopping outgoing client to n0 (awordaday_node_1:26257); loopback connection
I200320 19:14:14.575270 625 gossip/client.go:124  [n?] started gossip client to awordaday_node_1:26257
I200320 19:14:14.576046 670 gossip/server.go:227  [n?] received initial cluster-verification connection from a3ae7034442e:26257
I200320 19:14:14.576816 625 gossip/client.go:131  [n?] closing client to awordaday_node_1:26257: stopping outgoing client to n0 (awordaday_node_1:26257); loopback connection
I200320 19:14:15.580043 690 gossip/client.go:124  [n?] started gossip client to awordaday_node_1:26257
I200320 19:14:15.581139 681 gossip/server.go:227  [n?] received initial cluster-verification connection from a3ae7034442e:26257
I200320 19:14:15.581712 690 gossip/client.go:131  [n?] closing client to awordaday_node_1:26257: stopping outgoing client to n0 (awordaday_node_1:26257); loopback connection
I200320 19:14:16.583817 693 gossip/client.go:124  [n?] started gossip client to awordaday_node_1:26257
I200320 19:14:16.584489 655 gossip/server.go:227  [n?] received initial cluster-verification connection from a3ae7034442e:26257
I200320 19:14:16.584879 693 gossip/client.go:131  [n?] closing client to awordaday_node_1:26257: stopping outgoing client to n0 (awordaday_node_1:26257); loopback connection
I200320 19:14:17.584725 707 gossip/client.go:124  [n?] started gossip client to awordaday_node_1:26257
I200320 19:14:17.585283 711 gossip/server.go:227  [n?] received initial cluster-verification connection from a3ae7034442e:26257
I200320 19:14:17.585431 707 gossip/client.go:131  [n?] closing client to awordaday_node_1:26257: stopping outgoing client to n0 (awordaday_node_1:26257); loopback connection
I200320 19:14:17.744451 1 cli/start.go:865  received signal 'terminated'
I200320 19:14:17.744959 1 cli/start.go:930  initiating graceful shutdown of server
I200320 19:14:17.745385 1 cli/start.go:981  too early to drain; used hard shutdown instead
