I200322 03:04:11.680515 1 util/log/clog.go:1196  [config] file created at: 2020/03/22 03:04:11
I200322 03:04:11.680515 1 util/log/clog.go:1196  [config] running on machine: 946488c2575b
I200322 03:04:11.680515 1 util/log/clog.go:1196  [config] binary: CockroachDB CCL v19.2.4 (x86_64-unknown-linux-gnu, built 2020/02/06 21:55:19, go1.12.12)
I200322 03:04:11.680515 1 util/log/clog.go:1196  [config] arguments: [/cockroach/cockroach start --insecure --host=127.0.0.1]
I200322 03:04:11.680515 1 util/log/clog.go:1196  line format: [IWEF]yymmdd hh:mm:ss.uuuuuu goid file:line msg utf8=✓
I200322 03:04:11.680499 1 cli/start.go:1144  logging to directory /cockroach/cockroach-data/logs
W200322 03:04:11.722491 1 cli/start.go:1182  RUNNING IN INSECURE MODE!

- Your cluster is open for any client that can access 127.0.0.1.
- Any user, even root, can log in without providing a password.
- Any user, connecting as root, can read or write any data in your cluster.
- There is no network encryption nor authentication, and thus no confidentiality.

Check out how to secure your cluster: https://www.cockroachlabs.com/docs/v19.2/secure-a-cluster.html
I200322 03:04:11.723015 1 server/status/recorder.go:597  available memory from cgroups is unsupported, using system memory 1.9 GiB instead: failed to find cgroup memory limit
W200322 03:04:11.723314 1 cli/start.go:1052  Using the default setting for --cache (128 MiB).
  A significantly larger value is usually needed for good performance.
  If you have a dedicated server a reasonable setting is --cache=.25 (497 MiB).
I200322 03:04:11.723893 1 server/status/recorder.go:597  available memory from cgroups is unsupported, using system memory 1.9 GiB instead: failed to find cgroup memory limit
W200322 03:04:11.723960 1 cli/start.go:1065  Using the default setting for --max-sql-memory (128 MiB).
  A significantly larger value is usually needed in production.
  If you have a dedicated server a reasonable setting is --max-sql-memory=.25 (497 MiB).
I200322 03:04:11.724626 1 server/status/recorder.go:597  available memory from cgroups is unsupported, using system memory 1.9 GiB instead: failed to find cgroup memory limit
I200322 03:04:11.724749 1 cli/start.go:1196  CockroachDB CCL v19.2.4 (x86_64-unknown-linux-gnu, built 2020/02/06 21:55:19, go1.12.12)
W200322 03:04:12.106152 1 cli/start.go:511  running 'cockroach start' without --join is deprecated.
Consider using 'cockroach start-single-node' or 'cockroach init' instead.
I200322 03:04:12.143049 1 server/status/recorder.go:597  available memory from cgroups is unsupported, using system memory 1.9 GiB instead: failed to find cgroup memory limit
I200322 03:04:12.143106 1 server/config.go:394  system total memory: 1.9 GiB
I200322 03:04:12.143185 1 server/config.go:396  server configuration:
max offset             500000000
cache size             128 MiB
SQL memory pool size   128 MiB
scan interval          10m0s
scan min idle time     10ms
scan max idle time     1s
event log enabled      true
I200322 03:04:12.143240 1 cli/start.go:1030  using local environment variables: COCKROACH_CHANNEL=official-docker, COCKROACH_USER=root
I200322 03:04:12.143312 1 cli/start.go:1037  process identity: uid 0 euid 0 gid 0 egid 0
I200322 03:04:12.143437 1 cli/start.go:644  starting cockroach node
I200322 03:04:12.149068 16 storage/engine/rocksdb.go:622  opening rocksdb instance at "/cockroach/cockroach-data/cockroach-temp469638688"
I200322 03:04:12.495457 16 server/server.go:928  [n?] monitoring forward clock jumps based on server.clock.forward_jump_check_enabled
I200322 03:04:12.500735 16 storage/engine/rocksdb.go:622  opening rocksdb instance at "/cockroach/cockroach-data"
I200322 03:04:12.725315 16 server/config.go:502  [n?] 1 storage engine initialized
I200322 03:04:12.725355 16 server/config.go:505  [n?] RocksDB cache size: 128 MiB
I200322 03:04:12.725391 16 server/config.go:505  [n?] store 0: RocksDB, max size 0 B, max open file limit 1043576
I200322 03:04:12.759181 16 server/server.go:1386  [n?] no stores bootstrapped and --join flag specified, awaiting init command or join with an already initialized node.
I200322 03:04:12.759263 16 server/server.go:1396  [n?] **** add additional nodes by specifying --join=127.0.0.1:26257
I200322 03:04:12.828840 16 server/node.go:326  [n?] **** cluster 72efe42b-26c1-40d2-9416-d246996c4d4d has been created
I200322 03:04:12.830259 16 gossip/gossip.go:394  [n1] NodeDescriptor set to node_id:1 address:<network_field:"tcp" address_field:"127.0.0.1:26257" > attrs:<> locality:<> ServerVersion:<major_val:19 minor_val:2 patch:0 unstable:0 > build_tag:"v19.2.4" started_at:1584846252829340500 cluster_name:"" sql_address:<network_field:"tcp" address_field:"127.0.0.1:26257" > 
W200322 03:04:12.920457 138 storage/store.go:1530  [n1,s1,r6/1:/Table/{SystemCon…-11}] could not gossip system config: [NotLeaseHolderError] r6: replica (n1,s1):1 not lease holder; lease holder unknown
W200322 03:04:12.975054 138 storage/store.go:1530  [n1,s1,r6/1:/Table/{SystemCon…-11}] could not gossip system config: [NotLeaseHolderError] r6: replica (n1,s1):1 not lease holder; lease holder unknown
W200322 03:04:13.086508 138 storage/store.go:1530  [n1,s1,r6/1:/Table/{SystemCon…-11}] could not gossip system config: [NotLeaseHolderError] r6: replica (n1,s1):1 not lease holder; lease holder unknown
I200322 03:04:13.121911 16 server/node.go:431  [n1] initialized store [n1,s1]: disk (capacity=116 TiB, available=79 TiB, used=3.1 MiB, logicalBytes=11 KiB), ranges=24, leases=2, queries=0.00, writes=0.00, bytesPerReplica={p10=0.00 p25=0.00 p50=0.00 p75=0.00 p90=166.00 pMax=9955.00}, writesPerReplica={p10=0.00 p25=0.00 p50=0.00 p75=0.00 p90=0.00 pMax=0.00}
I200322 03:04:13.122093 16 storage/stores.go:240  [n1] read 0 node addresses from persistent storage
I200322 03:04:13.122969 16 server/node.go:645  [n1] connecting to gossip network to verify cluster ID...
I200322 03:04:13.123034 16 server/node.go:665  [n1] node connected via gossip and verified as part of cluster "72efe42b-26c1-40d2-9416-d246996c4d4d"
I200322 03:04:13.123155 16 server/node.go:512  [n1] node=1: started with [<no-attributes>=/cockroach/cockroach-data] engine(s) and attributes []
I200322 03:04:13.129044 16 server/server.go:1514  [n1] starting http server at 127.0.0.1:8080 (use: 127.0.0.1:8080)
I200322 03:04:13.129106 16 server/server.go:1521  [n1] starting grpc/postgres server at 127.0.0.1:26257
I200322 03:04:13.129194 16 server/server.go:1522  [n1] advertising CockroachDB node at 127.0.0.1:26257
I200322 03:04:13.692092 210 sql/event_log.go:130  [n1,intExec=optInToDiagnosticsStatReporting] Event: "set_cluster_setting", target: 0, info: {SettingName:diagnostics.reporting.enabled Value:true User:root}
I200322 03:04:13.942667 311 sql/event_log.go:130  [n1,intExec=set-setting] Event: "set_cluster_setting", target: 0, info: {SettingName:version Value:19.2 User:root}
I200322 03:04:14.017606 368 sql/event_log.go:130  [n1,intExec=disableNetTrace] Event: "set_cluster_setting", target: 0, info: {SettingName:trace.debug.enable Value:false User:root}
I200322 03:04:14.175698 607 sql/event_log.go:130  [n1,intExec=initializeClusterSecret] Event: "set_cluster_setting", target: 0, info: {SettingName:cluster.secret Value:421c6ae8-bcc7-4184-a2ba-76988ee924bd User:root}
I200322 03:04:14.229274 676 sql/event_log.go:130  [n1,intExec=create-default-db] Event: "create_database", target: 50, info: {DatabaseName:defaultdb Statement:CREATE DATABASE IF NOT EXISTS defaultdb User:root}
I200322 03:04:14.246499 681 sql/event_log.go:130  [n1,intExec=create-default-db] Event: "create_database", target: 51, info: {DatabaseName:postgres Statement:CREATE DATABASE IF NOT EXISTS postgres User:root}
I200322 03:04:14.359632 16 server/server.go:1590  [n1] done ensuring all necessary migrations have run
I200322 03:04:14.359744 16 server/server.go:1841  [n1] serving sql connections
I200322 03:04:14.360105 16 cli/start.go:803  [config] clusterID: 72efe42b-26c1-40d2-9416-d246996c4d4d
I200322 03:04:14.360186 16 cli/start.go:812  node startup completed:
CockroachDB node starting at 2020-03-22 03:04:14.3597965 +0000 UTC (took 2.7s)
build:               CCL v19.2.4 @ 2020/02/06 21:55:19 (go1.12.12)
webui:               http://127.0.0.1:8080
sql:                 postgresql://root@127.0.0.1:26257?sslmode=disable
RPC client flags:    /cockroach/cockroach <client cmd> --host=127.0.0.1:26257 --insecure
logs:                /cockroach/cockroach-data/logs
temp dir:            /cockroach/cockroach-data/cockroach-temp469638688
external I/O path:   /cockroach/cockroach-data/extern
store[0]:            path=/cockroach/cockroach-data
status:              initialized new cluster
clusterID:           72efe42b-26c1-40d2-9416-d246996c4d4d
nodeID:              1
I200322 03:04:14.371471 720 sql/event_log.go:130  [n1] Event: "node_join", target: 1, info: {Descriptor:{NodeID:1 Address:127.0.0.1:26257 Attrs: Locality: ServerVersion:19.2 BuildTag:v19.2.4 StartedAt:1584846252829340500 LocalityAddress:[] ClusterName: SQLAddress:127.0.0.1:26257} ClusterID:72efe42b-26c1-40d2-9416-d246996c4d4d StartedAt:1584846252829340500 LastUp:1584846252829340500}
I200322 03:04:14.376018 718 server/server_update.go:53  [n1] no need to upgrade, cluster already at the newest version
I200322 03:04:14.484167 70 gossip/gossip.go:1531  [n1] node has connected to cluster via gossip
I200322 03:04:14.484865 70 storage/stores.go:259  [n1] wrote 0 node addresses to persistent storage
I200322 03:04:23.094804 167 server/status/runtime.go:498  [n1] runtime stats: 114 MiB RSS, 141 goroutines, 97 MiB/26 MiB/135 MiB GO alloc/idle/total, 13 MiB/17 MiB CGO alloc/total, 0.0 CGO/sec, 0.0/0.0 %(u/s)time, 0.0 %gc (9x), 27 KiB/24 KiB (r/w)net
I200322 03:04:24.944672 1115 storage/replica_consistency.go:229  [n1,consistencyChecker,s1,r4/1:/System{/tsd-tse}] triggering stats recomputation to resolve delta of {ContainsEstimates:true LastUpdateNanos:1584846263193417600 IntentAge:0 GCBytesAge:0 LiveBytes:-7723 LiveCount:-664 KeyBytes:-32119 KeyCount:-664 ValBytes:24396 ValCount:-664 IntentBytes:0 IntentCount:0 SysBytes:0 SysCount:0}
I200322 03:04:33.095699 167 server/status/runtime.go:498  [n1] runtime stats: 124 MiB RSS, 141 goroutines, 106 MiB/17 MiB/135 MiB GO alloc/idle/total, 12 MiB/17 MiB CGO alloc/total, 226.1 CGO/sec, 1.8/2.0 %(u/s)time, 0.0 %gc (0x), 6.5 KiB/6.3 KiB (r/w)net
I200322 03:04:33.167907 162 storage/store.go:2364  [n1,s1] sstables (read amplification = 0):
I200322 03:04:33.168009 162 storage/store.go:2365  [n1,s1] 
** Compaction Stats [default] **
Level    Files   Size     Score Read(GB)  Rn(GB) Rnp1(GB) Write(GB) Wnew(GB) Moved(GB) W-Amp Rd(MB/s) Wr(MB/s) Comp(sec) CompMergeCPU(sec) Comp(cnt) Avg(sec) KeyIn KeyDrop
----------------------------------------------------------------------------------------------------------------------------------------------------------------------------
 Sum      0/0    0.00 KB   0.0      0.0     0.0      0.0       0.0      0.0       0.0   0.0      0.0      0.0      0.00              0.00         0    0.000       0      0
 Int      0/0    0.00 KB   0.0      0.0     0.0      0.0       0.0      0.0       0.0   0.0      0.0      0.0      0.00              0.00         0    0.000       0      0

** Compaction Stats [default] **
Priority    Files   Size     Score Read(GB)  Rn(GB) Rnp1(GB) Write(GB) Wnew(GB) Moved(GB) W-Amp Rd(MB/s) Wr(MB/s) Comp(sec) CompMergeCPU(sec) Comp(cnt) Avg(sec) KeyIn KeyDrop
-------------------------------------------------------------------------------------------------------------------------------------------------------------------------------
Uptime(secs): 20.6 total, 20.6 interval
Flush(GB): cumulative 0.000, interval 0.000
AddFile(GB): cumulative 0.000, interval 0.000
AddFile(Total Files): cumulative 0, interval 0
AddFile(L0 Files): cumulative 0, interval 0
AddFile(Keys): cumulative 0, interval 0
Cumulative compaction: 0.00 GB write, 0.00 MB/s write, 0.00 GB read, 0.00 MB/s read, 0.0 seconds
Interval compaction: 0.00 GB write, 0.00 MB/s write, 0.00 GB read, 0.00 MB/s read, 0.0 seconds
Stalls(count): 0 level0_slowdown, 0 level0_slowdown_with_compaction, 0 level0_numfiles, 0 level0_numfiles_with_compaction, 0 stop for pending_compaction_bytes, 0 slowdown for pending_compaction_bytes, 0 memtable_compaction, 0 memtable_slowdown, interval 0 total count
estimated_pending_compaction_bytes: 0 B
I200322 03:04:43.095889 167 server/status/runtime.go:498  [n1] runtime stats: 133 MiB RSS, 141 goroutines, 114 MiB/9.0 MiB/135 MiB GO alloc/idle/total, 12 MiB/17 MiB CGO alloc/total, 54.8 CGO/sec, 1.0/1.9 %(u/s)time, 0.0 %gc (0x), 2.9 KiB/2.9 KiB (r/w)net
I200322 03:04:53.061600 167 server/status/runtime.go:498  [n1] runtime stats: 141 MiB RSS, 142 goroutines, 80 MiB/38 MiB/135 MiB GO alloc/idle/total, 12 MiB/17 MiB CGO alloc/total, 28.7 CGO/sec, 1.2/1.8 %(u/s)time, 0.0 %gc (1x), 1.8 KiB/1.7 KiB (r/w)net
I200322 03:05:03.062847 167 server/status/runtime.go:498  [n1] runtime stats: 141 MiB RSS, 142 goroutines, 87 MiB/32 MiB/135 MiB GO alloc/idle/total, 12 MiB/17 MiB CGO alloc/total, 24.7 CGO/sec, 0.9/1.4 %(u/s)time, 0.0 %gc (0x), 1.0 KiB/1.0 KiB (r/w)net
I200322 03:05:13.055543 163 gossip/gossip.go:566  [n1] gossip status (ok, 1 node)
gossip client (0/3 cur/max conns)
gossip server (0/3 cur/max conns, infos 0/0 sent/received, bytes 0B/0B sent/received)
gossip connectivity
  n1 [sentinel];
I200322 03:05:13.066773 167 server/status/runtime.go:498  [n1] runtime stats: 142 MiB RSS, 144 goroutines, 94 MiB/26 MiB/135 MiB GO alloc/idle/total, 12 MiB/17 MiB CGO alloc/total, 32.7 CGO/sec, 1.1/1.5 %(u/s)time, 0.0 %gc (0x), 1.5 KiB/1.4 KiB (r/w)net
I200322 03:05:23.029251 167 server/status/runtime.go:498  [n1] runtime stats: 143 MiB RSS, 141 goroutines, 102 MiB/20 MiB/135 MiB GO alloc/idle/total, 13 MiB/17 MiB CGO alloc/total, 67.2 CGO/sec, 1.2/1.9 %(u/s)time, 0.0 %gc (0x), 1.4 KiB/1.5 KiB (r/w)net
I200322 03:05:28.699602 1 cli/start.go:865  received signal 'terminated'
I200322 03:05:28.700145 1 cli/start.go:930  initiating graceful shutdown of server
I200322 03:05:28.709228 1941 util/stop/stopper.go:542  [server drain process] quiescing; tasks left:
1      [async] intent_resolver_ir_batcher
1      [async] intent_resolver_gc_batcher
1      [async] closedts-rangefeed-subscriber
I200322 03:05:28.712585 1941 storage/engine/rocksdb.go:762  closing rocksdb instance at "/cockroach/cockroach-data/cockroach-temp469638688"
I200322 03:05:28.748877 1941 storage/engine/rocksdb.go:762  closing rocksdb instance at "/cockroach/cockroach-data"
I200322 03:05:28.761106 1 cli/start.go:976  server drained and shutdown completed
