I200322 03:07:40.452449 1 util/log/clog.go:1196  [config] file created at: 2020/03/22 03:07:40
I200322 03:07:40.452449 1 util/log/clog.go:1196  [config] running on machine: 84191fd19e48
I200322 03:07:40.452449 1 util/log/clog.go:1196  [config] binary: CockroachDB CCL v19.2.4 (x86_64-unknown-linux-gnu, built 2020/02/06 21:55:19, go1.12.12)
I200322 03:07:40.452449 1 util/log/clog.go:1196  [config] arguments: [/cockroach/cockroach start --insecure --host=127.0.0.1 --join=node_1]
I200322 03:07:40.452449 1 util/log/clog.go:1196  line format: [IWEF]yymmdd hh:mm:ss.uuuuuu goid file:line msg utf8=✓
I200322 03:07:40.451897 1 cli/start.go:1144  logging to directory /cockroach/cockroach-data/logs
W200322 03:07:40.461965 1 cli/start.go:1182  RUNNING IN INSECURE MODE!

- Your cluster is open for any client that can access 127.0.0.1.
- Any user, even root, can log in without providing a password.
- Any user, connecting as root, can read or write any data in your cluster.
- There is no network encryption nor authentication, and thus no confidentiality.

Check out how to secure your cluster: https://www.cockroachlabs.com/docs/v19.2/secure-a-cluster.html
I200322 03:07:40.462518 1 server/status/recorder.go:597  available memory from cgroups is unsupported, using system memory 1.9 GiB instead: failed to find cgroup memory limit
W200322 03:07:40.462617 1 cli/start.go:1052  Using the default setting for --cache (128 MiB).
  A significantly larger value is usually needed for good performance.
  If you have a dedicated server a reasonable setting is --cache=.25 (497 MiB).
I200322 03:07:40.462846 1 server/status/recorder.go:597  available memory from cgroups is unsupported, using system memory 1.9 GiB instead: failed to find cgroup memory limit
W200322 03:07:40.462969 1 cli/start.go:1065  Using the default setting for --max-sql-memory (128 MiB).
  A significantly larger value is usually needed in production.
  If you have a dedicated server a reasonable setting is --max-sql-memory=.25 (497 MiB).
I200322 03:07:40.463506 1 server/status/recorder.go:597  available memory from cgroups is unsupported, using system memory 1.9 GiB instead: failed to find cgroup memory limit
I200322 03:07:40.463945 1 cli/start.go:1196  CockroachDB CCL v19.2.4 (x86_64-unknown-linux-gnu, built 2020/02/06 21:55:19, go1.12.12)
I200322 03:07:40.757751 1 server/status/recorder.go:597  available memory from cgroups is unsupported, using system memory 1.9 GiB instead: failed to find cgroup memory limit
I200322 03:07:40.757882 1 server/config.go:394  system total memory: 1.9 GiB
I200322 03:07:40.757942 1 server/config.go:396  server configuration:
max offset             500000000
cache size             128 MiB
SQL memory pool size   128 MiB
scan interval          10m0s
scan min idle time     10ms
scan max idle time     1s
event log enabled      true
I200322 03:07:40.757981 1 cli/start.go:1030  using local environment variables: COCKROACH_USER=root, COCKROACH_CHANNEL=official-docker
I200322 03:07:40.758018 1 cli/start.go:1037  process identity: uid 0 euid 0 gid 0 egid 0
I200322 03:07:40.758113 1 cli/start.go:644  starting cockroach node
I200322 03:07:40.761751 25 storage/engine/rocksdb.go:622  opening rocksdb instance at "/cockroach/cockroach-data/cockroach-temp175216112"
I200322 03:07:41.019738 25 server/server.go:928  [n?] monitoring forward clock jumps based on server.clock.forward_jump_check_enabled
I200322 03:07:41.022706 25 storage/engine/rocksdb.go:622  opening rocksdb instance at "/cockroach/cockroach-data"
I200322 03:07:41.219070 25 server/config.go:502  [n?] 1 storage engine initialized
I200322 03:07:41.219138 25 server/config.go:505  [n?] RocksDB cache size: 128 MiB
I200322 03:07:41.219175 25 server/config.go:505  [n?] store 0: RocksDB, max size 0 B, max open file limit 1043576
W200322 03:07:41.244065 25 gossip/gossip.go:1517  [n?] no incoming or outgoing connections
I200322 03:07:41.246741 25 server/server.go:978  [n?] Sleeping till wall time 1584846461246661100 to catches up to 1584846461519647501 to ensure monotonicity. Delta: 272.986401ms
W200322 03:07:41.250239 58 vendor/google.golang.org/grpc/clientconn.go:1206  grpc: addrConn.createTransport failed to connect to {node_1:26257 0  <nil>}. Err :connection error: desc = "transport: Error while dialing dial tcp 172.22.0.2:26257: connect: connection refused". Reconnecting...
I200322 03:07:41.250727 36 vendor/github.com/cockroachdb/circuitbreaker/circuitbreaker.go:322  [n?] circuitbreaker: gossip 127.0.0.1:26257->node_1:26257 tripped: initial connection heartbeat failed: rpc error: code = Unavailable desc = all SubConns are in TransientFailure, latest connection error: connection error: desc = "transport: Error while dialing dial tcp 172.22.0.2:26257: connect: connection refused"
I200322 03:07:41.250890 36 vendor/github.com/cockroachdb/circuitbreaker/circuitbreaker.go:447  [n?] circuitbreaker: gossip 127.0.0.1:26257->node_1:26257 event: BreakerTripped
W200322 03:07:41.251108 36 gossip/client.go:118  [n?] failed to start gossip client to node_1:26257: initial connection heartbeat failed: rpc error: code = Unavailable desc = all SubConns are in TransientFailure, latest connection error: connection error: desc = "transport: Error while dialing dial tcp 172.22.0.2:26257: connect: connection refused"
I200322 03:07:41.526418 25 gossip/gossip.go:394  [n1] NodeDescriptor set to node_id:1 address:<network_field:"tcp" address_field:"127.0.0.1:26257" > attrs:<> locality:<> ServerVersion:<major_val:19 minor_val:2 patch:0 unstable:0 > build_tag:"v19.2.4" started_at:1584846461524473000 cluster_name:"" sql_address:<network_field:"tcp" address_field:"127.0.0.1:26257" > 
W200322 03:07:41.580944 145 storage/replica_range_lease.go:554  can't determine lease status due to node liveness error: node not in the liveness table
github.com/cockroachdb/cockroach/pkg/storage.init.ializers
	/go/src/github.com/cockroachdb/cockroach/pkg/storage/node_liveness.go:44
runtime.main
	/usr/local/go/src/runtime/proc.go:188
runtime.goexit
	/usr/local/go/src/runtime/asm_amd64.s:1337
W200322 03:07:41.581099 145 storage/store.go:1530  [n1,s1,r6/1:/Table/{SystemCon…-11}] could not gossip system config: [NotLeaseHolderError] r6: replica (n1,s1):1 not lease holder; lease holder unknown
I200322 03:07:41.718159 25 server/node.go:431  [n1] initialized store [n1,s1]: disk (capacity=116 TiB, available=79 TiB, used=3.4 MiB, logicalBytes=491 KiB), ranges=24, leases=2, queries=0.00, writes=0.00, bytesPerReplica={p10=0.00 p25=0.00 p50=0.00 p75=1089.00 p90=12124.00 pMax=452727.00}, writesPerReplica={p10=0.00 p25=0.00 p50=0.00 p75=0.00 p90=0.00 pMax=0.00}
I200322 03:07:41.718499 25 storage/stores.go:240  [n1] read 0 node addresses from persistent storage
I200322 03:07:41.718699 25 server/node.go:645  [n1] connecting to gossip network to verify cluster ID...
I200322 03:07:41.718757 25 server/node.go:665  [n1] node connected via gossip and verified as part of cluster "72efe42b-26c1-40d2-9416-d246996c4d4d"
I200322 03:07:41.719011 25 server/node.go:512  [n1] node=1: started with [<no-attributes>=/cockroach/cockroach-data] engine(s) and attributes []
I200322 03:07:41.722184 25 server/server.go:1514  [n1] starting http server at 127.0.0.1:8080 (use: 127.0.0.1:8080)
I200322 03:07:41.722220 25 server/server.go:1521  [n1] starting grpc/postgres server at 127.0.0.1:26257
I200322 03:07:41.722255 25 server/server.go:1522  [n1] advertising CockroachDB node at 127.0.0.1:26257
I200322 03:07:41.791896 187 storage/node_liveness.go:474  [n1,liveness-hb] heartbeat failed on epoch increment; retrying
I200322 03:07:41.884681 25 server/server.go:1590  [n1] done ensuring all necessary migrations have run
I200322 03:07:41.885277 25 server/server.go:1841  [n1] serving sql connections
I200322 03:07:41.886412 25 cli/start.go:803  [config] clusterID: 72efe42b-26c1-40d2-9416-d246996c4d4d
I200322 03:07:41.886725 25 cli/start.go:812  node startup completed:
CockroachDB node starting at 2020-03-22 03:07:41.8854545 +0000 UTC (took 1.4s)
build:               CCL v19.2.4 @ 2020/02/06 21:55:19 (go1.12.12)
webui:               http://127.0.0.1:8080
sql:                 postgresql://root@127.0.0.1:26257?sslmode=disable
RPC client flags:    /cockroach/cockroach <client cmd> --host=127.0.0.1:26257 --insecure
logs:                /cockroach/cockroach-data/logs
temp dir:            /cockroach/cockroach-data/cockroach-temp175216112
external I/O path:   /cockroach/cockroach-data/extern
store[0]:            path=/cockroach/cockroach-data
status:              restarted pre-existing node
clusterID:           72efe42b-26c1-40d2-9416-d246996c4d4d
nodeID:              1
I200322 03:07:41.943006 177 server/server_update.go:53  [n1] no need to upgrade, cluster already at the newest version
I200322 03:07:41.948561 211 sql/event_log.go:130  [n1] Event: "node_restart", target: 1, info: {Descriptor:{NodeID:1 Address:127.0.0.1:26257 Attrs: Locality: ServerVersion:19.2 BuildTag:v19.2.4 StartedAt:1584846461524473000 LocalityAddress:[] ClusterName: SQLAddress:127.0.0.1:26257} ClusterID:72efe42b-26c1-40d2-9416-d246996c4d4d StartedAt:1584846461524473000 LastUp:1584846408065340900}
I200322 03:07:42.248918 56 gossip/gossip.go:1531  [n1] node has connected to cluster via gossip
I200322 03:07:42.249143 56 storage/stores.go:259  [n1] wrote 0 node addresses to persistent storage
W200322 03:07:42.250676 58 vendor/google.golang.org/grpc/clientconn.go:1206  grpc: addrConn.createTransport failed to connect to {node_1:26257 0  <nil>}. Err :connection error: desc = "transport: Error while dialing cannot reuse client connection". Reconnecting...
I200322 03:07:51.690259 181 server/status/runtime.go:498  [n1] runtime stats: 104 MiB RSS, 137 goroutines, 89 MiB/34 MiB/133 MiB GO alloc/idle/total, 14 MiB/18 MiB CGO alloc/total, 0.0 CGO/sec, 0.0/0.0 %(u/s)time, 0.0 %gc (9x), 14 KiB/12 KiB (r/w)net
I200322 03:08:01.690173 181 server/status/runtime.go:498  [n1] runtime stats: 111 MiB RSS, 131 goroutines, 97 MiB/26 MiB/135 MiB GO alloc/idle/total, 14 MiB/18 MiB CGO alloc/total, 56.3 CGO/sec, 1.4/1.7 %(u/s)time, 0.0 %gc (0x), 896 B/894 B (r/w)net
I200322 03:08:01.781205 95 storage/store.go:2364  [n1,s1] sstables (read amplification = 1):
6 [ 76K 1 ]: 76K
I200322 03:08:01.781420 95 storage/store.go:2365  [n1,s1] 
** Compaction Stats [default] **
Level    Files   Size     Score Read(GB)  Rn(GB) Rnp1(GB) Write(GB) Wnew(GB) Moved(GB) W-Amp Rd(MB/s) Wr(MB/s) Comp(sec) CompMergeCPU(sec) Comp(cnt) Avg(sec) KeyIn KeyDrop
----------------------------------------------------------------------------------------------------------------------------------------------------------------------------
  L0      0/0    0.00 KB   0.0      0.0     0.0      0.0       0.0      0.0       0.0   1.0      0.0      1.3      0.04              0.00         1    0.039       0      0
  L6      1/0   76.43 KB   0.0      0.0     0.0      0.0       0.0      0.0       0.0   0.6      3.1      1.8      0.04              0.02         1    0.041    2643    505
 Sum      1/0   76.43 KB   0.0      0.0     0.0      0.0       0.0      0.0       0.0   2.5      1.6      1.6      0.08              0.02         2    0.040    2643    505
 Int      0/0    0.00 KB   0.0      0.0     0.0      0.0       0.0      0.0       0.0   2.5      1.6      1.6      0.08              0.02         2    0.040    2643    505

** Compaction Stats [default] **
Priority    Files   Size     Score Read(GB)  Rn(GB) Rnp1(GB) Write(GB) Wnew(GB) Moved(GB) W-Amp Rd(MB/s) Wr(MB/s) Comp(sec) CompMergeCPU(sec) Comp(cnt) Avg(sec) KeyIn KeyDrop
-------------------------------------------------------------------------------------------------------------------------------------------------------------------------------
 Low      0/0    0.00 KB   0.0      0.0     0.0      0.0       0.0      0.0       0.0   0.0      3.1      1.8      0.04              0.02         1    0.041    2643    505
User      0/0    0.00 KB   0.0      0.0     0.0      0.0       0.0      0.0       0.0   0.0      0.0      1.3      0.04              0.00         1    0.039       0      0
Uptime(secs): 20.7 total, 20.7 interval
Flush(GB): cumulative 0.000, interval 0.000
AddFile(GB): cumulative 0.000, interval 0.000
AddFile(Total Files): cumulative 0, interval 0
AddFile(L0 Files): cumulative 0, interval 0
AddFile(Keys): cumulative 0, interval 0
Cumulative compaction: 0.00 GB write, 0.01 MB/s write, 0.00 GB read, 0.01 MB/s read, 0.1 seconds
Interval compaction: 0.00 GB write, 0.01 MB/s write, 0.00 GB read, 0.01 MB/s read, 0.1 seconds
Stalls(count): 0 level0_slowdown, 0 level0_slowdown_with_compaction, 0 level0_numfiles, 0 level0_numfiles_with_compaction, 0 stop for pending_compaction_bytes, 0 slowdown for pending_compaction_bytes, 0 memtable_compaction, 0 memtable_slowdown, interval 0 total count
estimated_pending_compaction_bytes: 0 B
I200322 03:08:11.690522 181 server/status/runtime.go:498  [n1] runtime stats: 120 MiB RSS, 131 goroutines, 105 MiB/18 MiB/135 MiB GO alloc/idle/total, 14 MiB/18 MiB CGO alloc/total, 37.5 CGO/sec, 0.9/1.7 %(u/s)time, 0.0 %gc (0x), 482 B/312 B (r/w)net
I200322 03:08:21.657525 181 server/status/runtime.go:498  [n1] runtime stats: 129 MiB RSS, 132 goroutines, 113 MiB/10 MiB/135 MiB GO alloc/idle/total, 14 MiB/18 MiB CGO alloc/total, 24.5 CGO/sec, 0.9/1.5 %(u/s)time, 0.0 %gc (0x), 370 B/510 B (r/w)net
I200322 03:08:31.657348 181 server/status/runtime.go:498  [n1] runtime stats: 135 MiB RSS, 132 goroutines, 79 MiB/42 MiB/135 MiB GO alloc/idle/total, 14 MiB/18 MiB CGO alloc/total, 30.3 CGO/sec, 1.1/2.1 %(u/s)time, 0.0 %gc (1x), 0 B/0 B (r/w)net
I200322 03:08:41.651421 96 gossip/gossip.go:566  [n1] gossip status (ok, 1 node)
gossip client (0/3 cur/max conns)
gossip server (0/3 cur/max conns, infos 0/0 sent/received, bytes 0B/0B sent/received)
gossip connectivity
  n1 [sentinel];
I200322 03:08:41.657271 181 server/status/runtime.go:498  [n1] runtime stats: 136 MiB RSS, 134 goroutines, 86 MiB/36 MiB/135 MiB GO alloc/idle/total, 14 MiB/18 MiB CGO alloc/total, 22.0 CGO/sec, 0.9/1.2 %(u/s)time, 0.0 %gc (0x), 412 B/312 B (r/w)net
I200322 03:08:51.625001 181 server/status/runtime.go:498  [n1] runtime stats: 137 MiB RSS, 131 goroutines, 93 MiB/29 MiB/135 MiB GO alloc/idle/total, 14 MiB/19 MiB CGO alloc/total, 48.8 CGO/sec, 1.2/2.0 %(u/s)time, 0.0 %gc (0x), 70 B/126 B (r/w)net
I200322 03:09:01.624777 181 server/status/runtime.go:498  [n1] runtime stats: 137 MiB RSS, 131 goroutines, 99 MiB/24 MiB/135 MiB GO alloc/idle/total, 14 MiB/19 MiB CGO alloc/total, 25.0 CGO/sec, 0.9/1.7 %(u/s)time, 0.0 %gc (0x), 178 B/0 B (r/w)net
I200322 03:09:11.625335 181 server/status/runtime.go:498  [n1] runtime stats: 139 MiB RSS, 131 goroutines, 105 MiB/18 MiB/135 MiB GO alloc/idle/total, 14 MiB/19 MiB CGO alloc/total, 28.5 CGO/sec, 0.8/1.7 %(u/s)time, 0.0 %gc (0x), 42 B/42 B (r/w)net
I200322 03:09:21.592023 181 server/status/runtime.go:498  [n1] runtime stats: 140 MiB RSS, 132 goroutines, 112 MiB/12 MiB/135 MiB GO alloc/idle/total, 14 MiB/19 MiB CGO alloc/total, 24.2 CGO/sec, 0.8/1.6 %(u/s)time, 0.0 %gc (0x), 0 B/0 B (r/w)net
I200322 03:09:31.591677 181 server/status/runtime.go:498  [n1] runtime stats: 140 MiB RSS, 132 goroutines, 118 MiB/5.7 MiB/135 MiB GO alloc/idle/total, 14 MiB/19 MiB CGO alloc/total, 27.1 CGO/sec, 0.9/1.4 %(u/s)time, 0.0 %gc (0x), 412 B/312 B (r/w)net
I200322 03:09:41.582833 96 gossip/gossip.go:566  [n1] gossip status (ok, 1 node)
gossip client (0/3 cur/max conns)
gossip server (0/3 cur/max conns, infos 0/0 sent/received, bytes 0B/0B sent/received)
I200322 03:09:41.592979 181 server/status/runtime.go:498  [n1] runtime stats: 146 MiB RSS, 132 goroutines, 125 MiB/62 MiB/201 MiB GO alloc/idle/total, 14 MiB/19 MiB CGO alloc/total, 25.5 CGO/sec, 0.9/1.7 %(u/s)time, 0.0 %gc (0x), 0 B/126 B (r/w)net
I200322 03:09:51.559055 181 server/status/runtime.go:498  [n1] runtime stats: 156 MiB RSS, 131 goroutines, 134 MiB/53 MiB/201 MiB GO alloc/idle/total, 14 MiB/19 MiB CGO alloc/total, 51.7 CGO/sec, 1.1/1.9 %(u/s)time, 0.0 %gc (0x), 70 B/0 B (r/w)net
I200322 03:10:01.558877 181 server/status/runtime.go:498  [n1] runtime stats: 159 MiB RSS, 131 goroutines, 82 MiB/102 MiB/201 MiB GO alloc/idle/total, 14 MiB/19 MiB CGO alloc/total, 28.6 CGO/sec, 1.1/2.0 %(u/s)time, 0.0 %gc (1x), 0 B/0 B (r/w)net
I200322 03:10:11.559530 181 server/status/runtime.go:498  [n1] runtime stats: 159 MiB RSS, 131 goroutines, 88 MiB/97 MiB/201 MiB GO alloc/idle/total, 14 MiB/19 MiB CGO alloc/total, 22.3 CGO/sec, 0.8/1.7 %(u/s)time, 0.0 %gc (0x), 70 B/0 B (r/w)net
I200322 03:10:21.525437 181 server/status/runtime.go:498  [n1] runtime stats: 159 MiB RSS, 132 goroutines, 95 MiB/91 MiB/201 MiB GO alloc/idle/total, 14 MiB/19 MiB CGO alloc/total, 27.1 CGO/sec, 0.7/1.6 %(u/s)time, 0.0 %gc (0x), 0 B/0 B (r/w)net
I200322 03:10:31.525798 181 server/status/runtime.go:498  [n1] runtime stats: 160 MiB RSS, 132 goroutines, 101 MiB/85 MiB/201 MiB GO alloc/idle/total, 14 MiB/19 MiB CGO alloc/total, 24.6 CGO/sec, 0.9/1.2 %(u/s)time, 0.0 %gc (0x), 412 B/312 B (r/w)net
I200322 03:10:41.515241 96 gossip/gossip.go:566  [n1] gossip status (ok, 1 node)
gossip client (0/3 cur/max conns)
gossip server (0/3 cur/max conns, infos 0/0 sent/received, bytes 0B/0B sent/received)
I200322 03:10:41.527074 181 server/status/runtime.go:498  [n1] runtime stats: 160 MiB RSS, 132 goroutines, 107 MiB/80 MiB/202 MiB GO alloc/idle/total, 14 MiB/19 MiB CGO alloc/total, 32.5 CGO/sec, 1.0/1.6 %(u/s)time, 0.0 %gc (0x), 0 B/126 B (r/w)net
I200322 03:10:51.492376 181 server/status/runtime.go:498  [n1] runtime stats: 161 MiB RSS, 131 goroutines, 114 MiB/73 MiB/202 MiB GO alloc/idle/total, 14 MiB/19 MiB CGO alloc/total, 48.7 CGO/sec, 1.0/1.8 %(u/s)time, 0.0 %gc (0x), 0 B/0 B (r/w)net
I200322 03:11:01.493186 181 server/status/runtime.go:498  [n1] runtime stats: 162 MiB RSS, 131 goroutines, 120 MiB/67 MiB/202 MiB GO alloc/idle/total, 14 MiB/19 MiB CGO alloc/total, 22.9 CGO/sec, 0.9/1.4 %(u/s)time, 0.0 %gc (0x), 0 B/0 B (r/w)net
I200322 03:11:11.494310 181 server/status/runtime.go:498  [n1] runtime stats: 162 MiB RSS, 131 goroutines, 126 MiB/61 MiB/202 MiB GO alloc/idle/total, 14 MiB/19 MiB CGO alloc/total, 24.7 CGO/sec, 0.8/1.6 %(u/s)time, 0.0 %gc (0x), 0 B/0 B (r/w)net
I200322 03:11:21.459461 181 server/status/runtime.go:498  [n1] runtime stats: 162 MiB RSS, 132 goroutines, 132 MiB/55 MiB/202 MiB GO alloc/idle/total, 14 MiB/19 MiB CGO alloc/total, 26.9 CGO/sec, 0.9/1.6 %(u/s)time, 0.0 %gc (0x), 0 B/0 B (r/w)net
I200322 03:11:31.459731 181 server/status/runtime.go:498  [n1] runtime stats: 164 MiB RSS, 132 goroutines, 139 MiB/49 MiB/202 MiB GO alloc/idle/total, 14 MiB/19 MiB CGO alloc/total, 26.5 CGO/sec, 1.1/1.5 %(u/s)time, 0.0 %gc (0x), 412 B/312 B (r/w)net
I200322 03:11:41.447073 96 gossip/gossip.go:566  [n1] gossip status (ok, 1 node)
gossip client (0/3 cur/max conns)
gossip server (0/3 cur/max conns, infos 0/0 sent/received, bytes 0B/0B sent/received)
I200322 03:11:41.460012 181 server/status/runtime.go:498  [n1] runtime stats: 172 MiB RSS, 132 goroutines, 79 MiB/105 MiB/202 MiB GO alloc/idle/total, 14 MiB/19 MiB CGO alloc/total, 25.0 CGO/sec, 1.1/1.9 %(u/s)time, 0.0 %gc (1x), 0 B/126 B (r/w)net
I200322 03:11:51.428255 181 server/status/runtime.go:498  [n1] runtime stats: 172 MiB RSS, 131 goroutines, 87 MiB/99 MiB/202 MiB GO alloc/idle/total, 14 MiB/19 MiB CGO alloc/total, 51.6 CGO/sec, 1.1/1.8 %(u/s)time, 0.0 %gc (0x), 0 B/0 B (r/w)net
I200322 03:12:01.426795 181 server/status/runtime.go:498  [n1] runtime stats: 172 MiB RSS, 131 goroutines, 93 MiB/93 MiB/202 MiB GO alloc/idle/total, 14 MiB/19 MiB CGO alloc/total, 22.9 CGO/sec, 0.6/1.8 %(u/s)time, 0.0 %gc (0x), 70 B/0 B (r/w)net
I200322 03:12:11.428654 181 server/status/runtime.go:498  [n1] runtime stats: 173 MiB RSS, 131 goroutines, 99 MiB/87 MiB/202 MiB GO alloc/idle/total, 14 MiB/19 MiB CGO alloc/total, 28.1 CGO/sec, 0.9/1.3 %(u/s)time, 0.0 %gc (0x), 0 B/0 B (r/w)net
I200322 03:12:21.393703 181 server/status/runtime.go:498  [n1] runtime stats: 173 MiB RSS, 132 goroutines, 106 MiB/81 MiB/202 MiB GO alloc/idle/total, 14 MiB/19 MiB CGO alloc/total, 26.7 CGO/sec, 0.9/1.5 %(u/s)time, 0.0 %gc (0x), 0 B/0 B (r/w)net
I200322 03:12:31.395372 181 server/status/runtime.go:498  [n1] runtime stats: 174 MiB RSS, 132 goroutines, 112 MiB/76 MiB/202 MiB GO alloc/idle/total, 14 MiB/19 MiB CGO alloc/total, 26.9 CGO/sec, 1.0/1.5 %(u/s)time, 0.0 %gc (0x), 412 B/312 B (r/w)net
I200322 03:12:41.376029 96 gossip/gossip.go:566  [n1] gossip status (ok, 1 node)
gossip client (0/3 cur/max conns)
gossip server (0/3 cur/max conns, infos 0/0 sent/received, bytes 0B/0B sent/received)
I200322 03:12:41.394795 181 server/status/runtime.go:498  [n1] runtime stats: 174 MiB RSS, 132 goroutines, 118 MiB/70 MiB/202 MiB GO alloc/idle/total, 14 MiB/19 MiB CGO alloc/total, 27.4 CGO/sec, 1.1/1.7 %(u/s)time, 0.0 %gc (0x), 0 B/126 B (r/w)net
I200322 03:12:42.744963 1 cli/start.go:865  received signal 'terminated'
I200322 03:12:42.745620 1 cli/start.go:930  initiating graceful shutdown of server
I200322 03:12:42.750630 3630 util/stop/stopper.go:542  [server drain process] quiescing; tasks left:
1      [async] intent_resolver_ir_batcher
1      [async] intent_resolver_gc_batcher
1      [async] closedts-rangefeed-subscriber
I200322 03:12:42.753639 3630 storage/engine/rocksdb.go:762  closing rocksdb instance at "/cockroach/cockroach-data/cockroach-temp175216112"
I200322 03:12:42.789962 3630 storage/engine/rocksdb.go:762  closing rocksdb instance at "/cockroach/cockroach-data"
I200322 03:12:42.802602 1 cli/start.go:976  server drained and shutdown completed
