I200320 18:50:20.337008 24 util/log/clog.go:1196  [config] file created at: 2020/03/20 18:50:20
I200320 18:50:20.337008 24 util/log/clog.go:1196  [config] running on machine: 348ae289e17b
I200320 18:50:20.337008 24 util/log/clog.go:1196  [config] binary: CockroachDB CCL v19.2.4 (x86_64-unknown-linux-gnu, built 2020/02/06 21:55:19, go1.12.12)
I200320 18:50:20.337008 24 util/log/clog.go:1196  [config] arguments: [/cockroach/cockroach start --insecure --join=node_1]
I200320 18:50:20.337008 24 util/log/clog.go:1196  line format: [IWEF]yymmdd hh:mm:ss.uuuuuu goid file:line msg utf8=✓
I200320 18:50:20.336995 24 storage/engine/rocksdb.go:120  RocksDB version: 6.2.1
I200320 18:50:20.343066 24 storage/engine/rocksdb.go:120  Git sha rocksdb_build_git_sha:@b7009236531fa784872f4823eabf393501e41bf2@
I200320 18:50:20.343085 24 storage/engine/rocksdb.go:120  Compile date Feb  6 2020
I200320 18:50:20.343104 24 storage/engine/rocksdb.go:120  DB SUMMARY
I200320 18:50:20.345150 24 storage/engine/rocksdb.go:120  SST files in /cockroach/cockroach-data/cockroach-temp346135481 dir, Total Num: 0, files: 
I200320 18:50:20.354076 24 storage/engine/rocksdb.go:120  Write Ahead Log file in /cockroach/cockroach-data/cockroach-temp346135481: 
I200320 18:50:20.354096 24 storage/engine/rocksdb.go:120                          Options.error_if_exists: 0
I200320 18:50:20.354119 24 storage/engine/rocksdb.go:120                        Options.create_if_missing: 1
I200320 18:50:20.354138 24 storage/engine/rocksdb.go:120                          Options.paranoid_checks: 1
I200320 18:50:20.354160 24 storage/engine/rocksdb.go:120                                      Options.env: 0x756aca0
I200320 18:50:20.354195 24 storage/engine/rocksdb.go:120                                 Options.info_log: 0x7f0a12e0d160
I200320 18:50:20.354219 24 storage/engine/rocksdb.go:120                 Options.max_file_opening_threads: 16
I200320 18:50:20.354242 24 storage/engine/rocksdb.go:120                               Options.statistics: 0x7f0a12e34010
I200320 18:50:20.354264 24 storage/engine/rocksdb.go:120                                Options.use_fsync: 0
I200320 18:50:20.354286 24 storage/engine/rocksdb.go:120                        Options.max_log_file_size: 0
I200320 18:50:20.354305 24 storage/engine/rocksdb.go:120                   Options.max_manifest_file_size: 134217728
I200320 18:50:20.354323 24 storage/engine/rocksdb.go:120                    Options.log_file_time_to_roll: 0
I200320 18:50:20.354338 24 storage/engine/rocksdb.go:120                        Options.keep_log_file_num: 1000
I200320 18:50:20.354356 24 storage/engine/rocksdb.go:120                     Options.recycle_log_file_num: 1
I200320 18:50:20.354374 24 storage/engine/rocksdb.go:120                          Options.allow_fallocate: 1
I200320 18:50:20.354391 24 storage/engine/rocksdb.go:120                         Options.allow_mmap_reads: 0
I200320 18:50:20.354409 24 storage/engine/rocksdb.go:120                        Options.allow_mmap_writes: 0
I200320 18:50:20.354427 24 storage/engine/rocksdb.go:120                         Options.use_direct_reads: 0
I200320 18:50:20.354445 24 storage/engine/rocksdb.go:120                         Options.use_direct_io_for_flush_and_compaction: 0
I200320 18:50:20.354465 24 storage/engine/rocksdb.go:120           Options.create_missing_column_families: 0
I200320 18:50:20.354488 24 storage/engine/rocksdb.go:120                               Options.db_log_dir: 
I200320 18:50:20.354511 24 storage/engine/rocksdb.go:120                                  Options.wal_dir: /cockroach/cockroach-data/cockroach-temp346135481
I200320 18:50:20.354529 24 storage/engine/rocksdb.go:120                 Options.table_cache_numshardbits: 6
I200320 18:50:20.354552 24 storage/engine/rocksdb.go:120                       Options.max_subcompactions: 1
I200320 18:50:20.354573 24 storage/engine/rocksdb.go:120                   Options.max_background_flushes: -1
I200320 18:50:20.354594 24 storage/engine/rocksdb.go:120                          Options.WAL_ttl_seconds: 0
I200320 18:50:20.354652 24 storage/engine/rocksdb.go:120                        Options.WAL_size_limit_MB: 0
I200320 18:50:20.354687 24 storage/engine/rocksdb.go:120              Options.manifest_preallocation_size: 4194304
I200320 18:50:20.354713 24 storage/engine/rocksdb.go:120                      Options.is_fd_close_on_exec: 1
I200320 18:50:20.354739 24 storage/engine/rocksdb.go:120                    Options.advise_random_on_open: 1
I200320 18:50:20.354763 24 storage/engine/rocksdb.go:120                     Options.db_write_buffer_size: 0
I200320 18:50:20.354782 24 storage/engine/rocksdb.go:120                     Options.write_buffer_manager: 0x7f0a12e1f060
I200320 18:50:20.354806 24 storage/engine/rocksdb.go:120          Options.access_hint_on_compaction_start: 1
I200320 18:50:20.354824 24 storage/engine/rocksdb.go:120   Options.new_table_reader_for_compaction_inputs: 0
I200320 18:50:20.354962 24 storage/engine/rocksdb.go:120            Options.random_access_max_buffer_size: 1048576
I200320 18:50:20.355003 24 storage/engine/rocksdb.go:120                       Options.use_adaptive_mutex: 0
I200320 18:50:20.355027 24 storage/engine/rocksdb.go:120                             Options.rate_limiter: (nil)
I200320 18:50:20.355086 24 storage/engine/rocksdb.go:120      Options.sst_file_manager.rate_bytes_per_sec: 0
I200320 18:50:20.355174 24 storage/engine/rocksdb.go:120                        Options.wal_recovery_mode: 0
I200320 18:50:20.355204 24 storage/engine/rocksdb.go:120                   Options.enable_thread_tracking: 0
I200320 18:50:20.355228 24 storage/engine/rocksdb.go:120                   Options.enable_pipelined_write: 0
I200320 18:50:20.355266 24 storage/engine/rocksdb.go:120          Options.allow_concurrent_memtable_write: 1
I200320 18:50:20.355294 24 storage/engine/rocksdb.go:120       Options.enable_write_thread_adaptive_yield: 1
I200320 18:50:20.355315 24 storage/engine/rocksdb.go:120              Options.write_thread_max_yield_usec: 100
I200320 18:50:20.355331 24 storage/engine/rocksdb.go:120             Options.write_thread_slow_yield_usec: 3
I200320 18:50:20.355350 24 storage/engine/rocksdb.go:120                                Options.row_cache: None
I200320 18:50:20.355372 24 storage/engine/rocksdb.go:120                               Options.wal_filter: None
I200320 18:50:20.355396 24 storage/engine/rocksdb.go:120              Options.avoid_flush_during_recovery: 0
I200320 18:50:20.355421 24 storage/engine/rocksdb.go:120              Options.allow_ingest_behind: 0
I200320 18:50:20.355439 24 storage/engine/rocksdb.go:120              Options.preserve_deletes: 0
I200320 18:50:20.355457 24 storage/engine/rocksdb.go:120              Options.two_write_queues: 0
I200320 18:50:20.355475 24 storage/engine/rocksdb.go:120              Options.manual_wal_flush: 1
I200320 18:50:20.355493 24 storage/engine/rocksdb.go:120              Options.atomic_flush: 0
I200320 18:50:20.355510 24 storage/engine/rocksdb.go:120              Options.avoid_unnecessary_blocking_io: 0
I200320 18:50:20.355528 24 storage/engine/rocksdb.go:120              Options.max_background_jobs: 4
I200320 18:50:20.355546 24 storage/engine/rocksdb.go:120              Options.max_background_compactions: -1
I200320 18:50:20.355564 24 storage/engine/rocksdb.go:120              Options.avoid_flush_during_shutdown: 0
I200320 18:50:20.355581 24 storage/engine/rocksdb.go:120            Options.writable_file_max_buffer_size: 1048576
I200320 18:50:20.355598 24 storage/engine/rocksdb.go:120              Options.delayed_write_rate : 16777216
I200320 18:50:20.355612 24 storage/engine/rocksdb.go:120              Options.max_total_wal_size: 0
I200320 18:50:20.355630 24 storage/engine/rocksdb.go:120              Options.delete_obsolete_files_period_micros: 21600000000
I200320 18:50:20.355648 24 storage/engine/rocksdb.go:120                    Options.stats_dump_period_sec: 0
I200320 18:50:20.355674 24 storage/engine/rocksdb.go:120                  Options.stats_persist_period_sec: 600
I200320 18:50:20.355693 24 storage/engine/rocksdb.go:120                  Options.stats_history_buffer_size: 1048576
I200320 18:50:20.355737 24 storage/engine/rocksdb.go:120                           Options.max_open_files: 128
I200320 18:50:20.355757 24 storage/engine/rocksdb.go:120                           Options.bytes_per_sync: 524288
I200320 18:50:20.355775 24 storage/engine/rocksdb.go:120                       Options.wal_bytes_per_sync: 0
I200320 18:50:20.355788 24 storage/engine/rocksdb.go:120                    Options.strict_bytes_per_sync: 1
I200320 18:50:20.355803 24 storage/engine/rocksdb.go:120        Options.compaction_readahead_size: 0
I200320 18:50:20.355818 24 storage/engine/rocksdb.go:120  Compression algorithms supported:
I200320 18:50:20.355832 24 storage/engine/rocksdb.go:120  	kZSTDNotFinalCompression supported: 0
I200320 18:50:20.355851 24 storage/engine/rocksdb.go:120  	kZSTD supported: 0
I200320 18:50:20.355869 24 storage/engine/rocksdb.go:120  	kXpressCompression supported: 0
I200320 18:50:20.355886 24 storage/engine/rocksdb.go:120  	kLZ4HCCompression supported: 0
I200320 18:50:20.355904 24 storage/engine/rocksdb.go:120  	kLZ4Compression supported: 0
I200320 18:50:20.355977 24 storage/engine/rocksdb.go:120  	kBZip2Compression supported: 0
I200320 18:50:20.356003 24 storage/engine/rocksdb.go:120  	kZlibCompression supported: 0
I200320 18:50:20.356025 24 storage/engine/rocksdb.go:120  	kSnappyCompression supported: 1
I200320 18:50:20.356059 24 storage/engine/rocksdb.go:120  Fast CRC32 supported: Supported on x86
I200320 18:50:20.362710 24 storage/engine/rocksdb.go:120  [db/db_impl_open.cc:242] Creating manifest 1 
I200320 18:50:20.394339 24 storage/engine/rocksdb.go:120  [db/version_set.cc:4072] Recovering from manifest file: /cockroach/cockroach-data/cockroach-temp346135481/MANIFEST-000001
I200320 18:50:20.398541 24 storage/engine/rocksdb.go:120  [db/column_family.cc:488] --------------- Options for column family [default]:
I200320 18:50:20.398580 24 storage/engine/rocksdb.go:120                Options.comparator: cockroach_comparator
I200320 18:50:20.398600 24 storage/engine/rocksdb.go:120            Options.merge_operator: cockroach_merge_operator
I200320 18:50:20.398619 24 storage/engine/rocksdb.go:120         Options.compaction_filter: None
I200320 18:50:20.398641 24 storage/engine/rocksdb.go:120         Options.compaction_filter_factory: None
I200320 18:50:20.398661 24 storage/engine/rocksdb.go:120          Options.memtable_factory: SkipListFactory
I200320 18:50:20.398683 24 storage/engine/rocksdb.go:120             Options.table_factory: BlockBasedTable
I200320 18:50:20.398833 24 storage/engine/rocksdb.go:120             table_factory options:   flush_block_policy_factory: FlushBlockBySizePolicyFactory (0x7f0a12e2d030)
  cache_index_and_filter_blocks: 0
  cache_index_and_filter_blocks_with_high_priority: 0
  pin_l0_filter_and_index_blocks_in_cache: 0
  pin_top_level_index_and_filter: 1
  index_type: 0
  data_block_index_type: 0
  index_shortening: 1
  data_block_hash_table_util_ratio: 0.750000
  hash_index_allow_collision: 1
  checksum: 1
  no_block_cache: 0
  block_cache: 0x7f0a12e22010
  block_cache_name: LRUCache
  block_cache_options:
    capacity : 1048576
    num_shard_bits : 4
    strict_capacity_limit : 0
    memory_allocator : None
    high_pri_pool_ratio: 0.000
  block_cache_compressed: (nil)
  persistent_cache: (nil)
  block_size: 32768
  block_size_deviation: 10
  block_restart_interval: 16
  index_block_restart_interval: 1
  metadata_block_size: 4096
  partition_filters: 0
  use_delta_encoding: 1
  filter_policy: rocksdb.BuiltinBloomFilter
  whole_key_filtering: 0
  verify_compression: 0
  read_amp_bytes_per_bit: 0
  format_version: 2
  enable_index_compression: 1
  block_align: 0
I200320 18:50:20.398861 24 storage/engine/rocksdb.go:120         Options.write_buffer_size: 67108864
I200320 18:50:20.398886 24 storage/engine/rocksdb.go:120   Options.max_write_buffer_number: 4
I200320 18:50:20.398905 24 storage/engine/rocksdb.go:120           Options.compression: Snappy
I200320 18:50:20.398923 24 storage/engine/rocksdb.go:120                   Options.bottommost_compression: Disabled
I200320 18:50:20.398961 24 storage/engine/rocksdb.go:120        Options.prefix_extractor: cockroach_prefix_extractor
I200320 18:50:20.398986 24 storage/engine/rocksdb.go:120    Options.memtable_insert_with_hint_prefix_extractor: nullptr
I200320 18:50:20.399012 24 storage/engine/rocksdb.go:120              Options.num_levels: 7
I200320 18:50:20.399025 24 storage/engine/rocksdb.go:120         Options.min_write_buffer_number_to_merge: 1
I200320 18:50:20.399127 24 storage/engine/rocksdb.go:120      Options.max_write_buffer_number_to_maintain: 0
I200320 18:50:20.399149 24 storage/engine/rocksdb.go:120             Options.bottommost_compression_opts.window_bits: -14
I200320 18:50:20.399205 24 storage/engine/rocksdb.go:120                   Options.bottommost_compression_opts.level: 32767
I200320 18:50:20.399233 24 storage/engine/rocksdb.go:120                Options.bottommost_compression_opts.strategy: 0
I200320 18:50:20.399253 24 storage/engine/rocksdb.go:120          Options.bottommost_compression_opts.max_dict_bytes: 0
I200320 18:50:20.399294 24 storage/engine/rocksdb.go:120          Options.bottommost_compression_opts.zstd_max_train_bytes: 0
I200320 18:50:20.399339 24 storage/engine/rocksdb.go:120                   Options.bottommost_compression_opts.enabled: false
I200320 18:50:20.399361 24 storage/engine/rocksdb.go:120             Options.compression_opts.window_bits: -14
I200320 18:50:20.399381 24 storage/engine/rocksdb.go:120                   Options.compression_opts.level: 32767
I200320 18:50:20.399404 24 storage/engine/rocksdb.go:120                Options.compression_opts.strategy: 0
I200320 18:50:20.399426 24 storage/engine/rocksdb.go:120          Options.compression_opts.max_dict_bytes: 0
I200320 18:50:20.399444 24 storage/engine/rocksdb.go:120          Options.compression_opts.zstd_max_train_bytes: 0
I200320 18:50:20.399472 24 storage/engine/rocksdb.go:120                   Options.compression_opts.enabled: false
I200320 18:50:20.399495 24 storage/engine/rocksdb.go:120       Options.level0_file_num_compaction_trigger: 2
I200320 18:50:20.399519 24 storage/engine/rocksdb.go:120           Options.level0_slowdown_writes_trigger: 950
I200320 18:50:20.399555 24 storage/engine/rocksdb.go:120               Options.level0_stop_writes_trigger: 1000
I200320 18:50:20.399578 24 storage/engine/rocksdb.go:120                    Options.target_file_size_base: 4194304
I200320 18:50:20.399622 24 storage/engine/rocksdb.go:120              Options.target_file_size_multiplier: 2
I200320 18:50:20.399646 24 storage/engine/rocksdb.go:120                 Options.max_bytes_for_level_base: 67108864
I200320 18:50:20.399670 24 storage/engine/rocksdb.go:120  Options.level_compaction_dynamic_level_bytes: 1
I200320 18:50:20.399701 24 storage/engine/rocksdb.go:120           Options.max_bytes_for_level_multiplier: 10.000000
I200320 18:50:20.399721 24 storage/engine/rocksdb.go:120  Options.max_bytes_for_level_multiplier_addtl[0]: 1
I200320 18:50:20.399742 24 storage/engine/rocksdb.go:120  Options.max_bytes_for_level_multiplier_addtl[1]: 1
I200320 18:50:20.399824 24 storage/engine/rocksdb.go:120  Options.max_bytes_for_level_multiplier_addtl[2]: 1
I200320 18:50:20.399845 24 storage/engine/rocksdb.go:120  Options.max_bytes_for_level_multiplier_addtl[3]: 1
I200320 18:50:20.399866 24 storage/engine/rocksdb.go:120  Options.max_bytes_for_level_multiplier_addtl[4]: 1
I200320 18:50:20.399888 24 storage/engine/rocksdb.go:120  Options.max_bytes_for_level_multiplier_addtl[5]: 1
I200320 18:50:20.399909 24 storage/engine/rocksdb.go:120  Options.max_bytes_for_level_multiplier_addtl[6]: 1
I200320 18:50:20.399922 24 storage/engine/rocksdb.go:120        Options.max_sequential_skip_in_iterations: 8
I200320 18:50:20.399941 24 storage/engine/rocksdb.go:120                     Options.max_compaction_bytes: 104857600
I200320 18:50:20.399954 24 storage/engine/rocksdb.go:120                         Options.arena_block_size: 8388608
I200320 18:50:20.399973 24 storage/engine/rocksdb.go:120    Options.soft_pending_compaction_bytes_limit: 2199023255552
I200320 18:50:20.400006 24 storage/engine/rocksdb.go:120    Options.hard_pending_compaction_bytes_limit: 4400193994752
I200320 18:50:20.400023 24 storage/engine/rocksdb.go:120        Options.rate_limit_delay_max_milliseconds: 100
I200320 18:50:20.400060 24 storage/engine/rocksdb.go:120                 Options.disable_auto_compactions: 0
I200320 18:50:20.400073 24 storage/engine/rocksdb.go:120                         Options.compaction_style: kCompactionStyleLevel
I200320 18:50:20.400104 24 storage/engine/rocksdb.go:120                           Options.compaction_pri: kMinOverlappingRatio
I200320 18:50:20.400121 24 storage/engine/rocksdb.go:120  Options.compaction_options_universal.size_ratio: 1
I200320 18:50:20.400140 24 storage/engine/rocksdb.go:120  Options.compaction_options_universal.min_merge_width: 2
I200320 18:50:20.400155 24 storage/engine/rocksdb.go:120  Options.compaction_options_universal.max_merge_width: 4294967295
I200320 18:50:20.400173 24 storage/engine/rocksdb.go:120  Options.compaction_options_universal.max_size_amplification_percent: 200
I200320 18:50:20.400190 24 storage/engine/rocksdb.go:120  Options.compaction_options_universal.compression_size_percent: -1
I200320 18:50:20.400209 24 storage/engine/rocksdb.go:120  Options.compaction_options_universal.stop_style: kCompactionStopStyleTotalSize
I200320 18:50:20.400227 24 storage/engine/rocksdb.go:120  Options.compaction_options_fifo.max_table_files_size: 1073741824
I200320 18:50:20.400241 24 storage/engine/rocksdb.go:120  Options.compaction_options_fifo.allow_compaction: 0
I200320 18:50:20.400257 24 storage/engine/rocksdb.go:120                    Options.table_properties_collectors: TimeBoundTblPropCollectorFactory; DeleteRangeTblPropCollectorFactory; 
I200320 18:50:20.400276 24 storage/engine/rocksdb.go:120                    Options.inplace_update_support: 0
I200320 18:50:20.400296 24 storage/engine/rocksdb.go:120                  Options.inplace_update_num_locks: 10000
I200320 18:50:20.400343 24 storage/engine/rocksdb.go:120                Options.memtable_prefix_bloom_size_ratio: 0.000000
I200320 18:50:20.400435 24 storage/engine/rocksdb.go:120                Options.memtable_whole_key_filtering: 0
I200320 18:50:20.400456 24 storage/engine/rocksdb.go:120    Options.memtable_huge_page_size: 0
I200320 18:50:20.400512 24 storage/engine/rocksdb.go:120                            Options.bloom_locality: 0
I200320 18:50:20.400527 24 storage/engine/rocksdb.go:120                     Options.max_successive_merges: 0
I200320 18:50:20.400539 24 storage/engine/rocksdb.go:120                 Options.optimize_filters_for_hits: 1
I200320 18:50:20.400558 24 storage/engine/rocksdb.go:120                 Options.paranoid_file_checks: 0
I200320 18:50:20.400570 24 storage/engine/rocksdb.go:120                 Options.force_consistency_checks: 0
I200320 18:50:20.400586 24 storage/engine/rocksdb.go:120                 Options.report_bg_io_stats: 0
I200320 18:50:20.400606 24 storage/engine/rocksdb.go:120                                Options.ttl: 0
I200320 18:50:20.400624 24 storage/engine/rocksdb.go:120           Options.periodic_compaction_seconds: 0
I200320 18:50:20.406879 24 storage/engine/rocksdb.go:120  [db/version_set.cc:4286] Recovered from manifest file:/cockroach/cockroach-data/cockroach-temp346135481/MANIFEST-000001 succeeded,manifest_file_number is 1, next_file_number is 3, last_sequence is 0, log_number is 0,prev_log_number is 0,max_column_family is 0,min_log_number_to_keep is 0
I200320 18:50:20.406915 24 storage/engine/rocksdb.go:120  [db/version_set.cc:4295] Column family [default] (ID 0), log number is 0
I200320 18:50:20.445339 24 storage/engine/rocksdb.go:120  DB pointer 0x7f0a12ea1000
I200320 18:50:20.478544 24 storage/engine/rocksdb.go:120  RocksDB version: 6.2.1
I200320 18:50:20.478575 24 storage/engine/rocksdb.go:120  Git sha rocksdb_build_git_sha:@b7009236531fa784872f4823eabf393501e41bf2@
I200320 18:50:20.478600 24 storage/engine/rocksdb.go:120  Compile date Feb  6 2020
I200320 18:50:20.478622 24 storage/engine/rocksdb.go:120  DB SUMMARY
I200320 18:50:20.483035 24 storage/engine/rocksdb.go:120  CURRENT file:  CURRENT
I200320 18:50:20.483067 24 storage/engine/rocksdb.go:120  IDENTITY file:  IDENTITY
I200320 18:50:20.484047 24 storage/engine/rocksdb.go:120  MANIFEST file:  MANIFEST-000001 size: 13 Bytes
I200320 18:50:20.484079 24 storage/engine/rocksdb.go:120  SST files in /cockroach/cockroach-data dir, Total Num: 0, files: 
I200320 18:50:20.484102 24 storage/engine/rocksdb.go:120  Write Ahead Log file in /cockroach/cockroach-data: 000003.log size: 625 ; 
I200320 18:50:20.484126 24 storage/engine/rocksdb.go:120                          Options.error_if_exists: 0
I200320 18:50:20.484148 24 storage/engine/rocksdb.go:120                        Options.create_if_missing: 1
I200320 18:50:20.484170 24 storage/engine/rocksdb.go:120                          Options.paranoid_checks: 1
I200320 18:50:20.484192 24 storage/engine/rocksdb.go:120                                      Options.env: 0x756aca0
I200320 18:50:20.484214 24 storage/engine/rocksdb.go:120                                 Options.info_log: 0x7f0a12e0d2e0
I200320 18:50:20.484236 24 storage/engine/rocksdb.go:120                 Options.max_file_opening_threads: 16
I200320 18:50:20.484259 24 storage/engine/rocksdb.go:120                               Options.statistics: 0x7f0a12e34080
I200320 18:50:20.484280 24 storage/engine/rocksdb.go:120                                Options.use_fsync: 0
I200320 18:50:20.484302 24 storage/engine/rocksdb.go:120                        Options.max_log_file_size: 0
I200320 18:50:20.484324 24 storage/engine/rocksdb.go:120                   Options.max_manifest_file_size: 134217728
I200320 18:50:20.484346 24 storage/engine/rocksdb.go:120                    Options.log_file_time_to_roll: 0
I200320 18:50:20.484369 24 storage/engine/rocksdb.go:120                        Options.keep_log_file_num: 1000
I200320 18:50:20.484391 24 storage/engine/rocksdb.go:120                     Options.recycle_log_file_num: 1
I200320 18:50:20.484410 24 storage/engine/rocksdb.go:120                          Options.allow_fallocate: 1
I200320 18:50:20.484434 24 storage/engine/rocksdb.go:120                         Options.allow_mmap_reads: 0
I200320 18:50:20.484456 24 storage/engine/rocksdb.go:120                        Options.allow_mmap_writes: 0
I200320 18:50:20.484478 24 storage/engine/rocksdb.go:120                         Options.use_direct_reads: 0
I200320 18:50:20.484496 24 storage/engine/rocksdb.go:120                         Options.use_direct_io_for_flush_and_compaction: 0
I200320 18:50:20.484515 24 storage/engine/rocksdb.go:120           Options.create_missing_column_families: 0
I200320 18:50:20.484537 24 storage/engine/rocksdb.go:120                               Options.db_log_dir: 
I200320 18:50:20.484559 24 storage/engine/rocksdb.go:120                                  Options.wal_dir: /cockroach/cockroach-data
I200320 18:50:20.484580 24 storage/engine/rocksdb.go:120                 Options.table_cache_numshardbits: 6
I200320 18:50:20.484602 24 storage/engine/rocksdb.go:120                       Options.max_subcompactions: 1
I200320 18:50:20.484624 24 storage/engine/rocksdb.go:120                   Options.max_background_flushes: -1
I200320 18:50:20.484648 24 storage/engine/rocksdb.go:120                          Options.WAL_ttl_seconds: 0
I200320 18:50:20.484664 24 storage/engine/rocksdb.go:120                        Options.WAL_size_limit_MB: 0
I200320 18:50:20.484683 24 storage/engine/rocksdb.go:120              Options.manifest_preallocation_size: 4194304
I200320 18:50:20.484705 24 storage/engine/rocksdb.go:120                      Options.is_fd_close_on_exec: 1
I200320 18:50:20.484726 24 storage/engine/rocksdb.go:120                    Options.advise_random_on_open: 1
I200320 18:50:20.484746 24 storage/engine/rocksdb.go:120                     Options.db_write_buffer_size: 0
I200320 18:50:20.484844 24 storage/engine/rocksdb.go:120                     Options.write_buffer_manager: 0x7f0a12e1f570
I200320 18:50:20.484865 24 storage/engine/rocksdb.go:120          Options.access_hint_on_compaction_start: 1
I200320 18:50:20.484884 24 storage/engine/rocksdb.go:120   Options.new_table_reader_for_compaction_inputs: 0
I200320 18:50:20.484907 24 storage/engine/rocksdb.go:120            Options.random_access_max_buffer_size: 1048576
I200320 18:50:20.484929 24 storage/engine/rocksdb.go:120                       Options.use_adaptive_mutex: 0
I200320 18:50:20.484951 24 storage/engine/rocksdb.go:120                             Options.rate_limiter: (nil)
I200320 18:50:20.484974 24 storage/engine/rocksdb.go:120      Options.sst_file_manager.rate_bytes_per_sec: 0
I200320 18:50:20.484997 24 storage/engine/rocksdb.go:120                        Options.wal_recovery_mode: 0
I200320 18:50:20.485020 24 storage/engine/rocksdb.go:120                   Options.enable_thread_tracking: 0
I200320 18:50:20.485042 24 storage/engine/rocksdb.go:120                   Options.enable_pipelined_write: 0
I200320 18:50:20.485064 24 storage/engine/rocksdb.go:120          Options.allow_concurrent_memtable_write: 1
I200320 18:50:20.485086 24 storage/engine/rocksdb.go:120       Options.enable_write_thread_adaptive_yield: 1
I200320 18:50:20.485108 24 storage/engine/rocksdb.go:120              Options.write_thread_max_yield_usec: 100
I200320 18:50:20.485131 24 storage/engine/rocksdb.go:120             Options.write_thread_slow_yield_usec: 3
I200320 18:50:20.485153 24 storage/engine/rocksdb.go:120                                Options.row_cache: None
I200320 18:50:20.485174 24 storage/engine/rocksdb.go:120                               Options.wal_filter: None
I200320 18:50:20.485196 24 storage/engine/rocksdb.go:120              Options.avoid_flush_during_recovery: 0
I200320 18:50:20.485218 24 storage/engine/rocksdb.go:120              Options.allow_ingest_behind: 0
I200320 18:50:20.485241 24 storage/engine/rocksdb.go:120              Options.preserve_deletes: 0
I200320 18:50:20.485265 24 storage/engine/rocksdb.go:120              Options.two_write_queues: 0
I200320 18:50:20.485288 24 storage/engine/rocksdb.go:120              Options.manual_wal_flush: 1
I200320 18:50:20.485310 24 storage/engine/rocksdb.go:120              Options.atomic_flush: 0
I200320 18:50:20.485332 24 storage/engine/rocksdb.go:120              Options.avoid_unnecessary_blocking_io: 0
I200320 18:50:20.485354 24 storage/engine/rocksdb.go:120              Options.max_background_jobs: 4
I200320 18:50:20.485372 24 storage/engine/rocksdb.go:120              Options.max_background_compactions: -1
I200320 18:50:20.485391 24 storage/engine/rocksdb.go:120              Options.avoid_flush_during_shutdown: 0
I200320 18:50:20.485414 24 storage/engine/rocksdb.go:120            Options.writable_file_max_buffer_size: 1048576
I200320 18:50:20.485444 24 storage/engine/rocksdb.go:120              Options.delayed_write_rate : 16777216
I200320 18:50:20.485466 24 storage/engine/rocksdb.go:120              Options.max_total_wal_size: 0
I200320 18:50:20.485489 24 storage/engine/rocksdb.go:120              Options.delete_obsolete_files_period_micros: 21600000000
I200320 18:50:20.485511 24 storage/engine/rocksdb.go:120                    Options.stats_dump_period_sec: 0
I200320 18:50:20.485535 24 storage/engine/rocksdb.go:120                  Options.stats_persist_period_sec: 600
I200320 18:50:20.485558 24 storage/engine/rocksdb.go:120                  Options.stats_history_buffer_size: 1048576
I200320 18:50:20.485580 24 storage/engine/rocksdb.go:120                           Options.max_open_files: 1043576
I200320 18:50:20.485602 24 storage/engine/rocksdb.go:120                           Options.bytes_per_sync: 524288
I200320 18:50:20.485624 24 storage/engine/rocksdb.go:120                       Options.wal_bytes_per_sync: 0
I200320 18:50:20.485645 24 storage/engine/rocksdb.go:120                    Options.strict_bytes_per_sync: 1
I200320 18:50:20.485669 24 storage/engine/rocksdb.go:120        Options.compaction_readahead_size: 0
I200320 18:50:20.485691 24 storage/engine/rocksdb.go:120  Compression algorithms supported:
I200320 18:50:20.485714 24 storage/engine/rocksdb.go:120  	kZSTDNotFinalCompression supported: 0
I200320 18:50:20.485736 24 storage/engine/rocksdb.go:120  	kZSTD supported: 0
I200320 18:50:20.485758 24 storage/engine/rocksdb.go:120  	kXpressCompression supported: 0
I200320 18:50:20.485780 24 storage/engine/rocksdb.go:120  	kLZ4HCCompression supported: 0
I200320 18:50:20.485802 24 storage/engine/rocksdb.go:120  	kLZ4Compression supported: 0
I200320 18:50:20.485825 24 storage/engine/rocksdb.go:120  	kBZip2Compression supported: 0
I200320 18:50:20.485844 24 storage/engine/rocksdb.go:120  	kZlibCompression supported: 0
I200320 18:50:20.485977 24 storage/engine/rocksdb.go:120  	kSnappyCompression supported: 1
I200320 18:50:20.486012 24 storage/engine/rocksdb.go:120  Fast CRC32 supported: Supported on x86
I200320 18:50:20.498506 24 storage/engine/rocksdb.go:120  [db/version_set.cc:4072] Recovering from manifest file: /cockroach/cockroach-data/MANIFEST-000001
I200320 18:50:20.500685 24 storage/engine/rocksdb.go:120  [db/column_family.cc:488] --------------- Options for column family [default]:
I200320 18:50:20.500715 24 storage/engine/rocksdb.go:120                Options.comparator: cockroach_comparator
I200320 18:50:20.500739 24 storage/engine/rocksdb.go:120            Options.merge_operator: cockroach_merge_operator
I200320 18:50:20.500823 24 storage/engine/rocksdb.go:120         Options.compaction_filter: None
I200320 18:50:20.500847 24 storage/engine/rocksdb.go:120         Options.compaction_filter_factory: None
I200320 18:50:20.500878 24 storage/engine/rocksdb.go:120          Options.memtable_factory: SkipListFactory
I200320 18:50:20.500901 24 storage/engine/rocksdb.go:120             Options.table_factory: BlockBasedTable
I200320 18:50:20.500957 24 storage/engine/rocksdb.go:120             table_factory options:   flush_block_policy_factory: FlushBlockBySizePolicyFactory (0x7f0a12e2d090)
  cache_index_and_filter_blocks: 0
  cache_index_and_filter_blocks_with_high_priority: 0
  pin_l0_filter_and_index_blocks_in_cache: 0
  pin_top_level_index_and_filter: 1
  index_type: 0
  data_block_index_type: 0
  index_shortening: 1
  data_block_hash_table_util_ratio: 0.750000
  hash_index_allow_collision: 1
  checksum: 1
  no_block_cache: 0
  block_cache: 0x7f0a12eb9210
  block_cache_name: LRUCache
  block_cache_options:
    capacity : 67108864
    num_shard_bits : 4
    strict_capacity_limit : 0
    memory_allocator : None
    high_pri_pool_ratio: 0.000
  block_cache_compressed: (nil)
  persistent_cache: (nil)
  block_size: 32768
  block_size_deviation: 10
  block_restart_interval: 16
  index_block_restart_interval: 1
  metadata_block_size: 4096
  partition_filters: 0
  use_delta_encoding: 1
  filter_policy: rocksdb.BuiltinBloomFilter
  whole_key_filtering: 0
  verify_compression: 0
  read_amp_bytes_per_bit: 0
  format_version: 2
  enable_index_compression: 1
  block_align: 0
I200320 18:50:20.500978 24 storage/engine/rocksdb.go:120         Options.write_buffer_size: 67108864
I200320 18:50:20.500997 24 storage/engine/rocksdb.go:120   Options.max_write_buffer_number: 4
I200320 18:50:20.501019 24 storage/engine/rocksdb.go:120           Options.compression: Snappy
I200320 18:50:20.501042 24 storage/engine/rocksdb.go:120                   Options.bottommost_compression: Disabled
I200320 18:50:20.501064 24 storage/engine/rocksdb.go:120        Options.prefix_extractor: cockroach_prefix_extractor
I200320 18:50:20.501085 24 storage/engine/rocksdb.go:120    Options.memtable_insert_with_hint_prefix_extractor: nullptr
I200320 18:50:20.501106 24 storage/engine/rocksdb.go:120              Options.num_levels: 7
I200320 18:50:20.501129 24 storage/engine/rocksdb.go:120         Options.min_write_buffer_number_to_merge: 1
I200320 18:50:20.501151 24 storage/engine/rocksdb.go:120      Options.max_write_buffer_number_to_maintain: 0
I200320 18:50:20.501173 24 storage/engine/rocksdb.go:120             Options.bottommost_compression_opts.window_bits: -14
I200320 18:50:20.501197 24 storage/engine/rocksdb.go:120                   Options.bottommost_compression_opts.level: 32767
I200320 18:50:20.501219 24 storage/engine/rocksdb.go:120                Options.bottommost_compression_opts.strategy: 0
I200320 18:50:20.501242 24 storage/engine/rocksdb.go:120          Options.bottommost_compression_opts.max_dict_bytes: 0
I200320 18:50:20.501264 24 storage/engine/rocksdb.go:120          Options.bottommost_compression_opts.zstd_max_train_bytes: 0
I200320 18:50:20.501282 24 storage/engine/rocksdb.go:120                   Options.bottommost_compression_opts.enabled: false
I200320 18:50:20.501301 24 storage/engine/rocksdb.go:120             Options.compression_opts.window_bits: -14
I200320 18:50:20.501323 24 storage/engine/rocksdb.go:120                   Options.compression_opts.level: 32767
I200320 18:50:20.501346 24 storage/engine/rocksdb.go:120                Options.compression_opts.strategy: 0
I200320 18:50:20.501368 24 storage/engine/rocksdb.go:120          Options.compression_opts.max_dict_bytes: 0
I200320 18:50:20.501389 24 storage/engine/rocksdb.go:120          Options.compression_opts.zstd_max_train_bytes: 0
I200320 18:50:20.501407 24 storage/engine/rocksdb.go:120                   Options.compression_opts.enabled: false
I200320 18:50:20.501426 24 storage/engine/rocksdb.go:120       Options.level0_file_num_compaction_trigger: 2
I200320 18:50:20.501447 24 storage/engine/rocksdb.go:120           Options.level0_slowdown_writes_trigger: 950
I200320 18:50:20.501465 24 storage/engine/rocksdb.go:120               Options.level0_stop_writes_trigger: 1000
I200320 18:50:20.501490 24 storage/engine/rocksdb.go:120                    Options.target_file_size_base: 4194304
I200320 18:50:20.501509 24 storage/engine/rocksdb.go:120              Options.target_file_size_multiplier: 2
I200320 18:50:20.501532 24 storage/engine/rocksdb.go:120                 Options.max_bytes_for_level_base: 67108864
I200320 18:50:20.501554 24 storage/engine/rocksdb.go:120  Options.level_compaction_dynamic_level_bytes: 1
I200320 18:50:20.501572 24 storage/engine/rocksdb.go:120           Options.max_bytes_for_level_multiplier: 10.000000
I200320 18:50:20.501588 24 storage/engine/rocksdb.go:120  Options.max_bytes_for_level_multiplier_addtl[0]: 1
I200320 18:50:20.501605 24 storage/engine/rocksdb.go:120  Options.max_bytes_for_level_multiplier_addtl[1]: 1
I200320 18:50:20.501618 24 storage/engine/rocksdb.go:120  Options.max_bytes_for_level_multiplier_addtl[2]: 1
I200320 18:50:20.501636 24 storage/engine/rocksdb.go:120  Options.max_bytes_for_level_multiplier_addtl[3]: 1
I200320 18:50:20.501654 24 storage/engine/rocksdb.go:120  Options.max_bytes_for_level_multiplier_addtl[4]: 1
I200320 18:50:20.501672 24 storage/engine/rocksdb.go:120  Options.max_bytes_for_level_multiplier_addtl[5]: 1
I200320 18:50:20.501684 24 storage/engine/rocksdb.go:120  Options.max_bytes_for_level_multiplier_addtl[6]: 1
I200320 18:50:20.501702 24 storage/engine/rocksdb.go:120        Options.max_sequential_skip_in_iterations: 8
I200320 18:50:20.501720 24 storage/engine/rocksdb.go:120                     Options.max_compaction_bytes: 104857600
I200320 18:50:20.501736 24 storage/engine/rocksdb.go:120                         Options.arena_block_size: 8388608
I200320 18:50:20.501754 24 storage/engine/rocksdb.go:120    Options.soft_pending_compaction_bytes_limit: 2199023255552
I200320 18:50:20.501883 24 storage/engine/rocksdb.go:120    Options.hard_pending_compaction_bytes_limit: 4400193994752
I200320 18:50:20.501903 24 storage/engine/rocksdb.go:120        Options.rate_limit_delay_max_milliseconds: 100
I200320 18:50:20.501921 24 storage/engine/rocksdb.go:120                 Options.disable_auto_compactions: 0
I200320 18:50:20.501980 24 storage/engine/rocksdb.go:120                         Options.compaction_style: kCompactionStyleLevel
I200320 18:50:20.502011 24 storage/engine/rocksdb.go:120                           Options.compaction_pri: kMinOverlappingRatio
I200320 18:50:20.502035 24 storage/engine/rocksdb.go:120  Options.compaction_options_universal.size_ratio: 1
I200320 18:50:20.502059 24 storage/engine/rocksdb.go:120  Options.compaction_options_universal.min_merge_width: 2
I200320 18:50:20.502090 24 storage/engine/rocksdb.go:120  Options.compaction_options_universal.max_merge_width: 4294967295
I200320 18:50:20.502118 24 storage/engine/rocksdb.go:120  Options.compaction_options_universal.max_size_amplification_percent: 200
I200320 18:50:20.502137 24 storage/engine/rocksdb.go:120  Options.compaction_options_universal.compression_size_percent: -1
I200320 18:50:20.502161 24 storage/engine/rocksdb.go:120  Options.compaction_options_universal.stop_style: kCompactionStopStyleTotalSize
I200320 18:50:20.502184 24 storage/engine/rocksdb.go:120  Options.compaction_options_fifo.max_table_files_size: 1073741824
I200320 18:50:20.502212 24 storage/engine/rocksdb.go:120  Options.compaction_options_fifo.allow_compaction: 0
I200320 18:50:20.502240 24 storage/engine/rocksdb.go:120                    Options.table_properties_collectors: TimeBoundTblPropCollectorFactory; DeleteRangeTblPropCollectorFactory; 
I200320 18:50:20.502261 24 storage/engine/rocksdb.go:120                    Options.inplace_update_support: 0
I200320 18:50:20.502279 24 storage/engine/rocksdb.go:120                  Options.inplace_update_num_locks: 10000
I200320 18:50:20.502293 24 storage/engine/rocksdb.go:120                Options.memtable_prefix_bloom_size_ratio: 0.000000
I200320 18:50:20.502309 24 storage/engine/rocksdb.go:120                Options.memtable_whole_key_filtering: 0
I200320 18:50:20.502326 24 storage/engine/rocksdb.go:120    Options.memtable_huge_page_size: 0
I200320 18:50:20.502344 24 storage/engine/rocksdb.go:120                            Options.bloom_locality: 0
I200320 18:50:20.502396 24 storage/engine/rocksdb.go:120                     Options.max_successive_merges: 0
I200320 18:50:20.502415 24 storage/engine/rocksdb.go:120                 Options.optimize_filters_for_hits: 1
I200320 18:50:20.502433 24 storage/engine/rocksdb.go:120                 Options.paranoid_file_checks: 0
I200320 18:50:20.502446 24 storage/engine/rocksdb.go:120                 Options.force_consistency_checks: 0
I200320 18:50:20.502460 24 storage/engine/rocksdb.go:120                 Options.report_bg_io_stats: 0
I200320 18:50:20.502481 24 storage/engine/rocksdb.go:120                                Options.ttl: 0
I200320 18:50:20.502521 24 storage/engine/rocksdb.go:120           Options.periodic_compaction_seconds: 0
I200320 18:50:20.508499 24 storage/engine/rocksdb.go:120  [db/version_set.cc:4286] Recovered from manifest file:/cockroach/cockroach-data/MANIFEST-000001 succeeded,manifest_file_number is 1, next_file_number is 3, last_sequence is 0, log_number is 0,prev_log_number is 0,max_column_family is 0,min_log_number_to_keep is 0
I200320 18:50:20.508523 24 storage/engine/rocksdb.go:120  [db/version_set.cc:4295] Column family [default] (ID 0), log number is 0
I200320 18:50:20.513221 24 storage/engine/rocksdb.go:120  EVENT_LOG_v1 {"time_micros": 1584730220513184, "job": 1, "event": "recovery_started", "log_files": [3]}
I200320 18:50:20.513249 24 storage/engine/rocksdb.go:120  [db/db_impl_open.cc:598] Recovering log #3 mode 0
I200320 18:50:20.517312 24 storage/engine/rocksdb.go:120  [db/version_set.cc:3560] Creating manifest 5
I200320 18:50:20.525540 24 storage/engine/rocksdb.go:120  EVENT_LOG_v1 {"time_micros": 1584730220525504, "job": 1, "event": "recovery_finished"}
I200320 18:50:20.554925 24 storage/engine/rocksdb.go:120  DB pointer 0x7f0a12f35000
