I200320 19:21:48.964993 26 util/log/clog.go:1196  [config] file created at: 2020/03/20 19:21:48
I200320 19:21:48.964993 26 util/log/clog.go:1196  [config] running on machine: db9313ae3e97
I200320 19:21:48.964993 26 util/log/clog.go:1196  [config] binary: CockroachDB CCL v19.2.4 (x86_64-unknown-linux-gnu, built 2020/02/06 21:55:19, go1.12.12)
I200320 19:21:48.964993 26 util/log/clog.go:1196  [config] arguments: [/cockroach/cockroach start --insecure --join=node_1]
I200320 19:21:48.964993 26 util/log/clog.go:1196  line format: [IWEF]yymmdd hh:mm:ss.uuuuuu goid file:line msg utf8=✓
I200320 19:21:48.964977 26 storage/engine/rocksdb.go:120  RocksDB version: 6.2.1
I200320 19:21:48.968894 26 storage/engine/rocksdb.go:120  Git sha rocksdb_build_git_sha:@b7009236531fa784872f4823eabf393501e41bf2@
I200320 19:21:48.968910 26 storage/engine/rocksdb.go:120  Compile date Feb  6 2020
I200320 19:21:48.968930 26 storage/engine/rocksdb.go:120  DB SUMMARY
I200320 19:21:48.970798 26 storage/engine/rocksdb.go:120  SST files in /cockroach/cockroach-data/cockroach-temp668749012 dir, Total Num: 0, files: 
I200320 19:21:48.993364 26 storage/engine/rocksdb.go:120  Write Ahead Log file in /cockroach/cockroach-data/cockroach-temp668749012: 
I200320 19:21:48.993385 26 storage/engine/rocksdb.go:120                          Options.error_if_exists: 0
I200320 19:21:48.993404 26 storage/engine/rocksdb.go:120                        Options.create_if_missing: 1
I200320 19:21:48.993422 26 storage/engine/rocksdb.go:120                          Options.paranoid_checks: 1
I200320 19:21:48.993440 26 storage/engine/rocksdb.go:120                                      Options.env: 0x756aca0
I200320 19:21:48.993458 26 storage/engine/rocksdb.go:120                                 Options.info_log: 0x7fdf6de0d180
I200320 19:21:48.993475 26 storage/engine/rocksdb.go:120                 Options.max_file_opening_threads: 16
I200320 19:21:48.993493 26 storage/engine/rocksdb.go:120                               Options.statistics: 0x7fdf6de34010
I200320 19:21:48.993511 26 storage/engine/rocksdb.go:120                                Options.use_fsync: 0
I200320 19:21:48.993586 26 storage/engine/rocksdb.go:120                        Options.max_log_file_size: 0
I200320 19:21:48.993654 26 storage/engine/rocksdb.go:120                   Options.max_manifest_file_size: 134217728
I200320 19:21:48.994389 26 storage/engine/rocksdb.go:120                    Options.log_file_time_to_roll: 0
I200320 19:21:48.994409 26 storage/engine/rocksdb.go:120                        Options.keep_log_file_num: 1000
I200320 19:21:48.994424 26 storage/engine/rocksdb.go:120                     Options.recycle_log_file_num: 1
I200320 19:21:48.994459 26 storage/engine/rocksdb.go:120                          Options.allow_fallocate: 1
I200320 19:21:48.994476 26 storage/engine/rocksdb.go:120                         Options.allow_mmap_reads: 0
I200320 19:21:48.994494 26 storage/engine/rocksdb.go:120                        Options.allow_mmap_writes: 0
I200320 19:21:48.994512 26 storage/engine/rocksdb.go:120                         Options.use_direct_reads: 0
I200320 19:21:48.994526 26 storage/engine/rocksdb.go:120                         Options.use_direct_io_for_flush_and_compaction: 0
I200320 19:21:48.994543 26 storage/engine/rocksdb.go:120           Options.create_missing_column_families: 0
I200320 19:21:48.994554 26 storage/engine/rocksdb.go:120                               Options.db_log_dir: 
I200320 19:21:48.994627 26 storage/engine/rocksdb.go:120                                  Options.wal_dir: /cockroach/cockroach-data/cockroach-temp668749012
I200320 19:21:48.994645 26 storage/engine/rocksdb.go:120                 Options.table_cache_numshardbits: 6
I200320 19:21:48.994702 26 storage/engine/rocksdb.go:120                       Options.max_subcompactions: 1
I200320 19:21:48.994718 26 storage/engine/rocksdb.go:120                   Options.max_background_flushes: -1
I200320 19:21:48.994736 26 storage/engine/rocksdb.go:120                          Options.WAL_ttl_seconds: 0
I200320 19:21:48.994768 26 storage/engine/rocksdb.go:120                        Options.WAL_size_limit_MB: 0
I200320 19:21:48.994796 26 storage/engine/rocksdb.go:120              Options.manifest_preallocation_size: 4194304
I200320 19:21:48.994810 26 storage/engine/rocksdb.go:120                      Options.is_fd_close_on_exec: 1
I200320 19:21:48.994828 26 storage/engine/rocksdb.go:120                    Options.advise_random_on_open: 1
I200320 19:21:48.994845 26 storage/engine/rocksdb.go:120                     Options.db_write_buffer_size: 0
I200320 19:21:48.994862 26 storage/engine/rocksdb.go:120                     Options.write_buffer_manager: 0x7fdf6de1f060
I200320 19:21:48.994883 26 storage/engine/rocksdb.go:120          Options.access_hint_on_compaction_start: 1
I200320 19:21:48.994901 26 storage/engine/rocksdb.go:120   Options.new_table_reader_for_compaction_inputs: 0
I200320 19:21:48.994913 26 storage/engine/rocksdb.go:120            Options.random_access_max_buffer_size: 1048576
I200320 19:21:48.994927 26 storage/engine/rocksdb.go:120                       Options.use_adaptive_mutex: 0
I200320 19:21:48.994945 26 storage/engine/rocksdb.go:120                             Options.rate_limiter: (nil)
I200320 19:21:48.994963 26 storage/engine/rocksdb.go:120      Options.sst_file_manager.rate_bytes_per_sec: 0
I200320 19:21:48.994980 26 storage/engine/rocksdb.go:120                        Options.wal_recovery_mode: 0
I200320 19:21:48.994997 26 storage/engine/rocksdb.go:120                   Options.enable_thread_tracking: 0
I200320 19:21:48.995028 26 storage/engine/rocksdb.go:120                   Options.enable_pipelined_write: 0
I200320 19:21:48.995047 26 storage/engine/rocksdb.go:120          Options.allow_concurrent_memtable_write: 1
I200320 19:21:48.995079 26 storage/engine/rocksdb.go:120       Options.enable_write_thread_adaptive_yield: 1
I200320 19:21:48.995097 26 storage/engine/rocksdb.go:120              Options.write_thread_max_yield_usec: 100
I200320 19:21:48.995114 26 storage/engine/rocksdb.go:120             Options.write_thread_slow_yield_usec: 3
I200320 19:21:48.995130 26 storage/engine/rocksdb.go:120                                Options.row_cache: None
I200320 19:21:48.995147 26 storage/engine/rocksdb.go:120                               Options.wal_filter: None
I200320 19:21:48.995161 26 storage/engine/rocksdb.go:120              Options.avoid_flush_during_recovery: 0
I200320 19:21:48.995171 26 storage/engine/rocksdb.go:120              Options.allow_ingest_behind: 0
I200320 19:21:48.995189 26 storage/engine/rocksdb.go:120              Options.preserve_deletes: 0
I200320 19:21:48.995206 26 storage/engine/rocksdb.go:120              Options.two_write_queues: 0
I200320 19:21:48.995223 26 storage/engine/rocksdb.go:120              Options.manual_wal_flush: 1
I200320 19:21:48.995240 26 storage/engine/rocksdb.go:120              Options.atomic_flush: 0
I200320 19:21:48.995258 26 storage/engine/rocksdb.go:120              Options.avoid_unnecessary_blocking_io: 0
I200320 19:21:48.995275 26 storage/engine/rocksdb.go:120              Options.max_background_jobs: 4
I200320 19:21:48.995293 26 storage/engine/rocksdb.go:120              Options.max_background_compactions: -1
I200320 19:21:48.995310 26 storage/engine/rocksdb.go:120              Options.avoid_flush_during_shutdown: 0
I200320 19:21:48.995327 26 storage/engine/rocksdb.go:120            Options.writable_file_max_buffer_size: 1048576
I200320 19:21:48.995344 26 storage/engine/rocksdb.go:120              Options.delayed_write_rate : 16777216
I200320 19:21:48.995357 26 storage/engine/rocksdb.go:120              Options.max_total_wal_size: 0
I200320 19:21:48.995437 26 storage/engine/rocksdb.go:120              Options.delete_obsolete_files_period_micros: 21600000000
I200320 19:21:48.995483 26 storage/engine/rocksdb.go:120                    Options.stats_dump_period_sec: 0
I200320 19:21:48.995501 26 storage/engine/rocksdb.go:120                  Options.stats_persist_period_sec: 600
I200320 19:21:48.995707 26 storage/engine/rocksdb.go:120                  Options.stats_history_buffer_size: 1048576
I200320 19:21:48.995725 26 storage/engine/rocksdb.go:120                           Options.max_open_files: 128
I200320 19:21:48.995743 26 storage/engine/rocksdb.go:120                           Options.bytes_per_sync: 524288
I200320 19:21:48.995761 26 storage/engine/rocksdb.go:120                       Options.wal_bytes_per_sync: 0
I200320 19:21:48.995872 26 storage/engine/rocksdb.go:120                    Options.strict_bytes_per_sync: 1
I200320 19:21:48.995891 26 storage/engine/rocksdb.go:120        Options.compaction_readahead_size: 0
I200320 19:21:48.995909 26 storage/engine/rocksdb.go:120  Compression algorithms supported:
I200320 19:21:48.996052 26 storage/engine/rocksdb.go:120  	kZSTDNotFinalCompression supported: 0
I200320 19:21:48.996070 26 storage/engine/rocksdb.go:120  	kZSTD supported: 0
I200320 19:21:48.996180 26 storage/engine/rocksdb.go:120  	kXpressCompression supported: 0
I200320 19:21:48.996222 26 storage/engine/rocksdb.go:120  	kLZ4HCCompression supported: 0
I200320 19:21:48.996240 26 storage/engine/rocksdb.go:120  	kLZ4Compression supported: 0
I200320 19:21:48.996344 26 storage/engine/rocksdb.go:120  	kBZip2Compression supported: 0
I200320 19:21:48.996375 26 storage/engine/rocksdb.go:120  	kZlibCompression supported: 0
I200320 19:21:48.996491 26 storage/engine/rocksdb.go:120  	kSnappyCompression supported: 1
I200320 19:21:48.996520 26 storage/engine/rocksdb.go:120  Fast CRC32 supported: Supported on x86
I200320 19:21:49.003064 26 storage/engine/rocksdb.go:120  [db/db_impl_open.cc:242] Creating manifest 1 
I200320 19:21:49.040010 26 storage/engine/rocksdb.go:120  [db/version_set.cc:4072] Recovering from manifest file: /cockroach/cockroach-data/cockroach-temp668749012/MANIFEST-000001
I200320 19:21:49.046319 26 storage/engine/rocksdb.go:120  [db/column_family.cc:488] --------------- Options for column family [default]:
I200320 19:21:49.046344 26 storage/engine/rocksdb.go:120                Options.comparator: cockroach_comparator
I200320 19:21:49.046362 26 storage/engine/rocksdb.go:120            Options.merge_operator: cockroach_merge_operator
I200320 19:21:49.046378 26 storage/engine/rocksdb.go:120         Options.compaction_filter: None
I200320 19:21:49.046391 26 storage/engine/rocksdb.go:120         Options.compaction_filter_factory: None
I200320 19:21:49.046420 26 storage/engine/rocksdb.go:120          Options.memtable_factory: SkipListFactory
I200320 19:21:49.046444 26 storage/engine/rocksdb.go:120             Options.table_factory: BlockBasedTable
I200320 19:21:49.046509 26 storage/engine/rocksdb.go:120             table_factory options:   flush_block_policy_factory: FlushBlockBySizePolicyFactory (0x7fdf6de2d030)
  cache_index_and_filter_blocks: 0
  cache_index_and_filter_blocks_with_high_priority: 0
  pin_l0_filter_and_index_blocks_in_cache: 0
  pin_top_level_index_and_filter: 1
  index_type: 0
  data_block_index_type: 0
  index_shortening: 1
  data_block_hash_table_util_ratio: 0.750000
  hash_index_allow_collision: 1
  checksum: 1
  no_block_cache: 0
  block_cache: 0x7fdf6de22010
  block_cache_name: LRUCache
  block_cache_options:
    capacity : 1048576
    num_shard_bits : 4
    strict_capacity_limit : 0
    memory_allocator : None
    high_pri_pool_ratio: 0.000
  block_cache_compressed: (nil)
  persistent_cache: (nil)
  block_size: 32768
  block_size_deviation: 10
  block_restart_interval: 16
  index_block_restart_interval: 1
  metadata_block_size: 4096
  partition_filters: 0
  use_delta_encoding: 1
  filter_policy: rocksdb.BuiltinBloomFilter
  whole_key_filtering: 0
  verify_compression: 0
  read_amp_bytes_per_bit: 0
  format_version: 2
  enable_index_compression: 1
  block_align: 0
I200320 19:21:49.046533 26 storage/engine/rocksdb.go:120         Options.write_buffer_size: 67108864
I200320 19:21:49.046629 26 storage/engine/rocksdb.go:120   Options.max_write_buffer_number: 4
I200320 19:21:49.046653 26 storage/engine/rocksdb.go:120           Options.compression: Snappy
I200320 19:21:49.046666 26 storage/engine/rocksdb.go:120                   Options.bottommost_compression: Disabled
I200320 19:21:49.046698 26 storage/engine/rocksdb.go:120        Options.prefix_extractor: cockroach_prefix_extractor
I200320 19:21:49.046716 26 storage/engine/rocksdb.go:120    Options.memtable_insert_with_hint_prefix_extractor: nullptr
I200320 19:21:49.046733 26 storage/engine/rocksdb.go:120              Options.num_levels: 7
I200320 19:21:49.046748 26 storage/engine/rocksdb.go:120         Options.min_write_buffer_number_to_merge: 1
I200320 19:21:49.046766 26 storage/engine/rocksdb.go:120      Options.max_write_buffer_number_to_maintain: 0
I200320 19:21:49.046784 26 storage/engine/rocksdb.go:120             Options.bottommost_compression_opts.window_bits: -14
I200320 19:21:49.046806 26 storage/engine/rocksdb.go:120                   Options.bottommost_compression_opts.level: 32767
I200320 19:21:49.046820 26 storage/engine/rocksdb.go:120                Options.bottommost_compression_opts.strategy: 0
I200320 19:21:49.046833 26 storage/engine/rocksdb.go:120          Options.bottommost_compression_opts.max_dict_bytes: 0
I200320 19:21:49.046851 26 storage/engine/rocksdb.go:120          Options.bottommost_compression_opts.zstd_max_train_bytes: 0
I200320 19:21:49.046865 26 storage/engine/rocksdb.go:120                   Options.bottommost_compression_opts.enabled: false
I200320 19:21:49.046883 26 storage/engine/rocksdb.go:120             Options.compression_opts.window_bits: -14
I200320 19:21:49.046901 26 storage/engine/rocksdb.go:120                   Options.compression_opts.level: 32767
I200320 19:21:49.046918 26 storage/engine/rocksdb.go:120                Options.compression_opts.strategy: 0
I200320 19:21:49.046935 26 storage/engine/rocksdb.go:120          Options.compression_opts.max_dict_bytes: 0
I200320 19:21:49.046952 26 storage/engine/rocksdb.go:120          Options.compression_opts.zstd_max_train_bytes: 0
I200320 19:21:49.046971 26 storage/engine/rocksdb.go:120                   Options.compression_opts.enabled: false
I200320 19:21:49.046986 26 storage/engine/rocksdb.go:120       Options.level0_file_num_compaction_trigger: 2
I200320 19:21:49.046999 26 storage/engine/rocksdb.go:120           Options.level0_slowdown_writes_trigger: 950
I200320 19:21:49.047014 26 storage/engine/rocksdb.go:120               Options.level0_stop_writes_trigger: 1000
I200320 19:21:49.047032 26 storage/engine/rocksdb.go:120                    Options.target_file_size_base: 4194304
I200320 19:21:49.047050 26 storage/engine/rocksdb.go:120              Options.target_file_size_multiplier: 2
I200320 19:21:49.047067 26 storage/engine/rocksdb.go:120                 Options.max_bytes_for_level_base: 67108864
I200320 19:21:49.047085 26 storage/engine/rocksdb.go:120  Options.level_compaction_dynamic_level_bytes: 1
I200320 19:21:49.047103 26 storage/engine/rocksdb.go:120           Options.max_bytes_for_level_multiplier: 10.000000
I200320 19:21:49.047117 26 storage/engine/rocksdb.go:120  Options.max_bytes_for_level_multiplier_addtl[0]: 1
I200320 19:21:49.047131 26 storage/engine/rocksdb.go:120  Options.max_bytes_for_level_multiplier_addtl[1]: 1
I200320 19:21:49.047149 26 storage/engine/rocksdb.go:120  Options.max_bytes_for_level_multiplier_addtl[2]: 1
I200320 19:21:49.047166 26 storage/engine/rocksdb.go:120  Options.max_bytes_for_level_multiplier_addtl[3]: 1
I200320 19:21:49.047179 26 storage/engine/rocksdb.go:120  Options.max_bytes_for_level_multiplier_addtl[4]: 1
I200320 19:21:49.047191 26 storage/engine/rocksdb.go:120  Options.max_bytes_for_level_multiplier_addtl[5]: 1
I200320 19:21:49.047209 26 storage/engine/rocksdb.go:120  Options.max_bytes_for_level_multiplier_addtl[6]: 1
I200320 19:21:49.047227 26 storage/engine/rocksdb.go:120        Options.max_sequential_skip_in_iterations: 8
I200320 19:21:49.047244 26 storage/engine/rocksdb.go:120                     Options.max_compaction_bytes: 104857600
I200320 19:21:49.047262 26 storage/engine/rocksdb.go:120                         Options.arena_block_size: 8388608
I200320 19:21:49.047280 26 storage/engine/rocksdb.go:120    Options.soft_pending_compaction_bytes_limit: 2199023255552
I200320 19:21:49.047298 26 storage/engine/rocksdb.go:120    Options.hard_pending_compaction_bytes_limit: 4400193994752
I200320 19:21:49.047315 26 storage/engine/rocksdb.go:120        Options.rate_limit_delay_max_milliseconds: 100
I200320 19:21:49.047333 26 storage/engine/rocksdb.go:120                 Options.disable_auto_compactions: 0
I200320 19:21:49.047352 26 storage/engine/rocksdb.go:120                         Options.compaction_style: kCompactionStyleLevel
I200320 19:21:49.047370 26 storage/engine/rocksdb.go:120                           Options.compaction_pri: kMinOverlappingRatio
I200320 19:21:49.047392 26 storage/engine/rocksdb.go:120  Options.compaction_options_universal.size_ratio: 1
I200320 19:21:49.047409 26 storage/engine/rocksdb.go:120  Options.compaction_options_universal.min_merge_width: 2
I200320 19:21:49.047426 26 storage/engine/rocksdb.go:120  Options.compaction_options_universal.max_merge_width: 4294967295
I200320 19:21:49.047442 26 storage/engine/rocksdb.go:120  Options.compaction_options_universal.max_size_amplification_percent: 200
I200320 19:21:49.047456 26 storage/engine/rocksdb.go:120  Options.compaction_options_universal.compression_size_percent: -1
I200320 19:21:49.047475 26 storage/engine/rocksdb.go:120  Options.compaction_options_universal.stop_style: kCompactionStopStyleTotalSize
I200320 19:21:49.047492 26 storage/engine/rocksdb.go:120  Options.compaction_options_fifo.max_table_files_size: 1073741824
I200320 19:21:49.047507 26 storage/engine/rocksdb.go:120  Options.compaction_options_fifo.allow_compaction: 0
I200320 19:21:49.047528 26 storage/engine/rocksdb.go:120                    Options.table_properties_collectors: TimeBoundTblPropCollectorFactory; DeleteRangeTblPropCollectorFactory; 
I200320 19:21:49.047548 26 storage/engine/rocksdb.go:120                    Options.inplace_update_support: 0
I200320 19:21:49.047605 26 storage/engine/rocksdb.go:120                  Options.inplace_update_num_locks: 10000
I200320 19:21:49.047618 26 storage/engine/rocksdb.go:120                Options.memtable_prefix_bloom_size_ratio: 0.000000
I200320 19:21:49.047636 26 storage/engine/rocksdb.go:120                Options.memtable_whole_key_filtering: 0
I200320 19:21:49.047650 26 storage/engine/rocksdb.go:120    Options.memtable_huge_page_size: 0
I200320 19:21:49.047665 26 storage/engine/rocksdb.go:120                            Options.bloom_locality: 0
I200320 19:21:49.047680 26 storage/engine/rocksdb.go:120                     Options.max_successive_merges: 0
I200320 19:21:49.047695 26 storage/engine/rocksdb.go:120                 Options.optimize_filters_for_hits: 1
I200320 19:21:49.047712 26 storage/engine/rocksdb.go:120                 Options.paranoid_file_checks: 0
I200320 19:21:49.047728 26 storage/engine/rocksdb.go:120                 Options.force_consistency_checks: 0
I200320 19:21:49.047746 26 storage/engine/rocksdb.go:120                 Options.report_bg_io_stats: 0
I200320 19:21:49.047760 26 storage/engine/rocksdb.go:120                                Options.ttl: 0
I200320 19:21:49.047779 26 storage/engine/rocksdb.go:120           Options.periodic_compaction_seconds: 0
I200320 19:21:49.052136 26 storage/engine/rocksdb.go:120  [db/version_set.cc:4286] Recovered from manifest file:/cockroach/cockroach-data/cockroach-temp668749012/MANIFEST-000001 succeeded,manifest_file_number is 1, next_file_number is 3, last_sequence is 0, log_number is 0,prev_log_number is 0,max_column_family is 0,min_log_number_to_keep is 0
I200320 19:21:49.052167 26 storage/engine/rocksdb.go:120  [db/version_set.cc:4295] Column family [default] (ID 0), log number is 0
I200320 19:21:49.082242 26 storage/engine/rocksdb.go:120  DB pointer 0x7fdf6dea1000
I200320 19:21:49.105662 26 storage/engine/rocksdb.go:120  RocksDB version: 6.2.1
I200320 19:21:49.105722 26 storage/engine/rocksdb.go:120  Git sha rocksdb_build_git_sha:@b7009236531fa784872f4823eabf393501e41bf2@
I200320 19:21:49.105917 26 storage/engine/rocksdb.go:120  Compile date Feb  6 2020
I200320 19:21:49.105959 26 storage/engine/rocksdb.go:120  DB SUMMARY
I200320 19:21:49.109138 26 storage/engine/rocksdb.go:120  CURRENT file:  CURRENT
I200320 19:21:49.109161 26 storage/engine/rocksdb.go:120  IDENTITY file:  IDENTITY
I200320 19:21:49.109776 26 storage/engine/rocksdb.go:120  MANIFEST file:  MANIFEST-000026 size: 53 Bytes
I200320 19:21:49.109869 26 storage/engine/rocksdb.go:120  SST files in /cockroach/cockroach-data dir, Total Num: 0, files: 
I200320 19:21:49.109885 26 storage/engine/rocksdb.go:120  Write Ahead Log file in /cockroach/cockroach-data: 000027.log size: 75 ; 
I200320 19:21:49.109910 26 storage/engine/rocksdb.go:120                          Options.error_if_exists: 0
I200320 19:21:49.110006 26 storage/engine/rocksdb.go:120                        Options.create_if_missing: 1
I200320 19:21:49.110028 26 storage/engine/rocksdb.go:120                          Options.paranoid_checks: 1
I200320 19:21:49.110042 26 storage/engine/rocksdb.go:120                                      Options.env: 0x756aca0
I200320 19:21:49.110060 26 storage/engine/rocksdb.go:120                                 Options.info_log: 0x7fdf73087f40
I200320 19:21:49.110081 26 storage/engine/rocksdb.go:120                 Options.max_file_opening_threads: 16
I200320 19:21:49.110100 26 storage/engine/rocksdb.go:120                               Options.statistics: 0x7fdf7301d8d0
I200320 19:21:49.110212 26 storage/engine/rocksdb.go:120                                Options.use_fsync: 0
I200320 19:21:49.110231 26 storage/engine/rocksdb.go:120                        Options.max_log_file_size: 0
I200320 19:21:49.110254 26 storage/engine/rocksdb.go:120                   Options.max_manifest_file_size: 134217728
I200320 19:21:49.110315 26 storage/engine/rocksdb.go:120                    Options.log_file_time_to_roll: 0
I200320 19:21:49.110349 26 storage/engine/rocksdb.go:120                        Options.keep_log_file_num: 1000
I200320 19:21:49.110369 26 storage/engine/rocksdb.go:120                     Options.recycle_log_file_num: 1
I200320 19:21:49.110383 26 storage/engine/rocksdb.go:120                          Options.allow_fallocate: 1
I200320 19:21:49.110473 26 storage/engine/rocksdb.go:120                         Options.allow_mmap_reads: 0
I200320 19:21:49.110605 26 storage/engine/rocksdb.go:120                        Options.allow_mmap_writes: 0
I200320 19:21:49.110629 26 storage/engine/rocksdb.go:120                         Options.use_direct_reads: 0
I200320 19:21:49.110676 26 storage/engine/rocksdb.go:120                         Options.use_direct_io_for_flush_and_compaction: 0
I200320 19:21:49.110715 26 storage/engine/rocksdb.go:120           Options.create_missing_column_families: 0
I200320 19:21:49.110749 26 storage/engine/rocksdb.go:120                               Options.db_log_dir: 
I200320 19:21:49.110772 26 storage/engine/rocksdb.go:120                                  Options.wal_dir: /cockroach/cockroach-data
I200320 19:21:49.110787 26 storage/engine/rocksdb.go:120                 Options.table_cache_numshardbits: 6
I200320 19:21:49.110934 26 storage/engine/rocksdb.go:120                       Options.max_subcompactions: 1
I200320 19:21:49.110952 26 storage/engine/rocksdb.go:120                   Options.max_background_flushes: -1
I200320 19:21:49.110969 26 storage/engine/rocksdb.go:120                          Options.WAL_ttl_seconds: 0
I200320 19:21:49.110986 26 storage/engine/rocksdb.go:120                        Options.WAL_size_limit_MB: 0
I200320 19:21:49.111002 26 storage/engine/rocksdb.go:120              Options.manifest_preallocation_size: 4194304
I200320 19:21:49.111092 26 storage/engine/rocksdb.go:120                      Options.is_fd_close_on_exec: 1
I200320 19:21:49.111115 26 storage/engine/rocksdb.go:120                    Options.advise_random_on_open: 1
I200320 19:21:49.111237 26 storage/engine/rocksdb.go:120                     Options.db_write_buffer_size: 0
I200320 19:21:49.111260 26 storage/engine/rocksdb.go:120                     Options.write_buffer_manager: 0x7fdf73060cb0
I200320 19:21:49.111279 26 storage/engine/rocksdb.go:120          Options.access_hint_on_compaction_start: 1
I200320 19:21:49.111297 26 storage/engine/rocksdb.go:120   Options.new_table_reader_for_compaction_inputs: 0
I200320 19:21:49.111344 26 storage/engine/rocksdb.go:120            Options.random_access_max_buffer_size: 1048576
I200320 19:21:49.111389 26 storage/engine/rocksdb.go:120                       Options.use_adaptive_mutex: 0
I200320 19:21:49.111411 26 storage/engine/rocksdb.go:120                             Options.rate_limiter: (nil)
I200320 19:21:49.111444 26 storage/engine/rocksdb.go:120      Options.sst_file_manager.rate_bytes_per_sec: 0
I200320 19:21:49.111870 26 storage/engine/rocksdb.go:120                        Options.wal_recovery_mode: 0
I200320 19:21:49.111935 26 storage/engine/rocksdb.go:120                   Options.enable_thread_tracking: 0
I200320 19:21:49.111957 26 storage/engine/rocksdb.go:120                   Options.enable_pipelined_write: 0
I200320 19:21:49.111971 26 storage/engine/rocksdb.go:120          Options.allow_concurrent_memtable_write: 1
I200320 19:21:49.111990 26 storage/engine/rocksdb.go:120       Options.enable_write_thread_adaptive_yield: 1
I200320 19:21:49.112008 26 storage/engine/rocksdb.go:120              Options.write_thread_max_yield_usec: 100
I200320 19:21:49.112040 26 storage/engine/rocksdb.go:120             Options.write_thread_slow_yield_usec: 3
I200320 19:21:49.112134 26 storage/engine/rocksdb.go:120                                Options.row_cache: None
I200320 19:21:49.112156 26 storage/engine/rocksdb.go:120                               Options.wal_filter: None
I200320 19:21:49.112174 26 storage/engine/rocksdb.go:120              Options.avoid_flush_during_recovery: 0
I200320 19:21:49.112288 26 storage/engine/rocksdb.go:120              Options.allow_ingest_behind: 0
I200320 19:21:49.112308 26 storage/engine/rocksdb.go:120              Options.preserve_deletes: 0
I200320 19:21:49.112327 26 storage/engine/rocksdb.go:120              Options.two_write_queues: 0
I200320 19:21:49.112412 26 storage/engine/rocksdb.go:120              Options.manual_wal_flush: 1
I200320 19:21:49.112443 26 storage/engine/rocksdb.go:120              Options.atomic_flush: 0
I200320 19:21:49.112481 26 storage/engine/rocksdb.go:120              Options.avoid_unnecessary_blocking_io: 0
I200320 19:21:49.112500 26 storage/engine/rocksdb.go:120              Options.max_background_jobs: 4
I200320 19:21:49.112518 26 storage/engine/rocksdb.go:120              Options.max_background_compactions: -1
I200320 19:21:49.112720 26 storage/engine/rocksdb.go:120              Options.avoid_flush_during_shutdown: 0
I200320 19:21:49.112734 26 storage/engine/rocksdb.go:120            Options.writable_file_max_buffer_size: 1048576
I200320 19:21:49.112752 26 storage/engine/rocksdb.go:120              Options.delayed_write_rate : 16777216
I200320 19:21:49.112770 26 storage/engine/rocksdb.go:120              Options.max_total_wal_size: 0
I200320 19:21:49.112817 26 storage/engine/rocksdb.go:120              Options.delete_obsolete_files_period_micros: 21600000000
I200320 19:21:49.112837 26 storage/engine/rocksdb.go:120                    Options.stats_dump_period_sec: 0
I200320 19:21:49.112880 26 storage/engine/rocksdb.go:120                  Options.stats_persist_period_sec: 600
I200320 19:21:49.112903 26 storage/engine/rocksdb.go:120                  Options.stats_history_buffer_size: 1048576
I200320 19:21:49.113048 26 storage/engine/rocksdb.go:120                           Options.max_open_files: 1043576
I200320 19:21:49.113067 26 storage/engine/rocksdb.go:120                           Options.bytes_per_sync: 524288
I200320 19:21:49.113099 26 storage/engine/rocksdb.go:120                       Options.wal_bytes_per_sync: 0
I200320 19:21:49.113200 26 storage/engine/rocksdb.go:120                    Options.strict_bytes_per_sync: 1
I200320 19:21:49.113222 26 storage/engine/rocksdb.go:120        Options.compaction_readahead_size: 0
I200320 19:21:49.113457 26 storage/engine/rocksdb.go:120  Compression algorithms supported:
I200320 19:21:49.113478 26 storage/engine/rocksdb.go:120  	kZSTDNotFinalCompression supported: 0
I200320 19:21:49.113512 26 storage/engine/rocksdb.go:120  	kZSTD supported: 0
I200320 19:21:49.113706 26 storage/engine/rocksdb.go:120  	kXpressCompression supported: 0
I200320 19:21:49.113806 26 storage/engine/rocksdb.go:120  	kLZ4HCCompression supported: 0
I200320 19:21:49.113827 26 storage/engine/rocksdb.go:120  	kLZ4Compression supported: 0
I200320 19:21:49.113850 26 storage/engine/rocksdb.go:120  	kBZip2Compression supported: 0
I200320 19:21:49.113878 26 storage/engine/rocksdb.go:120  	kZlibCompression supported: 0
I200320 19:21:49.113940 26 storage/engine/rocksdb.go:120  	kSnappyCompression supported: 1
I200320 19:21:49.114065 26 storage/engine/rocksdb.go:120  Fast CRC32 supported: Supported on x86
I200320 19:21:49.120119 26 storage/engine/rocksdb.go:120  [db/version_set.cc:4072] Recovering from manifest file: /cockroach/cockroach-data/MANIFEST-000026
I200320 19:21:49.121240 26 storage/engine/rocksdb.go:120  [db/column_family.cc:488] --------------- Options for column family [default]:
I200320 19:21:49.121258 26 storage/engine/rocksdb.go:120                Options.comparator: cockroach_comparator
I200320 19:21:49.121275 26 storage/engine/rocksdb.go:120            Options.merge_operator: cockroach_merge_operator
I200320 19:21:49.121293 26 storage/engine/rocksdb.go:120         Options.compaction_filter: None
I200320 19:21:49.121311 26 storage/engine/rocksdb.go:120         Options.compaction_filter_factory: None
I200320 19:21:49.121330 26 storage/engine/rocksdb.go:120          Options.memtable_factory: SkipListFactory
I200320 19:21:49.121349 26 storage/engine/rocksdb.go:120             Options.table_factory: BlockBasedTable
I200320 19:21:49.121404 26 storage/engine/rocksdb.go:120             table_factory options:   flush_block_policy_factory: FlushBlockBySizePolicyFactory (0x7fdf73024038)
  cache_index_and_filter_blocks: 0
  cache_index_and_filter_blocks_with_high_priority: 0
  pin_l0_filter_and_index_blocks_in_cache: 0
  pin_top_level_index_and_filter: 1
  index_type: 0
  data_block_index_type: 0
  index_shortening: 1
  data_block_hash_table_util_ratio: 0.750000
  hash_index_allow_collision: 1
  checksum: 1
  no_block_cache: 0
  block_cache: 0x7fdf6deb9210
  block_cache_name: LRUCache
  block_cache_options:
    capacity : 67108864
    num_shard_bits : 4
    strict_capacity_limit : 0
    memory_allocator : None
    high_pri_pool_ratio: 0.000
  block_cache_compressed: (nil)
  persistent_cache: (nil)
  block_size: 32768
  block_size_deviation: 10
  block_restart_interval: 16
  index_block_restart_interval: 1
  metadata_block_size: 4096
  partition_filters: 0
  use_delta_encoding: 1
  filter_policy: rocksdb.BuiltinBloomFilter
  whole_key_filtering: 0
  verify_compression: 0
  read_amp_bytes_per_bit: 0
  format_version: 2
  enable_index_compression: 1
  block_align: 0
I200320 19:21:49.121425 26 storage/engine/rocksdb.go:120         Options.write_buffer_size: 67108864
I200320 19:21:49.121445 26 storage/engine/rocksdb.go:120   Options.max_write_buffer_number: 4
I200320 19:21:49.121463 26 storage/engine/rocksdb.go:120           Options.compression: Snappy
I200320 19:21:49.121481 26 storage/engine/rocksdb.go:120                   Options.bottommost_compression: Disabled
I200320 19:21:49.121498 26 storage/engine/rocksdb.go:120        Options.prefix_extractor: cockroach_prefix_extractor
I200320 19:21:49.121516 26 storage/engine/rocksdb.go:120    Options.memtable_insert_with_hint_prefix_extractor: nullptr
I200320 19:21:49.121533 26 storage/engine/rocksdb.go:120              Options.num_levels: 7
I200320 19:21:49.121551 26 storage/engine/rocksdb.go:120         Options.min_write_buffer_number_to_merge: 1
I200320 19:21:49.121568 26 storage/engine/rocksdb.go:120      Options.max_write_buffer_number_to_maintain: 0
I200320 19:21:49.121586 26 storage/engine/rocksdb.go:120             Options.bottommost_compression_opts.window_bits: -14
I200320 19:21:49.121603 26 storage/engine/rocksdb.go:120                   Options.bottommost_compression_opts.level: 32767
I200320 19:21:49.121661 26 storage/engine/rocksdb.go:120                Options.bottommost_compression_opts.strategy: 0
I200320 19:21:49.121684 26 storage/engine/rocksdb.go:120          Options.bottommost_compression_opts.max_dict_bytes: 0
I200320 19:21:49.121702 26 storage/engine/rocksdb.go:120          Options.bottommost_compression_opts.zstd_max_train_bytes: 0
I200320 19:21:49.121719 26 storage/engine/rocksdb.go:120                   Options.bottommost_compression_opts.enabled: false
I200320 19:21:49.121737 26 storage/engine/rocksdb.go:120             Options.compression_opts.window_bits: -14
I200320 19:21:49.121754 26 storage/engine/rocksdb.go:120                   Options.compression_opts.level: 32767
I200320 19:21:49.121777 26 storage/engine/rocksdb.go:120                Options.compression_opts.strategy: 0
I200320 19:21:49.121795 26 storage/engine/rocksdb.go:120          Options.compression_opts.max_dict_bytes: 0
I200320 19:21:49.121813 26 storage/engine/rocksdb.go:120          Options.compression_opts.zstd_max_train_bytes: 0
I200320 19:21:49.121831 26 storage/engine/rocksdb.go:120                   Options.compression_opts.enabled: false
I200320 19:21:49.121848 26 storage/engine/rocksdb.go:120       Options.level0_file_num_compaction_trigger: 2
I200320 19:21:49.121866 26 storage/engine/rocksdb.go:120           Options.level0_slowdown_writes_trigger: 950
I200320 19:21:49.121883 26 storage/engine/rocksdb.go:120               Options.level0_stop_writes_trigger: 1000
I200320 19:21:49.121900 26 storage/engine/rocksdb.go:120                    Options.target_file_size_base: 4194304
I200320 19:21:49.121918 26 storage/engine/rocksdb.go:120              Options.target_file_size_multiplier: 2
I200320 19:21:49.121936 26 storage/engine/rocksdb.go:120                 Options.max_bytes_for_level_base: 67108864
I200320 19:21:49.121954 26 storage/engine/rocksdb.go:120  Options.level_compaction_dynamic_level_bytes: 1
I200320 19:21:49.121972 26 storage/engine/rocksdb.go:120           Options.max_bytes_for_level_multiplier: 10.000000
I200320 19:21:49.121990 26 storage/engine/rocksdb.go:120  Options.max_bytes_for_level_multiplier_addtl[0]: 1
I200320 19:21:49.122007 26 storage/engine/rocksdb.go:120  Options.max_bytes_for_level_multiplier_addtl[1]: 1
I200320 19:21:49.122025 26 storage/engine/rocksdb.go:120  Options.max_bytes_for_level_multiplier_addtl[2]: 1
I200320 19:21:49.122042 26 storage/engine/rocksdb.go:120  Options.max_bytes_for_level_multiplier_addtl[3]: 1
I200320 19:21:49.122060 26 storage/engine/rocksdb.go:120  Options.max_bytes_for_level_multiplier_addtl[4]: 1
I200320 19:21:49.122077 26 storage/engine/rocksdb.go:120  Options.max_bytes_for_level_multiplier_addtl[5]: 1
I200320 19:21:49.122095 26 storage/engine/rocksdb.go:120  Options.max_bytes_for_level_multiplier_addtl[6]: 1
I200320 19:21:49.122112 26 storage/engine/rocksdb.go:120        Options.max_sequential_skip_in_iterations: 8
I200320 19:21:49.122130 26 storage/engine/rocksdb.go:120                     Options.max_compaction_bytes: 104857600
I200320 19:21:49.122147 26 storage/engine/rocksdb.go:120                         Options.arena_block_size: 8388608
I200320 19:21:49.122165 26 storage/engine/rocksdb.go:120    Options.soft_pending_compaction_bytes_limit: 2199023255552
I200320 19:21:49.122182 26 storage/engine/rocksdb.go:120    Options.hard_pending_compaction_bytes_limit: 4400193994752
I200320 19:21:49.122200 26 storage/engine/rocksdb.go:120        Options.rate_limit_delay_max_milliseconds: 100
I200320 19:21:49.122217 26 storage/engine/rocksdb.go:120                 Options.disable_auto_compactions: 0
I200320 19:21:49.122236 26 storage/engine/rocksdb.go:120                         Options.compaction_style: kCompactionStyleLevel
I200320 19:21:49.122254 26 storage/engine/rocksdb.go:120                           Options.compaction_pri: kMinOverlappingRatio
I200320 19:21:49.122272 26 storage/engine/rocksdb.go:120  Options.compaction_options_universal.size_ratio: 1
I200320 19:21:49.122289 26 storage/engine/rocksdb.go:120  Options.compaction_options_universal.min_merge_width: 2
I200320 19:21:49.122307 26 storage/engine/rocksdb.go:120  Options.compaction_options_universal.max_merge_width: 4294967295
I200320 19:21:49.122324 26 storage/engine/rocksdb.go:120  Options.compaction_options_universal.max_size_amplification_percent: 200
I200320 19:21:49.122342 26 storage/engine/rocksdb.go:120  Options.compaction_options_universal.compression_size_percent: -1
I200320 19:21:49.122360 26 storage/engine/rocksdb.go:120  Options.compaction_options_universal.stop_style: kCompactionStopStyleTotalSize
I200320 19:21:49.122377 26 storage/engine/rocksdb.go:120  Options.compaction_options_fifo.max_table_files_size: 1073741824
I200320 19:21:49.122395 26 storage/engine/rocksdb.go:120  Options.compaction_options_fifo.allow_compaction: 0
I200320 19:21:49.122419 26 storage/engine/rocksdb.go:120                    Options.table_properties_collectors: TimeBoundTblPropCollectorFactory; DeleteRangeTblPropCollectorFactory; 
I200320 19:21:49.122437 26 storage/engine/rocksdb.go:120                    Options.inplace_update_support: 0
I200320 19:21:49.122455 26 storage/engine/rocksdb.go:120                  Options.inplace_update_num_locks: 10000
I200320 19:21:49.122473 26 storage/engine/rocksdb.go:120                Options.memtable_prefix_bloom_size_ratio: 0.000000
I200320 19:21:49.122491 26 storage/engine/rocksdb.go:120                Options.memtable_whole_key_filtering: 0
I200320 19:21:49.122511 26 storage/engine/rocksdb.go:120    Options.memtable_huge_page_size: 0
I200320 19:21:49.122529 26 storage/engine/rocksdb.go:120                            Options.bloom_locality: 0
I200320 19:21:49.122546 26 storage/engine/rocksdb.go:120                     Options.max_successive_merges: 0
I200320 19:21:49.122564 26 storage/engine/rocksdb.go:120                 Options.optimize_filters_for_hits: 1
I200320 19:21:49.122581 26 storage/engine/rocksdb.go:120                 Options.paranoid_file_checks: 0
I200320 19:21:49.122599 26 storage/engine/rocksdb.go:120                 Options.force_consistency_checks: 0
I200320 19:21:49.122616 26 storage/engine/rocksdb.go:120                 Options.report_bg_io_stats: 0
I200320 19:21:49.122634 26 storage/engine/rocksdb.go:120                                Options.ttl: 0
I200320 19:21:49.122651 26 storage/engine/rocksdb.go:120           Options.periodic_compaction_seconds: 0
I200320 19:21:49.125075 26 storage/engine/rocksdb.go:120  [db/version_set.cc:4286] Recovered from manifest file:/cockroach/cockroach-data/MANIFEST-000026 succeeded,manifest_file_number is 26, next_file_number is 28, last_sequence is 0, log_number is 25,prev_log_number is 0,max_column_family is 0,min_log_number_to_keep is 0
I200320 19:21:49.125097 26 storage/engine/rocksdb.go:120  [db/version_set.cc:4295] Column family [default] (ID 0), log number is 25
I200320 19:21:49.128239 26 storage/engine/rocksdb.go:120  EVENT_LOG_v1 {"time_micros": 1584732109128210, "job": 1, "event": "recovery_started", "log_files": [27]}
I200320 19:21:49.128264 26 storage/engine/rocksdb.go:120  [db/db_impl_open.cc:598] Recovering log #27 mode 0
I200320 19:21:49.130506 26 storage/engine/rocksdb.go:120  [db/version_set.cc:3560] Creating manifest 29
I200320 19:21:49.134917 26 storage/engine/rocksdb.go:120  EVENT_LOG_v1 {"time_micros": 1584732109134887, "job": 1, "event": "recovery_finished"}
I200320 19:21:49.157988 26 storage/engine/rocksdb.go:120  DB pointer 0x7fdf73194000
